<?xml version="1.0" encoding="utf-16"?><ShowPlanXML xmlns:xsi="http://www.w3.org/2001/XMLSchema-instance" xmlns:xsd="http://www.w3.org/2001/XMLSchema" Version="1.518" Build="13.0.6435.1" xmlns="http://schemas.microsoft.com/sqlserver/2004/07/showplan"><BatchSequence><Batch><Statements><StmtSimple StatementCompId="1" StatementEstRows="1" StatementId="1" StatementOptmLevel="FULL" CardinalityEstimationModelVersion="130" StatementSubTreeCost="2223.38" StatementText="select TOP ? * from &#xD;&#xA;&#x9;(SELECT ? Column1,Object1.Column2,Object1.Column3,Object1.Column4,Object1.Column5,Object1.Column6,Function1(?) as Column7,Object1.Column8,Function1(?) as Column9,Object1.Column10,Function1(?) as Column11,Object1.Column12,Object1.Column13,Function1(?) &#xD;&#xA;&#x9;as Column14,Object1.Column15,Function1(?) as Column16,Object1.Column17,Object1.Column18,Function1(?) as Column19,Object1.Column20,Function1(?) as Column21,Object1.Column22,Function1(?) as Column23,Object1.Column24,Function1(?) &#xD;&#xA;&#x9;as Column25,Object1.Column26,Object1.Column27,Object1.Column28,Object1.Column29,Object1.Column30,Object1.Column31,Object1.Column32,Object1.Column33,&#xD;&#xA;&#x9;Object1.Column34,Object1.Column35,Object1.Column36,Object1.Column37,Object1.Column38,Object1.Column39,Object1.Column40,Object1.Column41,Function1(?) AS Column42,Object1.Column43,Object1.Column44,Object1.Column45,Object1.Column46&#xD;&#xA;&#x9;from Object2 Object1&#xD;&#xA;&#x9;where Object1.Column41=? AND Object1.Column46=? AND Object1.Column46=?) Object3 &#xD;&#xA;ORDER BY  ? ASC&#xD;&#xA;OPTION (MAXDOP ?)" StatementType="SELECT" QueryHash="0xABCF20157C073627" QueryPlanHash="0xF5C15D29CC4A6969" RetrievedFromCache="true" SecurityPolicyApplied="false"><StatementSetOptions ANSI_NULLS="true" ANSI_PADDING="true" ANSI_WARNINGS="true" ARITHABORT="true" CONCAT_NULL_YIELDS_NULL="true" NUMERIC_ROUNDABORT="false" QUOTED_IDENTIFIER="true" /><QueryPlan DegreeOfParallelism="0" MemoryGrant="938432" CachedPlanSize="3560" CompileTime="3889" CompileCPU="2033" CompileMemory="65456"><ThreadStat Branches="12" /><Warnings><PlanAffectingConvert ConvertIssue="Cardinality Estimate" Expression="CONVERT_IMPLICIT(nvarchar(max),XML Reader with XPath filter.[lvalue],0)" /><PlanAffectingConvert ConvertIssue="Cardinality Estimate" Expression="CONVERT_IMPLICIT(nvarchar(max),XML Reader with XPath filter.[value],0)" /><PlanAffectingConvert ConvertIssue="Cardinality Estimate" Expression="CONVERT_IMPLICIT(nvarchar(max),XML Reader with XPath filter.[lvalue],0)" /><PlanAffectingConvert ConvertIssue="Cardinality Estimate" Expression="CONVERT_IMPLICIT(nvarchar(max),XML Reader with XPath filter.[value],0)" /><PlanAffectingConvert ConvertIssue="Cardinality Estimate" Expression="CONVERT_IMPLICIT(nvarchar(max),XML Reader with XPath filter.[lvalue],0)" /><PlanAffectingConvert ConvertIssue="Cardinality Estimate" Expression="CONVERT_IMPLICIT(nvarchar(max),XML Reader with XPath filter.[value],0)" /><PlanAffectingConvert ConvertIssue="Cardinality Estimate" Expression="CONVERT_IMPLICIT(nvarchar(max),XML Reader with XPath filter.[lvalue],0)" /><PlanAffectingConvert ConvertIssue="Cardinality Estimate" Expression="CONVERT_IMPLICIT(nvarchar(max),XML Reader with XPath filter.[value],0)" /><PlanAffectingConvert ConvertIssue="Cardinality Estimate" Expression="CONVERT_IMPLICIT(nvarchar(max),XML Reader with XPath filter.[lvalue],0)" /><PlanAffectingConvert ConvertIssue="Cardinality Estimate" Expression="CONVERT_IMPLICIT(nvarchar(max),XML Reader with XPath filter.[value],0)" /><PlanAffectingConvert ConvertIssue="Cardinality Estimate" Expression="CONVERT_IMPLICIT(nvarchar(max),XML Reader with XPath filter.[lvalue],0)" /><PlanAffectingConvert ConvertIssue="Cardinality Estimate" Expression="CONVERT_IMPLICIT(nvarchar(max),XML Reader with XPath filter.[value],0)" /><PlanAffectingConvert ConvertIssue="Cardinality Estimate" Expression="CONVERT_IMPLICIT(nvarchar(max),XML Reader with XPath filter.[lvalue],0)" /><PlanAffectingConvert ConvertIssue="Cardinality Estimate" Expression="CONVERT_IMPLICIT(nvarchar(max),XML Reader with XPath filter.[value],0)" /></Warnings><MemoryGrantInfo SerialRequiredMemory="15488" SerialDesiredMemory="938432" RequiredMemory="15488" DesiredMemory="938432" RequestedMemory="938432" GrantWaitTime="0" GrantedMemory="938432" MaxUsedMemory="72488" MaxQueryMemory="21817696" /><OptimizerHardwareDependentProperties EstimatedAvailableMemoryGrant="755200" EstimatedPagesCached="755200" EstimatedAvailableDegreeOfParallelism="2" MaxCompileMemory="76385832" /><OptimizerStatsUsage><StatisticsInfo Database="Database1" Schema="Schema1" Table="Object4" Statistics="[_WA_Sys_00000007_52CB0C79]" ModificationCount="69" SamplingPercent="100" LastUpdate="2018-03-18T12:13:28.82" /><StatisticsInfo Database="Database1" Schema="Schema1" Table="Object5" Statistics="[_WA_Sys_00000004_6E09129A]" ModificationCount="116" SamplingPercent="100" LastUpdate="2018-03-18T12:14:04.85" /><StatisticsInfo Database="Database1" Schema="Schema1" Table="Object6" Statistics="[_WA_Sys_00000007_1808D47A]" ModificationCount="306" SamplingPercent="100" LastUpdate="2018-03-18T12:11:17.25" /><StatisticsInfo Database="Database1" Schema="Schema1" Table="Object7" Statistics="[_WA_Sys_00000027_7571634F]" ModificationCount="6503" SamplingPercent="34.8384" LastUpdate="2023-10-11T16:52:21.04" /><StatisticsInfo Database="Database1" Schema="Schema1" Table="Object8" Statistics="[_WA_Sys_00000009_351881F5]" ModificationCount="14259" SamplingPercent="2.46104" LastUpdate="2024-02-27T12:10:21.05" /><StatisticsInfo Database="Database1" Schema="Schema1" Table="Object9" Statistics="[_WA_Sys_0000000A_0D563BDD]" ModificationCount="264" SamplingPercent="100" LastUpdate="2018-03-18T12:11:03.69" /><StatisticsInfo Database="Database1" Schema="Schema1" Table="Object10" Statistics="[_WA_Sys_0000000B_0AD5C932]" ModificationCount="2827" SamplingPercent="8.70114" LastUpdate="2024-03-06T02:01:48.07" /><StatisticsInfo Database="Database1" Schema="Schema1" Table="Object8" Statistics="[aiaprposrelvalue3]" ModificationCount="993" SamplingPercent="2.36613" LastUpdate="2024-03-05T15:39:33" /><StatisticsInfo Database="Database1" Schema="Schema1" Table="Object11" Statistics="[aiafxc1_fiwfroles1]" ModificationCount="51" SamplingPercent="100" LastUpdate="2020-11-27T16:41:09.99" /><StatisticsInfo Database="Database1" Schema="Schema1" Table="Object6" Statistics="[_WA_Sys_0000000E_1808D47A]" ModificationCount="306" SamplingPercent="100" LastUpdate="2018-03-18T12:11:17.23" /><StatisticsInfo Database="Database1" Schema="Schema1" Table="Object8" Statistics="[_WA_Sys_00000003_351881F5]" ModificationCount="29017" SamplingPercent="2.36532" LastUpdate="2024-02-22T15:34:26.85" /><StatisticsInfo Database="Database1" Schema="Schema1" Table="Object12" Statistics="[uobi_agldescription1]" ModificationCount="19042" SamplingPercent="100" LastUpdate="2024-02-23T16:33:22.19" /><StatisticsInfo Database="Database1" Schema="Schema1" Table="Object6" Statistics="[_WA_Sys_0000000A_1808D47A]" ModificationCount="306" SamplingPercent="100" LastUpdate="2018-03-18T12:11:17.25" /><StatisticsInfo Database="Database1" Schema="Schema1" Table="Object13" Statistics="[_WA_Sys_00000001_10BF3751]" ModificationCount="0" SamplingPercent="100" LastUpdate="2022-06-09T15:47:27.35" /><StatisticsInfo Database="Database1" Schema="Schema1" Table="Object14" Statistics="[_WA_Sys_00000007_5B37009F]" ModificationCount="1859" SamplingPercent="52.9181" LastUpdate="2023-10-18T10:05:56.6" /><StatisticsInfo Database="Database1" Schema="Schema1" Table="Object7" Statistics="[_WA_Sys_0000000D_7571634F]" ModificationCount="6144" SamplingPercent="31.9219" LastUpdate="2023-10-17T12:24:39.58" /><StatisticsInfo Database="Database1" Schema="Schema1" Table="Object15" Statistics="[_WA_Sys_00000004_661C732B]" ModificationCount="412" SamplingPercent="99.2748" LastUpdate="2022-07-04T09:50:30.13" /><StatisticsInfo Database="Database1" Schema="Schema1" Table="Object16" Statistics="[_WA_Sys_00000004_284FB89C]" ModificationCount="279" SamplingPercent="100" LastUpdate="2023-10-03T14:44:16.46" /><StatisticsInfo Database="Database1" Schema="Schema1" Table="Object17" Statistics="[aiafxc1_reprols1]" ModificationCount="51" SamplingPercent="100" LastUpdate="2020-11-27T16:41:10.56" /><StatisticsInfo Database="Database1" Schema="Schema1" Table="Object11" Statistics="[_WA_Sys_00000009_08C690EA]" ModificationCount="191" SamplingPercent="100" LastUpdate="2019-03-19T12:43:27.34" /><StatisticsInfo Database="Database1" Schema="Schema1" Table="Object9" Statistics="[_WA_Sys_00000004_0D563BDD]" ModificationCount="140" SamplingPercent="100" LastUpdate="2018-03-18T12:11:03.64" /><StatisticsInfo Database="Database1" Schema="Schema1" Table="Object15" Statistics="[_WA_Sys_00000009_661C732B]" ModificationCount="412" SamplingPercent="98.6222" LastUpdate="2022-07-04T09:50:37.89" /><StatisticsInfo Database="Database1" Schema="Schema1" Table="Object18" Statistics="[aiafxhrcreate1]" ModificationCount="1772" SamplingPercent="100" LastUpdate="2020-11-27T16:41:29.44" /><StatisticsInfo Database="Database1" Schema="Schema1" Table="Object10" Statistics="[aiaglrelvalue2]" ModificationCount="11323" SamplingPercent="100" LastUpdate="2024-02-23T16:29:53.67" /><StatisticsInfo Database="Database1" Schema="Schema1" Table="Object19" Statistics="[_WA_Sys_0000000F_47373230]" ModificationCount="1415" SamplingPercent="100" LastUpdate="2023-09-08T09:53:16.86" /><StatisticsInfo Database="Database1" Schema="Schema1" Table="Object5" Statistics="[aiafxc1_tasadmin1]" ModificationCount="51" SamplingPercent="100" LastUpdate="2020-11-27T16:41:10.74" /><StatisticsInfo Database="Database1" Schema="Schema1" Table="Object20" Statistics="[_WA_Sys_00000009_6D8F833D]" ModificationCount="19388" SamplingPercent="7.82598" LastUpdate="2024-01-19T05:43:54.83" /><StatisticsInfo Database="Database1" Schema="Schema1" Table="Object20" Statistics="[aiagladdress1]" ModificationCount="17244" SamplingPercent="8.32239" LastUpdate="2024-01-24T05:02:07.03" /><StatisticsInfo Database="Database1" Schema="Schema1" Table="Object8" Statistics="[aiaprposrelvalue2]" ModificationCount="818" SamplingPercent="2.36604" LastUpdate="2024-03-05T16:43:17.49" /><StatisticsInfo Database="Database1" Schema="Schema1" Table="Object9" Statistics="[_WA_Sys_00000008_0D563BDD]" ModificationCount="264" SamplingPercent="100" LastUpdate="2018-03-18T12:11:03.69" /><StatisticsInfo Database="Database1" Schema="Schema1" Table="Object10" Statistics="[aiaglrelvalue4]" ModificationCount="2794" SamplingPercent="8.38384" LastUpdate="2024-03-06T02:01:48.69" /><StatisticsInfo Database="Database1" Schema="Schema1" Table="Object21" Statistics="[aiahsresources2]" ModificationCount="1052" SamplingPercent="100" LastUpdate="2024-01-04T11:25:32.08" /><StatisticsInfo Database="Database1" Schema="Schema1" Table="Object4" Statistics="[aiafxu004_reprols1]" ModificationCount="26" SamplingPercent="100" LastUpdate="2020-11-27T16:42:12.45" /><StatisticsInfo Database="Database1" Schema="Schema1" Table="Object11" Statistics="[_WA_Sys_0000000C_08C690EA]" ModificationCount="191" SamplingPercent="100" LastUpdate="2019-03-19T12:43:27.24" /><StatisticsInfo Database="Database1" Schema="Schema1" Table="Object6" Statistics="[_WA_Sys_0000000D_1808D47A]" ModificationCount="306" SamplingPercent="100" LastUpdate="2018-03-18T12:11:17.24" /><StatisticsInfo Database="Database1" Schema="Schema1" Table="Object22" Statistics="[_WA_Sys_00000001_5EA24568]" ModificationCount="19048" SamplingPercent="100" LastUpdate="2024-02-23T16:29:06.68" /><StatisticsInfo Database="Database1" Schema="Schema1" Table="Object20" Statistics="[_WA_Sys_00000003_6D8F833D]" ModificationCount="19388" SamplingPercent="8.41529" LastUpdate="2024-01-19T05:44:03.1" /><StatisticsInfo Database="Database1" Schema="Schema1" Table="Object10" Statistics="[aiaglrelvalue3]" ModificationCount="2794" SamplingPercent="8.38384" LastUpdate="2024-03-06T02:01:48.41" /><StatisticsInfo Database="Database1" Schema="Schema1" Table="Object23" Statistics="[_WA_Sys_00000009_66AFDD89]" ModificationCount="4574" SamplingPercent="100" LastUpdate="2024-01-04T11:25:09.6" /><StatisticsInfo Database="Database1" Schema="Schema1" Table="Object8" Statistics="[aiaprposrelvalue1]" ModificationCount="818" SamplingPercent="2.36604" LastUpdate="2024-03-05T16:43:16.51" /><StatisticsInfo Database="Database1" Schema="Schema1" Table="Object24" Statistics="[_WA_Sys_00000004_39FF5EAF]" ModificationCount="3" SamplingPercent="100" LastUpdate="2015-06-04T18:20:10.59" /><StatisticsInfo Database="Database1" Schema="Schema1" Table="Object11" Statistics="[_WA_Sys_0000000B_08C690EA]" ModificationCount="191" SamplingPercent="100" LastUpdate="2019-03-19T12:43:27.25" /><StatisticsInfo Database="Database1" Schema="Schema1" Table="Object17" Statistics="[_WA_Sys_00000004_5D489AEC]" ModificationCount="65" SamplingPercent="100" LastUpdate="2020-02-24T09:43:22.76" /><StatisticsInfo Database="Database1" Schema="Schema1" Table="Object25" Statistics="[_WA_Sys_00000015_769A91B2]" ModificationCount="6692" SamplingPercent="33.2928" LastUpdate="2023-07-27T10:18:22.66" /><StatisticsInfo Database="Database1" Schema="Schema1" Table="Object26" Statistics="[_WA_Sys_00000004_632AC61D]" ModificationCount="1196" SamplingPercent="100" LastUpdate="2022-05-31T16:44:07.07" /><StatisticsInfo Database="Database1" Schema="Schema1" Table="Object14" Statistics="[_WA_Sys_0000000C_5B37009F]" ModificationCount="1859" SamplingPercent="52.9181" LastUpdate="2023-10-18T10:05:56.81" /><StatisticsInfo Database="Database1" Schema="Schema1" Table="Object23" Statistics="[_WA_Sys_0000000A_66AFDD89]" ModificationCount="8227" SamplingPercent="100" LastUpdate="2024-01-04T11:25:09.24" /><StatisticsInfo Database="Database1" Schema="Schema1" Table="Object19" Statistics="[_WA_Sys_00000005_47373230]" ModificationCount="2243" SamplingPercent="100" LastUpdate="2023-09-08T09:53:17.2" /><StatisticsInfo Database="Database1" Schema="Schema1" Table="Object27" Statistics="[_WA_Sys_0000000B_524F1B17]" ModificationCount="10639" SamplingPercent="25.0633" LastUpdate="2024-02-02T12:52:00.29" /><StatisticsInfo Database="Database1" Schema="Schema1" Table="Object27" Statistics="[aiaaguserdetail1]" ModificationCount="7483" SamplingPercent="24.0342" LastUpdate="2024-01-31T11:35:07.18" /><StatisticsInfo Database="Database1" Schema="Schema1" Table="Object8" Statistics="[_WA_Sys_0000000E_351881F5]" ModificationCount="16129" SamplingPercent="2.45361" LastUpdate="2024-02-26T16:08:28.22" /><StatisticsInfo Database="Database1" Schema="Schema1" Table="Object23" Statistics="[aiaprresourcepost3]" ModificationCount="2669" SamplingPercent="100" LastUpdate="2024-01-24T02:16:09.07" /><StatisticsInfo Database="Database1" Schema="Schema1" Table="Object26" Statistics="[_WA_Sys_00000008_632AC61D]" ModificationCount="1176" SamplingPercent="100" LastUpdate="2022-06-07T11:50:15.06" /><StatisticsInfo Database="Database1" Schema="Schema1" Table="Object25" Statistics="[_WA_Sys_00000023_769A91B2]" ModificationCount="6698" SamplingPercent="38.2592" LastUpdate="2022-12-05T10:38:11.63" /><StatisticsInfo Database="Database1" Schema="Schema1" Table="Object8" Statistics="[_WA_Sys_00000004_351881F5]" ModificationCount="28421" SamplingPercent="2.36433" LastUpdate="2024-02-26T15:07:52.44" /><StatisticsInfo Database="Database1" Schema="Schema1" Table="Object8" Statistics="[_WA_Sys_0000000A_351881F5]" ModificationCount="26673" SamplingPercent="2.47679" LastUpdate="2024-02-22T15:34:30.44" /><StatisticsInfo Database="Database1" Schema="Schema1" Table="Object6" Statistics="[_WA_Sys_00000004_1808D47A]" ModificationCount="140" SamplingPercent="100" LastUpdate="2018-03-18T12:11:17.21" /><StatisticsInfo Database="Database1" Schema="Schema1" Table="Object9" Statistics="[_WA_Sys_00000007_0D563BDD]" ModificationCount="264" SamplingPercent="100" LastUpdate="2018-03-18T12:11:03.7" /><StatisticsInfo Database="Database1" Schema="Schema1" Table="Object7" Statistics="[_WA_Sys_00000025_7571634F]" ModificationCount="7417" SamplingPercent="34.2387" LastUpdate="2023-09-21T11:56:02.28" /><StatisticsInfo Database="Database1" Schema="Schema1" Table="Object22" Statistics="[_WA_Sys_00000004_5EA24568]" ModificationCount="19048" SamplingPercent="100" LastUpdate="2024-02-23T16:29:07.61" /><StatisticsInfo Database="Database1" Schema="Schema1" Table="Object22" Statistics="[uobi_agldimvalue2]" ModificationCount="19048" SamplingPercent="100" LastUpdate="2024-02-23T16:29:45.72" /><StatisticsInfo Database="Database1" Schema="Schema1" Table="Object6" Statistics="[_WA_Sys_00000009_1808D47A]" ModificationCount="306" SamplingPercent="100" LastUpdate="2018-03-18T12:11:17.25" /><StatisticsInfo Database="Database1" Schema="Schema1" Table="Object15" Statistics="[_WA_Sys_00000008_661C732B]" ModificationCount="412" SamplingPercent="72.6425" LastUpdate="2023-08-08T16:38:35.53" /><StatisticsInfo Database="Database1" Schema="Schema1" Table="Object12" Statistics="[_WA_Sys_00000005_2DFF0E0D]" ModificationCount="19042" SamplingPercent="100" LastUpdate="2024-02-23T16:33:19.11" /><StatisticsInfo Database="Database1" Schema="Schema1" Table="Object16" Statistics="[aiafxhrcreatetl1]" ModificationCount="560" SamplingPercent="100" LastUpdate="2023-06-27T11:50:28.22" /><StatisticsInfo Database="Database1" Schema="Schema1" Table="Object21" Statistics="[_WA_Sys_0000003A_16526D05]" ModificationCount="1052" SamplingPercent="100" LastUpdate="2024-01-04T11:25:32.31" /><StatisticsInfo Database="Database1" Schema="Schema1" Table="Object14" Statistics="[_WA_Sys_0000000B_5B37009F]" ModificationCount="1859" SamplingPercent="52.9181" LastUpdate="2023-10-18T10:05:56.71" /><StatisticsInfo Database="Database1" Schema="Schema1" Table="Object22" Statistics="[_WA_Sys_00000003_5EA24568]" ModificationCount="31709" SamplingPercent="100" LastUpdate="2024-02-23T16:29:17.83" /><StatisticsInfo Database="Database1" Schema="Schema1" Table="Object6" Statistics="[aiafxc1_lcwfroles1]" ModificationCount="51" SamplingPercent="100" LastUpdate="2020-11-27T16:41:10.37" /><StatisticsInfo Database="Database1" Schema="Schema1" Table="Object18" Statistics="[_WA_Sys_00000004_3E835153]" ModificationCount="1439" SamplingPercent="100" LastUpdate="2021-03-11T11:14:45.94" /><StatisticsInfo Database="Database1" Schema="Schema1" Table="Object14" Statistics="[_WA_Sys_0000000D_5B37009F]" ModificationCount="1859" SamplingPercent="52.9181" LastUpdate="2023-10-18T10:05:56.76" /><StatisticsInfo Database="Database1" Schema="Schema1" Table="Object23" Statistics="[aiaprresourcepost2]" ModificationCount="4187" SamplingPercent="100" LastUpdate="2024-01-04T11:25:06.57" /><StatisticsInfo Database="Database1" Schema="Schema1" Table="Object11" Statistics="[_WA_Sys_00000008_08C690EA]" ModificationCount="191" SamplingPercent="100" LastUpdate="2019-03-19T12:43:27.35" /><StatisticsInfo Database="Database1" Schema="Schema1" Table="Object18" Statistics="[_WA_Sys_00000007_3E835153]" ModificationCount="1562" SamplingPercent="100" LastUpdate="2021-03-18T09:50:26.15" /><StatisticsInfo Database="Database1" Schema="Schema1" Table="Object7" Statistics="[aiacvwfrelvalue1]" ModificationCount="1824" SamplingPercent="100" LastUpdate="2024-01-23T01:53:15.57" /><StatisticsInfo Database="Database1" Schema="Schema1" Table="Object25" Statistics="[aiacvrelvalue2]" ModificationCount="2433" SamplingPercent="100" LastUpdate="2023-11-11T02:09:27.68" /><StatisticsInfo Database="Database1" Schema="Schema1" Table="Object20" Statistics="[aiagladdress4]" ModificationCount="17242" SamplingPercent="8.32239" LastUpdate="2024-01-24T05:02:07.33" /><StatisticsInfo Database="Database1" Schema="Schema1" Table="Object12" Statistics="[aiagldescription1]" ModificationCount="19042" SamplingPercent="100" LastUpdate="2024-02-23T16:33:13.26" /><StatisticsInfo Database="Database1" Schema="Schema1" Table="Object8" Statistics="[_WA_Sys_0000000B_351881F5]" ModificationCount="29819" SamplingPercent="2.4451" LastUpdate="2024-02-22T15:34:29.97" /><StatisticsInfo Database="Database1" Schema="Schema1" Table="Object18" Statistics="[_WA_Sys_00000001_3E835153]" ModificationCount="1439" SamplingPercent="100" LastUpdate="2021-03-11T11:14:45.97" /><StatisticsInfo Database="Database1" Schema="Schema1" Table="Object21" Statistics="[aiahsresources3]" ModificationCount="1052" SamplingPercent="100" LastUpdate="2024-01-04T11:25:32.16" /><StatisticsInfo Database="Database1" Schema="Schema1" Table="Object12" Statistics="[_WA_Sys_00000001_2DFF0E0D]" ModificationCount="19042" SamplingPercent="100" LastUpdate="2024-02-23T16:33:15.62" /><StatisticsInfo Database="Database1" Schema="Schema1" Table="Object11" Statistics="[_WA_Sys_00000004_08C690EA]" ModificationCount="85" SamplingPercent="100" LastUpdate="2019-03-19T12:43:27.16" /><StatisticsInfo Database="Database1" Schema="Schema1" Table="Object9" Statistics="[_WA_Sys_0000000B_0D563BDD]" ModificationCount="264" SamplingPercent="100" LastUpdate="2018-03-18T12:11:03.68" /><StatisticsInfo Database="Database1" Schema="Schema1" Table="Object13" Statistics="[aiafxhrcreatetlhp1]" ModificationCount="0" SamplingPercent="100" LastUpdate="2022-06-09T15:47:27.34" /><StatisticsInfo Database="Database1" Schema="Schema1" Table="Object7" Statistics="[_WA_Sys_00000017_7571634F]" ModificationCount="6835" SamplingPercent="34.8545" LastUpdate="2023-10-05T07:08:48.24" /><StatisticsInfo Database="Database1" Schema="Schema1" Table="Object20" Statistics="[aiagladdress2]" ModificationCount="17244" SamplingPercent="8.32239" LastUpdate="2024-01-24T05:02:07.16" /><StatisticsInfo Database="Database1" Schema="Schema1" Table="Object12" Statistics="[_WA_Sys_00000003_2DFF0E0D]" ModificationCount="20349" SamplingPercent="100" LastUpdate="2024-02-23T16:33:21.16" /><StatisticsInfo Database="Database1" Schema="Schema1" Table="Object7" Statistics="[aiacvwfrelvalue2]" ModificationCount="3556" SamplingPercent="100" LastUpdate="2023-12-12T02:21:31.42" /><StatisticsInfo Database="Database1" Schema="Schema1" Table="Object20" Statistics="[_WA_Sys_00000005_6D8F833D]" ModificationCount="19388" SamplingPercent="7.82598" LastUpdate="2024-01-19T05:43:54.77" /><StatisticsInfo Database="Database1" Schema="Schema1" Table="Object23" Statistics="[_WA_Sys_0000001C_66AFDD89]" ModificationCount="4187" SamplingPercent="100" LastUpdate="2024-01-04T11:25:08.8" /><StatisticsInfo Database="Database1" Schema="Schema1" Table="Object12" Statistics="[_WA_Sys_00000004_2DFF0E0D]" ModificationCount="19042" SamplingPercent="100" LastUpdate="2024-02-23T16:33:14.28" /><StatisticsInfo Database="Database1" Schema="Schema1" Table="Object27" Statistics="[_WA_Sys_00000007_524F1B17]" ModificationCount="10639" SamplingPercent="25.0633" LastUpdate="2024-02-02T12:52:00.44" /><StatisticsInfo Database="Database1" Schema="Schema1" Table="Object21" Statistics="[aiahsresources1]" ModificationCount="1052" SamplingPercent="100" LastUpdate="2024-01-04T11:25:31.98" /><StatisticsInfo Database="Database1" Schema="Schema1" Table="Object10" Statistics="[aiaglrelvalue1]" ModificationCount="2794" SamplingPercent="8.38384" LastUpdate="2024-03-06T02:01:48.22" /><StatisticsInfo Database="Database1" Schema="Schema1" Table="Object23" Statistics="[_WA_Sys_0000001E_66AFDD89]" ModificationCount="4187" SamplingPercent="100" LastUpdate="2024-01-04T11:25:07.72" /><StatisticsInfo Database="Database1" Schema="Schema1" Table="Object12" Statistics="[uobi_agldescription2]" ModificationCount="19042" SamplingPercent="100" LastUpdate="2024-02-23T16:33:23.51" /><StatisticsInfo Database="Database1" Schema="Schema1" Table="Object23" Statistics="[_WA_Sys_0000001B_66AFDD89]" ModificationCount="4223" SamplingPercent="100" LastUpdate="2024-01-04T11:25:24.05" /><StatisticsInfo Database="Database1" Schema="Schema1" Table="Object27" Statistics="[aiaaguserdetail2]" ModificationCount="7338" SamplingPercent="24.0358" LastUpdate="2024-01-31T16:29:50.43" /><StatisticsInfo Database="Database1" Schema="Schema1" Table="Object10" Statistics="[_WA_Sys_00000003_0AD5C932]" ModificationCount="11313" SamplingPercent="100" LastUpdate="2024-02-23T16:30:00.74" /><StatisticsInfo Database="Database1" Schema="Schema1" Table="Object11" Statistics="[_WA_Sys_0000000A_08C690EA]" ModificationCount="191" SamplingPercent="100" LastUpdate="2019-03-19T12:43:27.33" /><StatisticsInfo Database="Database1" Schema="Schema1" Table="Object28" Statistics="[_WA_Sys_00000007_07BACA49]" ModificationCount="1867" SamplingPercent="43.6159" LastUpdate="2024-02-14T09:19:58.04" /><StatisticsInfo Database="Database1" Schema="Schema1" Table="Object16" Statistics="[_WA_Sys_00000001_284FB89C]" ModificationCount="279" SamplingPercent="100" LastUpdate="2023-10-03T14:44:16.48" /><StatisticsInfo Database="Database1" Schema="Schema1" Table="Object13" Statistics="[_WA_Sys_00000004_10BF3751]" ModificationCount="0" SamplingPercent="100" LastUpdate="2022-06-09T15:47:27.36" /><StatisticsInfo Database="Database1" Schema="Schema1" Table="Object19" Statistics="[aiaprpost1]" ModificationCount="1415" SamplingPercent="100" LastUpdate="2023-09-08T09:53:16.8" /><StatisticsInfo Database="Database1" Schema="Schema1" Table="Object9" Statistics="[aiafxc1_hrwfroles1]" ModificationCount="51" SamplingPercent="100" LastUpdate="2020-11-27T16:41:10.18" /><StatisticsInfo Database="Database1" Schema="Schema1" Table="Object14" Statistics="[_WA_Sys_00000004_5B37009F]" ModificationCount="1861" SamplingPercent="50.3258" LastUpdate="2023-10-18T10:02:08.11" /><StatisticsInfo Database="Database1" Schema="Schema1" Table="Object5" Statistics="[_WA_Sys_0000000C_6E09129A]" ModificationCount="158" SamplingPercent="100" LastUpdate="2018-03-18T12:14:04.87" /><StatisticsInfo Database="Database1" Schema="Schema1" Table="Object11" Statistics="[_WA_Sys_00000007_08C690EA]" ModificationCount="191" SamplingPercent="100" LastUpdate="2019-03-19T12:43:27.36" /><StatisticsInfo Database="Database1" Schema="Schema1" Table="Object10" Statistics="[_WA_Sys_00000007_0AD5C932]" ModificationCount="359" SamplingPercent="8.38384" LastUpdate="2024-03-06T02:01:50.17" /><StatisticsInfo Database="Database1" Schema="Schema1" Table="Object24" Statistics="[_WA_Sys_00000007_39FF5EAF]" ModificationCount="5" SamplingPercent="100" LastUpdate="2015-06-08T09:09:07.82" /><StatisticsInfo Database="Database1" Schema="Schema1" Table="Object4" Statistics="[_WA_Sys_00000004_52CB0C79]" ModificationCount="44" SamplingPercent="100" LastUpdate="2018-03-18T12:13:28.81" /><StatisticsInfo Database="Database1" Schema="Schema1" Table="Object5" Statistics="[_WA_Sys_00000007_6E09129A]" ModificationCount="158" SamplingPercent="100" LastUpdate="2018-03-18T12:14:04.87" /><StatisticsInfo Database="Database1" Schema="Schema1" Table="Object28" Statistics="[_WA_Sys_00000008_07BACA49]" ModificationCount="1867" SamplingPercent="43.6159" LastUpdate="2024-02-14T09:18:56.74" /><StatisticsInfo Database="Database1" Schema="Schema1" Table="Object26" Statistics="[_WA_Sys_00000001_632AC61D]" ModificationCount="1196" SamplingPercent="100" LastUpdate="2022-05-31T16:44:07.08" /><StatisticsInfo Database="Database1" Schema="Schema1" Table="Object20" Statistics="[_WA_Sys_00000011_6D8F833D]" ModificationCount="18663" SamplingPercent="8.41089" LastUpdate="2024-01-21T11:25:26.2" /><StatisticsInfo Database="Database1" Schema="Schema1" Table="Object23" Statistics="[aiaprresourcepost1]" ModificationCount="4187" SamplingPercent="100" LastUpdate="2024-01-04T11:25:06.47" /><StatisticsInfo Database="Database1" Schema="Schema1" Table="Object7" Statistics="[_WA_Sys_0000002E_7571634F]" ModificationCount="4418" SamplingPercent="33.5481" LastUpdate="2024-01-05T13:39:56.45" /><StatisticsInfo Database="Database1" Schema="Schema1" Table="Object22" Statistics="[uobi_agldimvalue1]" ModificationCount="19048" SamplingPercent="100" LastUpdate="2024-02-23T16:29:43.95" /><StatisticsInfo Database="Database1" Schema="Schema1" Table="Object23" Statistics="[_WA_Sys_00000028_66AFDD89]" ModificationCount="4235" SamplingPercent="100" LastUpdate="2024-01-04T11:25:10.12" /><StatisticsInfo Database="Database1" Schema="Schema1" Table="Object21" Statistics="[_WA_Sys_0000001B_16526D05]" ModificationCount="1080" SamplingPercent="100" LastUpdate="2024-01-04T11:25:35.14" /><StatisticsInfo Database="Database1" Schema="Schema1" Table="Object15" Statistics="[_WA_Sys_00000001_661C732B]" ModificationCount="412" SamplingPercent="99.2748" LastUpdate="2022-07-04T09:50:30.15" /><StatisticsInfo Database="Database1" Schema="Schema1" Table="Object6" Statistics="[_WA_Sys_0000000B_1808D47A]" ModificationCount="306" SamplingPercent="100" LastUpdate="2018-03-18T12:11:17.24" /><StatisticsInfo Database="Database1" Schema="Schema1" Table="Object15" Statistics="[aiafxleavedetails1]" ModificationCount="412" SamplingPercent="98.6222" LastUpdate="2022-07-04T09:50:30.07" /><StatisticsInfo Database="Database1" Schema="Schema1" Table="Object27" Statistics="[_WA_Sys_00000003_524F1B17]" ModificationCount="2589" SamplingPercent="24.0451" LastUpdate="2024-03-01T09:19:01.24" /><StatisticsInfo Database="Database1" Schema="Schema1" Table="Object24" Statistics="[aiafxu003_reprols1]" ModificationCount="1" SamplingPercent="100" LastUpdate="2020-11-27T16:42:12.09" /><StatisticsInfo Database="Database1" Schema="Schema1" Table="Object21" Statistics="[_WA_Sys_0000001E_16526D05]" ModificationCount="1136" SamplingPercent="100" LastUpdate="2024-01-04T11:25:37.63" /><StatisticsInfo Database="Database1" Schema="Schema1" Table="Object16" Statistics="[_WA_Sys_00000007_284FB89C]" ModificationCount="162" SamplingPercent="100" LastUpdate="2024-01-24T13:14:08.07" /><StatisticsInfo Database="Database1" Schema="Schema1" Table="Object25" Statistics="[aiacvrelvalue1]" ModificationCount="1997" SamplingPercent="31.8093" LastUpdate="2023-12-01T14:59:54.95" /><StatisticsInfo Database="Database1" Schema="Schema1" Table="Object20" Statistics="[_WA_Sys_0000000A_6D8F833D]" ModificationCount="16541" SamplingPercent="8.29399" LastUpdate="2024-02-01T15:00:59.19" /><StatisticsInfo Database="Database1" Schema="Schema1" Table="Object14" Statistics="[_WA_Sys_00000001_5B37009F]" ModificationCount="1861" SamplingPercent="50.3258" LastUpdate="2023-10-18T10:02:08.15" /><StatisticsInfo Database="Database1" Schema="Schema1" Table="Object22" Statistics="[aiagldimvalue1]" ModificationCount="19048" SamplingPercent="100" LastUpdate="2024-02-23T16:29:05.89" /><StatisticsInfo Database="Database1" Schema="Schema1" Table="Object23" Statistics="[_WA_Sys_00000022_66AFDD89]" ModificationCount="4187" SamplingPercent="100" LastUpdate="2024-01-04T11:25:10.73" /><StatisticsInfo Database="Database1" Schema="Schema1" Table="Object17" Statistics="[_WA_Sys_00000007_5D489AEC]" ModificationCount="128" SamplingPercent="100" LastUpdate="2020-02-24T09:43:22.77" /><StatisticsInfo Database="Database1" Schema="Schema1" Table="Object13" Statistics="[_WA_Sys_00000007_10BF3751]" ModificationCount="0" SamplingPercent="100" LastUpdate="2022-06-21T14:25:59.57" /><StatisticsInfo Database="Database1" Schema="Schema1" Table="Object27" Statistics="[_WA_Sys_00000004_524F1B17]" ModificationCount="2589" SamplingPercent="24.0545" LastUpdate="2024-03-01T09:19:01.34" /><StatisticsInfo Database="Database1" Schema="Schema1" Table="Object6" Statistics="[_WA_Sys_00000008_1808D47A]" ModificationCount="306" SamplingPercent="100" LastUpdate="2018-03-18T12:11:17.25" /><StatisticsInfo Database="Database1" Schema="Schema1" Table="Object9" Statistics="[_WA_Sys_00000009_0D563BDD]" ModificationCount="264" SamplingPercent="100" LastUpdate="2018-03-18T12:11:03.69" /><StatisticsInfo Database="Database1" Schema="Schema1" Table="Object16" Statistics="[_WA_Sys_00000008_284FB89C]" ModificationCount="994" SamplingPercent="100" LastUpdate="2023-01-09T08:24:38.91" /><StatisticsInfo Database="Database1" Schema="Schema1" Table="Object15" Statistics="[_WA_Sys_00000007_661C732B]" ModificationCount="412" SamplingPercent="98.6222" LastUpdate="2022-07-04T09:50:37.81" /><StatisticsInfo Database="Database1" Schema="Schema1" Table="Object10" Statistics="[_WA_Sys_0000000D_0AD5C932]" ModificationCount="361" SamplingPercent="8.94051" LastUpdate="2024-03-06T02:01:50.36" /><StatisticsInfo Database="Database1" Schema="Schema1" Table="Object26" Statistics="[aiafxhrprogdetail1]" ModificationCount="1196" SamplingPercent="100" LastUpdate="2022-05-31T16:44:07.05" /><StatisticsInfo Database="Database1" Schema="Schema1" Table="Object10" Statistics="[_WA_Sys_00000006_0AD5C932]" ModificationCount="359" SamplingPercent="8.38384" LastUpdate="2024-03-06T02:01:50.1" /><StatisticsInfo Database="Database1" Schema="Schema1" Table="Object13" Statistics="[_WA_Sys_00000008_10BF3751]" ModificationCount="0" SamplingPercent="100" LastUpdate="2022-06-21T14:25:59.57" /><StatisticsInfo Database="Database1" Schema="Schema1" Table="Object14" Statistics="[aiafxhrhonass1]" ModificationCount="1861" SamplingPercent="52.9163" LastUpdate="2023-10-18T10:02:08.06" /><StatisticsInfo Database="Database1" Schema="Schema1" Table="Object28" Statistics="[aiafxy643_empgrou1]" ModificationCount="6765" SamplingPercent="48.5697" LastUpdate="2023-09-29T11:49:36.52" /><StatisticsInfo Database="Database1" Schema="Schema1" Table="Object6" Statistics="[_WA_Sys_0000000C_1808D47A]" ModificationCount="306" SamplingPercent="100" LastUpdate="2018-03-18T12:11:17.24" /><StatisticsInfo Database="Database1" Schema="Schema1" Table="Object25" Statistics="[_WA_Sys_00000025_769A91B2]" ModificationCount="6698" SamplingPercent="33.4729" LastUpdate="2023-07-27T09:05:56.64" /><StatisticsInfo Database="Database1" Schema="Schema1" Table="Object28" Statistics="[_WA_Sys_00000004_07BACA49]" ModificationCount="6765" SamplingPercent="51.8672" LastUpdate="2023-09-29T11:49:36.8" /></OptimizerStatsUsage><TraceFlags IsCompileTime="true"><TraceFlag Value="1118" Scope="Global" /><TraceFlag Value="3226" Scope="Global" /><TraceFlag Value="7745" Scope="Global" /><TraceFlag Value="7752" Scope="Global" /></TraceFlags><TraceFlags IsCompileTime="false"><TraceFlag Value="1118" Scope="Global" /><TraceFlag Value="3226" Scope="Global" /><TraceFlag Value="7745" Scope="Global" /><TraceFlag Value="7752" Scope="Global" /></TraceFlags><WaitStats><Wait WaitType="PAGEIOLATCH_SH" WaitTimeMs="4" WaitCount="1" /><Wait WaitType="MEMORY_ALLOCATION_EXT" WaitTimeMs="66" WaitCount="46912" /><Wait WaitType="RESERVED_MEMORY_ALLOCATION_EXT" WaitTimeMs="73" WaitCount="62972" /><Wait WaitType="IO_COMPLETION" WaitTimeMs="115" WaitCount="355" /><Wait WaitType="ASYNC_NETWORK_IO" WaitTimeMs="171" WaitCount="88" /><Wait WaitType="PAGELATCH_SH" WaitTimeMs="491" WaitCount="3213" /><Wait WaitType="SOS_SCHEDULER_YIELD" WaitTimeMs="23388" WaitCount="7891" /></WaitStats><QueryTimeStats CpuTime="32275" ElapsedTime="56520" /><RelOp AvgRowSize="20611" EstimateCPU="1E-07" EstimateIO="0" EstimateRebinds="0" EstimateRewinds="0" EstimatedExecutionMode="Row" EstimateRows="1" LogicalOp="Compute Scalar" NodeId="0" Parallel="false" PhysicalOp="Compute Scalar" EstimatedTotalSubtreeCost="2223.38"><OutputList><ColumnReference Database="Database1" Schema="Schema1" Table="Object28" Alias="Object30" Column="Column47" /><ColumnReference Database="Database1" Schema="Schema1" Table="Object28" Alias="Object30" Column="Column48" /><ColumnReference Database="Database1" Schema="Schema1" Table="Object23" Alias="Object31" Column="Column46" /><ColumnReference Database="Database1" Schema="Schema1" Table="Object23" Alias="Object31" Column="Column12" /><ColumnReference Database="Database1" Schema="Schema1" Table="Object23" Alias="Object31" Column="Column2" /><ColumnReference Database="Database1" Schema="Schema1" Table="Object23" Alias="Object31" Column="Column49" /><ColumnReference Column="Union1053" /><ColumnReference Database="Database1" Schema="Schema1" Table="Object8" Alias="Object32" Column="Column50" /><ColumnReference Database="Database1" Schema="Schema1" Table="Object22" Alias="Object33" Column="Column51" /><ColumnReference Database="Database1" Schema="Schema1" Table="Object22" Alias="Object34" Column="Column51" /><ColumnReference Database="Database1" Schema="Schema1" Table="Object21" Alias="Object35" Column="Column52" /><ColumnReference Database="Database1" Schema="Schema1" Table="Object21" Alias="Object35" Column="Column3" /><ColumnReference Database="Database1" Schema="Schema1" Table="Object21" Alias="Object35" Column="Column5" /><ColumnReference Database="Database1" Schema="Schema1" Table="Object8" Alias="Object36" Column="Column50" /><ColumnReference Database="Database1" Schema="Schema1" Table="Object20" Alias="Object37" Column="Column53" /><ColumnReference Database="Database1" Schema="Schema1" Table="Object8" Alias="Object38" Column="Column50" /><ColumnReference Database="Database1" Schema="Schema1" Table="Object8" Alias="Object39" Column="Column50" /><ColumnReference Database="Database1" Schema="Schema1" Table="Object8" Alias="Object40" Column="Column50" /><ColumnReference Column="Expr1271" /><ColumnReference Column="Expr1272" /><ColumnReference Column="Expr1275" /><ColumnReference Column="Expr1276" /><ColumnReference Column="Expr1277" /><ColumnReference Column="Expr1278" /><ColumnReference Column="Expr1279" /><ColumnReference Column="Expr1280" /><ColumnReference Column="Expr1282" /><ColumnReference Column="Expr1283" /><ColumnReference Column="Expr1284" /><ColumnReference Column="Expr1285" /><ColumnReference Column="Expr1288" /><ColumnReference Database="Database1" Schema="Schema1" Table="Object27" Alias="Object41" Column="Column41" /><ColumnReference Column="Expr1414" /><ColumnReference Column="Expr1423" /><ColumnReference Column="Expr1424" /><ColumnReference Column="Expr1426" /><ColumnReference Column="Expr1427" /><ColumnReference Column="Expr1428" /><ColumnReference Column="Expr1429" /><ColumnReference Column="Expr1430" /><ColumnReference Column="Expr1431" /><ColumnReference Column="Expr1432" /><ColumnReference Column="Expr1433" /><ColumnReference Column="Expr1434" /><ColumnReference Column="Expr1435" /><ColumnReference Column="Expr1436" /></OutputList><ComputeScalar><DefinedValues><DefinedValue><ColumnReference Column="Expr1427" /><ScalarOperator ScalarString="ScalarString1"><Const ConstValue="Value1" /></ScalarOperator></DefinedValue><DefinedValue><ColumnReference Column="Expr1428" /><ScalarOperator ScalarString="ScalarString1"><Const ConstValue="Value1" /></ScalarOperator></DefinedValue><DefinedValue><ColumnReference Column="Expr1429" /><ScalarOperator ScalarString="ScalarString1"><Const ConstValue="Value1" /></ScalarOperator></DefinedValue><DefinedValue><ColumnReference Column="Expr1430" /><ScalarOperator ScalarString="ScalarString1"><Const ConstValue="Value1" /></ScalarOperator></DefinedValue><DefinedValue><ColumnReference Column="Expr1431" /><ScalarOperator ScalarString="ScalarString1"><Const ConstValue="Value1" /></ScalarOperator></DefinedValue><DefinedValue><ColumnReference Column="Expr1432" /><ScalarOperator ScalarString="ScalarString1"><Const ConstValue="Value1" /></ScalarOperator></DefinedValue><DefinedValue><ColumnReference Column="Expr1433" /><ScalarOperator ScalarString="ScalarString1"><Const ConstValue="Value1" /></ScalarOperator></DefinedValue><DefinedValue><ColumnReference Column="Expr1434" /><ScalarOperator ScalarString="ScalarString1"><Const ConstValue="Value1" /></ScalarOperator></DefinedValue><DefinedValue><ColumnReference Column="Expr1435" /><ScalarOperator ScalarString="ScalarString1"><Const ConstValue="Value1" /></ScalarOperator></DefinedValue><DefinedValue><ColumnReference Column="Expr1436" /><ScalarOperator ScalarString="ScalarString1"><Const ConstValue="Value1" /></ScalarOperator></DefinedValue></DefinedValues><RelOp AvgRowSize="19320" EstimateCPU="1E-07" EstimateIO="0" EstimateRebinds="0" EstimateRewinds="0" EstimatedExecutionMode="Row" EstimateRows="1" LogicalOp="Top" NodeId="1" Parallel="false" PhysicalOp="Top" EstimatedTotalSubtreeCost="2223.38"><OutputList><ColumnReference Database="Database1" Schema="Schema1" Table="Object28" Alias="Object30" Column="Column47" /><ColumnReference Database="Database1" Schema="Schema1" Table="Object28" Alias="Object30" Column="Column48" /><ColumnReference Database="Database1" Schema="Schema1" Table="Object23" Alias="Object31" Column="Column46" /><ColumnReference Database="Database1" Schema="Schema1" Table="Object23" Alias="Object31" Column="Column12" /><ColumnReference Database="Database1" Schema="Schema1" Table="Object23" Alias="Object31" Column="Column2" /><ColumnReference Database="Database1" Schema="Schema1" Table="Object23" Alias="Object31" Column="Column49" /><ColumnReference Column="Union1053" /><ColumnReference Database="Database1" Schema="Schema1" Table="Object8" Alias="Object32" Column="Column50" /><ColumnReference Database="Database1" Schema="Schema1" Table="Object22" Alias="Object33" Column="Column51" /><ColumnReference Database="Database1" Schema="Schema1" Table="Object22" Alias="Object34" Column="Column51" /><ColumnReference Database="Database1" Schema="Schema1" Table="Object21" Alias="Object35" Column="Column52" /><ColumnReference Database="Database1" Schema="Schema1" Table="Object21" Alias="Object35" Column="Column3" /><ColumnReference Database="Database1" Schema="Schema1" Table="Object21" Alias="Object35" Column="Column5" /><ColumnReference Database="Database1" Schema="Schema1" Table="Object8" Alias="Object36" Column="Column50" /><ColumnReference Database="Database1" Schema="Schema1" Table="Object20" Alias="Object37" Column="Column53" /><ColumnReference Database="Database1" Schema="Schema1" Table="Object8" Alias="Object38" Column="Column50" /><ColumnReference Database="Database1" Schema="Schema1" Table="Object8" Alias="Object39" Column="Column50" /><ColumnReference Database="Database1" Schema="Schema1" Table="Object8" Alias="Object40" Column="Column50" /><ColumnReference Column="Expr1271" /><ColumnReference Column="Expr1272" /><ColumnReference Column="Expr1275" /><ColumnReference Column="Expr1276" /><ColumnReference Column="Expr1277" /><ColumnReference Column="Expr1278" /><ColumnReference Column="Expr1279" /><ColumnReference Column="Expr1280" /><ColumnReference Column="Expr1282" /><ColumnReference Column="Expr1283" /><ColumnReference Column="Expr1284" /><ColumnReference Column="Expr1285" /><ColumnReference Column="Expr1288" /><ColumnReference Database="Database1" Schema="Schema1" Table="Object27" Alias="Object41" Column="Column41" /><ColumnReference Column="Expr1414" /><ColumnReference Column="Expr1423" /><ColumnReference Column="Expr1424" /><ColumnReference Column="Expr1426" /></OutputList><RunTimeInformation><RunTimeCountersPerThread Thread="0" ActualRows="538" Batches="0" ActualEndOfScans="1" ActualExecutions="1" ActualExecutionMode="Row" ActualElapsedms="56336" ActualCPUms="32262" /></RunTimeInformation><Top RowCount="false" IsPercent="false" WithTies="false"><TopExpression><ScalarOperator ScalarString="ScalarString2"><Const ConstValue="Value2" /></ScalarOperator></TopExpression><RelOp AvgRowSize="19320" EstimateCPU="1E-07" EstimateIO="0" EstimateRebinds="0" EstimateRewinds="0" EstimatedExecutionMode="Row" EstimateRows="1" LogicalOp="Compute Scalar" NodeId="2" Parallel="false" PhysicalOp="Compute Scalar" EstimatedTotalSubtreeCost="2223.38"><OutputList><ColumnReference Database="Database1" Schema="Schema1" Table="Object28" Alias="Object30" Column="Column47" /><ColumnReference Database="Database1" Schema="Schema1" Table="Object28" Alias="Object30" Column="Column48" /><ColumnReference Database="Database1" Schema="Schema1" Table="Object23" Alias="Object31" Column="Column46" /><ColumnReference Database="Database1" Schema="Schema1" Table="Object23" Alias="Object31" Column="Column12" /><ColumnReference Database="Database1" Schema="Schema1" Table="Object23" Alias="Object31" Column="Column2" /><ColumnReference Database="Database1" Schema="Schema1" Table="Object23" Alias="Object31" Column="Column49" /><ColumnReference Column="Union1053" /><ColumnReference Database="Database1" Schema="Schema1" Table="Object8" Alias="Object32" Column="Column50" /><ColumnReference Database="Database1" Schema="Schema1" Table="Object22" Alias="Object33" Column="Column51" /><ColumnReference Database="Database1" Schema="Schema1" Table="Object22" Alias="Object34" Column="Column51" /><ColumnReference Database="Database1" Schema="Schema1" Table="Object21" Alias="Object35" Column="Column52" /><ColumnReference Database="Database1" Schema="Schema1" Table="Object21" Alias="Object35" Column="Column3" /><ColumnReference Database="Database1" Schema="Schema1" Table="Object21" Alias="Object35" Column="Column5" /><ColumnReference Database="Database1" Schema="Schema1" Table="Object8" Alias="Object36" Column="Column50" /><ColumnReference Database="Database1" Schema="Schema1" Table="Object20" Alias="Object37" Column="Column53" /><ColumnReference Database="Database1" Schema="Schema1" Table="Object8" Alias="Object38" Column="Column50" /><ColumnReference Database="Database1" Schema="Schema1" Table="Object8" Alias="Object39" Column="Column50" /><ColumnReference Database="Database1" Schema="Schema1" Table="Object8" Alias="Object40" Column="Column50" /><ColumnReference Column="Expr1271" /><ColumnReference Column="Expr1272" /><ColumnReference Column="Expr1275" /><ColumnReference Column="Expr1276" /><ColumnReference Column="Expr1277" /><ColumnReference Column="Expr1278" /><ColumnReference Column="Expr1279" /><ColumnReference Column="Expr1280" /><ColumnReference Column="Expr1282" /><ColumnReference Column="Expr1283" /><ColumnReference Column="Expr1284" /><ColumnReference Column="Expr1285" /><ColumnReference Column="Expr1288" /><ColumnReference Database="Database1" Schema="Schema1" Table="Object27" Alias="Object41" Column="Column41" /><ColumnReference Column="Expr1414" /><ColumnReference Column="Expr1423" /><ColumnReference Column="Expr1424" /><ColumnReference Column="Expr1426" /></OutputList><ComputeScalar><DefinedValues><DefinedValue><ColumnReference Column="Expr1426" /><ScalarOperator ScalarString="ScalarString3"><Const ConstValue="Value3" /></ScalarOperator></DefinedValue></DefinedValues><RelOp AvgRowSize="19317" EstimateCPU="0.0298504" EstimateIO="0" EstimateRebinds="0" EstimateRewinds="0" EstimatedExecutionMode="Row" EstimateRows="1" LogicalOp="Gather Streams" NodeId="3" Parallel="true" PhysicalOp="Parallelism" EstimatedTotalSubtreeCost="2223.38"><OutputList><ColumnReference Database="Database1" Schema="Schema1" Table="Object28" Alias="Object30" Column="Column47" /><ColumnReference Database="Database1" Schema="Schema1" Table="Object28" Alias="Object30" Column="Column48" /><ColumnReference Database="Database1" Schema="Schema1" Table="Object23" Alias="Object31" Column="Column46" /><ColumnReference Database="Database1" Schema="Schema1" Table="Object23" Alias="Object31" Column="Column12" /><ColumnReference Database="Database1" Schema="Schema1" Table="Object23" Alias="Object31" Column="Column2" /><ColumnReference Database="Database1" Schema="Schema1" Table="Object23" Alias="Object31" Column="Column49" /><ColumnReference Column="Union1053" /><ColumnReference Database="Database1" Schema="Schema1" Table="Object8" Alias="Object32" Column="Column50" /><ColumnReference Database="Database1" Schema="Schema1" Table="Object22" Alias="Object33" Column="Column51" /><ColumnReference Database="Database1" Schema="Schema1" Table="Object22" Alias="Object34" Column="Column51" /><ColumnReference Database="Database1" Schema="Schema1" Table="Object21" Alias="Object35" Column="Column52" /><ColumnReference Database="Database1" Schema="Schema1" Table="Object21" Alias="Object35" Column="Column3" /><ColumnReference Database="Database1" Schema="Schema1" Table="Object21" Alias="Object35" Column="Column5" /><ColumnReference Database="Database1" Schema="Schema1" Table="Object8" Alias="Object36" Column="Column50" /><ColumnReference Database="Database1" Schema="Schema1" Table="Object20" Alias="Object37" Column="Column53" /><ColumnReference Database="Database1" Schema="Schema1" Table="Object8" Alias="Object38" Column="Column50" /><ColumnReference Database="Database1" Schema="Schema1" Table="Object8" Alias="Object39" Column="Column50" /><ColumnReference Database="Database1" Schema="Schema1" Table="Object8" Alias="Object40" Column="Column50" /><ColumnReference Column="Expr1271" /><ColumnReference Column="Expr1272" /><ColumnReference Column="Expr1275" /><ColumnReference Column="Expr1276" /><ColumnReference Column="Expr1277" /><ColumnReference Column="Expr1278" /><ColumnReference Column="Expr1279" /><ColumnReference Column="Expr1280" /><ColumnReference Column="Expr1282" /><ColumnReference Column="Expr1283" /><ColumnReference Column="Expr1284" /><ColumnReference Column="Expr1285" /><ColumnReference Column="Expr1288" /><ColumnReference Database="Database1" Schema="Schema1" Table="Object27" Alias="Object41" Column="Column41" /><ColumnReference Column="Expr1414" /><ColumnReference Column="Expr1423" /><ColumnReference Column="Expr1424" /></OutputList><Parallelism><RelOp AvgRowSize="19317" EstimateCPU="0.00347766" EstimateIO="0.0001565" EstimateRebinds="0" EstimateRewinds="0" EstimatedExecutionMode="Row" EstimateRows="1" LogicalOp="Inner Join" NodeId="4" Parallel="true" PhysicalOp="Merge Join" EstimatedTotalSubtreeCost="2223.35"><OutputList><ColumnReference Database="Database1" Schema="Schema1" Table="Object28" Alias="Object30" Column="Column47" /><ColumnReference Database="Database1" Schema="Schema1" Table="Object28" Alias="Object30" Column="Column48" /><ColumnReference Database="Database1" Schema="Schema1" Table="Object23" Alias="Object31" Column="Column46" /><ColumnReference Database="Database1" Schema="Schema1" Table="Object23" Alias="Object31" Column="Column12" /><ColumnReference Database="Database1" Schema="Schema1" Table="Object23" Alias="Object31" Column="Column2" /><ColumnReference Database="Database1" Schema="Schema1" Table="Object23" Alias="Object31" Column="Column49" /><ColumnReference Column="Union1053" /><ColumnReference Database="Database1" Schema="Schema1" Table="Object8" Alias="Object32" Column="Column50" /><ColumnReference Database="Database1" Schema="Schema1" Table="Object22" Alias="Object33" Column="Column51" /><ColumnReference Database="Database1" Schema="Schema1" Table="Object22" Alias="Object34" Column="Column51" /><ColumnReference Database="Database1" Schema="Schema1" Table="Object21" Alias="Object35" Column="Column52" /><ColumnReference Database="Database1" Schema="Schema1" Table="Object21" Alias="Object35" Column="Column3" /><ColumnReference Database="Database1" Schema="Schema1" Table="Object21" Alias="Object35" Column="Column5" /><ColumnReference Database="Database1" Schema="Schema1" Table="Object8" Alias="Object36" Column="Column50" /><ColumnReference Database="Database1" Schema="Schema1" Table="Object20" Alias="Object37" Column="Column53" /><ColumnReference Database="Database1" Schema="Schema1" Table="Object8" Alias="Object38" Column="Column50" /><ColumnReference Database="Database1" Schema="Schema1" Table="Object8" Alias="Object39" Column="Column50" /><ColumnReference Database="Database1" Schema="Schema1" Table="Object8" Alias="Object40" Column="Column50" /><ColumnReference Column="Expr1271" /><ColumnReference Column="Expr1272" /><ColumnReference Column="Expr1275" /><ColumnReference Column="Expr1276" /><ColumnReference Column="Expr1277" /><ColumnReference Column="Expr1278" /><ColumnReference Column="Expr1279" /><ColumnReference Column="Expr1280" /><ColumnReference Column="Expr1282" /><ColumnReference Column="Expr1283" /><ColumnReference Column="Expr1284" /><ColumnReference Column="Expr1285" /><ColumnReference Column="Expr1288" /><ColumnReference Database="Database1" Schema="Schema1" Table="Object27" Alias="Object41" Column="Column41" /><ColumnReference Column="Expr1414" /><ColumnReference Column="Expr1423" /><ColumnReference Column="Expr1424" /></OutputList><RunTimeInformation><RunTimeCountersPerThread Thread="0" ActualRows="538" Batches="0" ActualEndOfScans="1" ActualExecutions="1" ActualExecutionMode="Row" ActualElapsedms="56336" ActualCPUms="32262" ActualScans="0" ActualLogicalReads="0" ActualPhysicalReads="0" ActualReadAheads="0" ActualLobLogicalReads="0" ActualLobPhysicalReads="0" ActualLobReadAheads="0" /></RunTimeInformation><Merge ManyToMany="true"><InnerSideJoinColumns><ColumnReference Column="Union1396" /></InnerSideJoinColumns><OuterSideJoinColumns><ColumnReference Database="Database1" Schema="Schema1" Table="Object8" Alias="Object32" Column="Column50" /></OuterSideJoinColumns><Residual><ScalarOperator ScalarString="ScalarString4"><Compare CompareOp="EQ"><ScalarOperator><Identifier><ColumnReference Database="Database1" Schema="Schema1" Table="Object8" Alias="Object32" Column="Column50" /></Identifier></ScalarOperator><ScalarOperator><Identifier><ColumnReference Column="Union1396" /></Identifier></ScalarOperator></Compare></ScalarOperator></Residual><RelOp AvgRowSize="19289" EstimateCPU="0.164681" EstimateIO="0" EstimateRebinds="0" EstimateRewinds="0" EstimatedExecutionMode="Row" EstimateRows="200.531" LogicalOp="Repartition Streams" NodeId="5" Parallel="true" PhysicalOp="Parallelism" EstimatedTotalSubtreeCost="2220.91"><OutputList><ColumnReference Database="Database1" Schema="Schema1" Table="Object28" Alias="Object30" Column="Column47" /><ColumnReference Database="Database1" Schema="Schema1" Table="Object28" Alias="Object30" Column="Column48" /><ColumnReference Database="Database1" Schema="Schema1" Table="Object23" Alias="Object31" Column="Column46" /><ColumnReference Database="Database1" Schema="Schema1" Table="Object23" Alias="Object31" Column="Column12" /><ColumnReference Database="Database1" Schema="Schema1" Table="Object23" Alias="Object31" Column="Column2" /><ColumnReference Database="Database1" Schema="Schema1" Table="Object23" Alias="Object31" Column="Column49" /><ColumnReference Column="Union1053" /><ColumnReference Database="Database1" Schema="Schema1" Table="Object8" Alias="Object32" Column="Column50" /><ColumnReference Database="Database1" Schema="Schema1" Table="Object22" Alias="Object33" Column="Column51" /><ColumnReference Database="Database1" Schema="Schema1" Table="Object22" Alias="Object34" Column="Column51" /><ColumnReference Database="Database1" Schema="Schema1" Table="Object21" Alias="Object35" Column="Column52" /><ColumnReference Database="Database1" Schema="Schema1" Table="Object21" Alias="Object35" Column="Column3" /><ColumnReference Database="Database1" Schema="Schema1" Table="Object21" Alias="Object35" Column="Column5" /><ColumnReference Database="Database1" Schema="Schema1" Table="Object8" Alias="Object36" Column="Column50" /><ColumnReference Database="Database1" Schema="Schema1" Table="Object20" Alias="Object37" Column="Column53" /><ColumnReference Database="Database1" Schema="Schema1" Table="Object8" Alias="Object38" Column="Column50" /><ColumnReference Database="Database1" Schema="Schema1" Table="Object8" Alias="Object39" Column="Column50" /><ColumnReference Database="Database1" Schema="Schema1" Table="Object8" Alias="Object40" Column="Column50" /><ColumnReference Column="Expr1271" /><ColumnReference Column="Expr1272" /><ColumnReference Column="Expr1275" /><ColumnReference Column="Expr1276" /><ColumnReference Column="Expr1277" /><ColumnReference Column="Expr1278" /><ColumnReference Column="Expr1279" /><ColumnReference Column="Expr1280" /><ColumnReference Column="Expr1282" /><ColumnReference Column="Expr1283" /><ColumnReference Column="Expr1284" /><ColumnReference Column="Expr1285" /><ColumnReference Column="Expr1288" /></OutputList><Parallelism PartitioningType="Hash"><PartitionColumns><ColumnReference Database="Database1" Schema="Schema1" Table="Object8" Alias="Object32" Column="Column50" /></PartitionColumns><OrderBy><OrderByColumn Ascending="true"><ColumnReference Database="Database1" Schema="Schema1" Table="Object8" Alias="Object32" Column="Column50" /></OrderByColumn></OrderBy><RelOp AvgRowSize="19289" EstimateCPU="0.000150398" EstimateIO="0" EstimateRebinds="0" EstimateRewinds="0" EstimatedExecutionMode="Row" EstimateRows="200.531" LogicalOp="Aggregate" NodeId="6" Parallel="true" PhysicalOp="Stream Aggregate" EstimatedTotalSubtreeCost="2220.75"><OutputList><ColumnReference Database="Database1" Schema="Schema1" Table="Object28" Alias="Object30" Column="Column47" /><ColumnReference Database="Database1" Schema="Schema1" Table="Object28" Alias="Object30" Column="Column48" /><ColumnReference Database="Database1" Schema="Schema1" Table="Object23" Alias="Object31" Column="Column46" /><ColumnReference Database="Database1" Schema="Schema1" Table="Object23" Alias="Object31" Column="Column12" /><ColumnReference Database="Database1" Schema="Schema1" Table="Object23" Alias="Object31" Column="Column2" /><ColumnReference Database="Database1" Schema="Schema1" Table="Object23" Alias="Object31" Column="Column49" /><ColumnReference Column="Union1053" /><ColumnReference Database="Database1" Schema="Schema1" Table="Object8" Alias="Object32" Column="Column50" /><ColumnReference Database="Database1" Schema="Schema1" Table="Object22" Alias="Object33" Column="Column51" /><ColumnReference Database="Database1" Schema="Schema1" Table="Object22" Alias="Object34" Column="Column51" /><ColumnReference Database="Database1" Schema="Schema1" Table="Object21" Alias="Object35" Column="Column52" /><ColumnReference Database="Database1" Schema="Schema1" Table="Object21" Alias="Object35" Column="Column3" /><ColumnReference Database="Database1" Schema="Schema1" Table="Object21" Alias="Object35" Column="Column5" /><ColumnReference Database="Database1" Schema="Schema1" Table="Object8" Alias="Object36" Column="Column50" /><ColumnReference Database="Database1" Schema="Schema1" Table="Object20" Alias="Object37" Column="Column53" /><ColumnReference Database="Database1" Schema="Schema1" Table="Object8" Alias="Object38" Column="Column50" /><ColumnReference Database="Database1" Schema="Schema1" Table="Object8" Alias="Object39" Column="Column50" /><ColumnReference Database="Database1" Schema="Schema1" Table="Object8" Alias="Object40" Column="Column50" /><ColumnReference Column="Expr1271" /><ColumnReference Column="Expr1272" /><ColumnReference Column="Expr1275" /><ColumnReference Column="Expr1276" /><ColumnReference Column="Expr1277" /><ColumnReference Column="Expr1278" /><ColumnReference Column="Expr1279" /><ColumnReference Column="Expr1280" /><ColumnReference Column="Expr1282" /><ColumnReference Column="Expr1283" /><ColumnReference Column="Expr1284" /><ColumnReference Column="Expr1285" /><ColumnReference Column="Expr1288" /></OutputList><RunTimeInformation><RunTimeCountersPerThread Thread="0" ActualRows="6046" Batches="0" ActualEndOfScans="0" ActualExecutions="1" ActualExecutionMode="Row" ActualElapsedms="56255" ActualCPUms="32192" /></RunTimeInformation><StreamAggregate><DefinedValues><DefinedValue><ColumnReference Database="Database1" Schema="Schema1" Table="Object23" Alias="Object31" Column="Column46" /><ScalarOperator ScalarString="ScalarString5"><Aggregate AggType="ANY" Distinct="false"><ScalarOperator><Identifier><ColumnReference Database="Database1" Schema="Schema1" Table="Object23" Alias="Object31" Column="Column46" /></Identifier></ScalarOperator></Aggregate></ScalarOperator></DefinedValue><DefinedValue><ColumnReference Database="Database1" Schema="Schema1" Table="Object21" Alias="Object35" Column="Column5" /><ScalarOperator ScalarString="ScalarString6"><Aggregate AggType="ANY" Distinct="false"><ScalarOperator><Identifier><ColumnReference Database="Database1" Schema="Schema1" Table="Object21" Alias="Object35" Column="Column5" /></Identifier></ScalarOperator></Aggregate></ScalarOperator></DefinedValue><DefinedValue><ColumnReference Database="Database1" Schema="Schema1" Table="Object21" Alias="Object35" Column="Column3" /><ScalarOperator ScalarString="ScalarString7"><Aggregate AggType="ANY" Distinct="false"><ScalarOperator><Identifier><ColumnReference Database="Database1" Schema="Schema1" Table="Object21" Alias="Object35" Column="Column3" /></Identifier></ScalarOperator></Aggregate></ScalarOperator></DefinedValue><DefinedValue><ColumnReference Database="Database1" Schema="Schema1" Table="Object21" Alias="Object35" Column="Column52" /><ScalarOperator ScalarString="ScalarString8"><Aggregate AggType="ANY" Distinct="false"><ScalarOperator><Identifier><ColumnReference Database="Database1" Schema="Schema1" Table="Object21" Alias="Object35" Column="Column52" /></Identifier></ScalarOperator></Aggregate></ScalarOperator></DefinedValue></DefinedValues><GroupBy><ColumnReference Database="Database1" Schema="Schema1" Table="Object8" Alias="Object32" Column="Column50" /><ColumnReference Database="Database1" Schema="Schema1" Table="Object23" Alias="Object31" Column="Column12" /><ColumnReference Database="Database1" Schema="Schema1" Table="Object8" Alias="Object36" Column="Column50" /><ColumnReference Database="Database1" Schema="Schema1" Table="Object23" Alias="Object31" Column="Column2" /><ColumnReference Column="Expr1271" /><ColumnReference Database="Database1" Schema="Schema1" Table="Object20" Alias="Object37" Column="Column53" /><ColumnReference Column="Union1053" /><ColumnReference Column="Expr1272" /><ColumnReference Database="Database1" Schema="Schema1" Table="Object23" Alias="Object31" Column="Column54" /><ColumnReference Database="Database1" Schema="Schema1" Table="Object8" Alias="Object38" Column="Column50" /><ColumnReference Database="Database1" Schema="Schema1" Table="Object8" Alias="Object39" Column="Column50" /><ColumnReference Database="Database1" Schema="Schema1" Table="Object8" Alias="Object40" Column="Column50" /><ColumnReference Database="Database1" Schema="Schema1" Table="Object23" Alias="Object31" Column="Column49" /><ColumnReference Database="Database1" Schema="Schema1" Table="Object22" Alias="Object42" Column="Column55" /><ColumnReference Column="Expr1273" /><ColumnReference Column="Expr1274" /><ColumnReference Column="Expr1275" /><ColumnReference Column="Expr1276" /><ColumnReference Column="Expr1277" /><ColumnReference Column="Expr1278" /><ColumnReference Column="Expr1279" /><ColumnReference Column="Expr1280" /><ColumnReference Column="Expr1281" /><ColumnReference Column="Expr1282" /><ColumnReference Column="Expr1283" /><ColumnReference Column="Expr1284" /><ColumnReference Column="Expr1285" /><ColumnReference Database="Database1" Schema="Schema1" Table="Object28" Alias="Object30" Column="Column47" /><ColumnReference Database="Database1" Schema="Schema1" Table="Object28" Alias="Object30" Column="Column48" /><ColumnReference Database="Database1" Schema="Schema1" Table="Object22" Alias="Object43" Column="Column55" /><ColumnReference Database="Database1" Schema="Schema1" Table="Object10" Alias="Object44" Column="Column50" /><ColumnReference Database="Database1" Schema="Schema1" Table="Object22" Alias="Object33" Column="Column51" /><ColumnReference Database="Database1" Schema="Schema1" Table="Object22" Alias="Object33" Column="Column55" /><ColumnReference Database="Database1" Schema="Schema1" Table="Object10" Alias="Object45" Column="Column50" /><ColumnReference Database="Database1" Schema="Schema1" Table="Object22" Alias="Object34" Column="Column51" /><ColumnReference Database="Database1" Schema="Schema1" Table="Object22" Alias="Object34" Column="Column55" /><ColumnReference Database="Database1" Schema="Schema1" Table="Object10" Alias="Object46" Column="Column50" /><ColumnReference Database="Database1" Schema="Schema1" Table="Object10" Alias="Object47" Column="Column50" /><ColumnReference Column="Expr1286" /><ColumnReference Column="Expr1287" /><ColumnReference Column="Expr1288" /></GroupBy><RelOp AvgRowSize="32549" EstimateCPU="0.807085" EstimateIO="0" EstimateRebinds="0" EstimateRewinds="0" EstimatedExecutionMode="Row" EstimateRows="401.062" LogicalOp="Repartition Streams" NodeId="7" Parallel="true" PhysicalOp="Parallelism" EstimatedTotalSubtreeCost="2220.75"><OutputList><ColumnReference Database="Database1" Schema="Schema1" Table="Object28" Alias="Object30" Column="Column47" /><ColumnReference Database="Database1" Schema="Schema1" Table="Object28" Alias="Object30" Column="Column48" /><ColumnReference Database="Database1" Schema="Schema1" Table="Object23" Alias="Object31" Column="Column46" /><ColumnReference Database="Database1" Schema="Schema1" Table="Object23" Alias="Object31" Column="Column54" /><ColumnReference Database="Database1" Schema="Schema1" Table="Object23" Alias="Object31" Column="Column12" /><ColumnReference Database="Database1" Schema="Schema1" Table="Object23" Alias="Object31" Column="Column2" /><ColumnReference Database="Database1" Schema="Schema1" Table="Object23" Alias="Object31" Column="Column49" /><ColumnReference Column="Union1053" /><ColumnReference Database="Database1" Schema="Schema1" Table="Object22" Alias="Object42" Column="Column55" /><ColumnReference Database="Database1" Schema="Schema1" Table="Object8" Alias="Object32" Column="Column50" /><ColumnReference Database="Database1" Schema="Schema1" Table="Object22" Alias="Object43" Column="Column55" /><ColumnReference Database="Database1" Schema="Schema1" Table="Object22" Alias="Object33" Column="Column55" /><ColumnReference Database="Database1" Schema="Schema1" Table="Object22" Alias="Object33" Column="Column51" /><ColumnReference Database="Database1" Schema="Schema1" Table="Object22" Alias="Object34" Column="Column55" /><ColumnReference Database="Database1" Schema="Schema1" Table="Object22" Alias="Object34" Column="Column51" /><ColumnReference Database="Database1" Schema="Schema1" Table="Object10" Alias="Object47" Column="Column50" /><ColumnReference Database="Database1" Schema="Schema1" Table="Object10" Alias="Object46" Column="Column50" /><ColumnReference Database="Database1" Schema="Schema1" Table="Object10" Alias="Object45" Column="Column50" /><ColumnReference Database="Database1" Schema="Schema1" Table="Object10" Alias="Object44" Column="Column50" /><ColumnReference Database="Database1" Schema="Schema1" Table="Object21" Alias="Object35" Column="Column52" /><ColumnReference Database="Database1" Schema="Schema1" Table="Object21" Alias="Object35" Column="Column3" /><ColumnReference Database="Database1" Schema="Schema1" Table="Object21" Alias="Object35" Column="Column5" /><ColumnReference Database="Database1" Schema="Schema1" Table="Object8" Alias="Object36" Column="Column50" /><ColumnReference Database="Database1" Schema="Schema1" Table="Object20" Alias="Object37" Column="Column53" /><ColumnReference Database="Database1" Schema="Schema1" Table="Object8" Alias="Object38" Column="Column50" /><ColumnReference Database="Database1" Schema="Schema1" Table="Object8" Alias="Object39" Column="Column50" /><ColumnReference Database="Database1" Schema="Schema1" Table="Object8" Alias="Object40" Column="Column50" /><ColumnReference Column="Expr1271" /><ColumnReference Column="Expr1272" /><ColumnReference Column="Expr1273" /><ColumnReference Column="Expr1274" /><ColumnReference Column="Expr1275" /><ColumnReference Column="Expr1276" /><ColumnReference Column="Expr1277" /><ColumnReference Column="Expr1278" /><ColumnReference Column="Expr1279" /><ColumnReference Column="Expr1280" /><ColumnReference Column="Expr1281" /><ColumnReference Column="Expr1282" /><ColumnReference Column="Expr1283" /><ColumnReference Column="Expr1284" /><ColumnReference Column="Expr1285" /><ColumnReference Column="Expr1286" /><ColumnReference Column="Expr1287" /><ColumnReference Column="Expr1288" /></OutputList><Parallelism PartitioningType="Hash"><PartitionColumns><ColumnReference Database="Database1" Schema="Schema1" Table="Object8" Alias="Object32" Column="Column50" /><ColumnReference Database="Database1" Schema="Schema1" Table="Object23" Alias="Object31" Column="Column12" /><ColumnReference Database="Database1" Schema="Schema1" Table="Object8" Alias="Object36" Column="Column50" /><ColumnReference Database="Database1" Schema="Schema1" Table="Object23" Alias="Object31" Column="Column2" /><ColumnReference Column="Expr1271" /><ColumnReference Database="Database1" Schema="Schema1" Table="Object20" Alias="Object37" Column="Column53" /><ColumnReference Column="Union1053" /><ColumnReference Column="Expr1272" /><ColumnReference Database="Database1" Schema="Schema1" Table="Object23" Alias="Object31" Column="Column54" /><ColumnReference Database="Database1" Schema="Schema1" Table="Object8" Alias="Object38" Column="Column50" /><ColumnReference Database="Database1" Schema="Schema1" Table="Object8" Alias="Object39" Column="Column50" /><ColumnReference Database="Database1" Schema="Schema1" Table="Object8" Alias="Object40" Column="Column50" /><ColumnReference Database="Database1" Schema="Schema1" Table="Object23" Alias="Object31" Column="Column49" /><ColumnReference Database="Database1" Schema="Schema1" Table="Object22" Alias="Object42" Column="Column55" /><ColumnReference Column="Expr1273" /><ColumnReference Column="Expr1274" /><ColumnReference Column="Expr1275" /><ColumnReference Column="Expr1276" /><ColumnReference Column="Expr1277" /><ColumnReference Column="Expr1278" /><ColumnReference Column="Expr1279" /><ColumnReference Column="Expr1280" /><ColumnReference Column="Expr1281" /><ColumnReference Column="Expr1282" /><ColumnReference Column="Expr1283" /><ColumnReference Column="Expr1284" /><ColumnReference Column="Expr1285" /><ColumnReference Database="Database1" Schema="Schema1" Table="Object28" Alias="Object30" Column="Column47" /><ColumnReference Database="Database1" Schema="Schema1" Table="Object28" Alias="Object30" Column="Column48" /><ColumnReference Database="Database1" Schema="Schema1" Table="Object22" Alias="Object43" Column="Column55" /><ColumnReference Database="Database1" Schema="Schema1" Table="Object10" Alias="Object44" Column="Column50" /><ColumnReference Database="Database1" Schema="Schema1" Table="Object22" Alias="Object33" Column="Column51" /><ColumnReference Database="Database1" Schema="Schema1" Table="Object22" Alias="Object33" Column="Column55" /><ColumnReference Database="Database1" Schema="Schema1" Table="Object10" Alias="Object45" Column="Column50" /><ColumnReference Database="Database1" Schema="Schema1" Table="Object22" Alias="Object34" Column="Column51" /><ColumnReference Database="Database1" Schema="Schema1" Table="Object22" Alias="Object34" Column="Column55" /><ColumnReference Database="Database1" Schema="Schema1" Table="Object10" Alias="Object46" Column="Column50" /><ColumnReference Database="Database1" Schema="Schema1" Table="Object10" Alias="Object47" Column="Column50" /><ColumnReference Column="Expr1286" /><ColumnReference Column="Expr1287" /><ColumnReference Column="Expr1288" /></PartitionColumns><OrderBy><OrderByColumn Ascending="true"><ColumnReference Database="Database1" Schema="Schema1" Table="Object8" Alias="Object32" Column="Column50" /></OrderByColumn><OrderByColumn Ascending="true"><ColumnReference Database="Database1" Schema="Schema1" Table="Object23" Alias="Object31" Column="Column12" /></OrderByColumn><OrderByColumn Ascending="true"><ColumnReference Database="Database1" Schema="Schema1" Table="Object8" Alias="Object36" Column="Column50" /></OrderByColumn><OrderByColumn Ascending="true"><ColumnReference Database="Database1" Schema="Schema1" Table="Object23" Alias="Object31" Column="Column2" /></OrderByColumn><OrderByColumn Ascending="true"><ColumnReference Column="Expr1271" /></OrderByColumn><OrderByColumn Ascending="true"><ColumnReference Database="Database1" Schema="Schema1" Table="Object20" Alias="Object37" Column="Column53" /></OrderByColumn><OrderByColumn Ascending="true"><ColumnReference Column="Union1053" /></OrderByColumn><OrderByColumn Ascending="true"><ColumnReference Column="Expr1272" /></OrderByColumn><OrderByColumn Ascending="true"><ColumnReference Database="Database1" Schema="Schema1" Table="Object23" Alias="Object31" Column="Column54" /></OrderByColumn><OrderByColumn Ascending="true"><ColumnReference Database="Database1" Schema="Schema1" Table="Object8" Alias="Object38" Column="Column50" /></OrderByColumn><OrderByColumn Ascending="true"><ColumnReference Database="Database1" Schema="Schema1" Table="Object8" Alias="Object39" Column="Column50" /></OrderByColumn><OrderByColumn Ascending="true"><ColumnReference Database="Database1" Schema="Schema1" Table="Object8" Alias="Object40" Column="Column50" /></OrderByColumn><OrderByColumn Ascending="true"><ColumnReference Database="Database1" Schema="Schema1" Table="Object23" Alias="Object31" Column="Column49" /></OrderByColumn><OrderByColumn Ascending="true"><ColumnReference Database="Database1" Schema="Schema1" Table="Object22" Alias="Object42" Column="Column55" /></OrderByColumn><OrderByColumn Ascending="true"><ColumnReference Column="Expr1273" /></OrderByColumn><OrderByColumn Ascending="true"><ColumnReference Column="Expr1274" /></OrderByColumn><OrderByColumn Ascending="true"><ColumnReference Column="Expr1275" /></OrderByColumn><OrderByColumn Ascending="true"><ColumnReference Column="Expr1276" /></OrderByColumn><OrderByColumn Ascending="true"><ColumnReference Column="Expr1277" /></OrderByColumn><OrderByColumn Ascending="true"><ColumnReference Column="Expr1278" /></OrderByColumn><OrderByColumn Ascending="true"><ColumnReference Column="Expr1279" /></OrderByColumn><OrderByColumn Ascending="true"><ColumnReference Column="Expr1280" /></OrderByColumn><OrderByColumn Ascending="true"><ColumnReference Column="Expr1281" /></OrderByColumn><OrderByColumn Ascending="true"><ColumnReference Column="Expr1282" /></OrderByColumn><OrderByColumn Ascending="true"><ColumnReference Column="Expr1283" /></OrderByColumn><OrderByColumn Ascending="true"><ColumnReference Column="Expr1284" /></OrderByColumn><OrderByColumn Ascending="true"><ColumnReference Column="Expr1285" /></OrderByColumn><OrderByColumn Ascending="true"><ColumnReference Database="Database1" Schema="Schema1" Table="Object28" Alias="Object30" Column="Column47" /></OrderByColumn><OrderByColumn Ascending="true"><ColumnReference Database="Database1" Schema="Schema1" Table="Object28" Alias="Object30" Column="Column48" /></OrderByColumn><OrderByColumn Ascending="true"><ColumnReference Database="Database1" Schema="Schema1" Table="Object22" Alias="Object43" Column="Column55" /></OrderByColumn><OrderByColumn Ascending="true"><ColumnReference Database="Database1" Schema="Schema1" Table="Object10" Alias="Object44" Column="Column50" /></OrderByColumn><OrderByColumn Ascending="true"><ColumnReference Database="Database1" Schema="Schema1" Table="Object22" Alias="Object33" Column="Column51" /></OrderByColumn><OrderByColumn Ascending="true"><ColumnReference Database="Database1" Schema="Schema1" Table="Object22" Alias="Object33" Column="Column55" /></OrderByColumn><OrderByColumn Ascending="true"><ColumnReference Database="Database1" Schema="Schema1" Table="Object10" Alias="Object45" Column="Column50" /></OrderByColumn><OrderByColumn Ascending="true"><ColumnReference Database="Database1" Schema="Schema1" Table="Object22" Alias="Object34" Column="Column51" /></OrderByColumn><OrderByColumn Ascending="true"><ColumnReference Database="Database1" Schema="Schema1" Table="Object22" Alias="Object34" Column="Column55" /></OrderByColumn><OrderByColumn Ascending="true"><ColumnReference Database="Database1" Schema="Schema1" Table="Object10" Alias="Object46" Column="Column50" /></OrderByColumn><OrderByColumn Ascending="true"><ColumnReference Database="Database1" Schema="Schema1" Table="Object10" Alias="Object47" Column="Column50" /></OrderByColumn><OrderByColumn Ascending="true"><ColumnReference Column="Expr1286" /></OrderByColumn><OrderByColumn Ascending="true"><ColumnReference Column="Expr1287" /></OrderByColumn><OrderByColumn Ascending="true"><ColumnReference Column="Expr1288" /></OrderByColumn></OrderBy><RelOp AvgRowSize="32549" EstimateCPU="0.00565395" EstimateIO="0" EstimateRebinds="0" EstimateRewinds="0" EstimatedExecutionMode="Row" EstimateRows="401.062" LogicalOp="Aggregate" NodeId="8" Parallel="true" PhysicalOp="Stream Aggregate" EstimatedTotalSubtreeCost="2219.94"><OutputList><ColumnReference Database="Database1" Schema="Schema1" Table="Object28" Alias="Object30" Column="Column47" /><ColumnReference Database="Database1" Schema="Schema1" Table="Object28" Alias="Object30" Column="Column48" /><ColumnReference Database="Database1" Schema="Schema1" Table="Object23" Alias="Object31" Column="Column46" /><ColumnReference Database="Database1" Schema="Schema1" Table="Object23" Alias="Object31" Column="Column54" /><ColumnReference Database="Database1" Schema="Schema1" Table="Object23" Alias="Object31" Column="Column12" /><ColumnReference Database="Database1" Schema="Schema1" Table="Object23" Alias="Object31" Column="Column2" /><ColumnReference Database="Database1" Schema="Schema1" Table="Object23" Alias="Object31" Column="Column49" /><ColumnReference Column="Union1053" /><ColumnReference Database="Database1" Schema="Schema1" Table="Object22" Alias="Object42" Column="Column55" /><ColumnReference Database="Database1" Schema="Schema1" Table="Object8" Alias="Object32" Column="Column50" /><ColumnReference Database="Database1" Schema="Schema1" Table="Object22" Alias="Object43" Column="Column55" /><ColumnReference Database="Database1" Schema="Schema1" Table="Object22" Alias="Object33" Column="Column55" /><ColumnReference Database="Database1" Schema="Schema1" Table="Object22" Alias="Object33" Column="Column51" /><ColumnReference Database="Database1" Schema="Schema1" Table="Object22" Alias="Object34" Column="Column55" /><ColumnReference Database="Database1" Schema="Schema1" Table="Object22" Alias="Object34" Column="Column51" /><ColumnReference Database="Database1" Schema="Schema1" Table="Object10" Alias="Object47" Column="Column50" /><ColumnReference Database="Database1" Schema="Schema1" Table="Object10" Alias="Object46" Column="Column50" /><ColumnReference Database="Database1" Schema="Schema1" Table="Object10" Alias="Object45" Column="Column50" /><ColumnReference Database="Database1" Schema="Schema1" Table="Object10" Alias="Object44" Column="Column50" /><ColumnReference Database="Database1" Schema="Schema1" Table="Object21" Alias="Object35" Column="Column52" /><ColumnReference Database="Database1" Schema="Schema1" Table="Object21" Alias="Object35" Column="Column3" /><ColumnReference Database="Database1" Schema="Schema1" Table="Object21" Alias="Object35" Column="Column5" /><ColumnReference Database="Database1" Schema="Schema1" Table="Object8" Alias="Object36" Column="Column50" /><ColumnReference Database="Database1" Schema="Schema1" Table="Object20" Alias="Object37" Column="Column53" /><ColumnReference Database="Database1" Schema="Schema1" Table="Object8" Alias="Object38" Column="Column50" /><ColumnReference Database="Database1" Schema="Schema1" Table="Object8" Alias="Object39" Column="Column50" /><ColumnReference Database="Database1" Schema="Schema1" Table="Object8" Alias="Object40" Column="Column50" /><ColumnReference Column="Expr1271" /><ColumnReference Column="Expr1272" /><ColumnReference Column="Expr1273" /><ColumnReference Column="Expr1274" /><ColumnReference Column="Expr1275" /><ColumnReference Column="Expr1276" /><ColumnReference Column="Expr1277" /><ColumnReference Column="Expr1278" /><ColumnReference Column="Expr1279" /><ColumnReference Column="Expr1280" /><ColumnReference Column="Expr1281" /><ColumnReference Column="Expr1282" /><ColumnReference Column="Expr1283" /><ColumnReference Column="Expr1284" /><ColumnReference Column="Expr1285" /><ColumnReference Column="Expr1286" /><ColumnReference Column="Expr1287" /><ColumnReference Column="Expr1288" /></OutputList><RunTimeInformation><RunTimeCountersPerThread Thread="0" ActualRows="6047" Batches="0" ActualEndOfScans="0" ActualExecutions="1" ActualExecutionMode="Row" ActualElapsedms="56213" ActualCPUms="32151" /></RunTimeInformation><StreamAggregate><DefinedValues><DefinedValue><ColumnReference Database="Database1" Schema="Schema1" Table="Object23" Alias="Object31" Column="Column46" /><ScalarOperator ScalarString="ScalarString5"><Aggregate AggType="ANY" Distinct="false"><ScalarOperator><Identifier><ColumnReference Database="Database1" Schema="Schema1" Table="Object23" Alias="Object31" Column="Column46" /></Identifier></ScalarOperator></Aggregate></ScalarOperator></DefinedValue><DefinedValue><ColumnReference Database="Database1" Schema="Schema1" Table="Object21" Alias="Object35" Column="Column5" /><ScalarOperator ScalarString="ScalarString6"><Aggregate AggType="ANY" Distinct="false"><ScalarOperator><Identifier><ColumnReference Database="Database1" Schema="Schema1" Table="Object21" Alias="Object35" Column="Column5" /></Identifier></ScalarOperator></Aggregate></ScalarOperator></DefinedValue><DefinedValue><ColumnReference Database="Database1" Schema="Schema1" Table="Object21" Alias="Object35" Column="Column3" /><ScalarOperator ScalarString="ScalarString7"><Aggregate AggType="ANY" Distinct="false"><ScalarOperator><Identifier><ColumnReference Database="Database1" Schema="Schema1" Table="Object21" Alias="Object35" Column="Column3" /></Identifier></ScalarOperator></Aggregate></ScalarOperator></DefinedValue><DefinedValue><ColumnReference Database="Database1" Schema="Schema1" Table="Object21" Alias="Object35" Column="Column52" /><ScalarOperator ScalarString="ScalarString8"><Aggregate AggType="ANY" Distinct="false"><ScalarOperator><Identifier><ColumnReference Database="Database1" Schema="Schema1" Table="Object21" Alias="Object35" Column="Column52" /></Identifier></ScalarOperator></Aggregate></ScalarOperator></DefinedValue></DefinedValues><GroupBy><ColumnReference Database="Database1" Schema="Schema1" Table="Object8" Alias="Object32" Column="Column50" /><ColumnReference Database="Database1" Schema="Schema1" Table="Object23" Alias="Object31" Column="Column12" /><ColumnReference Database="Database1" Schema="Schema1" Table="Object8" Alias="Object36" Column="Column50" /><ColumnReference Database="Database1" Schema="Schema1" Table="Object23" Alias="Object31" Column="Column2" /><ColumnReference Column="Expr1271" /><ColumnReference Database="Database1" Schema="Schema1" Table="Object20" Alias="Object37" Column="Column53" /><ColumnReference Column="Union1053" /><ColumnReference Column="Expr1272" /><ColumnReference Database="Database1" Schema="Schema1" Table="Object23" Alias="Object31" Column="Column54" /><ColumnReference Database="Database1" Schema="Schema1" Table="Object8" Alias="Object38" Column="Column50" /><ColumnReference Database="Database1" Schema="Schema1" Table="Object8" Alias="Object39" Column="Column50" /><ColumnReference Database="Database1" Schema="Schema1" Table="Object8" Alias="Object40" Column="Column50" /><ColumnReference Database="Database1" Schema="Schema1" Table="Object23" Alias="Object31" Column="Column49" /><ColumnReference Database="Database1" Schema="Schema1" Table="Object22" Alias="Object42" Column="Column55" /><ColumnReference Column="Expr1273" /><ColumnReference Column="Expr1274" /><ColumnReference Column="Expr1275" /><ColumnReference Column="Expr1276" /><ColumnReference Column="Expr1277" /><ColumnReference Column="Expr1278" /><ColumnReference Column="Expr1279" /><ColumnReference Column="Expr1280" /><ColumnReference Column="Expr1281" /><ColumnReference Column="Expr1282" /><ColumnReference Column="Expr1283" /><ColumnReference Column="Expr1284" /><ColumnReference Column="Expr1285" /><ColumnReference Database="Database1" Schema="Schema1" Table="Object28" Alias="Object30" Column="Column47" /><ColumnReference Database="Database1" Schema="Schema1" Table="Object28" Alias="Object30" Column="Column48" /><ColumnReference Database="Database1" Schema="Schema1" Table="Object22" Alias="Object43" Column="Column55" /><ColumnReference Database="Database1" Schema="Schema1" Table="Object10" Alias="Object44" Column="Column50" /><ColumnReference Database="Database1" Schema="Schema1" Table="Object22" Alias="Object33" Column="Column51" /><ColumnReference Database="Database1" Schema="Schema1" Table="Object22" Alias="Object33" Column="Column55" /><ColumnReference Database="Database1" Schema="Schema1" Table="Object10" Alias="Object45" Column="Column50" /><ColumnReference Database="Database1" Schema="Schema1" Table="Object22" Alias="Object34" Column="Column51" /><ColumnReference Database="Database1" Schema="Schema1" Table="Object22" Alias="Object34" Column="Column55" /><ColumnReference Database="Database1" Schema="Schema1" Table="Object10" Alias="Object46" Column="Column50" /><ColumnReference Database="Database1" Schema="Schema1" Table="Object10" Alias="Object47" Column="Column50" /><ColumnReference Column="Expr1286" /><ColumnReference Column="Expr1287" /><ColumnReference Column="Expr1288" /></GroupBy><RelOp AvgRowSize="32549" EstimateCPU="0.736219" EstimateIO="0.00563063" EstimateRebinds="0" EstimateRewinds="0" EstimatedExecutionMode="Row" EstimateRows="22214.7" LogicalOp="Sort" NodeId="9" Parallel="true" PhysicalOp="Sort" EstimatedTotalSubtreeCost="2219.94"><OutputList><ColumnReference Database="Database1" Schema="Schema1" Table="Object28" Alias="Object30" Column="Column47" /><ColumnReference Database="Database1" Schema="Schema1" Table="Object28" Alias="Object30" Column="Column48" /><ColumnReference Database="Database1" Schema="Schema1" Table="Object23" Alias="Object31" Column="Column46" /><ColumnReference Database="Database1" Schema="Schema1" Table="Object23" Alias="Object31" Column="Column54" /><ColumnReference Database="Database1" Schema="Schema1" Table="Object23" Alias="Object31" Column="Column12" /><ColumnReference Database="Database1" Schema="Schema1" Table="Object23" Alias="Object31" Column="Column2" /><ColumnReference Database="Database1" Schema="Schema1" Table="Object23" Alias="Object31" Column="Column49" /><ColumnReference Column="Union1053" /><ColumnReference Database="Database1" Schema="Schema1" Table="Object22" Alias="Object42" Column="Column55" /><ColumnReference Database="Database1" Schema="Schema1" Table="Object8" Alias="Object32" Column="Column50" /><ColumnReference Database="Database1" Schema="Schema1" Table="Object22" Alias="Object43" Column="Column55" /><ColumnReference Database="Database1" Schema="Schema1" Table="Object22" Alias="Object33" Column="Column55" /><ColumnReference Database="Database1" Schema="Schema1" Table="Object22" Alias="Object33" Column="Column51" /><ColumnReference Database="Database1" Schema="Schema1" Table="Object22" Alias="Object34" Column="Column55" /><ColumnReference Database="Database1" Schema="Schema1" Table="Object22" Alias="Object34" Column="Column51" /><ColumnReference Database="Database1" Schema="Schema1" Table="Object10" Alias="Object47" Column="Column50" /><ColumnReference Database="Database1" Schema="Schema1" Table="Object10" Alias="Object46" Column="Column50" /><ColumnReference Database="Database1" Schema="Schema1" Table="Object10" Alias="Object45" Column="Column50" /><ColumnReference Database="Database1" Schema="Schema1" Table="Object10" Alias="Object44" Column="Column50" /><ColumnReference Database="Database1" Schema="Schema1" Table="Object21" Alias="Object35" Column="Column52" /><ColumnReference Database="Database1" Schema="Schema1" Table="Object21" Alias="Object35" Column="Column3" /><ColumnReference Database="Database1" Schema="Schema1" Table="Object21" Alias="Object35" Column="Column5" /><ColumnReference Database="Database1" Schema="Schema1" Table="Object8" Alias="Object36" Column="Column50" /><ColumnReference Database="Database1" Schema="Schema1" Table="Object20" Alias="Object37" Column="Column53" /><ColumnReference Database="Database1" Schema="Schema1" Table="Object8" Alias="Object38" Column="Column50" /><ColumnReference Database="Database1" Schema="Schema1" Table="Object8" Alias="Object39" Column="Column50" /><ColumnReference Database="Database1" Schema="Schema1" Table="Object8" Alias="Object40" Column="Column50" /><ColumnReference Column="Expr1271" /><ColumnReference Column="Expr1272" /><ColumnReference Column="Expr1273" /><ColumnReference Column="Expr1274" /><ColumnReference Column="Expr1275" /><ColumnReference Column="Expr1276" /><ColumnReference Column="Expr1277" /><ColumnReference Column="Expr1278" /><ColumnReference Column="Expr1279" /><ColumnReference Column="Expr1280" /><ColumnReference Column="Expr1281" /><ColumnReference Column="Expr1282" /><ColumnReference Column="Expr1283" /><ColumnReference Column="Expr1284" /><ColumnReference Column="Expr1285" /><ColumnReference Column="Expr1286" /><ColumnReference Column="Expr1287" /><ColumnReference Column="Expr1288" /></OutputList><MemoryFractions Input="0.957527" Output="0.991628" /><RunTimeInformation><RunTimeCountersPerThread Thread="0" ActualRebinds="1" ActualRewinds="0" ActualRows="6085" Batches="0" ActualEndOfScans="0" ActualExecutions="1" ActualExecutionMode="Row" ActualElapsedms="56151" ActualCPUms="32090" ActualScans="0" ActualLogicalReads="0" ActualPhysicalReads="0" ActualReadAheads="0" ActualLobLogicalReads="0" ActualLobPhysicalReads="0" ActualLobReadAheads="0" InputMemoryGrant="884256" OutputMemoryGrant="915344" UsedMemoryGrant="11424" /></RunTimeInformation><Sort Distinct="false"><OrderBy><OrderByColumn Ascending="true"><ColumnReference Database="Database1" Schema="Schema1" Table="Object8" Alias="Object32" Column="Column50" /></OrderByColumn><OrderByColumn Ascending="true"><ColumnReference Database="Database1" Schema="Schema1" Table="Object23" Alias="Object31" Column="Column12" /></OrderByColumn><OrderByColumn Ascending="true"><ColumnReference Database="Database1" Schema="Schema1" Table="Object8" Alias="Object36" Column="Column50" /></OrderByColumn><OrderByColumn Ascending="true"><ColumnReference Database="Database1" Schema="Schema1" Table="Object23" Alias="Object31" Column="Column2" /></OrderByColumn><OrderByColumn Ascending="true"><ColumnReference Column="Expr1271" /></OrderByColumn><OrderByColumn Ascending="true"><ColumnReference Database="Database1" Schema="Schema1" Table="Object20" Alias="Object37" Column="Column53" /></OrderByColumn><OrderByColumn Ascending="true"><ColumnReference Column="Union1053" /></OrderByColumn><OrderByColumn Ascending="true"><ColumnReference Column="Expr1272" /></OrderByColumn><OrderByColumn Ascending="true"><ColumnReference Database="Database1" Schema="Schema1" Table="Object23" Alias="Object31" Column="Column54" /></OrderByColumn><OrderByColumn Ascending="true"><ColumnReference Database="Database1" Schema="Schema1" Table="Object8" Alias="Object38" Column="Column50" /></OrderByColumn><OrderByColumn Ascending="true"><ColumnReference Database="Database1" Schema="Schema1" Table="Object8" Alias="Object39" Column="Column50" /></OrderByColumn><OrderByColumn Ascending="true"><ColumnReference Database="Database1" Schema="Schema1" Table="Object8" Alias="Object40" Column="Column50" /></OrderByColumn><OrderByColumn Ascending="true"><ColumnReference Database="Database1" Schema="Schema1" Table="Object23" Alias="Object31" Column="Column49" /></OrderByColumn><OrderByColumn Ascending="true"><ColumnReference Database="Database1" Schema="Schema1" Table="Object22" Alias="Object42" Column="Column55" /></OrderByColumn><OrderByColumn Ascending="true"><ColumnReference Column="Expr1273" /></OrderByColumn><OrderByColumn Ascending="true"><ColumnReference Column="Expr1274" /></OrderByColumn><OrderByColumn Ascending="true"><ColumnReference Column="Expr1275" /></OrderByColumn><OrderByColumn Ascending="true"><ColumnReference Column="Expr1276" /></OrderByColumn><OrderByColumn Ascending="true"><ColumnReference Column="Expr1277" /></OrderByColumn><OrderByColumn Ascending="true"><ColumnReference Column="Expr1278" /></OrderByColumn><OrderByColumn Ascending="true"><ColumnReference Column="Expr1279" /></OrderByColumn><OrderByColumn Ascending="true"><ColumnReference Column="Expr1280" /></OrderByColumn><OrderByColumn Ascending="true"><ColumnReference Column="Expr1281" /></OrderByColumn><OrderByColumn Ascending="true"><ColumnReference Column="Expr1282" /></OrderByColumn><OrderByColumn Ascending="true"><ColumnReference Column="Expr1283" /></OrderByColumn><OrderByColumn Ascending="true"><ColumnReference Column="Expr1284" /></OrderByColumn><OrderByColumn Ascending="true"><ColumnReference Column="Expr1285" /></OrderByColumn><OrderByColumn Ascending="true"><ColumnReference Database="Database1" Schema="Schema1" Table="Object28" Alias="Object30" Column="Column47" /></OrderByColumn><OrderByColumn Ascending="true"><ColumnReference Database="Database1" Schema="Schema1" Table="Object28" Alias="Object30" Column="Column48" /></OrderByColumn><OrderByColumn Ascending="true"><ColumnReference Database="Database1" Schema="Schema1" Table="Object22" Alias="Object43" Column="Column55" /></OrderByColumn><OrderByColumn Ascending="true"><ColumnReference Database="Database1" Schema="Schema1" Table="Object10" Alias="Object44" Column="Column50" /></OrderByColumn><OrderByColumn Ascending="true"><ColumnReference Database="Database1" Schema="Schema1" Table="Object22" Alias="Object33" Column="Column51" /></OrderByColumn><OrderByColumn Ascending="true"><ColumnReference Database="Database1" Schema="Schema1" Table="Object22" Alias="Object33" Column="Column55" /></OrderByColumn><OrderByColumn Ascending="true"><ColumnReference Database="Database1" Schema="Schema1" Table="Object10" Alias="Object45" Column="Column50" /></OrderByColumn><OrderByColumn Ascending="true"><ColumnReference Database="Database1" Schema="Schema1" Table="Object22" Alias="Object34" Column="Column51" /></OrderByColumn><OrderByColumn Ascending="true"><ColumnReference Database="Database1" Schema="Schema1" Table="Object22" Alias="Object34" Column="Column55" /></OrderByColumn><OrderByColumn Ascending="true"><ColumnReference Database="Database1" Schema="Schema1" Table="Object10" Alias="Object46" Column="Column50" /></OrderByColumn><OrderByColumn Ascending="true"><ColumnReference Database="Database1" Schema="Schema1" Table="Object10" Alias="Object47" Column="Column50" /></OrderByColumn><OrderByColumn Ascending="true"><ColumnReference Column="Expr1286" /></OrderByColumn><OrderByColumn Ascending="true"><ColumnReference Column="Expr1287" /></OrderByColumn><OrderByColumn Ascending="true"><ColumnReference Column="Expr1288" /></OrderByColumn></OrderBy><RelOp AvgRowSize="32549" EstimateCPU="0.00111074" EstimateIO="0" EstimateRebinds="0" EstimateRewinds="0" EstimatedExecutionMode="Row" EstimateRows="22214.7" LogicalOp="Compute Scalar" NodeId="10" Parallel="true" PhysicalOp="Compute Scalar" EstimatedTotalSubtreeCost="2219.19"><OutputList><ColumnReference Database="Database1" Schema="Schema1" Table="Object28" Alias="Object30" Column="Column47" /><ColumnReference Database="Database1" Schema="Schema1" Table="Object28" Alias="Object30" Column="Column48" /><ColumnReference Database="Database1" Schema="Schema1" Table="Object23" Alias="Object31" Column="Column46" /><ColumnReference Database="Database1" Schema="Schema1" Table="Object23" Alias="Object31" Column="Column54" /><ColumnReference Database="Database1" Schema="Schema1" Table="Object23" Alias="Object31" Column="Column12" /><ColumnReference Database="Database1" Schema="Schema1" Table="Object23" Alias="Object31" Column="Column2" /><ColumnReference Database="Database1" Schema="Schema1" Table="Object23" Alias="Object31" Column="Column49" /><ColumnReference Column="Union1053" /><ColumnReference Database="Database1" Schema="Schema1" Table="Object22" Alias="Object42" Column="Column55" /><ColumnReference Database="Database1" Schema="Schema1" Table="Object8" Alias="Object32" Column="Column50" /><ColumnReference Database="Database1" Schema="Schema1" Table="Object22" Alias="Object43" Column="Column55" /><ColumnReference Database="Database1" Schema="Schema1" Table="Object22" Alias="Object33" Column="Column55" /><ColumnReference Database="Database1" Schema="Schema1" Table="Object22" Alias="Object33" Column="Column51" /><ColumnReference Database="Database1" Schema="Schema1" Table="Object22" Alias="Object34" Column="Column55" /><ColumnReference Database="Database1" Schema="Schema1" Table="Object22" Alias="Object34" Column="Column51" /><ColumnReference Database="Database1" Schema="Schema1" Table="Object10" Alias="Object47" Column="Column50" /><ColumnReference Database="Database1" Schema="Schema1" Table="Object10" Alias="Object46" Column="Column50" /><ColumnReference Database="Database1" Schema="Schema1" Table="Object10" Alias="Object45" Column="Column50" /><ColumnReference Database="Database1" Schema="Schema1" Table="Object10" Alias="Object44" Column="Column50" /><ColumnReference Database="Database1" Schema="Schema1" Table="Object21" Alias="Object35" Column="Column52" /><ColumnReference Database="Database1" Schema="Schema1" Table="Object21" Alias="Object35" Column="Column3" /><ColumnReference Database="Database1" Schema="Schema1" Table="Object21" Alias="Object35" Column="Column5" /><ColumnReference Database="Database1" Schema="Schema1" Table="Object8" Alias="Object36" Column="Column50" /><ColumnReference Database="Database1" Schema="Schema1" Table="Object20" Alias="Object37" Column="Column53" /><ColumnReference Database="Database1" Schema="Schema1" Table="Object8" Alias="Object38" Column="Column50" /><ColumnReference Database="Database1" Schema="Schema1" Table="Object8" Alias="Object39" Column="Column50" /><ColumnReference Database="Database1" Schema="Schema1" Table="Object8" Alias="Object40" Column="Column50" /><ColumnReference Column="Expr1271" /><ColumnReference Column="Expr1272" /><ColumnReference Column="Expr1273" /><ColumnReference Column="Expr1274" /><ColumnReference Column="Expr1275" /><ColumnReference Column="Expr1276" /><ColumnReference Column="Expr1277" /><ColumnReference Column="Expr1278" /><ColumnReference Column="Expr1279" /><ColumnReference Column="Expr1280" /><ColumnReference Column="Expr1281" /><ColumnReference Column="Expr1282" /><ColumnReference Column="Expr1283" /><ColumnReference Column="Expr1284" /><ColumnReference Column="Expr1285" /><ColumnReference Column="Expr1286" /><ColumnReference Column="Expr1287" /><ColumnReference Column="Expr1288" /></OutputList><ComputeScalar><DefinedValues><DefinedValue><ColumnReference Column="Expr1272" /><ScalarOperator ScalarString="ScalarString9"><Intrinsic FunctionName="Function2"><ScalarOperator><Identifier><ColumnReference Column="Expr1136" /></Identifier></ScalarOperator><ScalarOperator><Const ConstValue="Value4" /></ScalarOperator></Intrinsic></ScalarOperator></DefinedValue><DefinedValue><ColumnReference Column="Expr1273" /><ScalarOperator ScalarString="ScalarString10"><Intrinsic FunctionName="Function2"><ScalarOperator><Identifier><ColumnReference Column="Expr1181" /></Identifier></ScalarOperator><ScalarOperator><Identifier><ColumnReference Column="Column56"><ScalarOperator><Convert DataType="nvarchar(max)" Length="2147483647" Style="0" Implicit="true"><ScalarOperator><Const ConstValue="Value5" /></ScalarOperator></Convert></ScalarOperator></ColumnReference></Identifier></ScalarOperator></Intrinsic></ScalarOperator></DefinedValue><DefinedValue><ColumnReference Column="Expr1274" /><ScalarOperator ScalarString="ScalarString11"><Intrinsic FunctionName="Function2"><ScalarOperator><Identifier><ColumnReference Column="Expr1203" /></Identifier></ScalarOperator><ScalarOperator><Identifier><ColumnReference Column="Column57"><ScalarOperator><Convert DataType="nvarchar(max)" Length="2147483647" Style="0" Implicit="true"><ScalarOperator><Const ConstValue="Value5" /></ScalarOperator></Convert></ScalarOperator></ColumnReference></Identifier></ScalarOperator></Intrinsic></ScalarOperator></DefinedValue><DefinedValue><ColumnReference Column="Expr1277" /><ScalarOperator ScalarString="ScalarString12"><Intrinsic FunctionName="Function2"><ScalarOperator><Identifier><ColumnReference Column="Expr1222" /></Identifier></ScalarOperator><ScalarOperator><Identifier><ColumnReference Column="Column58"><ScalarOperator><Convert DataType="nvarchar(max)" Length="2147483647" Style="0" Implicit="true"><ScalarOperator><Const ConstValue="Value5" /></ScalarOperator></Convert></ScalarOperator></ColumnReference></Identifier></ScalarOperator></Intrinsic></ScalarOperator></DefinedValue><DefinedValue><ColumnReference Column="Expr1278" /><ScalarOperator ScalarString="ScalarString13"><Intrinsic FunctionName="Function2"><ScalarOperator><Identifier><ColumnReference Column="Expr1234" /></Identifier></ScalarOperator><ScalarOperator><Identifier><ColumnReference Column="Column59"><ScalarOperator><Convert DataType="nvarchar(max)" Length="2147483647" Style="0" Implicit="true"><ScalarOperator><Const ConstValue="Value5" /></ScalarOperator></Convert></ScalarOperator></ColumnReference></Identifier></ScalarOperator></Intrinsic></ScalarOperator></DefinedValue><DefinedValue><ColumnReference Column="Expr1279" /><ScalarOperator ScalarString="ScalarString14"><Intrinsic FunctionName="Function2"><ScalarOperator><Identifier><ColumnReference Column="Expr1246" /></Identifier></ScalarOperator><ScalarOperator><Identifier><ColumnReference Column="Column60"><ScalarOperator><Convert DataType="nvarchar(max)" Length="2147483647" Style="0" Implicit="true"><ScalarOperator><Const ConstValue="Value5" /></ScalarOperator></Convert></ScalarOperator></ColumnReference></Identifier></ScalarOperator></Intrinsic></ScalarOperator></DefinedValue><DefinedValue><ColumnReference Column="Expr1280" /><ScalarOperator ScalarString="ScalarString15"><Intrinsic FunctionName="Function2"><ScalarOperator><Identifier><ColumnReference Column="Expr1258" /></Identifier></ScalarOperator><ScalarOperator><Identifier><ColumnReference Column="Column61"><ScalarOperator><Convert DataType="nvarchar(max)" Length="2147483647" Style="0" Implicit="true"><ScalarOperator><Const ConstValue="Value5" /></ScalarOperator></Convert></ScalarOperator></ColumnReference></Identifier></ScalarOperator></Intrinsic></ScalarOperator></DefinedValue><DefinedValue><ColumnReference Column="Expr1281" /><ScalarOperator ScalarString="ScalarString16"><Intrinsic FunctionName="Function2"><ScalarOperator><Intrinsic FunctionName="Function3"><ScalarOperator><Intrinsic FunctionName="Function4"><ScalarOperator><Identifier><ColumnReference Column="Expr1270" /></Identifier></ScalarOperator></Intrinsic></ScalarOperator></Intrinsic></ScalarOperator><ScalarOperator><Identifier><ColumnReference Column="Column62"><ScalarOperator><Convert DataType="nvarchar(max)" Length="2147483647" Style="0" Implicit="true"><ScalarOperator><Const ConstValue="Value5" /></ScalarOperator></Convert></ScalarOperator></ColumnReference></Identifier></ScalarOperator></Intrinsic></ScalarOperator></DefinedValue></DefinedValues><RelOp AvgRowSize="32549" EstimateCPU="0.0464288" EstimateIO="0" EstimateRebinds="0" EstimateRewinds="0" EstimatedExecutionMode="Row" EstimateRows="22214.7" LogicalOp="Left Outer Join" NodeId="11" Parallel="true" PhysicalOp="Nested Loops" EstimatedTotalSubtreeCost="2219.19"><OutputList><ColumnReference Database="Database1" Schema="Schema1" Table="Object28" Alias="Object30" Column="Column47" /><ColumnReference Database="Database1" Schema="Schema1" Table="Object28" Alias="Object30" Column="Column48" /><ColumnReference Database="Database1" Schema="Schema1" Table="Object23" Alias="Object31" Column="Column46" /><ColumnReference Database="Database1" Schema="Schema1" Table="Object23" Alias="Object31" Column="Column54" /><ColumnReference Database="Database1" Schema="Schema1" Table="Object23" Alias="Object31" Column="Column12" /><ColumnReference Database="Database1" Schema="Schema1" Table="Object23" Alias="Object31" Column="Column2" /><ColumnReference Database="Database1" Schema="Schema1" Table="Object23" Alias="Object31" Column="Column49" /><ColumnReference Column="Union1053" /><ColumnReference Database="Database1" Schema="Schema1" Table="Object22" Alias="Object42" Column="Column55" /><ColumnReference Database="Database1" Schema="Schema1" Table="Object8" Alias="Object32" Column="Column50" /><ColumnReference Database="Database1" Schema="Schema1" Table="Object22" Alias="Object43" Column="Column55" /><ColumnReference Database="Database1" Schema="Schema1" Table="Object22" Alias="Object33" Column="Column55" /><ColumnReference Database="Database1" Schema="Schema1" Table="Object22" Alias="Object33" Column="Column51" /><ColumnReference Database="Database1" Schema="Schema1" Table="Object22" Alias="Object34" Column="Column55" /><ColumnReference Database="Database1" Schema="Schema1" Table="Object22" Alias="Object34" Column="Column51" /><ColumnReference Database="Database1" Schema="Schema1" Table="Object10" Alias="Object47" Column="Column50" /><ColumnReference Database="Database1" Schema="Schema1" Table="Object10" Alias="Object46" Column="Column50" /><ColumnReference Database="Database1" Schema="Schema1" Table="Object10" Alias="Object45" Column="Column50" /><ColumnReference Database="Database1" Schema="Schema1" Table="Object10" Alias="Object44" Column="Column50" /><ColumnReference Database="Database1" Schema="Schema1" Table="Object21" Alias="Object35" Column="Column52" /><ColumnReference Database="Database1" Schema="Schema1" Table="Object21" Alias="Object35" Column="Column3" /><ColumnReference Database="Database1" Schema="Schema1" Table="Object21" Alias="Object35" Column="Column5" /><ColumnReference Database="Database1" Schema="Schema1" Table="Object8" Alias="Object36" Column="Column50" /><ColumnReference Column="Expr1136" /><ColumnReference Database="Database1" Schema="Schema1" Table="Object20" Alias="Object37" Column="Column53" /><ColumnReference Database="Database1" Schema="Schema1" Table="Object8" Alias="Object38" Column="Column50" /><ColumnReference Database="Database1" Schema="Schema1" Table="Object8" Alias="Object39" Column="Column50" /><ColumnReference Database="Database1" Schema="Schema1" Table="Object8" Alias="Object40" Column="Column50" /><ColumnReference Column="Expr1181" /><ColumnReference Column="Expr1203" /><ColumnReference Column="Expr1222" /><ColumnReference Column="Expr1234" /><ColumnReference Column="Expr1246" /><ColumnReference Column="Expr1258" /><ColumnReference Column="Expr1270" /><ColumnReference Column="Expr1271" /><ColumnReference Column="Expr1275" /><ColumnReference Column="Expr1276" /><ColumnReference Column="Expr1282" /><ColumnReference Column="Expr1283" /><ColumnReference Column="Expr1284" /><ColumnReference Column="Expr1285" /><ColumnReference Column="Expr1286" /><ColumnReference Column="Expr1287" /><ColumnReference Column="Expr1288" /></OutputList><RunTimeInformation><RunTimeCountersPerThread Thread="0" ActualRows="10611" Batches="0" ActualEndOfScans="1" ActualExecutions="1" ActualExecutionMode="Row" ActualElapsedms="55662" ActualCPUms="31723" /></RunTimeInformation><NestedLoops Optimized="false"><OuterReferences><ColumnReference Database="Database1" Schema="Schema1" Table="Object23" Alias="Object31" Column="Column2" /></OuterReferences><RelOp AvgRowSize="12418" EstimateCPU="0.0462553" EstimateIO="0" EstimateRebinds="0" EstimateRewinds="0" EstimatedExecutionMode="Row" EstimateRows="22214.7" LogicalOp="Left Outer Join" NodeId="12" Parallel="true" PhysicalOp="Nested Loops" EstimatedTotalSubtreeCost="1911.81"><OutputList><ColumnReference Database="Database1" Schema="Schema1" Table="Object28" Alias="Object30" Column="Column47" /><ColumnReference Database="Database1" Schema="Schema1" Table="Object28" Alias="Object30" Column="Column48" /><ColumnReference Database="Database1" Schema="Schema1" Table="Object23" Alias="Object31" Column="Column46" /><ColumnReference Database="Database1" Schema="Schema1" Table="Object23" Alias="Object31" Column="Column54" /><ColumnReference Database="Database1" Schema="Schema1" Table="Object23" Alias="Object31" Column="Column12" /><ColumnReference Database="Database1" Schema="Schema1" Table="Object23" Alias="Object31" Column="Column2" /><ColumnReference Database="Database1" Schema="Schema1" Table="Object23" Alias="Object31" Column="Column49" /><ColumnReference Column="Union1053" /><ColumnReference Database="Database1" Schema="Schema1" Table="Object22" Alias="Object42" Column="Column55" /><ColumnReference Database="Database1" Schema="Schema1" Table="Object8" Alias="Object32" Column="Column50" /><ColumnReference Database="Database1" Schema="Schema1" Table="Object22" Alias="Object43" Column="Column55" /><ColumnReference Database="Database1" Schema="Schema1" Table="Object22" Alias="Object33" Column="Column55" /><ColumnReference Database="Database1" Schema="Schema1" Table="Object22" Alias="Object33" Column="Column51" /><ColumnReference Database="Database1" Schema="Schema1" Table="Object22" Alias="Object34" Column="Column55" /><ColumnReference Database="Database1" Schema="Schema1" Table="Object22" Alias="Object34" Column="Column51" /><ColumnReference Database="Database1" Schema="Schema1" Table="Object10" Alias="Object47" Column="Column50" /><ColumnReference Database="Database1" Schema="Schema1" Table="Object10" Alias="Object46" Column="Column50" /><ColumnReference Database="Database1" Schema="Schema1" Table="Object10" Alias="Object45" Column="Column50" /><ColumnReference Database="Database1" Schema="Schema1" Table="Object10" Alias="Object44" Column="Column50" /><ColumnReference Database="Database1" Schema="Schema1" Table="Object21" Alias="Object35" Column="Column52" /><ColumnReference Database="Database1" Schema="Schema1" Table="Object21" Alias="Object35" Column="Column3" /><ColumnReference Database="Database1" Schema="Schema1" Table="Object21" Alias="Object35" Column="Column5" /><ColumnReference Database="Database1" Schema="Schema1" Table="Object8" Alias="Object36" Column="Column50" /><ColumnReference Column="Expr1136" /><ColumnReference Database="Database1" Schema="Schema1" Table="Object20" Alias="Object37" Column="Column53" /><ColumnReference Database="Database1" Schema="Schema1" Table="Object8" Alias="Object38" Column="Column50" /><ColumnReference Database="Database1" Schema="Schema1" Table="Object8" Alias="Object39" Column="Column50" /><ColumnReference Database="Database1" Schema="Schema1" Table="Object8" Alias="Object40" Column="Column50" /><ColumnReference Column="Expr1181" /><ColumnReference Column="Expr1203" /><ColumnReference Column="Expr1271" /><ColumnReference Column="Expr1275" /><ColumnReference Column="Expr1276" /><ColumnReference Column="Expr1282" /><ColumnReference Column="Expr1283" /><ColumnReference Column="Expr1284" /><ColumnReference Column="Expr1285" /><ColumnReference Column="Expr1286" /><ColumnReference Column="Expr1287" /><ColumnReference Column="Expr1288" /></OutputList><RunTimeInformation><RunTimeCountersPerThread Thread="0" ActualRows="10611" Batches="0" ActualEndOfScans="1" ActualExecutions="1" ActualExecutionMode="Row" ActualElapsedms="53520" ActualCPUms="30457" /></RunTimeInformation><NestedLoops Optimized="false"><OuterReferences><ColumnReference Database="Database1" Schema="Schema1" Table="Object23" Alias="Object31" Column="Column2" /></OuterReferences><RelOp AvgRowSize="4366" EstimateCPU="0.00110659" EstimateIO="0" EstimateRebinds="0" EstimateRewinds="0" EstimatedExecutionMode="Row" EstimateRows="22131.7" LogicalOp="Compute Scalar" NodeId="13" Parallel="true" PhysicalOp="Compute Scalar" EstimatedTotalSubtreeCost="1696.75"><OutputList><ColumnReference Database="Database1" Schema="Schema1" Table="Object28" Alias="Object30" Column="Column47" /><ColumnReference Database="Database1" Schema="Schema1" Table="Object28" Alias="Object30" Column="Column48" /><ColumnReference Database="Database1" Schema="Schema1" Table="Object23" Alias="Object31" Column="Column46" /><ColumnReference Database="Database1" Schema="Schema1" Table="Object23" Alias="Object31" Column="Column54" /><ColumnReference Database="Database1" Schema="Schema1" Table="Object23" Alias="Object31" Column="Column12" /><ColumnReference Database="Database1" Schema="Schema1" Table="Object23" Alias="Object31" Column="Column2" /><ColumnReference Database="Database1" Schema="Schema1" Table="Object23" Alias="Object31" Column="Column49" /><ColumnReference Column="Union1053" /><ColumnReference Database="Database1" Schema="Schema1" Table="Object22" Alias="Object42" Column="Column55" /><ColumnReference Database="Database1" Schema="Schema1" Table="Object8" Alias="Object32" Column="Column50" /><ColumnReference Database="Database1" Schema="Schema1" Table="Object22" Alias="Object43" Column="Column55" /><ColumnReference Database="Database1" Schema="Schema1" Table="Object22" Alias="Object33" Column="Column55" /><ColumnReference Database="Database1" Schema="Schema1" Table="Object22" Alias="Object33" Column="Column51" /><ColumnReference Database="Database1" Schema="Schema1" Table="Object22" Alias="Object34" Column="Column55" /><ColumnReference Database="Database1" Schema="Schema1" Table="Object22" Alias="Object34" Column="Column51" /><ColumnReference Database="Database1" Schema="Schema1" Table="Object10" Alias="Object47" Column="Column50" /><ColumnReference Database="Database1" Schema="Schema1" Table="Object10" Alias="Object46" Column="Column50" /><ColumnReference Database="Database1" Schema="Schema1" Table="Object10" Alias="Object45" Column="Column50" /><ColumnReference Database="Database1" Schema="Schema1" Table="Object10" Alias="Object44" Column="Column50" /><ColumnReference Database="Database1" Schema="Schema1" Table="Object21" Alias="Object35" Column="Column52" /><ColumnReference Database="Database1" Schema="Schema1" Table="Object21" Alias="Object35" Column="Column3" /><ColumnReference Database="Database1" Schema="Schema1" Table="Object21" Alias="Object35" Column="Column5" /><ColumnReference Database="Database1" Schema="Schema1" Table="Object8" Alias="Object36" Column="Column50" /><ColumnReference Column="Expr1136" /><ColumnReference Database="Database1" Schema="Schema1" Table="Object20" Alias="Object37" Column="Column53" /><ColumnReference Database="Database1" Schema="Schema1" Table="Object8" Alias="Object38" Column="Column50" /><ColumnReference Database="Database1" Schema="Schema1" Table="Object8" Alias="Object39" Column="Column50" /><ColumnReference Database="Database1" Schema="Schema1" Table="Object8" Alias="Object40" Column="Column50" /><ColumnReference Column="Expr1271" /><ColumnReference Column="Expr1275" /><ColumnReference Column="Expr1276" /><ColumnReference Column="Expr1282" /><ColumnReference Column="Expr1283" /><ColumnReference Column="Expr1284" /><ColumnReference Column="Expr1285" /><ColumnReference Column="Expr1286" /><ColumnReference Column="Expr1287" /><ColumnReference Column="Expr1288" /></OutputList><ComputeScalar><DefinedValues><DefinedValue><ColumnReference Column="Expr1288" /><ScalarOperator ScalarString="ScalarString17"><Intrinsic FunctionName="Function2"><ScalarOperator><Identifier><ColumnReference Database="Database1" Schema="Schema1" Table="Object26" Alias="Object48" Column="Column63" /></Identifier></ScalarOperator><ScalarOperator><Const ConstValue="Value6" /></ScalarOperator></Intrinsic></ScalarOperator></DefinedValue></DefinedValues><RelOp AvgRowSize="4366" EstimateCPU="0.0836949" EstimateIO="0.268147" EstimateRebinds="0" EstimateRewinds="0" EstimatedExecutionMode="Row" EstimateRows="22131.7" LogicalOp="Left Outer Join" NodeId="14" Parallel="true" PhysicalOp="Merge Join" EstimatedTotalSubtreeCost="1696.75"><OutputList><ColumnReference Database="Database1" Schema="Schema1" Table="Object28" Alias="Object30" Column="Column47" /><ColumnReference Database="Database1" Schema="Schema1" Table="Object28" Alias="Object30" Column="Column48" /><ColumnReference Database="Database1" Schema="Schema1" Table="Object23" Alias="Object31" Column="Column46" /><ColumnReference Database="Database1" Schema="Schema1" Table="Object23" Alias="Object31" Column="Column54" /><ColumnReference Database="Database1" Schema="Schema1" Table="Object23" Alias="Object31" Column="Column12" /><ColumnReference Database="Database1" Schema="Schema1" Table="Object23" Alias="Object31" Column="Column2" /><ColumnReference Database="Database1" Schema="Schema1" Table="Object23" Alias="Object31" Column="Column49" /><ColumnReference Column="Union1053" /><ColumnReference Database="Database1" Schema="Schema1" Table="Object22" Alias="Object42" Column="Column55" /><ColumnReference Database="Database1" Schema="Schema1" Table="Object8" Alias="Object32" Column="Column50" /><ColumnReference Database="Database1" Schema="Schema1" Table="Object22" Alias="Object43" Column="Column55" /><ColumnReference Database="Database1" Schema="Schema1" Table="Object22" Alias="Object33" Column="Column55" /><ColumnReference Database="Database1" Schema="Schema1" Table="Object22" Alias="Object33" Column="Column51" /><ColumnReference Database="Database1" Schema="Schema1" Table="Object22" Alias="Object34" Column="Column55" /><ColumnReference Database="Database1" Schema="Schema1" Table="Object22" Alias="Object34" Column="Column51" /><ColumnReference Database="Database1" Schema="Schema1" Table="Object10" Alias="Object47" Column="Column50" /><ColumnReference Database="Database1" Schema="Schema1" Table="Object10" Alias="Object46" Column="Column50" /><ColumnReference Database="Database1" Schema="Schema1" Table="Object10" Alias="Object45" Column="Column50" /><ColumnReference Database="Database1" Schema="Schema1" Table="Object10" Alias="Object44" Column="Column50" /><ColumnReference Database="Database1" Schema="Schema1" Table="Object21" Alias="Object35" Column="Column52" /><ColumnReference Database="Database1" Schema="Schema1" Table="Object21" Alias="Object35" Column="Column3" /><ColumnReference Database="Database1" Schema="Schema1" Table="Object21" Alias="Object35" Column="Column5" /><ColumnReference Database="Database1" Schema="Schema1" Table="Object8" Alias="Object36" Column="Column50" /><ColumnReference Column="Expr1136" /><ColumnReference Database="Database1" Schema="Schema1" Table="Object20" Alias="Object37" Column="Column53" /><ColumnReference Database="Database1" Schema="Schema1" Table="Object8" Alias="Object38" Column="Column50" /><ColumnReference Database="Database1" Schema="Schema1" Table="Object8" Alias="Object39" Column="Column50" /><ColumnReference Database="Database1" Schema="Schema1" Table="Object8" Alias="Object40" Column="Column50" /><ColumnReference Database="Database1" Schema="Schema1" Table="Object26" Alias="Object48" Column="Column63" /><ColumnReference Column="Expr1271" /><ColumnReference Column="Expr1275" /><ColumnReference Column="Expr1276" /><ColumnReference Column="Expr1282" /><ColumnReference Column="Expr1283" /><ColumnReference Column="Expr1284" /><ColumnReference Column="Expr1285" /><ColumnReference Column="Expr1286" /><ColumnReference Column="Expr1287" /></OutputList><RunTimeInformation><RunTimeCountersPerThread Thread="0" ActualRows="10611" ActualRowsRead="1279" Batches="0" ActualEndOfScans="1" ActualExecutions="1" ActualExecutionMode="Row" ActualElapsedms="45835" ActualCPUms="27449" ActualScans="316" ActualLogicalReads="2881" ActualPhysicalReads="0" ActualReadAheads="0" ActualLobLogicalReads="0" ActualLobPhysicalReads="0" ActualLobReadAheads="0" /></RunTimeInformation><Merge ManyToMany="true"><InnerSideJoinColumns><ColumnReference Database="Database1" Schema="Schema1" Table="Object26" Alias="Object48" Column="Column51" /></InnerSideJoinColumns><OuterSideJoinColumns><ColumnReference Database="Database1" Schema="Schema1" Table="Object23" Alias="Object31" Column="Column2" /></OuterSideJoinColumns><Residual><ScalarOperator ScalarString="ScalarString18"><Compare CompareOp="EQ"><ScalarOperator><Identifier><ColumnReference Database="Database1" Schema="Schema1" Table="Object26" Alias="Object48" Column="Column51" /></Identifier></ScalarOperator><ScalarOperator><Identifier><ColumnReference Database="Database1" Schema="Schema1" Table="Object23" Alias="Object31" Column="Column2" /></Identifier></ScalarOperator></Compare></ScalarOperator></Residual><RelOp AvgRowSize="4358" EstimateCPU="3.60545" EstimateIO="0" EstimateRebinds="0" EstimateRewinds="0" EstimatedExecutionMode="Row" EstimateRows="21621.7" LogicalOp="Repartition Streams" NodeId="15" Parallel="true" PhysicalOp="Parallelism" EstimatedTotalSubtreeCost="1695.4"><OutputList><ColumnReference Database="Database1" Schema="Schema1" Table="Object28" Alias="Object30" Column="Column47" /><ColumnReference Database="Database1" Schema="Schema1" Table="Object28" Alias="Object30" Column="Column48" /><ColumnReference Database="Database1" Schema="Schema1" Table="Object23" Alias="Object31" Column="Column46" /><ColumnReference Database="Database1" Schema="Schema1" Table="Object23" Alias="Object31" Column="Column54" /><ColumnReference Database="Database1" Schema="Schema1" Table="Object23" Alias="Object31" Column="Column12" /><ColumnReference Database="Database1" Schema="Schema1" Table="Object23" Alias="Object31" Column="Column2" /><ColumnReference Database="Database1" Schema="Schema1" Table="Object23" Alias="Object31" Column="Column49" /><ColumnReference Column="Union1053" /><ColumnReference Database="Database1" Schema="Schema1" Table="Object22" Alias="Object42" Column="Column55" /><ColumnReference Database="Database1" Schema="Schema1" Table="Object8" Alias="Object32" Column="Column50" /><ColumnReference Database="Database1" Schema="Schema1" Table="Object22" Alias="Object43" Column="Column55" /><ColumnReference Database="Database1" Schema="Schema1" Table="Object22" Alias="Object33" Column="Column55" /><ColumnReference Database="Database1" Schema="Schema1" Table="Object22" Alias="Object33" Column="Column51" /><ColumnReference Database="Database1" Schema="Schema1" Table="Object22" Alias="Object34" Column="Column55" /><ColumnReference Database="Database1" Schema="Schema1" Table="Object22" Alias="Object34" Column="Column51" /><ColumnReference Database="Database1" Schema="Schema1" Table="Object10" Alias="Object47" Column="Column50" /><ColumnReference Database="Database1" Schema="Schema1" Table="Object10" Alias="Object46" Column="Column50" /><ColumnReference Database="Database1" Schema="Schema1" Table="Object10" Alias="Object45" Column="Column50" /><ColumnReference Database="Database1" Schema="Schema1" Table="Object10" Alias="Object44" Column="Column50" /><ColumnReference Database="Database1" Schema="Schema1" Table="Object21" Alias="Object35" Column="Column52" /><ColumnReference Database="Database1" Schema="Schema1" Table="Object21" Alias="Object35" Column="Column3" /><ColumnReference Database="Database1" Schema="Schema1" Table="Object21" Alias="Object35" Column="Column5" /><ColumnReference Database="Database1" Schema="Schema1" Table="Object8" Alias="Object36" Column="Column50" /><ColumnReference Column="Expr1136" /><ColumnReference Database="Database1" Schema="Schema1" Table="Object20" Alias="Object37" Column="Column53" /><ColumnReference Database="Database1" Schema="Schema1" Table="Object8" Alias="Object38" Column="Column50" /><ColumnReference Database="Database1" Schema="Schema1" Table="Object8" Alias="Object39" Column="Column50" /><ColumnReference Database="Database1" Schema="Schema1" Table="Object8" Alias="Object40" Column="Column50" /><ColumnReference Column="Expr1271" /><ColumnReference Column="Expr1275" /><ColumnReference Column="Expr1276" /><ColumnReference Column="Expr1282" /><ColumnReference Column="Expr1283" /><ColumnReference Column="Expr1284" /><ColumnReference Column="Expr1285" /><ColumnReference Column="Expr1286" /><ColumnReference Column="Expr1287" /></OutputList><Parallelism PartitioningType="Hash"><PartitionColumns><ColumnReference Database="Database1" Schema="Schema1" Table="Object23" Alias="Object31" Column="Column2" /></PartitionColumns><OrderBy><OrderByColumn Ascending="true"><ColumnReference Database="Database1" Schema="Schema1" Table="Object23" Alias="Object31" Column="Column2" /></OrderByColumn></OrderBy><RelOp AvgRowSize="4358" EstimateCPU="0.0451894" EstimateIO="0" EstimateRebinds="0" EstimateRewinds="0" EstimatedExecutionMode="Row" EstimateRows="21621.7" LogicalOp="Left Outer Join" NodeId="16" Parallel="true" PhysicalOp="Nested Loops" EstimatedTotalSubtreeCost="1691.8"><OutputList><ColumnReference Database="Database1" Schema="Schema1" Table="Object28" Alias="Object30" Column="Column47" /><ColumnReference Database="Database1" Schema="Schema1" Table="Object28" Alias="Object30" Column="Column48" /><ColumnReference Database="Database1" Schema="Schema1" Table="Object23" Alias="Object31" Column="Column46" /><ColumnReference Database="Database1" Schema="Schema1" Table="Object23" Alias="Object31" Column="Column54" /><ColumnReference Database="Database1" Schema="Schema1" Table="Object23" Alias="Object31" Column="Column12" /><ColumnReference Database="Database1" Schema="Schema1" Table="Object23" Alias="Object31" Column="Column2" /><ColumnReference Database="Database1" Schema="Schema1" Table="Object23" Alias="Object31" Column="Column49" /><ColumnReference Column="Union1053" /><ColumnReference Database="Database1" Schema="Schema1" Table="Object22" Alias="Object42" Column="Column55" /><ColumnReference Database="Database1" Schema="Schema1" Table="Object8" Alias="Object32" Column="Column50" /><ColumnReference Database="Database1" Schema="Schema1" Table="Object22" Alias="Object43" Column="Column55" /><ColumnReference Database="Database1" Schema="Schema1" Table="Object22" Alias="Object33" Column="Column55" /><ColumnReference Database="Database1" Schema="Schema1" Table="Object22" Alias="Object33" Column="Column51" /><ColumnReference Database="Database1" Schema="Schema1" Table="Object22" Alias="Object34" Column="Column55" /><ColumnReference Database="Database1" Schema="Schema1" Table="Object22" Alias="Object34" Column="Column51" /><ColumnReference Database="Database1" Schema="Schema1" Table="Object10" Alias="Object47" Column="Column50" /><ColumnReference Database="Database1" Schema="Schema1" Table="Object10" Alias="Object46" Column="Column50" /><ColumnReference Database="Database1" Schema="Schema1" Table="Object10" Alias="Object45" Column="Column50" /><ColumnReference Database="Database1" Schema="Schema1" Table="Object10" Alias="Object44" Column="Column50" /><ColumnReference Database="Database1" Schema="Schema1" Table="Object21" Alias="Object35" Column="Column52" /><ColumnReference Database="Database1" Schema="Schema1" Table="Object21" Alias="Object35" Column="Column3" /><ColumnReference Database="Database1" Schema="Schema1" Table="Object21" Alias="Object35" Column="Column5" /><ColumnReference Database="Database1" Schema="Schema1" Table="Object8" Alias="Object36" Column="Column50" /><ColumnReference Column="Expr1136" /><ColumnReference Database="Database1" Schema="Schema1" Table="Object20" Alias="Object37" Column="Column53" /><ColumnReference Database="Database1" Schema="Schema1" Table="Object8" Alias="Object38" Column="Column50" /><ColumnReference Database="Database1" Schema="Schema1" Table="Object8" Alias="Object39" Column="Column50" /><ColumnReference Database="Database1" Schema="Schema1" Table="Object8" Alias="Object40" Column="Column50" /><ColumnReference Column="Expr1271" /><ColumnReference Column="Expr1275" /><ColumnReference Column="Expr1276" /><ColumnReference Column="Expr1282" /><ColumnReference Column="Expr1283" /><ColumnReference Column="Expr1284" /><ColumnReference Column="Expr1285" /><ColumnReference Column="Expr1286" /><ColumnReference Column="Expr1287" /></OutputList><RunTimeInformation><RunTimeCountersPerThread Thread="0" ActualRows="10095" Batches="0" ActualEndOfScans="1" ActualExecutions="1" ActualExecutionMode="Row" ActualElapsedms="45766" ActualCPUms="27405" /></RunTimeInformation><NestedLoops Optimized="false" WithOrderedPrefetch="true"><OuterReferences><ColumnReference Database="Database1" Schema="Schema1" Table="Object28" Alias="Object30" Column="Column47" /><ColumnReference Database="Database1" Schema="Schema1" Table="Object28" Alias="Object30" Column="Column48" /><ColumnReference Database="Database1" Schema="Schema1" Table="Object8" Alias="Object49" Column="Column64" /><ColumnReference Column="Expr2025" /></OuterReferences><RelOp AvgRowSize="4335" EstimateCPU="0.0451894" EstimateIO="0" EstimateRebinds="0" EstimateRewinds="0" EstimatedExecutionMode="Row" EstimateRows="21621.7" LogicalOp="Left Outer Join" NodeId="18" Parallel="true" PhysicalOp="Nested Loops" EstimatedTotalSubtreeCost="1605.53"><OutputList><ColumnReference Database="Database1" Schema="Schema1" Table="Object28" Alias="Object30" Column="Column47" /><ColumnReference Database="Database1" Schema="Schema1" Table="Object28" Alias="Object30" Column="Column48" /><ColumnReference Database="Database1" Schema="Schema1" Table="Object23" Alias="Object31" Column="Column46" /><ColumnReference Database="Database1" Schema="Schema1" Table="Object23" Alias="Object31" Column="Column54" /><ColumnReference Database="Database1" Schema="Schema1" Table="Object23" Alias="Object31" Column="Column12" /><ColumnReference Database="Database1" Schema="Schema1" Table="Object23" Alias="Object31" Column="Column2" /><ColumnReference Database="Database1" Schema="Schema1" Table="Object8" Alias="Object49" Column="Column64" /><ColumnReference Database="Database1" Schema="Schema1" Table="Object23" Alias="Object31" Column="Column49" /><ColumnReference Column="Union1053" /><ColumnReference Database="Database1" Schema="Schema1" Table="Object22" Alias="Object42" Column="Column55" /><ColumnReference Database="Database1" Schema="Schema1" Table="Object8" Alias="Object32" Column="Column50" /><ColumnReference Database="Database1" Schema="Schema1" Table="Object22" Alias="Object43" Column="Column55" /><ColumnReference Database="Database1" Schema="Schema1" Table="Object22" Alias="Object33" Column="Column55" /><ColumnReference Database="Database1" Schema="Schema1" Table="Object22" Alias="Object33" Column="Column51" /><ColumnReference Database="Database1" Schema="Schema1" Table="Object22" Alias="Object34" Column="Column55" /><ColumnReference Database="Database1" Schema="Schema1" Table="Object22" Alias="Object34" Column="Column51" /><ColumnReference Database="Database1" Schema="Schema1" Table="Object10" Alias="Object47" Column="Column50" /><ColumnReference Database="Database1" Schema="Schema1" Table="Object10" Alias="Object46" Column="Column50" /><ColumnReference Database="Database1" Schema="Schema1" Table="Object10" Alias="Object45" Column="Column50" /><ColumnReference Database="Database1" Schema="Schema1" Table="Object10" Alias="Object44" Column="Column50" /><ColumnReference Database="Database1" Schema="Schema1" Table="Object21" Alias="Object35" Column="Column52" /><ColumnReference Database="Database1" Schema="Schema1" Table="Object21" Alias="Object35" Column="Column3" /><ColumnReference Database="Database1" Schema="Schema1" Table="Object21" Alias="Object35" Column="Column5" /><ColumnReference Database="Database1" Schema="Schema1" Table="Object8" Alias="Object36" Column="Column50" /><ColumnReference Column="Expr1136" /><ColumnReference Database="Database1" Schema="Schema1" Table="Object20" Alias="Object37" Column="Column53" /><ColumnReference Database="Database1" Schema="Schema1" Table="Object8" Alias="Object38" Column="Column50" /><ColumnReference Database="Database1" Schema="Schema1" Table="Object8" Alias="Object39" Column="Column50" /><ColumnReference Column="Expr1271" /><ColumnReference Column="Expr1275" /><ColumnReference Column="Expr1276" /><ColumnReference Column="Expr1282" /><ColumnReference Column="Expr1283" /><ColumnReference Column="Expr1284" /><ColumnReference Column="Expr1285" /><ColumnReference Column="Expr1286" /><ColumnReference Column="Expr1287" /></OutputList><RunTimeInformation><RunTimeCountersPerThread Thread="0" ActualRows="10093" Batches="0" ActualEndOfScans="1" ActualExecutions="1" ActualExecutionMode="Row" ActualElapsedms="44666" ActualCPUms="26725" /></RunTimeInformation><NestedLoops Optimized="false" WithOrderedPrefetch="true"><OuterReferences><ColumnReference Database="Database1" Schema="Schema1" Table="Object28" Alias="Object30" Column="Column47" /><ColumnReference Database="Database1" Schema="Schema1" Table="Object28" Alias="Object30" Column="Column48" /><ColumnReference Database="Database1" Schema="Schema1" Table="Object8" Alias="Object49" Column="Column64" /><ColumnReference Column="Expr2024" /></OuterReferences><RelOp AvgRowSize="4308" EstimateCPU="0.0451894" EstimateIO="0" EstimateRebinds="0" EstimateRewinds="0" EstimatedExecutionMode="Row" EstimateRows="21621.7" LogicalOp="Left Outer Join" NodeId="20" Parallel="true" PhysicalOp="Nested Loops" EstimatedTotalSubtreeCost="1519.26"><OutputList><ColumnReference Database="Database1" Schema="Schema1" Table="Object28" Alias="Object30" Column="Column47" /><ColumnReference Database="Database1" Schema="Schema1" Table="Object28" Alias="Object30" Column="Column48" /><ColumnReference Database="Database1" Schema="Schema1" Table="Object23" Alias="Object31" Column="Column46" /><ColumnReference Database="Database1" Schema="Schema1" Table="Object23" Alias="Object31" Column="Column54" /><ColumnReference Database="Database1" Schema="Schema1" Table="Object23" Alias="Object31" Column="Column12" /><ColumnReference Database="Database1" Schema="Schema1" Table="Object23" Alias="Object31" Column="Column2" /><ColumnReference Database="Database1" Schema="Schema1" Table="Object8" Alias="Object49" Column="Column64" /><ColumnReference Database="Database1" Schema="Schema1" Table="Object23" Alias="Object31" Column="Column49" /><ColumnReference Column="Union1053" /><ColumnReference Database="Database1" Schema="Schema1" Table="Object22" Alias="Object42" Column="Column55" /><ColumnReference Database="Database1" Schema="Schema1" Table="Object8" Alias="Object32" Column="Column50" /><ColumnReference Database="Database1" Schema="Schema1" Table="Object22" Alias="Object43" Column="Column55" /><ColumnReference Database="Database1" Schema="Schema1" Table="Object22" Alias="Object33" Column="Column55" /><ColumnReference Database="Database1" Schema="Schema1" Table="Object22" Alias="Object33" Column="Column51" /><ColumnReference Database="Database1" Schema="Schema1" Table="Object22" Alias="Object34" Column="Column55" /><ColumnReference Database="Database1" Schema="Schema1" Table="Object22" Alias="Object34" Column="Column51" /><ColumnReference Database="Database1" Schema="Schema1" Table="Object10" Alias="Object47" Column="Column50" /><ColumnReference Database="Database1" Schema="Schema1" Table="Object10" Alias="Object46" Column="Column50" /><ColumnReference Database="Database1" Schema="Schema1" Table="Object10" Alias="Object45" Column="Column50" /><ColumnReference Database="Database1" Schema="Schema1" Table="Object10" Alias="Object44" Column="Column50" /><ColumnReference Database="Database1" Schema="Schema1" Table="Object21" Alias="Object35" Column="Column52" /><ColumnReference Database="Database1" Schema="Schema1" Table="Object21" Alias="Object35" Column="Column3" /><ColumnReference Database="Database1" Schema="Schema1" Table="Object21" Alias="Object35" Column="Column5" /><ColumnReference Database="Database1" Schema="Schema1" Table="Object8" Alias="Object36" Column="Column50" /><ColumnReference Column="Expr1136" /><ColumnReference Database="Database1" Schema="Schema1" Table="Object20" Alias="Object37" Column="Column53" /><ColumnReference Database="Database1" Schema="Schema1" Table="Object8" Alias="Object38" Column="Column50" /><ColumnReference Column="Expr1271" /><ColumnReference Column="Expr1275" /><ColumnReference Column="Expr1276" /><ColumnReference Column="Expr1282" /><ColumnReference Column="Expr1283" /><ColumnReference Column="Expr1284" /><ColumnReference Column="Expr1285" /><ColumnReference Column="Expr1286" /><ColumnReference Column="Expr1287" /></OutputList><RunTimeInformation><RunTimeCountersPerThread Thread="0" ActualRows="10093" Batches="0" ActualEndOfScans="1" ActualExecutions="1" ActualExecutionMode="Row" ActualElapsedms="43736" ActualCPUms="26109" /></RunTimeInformation><NestedLoops Optimized="false" WithOrderedPrefetch="true"><OuterReferences><ColumnReference Database="Database1" Schema="Schema1" Table="Object28" Alias="Object30" Column="Column47" /><ColumnReference Database="Database1" Schema="Schema1" Table="Object28" Alias="Object30" Column="Column48" /><ColumnReference Database="Database1" Schema="Schema1" Table="Object8" Alias="Object49" Column="Column64" /><ColumnReference Column="Expr2023" /></OuterReferences><RelOp AvgRowSize="4281" EstimateCPU="0.00108109" EstimateIO="0" EstimateRebinds="0" EstimateRewinds="0" EstimatedExecutionMode="Row" EstimateRows="21621.7" LogicalOp="Compute Scalar" NodeId="22" Parallel="true" PhysicalOp="Compute Scalar" EstimatedTotalSubtreeCost="1433"><OutputList><ColumnReference Database="Database1" Schema="Schema1" Table="Object28" Alias="Object30" Column="Column47" /><ColumnReference Database="Database1" Schema="Schema1" Table="Object28" Alias="Object30" Column="Column48" /><ColumnReference Database="Database1" Schema="Schema1" Table="Object23" Alias="Object31" Column="Column46" /><ColumnReference Database="Database1" Schema="Schema1" Table="Object23" Alias="Object31" Column="Column54" /><ColumnReference Database="Database1" Schema="Schema1" Table="Object23" Alias="Object31" Column="Column12" /><ColumnReference Database="Database1" Schema="Schema1" Table="Object23" Alias="Object31" Column="Column2" /><ColumnReference Database="Database1" Schema="Schema1" Table="Object8" Alias="Object49" Column="Column64" /><ColumnReference Database="Database1" Schema="Schema1" Table="Object23" Alias="Object31" Column="Column49" /><ColumnReference Column="Union1053" /><ColumnReference Database="Database1" Schema="Schema1" Table="Object22" Alias="Object42" Column="Column55" /><ColumnReference Database="Database1" Schema="Schema1" Table="Object8" Alias="Object32" Column="Column50" /><ColumnReference Database="Database1" Schema="Schema1" Table="Object22" Alias="Object43" Column="Column55" /><ColumnReference Database="Database1" Schema="Schema1" Table="Object22" Alias="Object33" Column="Column55" /><ColumnReference Database="Database1" Schema="Schema1" Table="Object22" Alias="Object33" Column="Column51" /><ColumnReference Database="Database1" Schema="Schema1" Table="Object22" Alias="Object34" Column="Column55" /><ColumnReference Database="Database1" Schema="Schema1" Table="Object22" Alias="Object34" Column="Column51" /><ColumnReference Database="Database1" Schema="Schema1" Table="Object10" Alias="Object47" Column="Column50" /><ColumnReference Database="Database1" Schema="Schema1" Table="Object10" Alias="Object46" Column="Column50" /><ColumnReference Database="Database1" Schema="Schema1" Table="Object10" Alias="Object45" Column="Column50" /><ColumnReference Database="Database1" Schema="Schema1" Table="Object10" Alias="Object44" Column="Column50" /><ColumnReference Database="Database1" Schema="Schema1" Table="Object21" Alias="Object35" Column="Column52" /><ColumnReference Database="Database1" Schema="Schema1" Table="Object21" Alias="Object35" Column="Column3" /><ColumnReference Database="Database1" Schema="Schema1" Table="Object21" Alias="Object35" Column="Column5" /><ColumnReference Database="Database1" Schema="Schema1" Table="Object8" Alias="Object36" Column="Column50" /><ColumnReference Column="Expr1136" /><ColumnReference Database="Database1" Schema="Schema1" Table="Object20" Alias="Object37" Column="Column53" /><ColumnReference Column="Expr1271" /><ColumnReference Column="Expr1275" /><ColumnReference Column="Expr1276" /><ColumnReference Column="Expr1282" /><ColumnReference Column="Expr1283" /><ColumnReference Column="Expr1284" /><ColumnReference Column="Expr1285" /><ColumnReference Column="Expr1286" /><ColumnReference Column="Expr1287" /></OutputList><ComputeScalar><DefinedValues><DefinedValue><ColumnReference Column="Expr1286" /><ScalarOperator ScalarString="ScalarString19"><Intrinsic FunctionName="Function2"><ScalarOperator><Identifier><ColumnReference Database="Database1" Schema="Schema1" Table="Object15" Alias="Object50" Column="Column65" /></Identifier></ScalarOperator><ScalarOperator><Const ConstValue="Value6" /></ScalarOperator></Intrinsic></ScalarOperator></DefinedValue><DefinedValue><ColumnReference Column="Expr1287" /><ScalarOperator ScalarString="ScalarString20"><Intrinsic FunctionName="Function2"><ScalarOperator><Identifier><ColumnReference Database="Database1" Schema="Schema1" Table="Object15" Alias="Object50" Column="Column66" /></Identifier></ScalarOperator><ScalarOperator><Const ConstValue="Value4" /></ScalarOperator></Intrinsic></ScalarOperator></DefinedValue></DefinedValues><RelOp AvgRowSize="4261" EstimateCPU="0.0813011" EstimateIO="0.278999" EstimateRebinds="0" EstimateRewinds="0" EstimatedExecutionMode="Row" EstimateRows="21621.7" LogicalOp="Left Outer Join" NodeId="23" Parallel="true" PhysicalOp="Merge Join" EstimatedTotalSubtreeCost="1433"><OutputList><ColumnReference Database="Database1" Schema="Schema1" Table="Object28" Alias="Object30" Column="Column47" /><ColumnReference Database="Database1" Schema="Schema1" Table="Object28" Alias="Object30" Column="Column48" /><ColumnReference Database="Database1" Schema="Schema1" Table="Object23" Alias="Object31" Column="Column46" /><ColumnReference Database="Database1" Schema="Schema1" Table="Object23" Alias="Object31" Column="Column54" /><ColumnReference Database="Database1" Schema="Schema1" Table="Object23" Alias="Object31" Column="Column12" /><ColumnReference Database="Database1" Schema="Schema1" Table="Object23" Alias="Object31" Column="Column2" /><ColumnReference Database="Database1" Schema="Schema1" Table="Object8" Alias="Object49" Column="Column64" /><ColumnReference Database="Database1" Schema="Schema1" Table="Object23" Alias="Object31" Column="Column49" /><ColumnReference Column="Union1053" /><ColumnReference Database="Database1" Schema="Schema1" Table="Object22" Alias="Object42" Column="Column55" /><ColumnReference Database="Database1" Schema="Schema1" Table="Object8" Alias="Object32" Column="Column50" /><ColumnReference Database="Database1" Schema="Schema1" Table="Object22" Alias="Object43" Column="Column55" /><ColumnReference Database="Database1" Schema="Schema1" Table="Object22" Alias="Object33" Column="Column55" /><ColumnReference Database="Database1" Schema="Schema1" Table="Object22" Alias="Object33" Column="Column51" /><ColumnReference Database="Database1" Schema="Schema1" Table="Object22" Alias="Object34" Column="Column55" /><ColumnReference Database="Database1" Schema="Schema1" Table="Object22" Alias="Object34" Column="Column51" /><ColumnReference Database="Database1" Schema="Schema1" Table="Object10" Alias="Object47" Column="Column50" /><ColumnReference Database="Database1" Schema="Schema1" Table="Object10" Alias="Object46" Column="Column50" /><ColumnReference Database="Database1" Schema="Schema1" Table="Object10" Alias="Object45" Column="Column50" /><ColumnReference Database="Database1" Schema="Schema1" Table="Object10" Alias="Object44" Column="Column50" /><ColumnReference Database="Database1" Schema="Schema1" Table="Object21" Alias="Object35" Column="Column52" /><ColumnReference Database="Database1" Schema="Schema1" Table="Object21" Alias="Object35" Column="Column3" /><ColumnReference Database="Database1" Schema="Schema1" Table="Object21" Alias="Object35" Column="Column5" /><ColumnReference Database="Database1" Schema="Schema1" Table="Object8" Alias="Object36" Column="Column50" /><ColumnReference Column="Expr1136" /><ColumnReference Database="Database1" Schema="Schema1" Table="Object20" Alias="Object37" Column="Column53" /><ColumnReference Database="Database1" Schema="Schema1" Table="Object15" Alias="Object50" Column="Column65" /><ColumnReference Database="Database1" Schema="Schema1" Table="Object15" Alias="Object50" Column="Column66" /><ColumnReference Column="Expr1271" /><ColumnReference Column="Expr1275" /><ColumnReference Column="Expr1276" /><ColumnReference Column="Expr1282" /><ColumnReference Column="Expr1283" /><ColumnReference Column="Expr1284" /><ColumnReference Column="Expr1285" /></OutputList><RunTimeInformation><RunTimeCountersPerThread Thread="0" ActualRows="10093" ActualRowsRead="13" Batches="0" ActualEndOfScans="1" ActualExecutions="1" ActualExecutionMode="Row" ActualElapsedms="42761" ActualCPUms="25498" ActualScans="3" ActualLogicalReads="29" ActualPhysicalReads="0" ActualReadAheads="0" ActualLobLogicalReads="0" ActualLobPhysicalReads="0" ActualLobReadAheads="0" /></RunTimeInformation><Merge ManyToMany="true"><InnerSideJoinColumns><ColumnReference Database="Database1" Schema="Schema1" Table="Object15" Alias="Object50" Column="Column51" /><ColumnReference Database="Database1" Schema="Schema1" Table="Object15" Alias="Object50" Column="Column67" /></InnerSideJoinColumns><OuterSideJoinColumns><ColumnReference Database="Database1" Schema="Schema1" Table="Object23" Alias="Object31" Column="Column2" /><ColumnReference Database="Database1" Schema="Schema1" Table="Object23" Alias="Object31" Column="Column12" /></OuterSideJoinColumns><Residual><ScalarOperator ScalarString="ScalarString21"><Logical Operation="AND"><ScalarOperator><Compare CompareOp="EQ"><ScalarOperator><Identifier><ColumnReference Database="Database1" Schema="Schema1" Table="Object15" Alias="Object50" Column="Column51" /></Identifier></ScalarOperator><ScalarOperator><Identifier><ColumnReference Database="Database1" Schema="Schema1" Table="Object23" Alias="Object31" Column="Column2" /></Identifier></ScalarOperator></Compare></ScalarOperator><ScalarOperator><Compare CompareOp="EQ"><ScalarOperator><Identifier><ColumnReference Database="Database1" Schema="Schema1" Table="Object15" Alias="Object50" Column="Column67" /></Identifier></ScalarOperator><ScalarOperator><Identifier><ColumnReference Database="Database1" Schema="Schema1" Table="Object23" Alias="Object31" Column="Column12" /></Identifier></ScalarOperator></Compare></ScalarOperator></Logical></ScalarOperator></Residual><RelOp AvgRowSize="4246" EstimateCPU="3.51549" EstimateIO="0" EstimateRebinds="0" EstimateRewinds="0" EstimatedExecutionMode="Row" EstimateRows="21621.7" LogicalOp="Repartition Streams" NodeId="24" Parallel="true" PhysicalOp="Parallelism" EstimatedTotalSubtreeCost="1430.39"><OutputList><ColumnReference Database="Database1" Schema="Schema1" Table="Object28" Alias="Object30" Column="Column47" /><ColumnReference Database="Database1" Schema="Schema1" Table="Object28" Alias="Object30" Column="Column48" /><ColumnReference Database="Database1" Schema="Schema1" Table="Object23" Alias="Object31" Column="Column46" /><ColumnReference Database="Database1" Schema="Schema1" Table="Object23" Alias="Object31" Column="Column54" /><ColumnReference Database="Database1" Schema="Schema1" Table="Object23" Alias="Object31" Column="Column12" /><ColumnReference Database="Database1" Schema="Schema1" Table="Object23" Alias="Object31" Column="Column2" /><ColumnReference Database="Database1" Schema="Schema1" Table="Object8" Alias="Object49" Column="Column64" /><ColumnReference Database="Database1" Schema="Schema1" Table="Object23" Alias="Object31" Column="Column49" /><ColumnReference Column="Union1053" /><ColumnReference Database="Database1" Schema="Schema1" Table="Object22" Alias="Object42" Column="Column55" /><ColumnReference Database="Database1" Schema="Schema1" Table="Object8" Alias="Object32" Column="Column50" /><ColumnReference Database="Database1" Schema="Schema1" Table="Object22" Alias="Object43" Column="Column55" /><ColumnReference Database="Database1" Schema="Schema1" Table="Object22" Alias="Object33" Column="Column55" /><ColumnReference Database="Database1" Schema="Schema1" Table="Object22" Alias="Object33" Column="Column51" /><ColumnReference Database="Database1" Schema="Schema1" Table="Object22" Alias="Object34" Column="Column55" /><ColumnReference Database="Database1" Schema="Schema1" Table="Object22" Alias="Object34" Column="Column51" /><ColumnReference Database="Database1" Schema="Schema1" Table="Object10" Alias="Object47" Column="Column50" /><ColumnReference Database="Database1" Schema="Schema1" Table="Object10" Alias="Object46" Column="Column50" /><ColumnReference Database="Database1" Schema="Schema1" Table="Object10" Alias="Object45" Column="Column50" /><ColumnReference Database="Database1" Schema="Schema1" Table="Object10" Alias="Object44" Column="Column50" /><ColumnReference Database="Database1" Schema="Schema1" Table="Object21" Alias="Object35" Column="Column52" /><ColumnReference Database="Database1" Schema="Schema1" Table="Object21" Alias="Object35" Column="Column3" /><ColumnReference Database="Database1" Schema="Schema1" Table="Object21" Alias="Object35" Column="Column5" /><ColumnReference Database="Database1" Schema="Schema1" Table="Object8" Alias="Object36" Column="Column50" /><ColumnReference Column="Expr1136" /><ColumnReference Database="Database1" Schema="Schema1" Table="Object20" Alias="Object37" Column="Column53" /><ColumnReference Column="Expr1271" /><ColumnReference Column="Expr1275" /><ColumnReference Column="Expr1276" /><ColumnReference Column="Expr1282" /><ColumnReference Column="Expr1283" /><ColumnReference Column="Expr1284" /><ColumnReference Column="Expr1285" /></OutputList><Parallelism PartitioningType="Hash"><PartitionColumns><ColumnReference Database="Database1" Schema="Schema1" Table="Object23" Alias="Object31" Column="Column2" /><ColumnReference Database="Database1" Schema="Schema1" Table="Object23" Alias="Object31" Column="Column12" /></PartitionColumns><OrderBy><OrderByColumn Ascending="true"><ColumnReference Database="Database1" Schema="Schema1" Table="Object23" Alias="Object31" Column="Column2" /></OrderByColumn><OrderByColumn Ascending="true"><ColumnReference Database="Database1" Schema="Schema1" Table="Object23" Alias="Object31" Column="Column12" /></OrderByColumn></OrderBy><RelOp AvgRowSize="4246" EstimateCPU="0.0451894" EstimateIO="0" EstimateRebinds="0" EstimateRewinds="0" EstimatedExecutionMode="Row" EstimateRows="21621.7" LogicalOp="Inner Join" NodeId="25" Parallel="true" PhysicalOp="Nested Loops" EstimatedTotalSubtreeCost="1426.87"><OutputList><ColumnReference Database="Database1" Schema="Schema1" Table="Object28" Alias="Object30" Column="Column47" /><ColumnReference Database="Database1" Schema="Schema1" Table="Object28" Alias="Object30" Column="Column48" /><ColumnReference Database="Database1" Schema="Schema1" Table="Object23" Alias="Object31" Column="Column46" /><ColumnReference Database="Database1" Schema="Schema1" Table="Object23" Alias="Object31" Column="Column54" /><ColumnReference Database="Database1" Schema="Schema1" Table="Object23" Alias="Object31" Column="Column12" /><ColumnReference Database="Database1" Schema="Schema1" Table="Object23" Alias="Object31" Column="Column2" /><ColumnReference Database="Database1" Schema="Schema1" Table="Object8" Alias="Object49" Column="Column64" /><ColumnReference Database="Database1" Schema="Schema1" Table="Object23" Alias="Object31" Column="Column49" /><ColumnReference Column="Union1053" /><ColumnReference Database="Database1" Schema="Schema1" Table="Object22" Alias="Object42" Column="Column55" /><ColumnReference Database="Database1" Schema="Schema1" Table="Object8" Alias="Object32" Column="Column50" /><ColumnReference Database="Database1" Schema="Schema1" Table="Object22" Alias="Object43" Column="Column55" /><ColumnReference Database="Database1" Schema="Schema1" Table="Object22" Alias="Object33" Column="Column55" /><ColumnReference Database="Database1" Schema="Schema1" Table="Object22" Alias="Object33" Column="Column51" /><ColumnReference Database="Database1" Schema="Schema1" Table="Object22" Alias="Object34" Column="Column55" /><ColumnReference Database="Database1" Schema="Schema1" Table="Object22" Alias="Object34" Column="Column51" /><ColumnReference Database="Database1" Schema="Schema1" Table="Object10" Alias="Object47" Column="Column50" /><ColumnReference Database="Database1" Schema="Schema1" Table="Object10" Alias="Object46" Column="Column50" /><ColumnReference Database="Database1" Schema="Schema1" Table="Object10" Alias="Object45" Column="Column50" /><ColumnReference Database="Database1" Schema="Schema1" Table="Object10" Alias="Object44" Column="Column50" /><ColumnReference Database="Database1" Schema="Schema1" Table="Object21" Alias="Object35" Column="Column52" /><ColumnReference Database="Database1" Schema="Schema1" Table="Object21" Alias="Object35" Column="Column3" /><ColumnReference Database="Database1" Schema="Schema1" Table="Object21" Alias="Object35" Column="Column5" /><ColumnReference Database="Database1" Schema="Schema1" Table="Object8" Alias="Object36" Column="Column50" /><ColumnReference Column="Expr1136" /><ColumnReference Database="Database1" Schema="Schema1" Table="Object20" Alias="Object37" Column="Column53" /><ColumnReference Column="Expr1271" /><ColumnReference Column="Expr1275" /><ColumnReference Column="Expr1276" /><ColumnReference Column="Expr1282" /><ColumnReference Column="Expr1283" /><ColumnReference Column="Expr1284" /><ColumnReference Column="Expr1285" /></OutputList><RunTimeInformation><RunTimeCountersPerThread Thread="0" ActualRows="10088" Batches="0" ActualEndOfScans="1" ActualExecutions="1" ActualExecutionMode="Row" ActualElapsedms="42633" ActualCPUms="25428" /></RunTimeInformation><NestedLoops Optimized="false"><PassThru><ScalarOperator ScalarString="ScalarString22"><Compare CompareOp="IS"><ScalarOperator><Identifier><ColumnReference Column="Column68" /></Identifier></ScalarOperator><ScalarOperator><Const ConstValue="Value7" /></ScalarOperator></Compare></ScalarOperator></PassThru><OuterReferences><ColumnReference Column="Column69" /></OuterReferences><RelOp AvgRowSize="3998" EstimateCPU="0.0318088" EstimateIO="0" EstimateRebinds="0" EstimateRewinds="0" EstimatedExecutionMode="Row" EstimateRows="21621.7" LogicalOp="Left Outer Join" NodeId="26" Parallel="true" PhysicalOp="Nested Loops" EstimatedTotalSubtreeCost="1405.52"><OutputList><ColumnReference Database="Database1" Schema="Schema1" Table="Object28" Alias="Object30" Column="Column47" /><ColumnReference Database="Database1" Schema="Schema1" Table="Object28" Alias="Object30" Column="Column48" /><ColumnReference Database="Database1" Schema="Schema1" Table="Object23" Alias="Object31" Column="Column46" /><ColumnReference Database="Database1" Schema="Schema1" Table="Object23" Alias="Object31" Column="Column54" /><ColumnReference Database="Database1" Schema="Schema1" Table="Object23" Alias="Object31" Column="Column12" /><ColumnReference Database="Database1" Schema="Schema1" Table="Object23" Alias="Object31" Column="Column2" /><ColumnReference Database="Database1" Schema="Schema1" Table="Object8" Alias="Object49" Column="Column64" /><ColumnReference Database="Database1" Schema="Schema1" Table="Object23" Alias="Object31" Column="Column49" /><ColumnReference Column="Union1053" /><ColumnReference Database="Database1" Schema="Schema1" Table="Object22" Alias="Object42" Column="Column55" /><ColumnReference Database="Database1" Schema="Schema1" Table="Object8" Alias="Object32" Column="Column50" /><ColumnReference Database="Database1" Schema="Schema1" Table="Object22" Alias="Object43" Column="Column55" /><ColumnReference Database="Database1" Schema="Schema1" Table="Object22" Alias="Object33" Column="Column55" /><ColumnReference Database="Database1" Schema="Schema1" Table="Object22" Alias="Object33" Column="Column51" /><ColumnReference Database="Database1" Schema="Schema1" Table="Object22" Alias="Object34" Column="Column55" /><ColumnReference Database="Database1" Schema="Schema1" Table="Object22" Alias="Object34" Column="Column51" /><ColumnReference Database="Database1" Schema="Schema1" Table="Object10" Alias="Object47" Column="Column50" /><ColumnReference Database="Database1" Schema="Schema1" Table="Object10" Alias="Object46" Column="Column50" /><ColumnReference Database="Database1" Schema="Schema1" Table="Object10" Alias="Object45" Column="Column50" /><ColumnReference Database="Database1" Schema="Schema1" Table="Object10" Alias="Object44" Column="Column50" /><ColumnReference Database="Database1" Schema="Schema1" Table="Object21" Alias="Object35" Column="Column52" /><ColumnReference Database="Database1" Schema="Schema1" Table="Object21" Alias="Object35" Column="Column3" /><ColumnReference Database="Database1" Schema="Schema1" Table="Object21" Alias="Object35" Column="Column5" /><ColumnReference Database="Database1" Schema="Schema1" Table="Object8" Alias="Object36" Column="Column50" /><ColumnReference Column="Expr1136" /><ColumnReference Column="Column69" /><ColumnReference Column="Column68" /><ColumnReference Column="Expr1271" /><ColumnReference Column="Expr1275" /><ColumnReference Column="Expr1276" /><ColumnReference Column="Expr1282" /><ColumnReference Column="Expr1283" /><ColumnReference Column="Expr1284" /><ColumnReference Column="Expr1285" /></OutputList><RunTimeInformation><RunTimeCountersPerThread Thread="0" ActualRows="10088" Batches="0" ActualEndOfScans="1" ActualExecutions="1" ActualExecutionMode="Row" ActualElapsedms="42555" ActualCPUms="25374" /></RunTimeInformation><NestedLoops Optimized="false" WithOrderedPrefetch="true"><OuterReferences><ColumnReference Database="Database1" Schema="Schema1" Table="Object23" Alias="Object31" Column="Column2" /><ColumnReference Column="Expr2022" /></OuterReferences><RelOp AvgRowSize="3988" EstimateCPU="0.000403069" EstimateIO="0" EstimateRebinds="0" EstimateRewinds="0" EstimatedExecutionMode="Row" EstimateRows="8061.39" LogicalOp="Compute Scalar" NodeId="28" Parallel="true" PhysicalOp="Compute Scalar" EstimatedTotalSubtreeCost="1403.61"><OutputList><ColumnReference Database="Database1" Schema="Schema1" Table="Object28" Alias="Object30" Column="Column47" /><ColumnReference Database="Database1" Schema="Schema1" Table="Object28" Alias="Object30" Column="Column48" /><ColumnReference Database="Database1" Schema="Schema1" Table="Object23" Alias="Object31" Column="Column46" /><ColumnReference Database="Database1" Schema="Schema1" Table="Object23" Alias="Object31" Column="Column54" /><ColumnReference Database="Database1" Schema="Schema1" Table="Object23" Alias="Object31" Column="Column12" /><ColumnReference Database="Database1" Schema="Schema1" Table="Object23" Alias="Object31" Column="Column2" /><ColumnReference Database="Database1" Schema="Schema1" Table="Object8" Alias="Object49" Column="Column64" /><ColumnReference Database="Database1" Schema="Schema1" Table="Object23" Alias="Object31" Column="Column49" /><ColumnReference Column="Union1053" /><ColumnReference Database="Database1" Schema="Schema1" Table="Object22" Alias="Object42" Column="Column55" /><ColumnReference Database="Database1" Schema="Schema1" Table="Object8" Alias="Object32" Column="Column50" /><ColumnReference Database="Database1" Schema="Schema1" Table="Object22" Alias="Object43" Column="Column55" /><ColumnReference Database="Database1" Schema="Schema1" Table="Object22" Alias="Object33" Column="Column55" /><ColumnReference Database="Database1" Schema="Schema1" Table="Object22" Alias="Object33" Column="Column51" /><ColumnReference Database="Database1" Schema="Schema1" Table="Object22" Alias="Object34" Column="Column55" /><ColumnReference Database="Database1" Schema="Schema1" Table="Object22" Alias="Object34" Column="Column51" /><ColumnReference Database="Database1" Schema="Schema1" Table="Object10" Alias="Object47" Column="Column50" /><ColumnReference Database="Database1" Schema="Schema1" Table="Object10" Alias="Object46" Column="Column50" /><ColumnReference Database="Database1" Schema="Schema1" Table="Object10" Alias="Object45" Column="Column50" /><ColumnReference Database="Database1" Schema="Schema1" Table="Object10" Alias="Object44" Column="Column50" /><ColumnReference Database="Database1" Schema="Schema1" Table="Object21" Alias="Object35" Column="Column52" /><ColumnReference Database="Database1" Schema="Schema1" Table="Object21" Alias="Object35" Column="Column3" /><ColumnReference Database="Database1" Schema="Schema1" Table="Object21" Alias="Object35" Column="Column5" /><ColumnReference Database="Database1" Schema="Schema1" Table="Object8" Alias="Object36" Column="Column50" /><ColumnReference Column="Expr1136" /><ColumnReference Column="Expr1271" /><ColumnReference Column="Expr1275" /><ColumnReference Column="Expr1276" /><ColumnReference Column="Expr1282" /><ColumnReference Column="Expr1283" /><ColumnReference Column="Expr1284" /><ColumnReference Column="Expr1285" /></OutputList><ComputeScalar><DefinedValues><DefinedValue><ColumnReference Column="Expr1276" /><ScalarOperator ScalarString="ScalarString23"><Intrinsic FunctionName="Function2"><ScalarOperator><Identifier><ColumnReference Database="Database1" Schema="Schema1" Table="Object8" Alias="Object51" Column="Column50" /></Identifier></ScalarOperator><ScalarOperator><Const ConstValue="Value4" /></ScalarOperator></Intrinsic></ScalarOperator></DefinedValue></DefinedValues><RelOp AvgRowSize="3988" EstimateCPU="0.0168483" EstimateIO="0" EstimateRebinds="0" EstimateRewinds="0" EstimatedExecutionMode="Row" EstimateRows="8061.39" LogicalOp="Left Outer Join" NodeId="29" Parallel="true" PhysicalOp="Nested Loops" EstimatedTotalSubtreeCost="1403.61"><OutputList><ColumnReference Database="Database1" Schema="Schema1" Table="Object28" Alias="Object30" Column="Column47" /><ColumnReference Database="Database1" Schema="Schema1" Table="Object28" Alias="Object30" Column="Column48" /><ColumnReference Database="Database1" Schema="Schema1" Table="Object23" Alias="Object31" Column="Column46" /><ColumnReference Database="Database1" Schema="Schema1" Table="Object23" Alias="Object31" Column="Column54" /><ColumnReference Database="Database1" Schema="Schema1" Table="Object23" Alias="Object31" Column="Column12" /><ColumnReference Database="Database1" Schema="Schema1" Table="Object23" Alias="Object31" Column="Column2" /><ColumnReference Database="Database1" Schema="Schema1" Table="Object8" Alias="Object49" Column="Column64" /><ColumnReference Database="Database1" Schema="Schema1" Table="Object23" Alias="Object31" Column="Column49" /><ColumnReference Column="Union1053" /><ColumnReference Database="Database1" Schema="Schema1" Table="Object22" Alias="Object42" Column="Column55" /><ColumnReference Database="Database1" Schema="Schema1" Table="Object8" Alias="Object32" Column="Column50" /><ColumnReference Database="Database1" Schema="Schema1" Table="Object22" Alias="Object43" Column="Column55" /><ColumnReference Database="Database1" Schema="Schema1" Table="Object22" Alias="Object33" Column="Column55" /><ColumnReference Database="Database1" Schema="Schema1" Table="Object22" Alias="Object33" Column="Column51" /><ColumnReference Database="Database1" Schema="Schema1" Table="Object22" Alias="Object34" Column="Column55" /><ColumnReference Database="Database1" Schema="Schema1" Table="Object22" Alias="Object34" Column="Column51" /><ColumnReference Database="Database1" Schema="Schema1" Table="Object10" Alias="Object47" Column="Column50" /><ColumnReference Database="Database1" Schema="Schema1" Table="Object10" Alias="Object46" Column="Column50" /><ColumnReference Database="Database1" Schema="Schema1" Table="Object10" Alias="Object45" Column="Column50" /><ColumnReference Database="Database1" Schema="Schema1" Table="Object10" Alias="Object44" Column="Column50" /><ColumnReference Database="Database1" Schema="Schema1" Table="Object21" Alias="Object35" Column="Column52" /><ColumnReference Database="Database1" Schema="Schema1" Table="Object21" Alias="Object35" Column="Column3" /><ColumnReference Database="Database1" Schema="Schema1" Table="Object21" Alias="Object35" Column="Column5" /><ColumnReference Database="Database1" Schema="Schema1" Table="Object8" Alias="Object36" Column="Column50" /><ColumnReference Column="Expr1136" /><ColumnReference Database="Database1" Schema="Schema1" Table="Object8" Alias="Object51" Column="Column50" /><ColumnReference Column="Expr1271" /><ColumnReference Column="Expr1275" /><ColumnReference Column="Expr1282" /><ColumnReference Column="Expr1283" /><ColumnReference Column="Expr1284" /><ColumnReference Column="Expr1285" /></OutputList><RunTimeInformation><RunTimeCountersPerThread Thread="0" ActualRows="10069" Batches="0" ActualEndOfScans="1" ActualExecutions="1" ActualExecutionMode="Row" ActualElapsedms="42424" ActualCPUms="25291" /></RunTimeInformation><NestedLoops Optimized="false" WithOrderedPrefetch="true"><OuterReferences><ColumnReference Database="Database1" Schema="Schema1" Table="Object28" Alias="Object30" Column="Column47" /><ColumnReference Database="Database1" Schema="Schema1" Table="Object28" Alias="Object30" Column="Column48" /><ColumnReference Database="Database1" Schema="Schema1" Table="Object8" Alias="Object49" Column="Column64" /><ColumnReference Column="Expr2021" /></OuterReferences><RelOp AvgRowSize="3961" EstimateCPU="0.000403069" EstimateIO="0" EstimateRebinds="0" EstimateRewinds="0" EstimatedExecutionMode="Row" EstimateRows="8061.39" LogicalOp="Compute Scalar" NodeId="31" Parallel="true" PhysicalOp="Compute Scalar" EstimatedTotalSubtreeCost="1363.05"><OutputList><ColumnReference Database="Database1" Schema="Schema1" Table="Object28" Alias="Object30" Column="Column47" /><ColumnReference Database="Database1" Schema="Schema1" Table="Object28" Alias="Object30" Column="Column48" /><ColumnReference Database="Database1" Schema="Schema1" Table="Object23" Alias="Object31" Column="Column46" /><ColumnReference Database="Database1" Schema="Schema1" Table="Object23" Alias="Object31" Column="Column54" /><ColumnReference Database="Database1" Schema="Schema1" Table="Object23" Alias="Object31" Column="Column12" /><ColumnReference Database="Database1" Schema="Schema1" Table="Object23" Alias="Object31" Column="Column2" /><ColumnReference Database="Database1" Schema="Schema1" Table="Object8" Alias="Object49" Column="Column64" /><ColumnReference Database="Database1" Schema="Schema1" Table="Object23" Alias="Object31" Column="Column49" /><ColumnReference Column="Union1053" /><ColumnReference Database="Database1" Schema="Schema1" Table="Object22" Alias="Object42" Column="Column55" /><ColumnReference Database="Database1" Schema="Schema1" Table="Object8" Alias="Object32" Column="Column50" /><ColumnReference Database="Database1" Schema="Schema1" Table="Object22" Alias="Object43" Column="Column55" /><ColumnReference Database="Database1" Schema="Schema1" Table="Object22" Alias="Object33" Column="Column55" /><ColumnReference Database="Database1" Schema="Schema1" Table="Object22" Alias="Object33" Column="Column51" /><ColumnReference Database="Database1" Schema="Schema1" Table="Object22" Alias="Object34" Column="Column55" /><ColumnReference Database="Database1" Schema="Schema1" Table="Object22" Alias="Object34" Column="Column51" /><ColumnReference Database="Database1" Schema="Schema1" Table="Object10" Alias="Object47" Column="Column50" /><ColumnReference Database="Database1" Schema="Schema1" Table="Object10" Alias="Object46" Column="Column50" /><ColumnReference Database="Database1" Schema="Schema1" Table="Object10" Alias="Object45" Column="Column50" /><ColumnReference Database="Database1" Schema="Schema1" Table="Object10" Alias="Object44" Column="Column50" /><ColumnReference Database="Database1" Schema="Schema1" Table="Object21" Alias="Object35" Column="Column52" /><ColumnReference Database="Database1" Schema="Schema1" Table="Object21" Alias="Object35" Column="Column3" /><ColumnReference Database="Database1" Schema="Schema1" Table="Object21" Alias="Object35" Column="Column5" /><ColumnReference Database="Database1" Schema="Schema1" Table="Object8" Alias="Object36" Column="Column50" /><ColumnReference Column="Expr1136" /><ColumnReference Column="Expr1271" /><ColumnReference Column="Expr1275" /><ColumnReference Column="Expr1282" /><ColumnReference Column="Expr1283" /><ColumnReference Column="Expr1284" /><ColumnReference Column="Expr1285" /></OutputList><ComputeScalar><DefinedValues><DefinedValue><ColumnReference Column="Expr1275" /><ScalarOperator ScalarString="ScalarString24"><Intrinsic FunctionName="Function2"><ScalarOperator><Identifier><ColumnReference Database="Database1" Schema="Schema1" Table="Object8" Alias="Object52" Column="Column50" /></Identifier></ScalarOperator><ScalarOperator><Const ConstValue="Value4" /></ScalarOperator></Intrinsic></ScalarOperator></DefinedValue></DefinedValues><RelOp AvgRowSize="3961" EstimateCPU="0.0168483" EstimateIO="0" EstimateRebinds="0" EstimateRewinds="0" EstimatedExecutionMode="Row" EstimateRows="8061.39" LogicalOp="Left Outer Join" NodeId="32" Parallel="true" PhysicalOp="Nested Loops" EstimatedTotalSubtreeCost="1363.05"><OutputList><ColumnReference Database="Database1" Schema="Schema1" Table="Object28" Alias="Object30" Column="Column47" /><ColumnReference Database="Database1" Schema="Schema1" Table="Object28" Alias="Object30" Column="Column48" /><ColumnReference Database="Database1" Schema="Schema1" Table="Object23" Alias="Object31" Column="Column46" /><ColumnReference Database="Database1" Schema="Schema1" Table="Object23" Alias="Object31" Column="Column54" /><ColumnReference Database="Database1" Schema="Schema1" Table="Object23" Alias="Object31" Column="Column12" /><ColumnReference Database="Database1" Schema="Schema1" Table="Object23" Alias="Object31" Column="Column2" /><ColumnReference Database="Database1" Schema="Schema1" Table="Object8" Alias="Object49" Column="Column64" /><ColumnReference Database="Database1" Schema="Schema1" Table="Object23" Alias="Object31" Column="Column49" /><ColumnReference Column="Union1053" /><ColumnReference Database="Database1" Schema="Schema1" Table="Object22" Alias="Object42" Column="Column55" /><ColumnReference Database="Database1" Schema="Schema1" Table="Object8" Alias="Object32" Column="Column50" /><ColumnReference Database="Database1" Schema="Schema1" Table="Object22" Alias="Object43" Column="Column55" /><ColumnReference Database="Database1" Schema="Schema1" Table="Object22" Alias="Object33" Column="Column55" /><ColumnReference Database="Database1" Schema="Schema1" Table="Object22" Alias="Object33" Column="Column51" /><ColumnReference Database="Database1" Schema="Schema1" Table="Object22" Alias="Object34" Column="Column55" /><ColumnReference Database="Database1" Schema="Schema1" Table="Object22" Alias="Object34" Column="Column51" /><ColumnReference Database="Database1" Schema="Schema1" Table="Object10" Alias="Object47" Column="Column50" /><ColumnReference Database="Database1" Schema="Schema1" Table="Object10" Alias="Object46" Column="Column50" /><ColumnReference Database="Database1" Schema="Schema1" Table="Object10" Alias="Object45" Column="Column50" /><ColumnReference Database="Database1" Schema="Schema1" Table="Object10" Alias="Object44" Column="Column50" /><ColumnReference Database="Database1" Schema="Schema1" Table="Object21" Alias="Object35" Column="Column52" /><ColumnReference Database="Database1" Schema="Schema1" Table="Object21" Alias="Object35" Column="Column3" /><ColumnReference Database="Database1" Schema="Schema1" Table="Object21" Alias="Object35" Column="Column5" /><ColumnReference Database="Database1" Schema="Schema1" Table="Object8" Alias="Object36" Column="Column50" /><ColumnReference Column="Expr1136" /><ColumnReference Database="Database1" Schema="Schema1" Table="Object8" Alias="Object52" Column="Column50" /><ColumnReference Column="Expr1271" /><ColumnReference Column="Expr1282" /><ColumnReference Column="Expr1283" /><ColumnReference Column="Expr1284" /><ColumnReference Column="Expr1285" /></OutputList><RunTimeInformation><RunTimeCountersPerThread Thread="0" ActualRows="10058" Batches="0" ActualEndOfScans="1" ActualExecutions="1" ActualExecutionMode="Row" ActualElapsedms="41443" ActualCPUms="24650" /></RunTimeInformation><NestedLoops Optimized="false" WithOrderedPrefetch="true"><OuterReferences><ColumnReference Database="Database1" Schema="Schema1" Table="Object28" Alias="Object30" Column="Column47" /><ColumnReference Database="Database1" Schema="Schema1" Table="Object28" Alias="Object30" Column="Column48" /><ColumnReference Database="Database1" Schema="Schema1" Table="Object8" Alias="Object49" Column="Column64" /><ColumnReference Column="Expr2020" /></OuterReferences><RelOp AvgRowSize="3934" EstimateCPU="0.00036988" EstimateIO="0" EstimateRebinds="0" EstimateRewinds="0" EstimatedExecutionMode="Row" EstimateRows="7397.6" LogicalOp="Compute Scalar" NodeId="34" Parallel="true" PhysicalOp="Compute Scalar" EstimatedTotalSubtreeCost="1324.2"><OutputList><ColumnReference Database="Database1" Schema="Schema1" Table="Object28" Alias="Object30" Column="Column47" /><ColumnReference Database="Database1" Schema="Schema1" Table="Object28" Alias="Object30" Column="Column48" /><ColumnReference Database="Database1" Schema="Schema1" Table="Object23" Alias="Object31" Column="Column46" /><ColumnReference Database="Database1" Schema="Schema1" Table="Object23" Alias="Object31" Column="Column54" /><ColumnReference Database="Database1" Schema="Schema1" Table="Object23" Alias="Object31" Column="Column12" /><ColumnReference Database="Database1" Schema="Schema1" Table="Object23" Alias="Object31" Column="Column2" /><ColumnReference Database="Database1" Schema="Schema1" Table="Object8" Alias="Object49" Column="Column64" /><ColumnReference Database="Database1" Schema="Schema1" Table="Object23" Alias="Object31" Column="Column49" /><ColumnReference Column="Union1053" /><ColumnReference Database="Database1" Schema="Schema1" Table="Object22" Alias="Object42" Column="Column55" /><ColumnReference Database="Database1" Schema="Schema1" Table="Object8" Alias="Object32" Column="Column50" /><ColumnReference Database="Database1" Schema="Schema1" Table="Object22" Alias="Object43" Column="Column55" /><ColumnReference Database="Database1" Schema="Schema1" Table="Object22" Alias="Object33" Column="Column55" /><ColumnReference Database="Database1" Schema="Schema1" Table="Object22" Alias="Object33" Column="Column51" /><ColumnReference Database="Database1" Schema="Schema1" Table="Object22" Alias="Object34" Column="Column55" /><ColumnReference Database="Database1" Schema="Schema1" Table="Object22" Alias="Object34" Column="Column51" /><ColumnReference Database="Database1" Schema="Schema1" Table="Object10" Alias="Object47" Column="Column50" /><ColumnReference Database="Database1" Schema="Schema1" Table="Object10" Alias="Object46" Column="Column50" /><ColumnReference Database="Database1" Schema="Schema1" Table="Object10" Alias="Object45" Column="Column50" /><ColumnReference Database="Database1" Schema="Schema1" Table="Object10" Alias="Object44" Column="Column50" /><ColumnReference Database="Database1" Schema="Schema1" Table="Object21" Alias="Object35" Column="Column52" /><ColumnReference Database="Database1" Schema="Schema1" Table="Object21" Alias="Object35" Column="Column3" /><ColumnReference Database="Database1" Schema="Schema1" Table="Object21" Alias="Object35" Column="Column5" /><ColumnReference Database="Database1" Schema="Schema1" Table="Object8" Alias="Object36" Column="Column50" /><ColumnReference Column="Expr1136" /><ColumnReference Column="Expr1271" /><ColumnReference Column="Expr1282" /><ColumnReference Column="Expr1283" /><ColumnReference Column="Expr1284" /><ColumnReference Column="Expr1285" /></OutputList><ComputeScalar><DefinedValues><DefinedValue><ColumnReference Column="Expr1284" /><ScalarOperator ScalarString="ScalarString25"><Intrinsic FunctionName="Function2"><ScalarOperator><Identifier><ColumnReference Database="Database1" Schema="Schema1" Table="Object16" Alias="Object53" Column="Column70" /></Identifier></ScalarOperator><ScalarOperator><Const ConstValue="Value4" /></ScalarOperator></Intrinsic></ScalarOperator></DefinedValue><DefinedValue><ColumnReference Column="Expr1285" /><ScalarOperator ScalarString="ScalarString26"><Intrinsic FunctionName="Function2"><ScalarOperator><Identifier><ColumnReference Database="Database1" Schema="Schema1" Table="Object16" Alias="Object53" Column="Column71" /></Identifier></ScalarOperator><ScalarOperator><Const ConstValue="Value4" /></ScalarOperator></Intrinsic></ScalarOperator></DefinedValue></DefinedValues><RelOp AvgRowSize="3059" EstimateCPU="0.141544" EstimateIO="0.00563063" EstimateRebinds="0" EstimateRewinds="0" EstimatedExecutionMode="Row" EstimateRows="7397.6" LogicalOp="Sort" NodeId="35" Parallel="true" PhysicalOp="Sort" EstimatedTotalSubtreeCost="1324.2"><OutputList><ColumnReference Database="Database1" Schema="Schema1" Table="Object28" Alias="Object30" Column="Column47" /><ColumnReference Database="Database1" Schema="Schema1" Table="Object28" Alias="Object30" Column="Column48" /><ColumnReference Database="Database1" Schema="Schema1" Table="Object23" Alias="Object31" Column="Column46" /><ColumnReference Database="Database1" Schema="Schema1" Table="Object23" Alias="Object31" Column="Column54" /><ColumnReference Database="Database1" Schema="Schema1" Table="Object23" Alias="Object31" Column="Column12" /><ColumnReference Database="Database1" Schema="Schema1" Table="Object23" Alias="Object31" Column="Column2" /><ColumnReference Database="Database1" Schema="Schema1" Table="Object8" Alias="Object49" Column="Column64" /><ColumnReference Database="Database1" Schema="Schema1" Table="Object23" Alias="Object31" Column="Column49" /><ColumnReference Column="Union1053" /><ColumnReference Database="Database1" Schema="Schema1" Table="Object22" Alias="Object42" Column="Column55" /><ColumnReference Database="Database1" Schema="Schema1" Table="Object8" Alias="Object32" Column="Column50" /><ColumnReference Database="Database1" Schema="Schema1" Table="Object22" Alias="Object43" Column="Column55" /><ColumnReference Database="Database1" Schema="Schema1" Table="Object22" Alias="Object33" Column="Column55" /><ColumnReference Database="Database1" Schema="Schema1" Table="Object22" Alias="Object33" Column="Column51" /><ColumnReference Database="Database1" Schema="Schema1" Table="Object22" Alias="Object34" Column="Column55" /><ColumnReference Database="Database1" Schema="Schema1" Table="Object22" Alias="Object34" Column="Column51" /><ColumnReference Database="Database1" Schema="Schema1" Table="Object10" Alias="Object47" Column="Column50" /><ColumnReference Database="Database1" Schema="Schema1" Table="Object10" Alias="Object46" Column="Column50" /><ColumnReference Database="Database1" Schema="Schema1" Table="Object10" Alias="Object45" Column="Column50" /><ColumnReference Database="Database1" Schema="Schema1" Table="Object10" Alias="Object44" Column="Column50" /><ColumnReference Database="Database1" Schema="Schema1" Table="Object21" Alias="Object35" Column="Column52" /><ColumnReference Database="Database1" Schema="Schema1" Table="Object21" Alias="Object35" Column="Column3" /><ColumnReference Database="Database1" Schema="Schema1" Table="Object21" Alias="Object35" Column="Column5" /><ColumnReference Database="Database1" Schema="Schema1" Table="Object8" Alias="Object36" Column="Column50" /><ColumnReference Column="Expr1136" /><ColumnReference Database="Database1" Schema="Schema1" Table="Object16" Alias="Object53" Column="Column70" /><ColumnReference Database="Database1" Schema="Schema1" Table="Object16" Alias="Object53" Column="Column71" /><ColumnReference Column="Expr1271" /><ColumnReference Column="Expr1282" /><ColumnReference Column="Expr1283" /></OutputList><MemoryFractions Input="0.502548" Output="0.0303377" /><RunTimeInformation><RunTimeCountersPerThread Thread="0" ActualRebinds="1" ActualRewinds="0" ActualRows="10054" Batches="0" ActualEndOfScans="1" ActualExecutions="1" ActualExecutionMode="Row" ActualElapsedms="40386" ActualCPUms="23974" ActualScans="0" ActualLogicalReads="0" ActualPhysicalReads="0" ActualReadAheads="0" ActualLobLogicalReads="0" ActualLobPhysicalReads="0" ActualLobReadAheads="0" InputMemoryGrant="464328" OutputMemoryGrant="28120" UsedMemoryGrant="6952" /></RunTimeInformation><Sort Distinct="false"><OrderBy><OrderByColumn Ascending="true"><ColumnReference Database="Database1" Schema="Schema1" Table="Object23" Alias="Object31" Column="Column2" /></OrderByColumn><OrderByColumn Ascending="true"><ColumnReference Database="Database1" Schema="Schema1" Table="Object23" Alias="Object31" Column="Column12" /></OrderByColumn></OrderBy><RelOp AvgRowSize="3059" EstimateCPU="0.0563036" EstimateIO="0.268147" EstimateRebinds="0" EstimateRewinds="0" EstimatedExecutionMode="Row" EstimateRows="7397.6" LogicalOp="Left Outer Join" NodeId="36" Parallel="true" PhysicalOp="Merge Join" EstimatedTotalSubtreeCost="1324.05"><OutputList><ColumnReference Database="Database1" Schema="Schema1" Table="Object28" Alias="Object30" Column="Column47" /><ColumnReference Database="Database1" Schema="Schema1" Table="Object28" Alias="Object30" Column="Column48" /><ColumnReference Database="Database1" Schema="Schema1" Table="Object23" Alias="Object31" Column="Column46" /><ColumnReference Database="Database1" Schema="Schema1" Table="Object23" Alias="Object31" Column="Column54" /><ColumnReference Database="Database1" Schema="Schema1" Table="Object23" Alias="Object31" Column="Column12" /><ColumnReference Database="Database1" Schema="Schema1" Table="Object23" Alias="Object31" Column="Column2" /><ColumnReference Database="Database1" Schema="Schema1" Table="Object8" Alias="Object49" Column="Column64" /><ColumnReference Database="Database1" Schema="Schema1" Table="Object23" Alias="Object31" Column="Column49" /><ColumnReference Column="Union1053" /><ColumnReference Database="Database1" Schema="Schema1" Table="Object22" Alias="Object42" Column="Column55" /><ColumnReference Database="Database1" Schema="Schema1" Table="Object8" Alias="Object32" Column="Column50" /><ColumnReference Database="Database1" Schema="Schema1" Table="Object22" Alias="Object43" Column="Column55" /><ColumnReference Database="Database1" Schema="Schema1" Table="Object22" Alias="Object33" Column="Column55" /><ColumnReference Database="Database1" Schema="Schema1" Table="Object22" Alias="Object33" Column="Column51" /><ColumnReference Database="Database1" Schema="Schema1" Table="Object22" Alias="Object34" Column="Column55" /><ColumnReference Database="Database1" Schema="Schema1" Table="Object22" Alias="Object34" Column="Column51" /><ColumnReference Database="Database1" Schema="Schema1" Table="Object10" Alias="Object47" Column="Column50" /><ColumnReference Database="Database1" Schema="Schema1" Table="Object10" Alias="Object46" Column="Column50" /><ColumnReference Database="Database1" Schema="Schema1" Table="Object10" Alias="Object45" Column="Column50" /><ColumnReference Database="Database1" Schema="Schema1" Table="Object10" Alias="Object44" Column="Column50" /><ColumnReference Database="Database1" Schema="Schema1" Table="Object21" Alias="Object35" Column="Column52" /><ColumnReference Database="Database1" Schema="Schema1" Table="Object21" Alias="Object35" Column="Column3" /><ColumnReference Database="Database1" Schema="Schema1" Table="Object21" Alias="Object35" Column="Column5" /><ColumnReference Database="Database1" Schema="Schema1" Table="Object8" Alias="Object36" Column="Column50" /><ColumnReference Column="Expr1136" /><ColumnReference Database="Database1" Schema="Schema1" Table="Object16" Alias="Object53" Column="Column70" /><ColumnReference Database="Database1" Schema="Schema1" Table="Object16" Alias="Object53" Column="Column71" /><ColumnReference Column="Expr1271" /><ColumnReference Column="Expr1282" /><ColumnReference Column="Expr1283" /></OutputList><RunTimeInformation><RunTimeCountersPerThread Thread="0" ActualRows="10054" Batches="0" ActualEndOfScans="1" ActualExecutions="1" ActualExecutionMode="Row" ActualElapsedms="40326" ActualCPUms="23923" ActualScans="0" ActualLogicalReads="0" ActualPhysicalReads="0" ActualReadAheads="0" ActualLobLogicalReads="0" ActualLobPhysicalReads="0" ActualLobReadAheads="0" /></RunTimeInformation><Merge ManyToMany="true"><InnerSideJoinColumns><ColumnReference Database="Database1" Schema="Schema1" Table="Object16" Alias="Object53" Column="Column51" /></InnerSideJoinColumns><OuterSideJoinColumns><ColumnReference Database="Database1" Schema="Schema1" Table="Object23" Alias="Object31" Column="Column2" /></OuterSideJoinColumns><Residual><ScalarOperator ScalarString="ScalarString27"><Compare CompareOp="EQ"><ScalarOperator><Identifier><ColumnReference Database="Database1" Schema="Schema1" Table="Object16" Alias="Object53" Column="Column51" /></Identifier></ScalarOperator><ScalarOperator><Identifier><ColumnReference Database="Database1" Schema="Schema1" Table="Object23" Alias="Object31" Column="Column2" /></Identifier></ScalarOperator></Compare></ScalarOperator></Residual><RelOp AvgRowSize="2880" EstimateCPU="0.000368474" EstimateIO="0" EstimateRebinds="0" EstimateRewinds="0" EstimatedExecutionMode="Row" EstimateRows="7369.48" LogicalOp="Compute Scalar" NodeId="37" Parallel="true" PhysicalOp="Compute Scalar" EstimatedTotalSubtreeCost="1323.52"><OutputList><ColumnReference Database="Database1" Schema="Schema1" Table="Object28" Alias="Object30" Column="Column47" /><ColumnReference Database="Database1" Schema="Schema1" Table="Object28" Alias="Object30" Column="Column48" /><ColumnReference Database="Database1" Schema="Schema1" Table="Object23" Alias="Object31" Column="Column46" /><ColumnReference Database="Database1" Schema="Schema1" Table="Object23" Alias="Object31" Column="Column54" /><ColumnReference Database="Database1" Schema="Schema1" Table="Object23" Alias="Object31" Column="Column12" /><ColumnReference Database="Database1" Schema="Schema1" Table="Object23" Alias="Object31" Column="Column2" /><ColumnReference Database="Database1" Schema="Schema1" Table="Object8" Alias="Object49" Column="Column64" /><ColumnReference Database="Database1" Schema="Schema1" Table="Object23" Alias="Object31" Column="Column49" /><ColumnReference Column="Union1053" /><ColumnReference Database="Database1" Schema="Schema1" Table="Object22" Alias="Object42" Column="Column55" /><ColumnReference Database="Database1" Schema="Schema1" Table="Object8" Alias="Object32" Column="Column50" /><ColumnReference Database="Database1" Schema="Schema1" Table="Object22" Alias="Object43" Column="Column55" /><ColumnReference Database="Database1" Schema="Schema1" Table="Object22" Alias="Object33" Column="Column55" /><ColumnReference Database="Database1" Schema="Schema1" Table="Object22" Alias="Object33" Column="Column51" /><ColumnReference Database="Database1" Schema="Schema1" Table="Object22" Alias="Object34" Column="Column55" /><ColumnReference Database="Database1" Schema="Schema1" Table="Object22" Alias="Object34" Column="Column51" /><ColumnReference Database="Database1" Schema="Schema1" Table="Object10" Alias="Object47" Column="Column50" /><ColumnReference Database="Database1" Schema="Schema1" Table="Object10" Alias="Object46" Column="Column50" /><ColumnReference Database="Database1" Schema="Schema1" Table="Object10" Alias="Object45" Column="Column50" /><ColumnReference Database="Database1" Schema="Schema1" Table="Object10" Alias="Object44" Column="Column50" /><ColumnReference Database="Database1" Schema="Schema1" Table="Object21" Alias="Object35" Column="Column52" /><ColumnReference Database="Database1" Schema="Schema1" Table="Object21" Alias="Object35" Column="Column3" /><ColumnReference Database="Database1" Schema="Schema1" Table="Object21" Alias="Object35" Column="Column5" /><ColumnReference Database="Database1" Schema="Schema1" Table="Object8" Alias="Object36" Column="Column50" /><ColumnReference Column="Expr1136" /><ColumnReference Column="Expr1271" /><ColumnReference Column="Expr1282" /><ColumnReference Column="Expr1283" /></OutputList><ComputeScalar><DefinedValues><DefinedValue><ColumnReference Column="Expr1282" /><ScalarOperator ScalarString="ScalarString28"><Intrinsic FunctionName="Function2"><ScalarOperator><Identifier><ColumnReference Database="Database1" Schema="Schema1" Table="Object13" Alias="Object54" Column="Column72" /></Identifier></ScalarOperator><ScalarOperator><Const ConstValue="Value4" /></ScalarOperator></Intrinsic></ScalarOperator></DefinedValue><DefinedValue><ColumnReference Column="Expr1283" /><ScalarOperator ScalarString="ScalarString29"><Intrinsic FunctionName="Function2"><ScalarOperator><Identifier><ColumnReference Database="Database1" Schema="Schema1" Table="Object13" Alias="Object54" Column="Column70" /></Identifier></ScalarOperator><ScalarOperator><Const ConstValue="Value4" /></ScalarOperator></Intrinsic></ScalarOperator></DefinedValue></DefinedValues><RelOp AvgRowSize="2848" EstimateCPU="0.0035247" EstimateIO="0.0001565" EstimateRebinds="0" EstimateRewinds="0" EstimatedExecutionMode="Row" EstimateRows="7369.48" LogicalOp="Left Outer Join" NodeId="38" Parallel="true" PhysicalOp="Merge Join" EstimatedTotalSubtreeCost="1323.52"><OutputList><ColumnReference Database="Database1" Schema="Schema1" Table="Object28" Alias="Object30" Column="Column47" /><ColumnReference Database="Database1" Schema="Schema1" Table="Object28" Alias="Object30" Column="Column48" /><ColumnReference Database="Database1" Schema="Schema1" Table="Object23" Alias="Object31" Column="Column46" /><ColumnReference Database="Database1" Schema="Schema1" Table="Object23" Alias="Object31" Column="Column54" /><ColumnReference Database="Database1" Schema="Schema1" Table="Object23" Alias="Object31" Column="Column12" /><ColumnReference Database="Database1" Schema="Schema1" Table="Object23" Alias="Object31" Column="Column2" /><ColumnReference Database="Database1" Schema="Schema1" Table="Object8" Alias="Object49" Column="Column64" /><ColumnReference Database="Database1" Schema="Schema1" Table="Object23" Alias="Object31" Column="Column49" /><ColumnReference Column="Union1053" /><ColumnReference Database="Database1" Schema="Schema1" Table="Object22" Alias="Object42" Column="Column55" /><ColumnReference Database="Database1" Schema="Schema1" Table="Object8" Alias="Object32" Column="Column50" /><ColumnReference Database="Database1" Schema="Schema1" Table="Object22" Alias="Object43" Column="Column55" /><ColumnReference Database="Database1" Schema="Schema1" Table="Object22" Alias="Object33" Column="Column55" /><ColumnReference Database="Database1" Schema="Schema1" Table="Object22" Alias="Object33" Column="Column51" /><ColumnReference Database="Database1" Schema="Schema1" Table="Object22" Alias="Object34" Column="Column55" /><ColumnReference Database="Database1" Schema="Schema1" Table="Object22" Alias="Object34" Column="Column51" /><ColumnReference Database="Database1" Schema="Schema1" Table="Object10" Alias="Object47" Column="Column50" /><ColumnReference Database="Database1" Schema="Schema1" Table="Object10" Alias="Object46" Column="Column50" /><ColumnReference Database="Database1" Schema="Schema1" Table="Object10" Alias="Object45" Column="Column50" /><ColumnReference Database="Database1" Schema="Schema1" Table="Object10" Alias="Object44" Column="Column50" /><ColumnReference Database="Database1" Schema="Schema1" Table="Object21" Alias="Object35" Column="Column52" /><ColumnReference Database="Database1" Schema="Schema1" Table="Object21" Alias="Object35" Column="Column3" /><ColumnReference Database="Database1" Schema="Schema1" Table="Object21" Alias="Object35" Column="Column5" /><ColumnReference Database="Database1" Schema="Schema1" Table="Object8" Alias="Object36" Column="Column50" /><ColumnReference Column="Expr1136" /><ColumnReference Database="Database1" Schema="Schema1" Table="Object13" Alias="Object54" Column="Column72" /><ColumnReference Database="Database1" Schema="Schema1" Table="Object13" Alias="Object54" Column="Column70" /><ColumnReference Column="Expr1271" /></OutputList><RunTimeInformation><RunTimeCountersPerThread Thread="0" ActualRows="10054" Batches="0" ActualEndOfScans="1" ActualExecutions="1" ActualExecutionMode="Row" ActualElapsedms="40298" ActualCPUms="23912" ActualScans="0" ActualLogicalReads="0" ActualPhysicalReads="0" ActualReadAheads="0" ActualLobLogicalReads="0" ActualLobPhysicalReads="0" ActualLobReadAheads="0" /></RunTimeInformation><Merge ManyToMany="true"><InnerSideJoinColumns><ColumnReference Database="Database1" Schema="Schema1" Table="Object13" Alias="Object54" Column="Column51" /></InnerSideJoinColumns><OuterSideJoinColumns><ColumnReference Database="Database1" Schema="Schema1" Table="Object23" Alias="Object31" Column="Column2" /></OuterSideJoinColumns><Residual><ScalarOperator ScalarString="ScalarString30"><Compare CompareOp="EQ"><ScalarOperator><Identifier><ColumnReference Database="Database1" Schema="Schema1" Table="Object13" Alias="Object54" Column="Column51" /></Identifier></ScalarOperator><ScalarOperator><Identifier><ColumnReference Database="Database1" Schema="Schema1" Table="Object23" Alias="Object31" Column="Column2" /></Identifier></ScalarOperator></Compare></ScalarOperator></Residual><RelOp AvgRowSize="2776" EstimateCPU="0.140146" EstimateIO="0.00563063" EstimateRebinds="0" EstimateRewinds="0" EstimatedExecutionMode="Row" EstimateRows="7369.48" LogicalOp="Sort" NodeId="39" Parallel="true" PhysicalOp="Sort" EstimatedTotalSubtreeCost="1323.45"><OutputList><ColumnReference Database="Database1" Schema="Schema1" Table="Object28" Alias="Object30" Column="Column47" /><ColumnReference Database="Database1" Schema="Schema1" Table="Object28" Alias="Object30" Column="Column48" /><ColumnReference Database="Database1" Schema="Schema1" Table="Object23" Alias="Object31" Column="Column46" /><ColumnReference Database="Database1" Schema="Schema1" Table="Object23" Alias="Object31" Column="Column54" /><ColumnReference Database="Database1" Schema="Schema1" Table="Object23" Alias="Object31" Column="Column12" /><ColumnReference Database="Database1" Schema="Schema1" Table="Object23" Alias="Object31" Column="Column2" /><ColumnReference Database="Database1" Schema="Schema1" Table="Object8" Alias="Object49" Column="Column64" /><ColumnReference Database="Database1" Schema="Schema1" Table="Object23" Alias="Object31" Column="Column49" /><ColumnReference Column="Union1053" /><ColumnReference Database="Database1" Schema="Schema1" Table="Object22" Alias="Object42" Column="Column55" /><ColumnReference Database="Database1" Schema="Schema1" Table="Object8" Alias="Object32" Column="Column50" /><ColumnReference Database="Database1" Schema="Schema1" Table="Object22" Alias="Object43" Column="Column55" /><ColumnReference Database="Database1" Schema="Schema1" Table="Object22" Alias="Object33" Column="Column55" /><ColumnReference Database="Database1" Schema="Schema1" Table="Object22" Alias="Object33" Column="Column51" /><ColumnReference Database="Database1" Schema="Schema1" Table="Object22" Alias="Object34" Column="Column55" /><ColumnReference Database="Database1" Schema="Schema1" Table="Object22" Alias="Object34" Column="Column51" /><ColumnReference Database="Database1" Schema="Schema1" Table="Object10" Alias="Object47" Column="Column50" /><ColumnReference Database="Database1" Schema="Schema1" Table="Object10" Alias="Object46" Column="Column50" /><ColumnReference Database="Database1" Schema="Schema1" Table="Object10" Alias="Object45" Column="Column50" /><ColumnReference Database="Database1" Schema="Schema1" Table="Object10" Alias="Object44" Column="Column50" /><ColumnReference Database="Database1" Schema="Schema1" Table="Object21" Alias="Object35" Column="Column52" /><ColumnReference Database="Database1" Schema="Schema1" Table="Object21" Alias="Object35" Column="Column3" /><ColumnReference Database="Database1" Schema="Schema1" Table="Object21" Alias="Object35" Column="Column5" /><ColumnReference Database="Database1" Schema="Schema1" Table="Object8" Alias="Object36" Column="Column50" /><ColumnReference Column="Expr1136" /><ColumnReference Column="Expr1271" /></OutputList><MemoryFractions Input="0.0537445" Output="0.454878" /><RunTimeInformation><RunTimeCountersPerThread Thread="0" ActualRebinds="1" ActualRewinds="0" ActualRows="10054" Batches="0" ActualEndOfScans="1" ActualExecutions="1" ActualExecutionMode="Row" ActualElapsedms="40293" ActualCPUms="23911" ActualScans="0" ActualLogicalReads="0" ActualPhysicalReads="0" ActualReadAheads="0" ActualLobLogicalReads="0" ActualLobPhysicalReads="0" ActualLobReadAheads="0" InputMemoryGrant="50112" OutputMemoryGrant="419952" UsedMemoryGrant="6160" /></RunTimeInformation><Sort Distinct="false"><OrderBy><OrderByColumn Ascending="true"><ColumnReference Database="Database1" Schema="Schema1" Table="Object23" Alias="Object31" Column="Column2" /></OrderByColumn></OrderBy><RelOp AvgRowSize="2776" EstimateCPU="0.789011" EstimateIO="0" EstimateRebinds="0" EstimateRewinds="0" EstimatedExecutionMode="Row" EstimateRows="7369.48" LogicalOp="Repartition Streams" NodeId="40" Parallel="true" PhysicalOp="Parallelism" EstimatedTotalSubtreeCost="1323.3"><OutputList><ColumnReference Database="Database1" Schema="Schema1" Table="Object28" Alias="Object30" Column="Column47" /><ColumnReference Database="Database1" Schema="Schema1" Table="Object28" Alias="Object30" Column="Column48" /><ColumnReference Database="Database1" Schema="Schema1" Table="Object23" Alias="Object31" Column="Column46" /><ColumnReference Database="Database1" Schema="Schema1" Table="Object23" Alias="Object31" Column="Column54" /><ColumnReference Database="Database1" Schema="Schema1" Table="Object23" Alias="Object31" Column="Column12" /><ColumnReference Database="Database1" Schema="Schema1" Table="Object23" Alias="Object31" Column="Column2" /><ColumnReference Database="Database1" Schema="Schema1" Table="Object8" Alias="Object49" Column="Column64" /><ColumnReference Database="Database1" Schema="Schema1" Table="Object23" Alias="Object31" Column="Column49" /><ColumnReference Column="Union1053" /><ColumnReference Database="Database1" Schema="Schema1" Table="Object22" Alias="Object42" Column="Column55" /><ColumnReference Database="Database1" Schema="Schema1" Table="Object8" Alias="Object32" Column="Column50" /><ColumnReference Database="Database1" Schema="Schema1" Table="Object22" Alias="Object43" Column="Column55" /><ColumnReference Database="Database1" Schema="Schema1" Table="Object22" Alias="Object33" Column="Column55" /><ColumnReference Database="Database1" Schema="Schema1" Table="Object22" Alias="Object33" Column="Column51" /><ColumnReference Database="Database1" Schema="Schema1" Table="Object22" Alias="Object34" Column="Column55" /><ColumnReference Database="Database1" Schema="Schema1" Table="Object22" Alias="Object34" Column="Column51" /><ColumnReference Database="Database1" Schema="Schema1" Table="Object10" Alias="Object47" Column="Column50" /><ColumnReference Database="Database1" Schema="Schema1" Table="Object10" Alias="Object46" Column="Column50" /><ColumnReference Database="Database1" Schema="Schema1" Table="Object10" Alias="Object45" Column="Column50" /><ColumnReference Database="Database1" Schema="Schema1" Table="Object10" Alias="Object44" Column="Column50" /><ColumnReference Database="Database1" Schema="Schema1" Table="Object21" Alias="Object35" Column="Column52" /><ColumnReference Database="Database1" Schema="Schema1" Table="Object21" Alias="Object35" Column="Column3" /><ColumnReference Database="Database1" Schema="Schema1" Table="Object21" Alias="Object35" Column="Column5" /><ColumnReference Database="Database1" Schema="Schema1" Table="Object8" Alias="Object36" Column="Column50" /><ColumnReference Column="Expr1136" /><ColumnReference Column="Expr1271" /></OutputList><Parallelism PartitioningType="Hash"><PartitionColumns><ColumnReference Database="Database1" Schema="Schema1" Table="Object23" Alias="Object31" Column="Column2" /></PartitionColumns><RelOp AvgRowSize="2776" EstimateCPU="0.441722" EstimateIO="0.23162" EstimateRebinds="0" EstimateRewinds="0" EstimatedExecutionMode="Row" EstimateRows="7369.48" LogicalOp="Left Outer Join" NodeId="41" Parallel="true" PhysicalOp="Merge Join" EstimatedTotalSubtreeCost="1322.51"><OutputList><ColumnReference Database="Database1" Schema="Schema1" Table="Object28" Alias="Object30" Column="Column47" /><ColumnReference Database="Database1" Schema="Schema1" Table="Object28" Alias="Object30" Column="Column48" /><ColumnReference Database="Database1" Schema="Schema1" Table="Object23" Alias="Object31" Column="Column46" /><ColumnReference Database="Database1" Schema="Schema1" Table="Object23" Alias="Object31" Column="Column54" /><ColumnReference Database="Database1" Schema="Schema1" Table="Object23" Alias="Object31" Column="Column12" /><ColumnReference Database="Database1" Schema="Schema1" Table="Object23" Alias="Object31" Column="Column2" /><ColumnReference Database="Database1" Schema="Schema1" Table="Object8" Alias="Object49" Column="Column64" /><ColumnReference Database="Database1" Schema="Schema1" Table="Object23" Alias="Object31" Column="Column49" /><ColumnReference Column="Union1053" /><ColumnReference Database="Database1" Schema="Schema1" Table="Object22" Alias="Object42" Column="Column55" /><ColumnReference Database="Database1" Schema="Schema1" Table="Object8" Alias="Object32" Column="Column50" /><ColumnReference Database="Database1" Schema="Schema1" Table="Object22" Alias="Object43" Column="Column55" /><ColumnReference Database="Database1" Schema="Schema1" Table="Object22" Alias="Object33" Column="Column55" /><ColumnReference Database="Database1" Schema="Schema1" Table="Object22" Alias="Object33" Column="Column51" /><ColumnReference Database="Database1" Schema="Schema1" Table="Object22" Alias="Object34" Column="Column55" /><ColumnReference Database="Database1" Schema="Schema1" Table="Object22" Alias="Object34" Column="Column51" /><ColumnReference Database="Database1" Schema="Schema1" Table="Object10" Alias="Object47" Column="Column50" /><ColumnReference Database="Database1" Schema="Schema1" Table="Object10" Alias="Object46" Column="Column50" /><ColumnReference Database="Database1" Schema="Schema1" Table="Object10" Alias="Object45" Column="Column50" /><ColumnReference Database="Database1" Schema="Schema1" Table="Object10" Alias="Object44" Column="Column50" /><ColumnReference Database="Database1" Schema="Schema1" Table="Object21" Alias="Object35" Column="Column52" /><ColumnReference Database="Database1" Schema="Schema1" Table="Object21" Alias="Object35" Column="Column3" /><ColumnReference Database="Database1" Schema="Schema1" Table="Object21" Alias="Object35" Column="Column5" /><ColumnReference Database="Database1" Schema="Schema1" Table="Object8" Alias="Object36" Column="Column50" /><ColumnReference Column="Expr1136" /><ColumnReference Column="Expr1271" /></OutputList><RunTimeInformation><RunTimeCountersPerThread Thread="0" ActualRows="10054" ActualRowsRead="5191" Batches="0" ActualEndOfScans="1" ActualExecutions="1" ActualExecutionMode="Row" ActualElapsedms="40174" ActualCPUms="23862" ActualScans="1474" ActualLogicalReads="13329" ActualPhysicalReads="0" ActualReadAheads="0" ActualLobLogicalReads="0" ActualLobPhysicalReads="0" ActualLobReadAheads="0" /></RunTimeInformation><Merge ManyToMany="true"><InnerSideJoinColumns><ColumnReference Database="Database1" Schema="Schema1" Table="Object8" Column="Column64" /></InnerSideJoinColumns><OuterSideJoinColumns><ColumnReference Database="Database1" Schema="Schema1" Table="Object8" Alias="Object49" Column="Column64" /></OuterSideJoinColumns><Residual><ScalarOperator ScalarString="ScalarString31"><Logical Operation="AND"><ScalarOperator><Compare CompareOp="EQ"><ScalarOperator><Identifier><ColumnReference Database="Database1" Schema="Schema1" Table="Object8" Column="Column64" /></Identifier></ScalarOperator><ScalarOperator><Identifier><ColumnReference Database="Database1" Schema="Schema1" Table="Object8" Alias="Object49" Column="Column64" /></Identifier></ScalarOperator></Compare></ScalarOperator><ScalarOperator><Compare CompareOp="GE"><ScalarOperator><IF><Condition><ScalarOperator><Compare CompareOp="LT"><ScalarOperator><Identifier><ColumnReference Database="Database1" Schema="Schema1" Table="Object23" Alias="Object31" Column="Column73" /></Identifier></ScalarOperator><ScalarOperator><Identifier><ColumnReference Column="Column74"><ScalarOperator><Intrinsic FunctionName="Function5" /></ScalarOperator></ColumnReference></Identifier></ScalarOperator></Compare></ScalarOperator></Condition><Then><ScalarOperator><Identifier><ColumnReference Database="Database1" Schema="Schema1" Table="Object23" Alias="Object31" Column="Column73" /></Identifier></ScalarOperator></Then><Else><ScalarOperator><IF><Condition><ScalarOperator><Compare CompareOp="GT"><ScalarOperator><Identifier><ColumnReference Database="Database1" Schema="Schema1" Table="Object23" Alias="Object31" Column="Column75" /></Identifier></ScalarOperator><ScalarOperator><Identifier><ColumnReference Column="Column76"><ScalarOperator><Intrinsic FunctionName="Function5" /></ScalarOperator></ColumnReference></Identifier></ScalarOperator></Compare></ScalarOperator></Condition><Then><ScalarOperator><Identifier><ColumnReference Database="Database1" Schema="Schema1" Table="Object23" Alias="Object31" Column="Column75" /></Identifier></ScalarOperator></Then><Else><ScalarOperator><Convert DataType="datetime" Style="0" Implicit="false"><ScalarOperator><Convert DataType="date" Style="0" Implicit="false"><ScalarOperator><Identifier><ColumnReference Column="Column77"><ScalarOperator><Intrinsic FunctionName="Function5" /></ScalarOperator></ColumnReference></Identifier></ScalarOperator></Convert></ScalarOperator></Convert></ScalarOperator></Else></IF></ScalarOperator></Else></IF></ScalarOperator><ScalarOperator><Identifier><ColumnReference Column="Expr1116" /></Identifier></ScalarOperator></Compare></ScalarOperator><ScalarOperator><Compare CompareOp="LE"><ScalarOperator><IF><Condition><ScalarOperator><Compare CompareOp="LT"><ScalarOperator><Identifier><ColumnReference Database="Database1" Schema="Schema1" Table="Object23" Alias="Object31" Column="Column73" /></Identifier></ScalarOperator><ScalarOperator><Identifier><ColumnReference Column="Column78"><ScalarOperator><Intrinsic FunctionName="Function5" /></ScalarOperator></ColumnReference></Identifier></ScalarOperator></Compare></ScalarOperator></Condition><Then><ScalarOperator><Identifier><ColumnReference Database="Database1" Schema="Schema1" Table="Object23" Alias="Object31" Column="Column73" /></Identifier></ScalarOperator></Then><Else><ScalarOperator><IF><Condition><ScalarOperator><Compare CompareOp="GT"><ScalarOperator><Identifier><ColumnReference Database="Database1" Schema="Schema1" Table="Object23" Alias="Object31" Column="Column75" /></Identifier></ScalarOperator><ScalarOperator><Identifier><ColumnReference Column="Column79"><ScalarOperator><Intrinsic FunctionName="Function5" /></ScalarOperator></ColumnReference></Identifier></ScalarOperator></Compare></ScalarOperator></Condition><Then><ScalarOperator><Identifier><ColumnReference Database="Database1" Schema="Schema1" Table="Object23" Alias="Object31" Column="Column75" /></Identifier></ScalarOperator></Then><Else><ScalarOperator><Convert DataType="datetime" Style="0" Implicit="false"><ScalarOperator><Convert DataType="date" Style="0" Implicit="false"><ScalarOperator><Identifier><ColumnReference Column="Column80"><ScalarOperator><Intrinsic FunctionName="Function5" /></ScalarOperator></ColumnReference></Identifier></ScalarOperator></Convert></ScalarOperator></Convert></ScalarOperator></Else></IF></ScalarOperator></Else></IF></ScalarOperator><ScalarOperator><Identifier><ColumnReference Column="Expr1118" /></Identifier></ScalarOperator></Compare></ScalarOperator></Logical></ScalarOperator></Residual><RelOp AvgRowSize="1768" EstimateCPU="0.0372335" EstimateIO="0.00563063" EstimateRebinds="0" EstimateRewinds="0" EstimatedExecutionMode="Row" EstimateRows="3985.59" LogicalOp="Sort" NodeId="43" Parallel="true" PhysicalOp="Sort" EstimatedTotalSubtreeCost="942.81"><OutputList><ColumnReference Database="Database1" Schema="Schema1" Table="Object28" Alias="Object30" Column="Column47" /><ColumnReference Database="Database1" Schema="Schema1" Table="Object28" Alias="Object30" Column="Column48" /><ColumnReference Database="Database1" Schema="Schema1" Table="Object8" Alias="Object49" Column="Column64" /><ColumnReference Database="Database1" Schema="Schema1" Table="Object23" Alias="Object31" Column="Column46" /><ColumnReference Database="Database1" Schema="Schema1" Table="Object23" Alias="Object31" Column="Column75" /><ColumnReference Database="Database1" Schema="Schema1" Table="Object23" Alias="Object31" Column="Column73" /><ColumnReference Database="Database1" Schema="Schema1" Table="Object23" Alias="Object31" Column="Column54" /><ColumnReference Database="Database1" Schema="Schema1" Table="Object23" Alias="Object31" Column="Column12" /><ColumnReference Database="Database1" Schema="Schema1" Table="Object23" Alias="Object31" Column="Column2" /><ColumnReference Database="Database1" Schema="Schema1" Table="Object23" Alias="Object31" Column="Column49" /><ColumnReference Column="Union1053" /><ColumnReference Database="Database1" Schema="Schema1" Table="Object22" Alias="Object42" Column="Column55" /><ColumnReference Database="Database1" Schema="Schema1" Table="Object8" Alias="Object32" Column="Column50" /><ColumnReference Database="Database1" Schema="Schema1" Table="Object22" Alias="Object43" Column="Column55" /><ColumnReference Database="Database1" Schema="Schema1" Table="Object22" Alias="Object33" Column="Column55" /><ColumnReference Database="Database1" Schema="Schema1" Table="Object22" Alias="Object33" Column="Column51" /><ColumnReference Database="Database1" Schema="Schema1" Table="Object22" Alias="Object34" Column="Column55" /><ColumnReference Database="Database1" Schema="Schema1" Table="Object22" Alias="Object34" Column="Column51" /><ColumnReference Database="Database1" Schema="Schema1" Table="Object10" Alias="Object47" Column="Column50" /><ColumnReference Database="Database1" Schema="Schema1" Table="Object10" Alias="Object46" Column="Column50" /><ColumnReference Database="Database1" Schema="Schema1" Table="Object10" Alias="Object45" Column="Column50" /><ColumnReference Database="Database1" Schema="Schema1" Table="Object10" Alias="Object44" Column="Column50" /><ColumnReference Database="Database1" Schema="Schema1" Table="Object21" Alias="Object35" Column="Column52" /><ColumnReference Database="Database1" Schema="Schema1" Table="Object21" Alias="Object35" Column="Column3" /><ColumnReference Database="Database1" Schema="Schema1" Table="Object21" Alias="Object35" Column="Column5" /><ColumnReference Database="Database1" Schema="Schema1" Table="Object8" Alias="Object36" Column="Column50" /><ColumnReference Column="Expr1271" /></OutputList><MemoryFractions Input="0.0646706" Output="0.0186783" /><RunTimeInformation><RunTimeCountersPerThread Thread="0" ActualRebinds="1" ActualRewinds="0" ActualRows="10054" Batches="0" ActualEndOfScans="1" ActualExecutions="1" ActualExecutionMode="Row" ActualElapsedms="29255" ActualCPUms="16669" ActualScans="0" ActualLogicalReads="0" ActualPhysicalReads="0" ActualReadAheads="0" ActualLobLogicalReads="0" ActualLobPhysicalReads="0" ActualLobReadAheads="0" InputMemoryGrant="60192" OutputMemoryGrant="17360" UsedMemoryGrant="5896" /></RunTimeInformation><Sort Distinct="false"><OrderBy><OrderByColumn Ascending="true"><ColumnReference Database="Database1" Schema="Schema1" Table="Object8" Alias="Object49" Column="Column64" /></OrderByColumn></OrderBy><RelOp AvgRowSize="1768" EstimateCPU="0.300856" EstimateIO="0" EstimateRebinds="0" EstimateRewinds="0" EstimatedExecutionMode="Row" EstimateRows="3985.59" LogicalOp="Repartition Streams" NodeId="44" Parallel="true" PhysicalOp="Parallelism" EstimatedTotalSubtreeCost="942.767"><OutputList><ColumnReference Database="Database1" Schema="Schema1" Table="Object28" Alias="Object30" Column="Column47" /><ColumnReference Database="Database1" Schema="Schema1" Table="Object28" Alias="Object30" Column="Column48" /><ColumnReference Database="Database1" Schema="Schema1" Table="Object8" Alias="Object49" Column="Column64" /><ColumnReference Database="Database1" Schema="Schema1" Table="Object23" Alias="Object31" Column="Column46" /><ColumnReference Database="Database1" Schema="Schema1" Table="Object23" Alias="Object31" Column="Column75" /><ColumnReference Database="Database1" Schema="Schema1" Table="Object23" Alias="Object31" Column="Column73" /><ColumnReference Database="Database1" Schema="Schema1" Table="Object23" Alias="Object31" Column="Column54" /><ColumnReference Database="Database1" Schema="Schema1" Table="Object23" Alias="Object31" Column="Column12" /><ColumnReference Database="Database1" Schema="Schema1" Table="Object23" Alias="Object31" Column="Column2" /><ColumnReference Database="Database1" Schema="Schema1" Table="Object8" Alias="Object49" Column="Column64" /><ColumnReference Database="Database1" Schema="Schema1" Table="Object23" Alias="Object31" Column="Column49" /><ColumnReference Column="Union1053" /><ColumnReference Database="Database1" Schema="Schema1" Table="Object22" Alias="Object42" Column="Column55" /><ColumnReference Database="Database1" Schema="Schema1" Table="Object8" Alias="Object32" Column="Column50" /><ColumnReference Database="Database1" Schema="Schema1" Table="Object22" Alias="Object43" Column="Column55" /><ColumnReference Database="Database1" Schema="Schema1" Table="Object22" Alias="Object33" Column="Column55" /><ColumnReference Database="Database1" Schema="Schema1" Table="Object22" Alias="Object33" Column="Column51" /><ColumnReference Database="Database1" Schema="Schema1" Table="Object22" Alias="Object34" Column="Column55" /><ColumnReference Database="Database1" Schema="Schema1" Table="Object22" Alias="Object34" Column="Column51" /><ColumnReference Database="Database1" Schema="Schema1" Table="Object10" Alias="Object47" Column="Column50" /><ColumnReference Database="Database1" Schema="Schema1" Table="Object10" Alias="Object46" Column="Column50" /><ColumnReference Database="Database1" Schema="Schema1" Table="Object10" Alias="Object45" Column="Column50" /><ColumnReference Database="Database1" Schema="Schema1" Table="Object10" Alias="Object44" Column="Column50" /><ColumnReference Database="Database1" Schema="Schema1" Table="Object21" Alias="Object35" Column="Column52" /><ColumnReference Database="Database1" Schema="Schema1" Table="Object21" Alias="Object35" Column="Column3" /><ColumnReference Database="Database1" Schema="Schema1" Table="Object21" Alias="Object35" Column="Column5" /><ColumnReference Database="Database1" Schema="Schema1" Table="Object8" Alias="Object36" Column="Column50" /><ColumnReference Column="Expr1271" /></OutputList><Parallelism PartitioningType="Hash"><PartitionColumns><ColumnReference Database="Database1" Schema="Schema1" Table="Object8" Alias="Object49" Column="Column64" /></PartitionColumns><RelOp AvgRowSize="1768" EstimateCPU="0.00832988" EstimateIO="0" EstimateRebinds="0" EstimateRewinds="0" EstimatedExecutionMode="Row" EstimateRows="3985.59" LogicalOp="Left Outer Join" NodeId="45" Parallel="true" PhysicalOp="Nested Loops" EstimatedTotalSubtreeCost="942.466"><OutputList><ColumnReference Database="Database1" Schema="Schema1" Table="Object28" Alias="Object30" Column="Column47" /><ColumnReference Database="Database1" Schema="Schema1" Table="Object28" Alias="Object30" Column="Column48" /><ColumnReference Database="Database1" Schema="Schema1" Table="Object8" Alias="Object49" Column="Column64" /><ColumnReference Database="Database1" Schema="Schema1" Table="Object23" Alias="Object31" Column="Column46" /><ColumnReference Database="Database1" Schema="Schema1" Table="Object23" Alias="Object31" Column="Column75" /><ColumnReference Database="Database1" Schema="Schema1" Table="Object23" Alias="Object31" Column="Column73" /><ColumnReference Database="Database1" Schema="Schema1" Table="Object23" Alias="Object31" Column="Column54" /><ColumnReference Database="Database1" Schema="Schema1" Table="Object23" Alias="Object31" Column="Column12" /><ColumnReference Database="Database1" Schema="Schema1" Table="Object23" Alias="Object31" Column="Column2" /><ColumnReference Database="Database1" Schema="Schema1" Table="Object8" Alias="Object49" Column="Column64" /><ColumnReference Database="Database1" Schema="Schema1" Table="Object23" Alias="Object31" Column="Column49" /><ColumnReference Column="Union1053" /><ColumnReference Database="Database1" Schema="Schema1" Table="Object22" Alias="Object42" Column="Column55" /><ColumnReference Database="Database1" Schema="Schema1" Table="Object8" Alias="Object32" Column="Column50" /><ColumnReference Database="Database1" Schema="Schema1" Table="Object22" Alias="Object43" Column="Column55" /><ColumnReference Database="Database1" Schema="Schema1" Table="Object22" Alias="Object33" Column="Column55" /><ColumnReference Database="Database1" Schema="Schema1" Table="Object22" Alias="Object33" Column="Column51" /><ColumnReference Database="Database1" Schema="Schema1" Table="Object22" Alias="Object34" Column="Column55" /><ColumnReference Database="Database1" Schema="Schema1" Table="Object22" Alias="Object34" Column="Column51" /><ColumnReference Database="Database1" Schema="Schema1" Table="Object10" Alias="Object47" Column="Column50" /><ColumnReference Database="Database1" Schema="Schema1" Table="Object10" Alias="Object46" Column="Column50" /><ColumnReference Database="Database1" Schema="Schema1" Table="Object10" Alias="Object45" Column="Column50" /><ColumnReference Database="Database1" Schema="Schema1" Table="Object10" Alias="Object44" Column="Column50" /><ColumnReference Database="Database1" Schema="Schema1" Table="Object21" Alias="Object35" Column="Column52" /><ColumnReference Database="Database1" Schema="Schema1" Table="Object21" Alias="Object35" Column="Column3" /><ColumnReference Database="Database1" Schema="Schema1" Table="Object21" Alias="Object35" Column="Column5" /><ColumnReference Database="Database1" Schema="Schema1" Table="Object8" Alias="Object36" Column="Column50" /><ColumnReference Column="Expr1271" /></OutputList><RunTimeInformation><RunTimeCountersPerThread Thread="0" ActualRows="10054" Batches="0" ActualEndOfScans="1" ActualExecutions="1" ActualExecutionMode="Row" ActualElapsedms="29160" ActualCPUms="16619" /></RunTimeInformation><NestedLoops Optimized="false" WithUnorderedPrefetch="true"><OuterReferences><ColumnReference Database="Database1" Schema="Schema1" Table="Object28" Alias="Object30" Column="Column47" /><ColumnReference Database="Database1" Schema="Schema1" Table="Object28" Alias="Object30" Column="Column48" /><ColumnReference Database="Database1" Schema="Schema1" Table="Object8" Alias="Object49" Column="Column64" /><ColumnReference Column="Expr2005" /></OuterReferences><RelOp AvgRowSize="1741" EstimateCPU="2.4235" EstimateIO="0" EstimateRebinds="0" EstimateRewinds="0" EstimatedExecutionMode="Row" EstimateRows="3985.59" LogicalOp="Inner Join" NodeId="47" Parallel="true" PhysicalOp="Hash Match" EstimatedTotalSubtreeCost="908.33"><OutputList><ColumnReference Database="Database1" Schema="Schema1" Table="Object28" Alias="Object30" Column="Column47" /><ColumnReference Database="Database1" Schema="Schema1" Table="Object28" Alias="Object30" Column="Column48" /><ColumnReference Database="Database1" Schema="Schema1" Table="Object8" Alias="Object49" Column="Column64" /><ColumnReference Database="Database1" Schema="Schema1" Table="Object23" Alias="Object31" Column="Column46" /><ColumnReference Database="Database1" Schema="Schema1" Table="Object23" Alias="Object31" Column="Column75" /><ColumnReference Database="Database1" Schema="Schema1" Table="Object23" Alias="Object31" Column="Column73" /><ColumnReference Database="Database1" Schema="Schema1" Table="Object23" Alias="Object31" Column="Column54" /><ColumnReference Database="Database1" Schema="Schema1" Table="Object23" Alias="Object31" Column="Column12" /><ColumnReference Database="Database1" Schema="Schema1" Table="Object23" Alias="Object31" Column="Column2" /><ColumnReference Database="Database1" Schema="Schema1" Table="Object8" Alias="Object49" Column="Column64" /><ColumnReference Database="Database1" Schema="Schema1" Table="Object23" Alias="Object31" Column="Column49" /><ColumnReference Column="Union1053" /><ColumnReference Database="Database1" Schema="Schema1" Table="Object22" Alias="Object42" Column="Column55" /><ColumnReference Database="Database1" Schema="Schema1" Table="Object8" Alias="Object32" Column="Column50" /><ColumnReference Database="Database1" Schema="Schema1" Table="Object22" Alias="Object43" Column="Column55" /><ColumnReference Database="Database1" Schema="Schema1" Table="Object22" Alias="Object33" Column="Column55" /><ColumnReference Database="Database1" Schema="Schema1" Table="Object22" Alias="Object33" Column="Column51" /><ColumnReference Database="Database1" Schema="Schema1" Table="Object22" Alias="Object34" Column="Column55" /><ColumnReference Database="Database1" Schema="Schema1" Table="Object22" Alias="Object34" Column="Column51" /><ColumnReference Database="Database1" Schema="Schema1" Table="Object10" Alias="Object47" Column="Column50" /><ColumnReference Database="Database1" Schema="Schema1" Table="Object10" Alias="Object46" Column="Column50" /><ColumnReference Database="Database1" Schema="Schema1" Table="Object10" Alias="Object45" Column="Column50" /><ColumnReference Database="Database1" Schema="Schema1" Table="Object10" Alias="Object44" Column="Column50" /><ColumnReference Database="Database1" Schema="Schema1" Table="Object21" Alias="Object35" Column="Column52" /><ColumnReference Database="Database1" Schema="Schema1" Table="Object21" Alias="Object35" Column="Column3" /><ColumnReference Database="Database1" Schema="Schema1" Table="Object21" Alias="Object35" Column="Column5" /><ColumnReference Column="Expr1271" /></OutputList><MemoryFractions Input="0.0344106" Output="0.139268" /><RunTimeInformation><RunTimeCountersPerThread Thread="0" ActualRows="10050" Batches="0" ActualEndOfScans="1" ActualExecutions="1" ActualExecutionMode="Row" ActualElapsedms="28292" ActualCPUms="15885" ActualScans="0" ActualLogicalReads="0" ActualPhysicalReads="0" ActualReadAheads="0" ActualLobLogicalReads="0" ActualLobPhysicalReads="0" ActualLobReadAheads="0" InputMemoryGrant="32776" OutputMemoryGrant="129560" UsedMemoryGrant="5504" /></RunTimeInformation><Hash><DefinedValues /><HashKeysBuild><ColumnReference Database="Database1" Schema="Schema1" Table="Object23" Alias="Object31" Column="Column2" /></HashKeysBuild><HashKeysProbe><ColumnReference Database="Database1" Schema="Schema1" Table="Object21" Alias="Object35" Column="Column2" /></HashKeysProbe><ProbeResidual><ScalarOperator ScalarString="ScalarString32"><Compare CompareOp="EQ"><ScalarOperator><Identifier><ColumnReference Database="Database1" Schema="Schema1" Table="Object21" Alias="Object35" Column="Column2" /></Identifier></ScalarOperator><ScalarOperator><Identifier><ColumnReference Database="Database1" Schema="Schema1" Table="Object23" Alias="Object31" Column="Column2" /></Identifier></ScalarOperator></Compare></ScalarOperator></ProbeResidual><RelOp AvgRowSize="1601" EstimateCPU="0.272594" EstimateIO="0" EstimateRebinds="0" EstimateRewinds="0" EstimatedExecutionMode="Row" EstimateRows="3941.11" LogicalOp="Bitmap Create" NodeId="48" Parallel="true" PhysicalOp="Bitmap" EstimatedTotalSubtreeCost="901.221"><OutputList><ColumnReference Database="Database1" Schema="Schema1" Table="Object28" Alias="Object30" Column="Column47" /><ColumnReference Database="Database1" Schema="Schema1" Table="Object28" Alias="Object30" Column="Column48" /><ColumnReference Database="Database1" Schema="Schema1" Table="Object8" Alias="Object49" Column="Column64" /><ColumnReference Database="Database1" Schema="Schema1" Table="Object23" Alias="Object31" Column="Column46" /><ColumnReference Database="Database1" Schema="Schema1" Table="Object23" Alias="Object31" Column="Column75" /><ColumnReference Database="Database1" Schema="Schema1" Table="Object23" Alias="Object31" Column="Column73" /><ColumnReference Database="Database1" Schema="Schema1" Table="Object23" Alias="Object31" Column="Column54" /><ColumnReference Database="Database1" Schema="Schema1" Table="Object23" Alias="Object31" Column="Column12" /><ColumnReference Database="Database1" Schema="Schema1" Table="Object23" Alias="Object31" Column="Column2" /><ColumnReference Database="Database1" Schema="Schema1" Table="Object8" Alias="Object49" Column="Column64" /><ColumnReference Database="Database1" Schema="Schema1" Table="Object23" Alias="Object31" Column="Column49" /><ColumnReference Column="Union1053" /><ColumnReference Database="Database1" Schema="Schema1" Table="Object22" Alias="Object42" Column="Column55" /><ColumnReference Database="Database1" Schema="Schema1" Table="Object8" Alias="Object32" Column="Column50" /><ColumnReference Database="Database1" Schema="Schema1" Table="Object22" Alias="Object43" Column="Column55" /><ColumnReference Database="Database1" Schema="Schema1" Table="Object22" Alias="Object33" Column="Column55" /><ColumnReference Database="Database1" Schema="Schema1" Table="Object22" Alias="Object33" Column="Column51" /><ColumnReference Database="Database1" Schema="Schema1" Table="Object22" Alias="Object34" Column="Column55" /><ColumnReference Database="Database1" Schema="Schema1" Table="Object22" Alias="Object34" Column="Column51" /><ColumnReference Database="Database1" Schema="Schema1" Table="Object10" Alias="Object47" Column="Column50" /><ColumnReference Database="Database1" Schema="Schema1" Table="Object10" Alias="Object46" Column="Column50" /><ColumnReference Database="Database1" Schema="Schema1" Table="Object10" Alias="Object45" Column="Column50" /><ColumnReference Database="Database1" Schema="Schema1" Table="Object10" Alias="Object44" Column="Column50" /></OutputList><Bitmap><DefinedValues><DefinedValue><ColumnReference Column="Column81" /></DefinedValue></DefinedValues><HashKeys><ColumnReference Database="Database1" Schema="Schema1" Table="Object23" Alias="Object31" Column="Column2" /></HashKeys><RelOp AvgRowSize="1601" EstimateCPU="0.272594" EstimateIO="0" EstimateRebinds="0" EstimateRewinds="0" EstimatedExecutionMode="Row" EstimateRows="3941.11" LogicalOp="Repartition Streams" NodeId="49" Parallel="true" PhysicalOp="Parallelism" EstimatedTotalSubtreeCost="901.221"><OutputList><ColumnReference Database="Database1" Schema="Schema1" Table="Object28" Alias="Object30" Column="Column47" /><ColumnReference Database="Database1" Schema="Schema1" Table="Object28" Alias="Object30" Column="Column48" /><ColumnReference Database="Database1" Schema="Schema1" Table="Object8" Alias="Object49" Column="Column64" /><ColumnReference Database="Database1" Schema="Schema1" Table="Object23" Alias="Object31" Column="Column46" /><ColumnReference Database="Database1" Schema="Schema1" Table="Object23" Alias="Object31" Column="Column75" /><ColumnReference Database="Database1" Schema="Schema1" Table="Object23" Alias="Object31" Column="Column73" /><ColumnReference Database="Database1" Schema="Schema1" Table="Object23" Alias="Object31" Column="Column54" /><ColumnReference Database="Database1" Schema="Schema1" Table="Object23" Alias="Object31" Column="Column12" /><ColumnReference Database="Database1" Schema="Schema1" Table="Object23" Alias="Object31" Column="Column2" /><ColumnReference Database="Database1" Schema="Schema1" Table="Object8" Alias="Object49" Column="Column64" /><ColumnReference Database="Database1" Schema="Schema1" Table="Object23" Alias="Object31" Column="Column49" /><ColumnReference Column="Union1053" /><ColumnReference Database="Database1" Schema="Schema1" Table="Object22" Alias="Object42" Column="Column55" /><ColumnReference Database="Database1" Schema="Schema1" Table="Object8" Alias="Object32" Column="Column50" /><ColumnReference Database="Database1" Schema="Schema1" Table="Object22" Alias="Object43" Column="Column55" /><ColumnReference Database="Database1" Schema="Schema1" Table="Object22" Alias="Object33" Column="Column55" /><ColumnReference Database="Database1" Schema="Schema1" Table="Object22" Alias="Object33" Column="Column51" /><ColumnReference Database="Database1" Schema="Schema1" Table="Object22" Alias="Object34" Column="Column55" /><ColumnReference Database="Database1" Schema="Schema1" Table="Object22" Alias="Object34" Column="Column51" /><ColumnReference Database="Database1" Schema="Schema1" Table="Object10" Alias="Object47" Column="Column50" /><ColumnReference Database="Database1" Schema="Schema1" Table="Object10" Alias="Object46" Column="Column50" /><ColumnReference Database="Database1" Schema="Schema1" Table="Object10" Alias="Object45" Column="Column50" /><ColumnReference Database="Database1" Schema="Schema1" Table="Object10" Alias="Object44" Column="Column50" /></OutputList><Parallelism PartitioningType="Hash"><PartitionColumns><ColumnReference Database="Database1" Schema="Schema1" Table="Object23" Alias="Object31" Column="Column2" /></PartitionColumns><RelOp AvgRowSize="1601" EstimateCPU="0.982417" EstimateIO="0" EstimateRebinds="0" EstimateRewinds="0" EstimatedExecutionMode="Row" EstimateRows="3941.11" LogicalOp="Left Outer Join" NodeId="50" Parallel="true" PhysicalOp="Hash Match" EstimatedTotalSubtreeCost="900.948"><OutputList><ColumnReference Database="Database1" Schema="Schema1" Table="Object28" Alias="Object30" Column="Column47" /><ColumnReference Database="Database1" Schema="Schema1" Table="Object28" Alias="Object30" Column="Column48" /><ColumnReference Database="Database1" Schema="Schema1" Table="Object8" Alias="Object49" Column="Column64" /><ColumnReference Database="Database1" Schema="Schema1" Table="Object23" Alias="Object31" Column="Column46" /><ColumnReference Database="Database1" Schema="Schema1" Table="Object23" Alias="Object31" Column="Column75" /><ColumnReference Database="Database1" Schema="Schema1" Table="Object23" Alias="Object31" Column="Column73" /><ColumnReference Database="Database1" Schema="Schema1" Table="Object23" Alias="Object31" Column="Column54" /><ColumnReference Database="Database1" Schema="Schema1" Table="Object23" Alias="Object31" Column="Column12" /><ColumnReference Database="Database1" Schema="Schema1" Table="Object23" Alias="Object31" Column="Column2" /><ColumnReference Database="Database1" Schema="Schema1" Table="Object8" Alias="Object49" Column="Column64" /><ColumnReference Database="Database1" Schema="Schema1" Table="Object23" Alias="Object31" Column="Column49" /><ColumnReference Column="Union1053" /><ColumnReference Database="Database1" Schema="Schema1" Table="Object22" Alias="Object42" Column="Column55" /><ColumnReference Database="Database1" Schema="Schema1" Table="Object8" Alias="Object32" Column="Column50" /><ColumnReference Database="Database1" Schema="Schema1" Table="Object22" Alias="Object43" Column="Column55" /><ColumnReference Database="Database1" Schema="Schema1" Table="Object22" Alias="Object33" Column="Column55" /><ColumnReference Database="Database1" Schema="Schema1" Table="Object22" Alias="Object33" Column="Column51" /><ColumnReference Database="Database1" Schema="Schema1" Table="Object22" Alias="Object34" Column="Column55" /><ColumnReference Database="Database1" Schema="Schema1" Table="Object22" Alias="Object34" Column="Column51" /><ColumnReference Database="Database1" Schema="Schema1" Table="Object10" Alias="Object47" Column="Column50" /><ColumnReference Database="Database1" Schema="Schema1" Table="Object10" Alias="Object46" Column="Column50" /><ColumnReference Database="Database1" Schema="Schema1" Table="Object10" Alias="Object45" Column="Column50" /><ColumnReference Database="Database1" Schema="Schema1" Table="Object10" Alias="Object44" Column="Column50" /></OutputList><MemoryFractions Input="0.00859177" Output="0.16839" /><RunTimeInformation><RunTimeCountersPerThread Thread="0" ActualRows="10050" Batches="0" ActualEndOfScans="1" ActualExecutions="1" ActualExecutionMode="Row" ActualElapsedms="28156" ActualCPUms="15765" ActualScans="0" ActualLogicalReads="0" ActualPhysicalReads="0" ActualReadAheads="0" ActualLobLogicalReads="0" ActualLobPhysicalReads="0" ActualLobReadAheads="0" InputMemoryGrant="8952" OutputMemoryGrant="156432" UsedMemoryGrant="2496" /></RunTimeInformation><Hash><DefinedValues /><HashKeysBuild><ColumnReference Database="Database1" Schema="Schema1" Table="Object8" Alias="Object32" Column="Column50" /></HashKeysBuild><HashKeysProbe><ColumnReference Database="Database1" Schema="Schema1" Table="Object22" Alias="Object43" Column="Column51" /></HashKeysProbe><ProbeResidual><ScalarOperator ScalarString="ScalarString33"><Logical Operation="AND"><ScalarOperator><Compare CompareOp="EQ"><ScalarOperator><Identifier><ColumnReference Database="Database1" Schema="Schema1" Table="Object22" Alias="Object43" Column="Column51" /></Identifier></ScalarOperator><ScalarOperator><Identifier><ColumnReference Database="Database1" Schema="Schema1" Table="Object8" Alias="Object32" Column="Column50" /></Identifier></ScalarOperator></Compare></ScalarOperator><ScalarOperator><Compare CompareOp="GE"><ScalarOperator><IF><Condition><ScalarOperator><Compare CompareOp="LT"><ScalarOperator><Identifier><ColumnReference Database="Database1" Schema="Schema1" Table="Object28" Alias="Object30" Column="Column48" /></Identifier></ScalarOperator><ScalarOperator><Identifier><ColumnReference Column="Column82"><ScalarOperator><Intrinsic FunctionName="Function5" /></ScalarOperator></ColumnReference></Identifier></ScalarOperator></Compare></ScalarOperator></Condition><Then><ScalarOperator><Identifier><ColumnReference Database="Database1" Schema="Schema1" Table="Object28" Alias="Object30" Column="Column48" /></Identifier></ScalarOperator></Then><Else><ScalarOperator><IF><Condition><ScalarOperator><Compare CompareOp="GT"><ScalarOperator><Identifier><ColumnReference Database="Database1" Schema="Schema1" Table="Object28" Alias="Object30" Column="Column47" /></Identifier></ScalarOperator><ScalarOperator><Identifier><ColumnReference Column="Column83"><ScalarOperator><Intrinsic FunctionName="Function5" /></ScalarOperator></ColumnReference></Identifier></ScalarOperator></Compare></ScalarOperator></Condition><Then><ScalarOperator><Identifier><ColumnReference Database="Database1" Schema="Schema1" Table="Object28" Alias="Object30" Column="Column47" /></Identifier></ScalarOperator></Then><Else><ScalarOperator><Convert DataType="datetime" Style="0" Implicit="false"><ScalarOperator><Convert DataType="date" Style="0" Implicit="false"><ScalarOperator><Identifier><ColumnReference Column="Column84"><ScalarOperator><Intrinsic FunctionName="Function5" /></ScalarOperator></ColumnReference></Identifier></ScalarOperator></Convert></ScalarOperator></Convert></ScalarOperator></Else></IF></ScalarOperator></Else></IF></ScalarOperator><ScalarOperator><Identifier><ColumnReference Column="Expr1104" /></Identifier></ScalarOperator></Compare></ScalarOperator><ScalarOperator><Compare CompareOp="LE"><ScalarOperator><IF><Condition><ScalarOperator><Compare CompareOp="LT"><ScalarOperator><Identifier><ColumnReference Database="Database1" Schema="Schema1" Table="Object28" Alias="Object30" Column="Column48" /></Identifier></ScalarOperator><ScalarOperator><Identifier><ColumnReference Column="Column85"><ScalarOperator><Intrinsic FunctionName="Function5" /></ScalarOperator></ColumnReference></Identifier></ScalarOperator></Compare></ScalarOperator></Condition><Then><ScalarOperator><Identifier><ColumnReference Database="Database1" Schema="Schema1" Table="Object28" Alias="Object30" Column="Column48" /></Identifier></ScalarOperator></Then><Else><ScalarOperator><IF><Condition><ScalarOperator><Compare CompareOp="GT"><ScalarOperator><Identifier><ColumnReference Database="Database1" Schema="Schema1" Table="Object28" Alias="Object30" Column="Column47" /></Identifier></ScalarOperator><ScalarOperator><Identifier><ColumnReference Column="Column86"><ScalarOperator><Intrinsic FunctionName="Function5" /></ScalarOperator></ColumnReference></Identifier></ScalarOperator></Compare></ScalarOperator></Condition><Then><ScalarOperator><Identifier><ColumnReference Database="Database1" Schema="Schema1" Table="Object28" Alias="Object30" Column="Column47" /></Identifier></ScalarOperator></Then><Else><ScalarOperator><Convert DataType="datetime" Style="0" Implicit="false"><ScalarOperator><Convert DataType="date" Style="0" Implicit="false"><ScalarOperator><Identifier><ColumnReference Column="Column87"><ScalarOperator><Intrinsic FunctionName="Function5" /></ScalarOperator></ColumnReference></Identifier></ScalarOperator></Convert></ScalarOperator></Convert></ScalarOperator></Else></IF></ScalarOperator></Else></IF></ScalarOperator><ScalarOperator><Identifier><ColumnReference Column="Expr1105" /></Identifier></ScalarOperator></Compare></ScalarOperator></Logical></ScalarOperator></ProbeResidual><RelOp AvgRowSize="667" EstimateCPU="0.137034" EstimateIO="0" EstimateRebinds="0" EstimateRewinds="0" EstimatedExecutionMode="Row" EstimateRows="3941.11" LogicalOp="Repartition Streams" NodeId="51" Parallel="true" PhysicalOp="Parallelism" EstimatedTotalSubtreeCost="898.33"><OutputList><ColumnReference Database="Database1" Schema="Schema1" Table="Object28" Alias="Object30" Column="Column47" /><ColumnReference Database="Database1" Schema="Schema1" Table="Object28" Alias="Object30" Column="Column48" /><ColumnReference Database="Database1" Schema="Schema1" Table="Object8" Alias="Object49" Column="Column64" /><ColumnReference Database="Database1" Schema="Schema1" Table="Object23" Alias="Object31" Column="Column46" /><ColumnReference Database="Database1" Schema="Schema1" Table="Object23" Alias="Object31" Column="Column75" /><ColumnReference Database="Database1" Schema="Schema1" Table="Object23" Alias="Object31" Column="Column73" /><ColumnReference Database="Database1" Schema="Schema1" Table="Object23" Alias="Object31" Column="Column54" /><ColumnReference Database="Database1" Schema="Schema1" Table="Object23" Alias="Object31" Column="Column12" /><ColumnReference Database="Database1" Schema="Schema1" Table="Object23" Alias="Object31" Column="Column2" /><ColumnReference Database="Database1" Schema="Schema1" Table="Object8" Alias="Object49" Column="Column64" /><ColumnReference Database="Database1" Schema="Schema1" Table="Object23" Alias="Object31" Column="Column49" /><ColumnReference Column="Union1053" /><ColumnReference Database="Database1" Schema="Schema1" Table="Object22" Alias="Object42" Column="Column55" /><ColumnReference Database="Database1" Schema="Schema1" Table="Object8" Alias="Object32" Column="Column50" /></OutputList><Parallelism PartitioningType="Hash"><PartitionColumns><ColumnReference Database="Database1" Schema="Schema1" Table="Object8" Alias="Object32" Column="Column50" /></PartitionColumns><RelOp AvgRowSize="667" EstimateCPU="0.142807" EstimateIO="0.52005" EstimateRebinds="0" EstimateRewinds="0" EstimatedExecutionMode="Row" EstimateRows="3941.11" LogicalOp="Inner Join" NodeId="52" Parallel="true" PhysicalOp="Merge Join" EstimatedTotalSubtreeCost="898.193"><OutputList><ColumnReference Database="Database1" Schema="Schema1" Table="Object28" Alias="Object30" Column="Column47" /><ColumnReference Database="Database1" Schema="Schema1" Table="Object28" Alias="Object30" Column="Column48" /><ColumnReference Database="Database1" Schema="Schema1" Table="Object8" Alias="Object49" Column="Column64" /><ColumnReference Database="Database1" Schema="Schema1" Table="Object23" Alias="Object31" Column="Column46" /><ColumnReference Database="Database1" Schema="Schema1" Table="Object23" Alias="Object31" Column="Column75" /><ColumnReference Database="Database1" Schema="Schema1" Table="Object23" Alias="Object31" Column="Column73" /><ColumnReference Database="Database1" Schema="Schema1" Table="Object23" Alias="Object31" Column="Column54" /><ColumnReference Database="Database1" Schema="Schema1" Table="Object23" Alias="Object31" Column="Column12" /><ColumnReference Database="Database1" Schema="Schema1" Table="Object23" Alias="Object31" Column="Column2" /><ColumnReference Database="Database1" Schema="Schema1" Table="Object8" Alias="Object49" Column="Column64" /><ColumnReference Database="Database1" Schema="Schema1" Table="Object23" Alias="Object31" Column="Column49" /><ColumnReference Column="Union1053" /><ColumnReference Database="Database1" Schema="Schema1" Table="Object22" Alias="Object42" Column="Column55" /><ColumnReference Database="Database1" Schema="Schema1" Table="Object8" Alias="Object32" Column="Column50" /></OutputList><RunTimeInformation><RunTimeCountersPerThread Thread="0" ActualRows="10050" ActualRowsRead="30" Batches="0" ActualEndOfScans="1" ActualExecutions="1" ActualExecutionMode="Row" ActualElapsedms="21870" ActualCPUms="12764" ActualScans="10" ActualLogicalReads="81" ActualPhysicalReads="0" ActualReadAheads="0" ActualLobLogicalReads="0" ActualLobPhysicalReads="0" ActualLobReadAheads="0" /></RunTimeInformation><Merge ManyToMany="true"><InnerSideJoinColumns><ColumnReference Database="Database1" Schema="Schema1" Table="Object8" Alias="Object55" Column="Column64" /></InnerSideJoinColumns><OuterSideJoinColumns><ColumnReference Database="Database1" Schema="Schema1" Table="Object8" Alias="Object49" Column="Column64" /></OuterSideJoinColumns><Residual><ScalarOperator ScalarString="ScalarString34"><Logical Operation="AND"><ScalarOperator><Compare CompareOp="EQ"><ScalarOperator><Identifier><ColumnReference Database="Database1" Schema="Schema1" Table="Object8" Alias="Object55" Column="Column64" /></Identifier></ScalarOperator><ScalarOperator><Identifier><ColumnReference Database="Database1" Schema="Schema1" Table="Object8" Alias="Object49" Column="Column64" /></Identifier></ScalarOperator></Compare></ScalarOperator><ScalarOperator><Compare CompareOp="GE"><ScalarOperator><IF><Condition><ScalarOperator><Compare CompareOp="LT"><ScalarOperator><Identifier><ColumnReference Database="Database1" Schema="Schema1" Table="Object28" Alias="Object30" Column="Column48" /></Identifier></ScalarOperator><ScalarOperator><Identifier><ColumnReference Column="Column88"><ScalarOperator><Intrinsic FunctionName="Function5" /></ScalarOperator></ColumnReference></Identifier></ScalarOperator></Compare></ScalarOperator></Condition><Then><ScalarOperator><Identifier><ColumnReference Database="Database1" Schema="Schema1" Table="Object28" Alias="Object30" Column="Column48" /></Identifier></ScalarOperator></Then><Else><ScalarOperator><IF><Condition><ScalarOperator><Compare CompareOp="GT"><ScalarOperator><Identifier><ColumnReference Database="Database1" Schema="Schema1" Table="Object28" Alias="Object30" Column="Column47" /></Identifier></ScalarOperator><ScalarOperator><Identifier><ColumnReference Column="Column89"><ScalarOperator><Intrinsic FunctionName="Function5" /></ScalarOperator></ColumnReference></Identifier></ScalarOperator></Compare></ScalarOperator></Condition><Then><ScalarOperator><Identifier><ColumnReference Database="Database1" Schema="Schema1" Table="Object28" Alias="Object30" Column="Column47" /></Identifier></ScalarOperator></Then><Else><ScalarOperator><Convert DataType="datetime" Style="0" Implicit="false"><ScalarOperator><Convert DataType="date" Style="0" Implicit="false"><ScalarOperator><Identifier><ColumnReference Column="Column90"><ScalarOperator><Intrinsic FunctionName="Function5" /></ScalarOperator></ColumnReference></Identifier></ScalarOperator></Convert></ScalarOperator></Convert></ScalarOperator></Else></IF></ScalarOperator></Else></IF></ScalarOperator><ScalarOperator><Identifier><ColumnReference Database="Database1" Schema="Schema1" Table="Object8" Alias="Object55" Column="Column75" /></Identifier></ScalarOperator></Compare></ScalarOperator><ScalarOperator><Compare CompareOp="LE"><ScalarOperator><IF><Condition><ScalarOperator><Compare CompareOp="LT"><ScalarOperator><Identifier><ColumnReference Database="Database1" Schema="Schema1" Table="Object28" Alias="Object30" Column="Column48" /></Identifier></ScalarOperator><ScalarOperator><Identifier><ColumnReference Column="Column91"><ScalarOperator><Intrinsic FunctionName="Function5" /></ScalarOperator></ColumnReference></Identifier></ScalarOperator></Compare></ScalarOperator></Condition><Then><ScalarOperator><Identifier><ColumnReference Database="Database1" Schema="Schema1" Table="Object28" Alias="Object30" Column="Column48" /></Identifier></ScalarOperator></Then><Else><ScalarOperator><IF><Condition><ScalarOperator><Compare CompareOp="GT"><ScalarOperator><Identifier><ColumnReference Database="Database1" Schema="Schema1" Table="Object28" Alias="Object30" Column="Column47" /></Identifier></ScalarOperator><ScalarOperator><Identifier><ColumnReference Column="Column92"><ScalarOperator><Intrinsic FunctionName="Function5" /></ScalarOperator></ColumnReference></Identifier></ScalarOperator></Compare></ScalarOperator></Condition><Then><ScalarOperator><Identifier><ColumnReference Database="Database1" Schema="Schema1" Table="Object28" Alias="Object30" Column="Column47" /></Identifier></ScalarOperator></Then><Else><ScalarOperator><Convert DataType="datetime" Style="0" Implicit="false"><ScalarOperator><Convert DataType="date" Style="0" Implicit="false"><ScalarOperator><Identifier><ColumnReference Column="Column93"><ScalarOperator><Intrinsic FunctionName="Function5" /></ScalarOperator></ColumnReference></Identifier></ScalarOperator></Convert></ScalarOperator></Convert></ScalarOperator></Else></IF></ScalarOperator></Else></IF></ScalarOperator><ScalarOperator><Identifier><ColumnReference Database="Database1" Schema="Schema1" Table="Object8" Alias="Object55" Column="Column73" /></Identifier></ScalarOperator></Compare></ScalarOperator></Logical></ScalarOperator></Residual><RelOp AvgRowSize="667" EstimateCPU="1.15038" EstimateIO="0.00563063" EstimateRebinds="0" EstimateRewinds="0" EstimatedExecutionMode="Row" EstimateRows="33358.2" LogicalOp="Sort" NodeId="54" Parallel="true" PhysicalOp="Sort" EstimatedTotalSubtreeCost="811.746"><OutputList><ColumnReference Database="Database1" Schema="Schema1" Table="Object28" Alias="Object30" Column="Column47" /><ColumnReference Database="Database1" Schema="Schema1" Table="Object28" Alias="Object30" Column="Column48" /><ColumnReference Database="Database1" Schema="Schema1" Table="Object8" Alias="Object49" Column="Column64" /><ColumnReference Database="Database1" Schema="Schema1" Table="Object23" Alias="Object31" Column="Column46" /><ColumnReference Database="Database1" Schema="Schema1" Table="Object23" Alias="Object31" Column="Column75" /><ColumnReference Database="Database1" Schema="Schema1" Table="Object23" Alias="Object31" Column="Column73" /><ColumnReference Database="Database1" Schema="Schema1" Table="Object23" Alias="Object31" Column="Column54" /><ColumnReference Database="Database1" Schema="Schema1" Table="Object23" Alias="Object31" Column="Column12" /><ColumnReference Database="Database1" Schema="Schema1" Table="Object23" Alias="Object31" Column="Column2" /><ColumnReference Database="Database1" Schema="Schema1" Table="Object23" Alias="Object31" Column="Column49" /><ColumnReference Column="Union1053" /><ColumnReference Database="Database1" Schema="Schema1" Table="Object22" Alias="Object42" Column="Column55" /><ColumnReference Database="Database1" Schema="Schema1" Table="Object8" Alias="Object32" Column="Column50" /></OutputList><MemoryFractions Input="0.0691293" Output="0.171071" /><RunTimeInformation><RunTimeCountersPerThread Thread="0" ActualRebinds="1" ActualRewinds="0" ActualRows="10055" Batches="0" ActualEndOfScans="1" ActualExecutions="1" ActualExecutionMode="Row" ActualElapsedms="20497" ActualCPUms="12013" ActualScans="0" ActualLogicalReads="0" ActualPhysicalReads="0" ActualReadAheads="0" ActualLobLogicalReads="0" ActualLobPhysicalReads="0" ActualLobReadAheads="0" InputMemoryGrant="64312" OutputMemoryGrant="158016" UsedMemoryGrant="2368" /></RunTimeInformation><Sort Distinct="false"><OrderBy><OrderByColumn Ascending="true"><ColumnReference Database="Database1" Schema="Schema1" Table="Object8" Alias="Object49" Column="Column64" /></OrderByColumn></OrderBy><RelOp AvgRowSize="667" EstimateCPU="5.49708" EstimateIO="0" EstimateRebinds="0" EstimateRewinds="0" EstimatedExecutionMode="Row" EstimateRows="33358.2" LogicalOp="Bitmap Create" NodeId="55" Parallel="true" PhysicalOp="Bitmap" EstimatedTotalSubtreeCost="810.59"><OutputList><ColumnReference Database="Database1" Schema="Schema1" Table="Object28" Alias="Object30" Column="Column47" /><ColumnReference Database="Database1" Schema="Schema1" Table="Object28" Alias="Object30" Column="Column48" /><ColumnReference Database="Database1" Schema="Schema1" Table="Object8" Alias="Object49" Column="Column64" /><ColumnReference Database="Database1" Schema="Schema1" Table="Object23" Alias="Object31" Column="Column46" /><ColumnReference Database="Database1" Schema="Schema1" Table="Object23" Alias="Object31" Column="Column75" /><ColumnReference Database="Database1" Schema="Schema1" Table="Object23" Alias="Object31" Column="Column73" /><ColumnReference Database="Database1" Schema="Schema1" Table="Object23" Alias="Object31" Column="Column54" /><ColumnReference Database="Database1" Schema="Schema1" Table="Object23" Alias="Object31" Column="Column12" /><ColumnReference Database="Database1" Schema="Schema1" Table="Object23" Alias="Object31" Column="Column2" /><ColumnReference Database="Database1" Schema="Schema1" Table="Object8" Alias="Object49" Column="Column64" /><ColumnReference Database="Database1" Schema="Schema1" Table="Object23" Alias="Object31" Column="Column49" /><ColumnReference Column="Union1053" /><ColumnReference Database="Database1" Schema="Schema1" Table="Object22" Alias="Object42" Column="Column55" /><ColumnReference Database="Database1" Schema="Schema1" Table="Object8" Alias="Object32" Column="Column50" /></OutputList><Bitmap><DefinedValues><DefinedValue><ColumnReference Column="Column94" /></DefinedValue></DefinedValues><HashKeys><ColumnReference Database="Database1" Schema="Schema1" Table="Object8" Alias="Object49" Column="Column64" /></HashKeys><RelOp AvgRowSize="667" EstimateCPU="5.49708" EstimateIO="0" EstimateRebinds="0" EstimateRewinds="0" EstimatedExecutionMode="Row" EstimateRows="33358.2" LogicalOp="Inner Join" NodeId="56" Parallel="true" PhysicalOp="Hash Match" EstimatedTotalSubtreeCost="810.59"><OutputList><ColumnReference Database="Database1" Schema="Schema1" Table="Object28" Alias="Object30" Column="Column47" /><ColumnReference Database="Database1" Schema="Schema1" Table="Object28" Alias="Object30" Column="Column48" /><ColumnReference Database="Database1" Schema="Schema1" Table="Object8" Alias="Object49" Column="Column64" /><ColumnReference Database="Database1" Schema="Schema1" Table="Object23" Alias="Object31" Column="Column46" /><ColumnReference Database="Database1" Schema="Schema1" Table="Object23" Alias="Object31" Column="Column75" /><ColumnReference Database="Database1" Schema="Schema1" Table="Object23" Alias="Object31" Column="Column73" /><ColumnReference Database="Database1" Schema="Schema1" Table="Object23" Alias="Object31" Column="Column54" /><ColumnReference Database="Database1" Schema="Schema1" Table="Object23" Alias="Object31" Column="Column12" /><ColumnReference Database="Database1" Schema="Schema1" Table="Object23" Alias="Object31" Column="Column2" /><ColumnReference Database="Database1" Schema="Schema1" Table="Object8" Alias="Object49" Column="Column64" /><ColumnReference Database="Database1" Schema="Schema1" Table="Object23" Alias="Object31" Column="Column49" /><ColumnReference Column="Union1053" /><ColumnReference Database="Database1" Schema="Schema1" Table="Object22" Alias="Object42" Column="Column55" /><ColumnReference Database="Database1" Schema="Schema1" Table="Object8" Alias="Object32" Column="Column50" /></OutputList><MemoryFractions Input="0.0963091" Output="0.127393" /><RunTimeInformation><RunTimeCountersPerThread Thread="0" ActualRows="10055" Batches="0" ActualEndOfScans="1" ActualExecutions="1" ActualExecutionMode="Row" ActualElapsedms="20467" ActualCPUms="11994" ActualScans="0" ActualLogicalReads="0" ActualPhysicalReads="0" ActualReadAheads="0" ActualLobLogicalReads="0" ActualLobPhysicalReads="0" ActualLobReadAheads="0" InputMemoryGrant="89904" OutputMemoryGrant="118600" UsedMemoryGrant="2688" /></RunTimeInformation><Hash><DefinedValues /><HashKeysBuild><ColumnReference Database="Database1" Schema="Schema1" Table="Object8" Alias="Object49" Column="Column64" /></HashKeysBuild><HashKeysProbe><ColumnReference Database="Database1" Schema="Schema1" Table="Object8" Alias="Object32" Column="Column64" /></HashKeysProbe><ProbeResidual><ScalarOperator ScalarString="ScalarString35"><Logical Operation="AND"><ScalarOperator><Compare CompareOp="EQ"><ScalarOperator><Identifier><ColumnReference Database="Database1" Schema="Schema1" Table="Object8" Alias="Object32" Column="Column64" /></Identifier></ScalarOperator><ScalarOperator><Identifier><ColumnReference Database="Database1" Schema="Schema1" Table="Object8" Alias="Object49" Column="Column64" /></Identifier></ScalarOperator></Compare></ScalarOperator><ScalarOperator><Compare CompareOp="GE"><ScalarOperator><IF><Condition><ScalarOperator><Compare CompareOp="LT"><ScalarOperator><Identifier><ColumnReference Database="Database1" Schema="Schema1" Table="Object28" Alias="Object30" Column="Column48" /></Identifier></ScalarOperator><ScalarOperator><Identifier><ColumnReference Column="Column95"><ScalarOperator><Intrinsic FunctionName="Function5" /></ScalarOperator></ColumnReference></Identifier></ScalarOperator></Compare></ScalarOperator></Condition><Then><ScalarOperator><Identifier><ColumnReference Database="Database1" Schema="Schema1" Table="Object28" Alias="Object30" Column="Column48" /></Identifier></ScalarOperator></Then><Else><ScalarOperator><IF><Condition><ScalarOperator><Compare CompareOp="GT"><ScalarOperator><Identifier><ColumnReference Database="Database1" Schema="Schema1" Table="Object28" Alias="Object30" Column="Column47" /></Identifier></ScalarOperator><ScalarOperator><Identifier><ColumnReference Column="Column96"><ScalarOperator><Intrinsic FunctionName="Function5" /></ScalarOperator></ColumnReference></Identifier></ScalarOperator></Compare></ScalarOperator></Condition><Then><ScalarOperator><Identifier><ColumnReference Database="Database1" Schema="Schema1" Table="Object28" Alias="Object30" Column="Column47" /></Identifier></ScalarOperator></Then><Else><ScalarOperator><Convert DataType="datetime" Style="0" Implicit="false"><ScalarOperator><Convert DataType="date" Style="0" Implicit="false"><ScalarOperator><Identifier><ColumnReference Column="Column97"><ScalarOperator><Intrinsic FunctionName="Function5" /></ScalarOperator></ColumnReference></Identifier></ScalarOperator></Convert></ScalarOperator></Convert></ScalarOperator></Else></IF></ScalarOperator></Else></IF></ScalarOperator><ScalarOperator><Identifier><ColumnReference Database="Database1" Schema="Schema1" Table="Object8" Alias="Object32" Column="Column75" /></Identifier></ScalarOperator></Compare></ScalarOperator><ScalarOperator><Compare CompareOp="LE"><ScalarOperator><IF><Condition><ScalarOperator><Compare CompareOp="LT"><ScalarOperator><Identifier><ColumnReference Database="Database1" Schema="Schema1" Table="Object28" Alias="Object30" Column="Column48" /></Identifier></ScalarOperator><ScalarOperator><Identifier><ColumnReference Column="Column98"><ScalarOperator><Intrinsic FunctionName="Function5" /></ScalarOperator></ColumnReference></Identifier></ScalarOperator></Compare></ScalarOperator></Condition><Then><ScalarOperator><Identifier><ColumnReference Database="Database1" Schema="Schema1" Table="Object28" Alias="Object30" Column="Column48" /></Identifier></ScalarOperator></Then><Else><ScalarOperator><IF><Condition><ScalarOperator><Compare CompareOp="GT"><ScalarOperator><Identifier><ColumnReference Database="Database1" Schema="Schema1" Table="Object28" Alias="Object30" Column="Column47" /></Identifier></ScalarOperator><ScalarOperator><Identifier><ColumnReference Column="Column99"><ScalarOperator><Intrinsic FunctionName="Function5" /></ScalarOperator></ColumnReference></Identifier></ScalarOperator></Compare></ScalarOperator></Condition><Then><ScalarOperator><Identifier><ColumnReference Database="Database1" Schema="Schema1" Table="Object28" Alias="Object30" Column="Column47" /></Identifier></ScalarOperator></Then><Else><ScalarOperator><Convert DataType="datetime" Style="0" Implicit="false"><ScalarOperator><Convert DataType="date" Style="0" Implicit="false"><ScalarOperator><Identifier><ColumnReference Column="Column100"><ScalarOperator><Intrinsic FunctionName="Function5" /></ScalarOperator></ColumnReference></Identifier></ScalarOperator></Convert></ScalarOperator></Convert></ScalarOperator></Else></IF></ScalarOperator></Else></IF></ScalarOperator><ScalarOperator><Identifier><ColumnReference Database="Database1" Schema="Schema1" Table="Object8" Alias="Object32" Column="Column73" /></Identifier></ScalarOperator></Compare></ScalarOperator></Logical></ScalarOperator></ProbeResidual><RelOp AvgRowSize="640" EstimateCPU="0.819588" EstimateIO="0" EstimateRebinds="0" EstimateRewinds="0" EstimatedExecutionMode="Row" EstimateRows="30666.3" LogicalOp="Bitmap Create" NodeId="57" Parallel="true" PhysicalOp="Bitmap" EstimatedTotalSubtreeCost="720.044"><OutputList><ColumnReference Database="Database1" Schema="Schema1" Table="Object28" Alias="Object30" Column="Column47" /><ColumnReference Database="Database1" Schema="Schema1" Table="Object28" Alias="Object30" Column="Column48" /><ColumnReference Database="Database1" Schema="Schema1" Table="Object8" Alias="Object49" Column="Column64" /><ColumnReference Database="Database1" Schema="Schema1" Table="Object23" Alias="Object31" Column="Column46" /><ColumnReference Database="Database1" Schema="Schema1" Table="Object23" Alias="Object31" Column="Column75" /><ColumnReference Database="Database1" Schema="Schema1" Table="Object23" Alias="Object31" Column="Column73" /><ColumnReference Database="Database1" Schema="Schema1" Table="Object23" Alias="Object31" Column="Column54" /><ColumnReference Database="Database1" Schema="Schema1" Table="Object23" Alias="Object31" Column="Column12" /><ColumnReference Database="Database1" Schema="Schema1" Table="Object23" Alias="Object31" Column="Column2" /><ColumnReference Database="Database1" Schema="Schema1" Table="Object8" Alias="Object49" Column="Column64" /><ColumnReference Database="Database1" Schema="Schema1" Table="Object23" Alias="Object31" Column="Column49" /><ColumnReference Column="Union1053" /><ColumnReference Database="Database1" Schema="Schema1" Table="Object22" Alias="Object42" Column="Column55" /></OutputList><Bitmap><DefinedValues><DefinedValue><ColumnReference Column="Column101" /></DefinedValue></DefinedValues><HashKeys><ColumnReference Database="Database1" Schema="Schema1" Table="Object8" Alias="Object49" Column="Column64" /></HashKeys><RelOp AvgRowSize="640" EstimateCPU="0.819588" EstimateIO="0" EstimateRebinds="0" EstimateRewinds="0" EstimatedExecutionMode="Row" EstimateRows="30666.3" LogicalOp="Repartition Streams" NodeId="58" Parallel="true" PhysicalOp="Parallelism" EstimatedTotalSubtreeCost="720.044"><OutputList><ColumnReference Database="Database1" Schema="Schema1" Table="Object28" Alias="Object30" Column="Column47" /><ColumnReference Database="Database1" Schema="Schema1" Table="Object28" Alias="Object30" Column="Column48" /><ColumnReference Database="Database1" Schema="Schema1" Table="Object8" Alias="Object49" Column="Column64" /><ColumnReference Database="Database1" Schema="Schema1" Table="Object23" Alias="Object31" Column="Column46" /><ColumnReference Database="Database1" Schema="Schema1" Table="Object23" Alias="Object31" Column="Column75" /><ColumnReference Database="Database1" Schema="Schema1" Table="Object23" Alias="Object31" Column="Column73" /><ColumnReference Database="Database1" Schema="Schema1" Table="Object23" Alias="Object31" Column="Column54" /><ColumnReference Database="Database1" Schema="Schema1" Table="Object23" Alias="Object31" Column="Column12" /><ColumnReference Database="Database1" Schema="Schema1" Table="Object23" Alias="Object31" Column="Column2" /><ColumnReference Database="Database1" Schema="Schema1" Table="Object8" Alias="Object49" Column="Column64" /><ColumnReference Database="Database1" Schema="Schema1" Table="Object23" Alias="Object31" Column="Column49" /><ColumnReference Column="Union1053" /><ColumnReference Database="Database1" Schema="Schema1" Table="Object22" Alias="Object42" Column="Column55" /></OutputList><Parallelism PartitioningType="Hash"><PartitionColumns><ColumnReference Database="Database1" Schema="Schema1" Table="Object8" Alias="Object49" Column="Column64" /></PartitionColumns><RelOp AvgRowSize="640" EstimateCPU="0.0388238" EstimateIO="0.00513597" EstimateRebinds="0" EstimateRewinds="0" EstimatedExecutionMode="Row" EstimateRows="30666.3" LogicalOp="Left Outer Join" NodeId="59" Parallel="true" PhysicalOp="Merge Join" EstimatedTotalSubtreeCost="719.224"><OutputList><ColumnReference Database="Database1" Schema="Schema1" Table="Object28" Alias="Object30" Column="Column47" /><ColumnReference Database="Database1" Schema="Schema1" Table="Object28" Alias="Object30" Column="Column48" /><ColumnReference Database="Database1" Schema="Schema1" Table="Object8" Alias="Object49" Column="Column64" /><ColumnReference Database="Database1" Schema="Schema1" Table="Object23" Alias="Object31" Column="Column46" /><ColumnReference Database="Database1" Schema="Schema1" Table="Object23" Alias="Object31" Column="Column75" /><ColumnReference Database="Database1" Schema="Schema1" Table="Object23" Alias="Object31" Column="Column73" /><ColumnReference Database="Database1" Schema="Schema1" Table="Object23" Alias="Object31" Column="Column54" /><ColumnReference Database="Database1" Schema="Schema1" Table="Object23" Alias="Object31" Column="Column12" /><ColumnReference Database="Database1" Schema="Schema1" Table="Object23" Alias="Object31" Column="Column2" /><ColumnReference Database="Database1" Schema="Schema1" Table="Object8" Alias="Object49" Column="Column64" /><ColumnReference Database="Database1" Schema="Schema1" Table="Object23" Alias="Object31" Column="Column49" /><ColumnReference Column="Union1053" /><ColumnReference Database="Database1" Schema="Schema1" Table="Object22" Alias="Object42" Column="Column55" /></OutputList><RunTimeInformation><RunTimeCountersPerThread Thread="0" ActualRows="10053" Batches="0" ActualEndOfScans="1" ActualExecutions="1" ActualExecutionMode="Row" ActualElapsedms="18571" ActualCPUms="11200" ActualScans="0" ActualLogicalReads="0" ActualPhysicalReads="0" ActualReadAheads="0" ActualLobLogicalReads="0" ActualLobPhysicalReads="0" ActualLobReadAheads="0" /></RunTimeInformation><Merge ManyToMany="true"><InnerSideJoinColumns><ColumnReference Database="Database1" Schema="Schema1" Table="Object22" Alias="Object42" Column="Column51" /></InnerSideJoinColumns><OuterSideJoinColumns><ColumnReference Database="Database1" Schema="Schema1" Table="Object23" Alias="Object31" Column="Column49" /></OuterSideJoinColumns><Residual><ScalarOperator ScalarString="ScalarString36"><Compare CompareOp="EQ"><ScalarOperator><Identifier><ColumnReference Database="Database1" Schema="Schema1" Table="Object22" Alias="Object42" Column="Column51" /></Identifier></ScalarOperator><ScalarOperator><Identifier><ColumnReference Database="Database1" Schema="Schema1" Table="Object23" Alias="Object31" Column="Column49" /></Identifier></ScalarOperator></Compare></ScalarOperator></Residual><RelOp AvgRowSize="383" EstimateCPU="1.04901" EstimateIO="0.00563063" EstimateRebinds="0" EstimateRewinds="0" EstimatedExecutionMode="Row" EstimateRows="30666.3" LogicalOp="Sort" NodeId="61" Parallel="true" PhysicalOp="Sort" EstimatedTotalSubtreeCost="719.138"><OutputList><ColumnReference Database="Database1" Schema="Schema1" Table="Object28" Alias="Object30" Column="Column47" /><ColumnReference Database="Database1" Schema="Schema1" Table="Object28" Alias="Object30" Column="Column48" /><ColumnReference Database="Database1" Schema="Schema1" Table="Object8" Alias="Object49" Column="Column64" /><ColumnReference Database="Database1" Schema="Schema1" Table="Object23" Alias="Object31" Column="Column46" /><ColumnReference Database="Database1" Schema="Schema1" Table="Object23" Alias="Object31" Column="Column75" /><ColumnReference Database="Database1" Schema="Schema1" Table="Object23" Alias="Object31" Column="Column73" /><ColumnReference Database="Database1" Schema="Schema1" Table="Object23" Alias="Object31" Column="Column54" /><ColumnReference Database="Database1" Schema="Schema1" Table="Object23" Alias="Object31" Column="Column12" /><ColumnReference Database="Database1" Schema="Schema1" Table="Object23" Alias="Object31" Column="Column2" /><ColumnReference Database="Database1" Schema="Schema1" Table="Object23" Alias="Object31" Column="Column49" /><ColumnReference Column="Union1053" /></OutputList><MemoryFractions Input="0.0629904" Output="0.0996097" /><RunTimeInformation><RunTimeCountersPerThread Thread="0" ActualRebinds="1" ActualRewinds="0" ActualRows="10053" Batches="0" ActualEndOfScans="1" ActualExecutions="1" ActualExecutionMode="Row" ActualElapsedms="18568" ActualCPUms="11197" ActualScans="0" ActualLogicalReads="0" ActualPhysicalReads="0" ActualReadAheads="0" ActualLobLogicalReads="0" ActualLobPhysicalReads="0" ActualLobReadAheads="0" InputMemoryGrant="58648" OutputMemoryGrant="92056" UsedMemoryGrant="2032" /></RunTimeInformation><Sort Distinct="false"><OrderBy><OrderByColumn Ascending="true"><ColumnReference Database="Database1" Schema="Schema1" Table="Object23" Alias="Object31" Column="Column49" /></OrderByColumn></OrderBy><RelOp AvgRowSize="383" EstimateCPU="0.557736" EstimateIO="0" EstimateRebinds="0" EstimateRewinds="0" EstimatedExecutionMode="Row" EstimateRows="30666.3" LogicalOp="Repartition Streams" NodeId="62" Parallel="true" PhysicalOp="Parallelism" EstimatedTotalSubtreeCost="718.083"><OutputList><ColumnReference Database="Database1" Schema="Schema1" Table="Object28" Alias="Object30" Column="Column47" /><ColumnReference Database="Database1" Schema="Schema1" Table="Object28" Alias="Object30" Column="Column48" /><ColumnReference Database="Database1" Schema="Schema1" Table="Object8" Alias="Object49" Column="Column64" /><ColumnReference Database="Database1" Schema="Schema1" Table="Object23" Alias="Object31" Column="Column46" /><ColumnReference Database="Database1" Schema="Schema1" Table="Object23" Alias="Object31" Column="Column75" /><ColumnReference Database="Database1" Schema="Schema1" Table="Object23" Alias="Object31" Column="Column73" /><ColumnReference Database="Database1" Schema="Schema1" Table="Object23" Alias="Object31" Column="Column54" /><ColumnReference Database="Database1" Schema="Schema1" Table="Object23" Alias="Object31" Column="Column12" /><ColumnReference Database="Database1" Schema="Schema1" Table="Object23" Alias="Object31" Column="Column2" /><ColumnReference Database="Database1" Schema="Schema1" Table="Object23" Alias="Object31" Column="Column64" /><ColumnReference Database="Database1" Schema="Schema1" Table="Object23" Alias="Object31" Column="Column49" /><ColumnReference Column="Union1053" /></OutputList><Parallelism PartitioningType="Hash"><PartitionColumns><ColumnReference Database="Database1" Schema="Schema1" Table="Object23" Alias="Object31" Column="Column49" /></PartitionColumns><RelOp AvgRowSize="383" EstimateCPU="1.50113" EstimateIO="0" EstimateRebinds="0" EstimateRewinds="0" EstimatedExecutionMode="Row" EstimateRows="30666.3" LogicalOp="Left Outer Join" NodeId="63" Parallel="true" PhysicalOp="Hash Match" EstimatedTotalSubtreeCost="717.526"><OutputList><ColumnReference Database="Database1" Schema="Schema1" Table="Object28" Alias="Object30" Column="Column47" /><ColumnReference Database="Database1" Schema="Schema1" Table="Object28" Alias="Object30" Column="Column48" /><ColumnReference Database="Database1" Schema="Schema1" Table="Object8" Alias="Object49" Column="Column64" /><ColumnReference Database="Database1" Schema="Schema1" Table="Object23" Alias="Object31" Column="Column46" /><ColumnReference Database="Database1" Schema="Schema1" Table="Object23" Alias="Object31" Column="Column75" /><ColumnReference Database="Database1" Schema="Schema1" Table="Object23" Alias="Object31" Column="Column73" /><ColumnReference Database="Database1" Schema="Schema1" Table="Object23" Alias="Object31" Column="Column54" /><ColumnReference Database="Database1" Schema="Schema1" Table="Object23" Alias="Object31" Column="Column12" /><ColumnReference Database="Database1" Schema="Schema1" Table="Object23" Alias="Object31" Column="Column2" /><ColumnReference Database="Database1" Schema="Schema1" Table="Object23" Alias="Object31" Column="Column64" /><ColumnReference Database="Database1" Schema="Schema1" Table="Object23" Alias="Object31" Column="Column49" /><ColumnReference Column="Union1053" /></OutputList><MemoryFractions Input="0.0245417" Output="0.0537692" /><RunTimeInformation><RunTimeCountersPerThread Thread="0" ActualRows="10053" Batches="0" ActualEndOfScans="1" ActualExecutions="1" ActualExecutionMode="Row" ActualElapsedms="18521" ActualCPUms="11174" ActualScans="0" ActualLogicalReads="0" ActualPhysicalReads="0" ActualReadAheads="0" ActualLobLogicalReads="0" ActualLobPhysicalReads="0" ActualLobReadAheads="0" InputMemoryGrant="23672" OutputMemoryGrant="50648" UsedMemoryGrant="2176" /></RunTimeInformation><Hash><DefinedValues /><HashKeysBuild><ColumnReference Database="Database1" Schema="Schema1" Table="Object23" Alias="Object31" Column="Column64" /></HashKeysBuild><HashKeysProbe><ColumnReference Column="Union1050" /></HashKeysProbe><ProbeResidual><ScalarOperator ScalarString="ScalarString37"><Logical Operation="AND"><ScalarOperator><Compare CompareOp="EQ"><ScalarOperator><Identifier><ColumnReference Column="Union1050" /></Identifier></ScalarOperator><ScalarOperator><Identifier><ColumnReference Database="Database1" Schema="Schema1" Table="Object23" Alias="Object31" Column="Column64" /></Identifier></ScalarOperator></Compare></ScalarOperator><ScalarOperator><Compare CompareOp="GE"><ScalarOperator><IF><Condition><ScalarOperator><Compare CompareOp="LT"><ScalarOperator><Identifier><ColumnReference Database="Database1" Schema="Schema1" Table="Object28" Alias="Object30" Column="Column48" /></Identifier></ScalarOperator><ScalarOperator><Identifier><ColumnReference Column="Column102"><ScalarOperator><Intrinsic FunctionName="Function5" /></ScalarOperator></ColumnReference></Identifier></ScalarOperator></Compare></ScalarOperator></Condition><Then><ScalarOperator><Identifier><ColumnReference Database="Database1" Schema="Schema1" Table="Object28" Alias="Object30" Column="Column48" /></Identifier></ScalarOperator></Then><Else><ScalarOperator><IF><Condition><ScalarOperator><Compare CompareOp="GT"><ScalarOperator><Identifier><ColumnReference Database="Database1" Schema="Schema1" Table="Object28" Alias="Object30" Column="Column47" /></Identifier></ScalarOperator><ScalarOperator><Identifier><ColumnReference Column="Column103"><ScalarOperator><Intrinsic FunctionName="Function5" /></ScalarOperator></ColumnReference></Identifier></ScalarOperator></Compare></ScalarOperator></Condition><Then><ScalarOperator><Identifier><ColumnReference Database="Database1" Schema="Schema1" Table="Object28" Alias="Object30" Column="Column47" /></Identifier></ScalarOperator></Then><Else><ScalarOperator><Convert DataType="datetime" Style="0" Implicit="false"><ScalarOperator><Convert DataType="date" Style="0" Implicit="false"><ScalarOperator><Identifier><ColumnReference Column="Column104"><ScalarOperator><Intrinsic FunctionName="Function5" /></ScalarOperator></ColumnReference></Identifier></ScalarOperator></Convert></ScalarOperator></Convert></ScalarOperator></Else></IF></ScalarOperator></Else></IF></ScalarOperator><ScalarOperator><Identifier><ColumnReference Column="Union1051" /></Identifier></ScalarOperator></Compare></ScalarOperator><ScalarOperator><Compare CompareOp="LE"><ScalarOperator><IF><Condition><ScalarOperator><Compare CompareOp="LT"><ScalarOperator><Identifier><ColumnReference Database="Database1" Schema="Schema1" Table="Object28" Alias="Object30" Column="Column48" /></Identifier></ScalarOperator><ScalarOperator><Identifier><ColumnReference Column="Column105"><ScalarOperator><Intrinsic FunctionName="Function5" /></ScalarOperator></ColumnReference></Identifier></ScalarOperator></Compare></ScalarOperator></Condition><Then><ScalarOperator><Identifier><ColumnReference Database="Database1" Schema="Schema1" Table="Object28" Alias="Object30" Column="Column48" /></Identifier></ScalarOperator></Then><Else><ScalarOperator><IF><Condition><ScalarOperator><Compare CompareOp="GT"><ScalarOperator><Identifier><ColumnReference Database="Database1" Schema="Schema1" Table="Object28" Alias="Object30" Column="Column47" /></Identifier></ScalarOperator><ScalarOperator><Identifier><ColumnReference Column="Column106"><ScalarOperator><Intrinsic FunctionName="Function5" /></ScalarOperator></ColumnReference></Identifier></ScalarOperator></Compare></ScalarOperator></Condition><Then><ScalarOperator><Identifier><ColumnReference Database="Database1" Schema="Schema1" Table="Object28" Alias="Object30" Column="Column47" /></Identifier></ScalarOperator></Then><Else><ScalarOperator><Convert DataType="datetime" Style="0" Implicit="false"><ScalarOperator><Convert DataType="date" Style="0" Implicit="false"><ScalarOperator><Identifier><ColumnReference Column="Column107"><ScalarOperator><Intrinsic FunctionName="Function5" /></ScalarOperator></ColumnReference></Identifier></ScalarOperator></Convert></ScalarOperator></Convert></ScalarOperator></Else></IF></ScalarOperator></Else></IF></ScalarOperator><ScalarOperator><Identifier><ColumnReference Column="Union1052" /></Identifier></ScalarOperator></Compare></ScalarOperator></Logical></ScalarOperator></ProbeResidual><RelOp AvgRowSize="126" EstimateCPU="1.5038" EstimateIO="0" EstimateRebinds="0" EstimateRewinds="0" EstimatedExecutionMode="Row" EstimateRows="30666.3" LogicalOp="Bitmap Create" NodeId="64" Parallel="true" PhysicalOp="Bitmap" EstimatedTotalSubtreeCost="99.1065"><OutputList><ColumnReference Database="Database1" Schema="Schema1" Table="Object28" Alias="Object30" Column="Column47" /><ColumnReference Database="Database1" Schema="Schema1" Table="Object28" Alias="Object30" Column="Column48" /><ColumnReference Database="Database1" Schema="Schema1" Table="Object8" Alias="Object49" Column="Column64" /><ColumnReference Database="Database1" Schema="Schema1" Table="Object23" Alias="Object31" Column="Column46" /><ColumnReference Database="Database1" Schema="Schema1" Table="Object23" Alias="Object31" Column="Column75" /><ColumnReference Database="Database1" Schema="Schema1" Table="Object23" Alias="Object31" Column="Column73" /><ColumnReference Database="Database1" Schema="Schema1" Table="Object23" Alias="Object31" Column="Column54" /><ColumnReference Database="Database1" Schema="Schema1" Table="Object23" Alias="Object31" Column="Column12" /><ColumnReference Database="Database1" Schema="Schema1" Table="Object23" Alias="Object31" Column="Column2" /><ColumnReference Database="Database1" Schema="Schema1" Table="Object23" Alias="Object31" Column="Column64" /><ColumnReference Database="Database1" Schema="Schema1" Table="Object23" Alias="Object31" Column="Column49" /></OutputList><Bitmap><DefinedValues><DefinedValue><ColumnReference Column="Column108" /></DefinedValue></DefinedValues><HashKeys><ColumnReference Database="Database1" Schema="Schema1" Table="Object23" Alias="Object31" Column="Column64" /></HashKeys><RelOp AvgRowSize="126" EstimateCPU="1.5038" EstimateIO="0" EstimateRebinds="0" EstimateRewinds="0" EstimatedExecutionMode="Row" EstimateRows="30666.3" LogicalOp="Inner Join" NodeId="65" Parallel="true" PhysicalOp="Hash Match" EstimatedTotalSubtreeCost="99.1065"><OutputList><ColumnReference Database="Database1" Schema="Schema1" Table="Object28" Alias="Object30" Column="Column47" /><ColumnReference Database="Database1" Schema="Schema1" Table="Object28" Alias="Object30" Column="Column48" /><ColumnReference Database="Database1" Schema="Schema1" Table="Object8" Alias="Object49" Column="Column64" /><ColumnReference Database="Database1" Schema="Schema1" Table="Object23" Alias="Object31" Column="Column46" /><ColumnReference Database="Database1" Schema="Schema1" Table="Object23" Alias="Object31" Column="Column75" /><ColumnReference Database="Database1" Schema="Schema1" Table="Object23" Alias="Object31" Column="Column73" /><ColumnReference Database="Database1" Schema="Schema1" Table="Object23" Alias="Object31" Column="Column54" /><ColumnReference Database="Database1" Schema="Schema1" Table="Object23" Alias="Object31" Column="Column12" /><ColumnReference Database="Database1" Schema="Schema1" Table="Object23" Alias="Object31" Column="Column2" /><ColumnReference Database="Database1" Schema="Schema1" Table="Object23" Alias="Object31" Column="Column64" /><ColumnReference Database="Database1" Schema="Schema1" Table="Object23" Alias="Object31" Column="Column49" /></OutputList><MemoryFractions Input="0.0882568" Output="0.171806" /><RunTimeInformation><RunTimeCountersPerThread Thread="0" ActualRows="10053" Batches="0" ActualEndOfScans="1" ActualExecutions="1" ActualExecutionMode="Row" ActualElapsedms="1655" ActualCPUms="1369" ActualScans="0" ActualLogicalReads="0" ActualPhysicalReads="0" ActualReadAheads="0" ActualLobLogicalReads="0" ActualLobPhysicalReads="0" ActualLobReadAheads="0" InputMemoryGrant="82480" OutputMemoryGrant="159584" UsedMemoryGrant="8520" /></RunTimeInformation><Hash><DefinedValues /><HashKeysBuild><ColumnReference Database="Database1" Schema="Schema1" Table="Object8" Alias="Object49" Column="Column64" /></HashKeysBuild><HashKeysProbe><ColumnReference Database="Database1" Schema="Schema1" Table="Object23" Alias="Object31" Column="Column64" /></HashKeysProbe><ProbeResidual><ScalarOperator ScalarString="ScalarString38"><Logical Operation="AND"><ScalarOperator><Compare CompareOp="EQ"><ScalarOperator><Identifier><ColumnReference Database="Database1" Schema="Schema1" Table="Object23" Alias="Object31" Column="Column64" /></Identifier></ScalarOperator><ScalarOperator><Identifier><ColumnReference Database="Database1" Schema="Schema1" Table="Object8" Alias="Object49" Column="Column64" /></Identifier></ScalarOperator></Compare></ScalarOperator><ScalarOperator><Compare CompareOp="GE"><ScalarOperator><IF><Condition><ScalarOperator><Compare CompareOp="LT"><ScalarOperator><Identifier><ColumnReference Database="Database1" Schema="Schema1" Table="Object28" Alias="Object30" Column="Column48" /></Identifier></ScalarOperator><ScalarOperator><Identifier><ColumnReference Column="Column109"><ScalarOperator><Intrinsic FunctionName="Function5" /></ScalarOperator></ColumnReference></Identifier></ScalarOperator></Compare></ScalarOperator></Condition><Then><ScalarOperator><Identifier><ColumnReference Database="Database1" Schema="Schema1" Table="Object28" Alias="Object30" Column="Column48" /></Identifier></ScalarOperator></Then><Else><ScalarOperator><IF><Condition><ScalarOperator><Compare CompareOp="GT"><ScalarOperator><Identifier><ColumnReference Database="Database1" Schema="Schema1" Table="Object28" Alias="Object30" Column="Column47" /></Identifier></ScalarOperator><ScalarOperator><Identifier><ColumnReference Column="Column110"><ScalarOperator><Intrinsic FunctionName="Function5" /></ScalarOperator></ColumnReference></Identifier></ScalarOperator></Compare></ScalarOperator></Condition><Then><ScalarOperator><Identifier><ColumnReference Database="Database1" Schema="Schema1" Table="Object28" Alias="Object30" Column="Column47" /></Identifier></ScalarOperator></Then><Else><ScalarOperator><Convert DataType="datetime" Style="0" Implicit="false"><ScalarOperator><Convert DataType="date" Style="0" Implicit="false"><ScalarOperator><Identifier><ColumnReference Column="Column111"><ScalarOperator><Intrinsic FunctionName="Function5" /></ScalarOperator></ColumnReference></Identifier></ScalarOperator></Convert></ScalarOperator></Convert></ScalarOperator></Else></IF></ScalarOperator></Else></IF></ScalarOperator><ScalarOperator><Identifier><ColumnReference Database="Database1" Schema="Schema1" Table="Object23" Alias="Object31" Column="Column75" /></Identifier></ScalarOperator></Compare></ScalarOperator><ScalarOperator><Compare CompareOp="LE"><ScalarOperator><IF><Condition><ScalarOperator><Compare CompareOp="LT"><ScalarOperator><Identifier><ColumnReference Database="Database1" Schema="Schema1" Table="Object28" Alias="Object30" Column="Column48" /></Identifier></ScalarOperator><ScalarOperator><Identifier><ColumnReference Column="Column112"><ScalarOperator><Intrinsic FunctionName="Function5" /></ScalarOperator></ColumnReference></Identifier></ScalarOperator></Compare></ScalarOperator></Condition><Then><ScalarOperator><Identifier><ColumnReference Database="Database1" Schema="Schema1" Table="Object28" Alias="Object30" Column="Column48" /></Identifier></ScalarOperator></Then><Else><ScalarOperator><IF><Condition><ScalarOperator><Compare CompareOp="GT"><ScalarOperator><Identifier><ColumnReference Database="Database1" Schema="Schema1" Table="Object28" Alias="Object30" Column="Column47" /></Identifier></ScalarOperator><ScalarOperator><Identifier><ColumnReference Column="Column113"><ScalarOperator><Intrinsic FunctionName="Function5" /></ScalarOperator></ColumnReference></Identifier></ScalarOperator></Compare></ScalarOperator></Condition><Then><ScalarOperator><Identifier><ColumnReference Database="Database1" Schema="Schema1" Table="Object28" Alias="Object30" Column="Column47" /></Identifier></ScalarOperator></Then><Else><ScalarOperator><Convert DataType="datetime" Style="0" Implicit="false"><ScalarOperator><Convert DataType="date" Style="0" Implicit="false"><ScalarOperator><Identifier><ColumnReference Column="Column114"><ScalarOperator><Intrinsic FunctionName="Function5" /></ScalarOperator></ColumnReference></Identifier></ScalarOperator></Convert></ScalarOperator></Convert></ScalarOperator></Else></IF></ScalarOperator></Else></IF></ScalarOperator><ScalarOperator><Identifier><ColumnReference Database="Database1" Schema="Schema1" Table="Object23" Alias="Object31" Column="Column73" /></Identifier></ScalarOperator></Compare></ScalarOperator></Logical></ScalarOperator></ProbeResidual><RelOp AvgRowSize="27" EstimateCPU="0.388418" EstimateIO="0" EstimateRebinds="0" EstimateRewinds="0" EstimatedExecutionMode="Row" EstimateRows="161172" LogicalOp="Repartition Streams" NodeId="66" Parallel="true" PhysicalOp="Parallelism" EstimatedTotalSubtreeCost="91.1267"><OutputList><ColumnReference Database="Database1" Schema="Schema1" Table="Object28" Alias="Object30" Column="Column47" /><ColumnReference Database="Database1" Schema="Schema1" Table="Object28" Alias="Object30" Column="Column48" /><ColumnReference Database="Database1" Schema="Schema1" Table="Object8" Alias="Object49" Column="Column64" /></OutputList><Parallelism PartitioningType="Hash"><PartitionColumns><ColumnReference Database="Database1" Schema="Schema1" Table="Object8" Alias="Object49" Column="Column64" /></PartitionColumns><RelOp AvgRowSize="27" EstimateCPU="3.13648" EstimateIO="0" EstimateRebinds="0" EstimateRewinds="0" EstimatedExecutionMode="Row" EstimateRows="161172" LogicalOp="Inner Join" NodeId="67" Parallel="true" PhysicalOp="Hash Match" EstimatedTotalSubtreeCost="90.7382"><OutputList><ColumnReference Database="Database1" Schema="Schema1" Table="Object28" Alias="Object30" Column="Column47" /><ColumnReference Database="Database1" Schema="Schema1" Table="Object28" Alias="Object30" Column="Column48" /><ColumnReference Database="Database1" Schema="Schema1" Table="Object8" Alias="Object49" Column="Column64" /></OutputList><MemoryFractions Input="0.196348" Output="0.108091" /><RunTimeInformation><RunTimeCountersPerThread Thread="0" ActualRows="114226" Batches="0" ActualEndOfScans="1" ActualExecutions="1" ActualExecutionMode="Row" ActualElapsedms="1423" ActualCPUms="1174" ActualScans="0" ActualLogicalReads="0" ActualPhysicalReads="0" ActualReadAheads="0" ActualLobLogicalReads="0" ActualLobPhysicalReads="0" ActualLobReadAheads="0" InputMemoryGrant="182240" OutputMemoryGrant="100784" UsedMemoryGrant="9056" /></RunTimeInformation><Hash><DefinedValues /><HashKeysBuild><ColumnReference Database="Database1" Schema="Schema1" Table="Object28" Alias="Object30" Column="Column51" /></HashKeysBuild><HashKeysProbe><ColumnReference Database="Database1" Schema="Schema1" Table="Object8" Alias="Object49" Column="Column50" /></HashKeysProbe><ProbeResidual><ScalarOperator ScalarString="ScalarString39"><Logical Operation="AND"><ScalarOperator><Compare CompareOp="EQ"><ScalarOperator><Identifier><ColumnReference Database="Database1" Schema="Schema1" Table="Object8" Alias="Object49" Column="Column50" /></Identifier></ScalarOperator><ScalarOperator><Identifier><ColumnReference Database="Database1" Schema="Schema1" Table="Object28" Alias="Object30" Column="Column51" /></Identifier></ScalarOperator></Compare></ScalarOperator><ScalarOperator><Compare CompareOp="GE"><ScalarOperator><IF><Condition><ScalarOperator><Compare CompareOp="LT"><ScalarOperator><Identifier><ColumnReference Database="Database1" Schema="Schema1" Table="Object28" Alias="Object30" Column="Column48" /></Identifier></ScalarOperator><ScalarOperator><Identifier><ColumnReference Column="Column115"><ScalarOperator><Intrinsic FunctionName="Function5" /></ScalarOperator></ColumnReference></Identifier></ScalarOperator></Compare></ScalarOperator></Condition><Then><ScalarOperator><Identifier><ColumnReference Database="Database1" Schema="Schema1" Table="Object28" Alias="Object30" Column="Column48" /></Identifier></ScalarOperator></Then><Else><ScalarOperator><IF><Condition><ScalarOperator><Compare CompareOp="GT"><ScalarOperator><Identifier><ColumnReference Database="Database1" Schema="Schema1" Table="Object28" Alias="Object30" Column="Column47" /></Identifier></ScalarOperator><ScalarOperator><Identifier><ColumnReference Column="Column116"><ScalarOperator><Intrinsic FunctionName="Function5" /></ScalarOperator></ColumnReference></Identifier></ScalarOperator></Compare></ScalarOperator></Condition><Then><ScalarOperator><Identifier><ColumnReference Database="Database1" Schema="Schema1" Table="Object28" Alias="Object30" Column="Column47" /></Identifier></ScalarOperator></Then><Else><ScalarOperator><Convert DataType="datetime" Style="0" Implicit="false"><ScalarOperator><Convert DataType="date" Style="0" Implicit="false"><ScalarOperator><Identifier><ColumnReference Column="Column117"><ScalarOperator><Intrinsic FunctionName="Function5" /></ScalarOperator></ColumnReference></Identifier></ScalarOperator></Convert></ScalarOperator></Convert></ScalarOperator></Else></IF></ScalarOperator></Else></IF></ScalarOperator><ScalarOperator><Identifier><ColumnReference Database="Database1" Schema="Schema1" Table="Object8" Alias="Object49" Column="Column75" /></Identifier></ScalarOperator></Compare></ScalarOperator><ScalarOperator><Compare CompareOp="LE"><ScalarOperator><IF><Condition><ScalarOperator><Compare CompareOp="LT"><ScalarOperator><Identifier><ColumnReference Database="Database1" Schema="Schema1" Table="Object28" Alias="Object30" Column="Column48" /></Identifier></ScalarOperator><ScalarOperator><Identifier><ColumnReference Column="Column118"><ScalarOperator><Intrinsic FunctionName="Function5" /></ScalarOperator></ColumnReference></Identifier></ScalarOperator></Compare></ScalarOperator></Condition><Then><ScalarOperator><Identifier><ColumnReference Database="Database1" Schema="Schema1" Table="Object28" Alias="Object30" Column="Column48" /></Identifier></ScalarOperator></Then><Else><ScalarOperator><IF><Condition><ScalarOperator><Compare CompareOp="GT"><ScalarOperator><Identifier><ColumnReference Database="Database1" Schema="Schema1" Table="Object28" Alias="Object30" Column="Column47" /></Identifier></ScalarOperator><ScalarOperator><Identifier><ColumnReference Column="Column119"><ScalarOperator><Intrinsic FunctionName="Function5" /></ScalarOperator></ColumnReference></Identifier></ScalarOperator></Compare></ScalarOperator></Condition><Then><ScalarOperator><Identifier><ColumnReference Database="Database1" Schema="Schema1" Table="Object28" Alias="Object30" Column="Column47" /></Identifier></ScalarOperator></Then><Else><ScalarOperator><Convert DataType="datetime" Style="0" Implicit="false"><ScalarOperator><Convert DataType="date" Style="0" Implicit="false"><ScalarOperator><Identifier><ColumnReference Column="Column120"><ScalarOperator><Intrinsic FunctionName="Function5" /></ScalarOperator></ColumnReference></Identifier></ScalarOperator></Convert></ScalarOperator></Convert></ScalarOperator></Else></IF></ScalarOperator></Else></IF></ScalarOperator><ScalarOperator><Identifier><ColumnReference Database="Database1" Schema="Schema1" Table="Object8" Alias="Object49" Column="Column73" /></Identifier></ScalarOperator></Compare></ScalarOperator></Logical></ScalarOperator></ProbeResidual><RelOp AvgRowSize="39" EstimateCPU="0.409502" EstimateIO="0" EstimateRebinds="0" EstimateRewinds="0" EstimatedExecutionMode="Row" EstimateRows="118457" LogicalOp="Repartition Streams" NodeId="68" Parallel="true" PhysicalOp="Parallelism" EstimatedTotalSubtreeCost="2.60855"><OutputList><ColumnReference Database="Database1" Schema="Schema1" Table="Object28" Alias="Object30" Column="Column51" /><ColumnReference Database="Database1" Schema="Schema1" Table="Object28" Alias="Object30" Column="Column47" /><ColumnReference Database="Database1" Schema="Schema1" Table="Object28" Alias="Object30" Column="Column48" /></OutputList><Parallelism PartitioningType="Hash"><PartitionColumns><ColumnReference Database="Database1" Schema="Schema1" Table="Object28" Alias="Object30" Column="Column51" /></PartitionColumns><RelOp AvgRowSize="47" EstimateCPU="0.0651906" EstimateIO="2.10543" EstimateRebinds="0" EstimateRewinds="0" EstimatedExecutionMode="Row" EstimateRows="118457" EstimatedRowsRead="118457" LogicalOp="Table Scan" NodeId="69" Parallel="true" PhysicalOp="Table Scan" EstimatedTotalSubtreeCost="2.17062" TableCardinality="118457"><OutputList><ColumnReference Database="Database1" Schema="Schema1" Table="Object28" Alias="Object30" Column="Column51" /><ColumnReference Database="Database1" Schema="Schema1" Table="Object28" Alias="Object30" Column="Column47" /><ColumnReference Database="Database1" Schema="Schema1" Table="Object28" Alias="Object30" Column="Column48" /></OutputList><RunTimeInformation><RunTimeCountersPerThread Thread="0" ActualRows="118457" ActualRowsRead="118457" Batches="0" ActualEndOfScans="1" ActualExecutions="1" ActualExecutionMode="Row" ActualElapsedms="41" ActualCPUms="38" ActualScans="1" ActualLogicalReads="2942" ActualPhysicalReads="0" ActualReadAheads="0" ActualLobLogicalReads="0" ActualLobPhysicalReads="0" ActualLobReadAheads="0" /></RunTimeInformation><TableScan Ordered="false" ForcedIndex="false" ForceScan="false" NoExpandHint="false" Storage="RowStore"><DefinedValues><DefinedValue><ColumnReference Database="Database1" Schema="Schema1" Table="Object28" Alias="Object30" Column="Column51" /></DefinedValue><DefinedValue><ColumnReference Database="Database1" Schema="Schema1" Table="Object28" Alias="Object30" Column="Column47" /></DefinedValue><DefinedValue><ColumnReference Database="Database1" Schema="Schema1" Table="Object28" Alias="Object30" Column="Column48" /></DefinedValue></DefinedValues><Object Database="Database1" Schema="Schema1" Table="Object28" Alias="Object30" IndexKind="Heap" Storage="RowStore" /><Predicate><ScalarOperator ScalarString="ScalarString40"><Compare CompareOp="EQ"><ScalarOperator><Identifier><ColumnReference Database="Database1" Schema="Schema1" Table="Object28" Alias="Object30" Column="Column46" /></Identifier></ScalarOperator><ScalarOperator><Const ConstValue="Value8" /></ScalarOperator></Compare></ScalarOperator></Predicate></TableScan></RelOp></Parallelism></RelOp><RelOp AvgRowSize="39" EstimateCPU="0.585814" EstimateIO="0" EstimateRebinds="0" EstimateRewinds="0" EstimatedExecutionMode="Row" EstimateRows="161172" LogicalOp="Repartition Streams" NodeId="70" Parallel="true" PhysicalOp="Parallelism" EstimatedTotalSubtreeCost="84.9932"><OutputList><ColumnReference Database="Database1" Schema="Schema1" Table="Object8" Alias="Object49" Column="Column75" /><ColumnReference Database="Database1" Schema="Schema1" Table="Object8" Alias="Object49" Column="Column73" /><ColumnReference Database="Database1" Schema="Schema1" Table="Object8" Alias="Object49" Column="Column50" /><ColumnReference Database="Database1" Schema="Schema1" Table="Object8" Alias="Object49" Column="Column64" /></OutputList><Parallelism PartitioningType="Hash"><PartitionColumns><ColumnReference Database="Database1" Schema="Schema1" Table="Object8" Alias="Object49" Column="Column50" /></PartitionColumns><RelOp AvgRowSize="54" EstimateCPU="2.47599" EstimateIO="79.9506" EstimateRebinds="0" EstimateRewinds="0" EstimatedExecutionMode="Row" EstimateRows="161172" EstimatedRowsRead="4501730" LogicalOp="Table Scan" NodeId="71" Parallel="true" PhysicalOp="Table Scan" EstimatedTotalSubtreeCost="82.4266" TableCardinality="4501730"><OutputList><ColumnReference Database="Database1" Schema="Schema1" Table="Object8" Alias="Object49" Column="Column75" /><ColumnReference Database="Database1" Schema="Schema1" Table="Object8" Alias="Object49" Column="Column73" /><ColumnReference Database="Database1" Schema="Schema1" Table="Object8" Alias="Object49" Column="Column50" /><ColumnReference Database="Database1" Schema="Schema1" Table="Object8" Alias="Object49" Column="Column64" /></OutputList><RunTimeInformation><RunTimeCountersPerThread Thread="0" ActualRows="162165" ActualRowsRead="4501730" Batches="0" ActualEndOfScans="1" ActualExecutions="1" ActualExecutionMode="Row" ActualElapsedms="1070" ActualCPUms="876" ActualScans="1" ActualLogicalReads="109068" ActualPhysicalReads="0" ActualReadAheads="0" ActualLobLogicalReads="0" ActualLobPhysicalReads="0" ActualLobReadAheads="0" /></RunTimeInformation><TableScan Ordered="false" ForcedIndex="false" ForceScan="false" NoExpandHint="false" Storage="RowStore"><DefinedValues><DefinedValue><ColumnReference Database="Database1" Schema="Schema1" Table="Object8" Alias="Object49" Column="Column75" /></DefinedValue><DefinedValue><ColumnReference Database="Database1" Schema="Schema1" Table="Object8" Alias="Object49" Column="Column73" /></DefinedValue><DefinedValue><ColumnReference Database="Database1" Schema="Schema1" Table="Object8" Alias="Object49" Column="Column50" /></DefinedValue><DefinedValue><ColumnReference Database="Database1" Schema="Schema1" Table="Object8" Alias="Object49" Column="Column64" /></DefinedValue></DefinedValues><Object Database="Database1" Schema="Schema1" Table="Object8" Alias="Object49" IndexKind="Heap" Storage="RowStore" /><Predicate><ScalarOperator ScalarString="ScalarString41"><Logical Operation="AND"><ScalarOperator><Compare CompareOp="EQ"><ScalarOperator><Identifier><ColumnReference Database="Database1" Schema="Schema1" Table="Object8" Alias="Object49" Column="Column46" /></Identifier></ScalarOperator><ScalarOperator><Const ConstValue="Value8" /></ScalarOperator></Compare></ScalarOperator><ScalarOperator><Compare CompareOp="EQ"><ScalarOperator><Identifier><ColumnReference Database="Database1" Schema="Schema1" Table="Object8" Alias="Object49" Column="Column121" /></Identifier></ScalarOperator><ScalarOperator><Const ConstValue="Value9" /></ScalarOperator></Compare></ScalarOperator></Logical></ScalarOperator></Predicate></TableScan></RelOp></Parallelism></RelOp></Hash></RelOp></Parallelism></RelOp><RelOp AvgRowSize="105" EstimateCPU="0.218364" EstimateIO="0" EstimateRebinds="0" EstimateRewinds="0" EstimatedExecutionMode="Row" EstimateRows="30964.8" LogicalOp="Repartition Streams" NodeId="72" Parallel="true" PhysicalOp="Parallelism" EstimatedTotalSubtreeCost="6.476"><OutputList><ColumnReference Database="Database1" Schema="Schema1" Table="Object23" Alias="Object31" Column="Column46" /><ColumnReference Database="Database1" Schema="Schema1" Table="Object23" Alias="Object31" Column="Column75" /><ColumnReference Database="Database1" Schema="Schema1" Table="Object23" Alias="Object31" Column="Column73" /><ColumnReference Database="Database1" Schema="Schema1" Table="Object23" Alias="Object31" Column="Column54" /><ColumnReference Database="Database1" Schema="Schema1" Table="Object23" Alias="Object31" Column="Column12" /><ColumnReference Database="Database1" Schema="Schema1" Table="Object23" Alias="Object31" Column="Column2" /><ColumnReference Database="Database1" Schema="Schema1" Table="Object23" Alias="Object31" Column="Column64" /><ColumnReference Database="Database1" Schema="Schema1" Table="Object23" Alias="Object31" Column="Column49" /></OutputList><Parallelism PartitioningType="Hash"><PartitionColumns><ColumnReference Database="Database1" Schema="Schema1" Table="Object23" Alias="Object31" Column="Column64" /></PartitionColumns><RelOp AvgRowSize="105" EstimateCPU="0.0895468" EstimateIO="6.0558" EstimateRebinds="0" EstimateRewinds="0" EstimatedExecutionMode="Row" EstimateRows="30964.8" EstimatedRowsRead="162741" LogicalOp="Table Scan" NodeId="74" Parallel="true" PhysicalOp="Table Scan" EstimatedTotalSubtreeCost="6.14534" TableCardinality="162741"><OutputList><ColumnReference Database="Database1" Schema="Schema1" Table="Object23" Alias="Object31" Column="Column46" /><ColumnReference Database="Database1" Schema="Schema1" Table="Object23" Alias="Object31" Column="Column75" /><ColumnReference Database="Database1" Schema="Schema1" Table="Object23" Alias="Object31" Column="Column73" /><ColumnReference Database="Database1" Schema="Schema1" Table="Object23" Alias="Object31" Column="Column54" /><ColumnReference Database="Database1" Schema="Schema1" Table="Object23" Alias="Object31" Column="Column12" /><ColumnReference Database="Database1" Schema="Schema1" Table="Object23" Alias="Object31" Column="Column2" /><ColumnReference Database="Database1" Schema="Schema1" Table="Object23" Alias="Object31" Column="Column64" /><ColumnReference Database="Database1" Schema="Schema1" Table="Object23" Alias="Object31" Column="Column49" /></OutputList><RunTimeInformation><RunTimeCountersPerThread Thread="0" ActualRows="32081" ActualRowsRead="162741" Batches="0" ActualEndOfScans="1" ActualExecutions="1" ActualExecutionMode="Row" ActualElapsedms="108" ActualCPUms="90" ActualScans="1" ActualLogicalReads="17342" ActualPhysicalReads="0" ActualReadAheads="0" ActualLobLogicalReads="0" ActualLobPhysicalReads="0" ActualLobReadAheads="0" /></RunTimeInformation><TableScan Ordered="false" ForcedIndex="false" ForceScan="false" NoExpandHint="false" Storage="RowStore"><DefinedValues><DefinedValue><ColumnReference Database="Database1" Schema="Schema1" Table="Object23" Alias="Object31" Column="Column46" /></DefinedValue><DefinedValue><ColumnReference Database="Database1" Schema="Schema1" Table="Object23" Alias="Object31" Column="Column75" /></DefinedValue><DefinedValue><ColumnReference Database="Database1" Schema="Schema1" Table="Object23" Alias="Object31" Column="Column73" /></DefinedValue><DefinedValue><ColumnReference Database="Database1" Schema="Schema1" Table="Object23" Alias="Object31" Column="Column54" /></DefinedValue><DefinedValue><ColumnReference Database="Database1" Schema="Schema1" Table="Object23" Alias="Object31" Column="Column12" /></DefinedValue><DefinedValue><ColumnReference Database="Database1" Schema="Schema1" Table="Object23" Alias="Object31" Column="Column2" /></DefinedValue><DefinedValue><ColumnReference Database="Database1" Schema="Schema1" Table="Object23" Alias="Object31" Column="Column64" /></DefinedValue><DefinedValue><ColumnReference Database="Database1" Schema="Schema1" Table="Object23" Alias="Object31" Column="Column49" /></DefinedValue></DefinedValues><Object Database="Database1" Schema="Schema1" Table="Object23" Alias="Object31" IndexKind="Heap" Storage="RowStore" /><Predicate><ScalarOperator ScalarString="ScalarString42"><Logical Operation="AND"><ScalarOperator><Compare CompareOp="EQ"><ScalarOperator><Identifier><ColumnReference Database="Database1" Schema="Schema1" Table="Object23" Alias="Object31" Column="Column46" /></Identifier></ScalarOperator><ScalarOperator><Const ConstValue="Value8" /></ScalarOperator></Compare></ScalarOperator><ScalarOperator><Logical Operation="OR"><ScalarOperator><Compare CompareOp="EQ"><ScalarOperator><Intrinsic FunctionName="Function6"><ScalarOperator><Identifier><ColumnReference Database="Database1" Schema="Schema1" Table="Object23" Alias="Object31" Column="Column54" /></Identifier></ScalarOperator><ScalarOperator><Const ConstValue="Value10" /></ScalarOperator><ScalarOperator><Const ConstValue="Value10" /></ScalarOperator></Intrinsic></ScalarOperator><ScalarOperator><Const ConstValue="Value11" /></ScalarOperator></Compare></ScalarOperator><ScalarOperator><Compare CompareOp="EQ"><ScalarOperator><Intrinsic FunctionName="Function6"><ScalarOperator><Identifier><ColumnReference Database="Database1" Schema="Schema1" Table="Object23" Alias="Object31" Column="Column54" /></Identifier></ScalarOperator><ScalarOperator><Const ConstValue="Value10" /></ScalarOperator><ScalarOperator><Const ConstValue="Value10" /></ScalarOperator></Intrinsic></ScalarOperator><ScalarOperator><Const ConstValue="Value12" /></ScalarOperator></Compare></ScalarOperator></Logical></ScalarOperator></Logical></ScalarOperator></Predicate></TableScan></RelOp></Parallelism></RelOp></Hash></RelOp></Bitmap></RelOp><RelOp AvgRowSize="286" EstimateCPU="0.512481" EstimateIO="0" EstimateRebinds="0" EstimateRewinds="0" EstimatedExecutionMode="Row" EstimateRows="42416.8" LogicalOp="Repartition Streams" NodeId="75" Parallel="true" PhysicalOp="Parallelism" EstimatedTotalSubtreeCost="616.918"><OutputList><ColumnReference Column="Union1050" /><ColumnReference Column="Union1051" /><ColumnReference Column="Union1052" /><ColumnReference Column="Union1053" /></OutputList><Parallelism PartitioningType="Hash"><PartitionColumns><ColumnReference Column="Union1050" /></PartitionColumns><Predicate><ScalarOperator ScalarString="ScalarString43"><Intrinsic FunctionName="Function7"><ScalarOperator><Identifier><ColumnReference Column="Column108" /></Identifier></ScalarOperator><ScalarOperator><Identifier><ColumnReference Column="Union1050" /></Identifier></ScalarOperator></Intrinsic></ScalarOperator></Predicate><RelOp AvgRowSize="286" EstimateCPU="0.0212394" EstimateIO="0" EstimateRebinds="0" EstimateRewinds="0" EstimatedExecutionMode="Row" EstimateRows="42416.8" LogicalOp="Aggregate" NodeId="76" Parallel="true" PhysicalOp="Stream Aggregate" EstimatedTotalSubtreeCost="616.405"><OutputList><ColumnReference Column="Union1050" /><ColumnReference Column="Union1051" /><ColumnReference Column="Union1052" /><ColumnReference Column="Union1053" /></OutputList><RunTimeInformation><RunTimeCountersPerThread Thread="0" ActualRows="164801" Batches="0" ActualEndOfScans="1" ActualExecutions="1" ActualExecutionMode="Row" ActualElapsedms="16815" ActualCPUms="9760" /></RunTimeInformation><StreamAggregate><DefinedValues /><GroupBy><ColumnReference Column="Union1047" /><ColumnReference Column="Union1048" /><ColumnReference Column="Union1049" /><ColumnReference Column="Union1050" /><ColumnReference Column="Union1051" /><ColumnReference Column="Union1052" /><ColumnReference Column="Union1053" /></GroupBy><RelOp AvgRowSize="345" EstimateCPU="1.5034" EstimateIO="0.00563063" EstimateRebinds="0" EstimateRewinds="0" EstimatedExecutionMode="Row" EstimateRows="42540.7" LogicalOp="Distinct Sort" NodeId="77" Parallel="true" PhysicalOp="Sort" EstimatedTotalSubtreeCost="616.384"><OutputList><ColumnReference Column="Union1047" /><ColumnReference Column="Union1048" /><ColumnReference Column="Union1049" /><ColumnReference Column="Union1050" /><ColumnReference Column="Union1051" /><ColumnReference Column="Union1052" /><ColumnReference Column="Union1053" /></OutputList><Warnings><SpillToTempDb SpillLevel="1" SpilledThreadCount="1" /><SortSpillDetails GrantedMemoryKb="34032" UsedMemoryKb="34032" WritesToTempDb="2441" ReadsFromTempDb="2441" /></Warnings><MemoryFractions Input="0.0363263" Output="0.0795885" /><RunTimeInformation><RunTimeCountersPerThread Thread="0" ActualRebinds="1" ActualRewinds="0" ActualRows="164801" Batches="0" ActualEndOfScans="1" ActualExecutions="1" ActualExecutionMode="Row" ActualElapsedms="16701" ActualCPUms="9646" ActualScans="0" ActualLogicalReads="0" ActualPhysicalReads="0" ActualReadAheads="0" ActualLobLogicalReads="0" ActualLobPhysicalReads="0" ActualLobReadAheads="0" InputMemoryGrant="34032" OutputMemoryGrant="73576" UsedMemoryGrant="34032" /></RunTimeInformation><Sort Distinct="true"><OrderBy><OrderByColumn Ascending="true"><ColumnReference Column="Union1048" /></OrderByColumn><OrderByColumn Ascending="true"><ColumnReference Column="Union1049" /></OrderByColumn><OrderByColumn Ascending="true"><ColumnReference Column="Union1050" /></OrderByColumn><OrderByColumn Ascending="true"><ColumnReference Column="Union1051" /></OrderByColumn><OrderByColumn Ascending="true"><ColumnReference Column="Union1052" /></OrderByColumn><OrderByColumn Ascending="true"><ColumnReference Column="Union1053" /></OrderByColumn></OrderBy><RelOp AvgRowSize="345" EstimateCPU="0.00212979" EstimateIO="0" EstimateRebinds="0" EstimateRewinds="0" EstimatedExecutionMode="Row" EstimateRows="42595.7" LogicalOp="Concatenation" NodeId="78" Parallel="true" PhysicalOp="Concatenation" EstimatedTotalSubtreeCost="614.875"><OutputList><ColumnReference Column="Union1047" /><ColumnReference Column="Union1048" /><ColumnReference Column="Union1049" /><ColumnReference Column="Union1050" /><ColumnReference Column="Union1051" /><ColumnReference Column="Union1052" /><ColumnReference Column="Union1053" /></OutputList><RunTimeInformation><RunTimeCountersPerThread Thread="0" ActualRows="165391" Batches="0" ActualEndOfScans="1" ActualExecutions="1" ActualExecutionMode="Row" ActualElapsedms="15776" ActualCPUms="9092" /></RunTimeInformation><Concat><DefinedValues><DefinedValue><ColumnReference Column="Union1047" /><ColumnReference Database="Database1" Schema="Schema1" Table="Object23" Alias="Object56" Column="Column46" /><ColumnReference Database="Database1" Schema="Schema1" Table="Object23" Alias="Object56" Column="Column46" /><ColumnReference Database="Database1" Schema="Schema1" Table="Object23" Alias="Object56" Column="Column46" /></DefinedValue><DefinedValue><ColumnReference Column="Union1048" /><ColumnReference Database="Database1" Schema="Schema1" Table="Object23" Alias="Object56" Column="Column2" /><ColumnReference Database="Database1" Schema="Schema1" Table="Object23" Alias="Object56" Column="Column2" /><ColumnReference Database="Database1" Schema="Schema1" Table="Object23" Alias="Object56" Column="Column2" /></DefinedValue><DefinedValue><ColumnReference Column="Union1049" /><ColumnReference Database="Database1" Schema="Schema1" Table="Object23" Alias="Object56" Column="Column12" /><ColumnReference Database="Database1" Schema="Schema1" Table="Object23" Alias="Object56" Column="Column12" /><ColumnReference Database="Database1" Schema="Schema1" Table="Object23" Alias="Object56" Column="Column12" /></DefinedValue><DefinedValue><ColumnReference Column="Union1050" /><ColumnReference Database="Database1" Schema="Schema1" Table="Object23" Alias="Object56" Column="Column64" /><ColumnReference Database="Database1" Schema="Schema1" Table="Object23" Alias="Object56" Column="Column64" /><ColumnReference Database="Database1" Schema="Schema1" Table="Object23" Alias="Object56" Column="Column64" /></DefinedValue><DefinedValue><ColumnReference Column="Union1051" /><ColumnReference Column="Expr1018" /><ColumnReference Column="Expr1033" /><ColumnReference Database="Database1" Schema="Schema1" Table="Object23" Alias="Object56" Column="Column75" /></DefinedValue><DefinedValue><ColumnReference Column="Union1052" /><ColumnReference Column="Expr1019" /><ColumnReference Column="Expr1034" /><ColumnReference Database="Database1" Schema="Schema1" Table="Object23" Alias="Object56" Column="Column73" /></DefinedValue><DefinedValue><ColumnReference Column="Union1053" /><ColumnReference Column="Expr1020" /><ColumnReference Column="Expr1035" /><ColumnReference Column="Expr1046" /></DefinedValue></DefinedValues><RelOp AvgRowSize="367" EstimateCPU="0.81328" EstimateIO="0" EstimateRebinds="0" EstimateRewinds="0" EstimatedExecutionMode="Row" EstimateRows="33967.1" LogicalOp="Repartition Streams" NodeId="79" Parallel="true" PhysicalOp="Parallelism" EstimatedTotalSubtreeCost="298.541"><OutputList><ColumnReference Database="Database1" Schema="Schema1" Table="Object23" Alias="Object56" Column="Column46" /><ColumnReference Database="Database1" Schema="Schema1" Table="Object23" Alias="Object56" Column="Column12" /><ColumnReference Database="Database1" Schema="Schema1" Table="Object23" Alias="Object56" Column="Column2" /><ColumnReference Database="Database1" Schema="Schema1" Table="Object23" Alias="Object56" Column="Column64" /><ColumnReference Column="Expr1018" /><ColumnReference Column="Expr1019" /><ColumnReference Column="Expr1020" /></OutputList><Parallelism PartitioningType="Hash"><PartitionColumns><ColumnReference Database="Database1" Schema="Schema1" Table="Object23" Alias="Object56" Column="Column2" /><ColumnReference Database="Database1" Schema="Schema1" Table="Object23" Alias="Object56" Column="Column12" /><ColumnReference Database="Database1" Schema="Schema1" Table="Object23" Alias="Object56" Column="Column64" /><ColumnReference Column="Expr1018" /><ColumnReference Column="Expr1019" /><ColumnReference Column="Expr1020" /></PartitionColumns><RelOp AvgRowSize="367" EstimateCPU="0.00169835" EstimateIO="0" EstimateRebinds="0" EstimateRewinds="0" EstimatedExecutionMode="Row" EstimateRows="33967.1" LogicalOp="Compute Scalar" NodeId="80" Parallel="true" PhysicalOp="Compute Scalar" EstimatedTotalSubtreeCost="297.727"><OutputList><ColumnReference Database="Database1" Schema="Schema1" Table="Object23" Alias="Object56" Column="Column46" /><ColumnReference Database="Database1" Schema="Schema1" Table="Object23" Alias="Object56" Column="Column12" /><ColumnReference Database="Database1" Schema="Schema1" Table="Object23" Alias="Object56" Column="Column2" /><ColumnReference Database="Database1" Schema="Schema1" Table="Object23" Alias="Object56" Column="Column64" /><ColumnReference Column="Expr1018" /><ColumnReference Column="Expr1019" /><ColumnReference Column="Expr1020" /></OutputList><ComputeScalar><DefinedValues><DefinedValue><ColumnReference Column="Expr1018" /><ScalarOperator ScalarString="ScalarString44"><Intrinsic FunctionName="Function2"><ScalarOperator><Identifier><ColumnReference Database="Database1" Schema="Schema1" Table="Object8" Alias="Object57" Column="Column75" /></Identifier></ScalarOperator><ScalarOperator><Intrinsic FunctionName="Function2"><ScalarOperator><Identifier><ColumnReference Database="Database1" Schema="Schema1" Table="Object8" Alias="Object58" Column="Column75" /></Identifier></ScalarOperator><ScalarOperator><Identifier><ColumnReference Database="Database1" Schema="Schema1" Table="Object23" Alias="Object56" Column="Column75" /></Identifier></ScalarOperator></Intrinsic></ScalarOperator></Intrinsic></ScalarOperator></DefinedValue><DefinedValue><ColumnReference Column="Expr1019" /><ScalarOperator ScalarString="ScalarString45"><Intrinsic FunctionName="Function2"><ScalarOperator><Identifier><ColumnReference Database="Database1" Schema="Schema1" Table="Object8" Alias="Object57" Column="Column73" /></Identifier></ScalarOperator><ScalarOperator><Intrinsic FunctionName="Function2"><ScalarOperator><Identifier><ColumnReference Database="Database1" Schema="Schema1" Table="Object8" Alias="Object58" Column="Column73" /></Identifier></ScalarOperator><ScalarOperator><Identifier><ColumnReference Database="Database1" Schema="Schema1" Table="Object23" Alias="Object56" Column="Column73" /></Identifier></ScalarOperator></Intrinsic></ScalarOperator></Intrinsic></ScalarOperator></DefinedValue><DefinedValue><ColumnReference Column="Expr1020" /><ScalarOperator ScalarString="ScalarString46"><Intrinsic FunctionName="Function2"><ScalarOperator><Identifier><ColumnReference Database="Database1" Schema="Schema1" Table="Object12" Alias="Object59" Column="Column55" /></Identifier></ScalarOperator><ScalarOperator><Intrinsic FunctionName="Function2"><ScalarOperator><Identifier><ColumnReference Database="Database1" Schema="Schema1" Table="Object22" Alias="Object60" Column="Column55" /></Identifier></ScalarOperator><ScalarOperator><Identifier><ColumnReference Database="Database1" Schema="Schema1" Table="Object8" Alias="Object57" Column="Column50" /></Identifier></ScalarOperator></Intrinsic></ScalarOperator></Intrinsic></ScalarOperator></DefinedValue></DefinedValues><RelOp AvgRowSize="256" EstimateCPU="0.0445293" EstimateIO="0.018832" EstimateRebinds="0" EstimateRewinds="0" EstimatedExecutionMode="Row" EstimateRows="33967.1" LogicalOp="Left Outer Join" NodeId="81" Parallel="true" PhysicalOp="Merge Join" EstimatedTotalSubtreeCost="297.726"><OutputList><ColumnReference Database="Database1" Schema="Schema1" Table="Object23" Alias="Object56" Column="Column46" /><ColumnReference Database="Database1" Schema="Schema1" Table="Object23" Alias="Object56" Column="Column75" /><ColumnReference Database="Database1" Schema="Schema1" Table="Object23" Alias="Object56" Column="Column73" /><ColumnReference Database="Database1" Schema="Schema1" Table="Object23" Alias="Object56" Column="Column12" /><ColumnReference Database="Database1" Schema="Schema1" Table="Object23" Alias="Object56" Column="Column2" /><ColumnReference Database="Database1" Schema="Schema1" Table="Object23" Alias="Object56" Column="Column64" /><ColumnReference Database="Database1" Schema="Schema1" Table="Object8" Alias="Object57" Column="Column75" /><ColumnReference Database="Database1" Schema="Schema1" Table="Object8" Alias="Object57" Column="Column73" /><ColumnReference Database="Database1" Schema="Schema1" Table="Object8" Alias="Object57" Column="Column50" /><ColumnReference Database="Database1" Schema="Schema1" Table="Object12" Alias="Object59" Column="Column55" /><ColumnReference Database="Database1" Schema="Schema1" Table="Object8" Alias="Object58" Column="Column75" /><ColumnReference Database="Database1" Schema="Schema1" Table="Object8" Alias="Object58" Column="Column73" /><ColumnReference Database="Database1" Schema="Schema1" Table="Object22" Alias="Object60" Column="Column55" /></OutputList><RunTimeInformation><RunTimeCountersPerThread Thread="0" ActualRows="85934" Batches="0" ActualEndOfScans="1" ActualExecutions="1" ActualExecutionMode="Row" ActualElapsedms="5908" ActualCPUms="3702" ActualScans="0" ActualLogicalReads="0" ActualPhysicalReads="0" ActualReadAheads="0" ActualLobLogicalReads="0" ActualLobPhysicalReads="0" ActualLobReadAheads="0" /></RunTimeInformation><Merge ManyToMany="true"><InnerSideJoinColumns><ColumnReference Database="Database1" Schema="Schema1" Table="Object22" Alias="Object60" Column="Column46" /><ColumnReference Database="Database1" Schema="Schema1" Table="Object22" Alias="Object60" Column="Column51" /></InnerSideJoinColumns><OuterSideJoinColumns><ColumnReference Database="Database1" Schema="Schema1" Table="Object8" Alias="Object58" Column="Column46" /><ColumnReference Database="Database1" Schema="Schema1" Table="Object8" Alias="Object58" Column="Column50" /></OuterSideJoinColumns><Residual><ScalarOperator ScalarString="ScalarString47"><Logical Operation="AND"><ScalarOperator><Compare CompareOp="EQ"><ScalarOperator><Identifier><ColumnReference Database="Database1" Schema="Schema1" Table="Object22" Alias="Object60" Column="Column46" /></Identifier></ScalarOperator><ScalarOperator><Identifier><ColumnReference Database="Database1" Schema="Schema1" Table="Object8" Alias="Object58" Column="Column46" /></Identifier></ScalarOperator></Compare></ScalarOperator><ScalarOperator><Compare CompareOp="EQ"><ScalarOperator><Identifier><ColumnReference Database="Database1" Schema="Schema1" Table="Object22" Alias="Object60" Column="Column51" /></Identifier></ScalarOperator><ScalarOperator><Identifier><ColumnReference Database="Database1" Schema="Schema1" Table="Object8" Alias="Object58" Column="Column50" /></Identifier></ScalarOperator></Compare></ScalarOperator></Logical></ScalarOperator></Residual><RelOp AvgRowSize="267" EstimateCPU="1.17341" EstimateIO="0.00563063" EstimateRebinds="0" EstimateRewinds="0" EstimatedExecutionMode="Row" EstimateRows="33967.1" LogicalOp="Sort" NodeId="82" Parallel="true" PhysicalOp="Sort" EstimatedTotalSubtreeCost="297.622"><OutputList><ColumnReference Database="Database1" Schema="Schema1" Table="Object23" Alias="Object56" Column="Column46" /><ColumnReference Database="Database1" Schema="Schema1" Table="Object23" Alias="Object56" Column="Column75" /><ColumnReference Database="Database1" Schema="Schema1" Table="Object23" Alias="Object56" Column="Column73" /><ColumnReference Database="Database1" Schema="Schema1" Table="Object23" Alias="Object56" Column="Column12" /><ColumnReference Database="Database1" Schema="Schema1" Table="Object23" Alias="Object56" Column="Column2" /><ColumnReference Database="Database1" Schema="Schema1" Table="Object23" Alias="Object56" Column="Column64" /><ColumnReference Database="Database1" Schema="Schema1" Table="Object8" Alias="Object57" Column="Column75" /><ColumnReference Database="Database1" Schema="Schema1" Table="Object8" Alias="Object57" Column="Column73" /><ColumnReference Database="Database1" Schema="Schema1" Table="Object8" Alias="Object57" Column="Column50" /><ColumnReference Database="Database1" Schema="Schema1" Table="Object12" Alias="Object59" Column="Column55" /><ColumnReference Database="Database1" Schema="Schema1" Table="Object8" Alias="Object58" Column="Column46" /><ColumnReference Database="Database1" Schema="Schema1" Table="Object8" Alias="Object58" Column="Column75" /><ColumnReference Database="Database1" Schema="Schema1" Table="Object8" Alias="Object58" Column="Column73" /><ColumnReference Database="Database1" Schema="Schema1" Table="Object8" Alias="Object58" Column="Column50" /></OutputList><MemoryFractions Input="0.082927" Output="0.134972" /><RunTimeInformation><RunTimeCountersPerThread Thread="0" ActualRebinds="1" ActualRewinds="0" ActualRows="85934" Batches="0" ActualEndOfScans="1" ActualExecutions="1" ActualExecutionMode="Row" ActualElapsedms="5898" ActualCPUms="3692" ActualScans="0" ActualLogicalReads="0" ActualPhysicalReads="0" ActualReadAheads="0" ActualLobLogicalReads="0" ActualLobPhysicalReads="0" ActualLobReadAheads="0" InputMemoryGrant="77048" OutputMemoryGrant="124696" UsedMemoryGrant="20112" /></RunTimeInformation><Sort Distinct="false"><OrderBy><OrderByColumn Ascending="true"><ColumnReference Database="Database1" Schema="Schema1" Table="Object8" Alias="Object58" Column="Column46" /></OrderByColumn><OrderByColumn Ascending="true"><ColumnReference Database="Database1" Schema="Schema1" Table="Object8" Alias="Object58" Column="Column50" /></OrderByColumn></OrderBy><RelOp AvgRowSize="267" EstimateCPU="0.517919" EstimateIO="0" EstimateRebinds="0" EstimateRewinds="0" EstimatedExecutionMode="Row" EstimateRows="33967.1" LogicalOp="Repartition Streams" NodeId="83" Parallel="true" PhysicalOp="Parallelism" EstimatedTotalSubtreeCost="296.443"><OutputList><ColumnReference Database="Database1" Schema="Schema1" Table="Object23" Alias="Object56" Column="Column46" /><ColumnReference Database="Database1" Schema="Schema1" Table="Object23" Alias="Object56" Column="Column75" /><ColumnReference Database="Database1" Schema="Schema1" Table="Object23" Alias="Object56" Column="Column73" /><ColumnReference Database="Database1" Schema="Schema1" Table="Object23" Alias="Object56" Column="Column12" /><ColumnReference Database="Database1" Schema="Schema1" Table="Object23" Alias="Object56" Column="Column2" /><ColumnReference Database="Database1" Schema="Schema1" Table="Object23" Alias="Object56" Column="Column64" /><ColumnReference Database="Database1" Schema="Schema1" Table="Object8" Alias="Object57" Column="Column75" /><ColumnReference Database="Database1" Schema="Schema1" Table="Object8" Alias="Object57" Column="Column73" /><ColumnReference Database="Database1" Schema="Schema1" Table="Object8" Alias="Object57" Column="Column50" /><ColumnReference Database="Database1" Schema="Schema1" Table="Object12" Alias="Object59" Column="Column55" /><ColumnReference Database="Database1" Schema="Schema1" Table="Object8" Alias="Object58" Column="Column46" /><ColumnReference Database="Database1" Schema="Schema1" Table="Object8" Alias="Object58" Column="Column75" /><ColumnReference Database="Database1" Schema="Schema1" Table="Object8" Alias="Object58" Column="Column73" /><ColumnReference Database="Database1" Schema="Schema1" Table="Object8" Alias="Object58" Column="Column50" /></OutputList><Parallelism PartitioningType="Hash"><PartitionColumns><ColumnReference Database="Database1" Schema="Schema1" Table="Object8" Alias="Object58" Column="Column46" /><ColumnReference Database="Database1" Schema="Schema1" Table="Object8" Alias="Object58" Column="Column50" /></PartitionColumns><RelOp AvgRowSize="267" EstimateCPU="2.66868" EstimateIO="0" EstimateRebinds="0" EstimateRewinds="0" EstimatedExecutionMode="Row" EstimateRows="33967.1" LogicalOp="Left Outer Join" NodeId="84" Parallel="true" PhysicalOp="Hash Match" EstimatedTotalSubtreeCost="295.925"><OutputList><ColumnReference Database="Database1" Schema="Schema1" Table="Object23" Alias="Object56" Column="Column46" /><ColumnReference Database="Database1" Schema="Schema1" Table="Object23" Alias="Object56" Column="Column75" /><ColumnReference Database="Database1" Schema="Schema1" Table="Object23" Alias="Object56" Column="Column73" /><ColumnReference Database="Database1" Schema="Schema1" Table="Object23" Alias="Object56" Column="Column12" /><ColumnReference Database="Database1" Schema="Schema1" Table="Object23" Alias="Object56" Column="Column2" /><ColumnReference Database="Database1" Schema="Schema1" Table="Object23" Alias="Object56" Column="Column64" /><ColumnReference Database="Database1" Schema="Schema1" Table="Object8" Alias="Object57" Column="Column75" /><ColumnReference Database="Database1" Schema="Schema1" Table="Object8" Alias="Object57" Column="Column73" /><ColumnReference Database="Database1" Schema="Schema1" Table="Object8" Alias="Object57" Column="Column50" /><ColumnReference Database="Database1" Schema="Schema1" Table="Object12" Alias="Object59" Column="Column55" /><ColumnReference Database="Database1" Schema="Schema1" Table="Object8" Alias="Object58" Column="Column46" /><ColumnReference Database="Database1" Schema="Schema1" Table="Object8" Alias="Object58" Column="Column75" /><ColumnReference Database="Database1" Schema="Schema1" Table="Object8" Alias="Object58" Column="Column73" /><ColumnReference Database="Database1" Schema="Schema1" Table="Object8" Alias="Object58" Column="Column50" /></OutputList><MemoryFractions Input="0.049419" Output="0.0887053" /><RunTimeInformation><RunTimeCountersPerThread Thread="0" ActualRows="85934" Batches="0" ActualEndOfScans="1" ActualExecutions="1" ActualExecutionMode="Row" ActualElapsedms="5673" ActualCPUms="3568" ActualScans="0" ActualLogicalReads="0" ActualPhysicalReads="0" ActualReadAheads="0" ActualLobLogicalReads="0" ActualLobPhysicalReads="0" ActualLobReadAheads="0" InputMemoryGrant="46632" OutputMemoryGrant="82888" UsedMemoryGrant="17864" /></RunTimeInformation><Hash><DefinedValues /><HashKeysBuild><ColumnReference Database="Database1" Schema="Schema1" Table="Object23" Alias="Object56" Column="Column64" /></HashKeysBuild><HashKeysProbe><ColumnReference Database="Database1" Schema="Schema1" Table="Object8" Alias="Object58" Column="Column64" /></HashKeysProbe><RelOp AvgRowSize="197" EstimateCPU="0.285305" EstimateIO="0" EstimateRebinds="0" EstimateRewinds="0" EstimatedExecutionMode="Row" EstimateRows="26235" LogicalOp="Repartition Streams" NodeId="85" Parallel="true" PhysicalOp="Parallelism" EstimatedTotalSubtreeCost="208.663"><OutputList><ColumnReference Database="Database1" Schema="Schema1" Table="Object23" Alias="Object56" Column="Column46" /><ColumnReference Database="Database1" Schema="Schema1" Table="Object23" Alias="Object56" Column="Column75" /><ColumnReference Database="Database1" Schema="Schema1" Table="Object23" Alias="Object56" Column="Column73" /><ColumnReference Database="Database1" Schema="Schema1" Table="Object23" Alias="Object56" Column="Column12" /><ColumnReference Database="Database1" Schema="Schema1" Table="Object23" Alias="Object56" Column="Column2" /><ColumnReference Database="Database1" Schema="Schema1" Table="Object23" Alias="Object56" Column="Column64" /><ColumnReference Database="Database1" Schema="Schema1" Table="Object8" Alias="Object57" Column="Column75" /><ColumnReference Database="Database1" Schema="Schema1" Table="Object8" Alias="Object57" Column="Column73" /><ColumnReference Database="Database1" Schema="Schema1" Table="Object8" Alias="Object57" Column="Column50" /><ColumnReference Database="Database1" Schema="Schema1" Table="Object12" Alias="Object59" Column="Column55" /></OutputList><Parallelism PartitioningType="Hash"><PartitionColumns><ColumnReference Database="Database1" Schema="Schema1" Table="Object23" Alias="Object56" Column="Column64" /></PartitionColumns><RelOp AvgRowSize="197" EstimateCPU="0.0548312" EstimateIO="0" EstimateRebinds="0" EstimateRewinds="0" EstimatedExecutionMode="Row" EstimateRows="26235" LogicalOp="Inner Join" NodeId="86" Parallel="true" PhysicalOp="Nested Loops" EstimatedTotalSubtreeCost="208.378"><OutputList><ColumnReference Database="Database1" Schema="Schema1" Table="Object23" Alias="Object56" Column="Column46" /><ColumnReference Database="Database1" Schema="Schema1" Table="Object23" Alias="Object56" Column="Column75" /><ColumnReference Database="Database1" Schema="Schema1" Table="Object23" Alias="Object56" Column="Column73" /><ColumnReference Database="Database1" Schema="Schema1" Table="Object23" Alias="Object56" Column="Column12" /><ColumnReference Database="Database1" Schema="Schema1" Table="Object23" Alias="Object56" Column="Column2" /><ColumnReference Database="Database1" Schema="Schema1" Table="Object23" Alias="Object56" Column="Column64" /><ColumnReference Database="Database1" Schema="Schema1" Table="Object8" Alias="Object57" Column="Column75" /><ColumnReference Database="Database1" Schema="Schema1" Table="Object8" Alias="Object57" Column="Column73" /><ColumnReference Database="Database1" Schema="Schema1" Table="Object8" Alias="Object57" Column="Column50" /><ColumnReference Database="Database1" Schema="Schema1" Table="Object12" Alias="Object59" Column="Column55" /></OutputList><RunTimeInformation><RunTimeCountersPerThread Thread="0" ActualRows="85925" Batches="0" ActualEndOfScans="1" ActualExecutions="1" ActualExecutionMode="Row" ActualElapsedms="3809" ActualCPUms="2685" /></RunTimeInformation><NestedLoops Optimized="false"><PassThru><ScalarOperator ScalarString="ScalarString48"><Compare CompareOp="IS"><ScalarOperator><Identifier><ColumnReference Column="Column122" /></Identifier></ScalarOperator><ScalarOperator><Const ConstValue="Value7" /></ScalarOperator></Compare></ScalarOperator></PassThru><OuterReferences><ColumnReference Column="Column123" /></OuterReferences><RelOp AvgRowSize="163" EstimateCPU="0.0548312" EstimateIO="0" EstimateRebinds="0" EstimateRewinds="0" EstimatedExecutionMode="Row" EstimateRows="26235" LogicalOp="Left Outer Join" NodeId="87" Parallel="true" PhysicalOp="Nested Loops" EstimatedTotalSubtreeCost="195.876"><OutputList><ColumnReference Database="Database1" Schema="Schema1" Table="Object23" Alias="Object56" Column="Column46" /><ColumnReference Database="Database1" Schema="Schema1" Table="Object23" Alias="Object56" Column="Column75" /><ColumnReference Database="Database1" Schema="Schema1" Table="Object23" Alias="Object56" Column="Column73" /><ColumnReference Database="Database1" Schema="Schema1" Table="Object23" Alias="Object56" Column="Column12" /><ColumnReference Database="Database1" Schema="Schema1" Table="Object23" Alias="Object56" Column="Column2" /><ColumnReference Database="Database1" Schema="Schema1" Table="Object23" Alias="Object56" Column="Column64" /><ColumnReference Database="Database1" Schema="Schema1" Table="Object8" Alias="Object57" Column="Column75" /><ColumnReference Database="Database1" Schema="Schema1" Table="Object8" Alias="Object57" Column="Column73" /><ColumnReference Database="Database1" Schema="Schema1" Table="Object8" Alias="Object57" Column="Column50" /><ColumnReference Column="Column123" /><ColumnReference Column="Column122" /></OutputList><RunTimeInformation><RunTimeCountersPerThread Thread="0" ActualRows="85925" Batches="0" ActualEndOfScans="1" ActualExecutions="1" ActualExecutionMode="Row" ActualElapsedms="3560" ActualCPUms="2550" /></RunTimeInformation><NestedLoops Optimized="false" WithUnorderedPrefetch="true"><OuterReferences><ColumnReference Database="Database1" Schema="Schema1" Table="Object8" Alias="Object57" Column="Column46" /><ColumnReference Database="Database1" Schema="Schema1" Table="Object8" Alias="Object57" Column="Column121" /><ColumnReference Database="Database1" Schema="Schema1" Table="Object8" Alias="Object57" Column="Column50" /><ColumnReference Column="Expr1978" /></OuterReferences><RelOp AvgRowSize="187" EstimateCPU="0.958343" EstimateIO="0" EstimateRebinds="0" EstimateRewinds="0" EstimatedExecutionMode="Row" EstimateRows="26134.8" LogicalOp="Left Outer Join" NodeId="89" Parallel="true" PhysicalOp="Hash Match" EstimatedTotalSubtreeCost="183.845"><OutputList><ColumnReference Database="Database1" Schema="Schema1" Table="Object23" Alias="Object56" Column="Column46" /><ColumnReference Database="Database1" Schema="Schema1" Table="Object23" Alias="Object56" Column="Column75" /><ColumnReference Database="Database1" Schema="Schema1" Table="Object23" Alias="Object56" Column="Column73" /><ColumnReference Database="Database1" Schema="Schema1" Table="Object23" Alias="Object56" Column="Column12" /><ColumnReference Database="Database1" Schema="Schema1" Table="Object23" Alias="Object56" Column="Column2" /><ColumnReference Database="Database1" Schema="Schema1" Table="Object23" Alias="Object56" Column="Column64" /><ColumnReference Database="Database1" Schema="Schema1" Table="Object8" Alias="Object57" Column="Column46" /><ColumnReference Database="Database1" Schema="Schema1" Table="Object8" Alias="Object57" Column="Column75" /><ColumnReference Database="Database1" Schema="Schema1" Table="Object8" Alias="Object57" Column="Column73" /><ColumnReference Database="Database1" Schema="Schema1" Table="Object8" Alias="Object57" Column="Column121" /><ColumnReference Database="Database1" Schema="Schema1" Table="Object8" Alias="Object57" Column="Column50" /></OutputList><MemoryFractions Input="0.0412985" Output="0.122213" /><RunTimeInformation><RunTimeCountersPerThread Thread="0" ActualRows="85925" Batches="0" ActualEndOfScans="1" ActualExecutions="1" ActualExecutionMode="Row" ActualElapsedms="2808" ActualCPUms="2112" ActualScans="0" ActualLogicalReads="0" ActualPhysicalReads="0" ActualReadAheads="0" ActualLobLogicalReads="0" ActualLobPhysicalReads="0" ActualLobReadAheads="0" InputMemoryGrant="39136" OutputMemoryGrant="113816" UsedMemoryGrant="8856" /></RunTimeInformation><Hash><DefinedValues /><HashKeysBuild><ColumnReference Database="Database1" Schema="Schema1" Table="Object23" Alias="Object56" Column="Column64" /></HashKeysBuild><HashKeysProbe><ColumnReference Database="Database1" Schema="Schema1" Table="Object8" Alias="Object57" Column="Column64" /></HashKeysProbe><RelOp AvgRowSize="110" EstimateCPU="4.53352" EstimateIO="0" EstimateRebinds="0" EstimateRewinds="0" EstimatedExecutionMode="Row" EstimateRows="22093.2" LogicalOp="Bitmap Create" NodeId="90" Parallel="true" PhysicalOp="Bitmap" EstimatedTotalSubtreeCost="97.7512"><OutputList><ColumnReference Database="Database1" Schema="Schema1" Table="Object23" Alias="Object56" Column="Column46" /><ColumnReference Database="Database1" Schema="Schema1" Table="Object23" Alias="Object56" Column="Column75" /><ColumnReference Database="Database1" Schema="Schema1" Table="Object23" Alias="Object56" Column="Column73" /><ColumnReference Database="Database1" Schema="Schema1" Table="Object23" Alias="Object56" Column="Column12" /><ColumnReference Database="Database1" Schema="Schema1" Table="Object23" Alias="Object56" Column="Column2" /><ColumnReference Database="Database1" Schema="Schema1" Table="Object23" Alias="Object56" Column="Column64" /></OutputList><Bitmap><DefinedValues><DefinedValue><ColumnReference Column="Column124" /></DefinedValue></DefinedValues><HashKeys><ColumnReference Database="Database1" Schema="Schema1" Table="Object23" Alias="Object56" Column="Column64" /></HashKeys><RelOp AvgRowSize="110" EstimateCPU="4.53352" EstimateIO="0" EstimateRebinds="0" EstimateRewinds="0" EstimatedExecutionMode="Row" EstimateRows="22093.2" LogicalOp="Inner Join" NodeId="91" Parallel="true" PhysicalOp="Hash Match" EstimatedTotalSubtreeCost="97.7512"><OutputList><ColumnReference Database="Database1" Schema="Schema1" Table="Object23" Alias="Object56" Column="Column46" /><ColumnReference Database="Database1" Schema="Schema1" Table="Object23" Alias="Object56" Column="Column75" /><ColumnReference Database="Database1" Schema="Schema1" Table="Object23" Alias="Object56" Column="Column73" /><ColumnReference Database="Database1" Schema="Schema1" Table="Object23" Alias="Object56" Column="Column12" /><ColumnReference Database="Database1" Schema="Schema1" Table="Object23" Alias="Object56" Column="Column2" /><ColumnReference Database="Database1" Schema="Schema1" Table="Object23" Alias="Object56" Column="Column64" /></OutputList><MemoryFractions Input="0.171632" Output="0.130334" /><RunTimeInformation><RunTimeCountersPerThread Thread="0" ActualRows="83721" Batches="0" ActualEndOfScans="1" ActualExecutions="1" ActualExecutionMode="Row" ActualElapsedms="1423" ActualCPUms="1158" ActualScans="0" ActualLogicalReads="0" ActualPhysicalReads="0" ActualReadAheads="0" ActualLobLogicalReads="0" ActualLobPhysicalReads="0" ActualLobReadAheads="0" InputMemoryGrant="159424" OutputMemoryGrant="121312" UsedMemoryGrant="17608" /></RunTimeInformation><Hash><DefinedValues /><HashKeysBuild><ColumnReference Database="Database1" Schema="Schema1" Table="Object23" Alias="Object56" Column="Column64" /></HashKeysBuild><HashKeysProbe><ColumnReference Database="Database1" Schema="Schema1" Table="Object8" Alias="Object61" Column="Column64" /></HashKeysProbe><ProbeResidual><ScalarOperator ScalarString="ScalarString49"><Logical Operation="AND"><ScalarOperator><Compare CompareOp="EQ"><ScalarOperator><Identifier><ColumnReference Database="Database1" Schema="Schema1" Table="Object23" Alias="Object56" Column="Column64" /></Identifier></ScalarOperator><ScalarOperator><Identifier><ColumnReference Database="Database1" Schema="Schema1" Table="Object8" Alias="Object61" Column="Column64" /></Identifier></ScalarOperator></Compare></ScalarOperator><ScalarOperator><Compare CompareOp="GE"><ScalarOperator><IF><Condition><ScalarOperator><Compare CompareOp="GT"><ScalarOperator><Identifier><ColumnReference Database="Database1" Schema="Schema1" Table="Object23" Alias="Object56" Column="Column75" /></Identifier></ScalarOperator><ScalarOperator><Identifier><ColumnReference Column="Column125"><ScalarOperator><Intrinsic FunctionName="Function5" /></ScalarOperator></ColumnReference></Identifier></ScalarOperator></Compare></ScalarOperator></Condition><Then><ScalarOperator><Identifier><ColumnReference Database="Database1" Schema="Schema1" Table="Object23" Alias="Object56" Column="Column75" /></Identifier></ScalarOperator></Then><Else><ScalarOperator><IF><Condition><ScalarOperator><Compare CompareOp="LT"><ScalarOperator><Identifier><ColumnReference Database="Database1" Schema="Schema1" Table="Object23" Alias="Object56" Column="Column73" /></Identifier></ScalarOperator><ScalarOperator><Identifier><ColumnReference Column="Column126"><ScalarOperator><Intrinsic FunctionName="Function5" /></ScalarOperator></ColumnReference></Identifier></ScalarOperator></Compare></ScalarOperator></Condition><Then><ScalarOperator><Identifier><ColumnReference Database="Database1" Schema="Schema1" Table="Object23" Alias="Object56" Column="Column73" /></Identifier></ScalarOperator></Then><Else><ScalarOperator><Convert DataType="datetime" Style="0" Implicit="false"><ScalarOperator><Convert DataType="date" Style="0" Implicit="false"><ScalarOperator><Identifier><ColumnReference Column="Column127"><ScalarOperator><Intrinsic FunctionName="Function5" /></ScalarOperator></ColumnReference></Identifier></ScalarOperator></Convert></ScalarOperator></Convert></ScalarOperator></Else></IF></ScalarOperator></Else></IF></ScalarOperator><ScalarOperator><Identifier><ColumnReference Database="Database1" Schema="Schema1" Table="Object8" Alias="Object61" Column="Column75" /></Identifier></ScalarOperator></Compare></ScalarOperator><ScalarOperator><Compare CompareOp="LE"><ScalarOperator><IF><Condition><ScalarOperator><Compare CompareOp="GT"><ScalarOperator><Identifier><ColumnReference Database="Database1" Schema="Schema1" Table="Object23" Alias="Object56" Column="Column75" /></Identifier></ScalarOperator><ScalarOperator><Identifier><ColumnReference Column="Column128"><ScalarOperator><Intrinsic FunctionName="Function5" /></ScalarOperator></ColumnReference></Identifier></ScalarOperator></Compare></ScalarOperator></Condition><Then><ScalarOperator><Identifier><ColumnReference Database="Database1" Schema="Schema1" Table="Object23" Alias="Object56" Column="Column75" /></Identifier></ScalarOperator></Then><Else><ScalarOperator><IF><Condition><ScalarOperator><Compare CompareOp="LT"><ScalarOperator><Identifier><ColumnReference Database="Database1" Schema="Schema1" Table="Object23" Alias="Object56" Column="Column73" /></Identifier></ScalarOperator><ScalarOperator><Identifier><ColumnReference Column="Column129"><ScalarOperator><Intrinsic FunctionName="Function5" /></ScalarOperator></ColumnReference></Identifier></ScalarOperator></Compare></ScalarOperator></Condition><Then><ScalarOperator><Identifier><ColumnReference Database="Database1" Schema="Schema1" Table="Object23" Alias="Object56" Column="Column73" /></Identifier></ScalarOperator></Then><Else><ScalarOperator><Convert DataType="datetime" Style="0" Implicit="false"><ScalarOperator><Convert DataType="date" Style="0" Implicit="false"><ScalarOperator><Identifier><ColumnReference Column="Column130"><ScalarOperator><Intrinsic FunctionName="Function5" /></ScalarOperator></ColumnReference></Identifier></ScalarOperator></Convert></ScalarOperator></Convert></ScalarOperator></Else></IF></ScalarOperator></Else></IF></ScalarOperator><ScalarOperator><Identifier><ColumnReference Database="Database1" Schema="Schema1" Table="Object8" Alias="Object61" Column="Column73" /></Identifier></ScalarOperator></Compare></ScalarOperator></Logical></ScalarOperator></ProbeResidual><RelOp AvgRowSize="110" EstimateCPU="0.972296" EstimateIO="0" EstimateRebinds="0" EstimateRewinds="0" EstimatedExecutionMode="Row" EstimateRows="162133" LogicalOp="Repartition Streams" NodeId="92" Parallel="true" PhysicalOp="Parallelism" EstimatedTotalSubtreeCost="7.1567"><OutputList><ColumnReference Database="Database1" Schema="Schema1" Table="Object23" Alias="Object56" Column="Column46" /><ColumnReference Database="Database1" Schema="Schema1" Table="Object23" Alias="Object56" Column="Column75" /><ColumnReference Database="Database1" Schema="Schema1" Table="Object23" Alias="Object56" Column="Column73" /><ColumnReference Database="Database1" Schema="Schema1" Table="Object23" Alias="Object56" Column="Column12" /><ColumnReference Database="Database1" Schema="Schema1" Table="Object23" Alias="Object56" Column="Column2" /><ColumnReference Database="Database1" Schema="Schema1" Table="Object23" Alias="Object56" Column="Column64" /></OutputList><Parallelism PartitioningType="Hash"><PartitionColumns><ColumnReference Database="Database1" Schema="Schema1" Table="Object23" Alias="Object56" Column="Column64" /></PartitionColumns><RelOp AvgRowSize="110" EstimateCPU="0.0895468" EstimateIO="6.0558" EstimateRebinds="0" EstimateRewinds="0" EstimatedExecutionMode="Row" EstimateRows="162133" EstimatedRowsRead="162741" LogicalOp="Table Scan" NodeId="93" Parallel="true" PhysicalOp="Table Scan" EstimatedTotalSubtreeCost="6.14534" TableCardinality="162741"><OutputList><ColumnReference Database="Database1" Schema="Schema1" Table="Object23" Alias="Object56" Column="Column46" /><ColumnReference Database="Database1" Schema="Schema1" Table="Object23" Alias="Object56" Column="Column75" /><ColumnReference Database="Database1" Schema="Schema1" Table="Object23" Alias="Object56" Column="Column73" /><ColumnReference Database="Database1" Schema="Schema1" Table="Object23" Alias="Object56" Column="Column12" /><ColumnReference Database="Database1" Schema="Schema1" Table="Object23" Alias="Object56" Column="Column2" /><ColumnReference Database="Database1" Schema="Schema1" Table="Object23" Alias="Object56" Column="Column64" /></OutputList><RunTimeInformation><RunTimeCountersPerThread Thread="0" ActualRows="162142" ActualRowsRead="162741" Batches="0" ActualEndOfScans="1" ActualExecutions="1" ActualExecutionMode="Row" ActualElapsedms="104" ActualCPUms="91" ActualScans="1" ActualLogicalReads="17342" ActualPhysicalReads="0" ActualReadAheads="0" ActualLobLogicalReads="0" ActualLobPhysicalReads="0" ActualLobReadAheads="0" /></RunTimeInformation><TableScan Ordered="false" ForcedIndex="false" ForceScan="false" NoExpandHint="false" Storage="RowStore"><DefinedValues><DefinedValue><ColumnReference Database="Database1" Schema="Schema1" Table="Object23" Alias="Object56" Column="Column46" /></DefinedValue><DefinedValue><ColumnReference Database="Database1" Schema="Schema1" Table="Object23" Alias="Object56" Column="Column75" /></DefinedValue><DefinedValue><ColumnReference Database="Database1" Schema="Schema1" Table="Object23" Alias="Object56" Column="Column73" /></DefinedValue><DefinedValue><ColumnReference Database="Database1" Schema="Schema1" Table="Object23" Alias="Object56" Column="Column12" /></DefinedValue><DefinedValue><ColumnReference Database="Database1" Schema="Schema1" Table="Object23" Alias="Object56" Column="Column2" /></DefinedValue><DefinedValue><ColumnReference Database="Database1" Schema="Schema1" Table="Object23" Alias="Object56" Column="Column64" /></DefinedValue></DefinedValues><Object Database="Database1" Schema="Schema1" Table="Object23" Alias="Object56" TableReferenceId="1" IndexKind="Heap" Storage="RowStore" /><Predicate><ScalarOperator ScalarString="ScalarString50"><Compare CompareOp="EQ"><ScalarOperator><Identifier><ColumnReference Database="Database1" Schema="Schema1" Table="Object23" Alias="Object56" Column="Column46" /></Identifier></ScalarOperator><ScalarOperator><Const ConstValue="Value8" /></ScalarOperator></Compare></ScalarOperator></Predicate></TableScan></RelOp></Parallelism></RelOp><RelOp AvgRowSize="27" EstimateCPU="0.078022" EstimateIO="0" EstimateRebinds="0" EstimateRewinds="0" EstimatedExecutionMode="Row" EstimateRows="22176.1" LogicalOp="Repartition Streams" NodeId="94" Parallel="true" PhysicalOp="Parallelism" EstimatedTotalSubtreeCost="86.061"><OutputList><ColumnReference Database="Database1" Schema="Schema1" Table="Object8" Alias="Object61" Column="Column75" /><ColumnReference Database="Database1" Schema="Schema1" Table="Object8" Alias="Object61" Column="Column73" /><ColumnReference Database="Database1" Schema="Schema1" Table="Object8" Alias="Object61" Column="Column64" /></OutputList><Parallelism PartitioningType="Hash"><PartitionColumns><ColumnReference Database="Database1" Schema="Schema1" Table="Object8" Alias="Object61" Column="Column64" /></PartitionColumns><RelOp AvgRowSize="89" EstimateCPU="2.47599" EstimateIO="79.9506" EstimateRebinds="0" EstimateRewinds="0" EstimatedExecutionMode="Row" EstimateRows="22176.1" EstimatedRowsRead="4501730" LogicalOp="Table Scan" NodeId="95" Parallel="true" PhysicalOp="Table Scan" EstimatedTotalSubtreeCost="82.4266" TableCardinality="4501730"><OutputList><ColumnReference Database="Database1" Schema="Schema1" Table="Object8" Alias="Object61" Column="Column75" /><ColumnReference Database="Database1" Schema="Schema1" Table="Object8" Alias="Object61" Column="Column73" /><ColumnReference Database="Database1" Schema="Schema1" Table="Object8" Alias="Object61" Column="Column64" /></OutputList><RunTimeInformation><RunTimeCountersPerThread Thread="0" ActualRows="105616" ActualRowsRead="4501730" Batches="0" ActualEndOfScans="1" ActualExecutions="1" ActualExecutionMode="Row" ActualElapsedms="1057" ActualCPUms="856" ActualScans="1" ActualLogicalReads="109068" ActualPhysicalReads="0" ActualReadAheads="0" ActualLobLogicalReads="0" ActualLobPhysicalReads="0" ActualLobReadAheads="0" /></RunTimeInformation><TableScan Ordered="false" ForcedIndex="false" ForceScan="false" NoExpandHint="false" Storage="RowStore"><DefinedValues><DefinedValue><ColumnReference Database="Database1" Schema="Schema1" Table="Object8" Alias="Object61" Column="Column75" /></DefinedValue><DefinedValue><ColumnReference Database="Database1" Schema="Schema1" Table="Object8" Alias="Object61" Column="Column73" /></DefinedValue><DefinedValue><ColumnReference Database="Database1" Schema="Schema1" Table="Object8" Alias="Object61" Column="Column64" /></DefinedValue></DefinedValues><Object Database="Database1" Schema="Schema1" Table="Object8" Alias="Object61" TableReferenceId="1" IndexKind="Heap" Storage="RowStore" /><Predicate><ScalarOperator ScalarString="ScalarString51"><Logical Operation="AND"><ScalarOperator><Compare CompareOp="EQ"><ScalarOperator><Identifier><ColumnReference Database="Database1" Schema="Schema1" Table="Object8" Alias="Object61" Column="Column121" /></Identifier></ScalarOperator><ScalarOperator><Const ConstValue="Value13" /></ScalarOperator></Compare></ScalarOperator><ScalarOperator><Compare CompareOp="EQ"><ScalarOperator><Identifier><ColumnReference Database="Database1" Schema="Schema1" Table="Object8" Alias="Object61" Column="Column46" /></Identifier></ScalarOperator><ScalarOperator><Const ConstValue="Value8" /></ScalarOperator></Compare></ScalarOperator><ScalarOperator><Logical Operation="OR"><ScalarOperator><Compare CompareOp="EQ"><ScalarOperator><Identifier><ColumnReference Database="Database1" Schema="Schema1" Table="Object8" Alias="Object61" Column="Column50" /></Identifier></ScalarOperator><ScalarOperator><Const ConstValue="Value14" /></ScalarOperator></Compare></ScalarOperator><ScalarOperator><Compare CompareOp="EQ"><ScalarOperator><Identifier><ColumnReference Database="Database1" Schema="Schema1" Table="Object8" Alias="Object61" Column="Column50" /></Identifier></ScalarOperator><ScalarOperator><Const ConstValue="Value15" /></ScalarOperator></Compare></ScalarOperator></Logical></ScalarOperator></Logical></ScalarOperator></Predicate></TableScan></RelOp></Parallelism></RelOp></Hash></RelOp></Bitmap></RelOp><RelOp AvgRowSize="89" EstimateCPU="0.727747" EstimateIO="0" EstimateRebinds="0" EstimateRewinds="0" EstimatedExecutionMode="Row" EstimateRows="137198" LogicalOp="Repartition Streams" NodeId="96" Parallel="true" PhysicalOp="Parallelism" EstimatedTotalSubtreeCost="85.1351"><OutputList><ColumnReference Database="Database1" Schema="Schema1" Table="Object8" Alias="Object57" Column="Column46" /><ColumnReference Database="Database1" Schema="Schema1" Table="Object8" Alias="Object57" Column="Column75" /><ColumnReference Database="Database1" Schema="Schema1" Table="Object8" Alias="Object57" Column="Column73" /><ColumnReference Database="Database1" Schema="Schema1" Table="Object8" Alias="Object57" Column="Column121" /><ColumnReference Database="Database1" Schema="Schema1" Table="Object8" Alias="Object57" Column="Column50" /><ColumnReference Database="Database1" Schema="Schema1" Table="Object8" Alias="Object57" Column="Column64" /></OutputList><Parallelism PartitioningType="Hash"><PartitionColumns><ColumnReference Database="Database1" Schema="Schema1" Table="Object8" Alias="Object57" Column="Column64" /></PartitionColumns><RelOp AvgRowSize="89" EstimateCPU="2.47599" EstimateIO="79.9506" EstimateRebinds="0" EstimateRewinds="0" EstimatedExecutionMode="Row" EstimateRows="137198" EstimatedRowsRead="4501730" LogicalOp="Table Scan" NodeId="97" Parallel="true" PhysicalOp="Table Scan" EstimatedTotalSubtreeCost="82.4266" TableCardinality="4501730"><OutputList><ColumnReference Database="Database1" Schema="Schema1" Table="Object8" Alias="Object57" Column="Column46" /><ColumnReference Database="Database1" Schema="Schema1" Table="Object8" Alias="Object57" Column="Column75" /><ColumnReference Database="Database1" Schema="Schema1" Table="Object8" Alias="Object57" Column="Column73" /><ColumnReference Database="Database1" Schema="Schema1" Table="Object8" Alias="Object57" Column="Column121" /><ColumnReference Database="Database1" Schema="Schema1" Table="Object8" Alias="Object57" Column="Column50" /><ColumnReference Database="Database1" Schema="Schema1" Table="Object8" Alias="Object57" Column="Column64" /></OutputList><RunTimeInformation><RunTimeCountersPerThread Thread="0" ActualRows="117610" ActualRowsRead="4501730" Batches="0" ActualEndOfScans="1" ActualExecutions="1" ActualExecutionMode="Row" ActualElapsedms="1142" ActualCPUms="775" ActualScans="1" ActualLogicalReads="109068" ActualPhysicalReads="0" ActualReadAheads="0" ActualLobLogicalReads="0" ActualLobPhysicalReads="0" ActualLobReadAheads="0" /></RunTimeInformation><TableScan Ordered="false" ForcedIndex="false" ForceScan="false" NoExpandHint="false" Storage="RowStore"><DefinedValues><DefinedValue><ColumnReference Database="Database1" Schema="Schema1" Table="Object8" Alias="Object57" Column="Column46" /></DefinedValue><DefinedValue><ColumnReference Database="Database1" Schema="Schema1" Table="Object8" Alias="Object57" Column="Column75" /></DefinedValue><DefinedValue><ColumnReference Database="Database1" Schema="Schema1" Table="Object8" Alias="Object57" Column="Column73" /></DefinedValue><DefinedValue><ColumnReference Database="Database1" Schema="Schema1" Table="Object8" Alias="Object57" Column="Column121" /></DefinedValue><DefinedValue><ColumnReference Database="Database1" Schema="Schema1" Table="Object8" Alias="Object57" Column="Column50" /></DefinedValue><DefinedValue><ColumnReference Database="Database1" Schema="Schema1" Table="Object8" Alias="Object57" Column="Column64" /></DefinedValue></DefinedValues><Object Database="Database1" Schema="Schema1" Table="Object8" Alias="Object57" TableReferenceId="1" IndexKind="Heap" Storage="RowStore" /><Predicate><ScalarOperator ScalarString="ScalarString52"><Logical Operation="AND"><ScalarOperator><Logical Operation="AND"><ScalarOperator><Compare CompareOp="EQ"><ScalarOperator><Identifier><ColumnReference Database="Database1" Schema="Schema1" Table="Object8" Alias="Object57" Column="Column121" /></Identifier></ScalarOperator><ScalarOperator><Const ConstValue="Value16" /></ScalarOperator></Compare></ScalarOperator><ScalarOperator><Compare CompareOp="EQ"><ScalarOperator><Identifier><ColumnReference Database="Database1" Schema="Schema1" Table="Object8" Alias="Object57" Column="Column46" /></Identifier></ScalarOperator><ScalarOperator><Const ConstValue="Value8" /></ScalarOperator></Compare></ScalarOperator></Logical></ScalarOperator><ScalarOperator><Intrinsic FunctionName="Function7"><ScalarOperator><Identifier><ColumnReference Column="Column124" /></Identifier></ScalarOperator><ScalarOperator><Identifier><ColumnReference Database="Database1" Schema="Schema1" Table="Object8" Alias="Object57" Column="Column64" /></Identifier></ScalarOperator><ScalarOperator><Const ConstValue="Value17" /></ScalarOperator></Intrinsic></ScalarOperator></Logical></ScalarOperator></Predicate></TableScan></RelOp></Parallelism></RelOp></Hash></RelOp><RelOp AvgRowSize="16" EstimateCPU="0.000158104" EstimateIO="0.003125" EstimateRebinds="26125.5" EstimateRewinds="8.37956" EstimatedExecutionMode="Row" EstimateRows="1.00383" EstimatedRowsRead="1.00383" LogicalOp="Index Seek" NodeId="98" Parallel="true" PhysicalOp="Index Seek" EstimatedTotalSubtreeCost="11.9768" TableCardinality="1741620"><OutputList><ColumnReference Column="Column123" /><ColumnReference Column="Column122" /></OutputList><RunTimeInformation><RunTimeCountersPerThread Thread="0" ActualRows="75292" ActualRowsRead="75292" Batches="0" ActualEndOfScans="85925" ActualExecutions="85925" ActualExecutionMode="Row" ActualElapsedms="673" ActualCPUms="387" ActualScans="75292" ActualLogicalReads="304391" ActualPhysicalReads="0" ActualReadAheads="0" ActualLobLogicalReads="0" ActualLobPhysicalReads="0" ActualLobReadAheads="0" /></RunTimeInformation><IndexScan Ordered="true" ScanDirection="FORWARD" ForcedIndex="false" ForceSeek="false" ForceScan="false" NoExpandHint="false" Storage="RowStore"><DefinedValues><DefinedValue><ColumnReference Column="Column123" /></DefinedValue><DefinedValue><ColumnReference Column="Column122" /></DefinedValue></DefinedValues><Object Database="Database1" Schema="Schema1" Table="Object12" Index="Index1" Alias="Object59" TableReferenceId="1" IndexKind="NonClustered" Storage="RowStore" /><SeekPredicates><SeekPredicateNew><SeekKeys><Prefix ScanType="EQ"><RangeColumns><ColumnReference Database="Database1" Schema="Schema1" Table="Object12" Alias="Object59" Column="Column46" /><ColumnReference Database="Database1" Schema="Schema1" Table="Object12" Alias="Object59" Column="Column131" /><ColumnReference Database="Database1" Schema="Schema1" Table="Object12" Alias="Object59" Column="Column51" /></RangeColumns><RangeExpressions><ScalarOperator ScalarString="ScalarString53"><Identifier><ColumnReference Database="Database1" Schema="Schema1" Table="Object8" Alias="Object57" Column="Column46" /></Identifier></ScalarOperator><ScalarOperator ScalarString="ScalarString54"><Identifier><ColumnReference Database="Database1" Schema="Schema1" Table="Object8" Alias="Object57" Column="Column121" /></Identifier></ScalarOperator><ScalarOperator ScalarString="ScalarString55"><Identifier><ColumnReference Database="Database1" Schema="Schema1" Table="Object8" Alias="Object57" Column="Column50" /></Identifier></ScalarOperator></RangeExpressions></Prefix></SeekKeys></SeekPredicateNew></SeekPredicates></IndexScan></RelOp></NestedLoops></RelOp><RelOp AvgRowSize="266" EstimateCPU="0.0001581" EstimateIO="0.003125" EstimateRebinds="26225.6" EstimateRewinds="8.37621" EstimatedExecutionMode="Row" EstimateRows="1" LogicalOp="RID Lookup" NodeId="100" Parallel="true" PhysicalOp="RID Lookup" EstimatedTotalSubtreeCost="12.4387" TableCardinality="1741620"><OutputList><ColumnReference Database="Database1" Schema="Schema1" Table="Object12" Alias="Object59" Column="Column55" /></OutputList><RunTimeInformation><RunTimeCountersPerThread Thread="0" ActualRows="75292" ActualRowsRead="75292" Batches="0" ActualEndOfScans="0" ActualExecutions="75292" ActualExecutionMode="Row" ActualElapsedms="213" ActualCPUms="99" ActualScans="0" ActualLogicalReads="75292" ActualPhysicalReads="0" ActualReadAheads="0" ActualLobLogicalReads="0" ActualLobPhysicalReads="0" ActualLobReadAheads="0" /></RunTimeInformation><IndexScan Lookup="true" Ordered="true" ScanDirection="FORWARD" ForcedIndex="false" ForceSeek="false" ForceScan="false" NoExpandHint="false" Storage="RowStore"><DefinedValues><DefinedValue><ColumnReference Database="Database1" Schema="Schema1" Table="Object12" Alias="Object59" Column="Column55" /></DefinedValue></DefinedValues><Object Database="Database1" Schema="Schema1" Table="Object12" Alias="Object59" TableReferenceId="-1" IndexKind="Heap" Storage="RowStore" /><SeekPredicates><SeekPredicateNew><SeekKeys><Prefix ScanType="EQ"><RangeColumns><ColumnReference Column="Column123" /></RangeColumns><RangeExpressions><ScalarOperator ScalarString="ScalarString56"><Identifier><ColumnReference Column="Column123" /></Identifier></ScalarOperator></RangeExpressions></Prefix></SeekKeys></SeekPredicateNew></SeekPredicates></IndexScan></RelOp></NestedLoops></RelOp></Parallelism></RelOp><RelOp AvgRowSize="83" EstimateCPU="0.186383" EstimateIO="0" EstimateRebinds="0" EstimateRewinds="0" EstimatedExecutionMode="Row" EstimateRows="33967.1" LogicalOp="Repartition Streams" NodeId="101" Parallel="true" PhysicalOp="Parallelism" EstimatedTotalSubtreeCost="84.5937"><OutputList><ColumnReference Database="Database1" Schema="Schema1" Table="Object8" Alias="Object58" Column="Column46" /><ColumnReference Database="Database1" Schema="Schema1" Table="Object8" Alias="Object58" Column="Column75" /><ColumnReference Database="Database1" Schema="Schema1" Table="Object8" Alias="Object58" Column="Column73" /><ColumnReference Database="Database1" Schema="Schema1" Table="Object8" Alias="Object58" Column="Column50" /><ColumnReference Database="Database1" Schema="Schema1" Table="Object8" Alias="Object58" Column="Column64" /></OutputList><Parallelism PartitioningType="Hash"><PartitionColumns><ColumnReference Database="Database1" Schema="Schema1" Table="Object8" Alias="Object58" Column="Column64" /></PartitionColumns><RelOp AvgRowSize="89" EstimateCPU="2.47599" EstimateIO="79.9506" EstimateRebinds="0" EstimateRewinds="0" EstimatedExecutionMode="Row" EstimateRows="33967.1" EstimatedRowsRead="4501730" LogicalOp="Table Scan" NodeId="102" Parallel="true" PhysicalOp="Table Scan" EstimatedTotalSubtreeCost="82.4266" TableCardinality="4501730"><OutputList><ColumnReference Database="Database1" Schema="Schema1" Table="Object8" Alias="Object58" Column="Column46" /><ColumnReference Database="Database1" Schema="Schema1" Table="Object8" Alias="Object58" Column="Column75" /><ColumnReference Database="Database1" Schema="Schema1" Table="Object8" Alias="Object58" Column="Column73" /><ColumnReference Database="Database1" Schema="Schema1" Table="Object8" Alias="Object58" Column="Column50" /><ColumnReference Database="Database1" Schema="Schema1" Table="Object8" Alias="Object58" Column="Column64" /></OutputList><RunTimeInformation><RunTimeCountersPerThread Thread="0" ActualRows="37154" ActualRowsRead="4501730" Batches="0" ActualEndOfScans="1" ActualExecutions="1" ActualExecutionMode="Row" ActualElapsedms="1524" ActualCPUms="692" ActualScans="1" ActualLogicalReads="109068" ActualPhysicalReads="0" ActualReadAheads="0" ActualLobLogicalReads="0" ActualLobPhysicalReads="0" ActualLobReadAheads="0" /></RunTimeInformation><TableScan Ordered="false" ForcedIndex="false" ForceScan="false" NoExpandHint="false" Storage="RowStore"><DefinedValues><DefinedValue><ColumnReference Database="Database1" Schema="Schema1" Table="Object8" Alias="Object58" Column="Column46" /></DefinedValue><DefinedValue><ColumnReference Database="Database1" Schema="Schema1" Table="Object8" Alias="Object58" Column="Column75" /></DefinedValue><DefinedValue><ColumnReference Database="Database1" Schema="Schema1" Table="Object8" Alias="Object58" Column="Column73" /></DefinedValue><DefinedValue><ColumnReference Database="Database1" Schema="Schema1" Table="Object8" Alias="Object58" Column="Column50" /></DefinedValue><DefinedValue><ColumnReference Database="Database1" Schema="Schema1" Table="Object8" Alias="Object58" Column="Column64" /></DefinedValue></DefinedValues><Object Database="Database1" Schema="Schema1" Table="Object8" Alias="Object58" IndexKind="Heap" Storage="RowStore" /><Predicate><ScalarOperator ScalarString="ScalarString57"><Logical Operation="AND"><ScalarOperator><Compare CompareOp="EQ"><ScalarOperator><Identifier><ColumnReference Database="Database1" Schema="Schema1" Table="Object8" Alias="Object58" Column="Column121" /></Identifier></ScalarOperator><ScalarOperator><Const ConstValue="Value18" /></ScalarOperator></Compare></ScalarOperator><ScalarOperator><Compare CompareOp="EQ"><ScalarOperator><Identifier><ColumnReference Database="Database1" Schema="Schema1" Table="Object8" Alias="Object58" Column="Column46" /></Identifier></ScalarOperator><ScalarOperator><Const ConstValue="Value8" /></ScalarOperator></Compare></ScalarOperator></Logical></ScalarOperator></Predicate></TableScan></RelOp></Parallelism></RelOp></Hash></RelOp></Parallelism></RelOp></Sort></RelOp><RelOp AvgRowSize="75" EstimateCPU="0.000699259" EstimateIO="0.00563063" EstimateRebinds="0" EstimateRewinds="0" EstimatedExecutionMode="Row" EstimateRows="120.42" LogicalOp="Sort" NodeId="103" Parallel="true" PhysicalOp="Sort" EstimatedTotalSubtreeCost="0.0399234"><OutputList><ColumnReference Database="Database1" Schema="Schema1" Table="Object22" Alias="Object60" Column="Column46" /><ColumnReference Database="Database1" Schema="Schema1" Table="Object22" Alias="Object60" Column="Column55" /><ColumnReference Database="Database1" Schema="Schema1" Table="Object22" Alias="Object60" Column="Column51" /></OutputList><MemoryFractions Input="0.000137218" Output="0.000137218" /><RunTimeInformation><RunTimeCountersPerThread Thread="0" ActualRebinds="1" ActualRewinds="0" ActualRows="120" Batches="0" ActualEndOfScans="1" ActualExecutions="1" ActualExecutionMode="Row" ActualElapsedms="0" ActualCPUms="0" ActualScans="0" ActualLogicalReads="0" ActualPhysicalReads="0" ActualReadAheads="0" ActualLobLogicalReads="0" ActualLobPhysicalReads="0" ActualLobReadAheads="0" InputMemoryGrant="632" OutputMemoryGrant="248" UsedMemoryGrant="24" /></RunTimeInformation><Sort Distinct="false"><OrderBy><OrderByColumn Ascending="true"><ColumnReference Database="Database1" Schema="Schema1" Table="Object22" Alias="Object60" Column="Column46" /></OrderByColumn><OrderByColumn Ascending="true"><ColumnReference Database="Database1" Schema="Schema1" Table="Object22" Alias="Object60" Column="Column51" /></OrderByColumn></OrderBy><RelOp AvgRowSize="75" EstimateCPU="0.0297351" EstimateIO="0" EstimateRebinds="0" EstimateRewinds="0" EstimatedExecutionMode="Row" EstimateRows="120.42" LogicalOp="Distribute Streams" NodeId="104" Parallel="true" PhysicalOp="Parallelism" EstimatedTotalSubtreeCost="0.0335935"><OutputList><ColumnReference Database="Database1" Schema="Schema1" Table="Object22" Alias="Object60" Column="Column46" /><ColumnReference Database="Database1" Schema="Schema1" Table="Object22" Alias="Object60" Column="Column55" /><ColumnReference Database="Database1" Schema="Schema1" Table="Object22" Alias="Object60" Column="Column51" /></OutputList><Parallelism PartitioningType="Hash"><PartitionColumns><ColumnReference Database="Database1" Schema="Schema1" Table="Object22" Alias="Object60" Column="Column46" /><ColumnReference Database="Database1" Schema="Schema1" Table="Object22" Alias="Object60" Column="Column51" /></PartitionColumns><RelOp AvgRowSize="75" EstimateCPU="0.000289462" EstimateIO="0.00356902" EstimateRebinds="0" EstimateRewinds="0" EstimatedExecutionMode="Row" EstimateRows="120.42" EstimatedRowsRead="120.42" LogicalOp="Index Seek" NodeId="105" Parallel="false" PhysicalOp="Index Seek" EstimatedTotalSubtreeCost="0.00385848" TableCardinality="1735950"><OutputList><ColumnReference Database="Database1" Schema="Schema1" Table="Object22" Alias="Object60" Column="Column46" /><ColumnReference Database="Database1" Schema="Schema1" Table="Object22" Alias="Object60" Column="Column55" /><ColumnReference Database="Database1" Schema="Schema1" Table="Object22" Alias="Object60" Column="Column51" /></OutputList><RunTimeInformation><RunTimeCountersPerThread Thread="0" ActualRows="120" ActualRowsRead="120" Batches="0" ActualEndOfScans="1" ActualExecutions="1" ActualExecutionMode="Row" ActualElapsedms="0" ActualCPUms="0" ActualScans="1" ActualLogicalReads="7" ActualPhysicalReads="0" ActualReadAheads="0" ActualLobLogicalReads="0" ActualLobPhysicalReads="0" ActualLobReadAheads="0" /></RunTimeInformation><IndexScan Ordered="true" ScanDirection="FORWARD" ForcedIndex="false" ForceSeek="false" ForceScan="false" NoExpandHint="false" Storage="RowStore"><DefinedValues><DefinedValue><ColumnReference Database="Database1" Schema="Schema1" Table="Object22" Alias="Object60" Column="Column46" /></DefinedValue><DefinedValue><ColumnReference Database="Database1" Schema="Schema1" Table="Object22" Alias="Object60" Column="Column55" /></DefinedValue><DefinedValue><ColumnReference Database="Database1" Schema="Schema1" Table="Object22" Alias="Object60" Column="Column51" /></DefinedValue></DefinedValues><Object Database="Database1" Schema="Schema1" Table="Object22" Index="Index2" Alias="Object60" IndexKind="NonClustered" Storage="RowStore" /><SeekPredicates><SeekPredicateNew><SeekKeys><Prefix ScanType="EQ"><RangeColumns><ColumnReference Database="Database1" Schema="Schema1" Table="Object22" Alias="Object60" Column="Column131" /></RangeColumns><RangeExpressions><ScalarOperator ScalarString="ScalarString58"><Const ConstValue="Value18" /></ScalarOperator></RangeExpressions></Prefix></SeekKeys></SeekPredicateNew></SeekPredicates></IndexScan></RelOp></Parallelism></RelOp></Sort></RelOp></Merge></RelOp></ComputeScalar></RelOp></Parallelism></RelOp><RelOp AvgRowSize="345" EstimateCPU="0.0444322" EstimateIO="0" EstimateRebinds="0" EstimateRewinds="0" EstimatedExecutionMode="Row" EstimateRows="713.007" LogicalOp="Repartition Streams" NodeId="106" Parallel="true" PhysicalOp="Parallelism" EstimatedTotalSubtreeCost="117.027"><OutputList><ColumnReference Database="Database1" Schema="Schema1" Table="Object23" Alias="Object56" Column="Column46" /><ColumnReference Database="Database1" Schema="Schema1" Table="Object23" Alias="Object56" Column="Column12" /><ColumnReference Database="Database1" Schema="Schema1" Table="Object23" Alias="Object56" Column="Column2" /><ColumnReference Database="Database1" Schema="Schema1" Table="Object23" Alias="Object56" Column="Column64" /><ColumnReference Column="Expr1033" /><ColumnReference Column="Expr1034" /><ColumnReference Column="Expr1035" /></OutputList><Parallelism PartitioningType="Hash"><PartitionColumns><ColumnReference Database="Database1" Schema="Schema1" Table="Object23" Alias="Object56" Column="Column2" /><ColumnReference Database="Database1" Schema="Schema1" Table="Object23" Alias="Object56" Column="Column12" /><ColumnReference Database="Database1" Schema="Schema1" Table="Object23" Alias="Object56" Column="Column64" /><ColumnReference Column="Expr1033" /><ColumnReference Column="Expr1034" /><ColumnReference Column="Expr1035" /></PartitionColumns><RelOp AvgRowSize="345" EstimateCPU="3.56503E-05" EstimateIO="0" EstimateRebinds="0" EstimateRewinds="0" EstimatedExecutionMode="Row" EstimateRows="713.007" LogicalOp="Compute Scalar" NodeId="107" Parallel="true" PhysicalOp="Compute Scalar" EstimatedTotalSubtreeCost="116.982"><OutputList><ColumnReference Database="Database1" Schema="Schema1" Table="Object23" Alias="Object56" Column="Column46" /><ColumnReference Database="Database1" Schema="Schema1" Table="Object23" Alias="Object56" Column="Column12" /><ColumnReference Database="Database1" Schema="Schema1" Table="Object23" Alias="Object56" Column="Column2" /><ColumnReference Database="Database1" Schema="Schema1" Table="Object23" Alias="Object56" Column="Column64" /><ColumnReference Column="Expr1033" /><ColumnReference Column="Expr1034" /><ColumnReference Column="Expr1035" /></OutputList><ComputeScalar><DefinedValues><DefinedValue><ColumnReference Column="Expr1033" /><ScalarOperator ScalarString="ScalarString59"><IF><Condition><ScalarOperator><Logical Operation="AND"><ScalarOperator><Compare CompareOp="IS NOT"><ScalarOperator><Identifier><ColumnReference Database="Database1" Schema="Schema1" Table="Object14" Alias="Object62" Column="Column132" /></Identifier></ScalarOperator><ScalarOperator><Const ConstValue="Value7" /></ScalarOperator></Compare></ScalarOperator><ScalarOperator><Compare CompareOp="NE"><ScalarOperator><Identifier><ColumnReference Database="Database1" Schema="Schema1" Table="Object14" Alias="Object62" Column="Column132" /></Identifier></ScalarOperator><ScalarOperator><Const ConstValue="Value4" /></ScalarOperator></Compare></ScalarOperator></Logical></ScalarOperator></Condition><Then><ScalarOperator><Identifier><ColumnReference Database="Database1" Schema="Schema1" Table="Object14" Alias="Object62" Column="Column133" /></Identifier></ScalarOperator></Then><Else><ScalarOperator><IF><Condition><ScalarOperator><Compare CompareOp="IS NOT"><ScalarOperator><Identifier><ColumnReference Database="Database1" Schema="Schema1" Table="Object8" Alias="Object63" Column="Column50" /></Identifier></ScalarOperator><ScalarOperator><Const ConstValue="Value7" /></ScalarOperator></Compare></ScalarOperator></Condition><Then><ScalarOperator><Identifier><ColumnReference Database="Database1" Schema="Schema1" Table="Object8" Alias="Object63" Column="Column75" /></Identifier></ScalarOperator></Then><Else><ScalarOperator><Identifier><ColumnReference Database="Database1" Schema="Schema1" Table="Object23" Alias="Object56" Column="Column75" /></Identifier></ScalarOperator></Else></IF></ScalarOperator></Else></IF></ScalarOperator></DefinedValue><DefinedValue><ColumnReference Column="Expr1034" /><ScalarOperator ScalarString="ScalarString60"><IF><Condition><ScalarOperator><Logical Operation="AND"><ScalarOperator><Compare CompareOp="IS NOT"><ScalarOperator><Identifier><ColumnReference Database="Database1" Schema="Schema1" Table="Object14" Alias="Object62" Column="Column132" /></Identifier></ScalarOperator><ScalarOperator><Const ConstValue="Value7" /></ScalarOperator></Compare></ScalarOperator><ScalarOperator><Compare CompareOp="NE"><ScalarOperator><Identifier><ColumnReference Database="Database1" Schema="Schema1" Table="Object14" Alias="Object62" Column="Column132" /></Identifier></ScalarOperator><ScalarOperator><Const ConstValue="Value4" /></ScalarOperator></Compare></ScalarOperator></Logical></ScalarOperator></Condition><Then><ScalarOperator><Identifier><ColumnReference Database="Database1" Schema="Schema1" Table="Object14" Alias="Object62" Column="Column134" /></Identifier></ScalarOperator></Then><Else><ScalarOperator><IF><Condition><ScalarOperator><Compare CompareOp="IS NOT"><ScalarOperator><Identifier><ColumnReference Database="Database1" Schema="Schema1" Table="Object8" Alias="Object63" Column="Column50" /></Identifier></ScalarOperator><ScalarOperator><Const ConstValue="Value7" /></ScalarOperator></Compare></ScalarOperator></Condition><Then><ScalarOperator><Identifier><ColumnReference Database="Database1" Schema="Schema1" Table="Object8" Alias="Object63" Column="Column73" /></Identifier></ScalarOperator></Then><Else><ScalarOperator><Identifier><ColumnReference Database="Database1" Schema="Schema1" Table="Object23" Alias="Object56" Column="Column73" /></Identifier></ScalarOperator></Else></IF></ScalarOperator></Else></IF></ScalarOperator></DefinedValue><DefinedValue><ColumnReference Column="Expr1035" /><ScalarOperator ScalarString="ScalarString61"><IF><Condition><ScalarOperator><Logical Operation="AND"><ScalarOperator><Compare CompareOp="IS NOT"><ScalarOperator><Identifier><ColumnReference Database="Database1" Schema="Schema1" Table="Object14" Alias="Object62" Column="Column132" /></Identifier></ScalarOperator><ScalarOperator><Const ConstValue="Value7" /></ScalarOperator></Compare></ScalarOperator><ScalarOperator><Compare CompareOp="NE"><ScalarOperator><Identifier><ColumnReference Database="Database1" Schema="Schema1" Table="Object14" Alias="Object62" Column="Column132" /></Identifier></ScalarOperator><ScalarOperator><Const ConstValue="Value4" /></ScalarOperator></Compare></ScalarOperator></Logical></ScalarOperator></Condition><Then><ScalarOperator><Identifier><ColumnReference Database="Database1" Schema="Schema1" Table="Object14" Alias="Object62" Column="Column132" /></Identifier></ScalarOperator></Then><Else><ScalarOperator><IF><Condition><ScalarOperator><Logical Operation="AND"><ScalarOperator><Compare CompareOp="IS NOT"><ScalarOperator><Identifier><ColumnReference Database="Database1" Schema="Schema1" Table="Object12" Alias="Object64" Column="Column55" /></Identifier></ScalarOperator><ScalarOperator><Const ConstValue="Value7" /></ScalarOperator></Compare></ScalarOperator><ScalarOperator><Compare CompareOp="NE"><ScalarOperator><Identifier><ColumnReference Database="Database1" Schema="Schema1" Table="Object12" Alias="Object64" Column="Column55" /></Identifier></ScalarOperator><ScalarOperator><Const ConstValue="Value4" /></ScalarOperator></Compare></ScalarOperator></Logical></ScalarOperator></Condition><Then><ScalarOperator><Identifier><ColumnReference Database="Database1" Schema="Schema1" Table="Object12" Alias="Object64" Column="Column55" /></Identifier></ScalarOperator></Then><Else><ScalarOperator><Identifier><ColumnReference Database="Database1" Schema="Schema1" Table="Object19" Alias="Object65" Column="Column55" /></Identifier></ScalarOperator></Else></IF></ScalarOperator></Else></IF></ScalarOperator></DefinedValue></DefinedValues><RelOp AvgRowSize="458" EstimateCPU="0.242646" EstimateIO="0" EstimateRebinds="0" EstimateRewinds="0" EstimatedExecutionMode="Row" EstimateRows="713.007" LogicalOp="Left Outer Join" NodeId="108" Parallel="true" PhysicalOp="Hash Match" EstimatedTotalSubtreeCost="116.982"><OutputList><ColumnReference Database="Database1" Schema="Schema1" Table="Object23" Alias="Object56" Column="Column46" /><ColumnReference Database="Database1" Schema="Schema1" Table="Object23" Alias="Object56" Column="Column75" /><ColumnReference Database="Database1" Schema="Schema1" Table="Object23" Alias="Object56" Column="Column73" /><ColumnReference Database="Database1" Schema="Schema1" Table="Object23" Alias="Object56" Column="Column12" /><ColumnReference Database="Database1" Schema="Schema1" Table="Object23" Alias="Object56" Column="Column2" /><ColumnReference Database="Database1" Schema="Schema1" Table="Object23" Alias="Object56" Column="Column64" /><ColumnReference Database="Database1" Schema="Schema1" Table="Object14" Alias="Object62" Column="Column132" /><ColumnReference Database="Database1" Schema="Schema1" Table="Object14" Alias="Object62" Column="Column133" /><ColumnReference Database="Database1" Schema="Schema1" Table="Object14" Alias="Object62" Column="Column134" /><ColumnReference Database="Database1" Schema="Schema1" Table="Object8" Alias="Object63" Column="Column75" /><ColumnReference Database="Database1" Schema="Schema1" Table="Object8" Alias="Object63" Column="Column73" /><ColumnReference Database="Database1" Schema="Schema1" Table="Object8" Alias="Object63" Column="Column50" /><ColumnReference Database="Database1" Schema="Schema1" Table="Object12" Alias="Object64" Column="Column55" /><ColumnReference Database="Database1" Schema="Schema1" Table="Object19" Alias="Object65" Column="Column55" /></OutputList><Warnings><SpillToTempDb SpillLevel="1" SpilledThreadCount="1" /><HashSpillDetails GrantedMemoryKb="2560" UsedMemoryKb="2480" WritesToTempDb="672" ReadsFromTempDb="672" /></Warnings><MemoryFractions Input="0.00172706" Output="0.13548" /><RunTimeInformation><RunTimeCountersPerThread Thread="0" ActualRows="27584" Batches="0" ActualEndOfScans="1" ActualExecutions="1" ActualExecutionMode="Row" ActualElapsedms="3764" ActualCPUms="2704" ActualScans="2" ActualLogicalReads="648" ActualPhysicalReads="81" ActualReadAheads="672" ActualLobLogicalReads="0" ActualLobPhysicalReads="0" ActualLobReadAheads="0" InputMemoryGrant="2616" OutputMemoryGrant="126064" UsedMemoryGrant="2480" /></RunTimeInformation><Hash><DefinedValues /><HashKeysBuild><ColumnReference Database="Database1" Schema="Schema1" Table="Object23" Alias="Object56" Column="Column12" /></HashKeysBuild><HashKeysProbe><ColumnReference Database="Database1" Schema="Schema1" Table="Object19" Alias="Object65" Column="Column12" /></HashKeysProbe><ProbeResidual><ScalarOperator ScalarString="ScalarString62"><Compare CompareOp="EQ"><ScalarOperator><Identifier><ColumnReference Database="Database1" Schema="Schema1" Table="Object23" Alias="Object56" Column="Column12" /></Identifier></ScalarOperator><ScalarOperator><Identifier><ColumnReference Database="Database1" Schema="Schema1" Table="Object19" Alias="Object65" Column="Column12" /></Identifier></ScalarOperator></Compare></ScalarOperator></ProbeResidual><RelOp AvgRowSize="435" EstimateCPU="0.0413828" EstimateIO="0" EstimateRebinds="0" EstimateRewinds="0" EstimatedExecutionMode="Row" EstimateRows="667.732" LogicalOp="Bitmap Create" NodeId="109" Parallel="true" PhysicalOp="Bitmap" EstimatedTotalSubtreeCost="116.082"><OutputList><ColumnReference Database="Database1" Schema="Schema1" Table="Object23" Alias="Object56" Column="Column46" /><ColumnReference Database="Database1" Schema="Schema1" Table="Object23" Alias="Object56" Column="Column75" /><ColumnReference Database="Database1" Schema="Schema1" Table="Object23" Alias="Object56" Column="Column73" /><ColumnReference Database="Database1" Schema="Schema1" Table="Object23" Alias="Object56" Column="Column12" /><ColumnReference Database="Database1" Schema="Schema1" Table="Object23" Alias="Object56" Column="Column2" /><ColumnReference Database="Database1" Schema="Schema1" Table="Object23" Alias="Object56" Column="Column64" /><ColumnReference Database="Database1" Schema="Schema1" Table="Object14" Alias="Object62" Column="Column132" /><ColumnReference Database="Database1" Schema="Schema1" Table="Object14" Alias="Object62" Column="Column133" /><ColumnReference Database="Database1" Schema="Schema1" Table="Object14" Alias="Object62" Column="Column134" /><ColumnReference Database="Database1" Schema="Schema1" Table="Object8" Alias="Object63" Column="Column75" /><ColumnReference Database="Database1" Schema="Schema1" Table="Object8" Alias="Object63" Column="Column73" /><ColumnReference Database="Database1" Schema="Schema1" Table="Object8" Alias="Object63" Column="Column50" /><ColumnReference Database="Database1" Schema="Schema1" Table="Object12" Alias="Object64" Column="Column55" /></OutputList><Bitmap><DefinedValues><DefinedValue><ColumnReference Column="Column135" /></DefinedValue></DefinedValues><HashKeys><ColumnReference Database="Database1" Schema="Schema1" Table="Object23" Alias="Object56" Column="Column12" /></HashKeys><RelOp AvgRowSize="435" EstimateCPU="0.0413828" EstimateIO="0" EstimateRebinds="0" EstimateRewinds="0" EstimatedExecutionMode="Row" EstimateRows="667.732" LogicalOp="Repartition Streams" NodeId="110" Parallel="true" PhysicalOp="Parallelism" EstimatedTotalSubtreeCost="116.082"><OutputList><ColumnReference Database="Database1" Schema="Schema1" Table="Object23" Alias="Object56" Column="Column46" /><ColumnReference Database="Database1" Schema="Schema1" Table="Object23" Alias="Object56" Column="Column75" /><ColumnReference Database="Database1" Schema="Schema1" Table="Object23" Alias="Object56" Column="Column73" /><ColumnReference Database="Database1" Schema="Schema1" Table="Object23" Alias="Object56" Column="Column12" /><ColumnReference Database="Database1" Schema="Schema1" Table="Object23" Alias="Object56" Column="Column2" /><ColumnReference Database="Database1" Schema="Schema1" Table="Object23" Alias="Object56" Column="Column64" /><ColumnReference Database="Database1" Schema="Schema1" Table="Object14" Alias="Object62" Column="Column132" /><ColumnReference Database="Database1" Schema="Schema1" Table="Object14" Alias="Object62" Column="Column133" /><ColumnReference Database="Database1" Schema="Schema1" Table="Object14" Alias="Object62" Column="Column134" /><ColumnReference Database="Database1" Schema="Schema1" Table="Object8" Alias="Object63" Column="Column75" /><ColumnReference Database="Database1" Schema="Schema1" Table="Object8" Alias="Object63" Column="Column73" /><ColumnReference Database="Database1" Schema="Schema1" Table="Object8" Alias="Object63" Column="Column50" /><ColumnReference Database="Database1" Schema="Schema1" Table="Object12" Alias="Object64" Column="Column55" /></OutputList><Parallelism PartitioningType="Hash"><PartitionColumns><ColumnReference Database="Database1" Schema="Schema1" Table="Object23" Alias="Object56" Column="Column12" /></PartitionColumns><RelOp AvgRowSize="435" EstimateCPU="0.00139556" EstimateIO="0" EstimateRebinds="0" EstimateRewinds="0" EstimatedExecutionMode="Row" EstimateRows="667.732" LogicalOp="Left Outer Join" NodeId="111" Parallel="true" PhysicalOp="Nested Loops" EstimatedTotalSubtreeCost="116.04"><OutputList><ColumnReference Database="Database1" Schema="Schema1" Table="Object23" Alias="Object56" Column="Column46" /><ColumnReference Database="Database1" Schema="Schema1" Table="Object23" Alias="Object56" Column="Column75" /><ColumnReference Database="Database1" Schema="Schema1" Table="Object23" Alias="Object56" Column="Column73" /><ColumnReference Database="Database1" Schema="Schema1" Table="Object23" Alias="Object56" Column="Column12" /><ColumnReference Database="Database1" Schema="Schema1" Table="Object23" Alias="Object56" Column="Column2" /><ColumnReference Database="Database1" Schema="Schema1" Table="Object23" Alias="Object56" Column="Column64" /><ColumnReference Database="Database1" Schema="Schema1" Table="Object14" Alias="Object62" Column="Column132" /><ColumnReference Database="Database1" Schema="Schema1" Table="Object14" Alias="Object62" Column="Column133" /><ColumnReference Database="Database1" Schema="Schema1" Table="Object14" Alias="Object62" Column="Column134" /><ColumnReference Database="Database1" Schema="Schema1" Table="Object8" Alias="Object63" Column="Column75" /><ColumnReference Database="Database1" Schema="Schema1" Table="Object8" Alias="Object63" Column="Column73" /><ColumnReference Database="Database1" Schema="Schema1" Table="Object8" Alias="Object63" Column="Column50" /><ColumnReference Database="Database1" Schema="Schema1" Table="Object12" Alias="Object64" Column="Column55" /></OutputList><RunTimeInformation><RunTimeCountersPerThread Thread="0" ActualRows="27584" Batches="0" ActualEndOfScans="1" ActualExecutions="1" ActualExecutionMode="Row" ActualElapsedms="3447" ActualCPUms="2598" /></RunTimeInformation><NestedLoops Optimized="false" WithUnorderedPrefetch="true"><OuterReferences><ColumnReference Database="Database1" Schema="Schema1" Table="Object8" Alias="Object63" Column="Column46" /><ColumnReference Database="Database1" Schema="Schema1" Table="Object8" Alias="Object63" Column="Column121" /><ColumnReference Database="Database1" Schema="Schema1" Table="Object8" Alias="Object63" Column="Column50" /><ColumnReference Column="Expr1981" /></OuterReferences><RelOp AvgRowSize="211" EstimateCPU="0.00139023" EstimateIO="0" EstimateRebinds="0" EstimateRewinds="0" EstimatedExecutionMode="Row" EstimateRows="665.183" LogicalOp="Left Outer Join" NodeId="113" Parallel="true" PhysicalOp="Nested Loops" EstimatedTotalSubtreeCost="115.928"><OutputList><ColumnReference Database="Database1" Schema="Schema1" Table="Object23" Alias="Object56" Column="Column46" /><ColumnReference Database="Database1" Schema="Schema1" Table="Object23" Alias="Object56" Column="Column75" /><ColumnReference Database="Database1" Schema="Schema1" Table="Object23" Alias="Object56" Column="Column73" /><ColumnReference Database="Database1" Schema="Schema1" Table="Object23" Alias="Object56" Column="Column12" /><ColumnReference Database="Database1" Schema="Schema1" Table="Object23" Alias="Object56" Column="Column2" /><ColumnReference Database="Database1" Schema="Schema1" Table="Object23" Alias="Object56" Column="Column64" /><ColumnReference Database="Database1" Schema="Schema1" Table="Object14" Alias="Object62" Column="Column132" /><ColumnReference Database="Database1" Schema="Schema1" Table="Object14" Alias="Object62" Column="Column133" /><ColumnReference Database="Database1" Schema="Schema1" Table="Object14" Alias="Object62" Column="Column134" /><ColumnReference Database="Database1" Schema="Schema1" Table="Object8" Alias="Object63" Column="Column46" /><ColumnReference Database="Database1" Schema="Schema1" Table="Object8" Alias="Object63" Column="Column75" /><ColumnReference Database="Database1" Schema="Schema1" Table="Object8" Alias="Object63" Column="Column73" /><ColumnReference Database="Database1" Schema="Schema1" Table="Object8" Alias="Object63" Column="Column121" /><ColumnReference Database="Database1" Schema="Schema1" Table="Object8" Alias="Object63" Column="Column50" /></OutputList><RunTimeInformation><RunTimeCountersPerThread Thread="0" ActualRows="27584" Batches="0" ActualEndOfScans="1" ActualExecutions="1" ActualExecutionMode="Row" ActualElapsedms="2511" ActualCPUms="1880" /></RunTimeInformation><NestedLoops Optimized="false" WithUnorderedPrefetch="true"><OuterReferences><ColumnReference Database="Database1" Schema="Schema1" Table="Object23" Alias="Object56" Column="Column75" /><ColumnReference Database="Database1" Schema="Schema1" Table="Object23" Alias="Object56" Column="Column73" /><ColumnReference Database="Database1" Schema="Schema1" Table="Object23" Alias="Object56" Column="Column12" /><ColumnReference Database="Database1" Schema="Schema1" Table="Object23" Alias="Object56" Column="Column2" /><ColumnReference Database="Database1" Schema="Schema1" Table="Object23" Alias="Object56" Column="Column64" /><ColumnReference Column="Expr1980" /></OuterReferences><RelOp AvgRowSize="135" EstimateCPU="0.215079" EstimateIO="0.104229" EstimateRebinds="0" EstimateRewinds="0" EstimatedExecutionMode="Row" EstimateRows="665.183" LogicalOp="Inner Join" NodeId="115" Parallel="true" PhysicalOp="Merge Join" EstimatedTotalSubtreeCost="111.583"><OutputList><ColumnReference Database="Database1" Schema="Schema1" Table="Object23" Alias="Object56" Column="Column46" /><ColumnReference Database="Database1" Schema="Schema1" Table="Object23" Alias="Object56" Column="Column75" /><ColumnReference Database="Database1" Schema="Schema1" Table="Object23" Alias="Object56" Column="Column73" /><ColumnReference Database="Database1" Schema="Schema1" Table="Object23" Alias="Object56" Column="Column12" /><ColumnReference Database="Database1" Schema="Schema1" Table="Object23" Alias="Object56" Column="Column2" /><ColumnReference Database="Database1" Schema="Schema1" Table="Object23" Alias="Object56" Column="Column64" /><ColumnReference Database="Database1" Schema="Schema1" Table="Object14" Alias="Object62" Column="Column132" /><ColumnReference Database="Database1" Schema="Schema1" Table="Object14" Alias="Object62" Column="Column133" /><ColumnReference Database="Database1" Schema="Schema1" Table="Object14" Alias="Object62" Column="Column134" /></OutputList><RunTimeInformation><RunTimeCountersPerThread Thread="0" ActualRows="27099" ActualRowsRead="6" Batches="0" ActualEndOfScans="1" ActualExecutions="1" ActualExecutionMode="Row" ActualElapsedms="2070" ActualCPUms="1606" ActualScans="2" ActualLogicalReads="17" ActualPhysicalReads="0" ActualReadAheads="0" ActualLobLogicalReads="0" ActualLobPhysicalReads="0" ActualLobReadAheads="0" /></RunTimeInformation><Merge ManyToMany="true"><InnerSideJoinColumns><ColumnReference Database="Database1" Schema="Schema1" Table="Object8" Alias="Object61" Column="Column2" /><ColumnReference Database="Database1" Schema="Schema1" Table="Object8" Alias="Object61" Column="Column12" /><ColumnReference Database="Database1" Schema="Schema1" Table="Object8" Alias="Object61" Column="Column64" /></InnerSideJoinColumns><OuterSideJoinColumns><ColumnReference Database="Database1" Schema="Schema1" Table="Object23" Alias="Object56" Column="Column2" /><ColumnReference Database="Database1" Schema="Schema1" Table="Object23" Alias="Object56" Column="Column12" /><ColumnReference Database="Database1" Schema="Schema1" Table="Object23" Alias="Object56" Column="Column64" /></OuterSideJoinColumns><Residual><ScalarOperator ScalarString="ScalarString63"><Logical Operation="AND"><ScalarOperator><Compare CompareOp="EQ"><ScalarOperator><Identifier><ColumnReference Database="Database1" Schema="Schema1" Table="Object23" Alias="Object56" Column="Column2" /></Identifier></ScalarOperator><ScalarOperator><Identifier><ColumnReference Database="Database1" Schema="Schema1" Table="Object8" Alias="Object61" Column="Column2" /></Identifier></ScalarOperator></Compare></ScalarOperator><ScalarOperator><Compare CompareOp="EQ"><ScalarOperator><Identifier><ColumnReference Database="Database1" Schema="Schema1" Table="Object23" Alias="Object56" Column="Column12" /></Identifier></ScalarOperator><ScalarOperator><Identifier><ColumnReference Database="Database1" Schema="Schema1" Table="Object8" Alias="Object61" Column="Column12" /></Identifier></ScalarOperator></Compare></ScalarOperator><ScalarOperator><Compare CompareOp="EQ"><ScalarOperator><Identifier><ColumnReference Database="Database1" Schema="Schema1" Table="Object23" Alias="Object56" Column="Column64" /></Identifier></ScalarOperator><ScalarOperator><Identifier><ColumnReference Database="Database1" Schema="Schema1" Table="Object8" Alias="Object61" Column="Column64" /></Identifier></ScalarOperator></Compare></ScalarOperator><ScalarOperator><Compare CompareOp="GE"><ScalarOperator><IF><Condition><ScalarOperator><Compare CompareOp="GT"><ScalarOperator><Identifier><ColumnReference Database="Database1" Schema="Schema1" Table="Object23" Alias="Object56" Column="Column75" /></Identifier></ScalarOperator><ScalarOperator><Identifier><ColumnReference Column="Column136"><ScalarOperator><Intrinsic FunctionName="Function5" /></ScalarOperator></ColumnReference></Identifier></ScalarOperator></Compare></ScalarOperator></Condition><Then><ScalarOperator><Identifier><ColumnReference Database="Database1" Schema="Schema1" Table="Object23" Alias="Object56" Column="Column75" /></Identifier></ScalarOperator></Then><Else><ScalarOperator><IF><Condition><ScalarOperator><Compare CompareOp="LT"><ScalarOperator><Identifier><ColumnReference Database="Database1" Schema="Schema1" Table="Object23" Alias="Object56" Column="Column73" /></Identifier></ScalarOperator><ScalarOperator><Identifier><ColumnReference Column="Column137"><ScalarOperator><Intrinsic FunctionName="Function5" /></ScalarOperator></ColumnReference></Identifier></ScalarOperator></Compare></ScalarOperator></Condition><Then><ScalarOperator><Identifier><ColumnReference Database="Database1" Schema="Schema1" Table="Object23" Alias="Object56" Column="Column73" /></Identifier></ScalarOperator></Then><Else><ScalarOperator><Convert DataType="datetime" Style="0" Implicit="false"><ScalarOperator><Convert DataType="date" Style="0" Implicit="false"><ScalarOperator><Identifier><ColumnReference Column="Column138"><ScalarOperator><Intrinsic FunctionName="Function5" /></ScalarOperator></ColumnReference></Identifier></ScalarOperator></Convert></ScalarOperator></Convert></ScalarOperator></Else></IF></ScalarOperator></Else></IF></ScalarOperator><ScalarOperator><Identifier><ColumnReference Database="Database1" Schema="Schema1" Table="Object8" Alias="Object61" Column="Column75" /></Identifier></ScalarOperator></Compare></ScalarOperator><ScalarOperator><Compare CompareOp="LE"><ScalarOperator><IF><Condition><ScalarOperator><Compare CompareOp="GT"><ScalarOperator><Identifier><ColumnReference Database="Database1" Schema="Schema1" Table="Object23" Alias="Object56" Column="Column75" /></Identifier></ScalarOperator><ScalarOperator><Identifier><ColumnReference Column="Column139"><ScalarOperator><Intrinsic FunctionName="Function5" /></ScalarOperator></ColumnReference></Identifier></ScalarOperator></Compare></ScalarOperator></Condition><Then><ScalarOperator><Identifier><ColumnReference Database="Database1" Schema="Schema1" Table="Object23" Alias="Object56" Column="Column75" /></Identifier></ScalarOperator></Then><Else><ScalarOperator><IF><Condition><ScalarOperator><Compare CompareOp="LT"><ScalarOperator><Identifier><ColumnReference Database="Database1" Schema="Schema1" Table="Object23" Alias="Object56" Column="Column73" /></Identifier></ScalarOperator><ScalarOperator><Identifier><ColumnReference Column="Column140"><ScalarOperator><Intrinsic FunctionName="Function5" /></ScalarOperator></ColumnReference></Identifier></ScalarOperator></Compare></ScalarOperator></Condition><Then><ScalarOperator><Identifier><ColumnReference Database="Database1" Schema="Schema1" Table="Object23" Alias="Object56" Column="Column73" /></Identifier></ScalarOperator></Then><Else><ScalarOperator><Convert DataType="datetime" Style="0" Implicit="false"><ScalarOperator><Convert DataType="date" Style="0" Implicit="false"><ScalarOperator><Identifier><ColumnReference Column="Column141"><ScalarOperator><Intrinsic FunctionName="Function5" /></ScalarOperator></ColumnReference></Identifier></ScalarOperator></Convert></ScalarOperator></Convert></ScalarOperator></Else></IF></ScalarOperator></Else></IF></ScalarOperator><ScalarOperator><Identifier><ColumnReference Database="Database1" Schema="Schema1" Table="Object8" Alias="Object61" Column="Column73" /></Identifier></ScalarOperator></Compare></ScalarOperator></Logical></ScalarOperator></Residual><RelOp AvgRowSize="135" EstimateCPU="6.43983" EstimateIO="0.00563063" EstimateRebinds="0" EstimateRewinds="0" EstimatedExecutionMode="Row" EstimateRows="162133" LogicalOp="Sort" NodeId="116" Parallel="true" PhysicalOp="Sort" EstimatedTotalSubtreeCost="24.5494"><OutputList><ColumnReference Database="Database1" Schema="Schema1" Table="Object23" Alias="Object56" Column="Column46" /><ColumnReference Database="Database1" Schema="Schema1" Table="Object23" Alias="Object56" Column="Column75" /><ColumnReference Database="Database1" Schema="Schema1" Table="Object23" Alias="Object56" Column="Column73" /><ColumnReference Database="Database1" Schema="Schema1" Table="Object23" Alias="Object56" Column="Column12" /><ColumnReference Database="Database1" Schema="Schema1" Table="Object23" Alias="Object56" Column="Column2" /><ColumnReference Database="Database1" Schema="Schema1" Table="Object23" Alias="Object56" Column="Column64" /><ColumnReference Database="Database1" Schema="Schema1" Table="Object14" Alias="Object62" Column="Column132" /><ColumnReference Database="Database1" Schema="Schema1" Table="Object14" Alias="Object62" Column="Column133" /><ColumnReference Database="Database1" Schema="Schema1" Table="Object14" Alias="Object62" Column="Column134" /></OutputList><MemoryFractions Input="0.0628854" Output="0.115311" /><RunTimeInformation><RunTimeCountersPerThread Thread="0" ActualRebinds="1" ActualRewinds="0" ActualRows="162335" Batches="0" ActualEndOfScans="0" ActualExecutions="1" ActualExecutionMode="Row" ActualElapsedms="1160" ActualCPUms="742" ActualScans="0" ActualLogicalReads="0" ActualPhysicalReads="0" ActualReadAheads="0" ActualLobLogicalReads="0" ActualLobPhysicalReads="0" ActualLobReadAheads="0" InputMemoryGrant="58544" OutputMemoryGrant="106552" UsedMemoryGrant="21160" /></RunTimeInformation><Sort Distinct="false"><OrderBy><OrderByColumn Ascending="true"><ColumnReference Database="Database1" Schema="Schema1" Table="Object23" Alias="Object56" Column="Column2" /></OrderByColumn><OrderByColumn Ascending="true"><ColumnReference Database="Database1" Schema="Schema1" Table="Object23" Alias="Object56" Column="Column12" /></OrderByColumn><OrderByColumn Ascending="true"><ColumnReference Database="Database1" Schema="Schema1" Table="Object23" Alias="Object56" Column="Column64" /></OrderByColumn></OrderBy><RelOp AvgRowSize="135" EstimateCPU="1.45079" EstimateIO="0" EstimateRebinds="0" EstimateRewinds="0" EstimatedExecutionMode="Row" EstimateRows="162133" LogicalOp="Bitmap Create" NodeId="117" Parallel="true" PhysicalOp="Bitmap" EstimatedTotalSubtreeCost="18.1039"><OutputList><ColumnReference Database="Database1" Schema="Schema1" Table="Object23" Alias="Object56" Column="Column46" /><ColumnReference Database="Database1" Schema="Schema1" Table="Object23" Alias="Object56" Column="Column75" /><ColumnReference Database="Database1" Schema="Schema1" Table="Object23" Alias="Object56" Column="Column73" /><ColumnReference Database="Database1" Schema="Schema1" Table="Object23" Alias="Object56" Column="Column12" /><ColumnReference Database="Database1" Schema="Schema1" Table="Object23" Alias="Object56" Column="Column2" /><ColumnReference Database="Database1" Schema="Schema1" Table="Object23" Alias="Object56" Column="Column64" /><ColumnReference Database="Database1" Schema="Schema1" Table="Object14" Alias="Object62" Column="Column132" /><ColumnReference Database="Database1" Schema="Schema1" Table="Object14" Alias="Object62" Column="Column133" /><ColumnReference Database="Database1" Schema="Schema1" Table="Object14" Alias="Object62" Column="Column134" /></OutputList><Bitmap><DefinedValues><DefinedValue><ColumnReference Column="Column142" /></DefinedValue></DefinedValues><HashKeys><ColumnReference Database="Database1" Schema="Schema1" Table="Object23" Alias="Object56" Column="Column2" /><ColumnReference Database="Database1" Schema="Schema1" Table="Object23" Alias="Object56" Column="Column12" /><ColumnReference Database="Database1" Schema="Schema1" Table="Object23" Alias="Object56" Column="Column64" /></HashKeys><RelOp AvgRowSize="135" EstimateCPU="1.45079" EstimateIO="0" EstimateRebinds="0" EstimateRewinds="0" EstimatedExecutionMode="Row" EstimateRows="162133" LogicalOp="Repartition Streams" NodeId="118" Parallel="true" PhysicalOp="Parallelism" EstimatedTotalSubtreeCost="18.1039"><OutputList><ColumnReference Database="Database1" Schema="Schema1" Table="Object23" Alias="Object56" Column="Column46" /><ColumnReference Database="Database1" Schema="Schema1" Table="Object23" Alias="Object56" Column="Column75" /><ColumnReference Database="Database1" Schema="Schema1" Table="Object23" Alias="Object56" Column="Column73" /><ColumnReference Database="Database1" Schema="Schema1" Table="Object23" Alias="Object56" Column="Column12" /><ColumnReference Database="Database1" Schema="Schema1" Table="Object23" Alias="Object56" Column="Column2" /><ColumnReference Database="Database1" Schema="Schema1" Table="Object23" Alias="Object56" Column="Column64" /><ColumnReference Database="Database1" Schema="Schema1" Table="Object14" Alias="Object62" Column="Column132" /><ColumnReference Database="Database1" Schema="Schema1" Table="Object14" Alias="Object62" Column="Column133" /><ColumnReference Database="Database1" Schema="Schema1" Table="Object14" Alias="Object62" Column="Column134" /></OutputList><Parallelism PartitioningType="Hash"><PartitionColumns><ColumnReference Database="Database1" Schema="Schema1" Table="Object23" Alias="Object56" Column="Column2" /><ColumnReference Database="Database1" Schema="Schema1" Table="Object23" Alias="Object56" Column="Column12" /><ColumnReference Database="Database1" Schema="Schema1" Table="Object23" Alias="Object56" Column="Column64" /></PartitionColumns><RelOp AvgRowSize="135" EstimateCPU="6.84755" EstimateIO="0" EstimateRebinds="0" EstimateRewinds="0" EstimatedExecutionMode="Row" EstimateRows="162133" LogicalOp="Left Outer Join" NodeId="119" Parallel="true" PhysicalOp="Hash Match" EstimatedTotalSubtreeCost="16.6531"><OutputList><ColumnReference Database="Database1" Schema="Schema1" Table="Object23" Alias="Object56" Column="Column46" /><ColumnReference Database="Database1" Schema="Schema1" Table="Object23" Alias="Object56" Column="Column75" /><ColumnReference Database="Database1" Schema="Schema1" Table="Object23" Alias="Object56" Column="Column73" /><ColumnReference Database="Database1" Schema="Schema1" Table="Object23" Alias="Object56" Column="Column12" /><ColumnReference Database="Database1" Schema="Schema1" Table="Object23" Alias="Object56" Column="Column2" /><ColumnReference Database="Database1" Schema="Schema1" Table="Object23" Alias="Object56" Column="Column64" /><ColumnReference Database="Database1" Schema="Schema1" Table="Object14" Alias="Object62" Column="Column132" /><ColumnReference Database="Database1" Schema="Schema1" Table="Object14" Alias="Object62" Column="Column133" /><ColumnReference Database="Database1" Schema="Schema1" Table="Object14" Alias="Object62" Column="Column134" /></OutputList><MemoryFractions Input="0.125422" Output="0.062537" /><RunTimeInformation><RunTimeCountersPerThread Thread="0" ActualRows="162693" Batches="0" ActualEndOfScans="1" ActualExecutions="1" ActualExecutionMode="Row" ActualElapsedms="509" ActualCPUms="327" ActualScans="0" ActualLogicalReads="0" ActualPhysicalReads="0" ActualReadAheads="0" ActualLobLogicalReads="0" ActualLobPhysicalReads="0" ActualLobReadAheads="0" InputMemoryGrant="116776" OutputMemoryGrant="58736" UsedMemoryGrant="18240" /></RunTimeInformation><Hash><DefinedValues /><HashKeysBuild><ColumnReference Database="Database1" Schema="Schema1" Table="Object23" Alias="Object56" Column="Column2" /><ColumnReference Database="Database1" Schema="Schema1" Table="Object23" Alias="Object56" Column="Column12" /></HashKeysBuild><HashKeysProbe><ColumnReference Database="Database1" Schema="Schema1" Table="Object14" Alias="Object62" Column="Column51" /><ColumnReference Database="Database1" Schema="Schema1" Table="Object14" Alias="Object62" Column="Column67" /></HashKeysProbe><ProbeResidual><ScalarOperator ScalarString="ScalarString64"><Logical Operation="AND"><ScalarOperator><Compare CompareOp="EQ"><ScalarOperator><Identifier><ColumnReference Database="Database1" Schema="Schema1" Table="Object23" Alias="Object56" Column="Column2" /></Identifier></ScalarOperator><ScalarOperator><Identifier><ColumnReference Database="Database1" Schema="Schema1" Table="Object14" Alias="Object62" Column="Column51" /></Identifier></ScalarOperator></Compare></ScalarOperator><ScalarOperator><Compare CompareOp="EQ"><ScalarOperator><Identifier><ColumnReference Database="Database1" Schema="Schema1" Table="Object23" Alias="Object56" Column="Column12" /></Identifier></ScalarOperator><ScalarOperator><Identifier><ColumnReference Database="Database1" Schema="Schema1" Table="Object14" Alias="Object62" Column="Column67" /></Identifier></ScalarOperator></Compare></ScalarOperator><ScalarOperator><Compare CompareOp="LE"><ScalarOperator><Identifier><ColumnReference Database="Database1" Schema="Schema1" Table="Object23" Alias="Object56" Column="Column75" /></Identifier></ScalarOperator><ScalarOperator><Identifier><ColumnReference Database="Database1" Schema="Schema1" Table="Object14" Alias="Object62" Column="Column134" /></Identifier></ScalarOperator></Compare></ScalarOperator><ScalarOperator><Compare CompareOp="GE"><ScalarOperator><Identifier><ColumnReference Database="Database1" Schema="Schema1" Table="Object23" Alias="Object56" Column="Column73" /></Identifier></ScalarOperator><ScalarOperator><Identifier><ColumnReference Database="Database1" Schema="Schema1" Table="Object14" Alias="Object62" Column="Column133" /></Identifier></ScalarOperator></Compare></ScalarOperator></Logical></ScalarOperator></ProbeResidual><RelOp AvgRowSize="88" EstimateCPU="1.05012" EstimateIO="0" EstimateRebinds="0" EstimateRewinds="0" EstimatedExecutionMode="Row" EstimateRows="162133" LogicalOp="Repartition Streams" NodeId="120" Parallel="true" PhysicalOp="Parallelism" EstimatedTotalSubtreeCost="7.23452"><OutputList><ColumnReference Database="Database1" Schema="Schema1" Table="Object23" Alias="Object56" Column="Column46" /><ColumnReference Database="Database1" Schema="Schema1" Table="Object23" Alias="Object56" Column="Column75" /><ColumnReference Database="Database1" Schema="Schema1" Table="Object23" Alias="Object56" Column="Column73" /><ColumnReference Database="Database1" Schema="Schema1" Table="Object23" Alias="Object56" Column="Column12" /><ColumnReference Database="Database1" Schema="Schema1" Table="Object23" Alias="Object56" Column="Column2" /><ColumnReference Database="Database1" Schema="Schema1" Table="Object23" Alias="Object56" Column="Column64" /></OutputList><Parallelism PartitioningType="Hash"><PartitionColumns><ColumnReference Database="Database1" Schema="Schema1" Table="Object23" Alias="Object56" Column="Column2" /><ColumnReference Database="Database1" Schema="Schema1" Table="Object23" Alias="Object56" Column="Column12" /></PartitionColumns><RelOp AvgRowSize="88" EstimateCPU="0.0895468" EstimateIO="6.0558" EstimateRebinds="0" EstimateRewinds="0" EstimatedExecutionMode="Row" EstimateRows="162133" EstimatedRowsRead="162741" LogicalOp="Table Scan" NodeId="121" Parallel="true" PhysicalOp="Table Scan" EstimatedTotalSubtreeCost="6.14534" TableCardinality="162741"><OutputList><ColumnReference Database="Database1" Schema="Schema1" Table="Object23" Alias="Object56" Column="Column46" /><ColumnReference Database="Database1" Schema="Schema1" Table="Object23" Alias="Object56" Column="Column75" /><ColumnReference Database="Database1" Schema="Schema1" Table="Object23" Alias="Object56" Column="Column73" /><ColumnReference Database="Database1" Schema="Schema1" Table="Object23" Alias="Object56" Column="Column12" /><ColumnReference Database="Database1" Schema="Schema1" Table="Object23" Alias="Object56" Column="Column2" /><ColumnReference Database="Database1" Schema="Schema1" Table="Object23" Alias="Object56" Column="Column64" /></OutputList><RunTimeInformation><RunTimeCountersPerThread Thread="0" ActualRows="162142" ActualRowsRead="162741" Batches="0" ActualEndOfScans="1" ActualExecutions="1" ActualExecutionMode="Row" ActualElapsedms="120" ActualCPUms="98" ActualScans="1" ActualLogicalReads="17342" ActualPhysicalReads="0" ActualReadAheads="0" ActualLobLogicalReads="0" ActualLobPhysicalReads="0" ActualLobReadAheads="0" /></RunTimeInformation><TableScan Ordered="false" ForcedIndex="false" ForceScan="false" NoExpandHint="false" Storage="RowStore"><DefinedValues><DefinedValue><ColumnReference Database="Database1" Schema="Schema1" Table="Object23" Alias="Object56" Column="Column46" /></DefinedValue><DefinedValue><ColumnReference Database="Database1" Schema="Schema1" Table="Object23" Alias="Object56" Column="Column75" /></DefinedValue><DefinedValue><ColumnReference Database="Database1" Schema="Schema1" Table="Object23" Alias="Object56" Column="Column73" /></DefinedValue><DefinedValue><ColumnReference Database="Database1" Schema="Schema1" Table="Object23" Alias="Object56" Column="Column12" /></DefinedValue><DefinedValue><ColumnReference Database="Database1" Schema="Schema1" Table="Object23" Alias="Object56" Column="Column2" /></DefinedValue><DefinedValue><ColumnReference Database="Database1" Schema="Schema1" Table="Object23" Alias="Object56" Column="Column64" /></DefinedValue></DefinedValues><Object Database="Database1" Schema="Schema1" Table="Object23" Alias="Object56" TableReferenceId="2" IndexKind="Heap" Storage="RowStore" /><Predicate><ScalarOperator ScalarString="ScalarString50"><Compare CompareOp="EQ"><ScalarOperator><Identifier><ColumnReference Database="Database1" Schema="Schema1" Table="Object23" Alias="Object56" Column="Column46" /></Identifier></ScalarOperator><ScalarOperator><Const ConstValue="Value8" /></ScalarOperator></Compare></ScalarOperator></Predicate></TableScan></RelOp></Parallelism></RelOp><RelOp AvgRowSize="85" EstimateCPU="0.188613" EstimateIO="0" EstimateRebinds="0" EstimateRewinds="0" EstimatedExecutionMode="Row" EstimateRows="26882" LogicalOp="Repartition Streams" NodeId="122" Parallel="true" PhysicalOp="Parallelism" EstimatedTotalSubtreeCost="2.57106"><OutputList><ColumnReference Database="Database1" Schema="Schema1" Table="Object14" Alias="Object62" Column="Column51" /><ColumnReference Database="Database1" Schema="Schema1" Table="Object14" Alias="Object62" Column="Column67" /><ColumnReference Database="Database1" Schema="Schema1" Table="Object14" Alias="Object62" Column="Column132" /><ColumnReference Database="Database1" Schema="Schema1" Table="Object14" Alias="Object62" Column="Column133" /><ColumnReference Database="Database1" Schema="Schema1" Table="Object14" Alias="Object62" Column="Column134" /></OutputList><Parallelism PartitioningType="Hash"><PartitionColumns><ColumnReference Database="Database1" Schema="Schema1" Table="Object14" Alias="Object62" Column="Column51" /><ColumnReference Database="Database1" Schema="Schema1" Table="Object14" Alias="Object62" Column="Column67" /></PartitionColumns><RelOp AvgRowSize="99" EstimateCPU="0.0148244" EstimateIO="2.3558" EstimateRebinds="0" EstimateRewinds="0" EstimatedExecutionMode="Row" EstimateRows="26882" EstimatedRowsRead="26882" LogicalOp="Table Scan" NodeId="123" Parallel="true" PhysicalOp="Table Scan" EstimatedTotalSubtreeCost="2.37062" TableCardinality="26882"><OutputList><ColumnReference Database="Database1" Schema="Schema1" Table="Object14" Alias="Object62" Column="Column51" /><ColumnReference Database="Database1" Schema="Schema1" Table="Object14" Alias="Object62" Column="Column67" /><ColumnReference Database="Database1" Schema="Schema1" Table="Object14" Alias="Object62" Column="Column132" /><ColumnReference Database="Database1" Schema="Schema1" Table="Object14" Alias="Object62" Column="Column133" /><ColumnReference Database="Database1" Schema="Schema1" Table="Object14" Alias="Object62" Column="Column134" /></OutputList><RunTimeInformation><RunTimeCountersPerThread Thread="0" ActualRows="26882" ActualRowsRead="26882" Batches="0" ActualEndOfScans="1" ActualExecutions="1" ActualExecutionMode="Row" ActualElapsedms="25" ActualCPUms="16" ActualScans="1" ActualLogicalReads="3203" ActualPhysicalReads="0" ActualReadAheads="0" ActualLobLogicalReads="0" ActualLobPhysicalReads="0" ActualLobReadAheads="0" /></RunTimeInformation><TableScan Ordered="false" ForcedIndex="false" ForceScan="false" NoExpandHint="false" Storage="RowStore"><DefinedValues><DefinedValue><ColumnReference Database="Database1" Schema="Schema1" Table="Object14" Alias="Object62" Column="Column51" /></DefinedValue><DefinedValue><ColumnReference Database="Database1" Schema="Schema1" Table="Object14" Alias="Object62" Column="Column67" /></DefinedValue><DefinedValue><ColumnReference Database="Database1" Schema="Schema1" Table="Object14" Alias="Object62" Column="Column132" /></DefinedValue><DefinedValue><ColumnReference Database="Database1" Schema="Schema1" Table="Object14" Alias="Object62" Column="Column133" /></DefinedValue><DefinedValue><ColumnReference Database="Database1" Schema="Schema1" Table="Object14" Alias="Object62" Column="Column134" /></DefinedValue></DefinedValues><Object Database="Database1" Schema="Schema1" Table="Object14" Alias="Object62" IndexKind="Heap" Storage="RowStore" /><Predicate><ScalarOperator ScalarString="ScalarString65"><Logical Operation="AND"><ScalarOperator><Compare CompareOp="EQ"><ScalarOperator><Identifier><ColumnReference Database="Database1" Schema="Schema1" Table="Object14" Alias="Object62" Column="Column131" /></Identifier></ScalarOperator><ScalarOperator><Const ConstValue="Value19" /></ScalarOperator></Compare></ScalarOperator><ScalarOperator><Compare CompareOp="EQ"><ScalarOperator><Identifier><ColumnReference Database="Database1" Schema="Schema1" Table="Object14" Alias="Object62" Column="Column46" /></Identifier></ScalarOperator><ScalarOperator><Const ConstValue="Value8" /></ScalarOperator></Compare></ScalarOperator></Logical></ScalarOperator></Predicate></TableScan></RelOp></Parallelism></RelOp></Hash></RelOp></Parallelism></RelOp></Bitmap></RelOp></Sort></RelOp><RelOp AvgRowSize="60" EstimateCPU="0.600793" EstimateIO="0.00563063" EstimateRebinds="0" EstimateRewinds="0" EstimatedExecutionMode="Row" EstimateRows="18469.2" LogicalOp="Sort" NodeId="124" Parallel="true" PhysicalOp="Sort" EstimatedTotalSubtreeCost="86.7143"><OutputList><ColumnReference Database="Database1" Schema="Schema1" Table="Object8" Alias="Object61" Column="Column75" /><ColumnReference Database="Database1" Schema="Schema1" Table="Object8" Alias="Object61" Column="Column73" /><ColumnReference Database="Database1" Schema="Schema1" Table="Object8" Alias="Object61" Column="Column12" /><ColumnReference Database="Database1" Schema="Schema1" Table="Object8" Alias="Object61" Column="Column2" /><ColumnReference Database="Database1" Schema="Schema1" Table="Object8" Alias="Object61" Column="Column64" /></OutputList><MemoryFractions Input="0.00650496" Output="0.00650496" /><RunTimeInformation><RunTimeCountersPerThread Thread="0" ActualRebinds="1" ActualRewinds="0" ActualRows="26611" Batches="0" ActualEndOfScans="1" ActualExecutions="1" ActualExecutionMode="Row" ActualElapsedms="845" ActualCPUms="799" ActualScans="0" ActualLogicalReads="0" ActualPhysicalReads="0" ActualReadAheads="0" ActualLobLogicalReads="0" ActualLobPhysicalReads="0" ActualLobReadAheads="0" InputMemoryGrant="6512" OutputMemoryGrant="6128" UsedMemoryGrant="2512" /></RunTimeInformation><Sort Distinct="false"><OrderBy><OrderByColumn Ascending="true"><ColumnReference Database="Database1" Schema="Schema1" Table="Object8" Alias="Object61" Column="Column2" /></OrderByColumn><OrderByColumn Ascending="true"><ColumnReference Database="Database1" Schema="Schema1" Table="Object8" Alias="Object61" Column="Column12" /></OrderByColumn><OrderByColumn Ascending="true"><ColumnReference Database="Database1" Schema="Schema1" Table="Object8" Alias="Object61" Column="Column64" /></OrderByColumn></OrderBy><RelOp AvgRowSize="60" EstimateCPU="0.124889" EstimateIO="0" EstimateRebinds="0" EstimateRewinds="0" EstimatedExecutionMode="Row" EstimateRows="18469.2" LogicalOp="Repartition Streams" NodeId="125" Parallel="true" PhysicalOp="Parallelism" EstimatedTotalSubtreeCost="86.1079"><OutputList><ColumnReference Database="Database1" Schema="Schema1" Table="Object8" Alias="Object61" Column="Column75" /><ColumnReference Database="Database1" Schema="Schema1" Table="Object8" Alias="Object61" Column="Column73" /><ColumnReference Database="Database1" Schema="Schema1" Table="Object8" Alias="Object61" Column="Column12" /><ColumnReference Database="Database1" Schema="Schema1" Table="Object8" Alias="Object61" Column="Column2" /><ColumnReference Database="Database1" Schema="Schema1" Table="Object8" Alias="Object61" Column="Column64" /></OutputList><Parallelism PartitioningType="Hash"><PartitionColumns><ColumnReference Database="Database1" Schema="Schema1" Table="Object8" Alias="Object61" Column="Column2" /><ColumnReference Database="Database1" Schema="Schema1" Table="Object8" Alias="Object61" Column="Column12" /><ColumnReference Database="Database1" Schema="Schema1" Table="Object8" Alias="Object61" Column="Column64" /></PartitionColumns><RelOp AvgRowSize="120" EstimateCPU="2.47599" EstimateIO="79.9506" EstimateRebinds="0" EstimateRewinds="0" EstimatedExecutionMode="Row" EstimateRows="18469.2" EstimatedRowsRead="4501730" LogicalOp="Table Scan" NodeId="126" Parallel="true" PhysicalOp="Table Scan" EstimatedTotalSubtreeCost="82.4266" TableCardinality="4501730"><OutputList><ColumnReference Database="Database1" Schema="Schema1" Table="Object8" Alias="Object61" Column="Column75" /><ColumnReference Database="Database1" Schema="Schema1" Table="Object8" Alias="Object61" Column="Column73" /><ColumnReference Database="Database1" Schema="Schema1" Table="Object8" Alias="Object61" Column="Column12" /><ColumnReference Database="Database1" Schema="Schema1" Table="Object8" Alias="Object61" Column="Column2" /><ColumnReference Database="Database1" Schema="Schema1" Table="Object8" Alias="Object61" Column="Column64" /></OutputList><RunTimeInformation><RunTimeCountersPerThread Thread="0" ActualRows="26611" ActualRowsRead="4501730" Batches="0" ActualEndOfScans="1" ActualExecutions="1" ActualExecutionMode="Row" ActualElapsedms="797" ActualCPUms="753" ActualScans="1" ActualLogicalReads="109068" ActualPhysicalReads="0" ActualReadAheads="0" ActualLobLogicalReads="0" ActualLobPhysicalReads="0" ActualLobReadAheads="0" /></RunTimeInformation><TableScan Ordered="false" ForcedIndex="false" ForceScan="false" NoExpandHint="false" Storage="RowStore"><DefinedValues><DefinedValue><ColumnReference Database="Database1" Schema="Schema1" Table="Object8" Alias="Object61" Column="Column75" /></DefinedValue><DefinedValue><ColumnReference Database="Database1" Schema="Schema1" Table="Object8" Alias="Object61" Column="Column73" /></DefinedValue><DefinedValue><ColumnReference Database="Database1" Schema="Schema1" Table="Object8" Alias="Object61" Column="Column12" /></DefinedValue><DefinedValue><ColumnReference Database="Database1" Schema="Schema1" Table="Object8" Alias="Object61" Column="Column2" /></DefinedValue><DefinedValue><ColumnReference Database="Database1" Schema="Schema1" Table="Object8" Alias="Object61" Column="Column64" /></DefinedValue></DefinedValues><Object Database="Database1" Schema="Schema1" Table="Object8" Alias="Object61" TableReferenceId="2" IndexKind="Heap" Storage="RowStore" /><Predicate><ScalarOperator ScalarString="ScalarString66"><Logical Operation="AND"><ScalarOperator><Logical Operation="AND"><ScalarOperator><Compare CompareOp="EQ"><ScalarOperator><Identifier><ColumnReference Database="Database1" Schema="Schema1" Table="Object8" Alias="Object61" Column="Column121" /></Identifier></ScalarOperator><ScalarOperator><Const ConstValue="Value13" /></ScalarOperator></Compare></ScalarOperator><ScalarOperator><Compare CompareOp="EQ"><ScalarOperator><Identifier><ColumnReference Database="Database1" Schema="Schema1" Table="Object8" Alias="Object61" Column="Column46" /></Identifier></ScalarOperator><ScalarOperator><Const ConstValue="Value8" /></ScalarOperator></Compare></ScalarOperator><ScalarOperator><Logical Operation="OR"><ScalarOperator><Compare CompareOp="EQ"><ScalarOperator><Identifier><ColumnReference Database="Database1" Schema="Schema1" Table="Object8" Alias="Object61" Column="Column50" /></Identifier></ScalarOperator><ScalarOperator><Const ConstValue="Value3" /></ScalarOperator></Compare></ScalarOperator><ScalarOperator><Compare CompareOp="EQ"><ScalarOperator><Identifier><ColumnReference Database="Database1" Schema="Schema1" Table="Object8" Alias="Object61" Column="Column50" /></Identifier></ScalarOperator><ScalarOperator><Const ConstValue="Value20" /></ScalarOperator></Compare></ScalarOperator></Logical></ScalarOperator></Logical></ScalarOperator><ScalarOperator><Intrinsic FunctionName="Function7"><ScalarOperator><Identifier><ColumnReference Column="Column142" /></Identifier></ScalarOperator><ScalarOperator><Identifier><ColumnReference Database="Database1" Schema="Schema1" Table="Object8" Alias="Object61" Column="Column2" /></Identifier></ScalarOperator><ScalarOperator><Identifier><ColumnReference Database="Database1" Schema="Schema1" Table="Object8" Alias="Object61" Column="Column12" /></Identifier></ScalarOperator><ScalarOperator><Identifier><ColumnReference Database="Database1" Schema="Schema1" Table="Object8" Alias="Object61" Column="Column64" /></Identifier></ScalarOperator></Intrinsic></ScalarOperator></Logical></ScalarOperator></Predicate></TableScan></RelOp></Parallelism></RelOp></Sort></RelOp></Merge></RelOp><RelOp AvgRowSize="89" EstimateCPU="4.18E-06" EstimateIO="0" EstimateRebinds="664.183" EstimateRewinds="0" EstimatedExecutionMode="Row" EstimateRows="1" LogicalOp="Inner Join" NodeId="127" Parallel="true" PhysicalOp="Nested Loops" EstimatedTotalSubtreeCost="4.34276"><OutputList><ColumnReference Database="Database1" Schema="Schema1" Table="Object8" Alias="Object63" Column="Column46" /><ColumnReference Database="Database1" Schema="Schema1" Table="Object8" Alias="Object63" Column="Column75" /><ColumnReference Database="Database1" Schema="Schema1" Table="Object8" Alias="Object63" Column="Column73" /><ColumnReference Database="Database1" Schema="Schema1" Table="Object8" Alias="Object63" Column="Column121" /><ColumnReference Database="Database1" Schema="Schema1" Table="Object8" Alias="Object63" Column="Column50" /></OutputList><RunTimeInformation><RunTimeCountersPerThread Thread="0" ActualRows="27104" Batches="0" ActualEndOfScans="27099" ActualExecutions="27099" ActualExecutionMode="Row" ActualElapsedms="396" ActualCPUms="253" /></RunTimeInformation><NestedLoops Optimized="false"><OuterReferences><ColumnReference Column="Column143" /></OuterReferences><RelOp AvgRowSize="77" EstimateCPU="0.0001581" EstimateIO="0.003125" EstimateRebinds="664.183" EstimateRewinds="0" EstimatedExecutionMode="Row" EstimateRows="1" EstimatedRowsRead="1" LogicalOp="Index Seek" NodeId="128" Parallel="true" PhysicalOp="Index Seek" EstimatedTotalSubtreeCost="2.1656" TableCardinality="4501730"><OutputList><ColumnReference Column="Column143" /><ColumnReference Database="Database1" Schema="Schema1" Table="Object8" Alias="Object63" Column="Column46" /><ColumnReference Database="Database1" Schema="Schema1" Table="Object8" Alias="Object63" Column="Column121" /><ColumnReference Database="Database1" Schema="Schema1" Table="Object8" Alias="Object63" Column="Column50" /></OutputList><RunTimeInformation><RunTimeCountersPerThread Thread="0" ActualRows="32948" ActualRowsRead="32948" Batches="0" ActualEndOfScans="27099" ActualExecutions="27099" ActualExecutionMode="Row" ActualElapsedms="242" ActualCPUms="177" ActualScans="27099" ActualLogicalReads="109154" ActualPhysicalReads="0" ActualReadAheads="0" ActualLobLogicalReads="0" ActualLobPhysicalReads="0" ActualLobReadAheads="0" /></RunTimeInformation><IndexScan Ordered="true" ScanDirection="FORWARD" ForcedIndex="false" ForceSeek="false" ForceScan="false" NoExpandHint="false" Storage="RowStore"><DefinedValues><DefinedValue><ColumnReference Column="Column143" /></DefinedValue><DefinedValue><ColumnReference Database="Database1" Schema="Schema1" Table="Object8" Alias="Object63" Column="Column46" /></DefinedValue><DefinedValue><ColumnReference Database="Database1" Schema="Schema1" Table="Object8" Alias="Object63" Column="Column121" /></DefinedValue><DefinedValue><ColumnReference Database="Database1" Schema="Schema1" Table="Object8" Alias="Object63" Column="Column50" /></DefinedValue></DefinedValues><Object Database="Database1" Schema="Schema1" Table="Object8" Index="Index3" Alias="Object63" IndexKind="NonClustered" Storage="RowStore" /><SeekPredicates><SeekPredicateNew><SeekKeys><Prefix ScanType="EQ"><RangeColumns><ColumnReference Database="Database1" Schema="Schema1" Table="Object8" Alias="Object63" Column="Column46" /><ColumnReference Database="Database1" Schema="Schema1" Table="Object8" Alias="Object63" Column="Column2" /><ColumnReference Database="Database1" Schema="Schema1" Table="Object8" Alias="Object63" Column="Column12" /><ColumnReference Database="Database1" Schema="Schema1" Table="Object8" Alias="Object63" Column="Column121" /></RangeColumns><RangeExpressions><ScalarOperator ScalarString="ScalarString67"><Const ConstValue="Value8" /></ScalarOperator><ScalarOperator ScalarString="ScalarString68"><Identifier><ColumnReference Database="Database1" Schema="Schema1" Table="Object23" Alias="Object56" Column="Column2" /></Identifier></ScalarOperator><ScalarOperator ScalarString="ScalarString69"><Identifier><ColumnReference Database="Database1" Schema="Schema1" Table="Object23" Alias="Object56" Column="Column12" /></Identifier></ScalarOperator><ScalarOperator ScalarString="ScalarString58"><Const ConstValue="Value18" /></ScalarOperator></RangeExpressions></Prefix></SeekKeys></SeekPredicateNew></SeekPredicates></IndexScan></RelOp><RelOp AvgRowSize="27" EstimateCPU="0.0001581" EstimateIO="0.003125" EstimateRebinds="664.183" EstimateRewinds="0" EstimatedExecutionMode="Row" EstimateRows="1" LogicalOp="RID Lookup" NodeId="130" Parallel="true" PhysicalOp="RID Lookup" EstimatedTotalSubtreeCost="2.17437" TableCardinality="4501730"><OutputList><ColumnReference Database="Database1" Schema="Schema1" Table="Object8" Alias="Object63" Column="Column75" /><ColumnReference Database="Database1" Schema="Schema1" Table="Object8" Alias="Object63" Column="Column73" /></OutputList><RunTimeInformation><RunTimeCountersPerThread Thread="0" ActualRows="27104" ActualRowsRead="32948" Batches="0" ActualEndOfScans="5844" ActualExecutions="32948" ActualExecutionMode="Row" ActualElapsedms="121" ActualCPUms="61" ActualScans="0" ActualLogicalReads="32948" ActualPhysicalReads="0" ActualReadAheads="0" ActualLobLogicalReads="0" ActualLobPhysicalReads="0" ActualLobReadAheads="0" /></RunTimeInformation><IndexScan Lookup="true" Ordered="true" ScanDirection="FORWARD" ForcedIndex="false" ForceSeek="false" ForceScan="false" NoExpandHint="false" Storage="RowStore"><DefinedValues><DefinedValue><ColumnReference Database="Database1" Schema="Schema1" Table="Object8" Alias="Object63" Column="Column75" /></DefinedValue><DefinedValue><ColumnReference Database="Database1" Schema="Schema1" Table="Object8" Alias="Object63" Column="Column73" /></DefinedValue></DefinedValues><Object Database="Database1" Schema="Schema1" Table="Object8" Alias="Object63" TableReferenceId="-1" IndexKind="Heap" Storage="RowStore" /><SeekPredicates><SeekPredicateNew><SeekKeys><Prefix ScanType="EQ"><RangeColumns><ColumnReference Column="Column143" /></RangeColumns><RangeExpressions><ScalarOperator ScalarString="ScalarString70"><Identifier><ColumnReference Column="Column143" /></Identifier></ScalarOperator></RangeExpressions></Prefix></SeekKeys></SeekPredicateNew></SeekPredicates><Predicate><ScalarOperator ScalarString="ScalarString71"><Logical Operation="AND"><ScalarOperator><Compare CompareOp="EQ"><ScalarOperator><Identifier><ColumnReference Database="Database1" Schema="Schema1" Table="Object23" Alias="Object56" Column="Column64" /></Identifier></ScalarOperator><ScalarOperator><Identifier><ColumnReference Database="Database1" Schema="Schema1" Table="Object8" Alias="Object63" Column="Column64" /></Identifier></ScalarOperator></Compare></ScalarOperator><ScalarOperator><Compare CompareOp="LE"><ScalarOperator><Identifier><ColumnReference Database="Database1" Schema="Schema1" Table="Object23" Alias="Object56" Column="Column75" /></Identifier></ScalarOperator><ScalarOperator><Identifier><ColumnReference Database="Database1" Schema="Schema1" Table="Object8" Alias="Object63" Column="Column73" /></Identifier></ScalarOperator></Compare></ScalarOperator><ScalarOperator><Compare CompareOp="GE"><ScalarOperator><Identifier><ColumnReference Database="Database1" Schema="Schema1" Table="Object23" Alias="Object56" Column="Column73" /></Identifier></ScalarOperator><ScalarOperator><Identifier><ColumnReference Database="Database1" Schema="Schema1" Table="Object8" Alias="Object63" Column="Column75" /></Identifier></ScalarOperator></Compare></ScalarOperator></Logical></ScalarOperator></Predicate></IndexScan></RelOp></NestedLoops></RelOp></NestedLoops></RelOp><RelOp AvgRowSize="320" EstimateCPU="0.000158104" EstimateIO="0.003125" EstimateRebinds="551.692" EstimateRewinds="112.491" EstimatedExecutionMode="Row" EstimateRows="1.00383" EstimatedRowsRead="1.00383" LogicalOp="Index Seek" NodeId="131" Parallel="true" PhysicalOp="Index Seek" EstimatedTotalSubtreeCost="0.110221" TableCardinality="1741620"><OutputList><ColumnReference Database="Database1" Schema="Schema1" Table="Object12" Alias="Object64" Column="Column55" /></OutputList><RunTimeInformation><RunTimeCountersPerThread Thread="0" ActualRows="27104" ActualRowsRead="3279584" Batches="0" ActualEndOfScans="27584" ActualExecutions="27584" ActualExecutionMode="Row" ActualElapsedms="905" ActualCPUms="698" ActualScans="27104" ActualLogicalReads="189728" ActualPhysicalReads="0" ActualReadAheads="0" ActualLobLogicalReads="0" ActualLobPhysicalReads="0" ActualLobReadAheads="0" /></RunTimeInformation><IndexScan Ordered="true" ScanDirection="FORWARD" ForcedIndex="false" ForceSeek="false" ForceScan="false" NoExpandHint="false" Storage="RowStore"><DefinedValues><DefinedValue><ColumnReference Database="Database1" Schema="Schema1" Table="Object12" Alias="Object64" Column="Column55" /></DefinedValue></DefinedValues><Object Database="Database1" Schema="Schema1" Table="Object12" Index="Index4" Alias="Object64" IndexKind="NonClustered" Storage="RowStore" /><SeekPredicates><SeekPredicateNew><SeekKeys><Prefix ScanType="EQ"><RangeColumns><ColumnReference Database="Database1" Schema="Schema1" Table="Object12" Alias="Object64" Column="Column131" /></RangeColumns><RangeExpressions><ScalarOperator ScalarString="ScalarString72"><Identifier><ColumnReference Database="Database1" Schema="Schema1" Table="Object8" Alias="Object63" Column="Column121" /></Identifier></ScalarOperator></RangeExpressions></Prefix></SeekKeys></SeekPredicateNew></SeekPredicates><Predicate><ScalarOperator ScalarString="ScalarString73"><Logical Operation="AND"><ScalarOperator><Compare CompareOp="EQ"><ScalarOperator><Identifier><ColumnReference Database="Database1" Schema="Schema1" Table="Object8" Alias="Object63" Column="Column46" /></Identifier></ScalarOperator><ScalarOperator><Identifier><ColumnReference Database="Database1" Schema="Schema1" Table="Object12" Alias="Object64" Column="Column46" /></Identifier></ScalarOperator></Compare></ScalarOperator><ScalarOperator><Compare CompareOp="EQ"><ScalarOperator><Identifier><ColumnReference Database="Database1" Schema="Schema1" Table="Object8" Alias="Object63" Column="Column50" /></Identifier></ScalarOperator><ScalarOperator><Identifier><ColumnReference Database="Database1" Schema="Schema1" Table="Object12" Alias="Object64" Column="Column51" /></Identifier></ScalarOperator></Compare></ScalarOperator></Logical></ScalarOperator></Predicate></IndexScan></RelOp></NestedLoops></RelOp></Parallelism></RelOp></Bitmap></RelOp><RelOp AvgRowSize="49" EstimateCPU="0.11194" EstimateIO="0" EstimateRebinds="0" EstimateRewinds="0" EstimatedExecutionMode="Row" EstimateRows="25133.6" LogicalOp="Repartition Streams" NodeId="132" Parallel="true" PhysicalOp="Parallelism" EstimatedTotalSubtreeCost="0.658234"><OutputList><ColumnReference Database="Database1" Schema="Schema1" Table="Object19" Alias="Object65" Column="Column55" /><ColumnReference Database="Database1" Schema="Schema1" Table="Object19" Alias="Object65" Column="Column12" /></OutputList><Parallelism PartitioningType="Hash"><PartitionColumns><ColumnReference Database="Database1" Schema="Schema1" Table="Object19" Alias="Object65" Column="Column12" /></PartitionColumns><RelOp AvgRowSize="56" EstimateCPU="0.0140247" EstimateIO="0.526166" EstimateRebinds="0" EstimateRewinds="0" EstimatedExecutionMode="Row" EstimateRows="25133.6" EstimatedRowsRead="25428" LogicalOp="Table Scan" NodeId="133" Parallel="true" PhysicalOp="Table Scan" EstimatedTotalSubtreeCost="0.540191" TableCardinality="25428"><OutputList><ColumnReference Database="Database1" Schema="Schema1" Table="Object19" Alias="Object65" Column="Column55" /><ColumnReference Database="Database1" Schema="Schema1" Table="Object19" Alias="Object65" Column="Column12" /></OutputList><RunTimeInformation><RunTimeCountersPerThread Thread="0" ActualRows="25150" ActualRowsRead="25428" Batches="0" ActualEndOfScans="1" ActualExecutions="1" ActualExecutionMode="Row" ActualElapsedms="13" ActualCPUms="9" ActualScans="1" ActualLogicalReads="711" ActualPhysicalReads="0" ActualReadAheads="0" ActualLobLogicalReads="0" ActualLobPhysicalReads="0" ActualLobReadAheads="0" /></RunTimeInformation><TableScan Ordered="false" ForcedIndex="false" ForceScan="false" NoExpandHint="false" Storage="RowStore"><DefinedValues><DefinedValue><ColumnReference Database="Database1" Schema="Schema1" Table="Object19" Alias="Object65" Column="Column55" /></DefinedValue><DefinedValue><ColumnReference Database="Database1" Schema="Schema1" Table="Object19" Alias="Object65" Column="Column12" /></DefinedValue></DefinedValues><Object Database="Database1" Schema="Schema1" Table="Object19" Alias="Object65" TableReferenceId="1" IndexKind="Heap" Storage="RowStore" /><Predicate><ScalarOperator ScalarString="ScalarString74"><Logical Operation="AND"><ScalarOperator><Compare CompareOp="EQ"><ScalarOperator><Identifier><ColumnReference Database="Database1" Schema="Schema1" Table="Object19" Alias="Object65" Column="Column46" /></Identifier></ScalarOperator><ScalarOperator><Const ConstValue="Value8" /></ScalarOperator></Compare></ScalarOperator><ScalarOperator><Intrinsic FunctionName="Function7"><ScalarOperator><Identifier><ColumnReference Column="Column135" /></Identifier></ScalarOperator><ScalarOperator><Identifier><ColumnReference Database="Database1" Schema="Schema1" Table="Object19" Alias="Object65" Column="Column12" /></Identifier></ScalarOperator></Intrinsic></ScalarOperator></Logical></ScalarOperator></Predicate></TableScan></RelOp></Parallelism></RelOp></Hash></RelOp></ComputeScalar></RelOp></Parallelism></RelOp><RelOp AvgRowSize="367" EstimateCPU="0.211384" EstimateIO="0" EstimateRebinds="0" EstimateRewinds="0" EstimatedExecutionMode="Row" EstimateRows="7915.63" LogicalOp="Repartition Streams" NodeId="134" Parallel="true" PhysicalOp="Parallelism" EstimatedTotalSubtreeCost="199.305"><OutputList><ColumnReference Database="Database1" Schema="Schema1" Table="Object23" Alias="Object56" Column="Column46" /><ColumnReference Database="Database1" Schema="Schema1" Table="Object23" Alias="Object56" Column="Column75" /><ColumnReference Database="Database1" Schema="Schema1" Table="Object23" Alias="Object56" Column="Column73" /><ColumnReference Database="Database1" Schema="Schema1" Table="Object23" Alias="Object56" Column="Column12" /><ColumnReference Database="Database1" Schema="Schema1" Table="Object23" Alias="Object56" Column="Column2" /><ColumnReference Database="Database1" Schema="Schema1" Table="Object23" Alias="Object56" Column="Column64" /><ColumnReference Column="Expr1046" /></OutputList><Parallelism PartitioningType="Hash"><PartitionColumns><ColumnReference Database="Database1" Schema="Schema1" Table="Object23" Alias="Object56" Column="Column2" /><ColumnReference Database="Database1" Schema="Schema1" Table="Object23" Alias="Object56" Column="Column12" /><ColumnReference Database="Database1" Schema="Schema1" Table="Object23" Alias="Object56" Column="Column64" /><ColumnReference Database="Database1" Schema="Schema1" Table="Object23" Alias="Object56" Column="Column75" /><ColumnReference Database="Database1" Schema="Schema1" Table="Object23" Alias="Object56" Column="Column73" /><ColumnReference Column="Expr1046" /></PartitionColumns><RelOp AvgRowSize="367" EstimateCPU="0.000395782" EstimateIO="0" EstimateRebinds="0" EstimateRewinds="0" EstimatedExecutionMode="Row" EstimateRows="7915.63" LogicalOp="Compute Scalar" NodeId="135" Parallel="true" PhysicalOp="Compute Scalar" EstimatedTotalSubtreeCost="199.094"><OutputList><ColumnReference Database="Database1" Schema="Schema1" Table="Object23" Alias="Object56" Column="Column46" /><ColumnReference Database="Database1" Schema="Schema1" Table="Object23" Alias="Object56" Column="Column75" /><ColumnReference Database="Database1" Schema="Schema1" Table="Object23" Alias="Object56" Column="Column73" /><ColumnReference Database="Database1" Schema="Schema1" Table="Object23" Alias="Object56" Column="Column12" /><ColumnReference Database="Database1" Schema="Schema1" Table="Object23" Alias="Object56" Column="Column2" /><ColumnReference Database="Database1" Schema="Schema1" Table="Object23" Alias="Object56" Column="Column64" /><ColumnReference Column="Expr1046" /></OutputList><ComputeScalar><DefinedValues><DefinedValue><ColumnReference Column="Expr1046" /><ScalarOperator ScalarString="ScalarString75"><Intrinsic FunctionName="Function2"><ScalarOperator><Identifier><ColumnReference Database="Database1" Schema="Schema1" Table="Object12" Alias="Object59" Column="Column55" /></Identifier></ScalarOperator><ScalarOperator><Identifier><ColumnReference Database="Database1" Schema="Schema1" Table="Object19" Alias="Object65" Column="Column55" /></Identifier></ScalarOperator></Intrinsic></ScalarOperator></DefinedValue></DefinedValues><RelOp AvgRowSize="624" EstimateCPU="0.0165437" EstimateIO="0" EstimateRebinds="0" EstimateRewinds="0" EstimatedExecutionMode="Row" EstimateRows="7915.63" LogicalOp="Inner Join" NodeId="136" Parallel="true" PhysicalOp="Nested Loops" EstimatedTotalSubtreeCost="199.094"><OutputList><ColumnReference Database="Database1" Schema="Schema1" Table="Object23" Alias="Object56" Column="Column46" /><ColumnReference Database="Database1" Schema="Schema1" Table="Object23" Alias="Object56" Column="Column75" /><ColumnReference Database="Database1" Schema="Schema1" Table="Object23" Alias="Object56" Column="Column73" /><ColumnReference Database="Database1" Schema="Schema1" Table="Object23" Alias="Object56" Column="Column12" /><ColumnReference Database="Database1" Schema="Schema1" Table="Object23" Alias="Object56" Column="Column2" /><ColumnReference Database="Database1" Schema="Schema1" Table="Object23" Alias="Object56" Column="Column64" /><ColumnReference Database="Database1" Schema="Schema1" Table="Object19" Alias="Object65" Column="Column55" /><ColumnReference Database="Database1" Schema="Schema1" Table="Object12" Alias="Object59" Column="Column55" /></OutputList><RunTimeInformation><RunTimeCountersPerThread Thread="0" ActualRows="51873" Batches="0" ActualEndOfScans="1" ActualExecutions="1" ActualExecutionMode="Row" ActualElapsedms="6092" ActualCPUms="2675" /></RunTimeInformation><NestedLoops Optimized="false"><PassThru><ScalarOperator ScalarString="ScalarString76"><Compare CompareOp="IS"><ScalarOperator><Identifier><ColumnReference Column="Column144" /></Identifier></ScalarOperator><ScalarOperator><Const ConstValue="Value7" /></ScalarOperator></Compare></ScalarOperator></PassThru><OuterReferences><ColumnReference Column="Column145" /></OuterReferences><RelOp AvgRowSize="377" EstimateCPU="0.0165437" EstimateIO="0" EstimateRebinds="0" EstimateRewinds="0" EstimatedExecutionMode="Row" EstimateRows="7915.63" LogicalOp="Left Outer Join" NodeId="137" Parallel="true" PhysicalOp="Nested Loops" EstimatedTotalSubtreeCost="194.609"><OutputList><ColumnReference Database="Database1" Schema="Schema1" Table="Object23" Alias="Object56" Column="Column46" /><ColumnReference Database="Database1" Schema="Schema1" Table="Object23" Alias="Object56" Column="Column75" /><ColumnReference Database="Database1" Schema="Schema1" Table="Object23" Alias="Object56" Column="Column73" /><ColumnReference Database="Database1" Schema="Schema1" Table="Object23" Alias="Object56" Column="Column12" /><ColumnReference Database="Database1" Schema="Schema1" Table="Object23" Alias="Object56" Column="Column2" /><ColumnReference Database="Database1" Schema="Schema1" Table="Object23" Alias="Object56" Column="Column64" /><ColumnReference Database="Database1" Schema="Schema1" Table="Object19" Alias="Object65" Column="Column55" /><ColumnReference Column="Column145" /><ColumnReference Column="Column144" /></OutputList><RunTimeInformation><RunTimeCountersPerThread Thread="0" ActualRows="51873" Batches="0" ActualEndOfScans="1" ActualExecutions="1" ActualExecutionMode="Row" ActualElapsedms="5978" ActualCPUms="2652" /></RunTimeInformation><NestedLoops Optimized="false" WithUnorderedPrefetch="true"><OuterReferences><ColumnReference Database="Database1" Schema="Schema1" Table="Object8" Alias="Object57" Column="Column46" /><ColumnReference Database="Database1" Schema="Schema1" Table="Object8" Alias="Object57" Column="Column121" /><ColumnReference Database="Database1" Schema="Schema1" Table="Object8" Alias="Object57" Column="Column50" /><ColumnReference Column="Expr1986" /></OuterReferences><RelOp AvgRowSize="428" EstimateCPU="0.92212" EstimateIO="0" EstimateRebinds="0" EstimateRewinds="0" EstimatedExecutionMode="Row" EstimateRows="7885.41" LogicalOp="Left Outer Join" NodeId="139" Parallel="true" PhysicalOp="Hash Match" EstimatedTotalSubtreeCost="190.209"><OutputList><ColumnReference Database="Database1" Schema="Schema1" Table="Object23" Alias="Object56" Column="Column46" /><ColumnReference Database="Database1" Schema="Schema1" Table="Object23" Alias="Object56" Column="Column75" /><ColumnReference Database="Database1" Schema="Schema1" Table="Object23" Alias="Object56" Column="Column73" /><ColumnReference Database="Database1" Schema="Schema1" Table="Object23" Alias="Object56" Column="Column12" /><ColumnReference Database="Database1" Schema="Schema1" Table="Object23" Alias="Object56" Column="Column2" /><ColumnReference Database="Database1" Schema="Schema1" Table="Object23" Alias="Object56" Column="Column64" /><ColumnReference Database="Database1" Schema="Schema1" Table="Object19" Alias="Object65" Column="Column55" /><ColumnReference Database="Database1" Schema="Schema1" Table="Object8" Alias="Object57" Column="Column46" /><ColumnReference Database="Database1" Schema="Schema1" Table="Object8" Alias="Object57" Column="Column121" /><ColumnReference Database="Database1" Schema="Schema1" Table="Object8" Alias="Object57" Column="Column50" /></OutputList><MemoryFractions Input="0.02149" Output="0.13548" /><RunTimeInformation><RunTimeCountersPerThread Thread="0" ActualRows="51873" Batches="0" ActualEndOfScans="1" ActualExecutions="1" ActualExecutionMode="Row" ActualElapsedms="5741" ActualCPUms="2565" ActualScans="0" ActualLogicalReads="0" ActualPhysicalReads="0" ActualReadAheads="0" ActualLobLogicalReads="0" ActualLobPhysicalReads="0" ActualLobReadAheads="0" InputMemoryGrant="20856" OutputMemoryGrant="126064" UsedMemoryGrant="7896" /></RunTimeInformation><Hash><DefinedValues /><HashKeysBuild><ColumnReference Database="Database1" Schema="Schema1" Table="Object23" Alias="Object56" Column="Column64" /></HashKeysBuild><HashKeysProbe><ColumnReference Database="Database1" Schema="Schema1" Table="Object8" Alias="Object57" Column="Column64" /></HashKeysProbe><RelOp AvgRowSize="367" EstimateCPU="0.128017" EstimateIO="0" EstimateRebinds="0" EstimateRewinds="0" EstimatedExecutionMode="Row" EstimateRows="6665.97" LogicalOp="Bitmap Create" NodeId="140" Parallel="true" PhysicalOp="Bitmap" EstimatedTotalSubtreeCost="104.294"><OutputList><ColumnReference Database="Database1" Schema="Schema1" Table="Object23" Alias="Object56" Column="Column46" /><ColumnReference Database="Database1" Schema="Schema1" Table="Object23" Alias="Object56" Column="Column75" /><ColumnReference Database="Database1" Schema="Schema1" Table="Object23" Alias="Object56" Column="Column73" /><ColumnReference Database="Database1" Schema="Schema1" Table="Object23" Alias="Object56" Column="Column12" /><ColumnReference Database="Database1" Schema="Schema1" Table="Object23" Alias="Object56" Column="Column2" /><ColumnReference Database="Database1" Schema="Schema1" Table="Object23" Alias="Object56" Column="Column64" /><ColumnReference Database="Database1" Schema="Schema1" Table="Object19" Alias="Object65" Column="Column55" /></OutputList><Bitmap><DefinedValues><DefinedValue><ColumnReference Column="Column146" /></DefinedValue></DefinedValues><HashKeys><ColumnReference Database="Database1" Schema="Schema1" Table="Object23" Alias="Object56" Column="Column64" /></HashKeys><RelOp AvgRowSize="367" EstimateCPU="0.128017" EstimateIO="0" EstimateRebinds="0" EstimateRewinds="0" EstimatedExecutionMode="Row" EstimateRows="6665.97" LogicalOp="Repartition Streams" NodeId="141" Parallel="true" PhysicalOp="Parallelism" EstimatedTotalSubtreeCost="104.294"><OutputList><ColumnReference Database="Database1" Schema="Schema1" Table="Object23" Alias="Object56" Column="Column46" /><ColumnReference Database="Database1" Schema="Schema1" Table="Object23" Alias="Object56" Column="Column75" /><ColumnReference Database="Database1" Schema="Schema1" Table="Object23" Alias="Object56" Column="Column73" /><ColumnReference Database="Database1" Schema="Schema1" Table="Object23" Alias="Object56" Column="Column12" /><ColumnReference Database="Database1" Schema="Schema1" Table="Object23" Alias="Object56" Column="Column2" /><ColumnReference Database="Database1" Schema="Schema1" Table="Object23" Alias="Object56" Column="Column64" /><ColumnReference Database="Database1" Schema="Schema1" Table="Object19" Alias="Object65" Column="Column55" /></OutputList><Parallelism PartitioningType="Hash"><PartitionColumns><ColumnReference Database="Database1" Schema="Schema1" Table="Object23" Alias="Object56" Column="Column64" /></PartitionColumns><RelOp AvgRowSize="367" EstimateCPU="0.352091" EstimateIO="0" EstimateRebinds="0" EstimateRewinds="0" EstimatedExecutionMode="Row" EstimateRows="6665.97" LogicalOp="Left Outer Join" NodeId="142" Parallel="true" PhysicalOp="Hash Match" EstimatedTotalSubtreeCost="104.166"><OutputList><ColumnReference Database="Database1" Schema="Schema1" Table="Object23" Alias="Object56" Column="Column46" /><ColumnReference Database="Database1" Schema="Schema1" Table="Object23" Alias="Object56" Column="Column75" /><ColumnReference Database="Database1" Schema="Schema1" Table="Object23" Alias="Object56" Column="Column73" /><ColumnReference Database="Database1" Schema="Schema1" Table="Object23" Alias="Object56" Column="Column12" /><ColumnReference Database="Database1" Schema="Schema1" Table="Object23" Alias="Object56" Column="Column2" /><ColumnReference Database="Database1" Schema="Schema1" Table="Object23" Alias="Object56" Column="Column64" /><ColumnReference Database="Database1" Schema="Schema1" Table="Object19" Alias="Object65" Column="Column55" /></OutputList><MemoryFractions Input="0.00907529" Output="0.11399" /><RunTimeInformation><RunTimeCountersPerThread Thread="0" ActualRows="51846" Batches="0" ActualEndOfScans="1" ActualExecutions="1" ActualExecutionMode="Row" ActualElapsedms="3627" ActualCPUms="1743" ActualScans="0" ActualLogicalReads="0" ActualPhysicalReads="0" ActualReadAheads="0" ActualLobLogicalReads="0" ActualLobPhysicalReads="0" ActualLobReadAheads="0" InputMemoryGrant="9392" OutputMemoryGrant="106224" UsedMemoryGrant="5344" /></RunTimeInformation><Hash><DefinedValues /><HashKeysBuild><ColumnReference Database="Database1" Schema="Schema1" Table="Object23" Alias="Object56" Column="Column12" /></HashKeysBuild><HashKeysProbe><ColumnReference Database="Database1" Schema="Schema1" Table="Object19" Alias="Object65" Column="Column12" /></HashKeysProbe><ProbeResidual><ScalarOperator ScalarString="ScalarString62"><Compare CompareOp="EQ"><ScalarOperator><Identifier><ColumnReference Database="Database1" Schema="Schema1" Table="Object23" Alias="Object56" Column="Column12" /></Identifier></ScalarOperator><ScalarOperator><Identifier><ColumnReference Database="Database1" Schema="Schema1" Table="Object19" Alias="Object65" Column="Column12" /></Identifier></ScalarOperator></Compare></ScalarOperator></ProbeResidual><RelOp AvgRowSize="110" EstimateCPU="0.0683932" EstimateIO="0" EstimateRebinds="0" EstimateRewinds="0" EstimatedExecutionMode="Row" EstimateRows="6242.7" LogicalOp="Bitmap Create" NodeId="143" Parallel="true" PhysicalOp="Bitmap" EstimatedTotalSubtreeCost="102.944"><OutputList><ColumnReference Database="Database1" Schema="Schema1" Table="Object23" Alias="Object56" Column="Column46" /><ColumnReference Database="Database1" Schema="Schema1" Table="Object23" Alias="Object56" Column="Column75" /><ColumnReference Database="Database1" Schema="Schema1" Table="Object23" Alias="Object56" Column="Column73" /><ColumnReference Database="Database1" Schema="Schema1" Table="Object23" Alias="Object56" Column="Column12" /><ColumnReference Database="Database1" Schema="Schema1" Table="Object23" Alias="Object56" Column="Column2" /><ColumnReference Database="Database1" Schema="Schema1" Table="Object23" Alias="Object56" Column="Column64" /></OutputList><Bitmap><DefinedValues><DefinedValue><ColumnReference Column="Column147" /></DefinedValue></DefinedValues><HashKeys><ColumnReference Database="Database1" Schema="Schema1" Table="Object23" Alias="Object56" Column="Column12" /></HashKeys><RelOp AvgRowSize="110" EstimateCPU="0.0683932" EstimateIO="0" EstimateRebinds="0" EstimateRewinds="0" EstimatedExecutionMode="Row" EstimateRows="6242.7" LogicalOp="Repartition Streams" NodeId="144" Parallel="true" PhysicalOp="Parallelism" EstimatedTotalSubtreeCost="102.944"><OutputList><ColumnReference Database="Database1" Schema="Schema1" Table="Object23" Alias="Object56" Column="Column46" /><ColumnReference Database="Database1" Schema="Schema1" Table="Object23" Alias="Object56" Column="Column75" /><ColumnReference Database="Database1" Schema="Schema1" Table="Object23" Alias="Object56" Column="Column73" /><ColumnReference Database="Database1" Schema="Schema1" Table="Object23" Alias="Object56" Column="Column12" /><ColumnReference Database="Database1" Schema="Schema1" Table="Object23" Alias="Object56" Column="Column2" /><ColumnReference Database="Database1" Schema="Schema1" Table="Object23" Alias="Object56" Column="Column64" /></OutputList><Parallelism PartitioningType="Hash"><PartitionColumns><ColumnReference Database="Database1" Schema="Schema1" Table="Object23" Alias="Object56" Column="Column12" /></PartitionColumns><RelOp AvgRowSize="110" EstimateCPU="7.31837" EstimateIO="0" EstimateRebinds="0" EstimateRewinds="0" EstimatedExecutionMode="Row" EstimateRows="6242.7" LogicalOp="Inner Join" NodeId="145" Parallel="true" PhysicalOp="Hash Match" EstimatedTotalSubtreeCost="102.875"><OutputList><ColumnReference Database="Database1" Schema="Schema1" Table="Object23" Alias="Object56" Column="Column46" /><ColumnReference Database="Database1" Schema="Schema1" Table="Object23" Alias="Object56" Column="Column75" /><ColumnReference Database="Database1" Schema="Schema1" Table="Object23" Alias="Object56" Column="Column73" /><ColumnReference Database="Database1" Schema="Schema1" Table="Object23" Alias="Object56" Column="Column12" /><ColumnReference Database="Database1" Schema="Schema1" Table="Object23" Alias="Object56" Column="Column2" /><ColumnReference Database="Database1" Schema="Schema1" Table="Object23" Alias="Object56" Column="Column64" /></OutputList><MemoryFractions Input="0.13548" Output="0.126405" /><RunTimeInformation><RunTimeCountersPerThread Thread="0" ActualRows="51846" Batches="0" ActualEndOfScans="1" ActualExecutions="1" ActualExecutionMode="Row" ActualElapsedms="3452" ActualCPUms="1659" ActualScans="0" ActualLogicalReads="0" ActualPhysicalReads="0" ActualReadAheads="0" ActualLobLogicalReads="0" ActualLobPhysicalReads="0" ActualLobReadAheads="0" InputMemoryGrant="126064" OutputMemoryGrant="117688" UsedMemoryGrant="17624" /></RunTimeInformation><Hash><DefinedValues /><HashKeysBuild><ColumnReference Database="Database1" Schema="Schema1" Table="Object23" Alias="Object56" Column="Column2" /><ColumnReference Database="Database1" Schema="Schema1" Table="Object23" Alias="Object56" Column="Column12" /><ColumnReference Database="Database1" Schema="Schema1" Table="Object23" Alias="Object56" Column="Column64" /></HashKeysBuild><HashKeysProbe><ColumnReference Database="Database1" Schema="Schema1" Table="Object8" Alias="Object61" Column="Column2" /><ColumnReference Database="Database1" Schema="Schema1" Table="Object8" Alias="Object61" Column="Column12" /><ColumnReference Database="Database1" Schema="Schema1" Table="Object8" Alias="Object61" Column="Column64" /></HashKeysProbe><ProbeResidual><ScalarOperator ScalarString="ScalarString63"><Logical Operation="AND"><ScalarOperator><Compare CompareOp="EQ"><ScalarOperator><Identifier><ColumnReference Database="Database1" Schema="Schema1" Table="Object23" Alias="Object56" Column="Column2" /></Identifier></ScalarOperator><ScalarOperator><Identifier><ColumnReference Database="Database1" Schema="Schema1" Table="Object8" Alias="Object61" Column="Column2" /></Identifier></ScalarOperator></Compare></ScalarOperator><ScalarOperator><Compare CompareOp="EQ"><ScalarOperator><Identifier><ColumnReference Database="Database1" Schema="Schema1" Table="Object23" Alias="Object56" Column="Column12" /></Identifier></ScalarOperator><ScalarOperator><Identifier><ColumnReference Database="Database1" Schema="Schema1" Table="Object8" Alias="Object61" Column="Column12" /></Identifier></ScalarOperator></Compare></ScalarOperator><ScalarOperator><Compare CompareOp="EQ"><ScalarOperator><Identifier><ColumnReference Database="Database1" Schema="Schema1" Table="Object23" Alias="Object56" Column="Column64" /></Identifier></ScalarOperator><ScalarOperator><Identifier><ColumnReference Database="Database1" Schema="Schema1" Table="Object8" Alias="Object61" Column="Column64" /></Identifier></ScalarOperator></Compare></ScalarOperator><ScalarOperator><Compare CompareOp="GE"><ScalarOperator><IF><Condition><ScalarOperator><Compare CompareOp="GT"><ScalarOperator><Identifier><ColumnReference Database="Database1" Schema="Schema1" Table="Object23" Alias="Object56" Column="Column75" /></Identifier></ScalarOperator><ScalarOperator><Identifier><ColumnReference Column="Column148"><ScalarOperator><Intrinsic FunctionName="Function5" /></ScalarOperator></ColumnReference></Identifier></ScalarOperator></Compare></ScalarOperator></Condition><Then><ScalarOperator><Identifier><ColumnReference Database="Database1" Schema="Schema1" Table="Object23" Alias="Object56" Column="Column75" /></Identifier></ScalarOperator></Then><Else><ScalarOperator><IF><Condition><ScalarOperator><Compare CompareOp="LT"><ScalarOperator><Identifier><ColumnReference Database="Database1" Schema="Schema1" Table="Object23" Alias="Object56" Column="Column73" /></Identifier></ScalarOperator><ScalarOperator><Identifier><ColumnReference Column="Column149"><ScalarOperator><Intrinsic FunctionName="Function5" /></ScalarOperator></ColumnReference></Identifier></ScalarOperator></Compare></ScalarOperator></Condition><Then><ScalarOperator><Identifier><ColumnReference Database="Database1" Schema="Schema1" Table="Object23" Alias="Object56" Column="Column73" /></Identifier></ScalarOperator></Then><Else><ScalarOperator><Convert DataType="datetime" Style="0" Implicit="false"><ScalarOperator><Convert DataType="date" Style="0" Implicit="false"><ScalarOperator><Identifier><ColumnReference Column="Column150"><ScalarOperator><Intrinsic FunctionName="Function5" /></ScalarOperator></ColumnReference></Identifier></ScalarOperator></Convert></ScalarOperator></Convert></ScalarOperator></Else></IF></ScalarOperator></Else></IF></ScalarOperator><ScalarOperator><Identifier><ColumnReference Database="Database1" Schema="Schema1" Table="Object8" Alias="Object61" Column="Column75" /></Identifier></ScalarOperator></Compare></ScalarOperator><ScalarOperator><Compare CompareOp="LE"><ScalarOperator><IF><Condition><ScalarOperator><Compare CompareOp="GT"><ScalarOperator><Identifier><ColumnReference Database="Database1" Schema="Schema1" Table="Object23" Alias="Object56" Column="Column75" /></Identifier></ScalarOperator><ScalarOperator><Identifier><ColumnReference Column="Column151"><ScalarOperator><Intrinsic FunctionName="Function5" /></ScalarOperator></ColumnReference></Identifier></ScalarOperator></Compare></ScalarOperator></Condition><Then><ScalarOperator><Identifier><ColumnReference Database="Database1" Schema="Schema1" Table="Object23" Alias="Object56" Column="Column75" /></Identifier></ScalarOperator></Then><Else><ScalarOperator><IF><Condition><ScalarOperator><Compare CompareOp="LT"><ScalarOperator><Identifier><ColumnReference Database="Database1" Schema="Schema1" Table="Object23" Alias="Object56" Column="Column73" /></Identifier></ScalarOperator><ScalarOperator><Identifier><ColumnReference Column="Column152"><ScalarOperator><Intrinsic FunctionName="Function5" /></ScalarOperator></ColumnReference></Identifier></ScalarOperator></Compare></ScalarOperator></Condition><Then><ScalarOperator><Identifier><ColumnReference Database="Database1" Schema="Schema1" Table="Object23" Alias="Object56" Column="Column73" /></Identifier></ScalarOperator></Then><Else><ScalarOperator><Convert DataType="datetime" Style="0" Implicit="false"><ScalarOperator><Convert DataType="date" Style="0" Implicit="false"><ScalarOperator><Identifier><ColumnReference Column="Column153"><ScalarOperator><Intrinsic FunctionName="Function5" /></ScalarOperator></ColumnReference></Identifier></ScalarOperator></Convert></ScalarOperator></Convert></ScalarOperator></Else></IF></ScalarOperator></Else></IF></ScalarOperator><ScalarOperator><Identifier><ColumnReference Database="Database1" Schema="Schema1" Table="Object8" Alias="Object61" Column="Column73" /></Identifier></ScalarOperator></Compare></ScalarOperator></Logical></ScalarOperator></ProbeResidual><RelOp AvgRowSize="110" EstimateCPU="1.19349" EstimateIO="0" EstimateRebinds="0" EstimateRewinds="0" EstimatedExecutionMode="Row" EstimateRows="162133" LogicalOp="Bitmap Create" NodeId="146" Parallel="true" PhysicalOp="Bitmap" EstimatedTotalSubtreeCost="7.37789"><OutputList><ColumnReference Database="Database1" Schema="Schema1" Table="Object23" Alias="Object56" Column="Column46" /><ColumnReference Database="Database1" Schema="Schema1" Table="Object23" Alias="Object56" Column="Column75" /><ColumnReference Database="Database1" Schema="Schema1" Table="Object23" Alias="Object56" Column="Column73" /><ColumnReference Database="Database1" Schema="Schema1" Table="Object23" Alias="Object56" Column="Column12" /><ColumnReference Database="Database1" Schema="Schema1" Table="Object23" Alias="Object56" Column="Column2" /><ColumnReference Database="Database1" Schema="Schema1" Table="Object23" Alias="Object56" Column="Column64" /></OutputList><Bitmap><DefinedValues><DefinedValue><ColumnReference Column="Column154" /></DefinedValue></DefinedValues><HashKeys><ColumnReference Database="Database1" Schema="Schema1" Table="Object23" Alias="Object56" Column="Column2" /><ColumnReference Database="Database1" Schema="Schema1" Table="Object23" Alias="Object56" Column="Column12" /><ColumnReference Database="Database1" Schema="Schema1" Table="Object23" Alias="Object56" Column="Column64" /></HashKeys><RelOp AvgRowSize="110" EstimateCPU="1.19349" EstimateIO="0" EstimateRebinds="0" EstimateRewinds="0" EstimatedExecutionMode="Row" EstimateRows="162133" LogicalOp="Repartition Streams" NodeId="147" Parallel="true" PhysicalOp="Parallelism" EstimatedTotalSubtreeCost="7.37789"><OutputList><ColumnReference Database="Database1" Schema="Schema1" Table="Object23" Alias="Object56" Column="Column46" /><ColumnReference Database="Database1" Schema="Schema1" Table="Object23" Alias="Object56" Column="Column75" /><ColumnReference Database="Database1" Schema="Schema1" Table="Object23" Alias="Object56" Column="Column73" /><ColumnReference Database="Database1" Schema="Schema1" Table="Object23" Alias="Object56" Column="Column12" /><ColumnReference Database="Database1" Schema="Schema1" Table="Object23" Alias="Object56" Column="Column2" /><ColumnReference Database="Database1" Schema="Schema1" Table="Object23" Alias="Object56" Column="Column64" /></OutputList><Parallelism PartitioningType="Hash"><PartitionColumns><ColumnReference Database="Database1" Schema="Schema1" Table="Object23" Alias="Object56" Column="Column2" /><ColumnReference Database="Database1" Schema="Schema1" Table="Object23" Alias="Object56" Column="Column12" /><ColumnReference Database="Database1" Schema="Schema1" Table="Object23" Alias="Object56" Column="Column64" /></PartitionColumns><RelOp AvgRowSize="110" EstimateCPU="0.0895468" EstimateIO="6.0558" EstimateRebinds="0" EstimateRewinds="0" EstimatedExecutionMode="Row" EstimateRows="162133" EstimatedRowsRead="162741" LogicalOp="Table Scan" NodeId="148" Parallel="true" PhysicalOp="Table Scan" EstimatedTotalSubtreeCost="6.14534" TableCardinality="162741"><OutputList><ColumnReference Database="Database1" Schema="Schema1" Table="Object23" Alias="Object56" Column="Column46" /><ColumnReference Database="Database1" Schema="Schema1" Table="Object23" Alias="Object56" Column="Column75" /><ColumnReference Database="Database1" Schema="Schema1" Table="Object23" Alias="Object56" Column="Column73" /><ColumnReference Database="Database1" Schema="Schema1" Table="Object23" Alias="Object56" Column="Column12" /><ColumnReference Database="Database1" Schema="Schema1" Table="Object23" Alias="Object56" Column="Column2" /><ColumnReference Database="Database1" Schema="Schema1" Table="Object23" Alias="Object56" Column="Column64" /></OutputList><RunTimeInformation><RunTimeCountersPerThread Thread="0" ActualRows="162142" ActualRowsRead="162741" Batches="0" ActualEndOfScans="1" ActualExecutions="1" ActualExecutionMode="Row" ActualElapsedms="198" ActualCPUms="95" ActualScans="1" ActualLogicalReads="17342" ActualPhysicalReads="0" ActualReadAheads="0" ActualLobLogicalReads="0" ActualLobPhysicalReads="0" ActualLobReadAheads="0" /></RunTimeInformation><TableScan Ordered="false" ForcedIndex="false" ForceScan="false" NoExpandHint="false" Storage="RowStore"><DefinedValues><DefinedValue><ColumnReference Database="Database1" Schema="Schema1" Table="Object23" Alias="Object56" Column="Column46" /></DefinedValue><DefinedValue><ColumnReference Database="Database1" Schema="Schema1" Table="Object23" Alias="Object56" Column="Column75" /></DefinedValue><DefinedValue><ColumnReference Database="Database1" Schema="Schema1" Table="Object23" Alias="Object56" Column="Column73" /></DefinedValue><DefinedValue><ColumnReference Database="Database1" Schema="Schema1" Table="Object23" Alias="Object56" Column="Column12" /></DefinedValue><DefinedValue><ColumnReference Database="Database1" Schema="Schema1" Table="Object23" Alias="Object56" Column="Column2" /></DefinedValue><DefinedValue><ColumnReference Database="Database1" Schema="Schema1" Table="Object23" Alias="Object56" Column="Column64" /></DefinedValue></DefinedValues><Object Database="Database1" Schema="Schema1" Table="Object23" Alias="Object56" TableReferenceId="3" IndexKind="Heap" Storage="RowStore" /><Predicate><ScalarOperator ScalarString="ScalarString50"><Compare CompareOp="EQ"><ScalarOperator><Identifier><ColumnReference Database="Database1" Schema="Schema1" Table="Object23" Alias="Object56" Column="Column46" /></Identifier></ScalarOperator><ScalarOperator><Const ConstValue="Value8" /></ScalarOperator></Compare></ScalarOperator></Predicate></TableScan></RelOp></Parallelism></RelOp></Bitmap></RelOp><RelOp AvgRowSize="83" EstimateCPU="1.07064" EstimateIO="0" EstimateRebinds="0" EstimateRewinds="0" EstimatedExecutionMode="Row" EstimateRows="173333" LogicalOp="Repartition Streams" NodeId="149" Parallel="true" PhysicalOp="Parallelism" EstimatedTotalSubtreeCost="88.179"><OutputList><ColumnReference Database="Database1" Schema="Schema1" Table="Object8" Alias="Object61" Column="Column75" /><ColumnReference Database="Database1" Schema="Schema1" Table="Object8" Alias="Object61" Column="Column73" /><ColumnReference Database="Database1" Schema="Schema1" Table="Object8" Alias="Object61" Column="Column12" /><ColumnReference Database="Database1" Schema="Schema1" Table="Object8" Alias="Object61" Column="Column2" /><ColumnReference Database="Database1" Schema="Schema1" Table="Object8" Alias="Object61" Column="Column64" /></OutputList><Parallelism PartitioningType="Hash"><PartitionColumns><ColumnReference Database="Database1" Schema="Schema1" Table="Object8" Alias="Object61" Column="Column2" /><ColumnReference Database="Database1" Schema="Schema1" Table="Object8" Alias="Object61" Column="Column12" /><ColumnReference Database="Database1" Schema="Schema1" Table="Object8" Alias="Object61" Column="Column64" /></PartitionColumns><RelOp AvgRowSize="143" EstimateCPU="2.47599" EstimateIO="79.9506" EstimateRebinds="0" EstimateRewinds="0" EstimatedExecutionMode="Row" EstimateRows="173333" EstimatedRowsRead="4501730" LogicalOp="Table Scan" NodeId="150" Parallel="true" PhysicalOp="Table Scan" EstimatedTotalSubtreeCost="82.4266" TableCardinality="4501730"><OutputList><ColumnReference Database="Database1" Schema="Schema1" Table="Object8" Alias="Object61" Column="Column75" /><ColumnReference Database="Database1" Schema="Schema1" Table="Object8" Alias="Object61" Column="Column73" /><ColumnReference Database="Database1" Schema="Schema1" Table="Object8" Alias="Object61" Column="Column12" /><ColumnReference Database="Database1" Schema="Schema1" Table="Object8" Alias="Object61" Column="Column2" /><ColumnReference Database="Database1" Schema="Schema1" Table="Object8" Alias="Object61" Column="Column64" /></OutputList><RunTimeInformation><RunTimeCountersPerThread Thread="0" ActualRows="55152" ActualRowsRead="4501730" Batches="0" ActualEndOfScans="1" ActualExecutions="1" ActualExecutionMode="Row" ActualElapsedms="2812" ActualCPUms="1328" ActualScans="1" ActualLogicalReads="109068" ActualPhysicalReads="0" ActualReadAheads="0" ActualLobLogicalReads="0" ActualLobPhysicalReads="0" ActualLobReadAheads="0" /></RunTimeInformation><TableScan Ordered="false" ForcedIndex="false" ForceScan="false" NoExpandHint="false" Storage="RowStore"><DefinedValues><DefinedValue><ColumnReference Database="Database1" Schema="Schema1" Table="Object8" Alias="Object61" Column="Column75" /></DefinedValue><DefinedValue><ColumnReference Database="Database1" Schema="Schema1" Table="Object8" Alias="Object61" Column="Column73" /></DefinedValue><DefinedValue><ColumnReference Database="Database1" Schema="Schema1" Table="Object8" Alias="Object61" Column="Column12" /></DefinedValue><DefinedValue><ColumnReference Database="Database1" Schema="Schema1" Table="Object8" Alias="Object61" Column="Column2" /></DefinedValue><DefinedValue><ColumnReference Database="Database1" Schema="Schema1" Table="Object8" Alias="Object61" Column="Column64" /></DefinedValue></DefinedValues><Object Database="Database1" Schema="Schema1" Table="Object8" Alias="Object61" TableReferenceId="3" IndexKind="Heap" Storage="RowStore" /><Predicate><ScalarOperator ScalarString="ScalarString77"><Logical Operation="AND"><ScalarOperator><Logical Operation="AND"><ScalarOperator><Compare CompareOp="NE"><ScalarOperator><Identifier><ColumnReference Database="Database1" Schema="Schema1" Table="Object8" Alias="Object61" Column="Column50" /></Identifier></ScalarOperator><ScalarOperator><Const ConstValue="Value3" /></ScalarOperator></Compare></ScalarOperator><ScalarOperator><Compare CompareOp="NE"><ScalarOperator><Identifier><ColumnReference Database="Database1" Schema="Schema1" Table="Object8" Alias="Object61" Column="Column50" /></Identifier></ScalarOperator><ScalarOperator><Const ConstValue="Value20" /></ScalarOperator></Compare></ScalarOperator><ScalarOperator><Compare CompareOp="NE"><ScalarOperator><Identifier><ColumnReference Database="Database1" Schema="Schema1" Table="Object8" Alias="Object61" Column="Column50" /></Identifier></ScalarOperator><ScalarOperator><Const ConstValue="Value14" /></ScalarOperator></Compare></ScalarOperator><ScalarOperator><Compare CompareOp="NE"><ScalarOperator><Identifier><ColumnReference Database="Database1" Schema="Schema1" Table="Object8" Alias="Object61" Column="Column50" /></Identifier></ScalarOperator><ScalarOperator><Const ConstValue="Value15" /></ScalarOperator></Compare></ScalarOperator><ScalarOperator><Compare CompareOp="EQ"><ScalarOperator><Identifier><ColumnReference Database="Database1" Schema="Schema1" Table="Object8" Alias="Object61" Column="Column121" /></Identifier></ScalarOperator><ScalarOperator><Const ConstValue="Value13" /></ScalarOperator></Compare></ScalarOperator><ScalarOperator><Compare CompareOp="EQ"><ScalarOperator><Identifier><ColumnReference Database="Database1" Schema="Schema1" Table="Object8" Alias="Object61" Column="Column46" /></Identifier></ScalarOperator><ScalarOperator><Const ConstValue="Value8" /></ScalarOperator></Compare></ScalarOperator></Logical></ScalarOperator><ScalarOperator><Intrinsic FunctionName="Function7"><ScalarOperator><Identifier><ColumnReference Column="Column154" /></Identifier></ScalarOperator><ScalarOperator><Identifier><ColumnReference Database="Database1" Schema="Schema1" Table="Object8" Alias="Object61" Column="Column2" /></Identifier></ScalarOperator><ScalarOperator><Identifier><ColumnReference Database="Database1" Schema="Schema1" Table="Object8" Alias="Object61" Column="Column12" /></Identifier></ScalarOperator><ScalarOperator><Identifier><ColumnReference Database="Database1" Schema="Schema1" Table="Object8" Alias="Object61" Column="Column64" /></Identifier></ScalarOperator></Intrinsic></ScalarOperator></Logical></ScalarOperator></Predicate></TableScan></RelOp></Parallelism></RelOp></Hash></RelOp></Parallelism></RelOp></Bitmap></RelOp><RelOp AvgRowSize="293" EstimateCPU="0.323515" EstimateIO="0" EstimateRebinds="0" EstimateRewinds="0" EstimatedExecutionMode="Row" EstimateRows="25133.6" LogicalOp="Repartition Streams" NodeId="151" Parallel="true" PhysicalOp="Parallelism" EstimatedTotalSubtreeCost="0.869809"><OutputList><ColumnReference Database="Database1" Schema="Schema1" Table="Object19" Alias="Object65" Column="Column55" /><ColumnReference Database="Database1" Schema="Schema1" Table="Object19" Alias="Object65" Column="Column12" /></OutputList><Parallelism PartitioningType="Hash"><PartitionColumns><ColumnReference Database="Database1" Schema="Schema1" Table="Object19" Alias="Object65" Column="Column12" /></PartitionColumns><RelOp AvgRowSize="320" EstimateCPU="0.0140247" EstimateIO="0.526166" EstimateRebinds="0" EstimateRewinds="0" EstimatedExecutionMode="Row" EstimateRows="25133.6" EstimatedRowsRead="25428" LogicalOp="Table Scan" NodeId="152" Parallel="true" PhysicalOp="Table Scan" EstimatedTotalSubtreeCost="0.540191" TableCardinality="25428"><OutputList><ColumnReference Database="Database1" Schema="Schema1" Table="Object19" Alias="Object65" Column="Column55" /><ColumnReference Database="Database1" Schema="Schema1" Table="Object19" Alias="Object65" Column="Column12" /></OutputList><RunTimeInformation><RunTimeCountersPerThread Thread="0" ActualRows="25150" ActualRowsRead="25428" Batches="0" ActualEndOfScans="1" ActualExecutions="1" ActualExecutionMode="Row" ActualElapsedms="15" ActualCPUms="10" ActualScans="1" ActualLogicalReads="711" ActualPhysicalReads="0" ActualReadAheads="0" ActualLobLogicalReads="0" ActualLobPhysicalReads="0" ActualLobReadAheads="0" /></RunTimeInformation><TableScan Ordered="false" ForcedIndex="false" ForceScan="false" NoExpandHint="false" Storage="RowStore"><DefinedValues><DefinedValue><ColumnReference Database="Database1" Schema="Schema1" Table="Object19" Alias="Object65" Column="Column55" /></DefinedValue><DefinedValue><ColumnReference Database="Database1" Schema="Schema1" Table="Object19" Alias="Object65" Column="Column12" /></DefinedValue></DefinedValues><Object Database="Database1" Schema="Schema1" Table="Object19" Alias="Object65" TableReferenceId="2" IndexKind="Heap" Storage="RowStore" /><Predicate><ScalarOperator ScalarString="ScalarString78"><Logical Operation="AND"><ScalarOperator><Compare CompareOp="EQ"><ScalarOperator><Identifier><ColumnReference Database="Database1" Schema="Schema1" Table="Object19" Alias="Object65" Column="Column46" /></Identifier></ScalarOperator><ScalarOperator><Const ConstValue="Value8" /></ScalarOperator></Compare></ScalarOperator><ScalarOperator><Intrinsic FunctionName="Function7"><ScalarOperator><Identifier><ColumnReference Column="Column147" /></Identifier></ScalarOperator><ScalarOperator><Identifier><ColumnReference Database="Database1" Schema="Schema1" Table="Object19" Alias="Object65" Column="Column12" /></Identifier></ScalarOperator></Intrinsic></ScalarOperator></Logical></ScalarOperator></Predicate></TableScan></RelOp></Parallelism></RelOp></Hash></RelOp></Parallelism></RelOp></Bitmap></RelOp><RelOp AvgRowSize="73" EstimateCPU="0.585747" EstimateIO="0" EstimateRebinds="0" EstimateRewinds="0" EstimatedExecutionMode="Row" EstimateRows="137198" LogicalOp="Repartition Streams" NodeId="153" Parallel="true" PhysicalOp="Parallelism" EstimatedTotalSubtreeCost="84.9931"><OutputList><ColumnReference Database="Database1" Schema="Schema1" Table="Object8" Alias="Object57" Column="Column46" /><ColumnReference Database="Database1" Schema="Schema1" Table="Object8" Alias="Object57" Column="Column121" /><ColumnReference Database="Database1" Schema="Schema1" Table="Object8" Alias="Object57" Column="Column50" /><ColumnReference Database="Database1" Schema="Schema1" Table="Object8" Alias="Object57" Column="Column64" /></OutputList><Parallelism PartitioningType="Hash"><PartitionColumns><ColumnReference Database="Database1" Schema="Schema1" Table="Object8" Alias="Object57" Column="Column64" /></PartitionColumns><RelOp AvgRowSize="73" EstimateCPU="2.47599" EstimateIO="79.9506" EstimateRebinds="0" EstimateRewinds="0" EstimatedExecutionMode="Row" EstimateRows="137198" EstimatedRowsRead="4501730" LogicalOp="Table Scan" NodeId="154" Parallel="true" PhysicalOp="Table Scan" EstimatedTotalSubtreeCost="82.4266" TableCardinality="4501730"><OutputList><ColumnReference Database="Database1" Schema="Schema1" Table="Object8" Alias="Object57" Column="Column46" /><ColumnReference Database="Database1" Schema="Schema1" Table="Object8" Alias="Object57" Column="Column121" /><ColumnReference Database="Database1" Schema="Schema1" Table="Object8" Alias="Object57" Column="Column50" /><ColumnReference Database="Database1" Schema="Schema1" Table="Object8" Alias="Object57" Column="Column64" /></OutputList><RunTimeInformation><RunTimeCountersPerThread Thread="0" ActualRows="117610" ActualRowsRead="4501730" Batches="0" ActualEndOfScans="1" ActualExecutions="1" ActualExecutionMode="Row" ActualElapsedms="1809" ActualCPUms="733" ActualScans="1" ActualLogicalReads="109068" ActualPhysicalReads="0" ActualReadAheads="0" ActualLobLogicalReads="0" ActualLobPhysicalReads="0" ActualLobReadAheads="0" /></RunTimeInformation><TableScan Ordered="false" ForcedIndex="false" ForceScan="false" NoExpandHint="false" Storage="RowStore"><DefinedValues><DefinedValue><ColumnReference Database="Database1" Schema="Schema1" Table="Object8" Alias="Object57" Column="Column46" /></DefinedValue><DefinedValue><ColumnReference Database="Database1" Schema="Schema1" Table="Object8" Alias="Object57" Column="Column121" /></DefinedValue><DefinedValue><ColumnReference Database="Database1" Schema="Schema1" Table="Object8" Alias="Object57" Column="Column50" /></DefinedValue><DefinedValue><ColumnReference Database="Database1" Schema="Schema1" Table="Object8" Alias="Object57" Column="Column64" /></DefinedValue></DefinedValues><Object Database="Database1" Schema="Schema1" Table="Object8" Alias="Object57" TableReferenceId="2" IndexKind="Heap" Storage="RowStore" /><Predicate><ScalarOperator ScalarString="ScalarString79"><Logical Operation="AND"><ScalarOperator><Logical Operation="AND"><ScalarOperator><Compare CompareOp="EQ"><ScalarOperator><Identifier><ColumnReference Database="Database1" Schema="Schema1" Table="Object8" Alias="Object57" Column="Column121" /></Identifier></ScalarOperator><ScalarOperator><Const ConstValue="Value16" /></ScalarOperator></Compare></ScalarOperator><ScalarOperator><Compare CompareOp="EQ"><ScalarOperator><Identifier><ColumnReference Database="Database1" Schema="Schema1" Table="Object8" Alias="Object57" Column="Column46" /></Identifier></ScalarOperator><ScalarOperator><Const ConstValue="Value8" /></ScalarOperator></Compare></ScalarOperator></Logical></ScalarOperator><ScalarOperator><Intrinsic FunctionName="Function7"><ScalarOperator><Identifier><ColumnReference Column="Column146" /></Identifier></ScalarOperator><ScalarOperator><Identifier><ColumnReference Database="Database1" Schema="Schema1" Table="Object8" Alias="Object57" Column="Column64" /></Identifier></ScalarOperator><ScalarOperator><Const ConstValue="Value17" /></ScalarOperator></Intrinsic></ScalarOperator></Logical></ScalarOperator></Predicate></TableScan></RelOp></Parallelism></RelOp></Hash></RelOp><RelOp AvgRowSize="16" EstimateCPU="0.000158104" EstimateIO="0.003125" EstimateRebinds="7877.86" EstimateRewinds="6.5507" EstimatedExecutionMode="Row" EstimateRows="1.00383" EstimatedRowsRead="1.00383" LogicalOp="Index Seek" NodeId="155" Parallel="true" PhysicalOp="Index Seek" EstimatedTotalSubtreeCost="4.3838" TableCardinality="1741620"><OutputList><ColumnReference Column="Column145" /><ColumnReference Column="Column144" /></OutputList><RunTimeInformation><RunTimeCountersPerThread Thread="0" ActualRows="12525" ActualRowsRead="12525" Batches="0" ActualEndOfScans="51873" ActualExecutions="51873" ActualExecutionMode="Row" ActualElapsedms="194" ActualCPUms="69" ActualScans="12525" ActualLogicalReads="51294" ActualPhysicalReads="0" ActualReadAheads="0" ActualLobLogicalReads="0" ActualLobPhysicalReads="0" ActualLobReadAheads="0" /></RunTimeInformation><IndexScan Ordered="true" ScanDirection="FORWARD" ForcedIndex="false" ForceSeek="false" ForceScan="false" NoExpandHint="false" Storage="RowStore"><DefinedValues><DefinedValue><ColumnReference Column="Column145" /></DefinedValue><DefinedValue><ColumnReference Column="Column144" /></DefinedValue></DefinedValues><Object Database="Database1" Schema="Schema1" Table="Object12" Index="Index1" Alias="Object59" TableReferenceId="2" IndexKind="NonClustered" Storage="RowStore" /><SeekPredicates><SeekPredicateNew><SeekKeys><Prefix ScanType="EQ"><RangeColumns><ColumnReference Database="Database1" Schema="Schema1" Table="Object12" Alias="Object59" Column="Column46" /><ColumnReference Database="Database1" Schema="Schema1" Table="Object12" Alias="Object59" Column="Column131" /><ColumnReference Database="Database1" Schema="Schema1" Table="Object12" Alias="Object59" Column="Column51" /></RangeColumns><RangeExpressions><ScalarOperator ScalarString="ScalarString53"><Identifier><ColumnReference Database="Database1" Schema="Schema1" Table="Object8" Alias="Object57" Column="Column46" /></Identifier></ScalarOperator><ScalarOperator ScalarString="ScalarString54"><Identifier><ColumnReference Database="Database1" Schema="Schema1" Table="Object8" Alias="Object57" Column="Column121" /></Identifier></ScalarOperator><ScalarOperator ScalarString="ScalarString55"><Identifier><ColumnReference Database="Database1" Schema="Schema1" Table="Object8" Alias="Object57" Column="Column50" /></Identifier></ScalarOperator></RangeExpressions></Prefix></SeekKeys></SeekPredicateNew></SeekPredicates></IndexScan></RelOp></NestedLoops></RelOp><RelOp AvgRowSize="266" EstimateCPU="0.0001581" EstimateIO="0.003125" EstimateRebinds="7908.09" EstimateRewinds="6.5435" EstimatedExecutionMode="Row" EstimateRows="1" LogicalOp="RID Lookup" NodeId="157" Parallel="true" PhysicalOp="RID Lookup" EstimatedTotalSubtreeCost="4.46554" TableCardinality="1741620"><OutputList><ColumnReference Database="Database1" Schema="Schema1" Table="Object12" Alias="Object59" Column="Column55" /></OutputList><RunTimeInformation><RunTimeCountersPerThread Thread="0" ActualRows="12525" ActualRowsRead="12525" Batches="0" ActualEndOfScans="0" ActualExecutions="12525" ActualExecutionMode="Row" ActualElapsedms="53" ActualCPUms="14" ActualScans="0" ActualLogicalReads="12525" ActualPhysicalReads="0" ActualReadAheads="0" ActualLobLogicalReads="0" ActualLobPhysicalReads="0" ActualLobReadAheads="0" /></RunTimeInformation><IndexScan Lookup="true" Ordered="true" ScanDirection="FORWARD" ForcedIndex="false" ForceSeek="false" ForceScan="false" NoExpandHint="false" Storage="RowStore"><DefinedValues><DefinedValue><ColumnReference Database="Database1" Schema="Schema1" Table="Object12" Alias="Object59" Column="Column55" /></DefinedValue></DefinedValues><Object Database="Database1" Schema="Schema1" Table="Object12" Alias="Object59" TableReferenceId="-1" IndexKind="Heap" Storage="RowStore" /><SeekPredicates><SeekPredicateNew><SeekKeys><Prefix ScanType="EQ"><RangeColumns><ColumnReference Column="Column145" /></RangeColumns><RangeExpressions><ScalarOperator ScalarString="ScalarString80"><Identifier><ColumnReference Column="Column145" /></Identifier></ScalarOperator></RangeExpressions></Prefix></SeekKeys></SeekPredicateNew></SeekPredicates></IndexScan></RelOp></NestedLoops></RelOp></ComputeScalar></RelOp></Parallelism></RelOp></Concat></RelOp></Sort></RelOp></StreamAggregate></RelOp></Parallelism></RelOp></Hash></RelOp></Parallelism></RelOp></Sort></RelOp><RelOp AvgRowSize="293" EstimateCPU="0.000805153" EstimateIO="0.00563063" EstimateRebinds="0" EstimateRewinds="0" EstimatedExecutionMode="Row" EstimateRows="136.476" LogicalOp="Sort" NodeId="158" Parallel="true" PhysicalOp="Sort" EstimatedTotalSubtreeCost="0.0421738"><OutputList><ColumnReference Database="Database1" Schema="Schema1" Table="Object22" Alias="Object42" Column="Column55" /><ColumnReference Database="Database1" Schema="Schema1" Table="Object22" Alias="Object42" Column="Column51" /></OutputList><MemoryFractions Input="8.88086E-05" Output="8.88086E-05" /><RunTimeInformation><RunTimeCountersPerThread Thread="0" ActualRebinds="1" ActualRewinds="0" ActualRows="69" Batches="0" ActualEndOfScans="1" ActualExecutions="1" ActualExecutionMode="Row" ActualElapsedms="0" ActualCPUms="0" ActualScans="0" ActualLogicalReads="0" ActualPhysicalReads="0" ActualReadAheads="0" ActualLobLogicalReads="0" ActualLobPhysicalReads="0" ActualLobReadAheads="0" InputMemoryGrant="592" OutputMemoryGrant="208" UsedMemoryGrant="16" /></RunTimeInformation><Sort Distinct="false"><OrderBy><OrderByColumn Ascending="true"><ColumnReference Database="Database1" Schema="Schema1" Table="Object22" Alias="Object42" Column="Column51" /></OrderByColumn></OrderBy><RelOp AvgRowSize="293" EstimateCPU="0.0317039" EstimateIO="0" EstimateRebinds="0" EstimateRewinds="0" EstimatedExecutionMode="Row" EstimateRows="136.476" LogicalOp="Distribute Streams" NodeId="159" Parallel="true" PhysicalOp="Parallelism" EstimatedTotalSubtreeCost="0.035738"><OutputList><ColumnReference Database="Database1" Schema="Schema1" Table="Object22" Alias="Object42" Column="Column55" /><ColumnReference Database="Database1" Schema="Schema1" Table="Object22" Alias="Object42" Column="Column51" /></OutputList><Parallelism PartitioningType="Hash"><PartitionColumns><ColumnReference Database="Database1" Schema="Schema1" Table="Object22" Alias="Object42" Column="Column51" /></PartitionColumns><RelOp AvgRowSize="293" EstimateCPU="0.000307124" EstimateIO="0.00372699" EstimateRebinds="0" EstimateRewinds="0" EstimatedExecutionMode="Row" EstimateRows="136.476" EstimatedRowsRead="136.476" LogicalOp="Index Seek" NodeId="160" Parallel="false" PhysicalOp="Index Seek" EstimatedTotalSubtreeCost="0.00403411" TableCardinality="1735950"><OutputList><ColumnReference Database="Database1" Schema="Schema1" Table="Object22" Alias="Object42" Column="Column55" /><ColumnReference Database="Database1" Schema="Schema1" Table="Object22" Alias="Object42" Column="Column51" /></OutputList><RunTimeInformation><RunTimeCountersPerThread Thread="0" ActualRows="69" ActualRowsRead="69" Batches="0" ActualEndOfScans="1" ActualExecutions="1" ActualExecutionMode="Row" ActualElapsedms="0" ActualCPUms="0" ActualScans="1" ActualLogicalReads="5" ActualPhysicalReads="0" ActualReadAheads="0" ActualLobLogicalReads="0" ActualLobPhysicalReads="0" ActualLobReadAheads="0" /></RunTimeInformation><IndexScan Ordered="true" ScanDirection="FORWARD" ForcedIndex="false" ForceSeek="false" ForceScan="false" NoExpandHint="false" Storage="RowStore"><DefinedValues><DefinedValue><ColumnReference Database="Database1" Schema="Schema1" Table="Object22" Alias="Object42" Column="Column55" /></DefinedValue><DefinedValue><ColumnReference Database="Database1" Schema="Schema1" Table="Object22" Alias="Object42" Column="Column51" /></DefinedValue></DefinedValues><Object Database="Database1" Schema="Schema1" Table="Object22" Index="Index2" Alias="Object42" IndexKind="NonClustered" Storage="RowStore" /><SeekPredicates><SeekPredicateNew><SeekKeys><Prefix ScanType="EQ"><RangeColumns><ColumnReference Database="Database1" Schema="Schema1" Table="Object22" Alias="Object42" Column="Column131" /><ColumnReference Database="Database1" Schema="Schema1" Table="Object22" Alias="Object42" Column="Column46" /></RangeColumns><RangeExpressions><ScalarOperator ScalarString="ScalarString81"><Const ConstValue="Value21" /></ScalarOperator><ScalarOperator ScalarString="ScalarString67"><Const ConstValue="Value8" /></ScalarOperator></RangeExpressions></Prefix></SeekKeys></SeekPredicateNew></SeekPredicates></IndexScan></RelOp></Parallelism></RelOp></Sort></RelOp></Merge></RelOp></Parallelism></RelOp></Bitmap></RelOp><RelOp AvgRowSize="56" EstimateCPU="0.641943" EstimateIO="0" EstimateRebinds="0" EstimateRewinds="0" EstimatedExecutionMode="Row" EstimateRows="176524" LogicalOp="Repartition Streams" NodeId="161" Parallel="true" PhysicalOp="Parallelism" EstimatedTotalSubtreeCost="85.0493"><OutputList><ColumnReference Database="Database1" Schema="Schema1" Table="Object8" Alias="Object32" Column="Column75" /><ColumnReference Database="Database1" Schema="Schema1" Table="Object8" Alias="Object32" Column="Column73" /><ColumnReference Database="Database1" Schema="Schema1" Table="Object8" Alias="Object32" Column="Column50" /><ColumnReference Database="Database1" Schema="Schema1" Table="Object8" Alias="Object32" Column="Column64" /></OutputList><Parallelism PartitioningType="Hash"><PartitionColumns><ColumnReference Database="Database1" Schema="Schema1" Table="Object8" Alias="Object32" Column="Column64" /></PartitionColumns><RelOp AvgRowSize="89" EstimateCPU="2.47599" EstimateIO="79.9506" EstimateRebinds="0" EstimateRewinds="0" EstimatedExecutionMode="Row" EstimateRows="176524" EstimatedRowsRead="4501730" LogicalOp="Table Scan" NodeId="162" Parallel="true" PhysicalOp="Table Scan" EstimatedTotalSubtreeCost="82.4266" TableCardinality="4501730"><OutputList><ColumnReference Database="Database1" Schema="Schema1" Table="Object8" Alias="Object32" Column="Column75" /><ColumnReference Database="Database1" Schema="Schema1" Table="Object8" Alias="Object32" Column="Column73" /><ColumnReference Database="Database1" Schema="Schema1" Table="Object8" Alias="Object32" Column="Column50" /><ColumnReference Database="Database1" Schema="Schema1" Table="Object8" Alias="Object32" Column="Column64" /></OutputList><RunTimeInformation><RunTimeCountersPerThread Thread="0" ActualRows="196329" ActualRowsRead="4501730" Batches="0" ActualEndOfScans="1" ActualExecutions="1" ActualExecutionMode="Row" ActualElapsedms="1752" ActualCPUms="739" ActualScans="1" ActualLogicalReads="109068" ActualPhysicalReads="0" ActualReadAheads="0" ActualLobLogicalReads="0" ActualLobPhysicalReads="0" ActualLobReadAheads="0" /></RunTimeInformation><TableScan Ordered="false" ForcedIndex="false" ForceScan="false" NoExpandHint="false" Storage="RowStore"><DefinedValues><DefinedValue><ColumnReference Database="Database1" Schema="Schema1" Table="Object8" Alias="Object32" Column="Column75" /></DefinedValue><DefinedValue><ColumnReference Database="Database1" Schema="Schema1" Table="Object8" Alias="Object32" Column="Column73" /></DefinedValue><DefinedValue><ColumnReference Database="Database1" Schema="Schema1" Table="Object8" Alias="Object32" Column="Column50" /></DefinedValue><DefinedValue><ColumnReference Database="Database1" Schema="Schema1" Table="Object8" Alias="Object32" Column="Column64" /></DefinedValue></DefinedValues><Object Database="Database1" Schema="Schema1" Table="Object8" Alias="Object32" IndexKind="Heap" Storage="RowStore" /><Predicate><ScalarOperator ScalarString="ScalarString82"><Logical Operation="AND"><ScalarOperator><Logical Operation="AND"><ScalarOperator><Compare CompareOp="EQ"><ScalarOperator><Identifier><ColumnReference Database="Database1" Schema="Schema1" Table="Object8" Alias="Object32" Column="Column121" /></Identifier></ScalarOperator><ScalarOperator><Const ConstValue="Value22" /></ScalarOperator></Compare></ScalarOperator><ScalarOperator><Compare CompareOp="EQ"><ScalarOperator><Identifier><ColumnReference Database="Database1" Schema="Schema1" Table="Object8" Alias="Object32" Column="Column46" /></Identifier></ScalarOperator><ScalarOperator><Const ConstValue="Value8" /></ScalarOperator></Compare></ScalarOperator></Logical></ScalarOperator><ScalarOperator><Intrinsic FunctionName="Function7"><ScalarOperator><Identifier><ColumnReference Column="Column101" /></Identifier></ScalarOperator><ScalarOperator><Identifier><ColumnReference Database="Database1" Schema="Schema1" Table="Object8" Alias="Object32" Column="Column64" /></Identifier></ScalarOperator><ScalarOperator><Const ConstValue="Value17" /></ScalarOperator></Intrinsic></ScalarOperator></Logical></ScalarOperator></Predicate></TableScan></RelOp></Parallelism></RelOp></Hash></RelOp></Bitmap></RelOp></Sort></RelOp><RelOp AvgRowSize="27" EstimateCPU="0.624085" EstimateIO="0.00563063" EstimateRebinds="0" EstimateRewinds="0" EstimatedExecutionMode="Row" EstimateRows="19118.1" LogicalOp="Sort" NodeId="163" Parallel="true" PhysicalOp="Sort" EstimatedTotalSubtreeCost="85.7835"><OutputList><ColumnReference Database="Database1" Schema="Schema1" Table="Object8" Alias="Object55" Column="Column75" /><ColumnReference Database="Database1" Schema="Schema1" Table="Object8" Alias="Object55" Column="Column73" /><ColumnReference Database="Database1" Schema="Schema1" Table="Object8" Alias="Object55" Column="Column64" /></OutputList><Warnings><SpillToTempDb SpillLevel="1" SpilledThreadCount="1" /><SortSpillDetails GrantedMemoryKb="4560" UsedMemoryKb="4560" WritesToTempDb="283" ReadsFromTempDb="283" /></Warnings><MemoryFractions Input="0.00439294" Output="0.00439294" /><RunTimeInformation><RunTimeCountersPerThread Thread="0" ActualRebinds="1" ActualRewinds="0" ActualRows="94976" Batches="0" ActualEndOfScans="0" ActualExecutions="1" ActualExecutionMode="Row" ActualElapsedms="1361" ActualCPUms="740" ActualScans="0" ActualLogicalReads="0" ActualPhysicalReads="0" ActualReadAheads="0" ActualLobLogicalReads="0" ActualLobPhysicalReads="0" ActualLobReadAheads="0" InputMemoryGrant="4560" OutputMemoryGrant="4176" UsedMemoryGrant="4560" /></RunTimeInformation><Sort Distinct="false"><OrderBy><OrderByColumn Ascending="true"><ColumnReference Database="Database1" Schema="Schema1" Table="Object8" Alias="Object55" Column="Column64" /></OrderByColumn></OrderBy><RelOp AvgRowSize="27" EstimateCPU="0.0711932" EstimateIO="0" EstimateRebinds="0" EstimateRewinds="0" EstimatedExecutionMode="Row" EstimateRows="19118.1" LogicalOp="Repartition Streams" NodeId="164" Parallel="true" PhysicalOp="Parallelism" EstimatedTotalSubtreeCost="85.1538"><OutputList><ColumnReference Database="Database1" Schema="Schema1" Table="Object8" Alias="Object55" Column="Column75" /><ColumnReference Database="Database1" Schema="Schema1" Table="Object8" Alias="Object55" Column="Column73" /><ColumnReference Database="Database1" Schema="Schema1" Table="Object8" Alias="Object55" Column="Column64" /></OutputList><Parallelism PartitioningType="Hash"><PartitionColumns><ColumnReference Database="Database1" Schema="Schema1" Table="Object8" Alias="Object55" Column="Column64" /></PartitionColumns><RelOp AvgRowSize="89" EstimateCPU="2.47599" EstimateIO="79.9506" EstimateRebinds="0" EstimateRewinds="0" EstimatedExecutionMode="Row" EstimateRows="19118.1" EstimatedRowsRead="4501730" LogicalOp="Table Scan" NodeId="165" Parallel="true" PhysicalOp="Table Scan" EstimatedTotalSubtreeCost="82.4266" TableCardinality="4501730"><OutputList><ColumnReference Database="Database1" Schema="Schema1" Table="Object8" Alias="Object55" Column="Column75" /><ColumnReference Database="Database1" Schema="Schema1" Table="Object8" Alias="Object55" Column="Column73" /><ColumnReference Database="Database1" Schema="Schema1" Table="Object8" Alias="Object55" Column="Column64" /></OutputList><RunTimeInformation><RunTimeCountersPerThread Thread="0" ActualRows="94980" ActualRowsRead="4501730" Batches="0" ActualEndOfScans="1" ActualExecutions="1" ActualExecutionMode="Row" ActualElapsedms="1261" ActualCPUms="677" ActualScans="1" ActualLogicalReads="109068" ActualPhysicalReads="0" ActualReadAheads="0" ActualLobLogicalReads="0" ActualLobPhysicalReads="0" ActualLobReadAheads="0" /></RunTimeInformation><TableScan Ordered="false" ForcedIndex="false" ForceScan="false" NoExpandHint="false" Storage="RowStore"><DefinedValues><DefinedValue><ColumnReference Database="Database1" Schema="Schema1" Table="Object8" Alias="Object55" Column="Column75" /></DefinedValue><DefinedValue><ColumnReference Database="Database1" Schema="Schema1" Table="Object8" Alias="Object55" Column="Column73" /></DefinedValue><DefinedValue><ColumnReference Database="Database1" Schema="Schema1" Table="Object8" Alias="Object55" Column="Column64" /></DefinedValue></DefinedValues><Object Database="Database1" Schema="Schema1" Table="Object8" Alias="Object55" IndexKind="Heap" Storage="RowStore" /><Predicate><ScalarOperator ScalarString="ScalarString83"><Logical Operation="AND"><ScalarOperator><Logical Operation="AND"><ScalarOperator><Compare CompareOp="EQ"><ScalarOperator><Identifier><ColumnReference Database="Database1" Schema="Schema1" Table="Object8" Alias="Object55" Column="Column50" /></Identifier></ScalarOperator><ScalarOperator><Const ConstValue="Value14" /></ScalarOperator></Compare></ScalarOperator><ScalarOperator><Compare CompareOp="EQ"><ScalarOperator><Identifier><ColumnReference Database="Database1" Schema="Schema1" Table="Object8" Alias="Object55" Column="Column121" /></Identifier></ScalarOperator><ScalarOperator><Const ConstValue="Value13" /></ScalarOperator></Compare></ScalarOperator><ScalarOperator><Compare CompareOp="EQ"><ScalarOperator><Identifier><ColumnReference Database="Database1" Schema="Schema1" Table="Object8" Alias="Object55" Column="Column46" /></Identifier></ScalarOperator><ScalarOperator><Const ConstValue="Value8" /></ScalarOperator></Compare></ScalarOperator></Logical></ScalarOperator><ScalarOperator><Intrinsic FunctionName="Function7"><ScalarOperator><Identifier><ColumnReference Column="Column94" /></Identifier></ScalarOperator><ScalarOperator><Identifier><ColumnReference Database="Database1" Schema="Schema1" Table="Object8" Alias="Object55" Column="Column64" /></Identifier></ScalarOperator><ScalarOperator><Const ConstValue="Value17" /></ScalarOperator></Intrinsic></ScalarOperator></Logical></ScalarOperator></Predicate></TableScan></RelOp></Parallelism></RelOp></Sort></RelOp></Merge></RelOp></Parallelism></RelOp><RelOp AvgRowSize="986" EstimateCPU="0.0285761" EstimateIO="0" EstimateRebinds="0" EstimateRewinds="0" EstimatedExecutionMode="Row" EstimateRows="1" LogicalOp="Repartition Streams" NodeId="166" Parallel="true" PhysicalOp="Parallelism" EstimatedTotalSubtreeCost="1.63588"><OutputList><ColumnReference Database="Database1" Schema="Schema1" Table="Object22" Alias="Object43" Column="Column55" /><ColumnReference Database="Database1" Schema="Schema1" Table="Object22" Alias="Object43" Column="Column51" /><ColumnReference Database="Database1" Schema="Schema1" Table="Object22" Alias="Object33" Column="Column55" /><ColumnReference Database="Database1" Schema="Schema1" Table="Object22" Alias="Object33" Column="Column51" /><ColumnReference Database="Database1" Schema="Schema1" Table="Object22" Alias="Object34" Column="Column55" /><ColumnReference Database="Database1" Schema="Schema1" Table="Object22" Alias="Object34" Column="Column51" /><ColumnReference Database="Database1" Schema="Schema1" Table="Object10" Alias="Object47" Column="Column50" /><ColumnReference Database="Database1" Schema="Schema1" Table="Object10" Alias="Object46" Column="Column50" /><ColumnReference Database="Database1" Schema="Schema1" Table="Object10" Alias="Object45" Column="Column50" /><ColumnReference Database="Database1" Schema="Schema1" Table="Object10" Alias="Object44" Column="Column50" /><ColumnReference Column="Expr1104" /><ColumnReference Column="Expr1105" /></OutputList><Parallelism PartitioningType="Hash"><PartitionColumns><ColumnReference Database="Database1" Schema="Schema1" Table="Object22" Alias="Object43" Column="Column51" /></PartitionColumns><RelOp AvgRowSize="986" EstimateCPU="5.05085E-05" EstimateIO="0.00563063" EstimateRebinds="0" EstimateRewinds="0" EstimatedExecutionMode="Row" EstimateRows="1" LogicalOp="Distinct Sort" NodeId="167" Parallel="true" PhysicalOp="Sort" EstimatedTotalSubtreeCost="1.6073"><OutputList><ColumnReference Database="Database1" Schema="Schema1" Table="Object22" Alias="Object43" Column="Column55" /><ColumnReference Database="Database1" Schema="Schema1" Table="Object22" Alias="Object43" Column="Column51" /><ColumnReference Database="Database1" Schema="Schema1" Table="Object22" Alias="Object33" Column="Column55" /><ColumnReference Database="Database1" Schema="Schema1" Table="Object22" Alias="Object33" Column="Column51" /><ColumnReference Database="Database1" Schema="Schema1" Table="Object22" Alias="Object34" Column="Column55" /><ColumnReference Database="Database1" Schema="Schema1" Table="Object22" Alias="Object34" Column="Column51" /><ColumnReference Database="Database1" Schema="Schema1" Table="Object10" Alias="Object47" Column="Column50" /><ColumnReference Database="Database1" Schema="Schema1" Table="Object10" Alias="Object46" Column="Column50" /><ColumnReference Database="Database1" Schema="Schema1" Table="Object10" Alias="Object45" Column="Column50" /><ColumnReference Database="Database1" Schema="Schema1" Table="Object10" Alias="Object44" Column="Column50" /><ColumnReference Column="Expr1104" /><ColumnReference Column="Expr1105" /></OutputList><MemoryFractions Input="0.195347" Output="0.00113777" /><RunTimeInformation><RunTimeCountersPerThread Thread="0" ActualRebinds="1" ActualRewinds="0" ActualRows="839" Batches="0" ActualEndOfScans="1" ActualExecutions="1" ActualExecutionMode="Row" ActualElapsedms="6264" ActualCPUms="2981" ActualScans="0" ActualLogicalReads="0" ActualPhysicalReads="0" ActualReadAheads="0" ActualLobLogicalReads="0" ActualLobPhysicalReads="0" ActualLobReadAheads="0" InputMemoryGrant="180800" OutputMemoryGrant="1176" UsedMemoryGrant="1144" /></RunTimeInformation><Sort Distinct="true"><OrderBy><OrderByColumn Ascending="true"><ColumnReference Database="Database1" Schema="Schema1" Table="Object22" Alias="Object43" Column="Column51" /></OrderByColumn><OrderByColumn Ascending="true"><ColumnReference Database="Database1" Schema="Schema1" Table="Object22" Alias="Object33" Column="Column51" /></OrderByColumn><OrderByColumn Ascending="true"><ColumnReference Database="Database1" Schema="Schema1" Table="Object10" Alias="Object66" Column="Column50" /></OrderByColumn><OrderByColumn Ascending="true"><ColumnReference Database="Database1" Schema="Schema1" Table="Object22" Alias="Object34" Column="Column51" /></OrderByColumn><OrderByColumn Ascending="true"><ColumnReference Database="Database1" Schema="Schema1" Table="Object22" Alias="Object34" Column="Column55" /></OrderByColumn><OrderByColumn Ascending="true"><ColumnReference Database="Database1" Schema="Schema1" Table="Object10" Alias="Object46" Column="Column50" /></OrderByColumn><OrderByColumn Ascending="true"><ColumnReference Database="Database1" Schema="Schema1" Table="Object22" Alias="Object33" Column="Column55" /></OrderByColumn><OrderByColumn Ascending="true"><ColumnReference Database="Database1" Schema="Schema1" Table="Object10" Alias="Object45" Column="Column50" /></OrderByColumn><OrderByColumn Ascending="true"><ColumnReference Database="Database1" Schema="Schema1" Table="Object22" Alias="Object43" Column="Column55" /></OrderByColumn><OrderByColumn Ascending="true"><ColumnReference Database="Database1" Schema="Schema1" Table="Object10" Alias="Object44" Column="Column50" /></OrderByColumn><OrderByColumn Ascending="true"><ColumnReference Database="Database1" Schema="Schema1" Table="Object10" Alias="Object47" Column="Column50" /></OrderByColumn><OrderByColumn Ascending="true"><ColumnReference Column="Expr1104" /></OrderByColumn><OrderByColumn Ascending="true"><ColumnReference Column="Expr1105" /></OrderByColumn><OrderByColumn Ascending="true"><ColumnReference Column="Expr1103" /></OrderByColumn></OrderBy><RelOp AvgRowSize="1017" EstimateCPU="0.028628" EstimateIO="0" EstimateRebinds="0" EstimateRewinds="0" EstimatedExecutionMode="Row" EstimateRows="1" LogicalOp="Repartition Streams" NodeId="168" Parallel="true" PhysicalOp="Parallelism" EstimatedTotalSubtreeCost="1.60162"><OutputList><ColumnReference Database="Database1" Schema="Schema1" Table="Object22" Alias="Object43" Column="Column55" /><ColumnReference Database="Database1" Schema="Schema1" Table="Object22" Alias="Object43" Column="Column51" /><ColumnReference Database="Database1" Schema="Schema1" Table="Object22" Alias="Object33" Column="Column55" /><ColumnReference Database="Database1" Schema="Schema1" Table="Object22" Alias="Object33" Column="Column51" /><ColumnReference Database="Database1" Schema="Schema1" Table="Object10" Alias="Object66" Column="Column50" /><ColumnReference Database="Database1" Schema="Schema1" Table="Object22" Alias="Object34" Column="Column55" /><ColumnReference Database="Database1" Schema="Schema1" Table="Object22" Alias="Object34" Column="Column51" /><ColumnReference Database="Database1" Schema="Schema1" Table="Object10" Alias="Object47" Column="Column50" /><ColumnReference Database="Database1" Schema="Schema1" Table="Object10" Alias="Object46" Column="Column50" /><ColumnReference Database="Database1" Schema="Schema1" Table="Object10" Alias="Object45" Column="Column50" /><ColumnReference Database="Database1" Schema="Schema1" Table="Object10" Alias="Object44" Column="Column50" /><ColumnReference Column="Expr1103" /><ColumnReference Column="Expr1104" /><ColumnReference Column="Expr1105" /></OutputList><Parallelism PartitioningType="Hash"><PartitionColumns><ColumnReference Database="Database1" Schema="Schema1" Table="Object22" Alias="Object43" Column="Column51" /><ColumnReference Database="Database1" Schema="Schema1" Table="Object22" Alias="Object33" Column="Column51" /><ColumnReference Database="Database1" Schema="Schema1" Table="Object10" Alias="Object66" Column="Column50" /><ColumnReference Database="Database1" Schema="Schema1" Table="Object22" Alias="Object34" Column="Column51" /><ColumnReference Database="Database1" Schema="Schema1" Table="Object22" Alias="Object34" Column="Column55" /><ColumnReference Database="Database1" Schema="Schema1" Table="Object10" Alias="Object46" Column="Column50" /><ColumnReference Database="Database1" Schema="Schema1" Table="Object22" Alias="Object33" Column="Column55" /><ColumnReference Database="Database1" Schema="Schema1" Table="Object10" Alias="Object45" Column="Column50" /><ColumnReference Database="Database1" Schema="Schema1" Table="Object22" Alias="Object43" Column="Column55" /><ColumnReference Database="Database1" Schema="Schema1" Table="Object10" Alias="Object44" Column="Column50" /><ColumnReference Database="Database1" Schema="Schema1" Table="Object10" Alias="Object47" Column="Column50" /><ColumnReference Column="Expr1104" /><ColumnReference Column="Expr1105" /><ColumnReference Column="Expr1103" /></PartitionColumns><RelOp AvgRowSize="1017" EstimateCPU="1.078E-05" EstimateIO="0" EstimateRebinds="0" EstimateRewinds="0" EstimatedExecutionMode="Row" EstimateRows="1" LogicalOp="Inner Join" NodeId="169" Parallel="true" PhysicalOp="Nested Loops" EstimatedTotalSubtreeCost="1.57299"><OutputList><ColumnReference Database="Database1" Schema="Schema1" Table="Object22" Alias="Object43" Column="Column55" /><ColumnReference Database="Database1" Schema="Schema1" Table="Object22" Alias="Object43" Column="Column51" /><ColumnReference Database="Database1" Schema="Schema1" Table="Object22" Alias="Object33" Column="Column55" /><ColumnReference Database="Database1" Schema="Schema1" Table="Object22" Alias="Object33" Column="Column51" /><ColumnReference Database="Database1" Schema="Schema1" Table="Object10" Alias="Object66" Column="Column50" /><ColumnReference Database="Database1" Schema="Schema1" Table="Object22" Alias="Object34" Column="Column55" /><ColumnReference Database="Database1" Schema="Schema1" Table="Object22" Alias="Object34" Column="Column51" /><ColumnReference Database="Database1" Schema="Schema1" Table="Object10" Alias="Object47" Column="Column50" /><ColumnReference Database="Database1" Schema="Schema1" Table="Object10" Alias="Object46" Column="Column50" /><ColumnReference Database="Database1" Schema="Schema1" Table="Object10" Alias="Object45" Column="Column50" /><ColumnReference Database="Database1" Schema="Schema1" Table="Object10" Alias="Object44" Column="Column50" /><ColumnReference Column="Expr1103" /><ColumnReference Column="Expr1104" /><ColumnReference Column="Expr1105" /></OutputList><RunTimeInformation><RunTimeCountersPerThread Thread="0" ActualRows="3213" Batches="0" ActualEndOfScans="1" ActualExecutions="1" ActualExecutionMode="Row" ActualElapsedms="6257" ActualCPUms="2974" /></RunTimeInformation><NestedLoops Optimized="false"><RelOp AvgRowSize="1017" EstimateCPU="0" EstimateIO="0" EstimateRebinds="0" EstimateRewinds="0" EstimatedExecutionMode="Row" EstimateRows="1" LogicalOp="Lazy Spool" NodeId="170" Parallel="true" PhysicalOp="Table Spool" EstimatedTotalSubtreeCost="1.57298"><OutputList><ColumnReference Column="Expr1075" /><ColumnReference Column="Expr1077" /><ColumnReference Database="Database1" Schema="Schema1" Table="Object22" Alias="Object43" Column="Column55" /><ColumnReference Database="Database1" Schema="Schema1" Table="Object22" Alias="Object43" Column="Column51" /><ColumnReference Database="Database1" Schema="Schema1" Table="Object22" Alias="Object33" Column="Column55" /><ColumnReference Database="Database1" Schema="Schema1" Table="Object22" Alias="Object33" Column="Column51" /><ColumnReference Database="Database1" Schema="Schema1" Table="Object10" Alias="Object66" Column="Column50" /><ColumnReference Database="Database1" Schema="Schema1" Table="Object22" Alias="Object34" Column="Column55" /><ColumnReference Database="Database1" Schema="Schema1" Table="Object22" Alias="Object34" Column="Column51" /><ColumnReference Database="Database1" Schema="Schema1" Table="Object10" Alias="Object47" Column="Column50" /><ColumnReference Database="Database1" Schema="Schema1" Table="Object10" Alias="Object46" Column="Column50" /><ColumnReference Database="Database1" Schema="Schema1" Table="Object10" Alias="Object45" Column="Column50" /><ColumnReference Database="Database1" Schema="Schema1" Table="Object10" Alias="Object44" Column="Column50" /><ColumnReference Column="Expr1103" /></OutputList><RunTimeInformation><RunTimeCountersPerThread Thread="0" ActualRebinds="1" ActualRewinds="0" ActualRows="840" Batches="0" ActualEndOfScans="1" ActualExecutions="1" ActualExecutionMode="Row" ActualElapsedms="6250" ActualCPUms="2968" ActualScans="1" ActualLogicalReads="6427" ActualPhysicalReads="0" ActualReadAheads="0" ActualLobLogicalReads="0" ActualLobPhysicalReads="0" ActualLobReadAheads="0" /></RunTimeInformation><Spool><RelOp AvgRowSize="1017" EstimateCPU="1.4E-06" EstimateIO="0" EstimateRebinds="0" EstimateRewinds="0" EstimatedExecutionMode="Row" EstimateRows="1" LogicalOp="Segment" NodeId="171" Parallel="true" PhysicalOp="Segment" EstimatedTotalSubtreeCost="1.57298"><OutputList><ColumnReference Column="Expr1075" /><ColumnReference Column="Expr1077" /><ColumnReference Database="Database1" Schema="Schema1" Table="Object22" Alias="Object43" Column="Column55" /><ColumnReference Database="Database1" Schema="Schema1" Table="Object22" Alias="Object43" Column="Column51" /><ColumnReference Database="Database1" Schema="Schema1" Table="Object22" Alias="Object33" Column="Column55" /><ColumnReference Database="Database1" Schema="Schema1" Table="Object22" Alias="Object33" Column="Column51" /><ColumnReference Database="Database1" Schema="Schema1" Table="Object10" Alias="Object66" Column="Column50" /><ColumnReference Database="Database1" Schema="Schema1" Table="Object22" Alias="Object34" Column="Column55" /><ColumnReference Database="Database1" Schema="Schema1" Table="Object22" Alias="Object34" Column="Column51" /><ColumnReference Database="Database1" Schema="Schema1" Table="Object10" Alias="Object47" Column="Column50" /><ColumnReference Database="Database1" Schema="Schema1" Table="Object10" Alias="Object46" Column="Column50" /><ColumnReference Database="Database1" Schema="Schema1" Table="Object10" Alias="Object45" Column="Column50" /><ColumnReference Database="Database1" Schema="Schema1" Table="Object10" Alias="Object44" Column="Column50" /><ColumnReference Column="Expr1103" /><ColumnReference Column="Column155" /></OutputList><RunTimeInformation><RunTimeCountersPerThread Thread="0" ActualRows="3213" Batches="0" ActualEndOfScans="1" ActualExecutions="1" ActualExecutionMode="Row" ActualElapsedms="6238" ActualCPUms="2957" /></RunTimeInformation><Segment><GroupBy><ColumnReference Database="Database1" Schema="Schema1" Table="Object22" Alias="Object43" Column="Column51" /><ColumnReference Column="Expr1103" /></GroupBy><SegmentColumn><ColumnReference Column="Column155" /></SegmentColumn><RelOp AvgRowSize="1017" EstimateCPU="5.05085E-05" EstimateIO="0.00563063" EstimateRebinds="0" EstimateRewinds="0" EstimatedExecutionMode="Row" EstimateRows="1" LogicalOp="Sort" NodeId="172" Parallel="true" PhysicalOp="Sort" EstimatedTotalSubtreeCost="1.57298"><OutputList><ColumnReference Column="Expr1075" /><ColumnReference Column="Expr1077" /><ColumnReference Database="Database1" Schema="Schema1" Table="Object22" Alias="Object43" Column="Column55" /><ColumnReference Database="Database1" Schema="Schema1" Table="Object22" Alias="Object43" Column="Column51" /><ColumnReference Database="Database1" Schema="Schema1" Table="Object22" Alias="Object33" Column="Column55" /><ColumnReference Database="Database1" Schema="Schema1" Table="Object22" Alias="Object33" Column="Column51" /><ColumnReference Database="Database1" Schema="Schema1" Table="Object10" Alias="Object66" Column="Column50" /><ColumnReference Database="Database1" Schema="Schema1" Table="Object22" Alias="Object34" Column="Column55" /><ColumnReference Database="Database1" Schema="Schema1" Table="Object22" Alias="Object34" Column="Column51" /><ColumnReference Database="Database1" Schema="Schema1" Table="Object10" Alias="Object47" Column="Column50" /><ColumnReference Database="Database1" Schema="Schema1" Table="Object10" Alias="Object46" Column="Column50" /><ColumnReference Database="Database1" Schema="Schema1" Table="Object10" Alias="Object45" Column="Column50" /><ColumnReference Database="Database1" Schema="Schema1" Table="Object10" Alias="Object44" Column="Column50" /><ColumnReference Column="Expr1103" /></OutputList><MemoryFractions Input="0.00306844" Output="0.00613688" /><RunTimeInformation><RunTimeCountersPerThread Thread="0" ActualRebinds="1" ActualRewinds="0" ActualRows="3213" Batches="0" ActualEndOfScans="1" ActualExecutions="1" ActualExecutionMode="Row" ActualElapsedms="6238" ActualCPUms="2956" ActualScans="0" ActualLogicalReads="0" ActualPhysicalReads="0" ActualReadAheads="0" ActualLobLogicalReads="0" ActualLobPhysicalReads="0" ActualLobReadAheads="0" InputMemoryGrant="3344" OutputMemoryGrant="5792" UsedMemoryGrant="1144" /></RunTimeInformation><Sort Distinct="false"><OrderBy><OrderByColumn Ascending="true"><ColumnReference Database="Database1" Schema="Schema1" Table="Object22" Alias="Object43" Column="Column51" /></OrderByColumn><OrderByColumn Ascending="true"><ColumnReference Column="Expr1103" /></OrderByColumn></OrderBy><RelOp AvgRowSize="1017" EstimateCPU="0.0285795" EstimateIO="0" EstimateRebinds="0" EstimateRewinds="0" EstimatedExecutionMode="Row" EstimateRows="1" LogicalOp="Repartition Streams" NodeId="173" Parallel="true" PhysicalOp="Parallelism" EstimatedTotalSubtreeCost="1.5673"><OutputList><ColumnReference Column="Expr1075" /><ColumnReference Column="Expr1077" /><ColumnReference Database="Database1" Schema="Schema1" Table="Object22" Alias="Object43" Column="Column55" /><ColumnReference Database="Database1" Schema="Schema1" Table="Object22" Alias="Object43" Column="Column51" /><ColumnReference Database="Database1" Schema="Schema1" Table="Object22" Alias="Object33" Column="Column55" /><ColumnReference Database="Database1" Schema="Schema1" Table="Object22" Alias="Object33" Column="Column51" /><ColumnReference Database="Database1" Schema="Schema1" Table="Object10" Alias="Object66" Column="Column50" /><ColumnReference Database="Database1" Schema="Schema1" Table="Object22" Alias="Object34" Column="Column55" /><ColumnReference Database="Database1" Schema="Schema1" Table="Object22" Alias="Object34" Column="Column51" /><ColumnReference Database="Database1" Schema="Schema1" Table="Object10" Alias="Object47" Column="Column50" /><ColumnReference Database="Database1" Schema="Schema1" Table="Object10" Alias="Object46" Column="Column50" /><ColumnReference Database="Database1" Schema="Schema1" Table="Object10" Alias="Object45" Column="Column50" /><ColumnReference Database="Database1" Schema="Schema1" Table="Object10" Alias="Object44" Column="Column50" /><ColumnReference Column="Expr1103" /></OutputList><Parallelism PartitioningType="Hash"><PartitionColumns><ColumnReference Database="Database1" Schema="Schema1" Table="Object22" Alias="Object43" Column="Column51" /><ColumnReference Column="Expr1103" /></PartitionColumns><RelOp AvgRowSize="1017" EstimateCPU="5E-08" EstimateIO="0" EstimateRebinds="0" EstimateRewinds="0" EstimatedExecutionMode="Row" EstimateRows="1" LogicalOp="Compute Scalar" NodeId="174" Parallel="true" PhysicalOp="Compute Scalar" EstimatedTotalSubtreeCost="1.53872"><OutputList><ColumnReference Column="Expr1075" /><ColumnReference Column="Expr1077" /><ColumnReference Database="Database1" Schema="Schema1" Table="Object22" Alias="Object43" Column="Column55" /><ColumnReference Database="Database1" Schema="Schema1" Table="Object22" Alias="Object43" Column="Column51" /><ColumnReference Database="Database1" Schema="Schema1" Table="Object22" Alias="Object33" Column="Column55" /><ColumnReference Database="Database1" Schema="Schema1" Table="Object22" Alias="Object33" Column="Column51" /><ColumnReference Database="Database1" Schema="Schema1" Table="Object10" Alias="Object66" Column="Column50" /><ColumnReference Database="Database1" Schema="Schema1" Table="Object22" Alias="Object34" Column="Column55" /><ColumnReference Database="Database1" Schema="Schema1" Table="Object22" Alias="Object34" Column="Column51" /><ColumnReference Database="Database1" Schema="Schema1" Table="Object10" Alias="Object47" Column="Column50" /><ColumnReference Database="Database1" Schema="Schema1" Table="Object10" Alias="Object46" Column="Column50" /><ColumnReference Database="Database1" Schema="Schema1" Table="Object10" Alias="Object45" Column="Column50" /><ColumnReference Database="Database1" Schema="Schema1" Table="Object10" Alias="Object44" Column="Column50" /><ColumnReference Column="Expr1103" /></OutputList><ComputeScalar><DefinedValues><DefinedValue><ColumnReference Column="Expr1103" /><ScalarOperator ScalarString="ScalarString84"><IF><Condition><ScalarOperator><Compare CompareOp="EQ"><ScalarOperator><Identifier><ColumnReference Column="Expr1555" /></Identifier></ScalarOperator><ScalarOperator><Const ConstValue="Value23" /></ScalarOperator></Compare></ScalarOperator></Condition><Then><ScalarOperator><Const ConstValue="Value7" /></ScalarOperator></Then><Else><ScalarOperator><Identifier><ColumnReference Column="Expr1556" /></Identifier></ScalarOperator></Else></IF></ScalarOperator></DefinedValue></DefinedValues><RelOp AvgRowSize="1037" EstimateCPU="3.14E-07" EstimateIO="0" EstimateRebinds="0" EstimateRewinds="0" EstimatedExecutionMode="Row" EstimateRows="1" LogicalOp="Aggregate" NodeId="175" Parallel="true" PhysicalOp="Stream Aggregate" EstimatedTotalSubtreeCost="1.53872"><OutputList><ColumnReference Column="Expr1075" /><ColumnReference Column="Expr1077" /><ColumnReference Database="Database1" Schema="Schema1" Table="Object22" Alias="Object43" Column="Column55" /><ColumnReference Database="Database1" Schema="Schema1" Table="Object22" Alias="Object43" Column="Column51" /><ColumnReference Database="Database1" Schema="Schema1" Table="Object22" Alias="Object33" Column="Column55" /><ColumnReference Database="Database1" Schema="Schema1" Table="Object22" Alias="Object33" Column="Column51" /><ColumnReference Database="Database1" Schema="Schema1" Table="Object10" Alias="Object66" Column="Column50" /><ColumnReference Database="Database1" Schema="Schema1" Table="Object22" Alias="Object34" Column="Column55" /><ColumnReference Database="Database1" Schema="Schema1" Table="Object22" Alias="Object34" Column="Column51" /><ColumnReference Database="Database1" Schema="Schema1" Table="Object10" Alias="Object47" Column="Column50" /><ColumnReference Database="Database1" Schema="Schema1" Table="Object10" Alias="Object46" Column="Column50" /><ColumnReference Database="Database1" Schema="Schema1" Table="Object10" Alias="Object45" Column="Column50" /><ColumnReference Database="Database1" Schema="Schema1" Table="Object10" Alias="Object44" Column="Column50" /><ColumnReference Column="Expr1555" /><ColumnReference Column="Expr1556" /></OutputList><RunTimeInformation><RunTimeCountersPerThread Thread="0" ActualRows="3213" Batches="0" ActualEndOfScans="1" ActualExecutions="1" ActualExecutionMode="Row" ActualElapsedms="6230" ActualCPUms="2949" /></RunTimeInformation><StreamAggregate><DefinedValues><DefinedValue><ColumnReference Column="Expr1555" /><ScalarOperator ScalarString="ScalarString85"><Aggregate AggType="countstar" Distinct="false" /></ScalarOperator></DefinedValue><DefinedValue><ColumnReference Column="Expr1556" /><ScalarOperator ScalarString="ScalarString86"><Aggregate AggType="SUM" Distinct="false"><ScalarOperator><IF><Condition><ScalarOperator><Compare CompareOp="LE"><ScalarOperator><Identifier><ColumnReference Column="Expr1075" /></Identifier></ScalarOperator><ScalarOperator><Identifier><ColumnReference Column="Expr1101" /></Identifier></ScalarOperator></Compare></ScalarOperator></Condition><Then><ScalarOperator><Const ConstValue="Value23" /></ScalarOperator></Then><Else><ScalarOperator><Const ConstValue="Value10" /></ScalarOperator></Else></IF></ScalarOperator></Aggregate></ScalarOperator></DefinedValue><DefinedValue><ColumnReference Column="Expr1075" /><ScalarOperator ScalarString="ScalarString87"><Aggregate AggType="ANY" Distinct="false"><ScalarOperator><Identifier><ColumnReference Column="Expr1075" /></Identifier></ScalarOperator></Aggregate></ScalarOperator></DefinedValue><DefinedValue><ColumnReference Column="Expr1077" /><ScalarOperator ScalarString="ScalarString88"><Aggregate AggType="ANY" Distinct="false"><ScalarOperator><Identifier><ColumnReference Column="Expr1077" /></Identifier></ScalarOperator></Aggregate></ScalarOperator></DefinedValue><DefinedValue><ColumnReference Database="Database1" Schema="Schema1" Table="Object22" Alias="Object43" Column="Column55" /><ScalarOperator ScalarString="ScalarString89"><Aggregate AggType="ANY" Distinct="false"><ScalarOperator><Identifier><ColumnReference Database="Database1" Schema="Schema1" Table="Object22" Alias="Object43" Column="Column55" /></Identifier></ScalarOperator></Aggregate></ScalarOperator></DefinedValue><DefinedValue><ColumnReference Database="Database1" Schema="Schema1" Table="Object22" Alias="Object33" Column="Column55" /><ScalarOperator ScalarString="ScalarString90"><Aggregate AggType="ANY" Distinct="false"><ScalarOperator><Identifier><ColumnReference Database="Database1" Schema="Schema1" Table="Object22" Alias="Object33" Column="Column55" /></Identifier></ScalarOperator></Aggregate></ScalarOperator></DefinedValue><DefinedValue><ColumnReference Database="Database1" Schema="Schema1" Table="Object22" Alias="Object33" Column="Column51" /><ScalarOperator ScalarString="ScalarString91"><Aggregate AggType="ANY" Distinct="false"><ScalarOperator><Identifier><ColumnReference Database="Database1" Schema="Schema1" Table="Object22" Alias="Object33" Column="Column51" /></Identifier></ScalarOperator></Aggregate></ScalarOperator></DefinedValue><DefinedValue><ColumnReference Database="Database1" Schema="Schema1" Table="Object10" Alias="Object66" Column="Column50" /><ScalarOperator ScalarString="ScalarString92"><Aggregate AggType="ANY" Distinct="false"><ScalarOperator><Identifier><ColumnReference Database="Database1" Schema="Schema1" Table="Object10" Alias="Object66" Column="Column50" /></Identifier></ScalarOperator></Aggregate></ScalarOperator></DefinedValue><DefinedValue><ColumnReference Database="Database1" Schema="Schema1" Table="Object22" Alias="Object34" Column="Column55" /><ScalarOperator ScalarString="ScalarString93"><Aggregate AggType="ANY" Distinct="false"><ScalarOperator><Identifier><ColumnReference Database="Database1" Schema="Schema1" Table="Object22" Alias="Object34" Column="Column55" /></Identifier></ScalarOperator></Aggregate></ScalarOperator></DefinedValue><DefinedValue><ColumnReference Database="Database1" Schema="Schema1" Table="Object22" Alias="Object34" Column="Column51" /><ScalarOperator ScalarString="ScalarString94"><Aggregate AggType="ANY" Distinct="false"><ScalarOperator><Identifier><ColumnReference Database="Database1" Schema="Schema1" Table="Object22" Alias="Object34" Column="Column51" /></Identifier></ScalarOperator></Aggregate></ScalarOperator></DefinedValue><DefinedValue><ColumnReference Database="Database1" Schema="Schema1" Table="Object10" Alias="Object47" Column="Column50" /><ScalarOperator ScalarString="ScalarString95"><Aggregate AggType="ANY" Distinct="false"><ScalarOperator><Identifier><ColumnReference Database="Database1" Schema="Schema1" Table="Object10" Alias="Object47" Column="Column50" /></Identifier></ScalarOperator></Aggregate></ScalarOperator></DefinedValue><DefinedValue><ColumnReference Database="Database1" Schema="Schema1" Table="Object10" Alias="Object46" Column="Column50" /><ScalarOperator ScalarString="ScalarString96"><Aggregate AggType="ANY" Distinct="false"><ScalarOperator><Identifier><ColumnReference Database="Database1" Schema="Schema1" Table="Object10" Alias="Object46" Column="Column50" /></Identifier></ScalarOperator></Aggregate></ScalarOperator></DefinedValue><DefinedValue><ColumnReference Database="Database1" Schema="Schema1" Table="Object10" Alias="Object45" Column="Column50" /><ScalarOperator ScalarString="ScalarString97"><Aggregate AggType="ANY" Distinct="false"><ScalarOperator><Identifier><ColumnReference Database="Database1" Schema="Schema1" Table="Object10" Alias="Object45" Column="Column50" /></Identifier></ScalarOperator></Aggregate></ScalarOperator></DefinedValue><DefinedValue><ColumnReference Database="Database1" Schema="Schema1" Table="Object10" Alias="Object44" Column="Column50" /><ScalarOperator ScalarString="ScalarString98"><Aggregate AggType="ANY" Distinct="false"><ScalarOperator><Identifier><ColumnReference Database="Database1" Schema="Schema1" Table="Object10" Alias="Object44" Column="Column50" /></Identifier></ScalarOperator></Aggregate></ScalarOperator></DefinedValue></DefinedValues><GroupBy><ColumnReference Column="Column156" /></GroupBy><RelOp AvgRowSize="1037" EstimateCPU="1.099E-06" EstimateIO="0" EstimateRebinds="0" EstimateRewinds="0" EstimatedExecutionMode="Row" EstimateRows="2" LogicalOp="Window Spool" NodeId="176" Parallel="true" PhysicalOp="Window Spool" EstimatedTotalSubtreeCost="1.53872"><OutputList><ColumnReference Column="Expr1075" /><ColumnReference Column="Expr1077" /><ColumnReference Database="Database1" Schema="Schema1" Table="Object22" Alias="Object43" Column="Column55" /><ColumnReference Database="Database1" Schema="Schema1" Table="Object22" Alias="Object43" Column="Column51" /><ColumnReference Database="Database1" Schema="Schema1" Table="Object22" Alias="Object33" Column="Column55" /><ColumnReference Database="Database1" Schema="Schema1" Table="Object22" Alias="Object33" Column="Column51" /><ColumnReference Database="Database1" Schema="Schema1" Table="Object10" Alias="Object66" Column="Column50" /><ColumnReference Database="Database1" Schema="Schema1" Table="Object22" Alias="Object34" Column="Column55" /><ColumnReference Database="Database1" Schema="Schema1" Table="Object22" Alias="Object34" Column="Column51" /><ColumnReference Database="Database1" Schema="Schema1" Table="Object10" Alias="Object47" Column="Column50" /><ColumnReference Database="Database1" Schema="Schema1" Table="Object10" Alias="Object46" Column="Column50" /><ColumnReference Database="Database1" Schema="Schema1" Table="Object10" Alias="Object45" Column="Column50" /><ColumnReference Database="Database1" Schema="Schema1" Table="Object10" Alias="Object44" Column="Column50" /><ColumnReference Column="Expr1101" /><ColumnReference Column="Column156" /><ColumnReference Column="Column157" /><ColumnReference Column="Column158" /></OutputList><RunTimeInformation><RunTimeCountersPerThread Thread="0" ActualRows="6426" Batches="0" ActualEndOfScans="1" ActualExecutions="1" ActualExecutionMode="Row" ActualElapsedms="6217" ActualCPUms="2936" /></RunTimeInformation><WindowSpool><RelOp AvgRowSize="1037" EstimateCPU="0" EstimateIO="0" EstimateRebinds="0" EstimateRewinds="0" EstimatedExecutionMode="Row" EstimateRows="1" LogicalOp="Segment" NodeId="177" Parallel="true" PhysicalOp="Segment" EstimatedTotalSubtreeCost="1.53872"><OutputList><ColumnReference Column="Expr1075" /><ColumnReference Column="Expr1077" /><ColumnReference Database="Database1" Schema="Schema1" Table="Object22" Alias="Object43" Column="Column55" /><ColumnReference Database="Database1" Schema="Schema1" Table="Object22" Alias="Object43" Column="Column51" /><ColumnReference Database="Database1" Schema="Schema1" Table="Object22" Alias="Object33" Column="Column55" /><ColumnReference Database="Database1" Schema="Schema1" Table="Object22" Alias="Object33" Column="Column51" /><ColumnReference Database="Database1" Schema="Schema1" Table="Object10" Alias="Object66" Column="Column50" /><ColumnReference Database="Database1" Schema="Schema1" Table="Object22" Alias="Object34" Column="Column55" /><ColumnReference Database="Database1" Schema="Schema1" Table="Object22" Alias="Object34" Column="Column51" /><ColumnReference Database="Database1" Schema="Schema1" Table="Object10" Alias="Object47" Column="Column50" /><ColumnReference Database="Database1" Schema="Schema1" Table="Object10" Alias="Object46" Column="Column50" /><ColumnReference Database="Database1" Schema="Schema1" Table="Object10" Alias="Object45" Column="Column50" /><ColumnReference Database="Database1" Schema="Schema1" Table="Object10" Alias="Object44" Column="Column50" /><ColumnReference Column="Expr1101" /><ColumnReference Column="Column157" /><ColumnReference Column="Column158" /></OutputList><RunTimeInformation><RunTimeCountersPerThread Thread="0" ActualRows="3213" Batches="0" ActualEndOfScans="1" ActualExecutions="1" ActualExecutionMode="Row" ActualElapsedms="5685" ActualCPUms="2891" /></RunTimeInformation><Segment><GroupBy><ColumnReference Database="Database1" Schema="Schema1" Table="Object22" Alias="Object43" Column="Column51" /><ColumnReference Column="Expr1075" /><ColumnReference Column="Expr1077" /></GroupBy><SegmentColumn><ColumnReference Column="Column158" /></SegmentColumn><RelOp AvgRowSize="1029" EstimateCPU="3.14E-08" EstimateIO="0" EstimateRebinds="0" EstimateRewinds="0" EstimatedExecutionMode="Row" EstimateRows="1" LogicalOp="Segment" NodeId="178" Parallel="true" PhysicalOp="Segment" EstimatedTotalSubtreeCost="1.53872"><OutputList><ColumnReference Column="Expr1075" /><ColumnReference Column="Expr1077" /><ColumnReference Database="Database1" Schema="Schema1" Table="Object22" Alias="Object43" Column="Column55" /><ColumnReference Database="Database1" Schema="Schema1" Table="Object22" Alias="Object43" Column="Column51" /><ColumnReference Database="Database1" Schema="Schema1" Table="Object22" Alias="Object33" Column="Column55" /><ColumnReference Database="Database1" Schema="Schema1" Table="Object22" Alias="Object33" Column="Column51" /><ColumnReference Database="Database1" Schema="Schema1" Table="Object10" Alias="Object66" Column="Column50" /><ColumnReference Database="Database1" Schema="Schema1" Table="Object22" Alias="Object34" Column="Column55" /><ColumnReference Database="Database1" Schema="Schema1" Table="Object22" Alias="Object34" Column="Column51" /><ColumnReference Database="Database1" Schema="Schema1" Table="Object10" Alias="Object47" Column="Column50" /><ColumnReference Database="Database1" Schema="Schema1" Table="Object10" Alias="Object46" Column="Column50" /><ColumnReference Database="Database1" Schema="Schema1" Table="Object10" Alias="Object45" Column="Column50" /><ColumnReference Database="Database1" Schema="Schema1" Table="Object10" Alias="Object44" Column="Column50" /><ColumnReference Column="Expr1101" /><ColumnReference Column="Column157" /></OutputList><RunTimeInformation><RunTimeCountersPerThread Thread="0" ActualRows="3213" Batches="0" ActualEndOfScans="1" ActualExecutions="1" ActualExecutionMode="Row" ActualElapsedms="5683" ActualCPUms="2890" /></RunTimeInformation><Segment><GroupBy><ColumnReference Database="Database1" Schema="Schema1" Table="Object22" Alias="Object43" Column="Column51" /></GroupBy><SegmentColumn><ColumnReference Column="Column157" /></SegmentColumn><RelOp AvgRowSize="1021" EstimateCPU="5.05105E-05" EstimateIO="0.00563063" EstimateRebinds="0" EstimateRewinds="0" EstimatedExecutionMode="Row" EstimateRows="1" LogicalOp="Sort" NodeId="179" Parallel="true" PhysicalOp="Sort" EstimatedTotalSubtreeCost="1.53872"><OutputList><ColumnReference Column="Expr1075" /><ColumnReference Column="Expr1077" /><ColumnReference Database="Database1" Schema="Schema1" Table="Object22" Alias="Object43" Column="Column55" /><ColumnReference Database="Database1" Schema="Schema1" Table="Object22" Alias="Object43" Column="Column51" /><ColumnReference Database="Database1" Schema="Schema1" Table="Object22" Alias="Object33" Column="Column55" /><ColumnReference Database="Database1" Schema="Schema1" Table="Object22" Alias="Object33" Column="Column51" /><ColumnReference Database="Database1" Schema="Schema1" Table="Object10" Alias="Object66" Column="Column50" /><ColumnReference Database="Database1" Schema="Schema1" Table="Object22" Alias="Object34" Column="Column55" /><ColumnReference Database="Database1" Schema="Schema1" Table="Object22" Alias="Object34" Column="Column51" /><ColumnReference Database="Database1" Schema="Schema1" Table="Object10" Alias="Object47" Column="Column50" /><ColumnReference Database="Database1" Schema="Schema1" Table="Object10" Alias="Object46" Column="Column50" /><ColumnReference Database="Database1" Schema="Schema1" Table="Object10" Alias="Object45" Column="Column50" /><ColumnReference Database="Database1" Schema="Schema1" Table="Object10" Alias="Object44" Column="Column50" /><ColumnReference Column="Expr1101" /></OutputList><MemoryFractions Input="0.00306844" Output="0.00306844" /><RunTimeInformation><RunTimeCountersPerThread Thread="0" ActualRebinds="1" ActualRewinds="0" ActualRows="3213" Batches="0" ActualEndOfScans="1" ActualExecutions="1" ActualExecutionMode="Row" ActualElapsedms="5682" ActualCPUms="2889" ActualScans="0" ActualLogicalReads="0" ActualPhysicalReads="0" ActualReadAheads="0" ActualLobLogicalReads="0" ActualLobPhysicalReads="0" ActualLobReadAheads="0" InputMemoryGrant="3344" OutputMemoryGrant="2960" UsedMemoryGrant="1160" /></RunTimeInformation><Sort Distinct="false"><OrderBy><OrderByColumn Ascending="true"><ColumnReference Database="Database1" Schema="Schema1" Table="Object22" Alias="Object43" Column="Column51" /></OrderByColumn><OrderByColumn Ascending="true"><ColumnReference Column="Expr1075" /></OrderByColumn><OrderByColumn Ascending="true"><ColumnReference Column="Expr1077" /></OrderByColumn></OrderBy><RelOp AvgRowSize="1021" EstimateCPU="0.0285795" EstimateIO="0" EstimateRebinds="0" EstimateRewinds="0" EstimatedExecutionMode="Row" EstimateRows="1" LogicalOp="Repartition Streams" NodeId="180" Parallel="true" PhysicalOp="Parallelism" EstimatedTotalSubtreeCost="1.53304"><OutputList><ColumnReference Column="Expr1075" /><ColumnReference Column="Expr1077" /><ColumnReference Database="Database1" Schema="Schema1" Table="Object22" Alias="Object43" Column="Column55" /><ColumnReference Database="Database1" Schema="Schema1" Table="Object22" Alias="Object43" Column="Column51" /><ColumnReference Database="Database1" Schema="Schema1" Table="Object22" Alias="Object33" Column="Column55" /><ColumnReference Database="Database1" Schema="Schema1" Table="Object22" Alias="Object33" Column="Column51" /><ColumnReference Database="Database1" Schema="Schema1" Table="Object10" Alias="Object66" Column="Column50" /><ColumnReference Database="Database1" Schema="Schema1" Table="Object22" Alias="Object34" Column="Column55" /><ColumnReference Database="Database1" Schema="Schema1" Table="Object22" Alias="Object34" Column="Column51" /><ColumnReference Database="Database1" Schema="Schema1" Table="Object10" Alias="Object47" Column="Column50" /><ColumnReference Database="Database1" Schema="Schema1" Table="Object10" Alias="Object46" Column="Column50" /><ColumnReference Database="Database1" Schema="Schema1" Table="Object10" Alias="Object45" Column="Column50" /><ColumnReference Database="Database1" Schema="Schema1" Table="Object10" Alias="Object44" Column="Column50" /><ColumnReference Column="Expr1101" /></OutputList><Parallelism PartitioningType="Hash"><PartitionColumns><ColumnReference Database="Database1" Schema="Schema1" Table="Object22" Alias="Object43" Column="Column51" /></PartitionColumns><RelOp AvgRowSize="1083" EstimateCPU="3.14E-07" EstimateIO="0" EstimateRebinds="0" EstimateRewinds="0" EstimatedExecutionMode="Row" EstimateRows="1" LogicalOp="Aggregate" NodeId="181" Parallel="true" PhysicalOp="Stream Aggregate" EstimatedTotalSubtreeCost="1.50446"><OutputList><ColumnReference Column="Expr1075" /><ColumnReference Column="Expr1077" /><ColumnReference Database="Database1" Schema="Schema1" Table="Object22" Alias="Object43" Column="Column55" /><ColumnReference Database="Database1" Schema="Schema1" Table="Object22" Alias="Object43" Column="Column51" /><ColumnReference Database="Database1" Schema="Schema1" Table="Object22" Alias="Object33" Column="Column55" /><ColumnReference Database="Database1" Schema="Schema1" Table="Object22" Alias="Object33" Column="Column51" /><ColumnReference Database="Database1" Schema="Schema1" Table="Object10" Alias="Object66" Column="Column50" /><ColumnReference Database="Database1" Schema="Schema1" Table="Object22" Alias="Object34" Column="Column55" /><ColumnReference Database="Database1" Schema="Schema1" Table="Object22" Alias="Object34" Column="Column51" /><ColumnReference Database="Database1" Schema="Schema1" Table="Object10" Alias="Object47" Column="Column50" /><ColumnReference Database="Database1" Schema="Schema1" Table="Object10" Alias="Object46" Column="Column50" /><ColumnReference Database="Database1" Schema="Schema1" Table="Object10" Alias="Object45" Column="Column50" /><ColumnReference Database="Database1" Schema="Schema1" Table="Object10" Alias="Object44" Column="Column50" /><ColumnReference Column="Expr1101" /></OutputList><RunTimeInformation><RunTimeCountersPerThread Thread="0" ActualRows="3213" Batches="0" ActualEndOfScans="1" ActualExecutions="1" ActualExecutionMode="Row" ActualElapsedms="5675" ActualCPUms="2882" /></RunTimeInformation><StreamAggregate><DefinedValues><DefinedValue><ColumnReference Column="Expr1101" /><ScalarOperator ScalarString="ScalarString99"><Aggregate AggType="MAX" Distinct="false"><ScalarOperator><Intrinsic FunctionName="Function8"><ScalarOperator><Const ConstValue="Value24" /></ScalarOperator><ScalarOperator><Const ConstValue="Value10" /></ScalarOperator><ScalarOperator><Intrinsic FunctionName="Function8"><ScalarOperator><Const ConstValue="Value24" /></ScalarOperator><ScalarOperator><Const ConstValue="Value25" /></ScalarOperator><ScalarOperator><Identifier><ColumnReference Column="Expr1076" /></Identifier></ScalarOperator></Intrinsic></ScalarOperator></Intrinsic></ScalarOperator></Aggregate></ScalarOperator></DefinedValue><DefinedValue><ColumnReference Column="Expr1075" /><ScalarOperator ScalarString="ScalarString87"><Aggregate AggType="ANY" Distinct="false"><ScalarOperator><Identifier><ColumnReference Column="Expr1075" /></Identifier></ScalarOperator></Aggregate></ScalarOperator></DefinedValue><DefinedValue><ColumnReference Column="Expr1077" /><ScalarOperator ScalarString="ScalarString88"><Aggregate AggType="ANY" Distinct="false"><ScalarOperator><Identifier><ColumnReference Column="Expr1077" /></Identifier></ScalarOperator></Aggregate></ScalarOperator></DefinedValue></DefinedValues><GroupBy><ColumnReference Column="Column159" /></GroupBy><RelOp AvgRowSize="1083" EstimateCPU="1.099E-06" EstimateIO="0" EstimateRebinds="0" EstimateRewinds="0" EstimatedExecutionMode="Row" EstimateRows="2" LogicalOp="Window Spool" NodeId="182" Parallel="true" PhysicalOp="Window Spool" EstimatedTotalSubtreeCost="1.50446"><OutputList><ColumnReference Column="Expr1075" /><ColumnReference Column="Expr1076" /><ColumnReference Column="Expr1077" /><ColumnReference Database="Database1" Schema="Schema1" Table="Object22" Alias="Object43" Column="Column55" /><ColumnReference Database="Database1" Schema="Schema1" Table="Object22" Alias="Object43" Column="Column51" /><ColumnReference Database="Database1" Schema="Schema1" Table="Object10" Alias="Object67" Column="Column50" /><ColumnReference Database="Database1" Schema="Schema1" Table="Object22" Alias="Object33" Column="Column55" /><ColumnReference Database="Database1" Schema="Schema1" Table="Object22" Alias="Object33" Column="Column51" /><ColumnReference Database="Database1" Schema="Schema1" Table="Object10" Alias="Object66" Column="Column50" /><ColumnReference Database="Database1" Schema="Schema1" Table="Object10" Alias="Object68" Column="Column50" /><ColumnReference Database="Database1" Schema="Schema1" Table="Object22" Alias="Object34" Column="Column55" /><ColumnReference Database="Database1" Schema="Schema1" Table="Object22" Alias="Object34" Column="Column51" /><ColumnReference Database="Database1" Schema="Schema1" Table="Object10" Alias="Object47" Column="Column50" /><ColumnReference Database="Database1" Schema="Schema1" Table="Object10" Alias="Object46" Column="Column50" /><ColumnReference Database="Database1" Schema="Schema1" Table="Object10" Alias="Object45" Column="Column50" /><ColumnReference Database="Database1" Schema="Schema1" Table="Object10" Alias="Object44" Column="Column50" /><ColumnReference Column="Column160" /><ColumnReference Column="Column159" /><ColumnReference Column="Column161" /></OutputList><RunTimeInformation><RunTimeCountersPerThread Thread="0" ActualRows="5588" Batches="0" ActualEndOfScans="1" ActualExecutions="1" ActualExecutionMode="Row" ActualElapsedms="5670" ActualCPUms="2877" /></RunTimeInformation><WindowSpool><RelOp AvgRowSize="1083" EstimateCPU="3.14E-08" EstimateIO="0" EstimateRebinds="0" EstimateRewinds="0" EstimatedExecutionMode="Row" EstimateRows="1" LogicalOp="Segment" NodeId="183" Parallel="true" PhysicalOp="Segment" EstimatedTotalSubtreeCost="1.50446"><OutputList><ColumnReference Column="Expr1075" /><ColumnReference Column="Expr1076" /><ColumnReference Column="Expr1077" /><ColumnReference Database="Database1" Schema="Schema1" Table="Object22" Alias="Object43" Column="Column55" /><ColumnReference Database="Database1" Schema="Schema1" Table="Object22" Alias="Object43" Column="Column51" /><ColumnReference Database="Database1" Schema="Schema1" Table="Object10" Alias="Object67" Column="Column50" /><ColumnReference Database="Database1" Schema="Schema1" Table="Object22" Alias="Object33" Column="Column55" /><ColumnReference Database="Database1" Schema="Schema1" Table="Object22" Alias="Object33" Column="Column51" /><ColumnReference Database="Database1" Schema="Schema1" Table="Object10" Alias="Object66" Column="Column50" /><ColumnReference Database="Database1" Schema="Schema1" Table="Object10" Alias="Object68" Column="Column50" /><ColumnReference Database="Database1" Schema="Schema1" Table="Object22" Alias="Object34" Column="Column55" /><ColumnReference Database="Database1" Schema="Schema1" Table="Object22" Alias="Object34" Column="Column51" /><ColumnReference Database="Database1" Schema="Schema1" Table="Object10" Alias="Object47" Column="Column50" /><ColumnReference Database="Database1" Schema="Schema1" Table="Object10" Alias="Object46" Column="Column50" /><ColumnReference Database="Database1" Schema="Schema1" Table="Object10" Alias="Object45" Column="Column50" /><ColumnReference Database="Database1" Schema="Schema1" Table="Object10" Alias="Object44" Column="Column50" /><ColumnReference Column="Column160" /><ColumnReference Column="Column162" /><ColumnReference Column="Column161" /></OutputList><RunTimeInformation><RunTimeCountersPerThread Thread="0" ActualRows="3213" Batches="0" ActualEndOfScans="1" ActualExecutions="1" ActualExecutionMode="Row" ActualElapsedms="5666" ActualCPUms="2873" /></RunTimeInformation><Segment><GroupBy><ColumnReference Database="Database1" Schema="Schema1" Table="Object22" Alias="Object43" Column="Column51" /><ColumnReference Database="Database1" Schema="Schema1" Table="Object22" Alias="Object33" Column="Column51" /><ColumnReference Database="Database1" Schema="Schema1" Table="Object10" Alias="Object66" Column="Column50" /><ColumnReference Database="Database1" Schema="Schema1" Table="Object22" Alias="Object34" Column="Column51" /><ColumnReference Database="Database1" Schema="Schema1" Table="Object22" Alias="Object34" Column="Column55" /><ColumnReference Database="Database1" Schema="Schema1" Table="Object10" Alias="Object46" Column="Column50" /><ColumnReference Database="Database1" Schema="Schema1" Table="Object22" Alias="Object33" Column="Column55" /><ColumnReference Database="Database1" Schema="Schema1" Table="Object10" Alias="Object45" Column="Column50" /><ColumnReference Database="Database1" Schema="Schema1" Table="Object22" Alias="Object43" Column="Column55" /><ColumnReference Database="Database1" Schema="Schema1" Table="Object10" Alias="Object44" Column="Column50" /><ColumnReference Database="Database1" Schema="Schema1" Table="Object10" Alias="Object47" Column="Column50" /></GroupBy><SegmentColumn><ColumnReference Column="Column161" /></SegmentColumn><RelOp AvgRowSize="1075" EstimateCPU="5E-08" EstimateIO="0" EstimateRebinds="0" EstimateRewinds="0" EstimatedExecutionMode="Row" EstimateRows="1" LogicalOp="Compute Scalar" NodeId="184" Parallel="true" PhysicalOp="Compute Scalar" EstimatedTotalSubtreeCost="1.50446"><OutputList><ColumnReference Column="Expr1075" /><ColumnReference Column="Expr1076" /><ColumnReference Column="Expr1077" /><ColumnReference Database="Database1" Schema="Schema1" Table="Object22" Alias="Object43" Column="Column55" /><ColumnReference Database="Database1" Schema="Schema1" Table="Object22" Alias="Object43" Column="Column51" /><ColumnReference Database="Database1" Schema="Schema1" Table="Object10" Alias="Object67" Column="Column50" /><ColumnReference Database="Database1" Schema="Schema1" Table="Object22" Alias="Object33" Column="Column55" /><ColumnReference Database="Database1" Schema="Schema1" Table="Object22" Alias="Object33" Column="Column51" /><ColumnReference Database="Database1" Schema="Schema1" Table="Object10" Alias="Object66" Column="Column50" /><ColumnReference Database="Database1" Schema="Schema1" Table="Object10" Alias="Object68" Column="Column50" /><ColumnReference Database="Database1" Schema="Schema1" Table="Object22" Alias="Object34" Column="Column55" /><ColumnReference Database="Database1" Schema="Schema1" Table="Object22" Alias="Object34" Column="Column51" /><ColumnReference Database="Database1" Schema="Schema1" Table="Object10" Alias="Object47" Column="Column50" /><ColumnReference Database="Database1" Schema="Schema1" Table="Object10" Alias="Object46" Column="Column50" /><ColumnReference Database="Database1" Schema="Schema1" Table="Object10" Alias="Object45" Column="Column50" /><ColumnReference Database="Database1" Schema="Schema1" Table="Object10" Alias="Object44" Column="Column50" /><ColumnReference Column="Column160" /><ColumnReference Column="Column162" /></OutputList><ComputeScalar><DefinedValues><DefinedValue><ColumnReference Column="Column162" /><ScalarOperator ScalarString="ScalarString100"><Arithmetic Operation="SUB"><ScalarOperator><Identifier><ColumnReference Column="Column160" /></Identifier></ScalarOperator><ScalarOperator><Const ConstValue="Value10" /></ScalarOperator></Arithmetic></ScalarOperator></DefinedValue></DefinedValues><RelOp AvgRowSize="1067" EstimateCPU="5.05335E-05" EstimateIO="0.00563063" EstimateRebinds="0" EstimateRewinds="0" EstimatedExecutionMode="Row" EstimateRows="1" LogicalOp="Sort" NodeId="185" Parallel="true" PhysicalOp="Sort" EstimatedTotalSubtreeCost="1.50446"><OutputList><ColumnReference Column="Expr1075" /><ColumnReference Column="Expr1076" /><ColumnReference Column="Expr1077" /><ColumnReference Database="Database1" Schema="Schema1" Table="Object22" Alias="Object43" Column="Column55" /><ColumnReference Database="Database1" Schema="Schema1" Table="Object22" Alias="Object43" Column="Column51" /><ColumnReference Database="Database1" Schema="Schema1" Table="Object10" Alias="Object67" Column="Column50" /><ColumnReference Database="Database1" Schema="Schema1" Table="Object22" Alias="Object33" Column="Column55" /><ColumnReference Database="Database1" Schema="Schema1" Table="Object22" Alias="Object33" Column="Column51" /><ColumnReference Database="Database1" Schema="Schema1" Table="Object10" Alias="Object66" Column="Column50" /><ColumnReference Database="Database1" Schema="Schema1" Table="Object10" Alias="Object68" Column="Column50" /><ColumnReference Database="Database1" Schema="Schema1" Table="Object22" Alias="Object34" Column="Column55" /><ColumnReference Database="Database1" Schema="Schema1" Table="Object22" Alias="Object34" Column="Column51" /><ColumnReference Database="Database1" Schema="Schema1" Table="Object10" Alias="Object47" Column="Column50" /><ColumnReference Database="Database1" Schema="Schema1" Table="Object10" Alias="Object46" Column="Column50" /><ColumnReference Database="Database1" Schema="Schema1" Table="Object10" Alias="Object45" Column="Column50" /><ColumnReference Database="Database1" Schema="Schema1" Table="Object10" Alias="Object44" Column="Column50" /><ColumnReference Column="Column160" /></OutputList><MemoryFractions Input="0.00306844" Output="0.00306844" /><RunTimeInformation><RunTimeCountersPerThread Thread="0" ActualRebinds="1" ActualRewinds="0" ActualRows="3213" Batches="0" ActualEndOfScans="1" ActualExecutions="1" ActualExecutionMode="Row" ActualElapsedms="5664" ActualCPUms="2871" ActualScans="0" ActualLogicalReads="0" ActualPhysicalReads="0" ActualReadAheads="0" ActualLobLogicalReads="0" ActualLobPhysicalReads="0" ActualLobReadAheads="0" InputMemoryGrant="3344" OutputMemoryGrant="2960" UsedMemoryGrant="1256" /></RunTimeInformation><Sort Distinct="false"><OrderBy><OrderByColumn Ascending="true"><ColumnReference Database="Database1" Schema="Schema1" Table="Object22" Alias="Object43" Column="Column51" /></OrderByColumn><OrderByColumn Ascending="true"><ColumnReference Database="Database1" Schema="Schema1" Table="Object10" Alias="Object67" Column="Column50" /></OrderByColumn><OrderByColumn Ascending="true"><ColumnReference Database="Database1" Schema="Schema1" Table="Object10" Alias="Object66" Column="Column50" /></OrderByColumn><OrderByColumn Ascending="true"><ColumnReference Database="Database1" Schema="Schema1" Table="Object10" Alias="Object68" Column="Column50" /></OrderByColumn><OrderByColumn Ascending="true"><ColumnReference Database="Database1" Schema="Schema1" Table="Object22" Alias="Object34" Column="Column55" /></OrderByColumn><OrderByColumn Ascending="true"><ColumnReference Database="Database1" Schema="Schema1" Table="Object10" Alias="Object46" Column="Column50" /></OrderByColumn><OrderByColumn Ascending="true"><ColumnReference Database="Database1" Schema="Schema1" Table="Object22" Alias="Object33" Column="Column55" /></OrderByColumn><OrderByColumn Ascending="true"><ColumnReference Database="Database1" Schema="Schema1" Table="Object10" Alias="Object45" Column="Column50" /></OrderByColumn><OrderByColumn Ascending="true"><ColumnReference Database="Database1" Schema="Schema1" Table="Object22" Alias="Object43" Column="Column55" /></OrderByColumn><OrderByColumn Ascending="true"><ColumnReference Database="Database1" Schema="Schema1" Table="Object10" Alias="Object44" Column="Column50" /></OrderByColumn><OrderByColumn Ascending="true"><ColumnReference Database="Database1" Schema="Schema1" Table="Object10" Alias="Object47" Column="Column50" /></OrderByColumn><OrderByColumn Ascending="true"><ColumnReference Column="Column160" /></OrderByColumn></OrderBy><RelOp AvgRowSize="1067" EstimateCPU="4E-08" EstimateIO="0" EstimateRebinds="0" EstimateRewinds="0" EstimatedExecutionMode="Row" EstimateRows="1" LogicalOp="Compute Scalar" NodeId="186" Parallel="true" PhysicalOp="Sequence Project" EstimatedTotalSubtreeCost="1.49877"><OutputList><ColumnReference Column="Expr1075" /><ColumnReference Column="Expr1076" /><ColumnReference Column="Expr1077" /><ColumnReference Database="Database1" Schema="Schema1" Table="Object22" Alias="Object43" Column="Column55" /><ColumnReference Database="Database1" Schema="Schema1" Table="Object22" Alias="Object43" Column="Column51" /><ColumnReference Database="Database1" Schema="Schema1" Table="Object10" Alias="Object67" Column="Column50" /><ColumnReference Database="Database1" Schema="Schema1" Table="Object22" Alias="Object33" Column="Column55" /><ColumnReference Database="Database1" Schema="Schema1" Table="Object22" Alias="Object33" Column="Column51" /><ColumnReference Database="Database1" Schema="Schema1" Table="Object10" Alias="Object66" Column="Column50" /><ColumnReference Database="Database1" Schema="Schema1" Table="Object10" Alias="Object68" Column="Column50" /><ColumnReference Database="Database1" Schema="Schema1" Table="Object22" Alias="Object34" Column="Column55" /><ColumnReference Database="Database1" Schema="Schema1" Table="Object22" Alias="Object34" Column="Column51" /><ColumnReference Database="Database1" Schema="Schema1" Table="Object10" Alias="Object47" Column="Column50" /><ColumnReference Database="Database1" Schema="Schema1" Table="Object10" Alias="Object46" Column="Column50" /><ColumnReference Database="Database1" Schema="Schema1" Table="Object10" Alias="Object45" Column="Column50" /><ColumnReference Database="Database1" Schema="Schema1" Table="Object10" Alias="Object44" Column="Column50" /><ColumnReference Column="Column160" /></OutputList><RunTimeInformation><RunTimeCountersPerThread Thread="0" ActualRows="3213" Batches="0" ActualEndOfScans="1" ActualExecutions="1" ActualExecutionMode="Row" ActualElapsedms="5625" ActualCPUms="2865" /></RunTimeInformation><SequenceProject><DefinedValues><DefinedValue><ColumnReference Column="Column160" /><ScalarOperator ScalarString="ScalarString101"><Sequence FunctionName="Function9" /></ScalarOperator></DefinedValue></DefinedValues><RelOp AvgRowSize="1067" EstimateCPU="1E-08" EstimateIO="0" EstimateRebinds="0" EstimateRewinds="0" EstimatedExecutionMode="Row" EstimateRows="1" LogicalOp="Segment" NodeId="187" Parallel="true" PhysicalOp="Segment" EstimatedTotalSubtreeCost="1.49877"><OutputList><ColumnReference Column="Expr1075" /><ColumnReference Column="Expr1076" /><ColumnReference Column="Expr1077" /><ColumnReference Database="Database1" Schema="Schema1" Table="Object22" Alias="Object43" Column="Column55" /><ColumnReference Database="Database1" Schema="Schema1" Table="Object22" Alias="Object43" Column="Column51" /><ColumnReference Database="Database1" Schema="Schema1" Table="Object10" Alias="Object67" Column="Column50" /><ColumnReference Database="Database1" Schema="Schema1" Table="Object22" Alias="Object33" Column="Column55" /><ColumnReference Database="Database1" Schema="Schema1" Table="Object22" Alias="Object33" Column="Column51" /><ColumnReference Database="Database1" Schema="Schema1" Table="Object10" Alias="Object66" Column="Column50" /><ColumnReference Database="Database1" Schema="Schema1" Table="Object10" Alias="Object68" Column="Column50" /><ColumnReference Database="Database1" Schema="Schema1" Table="Object22" Alias="Object34" Column="Column55" /><ColumnReference Database="Database1" Schema="Schema1" Table="Object22" Alias="Object34" Column="Column51" /><ColumnReference Database="Database1" Schema="Schema1" Table="Object10" Alias="Object47" Column="Column50" /><ColumnReference Database="Database1" Schema="Schema1" Table="Object10" Alias="Object46" Column="Column50" /><ColumnReference Database="Database1" Schema="Schema1" Table="Object10" Alias="Object45" Column="Column50" /><ColumnReference Database="Database1" Schema="Schema1" Table="Object10" Alias="Object44" Column="Column50" /><ColumnReference Column="Column163" /></OutputList><RunTimeInformation><RunTimeCountersPerThread Thread="0" ActualRows="3213" Batches="0" ActualEndOfScans="1" ActualExecutions="1" ActualExecutionMode="Row" ActualElapsedms="5625" ActualCPUms="2865" /></RunTimeInformation><Segment><GroupBy><ColumnReference Database="Database1" Schema="Schema1" Table="Object22" Alias="Object43" Column="Column51" /><ColumnReference Database="Database1" Schema="Schema1" Table="Object22" Alias="Object33" Column="Column51" /><ColumnReference Database="Database1" Schema="Schema1" Table="Object10" Alias="Object66" Column="Column50" /><ColumnReference Database="Database1" Schema="Schema1" Table="Object22" Alias="Object34" Column="Column51" /><ColumnReference Database="Database1" Schema="Schema1" Table="Object22" Alias="Object34" Column="Column55" /><ColumnReference Database="Database1" Schema="Schema1" Table="Object10" Alias="Object46" Column="Column50" /><ColumnReference Database="Database1" Schema="Schema1" Table="Object22" Alias="Object33" Column="Column55" /><ColumnReference Database="Database1" Schema="Schema1" Table="Object10" Alias="Object45" Column="Column50" /><ColumnReference Database="Database1" Schema="Schema1" Table="Object22" Alias="Object43" Column="Column55" /><ColumnReference Database="Database1" Schema="Schema1" Table="Object10" Alias="Object44" Column="Column50" /><ColumnReference Database="Database1" Schema="Schema1" Table="Object10" Alias="Object47" Column="Column50" /></GroupBy><SegmentColumn><ColumnReference Column="Column163" /></SegmentColumn><RelOp AvgRowSize="1058" EstimateCPU="5.0529E-05" EstimateIO="0.00563063" EstimateRebinds="0" EstimateRewinds="0" EstimatedExecutionMode="Row" EstimateRows="1" LogicalOp="Sort" NodeId="188" Parallel="true" PhysicalOp="Sort" EstimatedTotalSubtreeCost="1.49877"><OutputList><ColumnReference Column="Expr1075" /><ColumnReference Column="Expr1076" /><ColumnReference Column="Expr1077" /><ColumnReference Database="Database1" Schema="Schema1" Table="Object22" Alias="Object43" Column="Column55" /><ColumnReference Database="Database1" Schema="Schema1" Table="Object22" Alias="Object43" Column="Column51" /><ColumnReference Database="Database1" Schema="Schema1" Table="Object10" Alias="Object67" Column="Column50" /><ColumnReference Database="Database1" Schema="Schema1" Table="Object22" Alias="Object33" Column="Column55" /><ColumnReference Database="Database1" Schema="Schema1" Table="Object22" Alias="Object33" Column="Column51" /><ColumnReference Database="Database1" Schema="Schema1" Table="Object10" Alias="Object66" Column="Column50" /><ColumnReference Database="Database1" Schema="Schema1" Table="Object10" Alias="Object68" Column="Column50" /><ColumnReference Database="Database1" Schema="Schema1" Table="Object22" Alias="Object34" Column="Column55" /><ColumnReference Database="Database1" Schema="Schema1" Table="Object22" Alias="Object34" Column="Column51" /><ColumnReference Database="Database1" Schema="Schema1" Table="Object10" Alias="Object47" Column="Column50" /><ColumnReference Database="Database1" Schema="Schema1" Table="Object10" Alias="Object46" Column="Column50" /><ColumnReference Database="Database1" Schema="Schema1" Table="Object10" Alias="Object45" Column="Column50" /><ColumnReference Database="Database1" Schema="Schema1" Table="Object10" Alias="Object44" Column="Column50" /></OutputList><Warnings><SpillToTempDb SpillLevel="1" SpilledThreadCount="1" /><SortSpillDetails GrantedMemoryKb="544" UsedMemoryKb="544" WritesToTempDb="139" ReadsFromTempDb="139" /></Warnings><MemoryFractions Input="3.47699E-05" Output="0.00306844" /><RunTimeInformation><RunTimeCountersPerThread Thread="0" ActualRebinds="1" ActualRewinds="0" ActualRows="3213" Batches="0" ActualEndOfScans="1" ActualExecutions="1" ActualExecutionMode="Row" ActualElapsedms="5623" ActualCPUms="2863" ActualScans="0" ActualLogicalReads="0" ActualPhysicalReads="0" ActualReadAheads="0" ActualLobLogicalReads="0" ActualLobPhysicalReads="0" ActualLobReadAheads="0" InputMemoryGrant="544" OutputMemoryGrant="2960" UsedMemoryGrant="656" /></RunTimeInformation><Sort Distinct="false"><OrderBy><OrderByColumn Ascending="true"><ColumnReference Database="Database1" Schema="Schema1" Table="Object22" Alias="Object43" Column="Column51" /></OrderByColumn><OrderByColumn Ascending="true"><ColumnReference Database="Database1" Schema="Schema1" Table="Object10" Alias="Object67" Column="Column50" /></OrderByColumn><OrderByColumn Ascending="true"><ColumnReference Database="Database1" Schema="Schema1" Table="Object10" Alias="Object66" Column="Column50" /></OrderByColumn><OrderByColumn Ascending="true"><ColumnReference Database="Database1" Schema="Schema1" Table="Object10" Alias="Object68" Column="Column50" /></OrderByColumn><OrderByColumn Ascending="true"><ColumnReference Database="Database1" Schema="Schema1" Table="Object22" Alias="Object34" Column="Column55" /></OrderByColumn><OrderByColumn Ascending="true"><ColumnReference Database="Database1" Schema="Schema1" Table="Object10" Alias="Object46" Column="Column50" /></OrderByColumn><OrderByColumn Ascending="true"><ColumnReference Database="Database1" Schema="Schema1" Table="Object22" Alias="Object33" Column="Column55" /></OrderByColumn><OrderByColumn Ascending="true"><ColumnReference Database="Database1" Schema="Schema1" Table="Object10" Alias="Object45" Column="Column50" /></OrderByColumn><OrderByColumn Ascending="true"><ColumnReference Database="Database1" Schema="Schema1" Table="Object22" Alias="Object43" Column="Column55" /></OrderByColumn><OrderByColumn Ascending="true"><ColumnReference Database="Database1" Schema="Schema1" Table="Object10" Alias="Object44" Column="Column50" /></OrderByColumn><OrderByColumn Ascending="true"><ColumnReference Database="Database1" Schema="Schema1" Table="Object10" Alias="Object47" Column="Column50" /></OrderByColumn><OrderByColumn Ascending="true"><ColumnReference Column="Expr1075" /></OrderByColumn><OrderByColumn Ascending="true"><ColumnReference Column="Expr1077" /></OrderByColumn></OrderBy><RelOp AvgRowSize="1058" EstimateCPU="5E-08" EstimateIO="0" EstimateRebinds="0" EstimateRewinds="0" EstimatedExecutionMode="Row" EstimateRows="1" LogicalOp="Compute Scalar" NodeId="189" Parallel="true" PhysicalOp="Compute Scalar" EstimatedTotalSubtreeCost="1.49309"><OutputList><ColumnReference Column="Expr1075" /><ColumnReference Column="Expr1076" /><ColumnReference Column="Expr1077" /><ColumnReference Database="Database1" Schema="Schema1" Table="Object22" Alias="Object43" Column="Column55" /><ColumnReference Database="Database1" Schema="Schema1" Table="Object22" Alias="Object43" Column="Column51" /><ColumnReference Database="Database1" Schema="Schema1" Table="Object10" Alias="Object67" Column="Column50" /><ColumnReference Database="Database1" Schema="Schema1" Table="Object22" Alias="Object33" Column="Column55" /><ColumnReference Database="Database1" Schema="Schema1" Table="Object22" Alias="Object33" Column="Column51" /><ColumnReference Database="Database1" Schema="Schema1" Table="Object10" Alias="Object66" Column="Column50" /><ColumnReference Database="Database1" Schema="Schema1" Table="Object10" Alias="Object68" Column="Column50" /><ColumnReference Database="Database1" Schema="Schema1" Table="Object22" Alias="Object34" Column="Column55" /><ColumnReference Database="Database1" Schema="Schema1" Table="Object22" Alias="Object34" Column="Column51" /><ColumnReference Database="Database1" Schema="Schema1" Table="Object10" Alias="Object47" Column="Column50" /><ColumnReference Database="Database1" Schema="Schema1" Table="Object10" Alias="Object46" Column="Column50" /><ColumnReference Database="Database1" Schema="Schema1" Table="Object10" Alias="Object45" Column="Column50" /><ColumnReference Database="Database1" Schema="Schema1" Table="Object10" Alias="Object44" Column="Column50" /></OutputList><ComputeScalar><DefinedValues><DefinedValue><ColumnReference Column="Expr1077" /><ScalarOperator ScalarString="ScalarString102"><Intrinsic FunctionName="Function8"><ScalarOperator><Const ConstValue="Value24" /></ScalarOperator><ScalarOperator><Const ConstValue="Value25" /></ScalarOperator><ScalarOperator><Identifier><ColumnReference Column="Expr1076" /></Identifier></ScalarOperator></Intrinsic></ScalarOperator></DefinedValue></DefinedValues><RelOp AvgRowSize="1050" EstimateCPU="0.0286296" EstimateIO="0" EstimateRebinds="0" EstimateRewinds="0" EstimatedExecutionMode="Row" EstimateRows="1" LogicalOp="Repartition Streams" NodeId="190" Parallel="true" PhysicalOp="Parallelism" EstimatedTotalSubtreeCost="1.49309"><OutputList><ColumnReference Column="Expr1075" /><ColumnReference Column="Expr1076" /><ColumnReference Database="Database1" Schema="Schema1" Table="Object22" Alias="Object43" Column="Column55" /><ColumnReference Database="Database1" Schema="Schema1" Table="Object22" Alias="Object43" Column="Column51" /><ColumnReference Database="Database1" Schema="Schema1" Table="Object10" Alias="Object67" Column="Column50" /><ColumnReference Database="Database1" Schema="Schema1" Table="Object22" Alias="Object33" Column="Column55" /><ColumnReference Database="Database1" Schema="Schema1" Table="Object22" Alias="Object33" Column="Column51" /><ColumnReference Database="Database1" Schema="Schema1" Table="Object10" Alias="Object66" Column="Column50" /><ColumnReference Database="Database1" Schema="Schema1" Table="Object10" Alias="Object68" Column="Column50" /><ColumnReference Database="Database1" Schema="Schema1" Table="Object22" Alias="Object34" Column="Column55" /><ColumnReference Database="Database1" Schema="Schema1" Table="Object22" Alias="Object34" Column="Column51" /><ColumnReference Database="Database1" Schema="Schema1" Table="Object10" Alias="Object47" Column="Column50" /><ColumnReference Database="Database1" Schema="Schema1" Table="Object10" Alias="Object46" Column="Column50" /><ColumnReference Database="Database1" Schema="Schema1" Table="Object10" Alias="Object45" Column="Column50" /><ColumnReference Database="Database1" Schema="Schema1" Table="Object10" Alias="Object44" Column="Column50" /></OutputList><Parallelism PartitioningType="Hash"><PartitionColumns><ColumnReference Database="Database1" Schema="Schema1" Table="Object22" Alias="Object43" Column="Column51" /><ColumnReference Database="Database1" Schema="Schema1" Table="Object22" Alias="Object33" Column="Column51" /><ColumnReference Database="Database1" Schema="Schema1" Table="Object10" Alias="Object66" Column="Column50" /><ColumnReference Database="Database1" Schema="Schema1" Table="Object22" Alias="Object34" Column="Column51" /><ColumnReference Database="Database1" Schema="Schema1" Table="Object22" Alias="Object34" Column="Column55" /><ColumnReference Database="Database1" Schema="Schema1" Table="Object10" Alias="Object46" Column="Column50" /><ColumnReference Database="Database1" Schema="Schema1" Table="Object22" Alias="Object33" Column="Column55" /><ColumnReference Database="Database1" Schema="Schema1" Table="Object10" Alias="Object45" Column="Column50" /><ColumnReference Database="Database1" Schema="Schema1" Table="Object22" Alias="Object43" Column="Column55" /><ColumnReference Database="Database1" Schema="Schema1" Table="Object10" Alias="Object44" Column="Column50" /><ColumnReference Database="Database1" Schema="Schema1" Table="Object10" Alias="Object47" Column="Column50" /></PartitionColumns><RelOp AvgRowSize="1050" EstimateCPU="2.09E-06" EstimateIO="0" EstimateRebinds="0" EstimateRewinds="0" EstimatedExecutionMode="Row" EstimateRows="1" LogicalOp="Left Outer Join" NodeId="191" Parallel="true" PhysicalOp="Nested Loops" EstimatedTotalSubtreeCost="1.46446"><OutputList><ColumnReference Column="Expr1075" /><ColumnReference Column="Expr1076" /><ColumnReference Database="Database1" Schema="Schema1" Table="Object22" Alias="Object43" Column="Column55" /><ColumnReference Database="Database1" Schema="Schema1" Table="Object22" Alias="Object43" Column="Column51" /><ColumnReference Database="Database1" Schema="Schema1" Table="Object10" Alias="Object67" Column="Column50" /><ColumnReference Database="Database1" Schema="Schema1" Table="Object22" Alias="Object33" Column="Column55" /><ColumnReference Database="Database1" Schema="Schema1" Table="Object22" Alias="Object33" Column="Column51" /><ColumnReference Database="Database1" Schema="Schema1" Table="Object10" Alias="Object66" Column="Column50" /><ColumnReference Database="Database1" Schema="Schema1" Table="Object10" Alias="Object68" Column="Column50" /><ColumnReference Database="Database1" Schema="Schema1" Table="Object22" Alias="Object34" Column="Column55" /><ColumnReference Database="Database1" Schema="Schema1" Table="Object22" Alias="Object34" Column="Column51" /><ColumnReference Database="Database1" Schema="Schema1" Table="Object10" Alias="Object47" Column="Column50" /><ColumnReference Database="Database1" Schema="Schema1" Table="Object10" Alias="Object46" Column="Column50" /><ColumnReference Database="Database1" Schema="Schema1" Table="Object10" Alias="Object45" Column="Column50" /><ColumnReference Database="Database1" Schema="Schema1" Table="Object10" Alias="Object44" Column="Column50" /></OutputList><RunTimeInformation><RunTimeCountersPerThread Thread="0" ActualRows="3213" Batches="0" ActualEndOfScans="1" ActualExecutions="1" ActualExecutionMode="Row" ActualElapsedms="5570" ActualCPUms="2833" /></RunTimeInformation><NestedLoops Optimized="false"><OuterReferences><ColumnReference Column="Expr1075" /><ColumnReference Database="Database1" Schema="Schema1" Table="Object22" Alias="Object43" Column="Column51" /></OuterReferences><RelOp AvgRowSize="1023" EstimateCPU="2.09E-06" EstimateIO="0" EstimateRebinds="0" EstimateRewinds="0" EstimatedExecutionMode="Row" EstimateRows="1" LogicalOp="Left Outer Join" NodeId="192" Parallel="true" PhysicalOp="Nested Loops" EstimatedTotalSubtreeCost="1.45789"><OutputList><ColumnReference Column="Expr1075" /><ColumnReference Column="Expr1076" /><ColumnReference Database="Database1" Schema="Schema1" Table="Object22" Alias="Object43" Column="Column55" /><ColumnReference Database="Database1" Schema="Schema1" Table="Object22" Alias="Object43" Column="Column51" /><ColumnReference Database="Database1" Schema="Schema1" Table="Object10" Alias="Object67" Column="Column50" /><ColumnReference Database="Database1" Schema="Schema1" Table="Object22" Alias="Object33" Column="Column55" /><ColumnReference Database="Database1" Schema="Schema1" Table="Object22" Alias="Object33" Column="Column51" /><ColumnReference Database="Database1" Schema="Schema1" Table="Object10" Alias="Object66" Column="Column50" /><ColumnReference Database="Database1" Schema="Schema1" Table="Object10" Alias="Object68" Column="Column50" /><ColumnReference Database="Database1" Schema="Schema1" Table="Object22" Alias="Object34" Column="Column55" /><ColumnReference Database="Database1" Schema="Schema1" Table="Object22" Alias="Object34" Column="Column51" /><ColumnReference Database="Database1" Schema="Schema1" Table="Object10" Alias="Object47" Column="Column50" /><ColumnReference Database="Database1" Schema="Schema1" Table="Object10" Alias="Object46" Column="Column50" /><ColumnReference Database="Database1" Schema="Schema1" Table="Object10" Alias="Object45" Column="Column50" /></OutputList><RunTimeInformation><RunTimeCountersPerThread Thread="0" ActualRows="3213" Batches="0" ActualEndOfScans="1" ActualExecutions="1" ActualExecutionMode="Row" ActualElapsedms="5379" ActualCPUms="2757" /></RunTimeInformation><NestedLoops Optimized="false"><OuterReferences><ColumnReference Column="Expr1075" /><ColumnReference Database="Database1" Schema="Schema1" Table="Object22" Alias="Object33" Column="Column51" /></OuterReferences><RelOp AvgRowSize="996" EstimateCPU="2.09E-06" EstimateIO="0" EstimateRebinds="0" EstimateRewinds="0" EstimatedExecutionMode="Row" EstimateRows="1" LogicalOp="Left Outer Join" NodeId="193" Parallel="true" PhysicalOp="Nested Loops" EstimatedTotalSubtreeCost="1.45132"><OutputList><ColumnReference Column="Expr1075" /><ColumnReference Column="Expr1076" /><ColumnReference Database="Database1" Schema="Schema1" Table="Object22" Alias="Object43" Column="Column55" /><ColumnReference Database="Database1" Schema="Schema1" Table="Object22" Alias="Object43" Column="Column51" /><ColumnReference Database="Database1" Schema="Schema1" Table="Object10" Alias="Object67" Column="Column50" /><ColumnReference Database="Database1" Schema="Schema1" Table="Object22" Alias="Object33" Column="Column55" /><ColumnReference Database="Database1" Schema="Schema1" Table="Object22" Alias="Object33" Column="Column51" /><ColumnReference Database="Database1" Schema="Schema1" Table="Object10" Alias="Object66" Column="Column50" /><ColumnReference Database="Database1" Schema="Schema1" Table="Object10" Alias="Object68" Column="Column50" /><ColumnReference Database="Database1" Schema="Schema1" Table="Object22" Alias="Object34" Column="Column55" /><ColumnReference Database="Database1" Schema="Schema1" Table="Object22" Alias="Object34" Column="Column51" /><ColumnReference Database="Database1" Schema="Schema1" Table="Object10" Alias="Object47" Column="Column50" /><ColumnReference Database="Database1" Schema="Schema1" Table="Object10" Alias="Object46" Column="Column50" /></OutputList><RunTimeInformation><RunTimeCountersPerThread Thread="0" ActualRows="3213" Batches="0" ActualEndOfScans="1" ActualExecutions="1" ActualExecutionMode="Row" ActualElapsedms="5248" ActualCPUms="2673" /></RunTimeInformation><NestedLoops Optimized="false"><OuterReferences><ColumnReference Column="Expr1075" /><ColumnReference Database="Database1" Schema="Schema1" Table="Object22" Alias="Object34" Column="Column51" /></OuterReferences><RelOp AvgRowSize="969" EstimateCPU="2.09E-06" EstimateIO="0" EstimateRebinds="0" EstimateRewinds="0" EstimatedExecutionMode="Row" EstimateRows="1" LogicalOp="Left Outer Join" NodeId="194" Parallel="true" PhysicalOp="Nested Loops" EstimatedTotalSubtreeCost="1.44474"><OutputList><ColumnReference Column="Expr1075" /><ColumnReference Column="Expr1076" /><ColumnReference Database="Database1" Schema="Schema1" Table="Object22" Alias="Object43" Column="Column55" /><ColumnReference Database="Database1" Schema="Schema1" Table="Object22" Alias="Object43" Column="Column51" /><ColumnReference Database="Database1" Schema="Schema1" Table="Object10" Alias="Object67" Column="Column50" /><ColumnReference Database="Database1" Schema="Schema1" Table="Object22" Alias="Object33" Column="Column55" /><ColumnReference Database="Database1" Schema="Schema1" Table="Object22" Alias="Object33" Column="Column51" /><ColumnReference Database="Database1" Schema="Schema1" Table="Object10" Alias="Object66" Column="Column50" /><ColumnReference Database="Database1" Schema="Schema1" Table="Object10" Alias="Object68" Column="Column50" /><ColumnReference Database="Database1" Schema="Schema1" Table="Object22" Alias="Object34" Column="Column55" /><ColumnReference Database="Database1" Schema="Schema1" Table="Object22" Alias="Object34" Column="Column51" /><ColumnReference Database="Database1" Schema="Schema1" Table="Object10" Alias="Object47" Column="Column50" /></OutputList><RunTimeInformation><RunTimeCountersPerThread Thread="0" ActualRows="3213" Batches="0" ActualEndOfScans="1" ActualExecutions="1" ActualExecutionMode="Row" ActualElapsedms="798" ActualCPUms="373" /></RunTimeInformation><NestedLoops Optimized="false"><Predicate><ScalarOperator ScalarString="ScalarString103"><Logical Operation="AND"><ScalarOperator><Compare CompareOp="EQ"><ScalarOperator><Identifier><ColumnReference Database="Database1" Schema="Schema1" Table="Object10" Alias="Object47" Column="Column164" /></Identifier></ScalarOperator><ScalarOperator><Identifier><ColumnReference Database="Database1" Schema="Schema1" Table="Object22" Alias="Object34" Column="Column51" /></Identifier></ScalarOperator></Compare></ScalarOperator><ScalarOperator><Compare CompareOp="GE"><ScalarOperator><Identifier><ColumnReference Column="Expr1075" /></Identifier></ScalarOperator><ScalarOperator><Identifier><ColumnReference Database="Database1" Schema="Schema1" Table="Object10" Alias="Object47" Column="Column75" /></Identifier></ScalarOperator></Compare></ScalarOperator><ScalarOperator><Compare CompareOp="LE"><ScalarOperator><Identifier><ColumnReference Column="Expr1075" /></Identifier></ScalarOperator><ScalarOperator><Identifier><ColumnReference Database="Database1" Schema="Schema1" Table="Object10" Alias="Object47" Column="Column73" /></Identifier></ScalarOperator></Compare></ScalarOperator></Logical></ScalarOperator></Predicate><RelOp AvgRowSize="942" EstimateCPU="2.09E-06" EstimateIO="0" EstimateRebinds="0" EstimateRewinds="0" EstimatedExecutionMode="Row" EstimateRows="1" LogicalOp="Inner Join" NodeId="195" Parallel="true" PhysicalOp="Nested Loops" EstimatedTotalSubtreeCost="1.43817"><OutputList><ColumnReference Column="Expr1075" /><ColumnReference Column="Expr1076" /><ColumnReference Database="Database1" Schema="Schema1" Table="Object22" Alias="Object43" Column="Column55" /><ColumnReference Database="Database1" Schema="Schema1" Table="Object22" Alias="Object43" Column="Column51" /><ColumnReference Database="Database1" Schema="Schema1" Table="Object10" Alias="Object67" Column="Column50" /><ColumnReference Database="Database1" Schema="Schema1" Table="Object22" Alias="Object33" Column="Column55" /><ColumnReference Database="Database1" Schema="Schema1" Table="Object22" Alias="Object33" Column="Column51" /><ColumnReference Database="Database1" Schema="Schema1" Table="Object10" Alias="Object66" Column="Column50" /><ColumnReference Database="Database1" Schema="Schema1" Table="Object10" Alias="Object68" Column="Column50" /><ColumnReference Database="Database1" Schema="Schema1" Table="Object22" Alias="Object34" Column="Column55" /><ColumnReference Database="Database1" Schema="Schema1" Table="Object22" Alias="Object34" Column="Column51" /></OutputList><RunTimeInformation><RunTimeCountersPerThread Thread="0" ActualRows="3213" Batches="0" ActualEndOfScans="1" ActualExecutions="1" ActualExecutionMode="Row" ActualElapsedms="455" ActualCPUms="217" /></RunTimeInformation><NestedLoops Optimized="false"><OuterReferences><ColumnReference Column="Column165" /></OuterReferences><RelOp AvgRowSize="693" EstimateCPU="2.09E-06" EstimateIO="0" EstimateRebinds="0" EstimateRewinds="0" EstimatedExecutionMode="Row" EstimateRows="1" LogicalOp="Inner Join" NodeId="196" Parallel="true" PhysicalOp="Nested Loops" EstimatedTotalSubtreeCost="1.43488"><OutputList><ColumnReference Column="Expr1075" /><ColumnReference Column="Expr1076" /><ColumnReference Database="Database1" Schema="Schema1" Table="Object22" Alias="Object43" Column="Column55" /><ColumnReference Database="Database1" Schema="Schema1" Table="Object22" Alias="Object43" Column="Column51" /><ColumnReference Database="Database1" Schema="Schema1" Table="Object10" Alias="Object67" Column="Column50" /><ColumnReference Database="Database1" Schema="Schema1" Table="Object22" Alias="Object33" Column="Column55" /><ColumnReference Database="Database1" Schema="Schema1" Table="Object22" Alias="Object33" Column="Column51" /><ColumnReference Database="Database1" Schema="Schema1" Table="Object10" Alias="Object66" Column="Column50" /><ColumnReference Database="Database1" Schema="Schema1" Table="Object10" Alias="Object68" Column="Column50" /><ColumnReference Column="Column165" /><ColumnReference Database="Database1" Schema="Schema1" Table="Object22" Alias="Object34" Column="Column51" /></OutputList><RunTimeInformation><RunTimeCountersPerThread Thread="0" ActualRows="3213" Batches="0" ActualEndOfScans="1" ActualExecutions="1" ActualExecutionMode="Row" ActualElapsedms="431" ActualCPUms="210" /></RunTimeInformation><NestedLoops Optimized="false"><OuterReferences><ColumnReference Database="Database1" Schema="Schema1" Table="Object10" Alias="Object68" Column="Column50" /></OuterReferences><RelOp AvgRowSize="707" EstimateCPU="2.09E-06" EstimateIO="0" EstimateRebinds="0" EstimateRewinds="0" EstimatedExecutionMode="Row" EstimateRows="1" LogicalOp="Inner Join" NodeId="197" Parallel="true" PhysicalOp="Nested Loops" EstimatedTotalSubtreeCost="1.4316"><OutputList><ColumnReference Column="Expr1075" /><ColumnReference Column="Expr1076" /><ColumnReference Database="Database1" Schema="Schema1" Table="Object22" Alias="Object43" Column="Column55" /><ColumnReference Database="Database1" Schema="Schema1" Table="Object22" Alias="Object43" Column="Column51" /><ColumnReference Database="Database1" Schema="Schema1" Table="Object10" Alias="Object67" Column="Column50" /><ColumnReference Database="Database1" Schema="Schema1" Table="Object22" Alias="Object33" Column="Column55" /><ColumnReference Database="Database1" Schema="Schema1" Table="Object22" Alias="Object33" Column="Column51" /><ColumnReference Database="Database1" Schema="Schema1" Table="Object10" Alias="Object66" Column="Column50" /><ColumnReference Database="Database1" Schema="Schema1" Table="Object10" Alias="Object68" Column="Column50" /></OutputList><RunTimeInformation><RunTimeCountersPerThread Thread="0" ActualRows="3213" Batches="0" ActualEndOfScans="1" ActualExecutions="1" ActualExecutionMode="Row" ActualElapsedms="386" ActualCPUms="189" /></RunTimeInformation><NestedLoops Optimized="false"><OuterReferences><ColumnReference Column="Column166" /><ColumnReference Column="Expr1075" /></OuterReferences><RelOp AvgRowSize="639" EstimateCPU="2.09E-06" EstimateIO="0" EstimateRebinds="0" EstimateRewinds="0" EstimatedExecutionMode="Row" EstimateRows="1" LogicalOp="Inner Join" NodeId="198" Parallel="true" PhysicalOp="Nested Loops" EstimatedTotalSubtreeCost="1.42831"><OutputList><ColumnReference Column="Expr1075" /><ColumnReference Column="Expr1076" /><ColumnReference Database="Database1" Schema="Schema1" Table="Object22" Alias="Object43" Column="Column55" /><ColumnReference Database="Database1" Schema="Schema1" Table="Object22" Alias="Object43" Column="Column51" /><ColumnReference Database="Database1" Schema="Schema1" Table="Object10" Alias="Object67" Column="Column50" /><ColumnReference Database="Database1" Schema="Schema1" Table="Object22" Alias="Object33" Column="Column55" /><ColumnReference Database="Database1" Schema="Schema1" Table="Object22" Alias="Object33" Column="Column51" /><ColumnReference Database="Database1" Schema="Schema1" Table="Object10" Alias="Object66" Column="Column50" /><ColumnReference Column="Column166" /></OutputList><RunTimeInformation><RunTimeCountersPerThread Thread="0" ActualRows="7709" Batches="0" ActualEndOfScans="1" ActualExecutions="1" ActualExecutionMode="Row" ActualElapsedms="312" ActualCPUms="175" /></RunTimeInformation><NestedLoops Optimized="false"><OuterReferences><ColumnReference Database="Database1" Schema="Schema1" Table="Object22" Alias="Object69" Column="Column51" /></OuterReferences><RelOp AvgRowSize="658" EstimateCPU="2.09E-06" EstimateIO="0" EstimateRebinds="0" EstimateRewinds="0" EstimatedExecutionMode="Row" EstimateRows="1" LogicalOp="Inner Join" NodeId="199" Parallel="true" PhysicalOp="Nested Loops" EstimatedTotalSubtreeCost="1.42503"><OutputList><ColumnReference Column="Expr1075" /><ColumnReference Column="Expr1076" /><ColumnReference Database="Database1" Schema="Schema1" Table="Object22" Alias="Object43" Column="Column55" /><ColumnReference Database="Database1" Schema="Schema1" Table="Object22" Alias="Object43" Column="Column51" /><ColumnReference Database="Database1" Schema="Schema1" Table="Object10" Alias="Object67" Column="Column50" /><ColumnReference Database="Database1" Schema="Schema1" Table="Object22" Alias="Object33" Column="Column55" /><ColumnReference Database="Database1" Schema="Schema1" Table="Object22" Alias="Object33" Column="Column51" /><ColumnReference Database="Database1" Schema="Schema1" Table="Object10" Alias="Object66" Column="Column50" /><ColumnReference Database="Database1" Schema="Schema1" Table="Object22" Alias="Object69" Column="Column51" /></OutputList><RunTimeInformation><RunTimeCountersPerThread Thread="0" ActualRows="3223" Batches="0" ActualEndOfScans="1" ActualExecutions="1" ActualExecutionMode="Row" ActualElapsedms="291" ActualCPUms="155" /></RunTimeInformation><NestedLoops Optimized="false"><OuterReferences><ColumnReference Database="Database1" Schema="Schema1" Table="Object10" Alias="Object66" Column="Column50" /></OuterReferences><RelOp AvgRowSize="680" EstimateCPU="2.09E-06" EstimateIO="0" EstimateRebinds="0" EstimateRewinds="0" EstimatedExecutionMode="Row" EstimateRows="1" LogicalOp="Inner Join" NodeId="200" Parallel="true" PhysicalOp="Nested Loops" EstimatedTotalSubtreeCost="1.42174"><OutputList><ColumnReference Column="Expr1075" /><ColumnReference Column="Expr1076" /><ColumnReference Database="Database1" Schema="Schema1" Table="Object22" Alias="Object43" Column="Column55" /><ColumnReference Database="Database1" Schema="Schema1" Table="Object22" Alias="Object43" Column="Column51" /><ColumnReference Database="Database1" Schema="Schema1" Table="Object10" Alias="Object67" Column="Column50" /><ColumnReference Database="Database1" Schema="Schema1" Table="Object22" Alias="Object33" Column="Column55" /><ColumnReference Database="Database1" Schema="Schema1" Table="Object22" Alias="Object33" Column="Column51" /><ColumnReference Database="Database1" Schema="Schema1" Table="Object10" Alias="Object66" Column="Column50" /></OutputList><RunTimeInformation><RunTimeCountersPerThread Thread="0" ActualRows="3223" Batches="0" ActualEndOfScans="1" ActualExecutions="1" ActualExecutionMode="Row" ActualElapsedms="265" ActualCPUms="136" /></RunTimeInformation><NestedLoops Optimized="false"><OuterReferences><ColumnReference Column="Column167" /><ColumnReference Column="Expr1075" /></OuterReferences><RelOp AvgRowSize="611" EstimateCPU="2.09E-06" EstimateIO="0" EstimateRebinds="0" EstimateRewinds="0" EstimatedExecutionMode="Row" EstimateRows="1" LogicalOp="Inner Join" NodeId="201" Parallel="true" PhysicalOp="Nested Loops" EstimatedTotalSubtreeCost="1.41846"><OutputList><ColumnReference Column="Expr1075" /><ColumnReference Column="Expr1076" /><ColumnReference Database="Database1" Schema="Schema1" Table="Object22" Alias="Object43" Column="Column55" /><ColumnReference Database="Database1" Schema="Schema1" Table="Object22" Alias="Object43" Column="Column51" /><ColumnReference Database="Database1" Schema="Schema1" Table="Object10" Alias="Object67" Column="Column50" /><ColumnReference Database="Database1" Schema="Schema1" Table="Object22" Alias="Object33" Column="Column55" /><ColumnReference Database="Database1" Schema="Schema1" Table="Object22" Alias="Object33" Column="Column51" /><ColumnReference Column="Column167" /></OutputList><RunTimeInformation><RunTimeCountersPerThread Thread="0" ActualRows="37850" Batches="0" ActualEndOfScans="1" ActualExecutions="1" ActualExecutionMode="Row" ActualElapsedms="173" ActualCPUms="92" /></RunTimeInformation><NestedLoops Optimized="false"><OuterReferences><ColumnReference Database="Database1" Schema="Schema1" Table="Object22" Alias="Object33" Column="Column51" /></OuterReferences><RelOp AvgRowSize="603" EstimateCPU="2.09E-06" EstimateIO="0" EstimateRebinds="0" EstimateRewinds="0" EstimatedExecutionMode="Row" EstimateRows="1" LogicalOp="Inner Join" NodeId="202" Parallel="true" PhysicalOp="Nested Loops" EstimatedTotalSubtreeCost="1.41517"><OutputList><ColumnReference Column="Expr1075" /><ColumnReference Column="Expr1076" /><ColumnReference Database="Database1" Schema="Schema1" Table="Object22" Alias="Object43" Column="Column55" /><ColumnReference Database="Database1" Schema="Schema1" Table="Object22" Alias="Object43" Column="Column51" /><ColumnReference Database="Database1" Schema="Schema1" Table="Object10" Alias="Object67" Column="Column50" /><ColumnReference Database="Database1" Schema="Schema1" Table="Object22" Alias="Object33" Column="Column55" /><ColumnReference Database="Database1" Schema="Schema1" Table="Object22" Alias="Object33" Column="Column51" /></OutputList><RunTimeInformation><RunTimeCountersPerThread Thread="0" ActualRows="3229" Batches="0" ActualEndOfScans="1" ActualExecutions="1" ActualExecutionMode="Row" ActualElapsedms="115" ActualCPUms="60" /></RunTimeInformation><NestedLoops Optimized="false"><OuterReferences><ColumnReference Column="Column168" /></OuterReferences><RelOp AvgRowSize="354" EstimateCPU="2.09E-06" EstimateIO="0" EstimateRebinds="0" EstimateRewinds="0" EstimatedExecutionMode="Row" EstimateRows="1" LogicalOp="Inner Join" NodeId="203" Parallel="true" PhysicalOp="Nested Loops" EstimatedTotalSubtreeCost="1.41188"><OutputList><ColumnReference Column="Expr1075" /><ColumnReference Column="Expr1076" /><ColumnReference Database="Database1" Schema="Schema1" Table="Object22" Alias="Object43" Column="Column55" /><ColumnReference Database="Database1" Schema="Schema1" Table="Object22" Alias="Object43" Column="Column51" /><ColumnReference Database="Database1" Schema="Schema1" Table="Object10" Alias="Object67" Column="Column50" /><ColumnReference Column="Column168" /><ColumnReference Database="Database1" Schema="Schema1" Table="Object22" Alias="Object33" Column="Column51" /></OutputList><RunTimeInformation><RunTimeCountersPerThread Thread="0" ActualRows="3229" Batches="0" ActualEndOfScans="1" ActualExecutions="1" ActualExecutionMode="Row" ActualElapsedms="106" ActualCPUms="53" /></RunTimeInformation><NestedLoops Optimized="false"><OuterReferences><ColumnReference Database="Database1" Schema="Schema1" Table="Object10" Alias="Object67" Column="Column50" /></OuterReferences><RelOp AvgRowSize="319" EstimateCPU="0.0111044" EstimateIO="0.0001565" EstimateRebinds="0" EstimateRewinds="0" EstimatedExecutionMode="Row" EstimateRows="1" LogicalOp="Inner Join" NodeId="204" Parallel="true" PhysicalOp="Merge Join" EstimatedTotalSubtreeCost="1.4086"><OutputList><ColumnReference Column="Expr1075" /><ColumnReference Column="Expr1076" /><ColumnReference Database="Database1" Schema="Schema1" Table="Object22" Alias="Object43" Column="Column55" /><ColumnReference Database="Database1" Schema="Schema1" Table="Object22" Alias="Object43" Column="Column51" /><ColumnReference Database="Database1" Schema="Schema1" Table="Object10" Alias="Object67" Column="Column50" /></OutputList><RunTimeInformation><RunTimeCountersPerThread Thread="0" ActualRows="3229" ActualRowsRead="966" Batches="0" ActualEndOfScans="1" ActualExecutions="1" ActualExecutionMode="Row" ActualElapsedms="40" ActualCPUms="25" ActualScans="54" ActualLogicalReads="1201" ActualPhysicalReads="0" ActualReadAheads="0" ActualLobLogicalReads="0" ActualLobPhysicalReads="0" ActualLobReadAheads="0" /></RunTimeInformation><Merge ManyToMany="true"><InnerSideJoinColumns><ColumnReference Database="Database1" Schema="Schema1" Table="Object10" Alias="Object67" Column="Column164" /></InnerSideJoinColumns><OuterSideJoinColumns><ColumnReference Database="Database1" Schema="Schema1" Table="Object22" Alias="Object43" Column="Column51" /></OuterSideJoinColumns><Residual><ScalarOperator ScalarString="ScalarString104"><Logical Operation="AND"><ScalarOperator><Compare CompareOp="EQ"><ScalarOperator><Identifier><ColumnReference Database="Database1" Schema="Schema1" Table="Object10" Alias="Object67" Column="Column164" /></Identifier></ScalarOperator><ScalarOperator><Identifier><ColumnReference Database="Database1" Schema="Schema1" Table="Object22" Alias="Object43" Column="Column51" /></Identifier></ScalarOperator></Compare></ScalarOperator><ScalarOperator><Compare CompareOp="GE"><ScalarOperator><Identifier><ColumnReference Column="Expr1075" /></Identifier></ScalarOperator><ScalarOperator><Identifier><ColumnReference Database="Database1" Schema="Schema1" Table="Object10" Alias="Object67" Column="Column75" /></Identifier></ScalarOperator></Compare></ScalarOperator><ScalarOperator><Compare CompareOp="LE"><ScalarOperator><Identifier><ColumnReference Column="Expr1075" /></Identifier></ScalarOperator><ScalarOperator><Identifier><ColumnReference Database="Database1" Schema="Schema1" Table="Object10" Alias="Object67" Column="Column73" /></Identifier></ScalarOperator></Compare></ScalarOperator></Logical></ScalarOperator></Residual><RelOp AvgRowSize="309" EstimateCPU="0.159878" EstimateIO="0.00563063" EstimateRebinds="0" EstimateRewinds="0" EstimatedExecutionMode="Row" EstimateRows="7754.08" LogicalOp="Sort" NodeId="205" Parallel="true" PhysicalOp="Sort" EstimatedTotalSubtreeCost="1.03476"><OutputList><ColumnReference Column="Expr1075" /><ColumnReference Column="Expr1076" /><ColumnReference Database="Database1" Schema="Schema1" Table="Object22" Alias="Object43" Column="Column55" /><ColumnReference Database="Database1" Schema="Schema1" Table="Object22" Alias="Object43" Column="Column51" /></OutputList><MemoryFractions Input="0.0057555" Output="0.0057718" /><RunTimeInformation><RunTimeCountersPerThread Thread="0" ActualRebinds="1" ActualRewinds="0" ActualRows="3769" Batches="0" ActualEndOfScans="0" ActualExecutions="1" ActualExecutionMode="Row" ActualElapsedms="26" ActualCPUms="12" ActualScans="0" ActualLogicalReads="0" ActualPhysicalReads="0" ActualReadAheads="0" ActualLobLogicalReads="0" ActualLobPhysicalReads="0" ActualLobReadAheads="0" InputMemoryGrant="5824" OutputMemoryGrant="5448" UsedMemoryGrant="488" /></RunTimeInformation><Sort Distinct="false"><OrderBy><OrderByColumn Ascending="true"><ColumnReference Database="Database1" Schema="Schema1" Table="Object22" Alias="Object43" Column="Column51" /></OrderByColumn></OrderBy><RelOp AvgRowSize="309" EstimateCPU="0.127542" EstimateIO="0" EstimateRebinds="0" EstimateRewinds="0" EstimatedExecutionMode="Row" EstimateRows="7754.08" LogicalOp="Bitmap Create" NodeId="206" Parallel="true" PhysicalOp="Bitmap" EstimatedTotalSubtreeCost="0.86925"><OutputList><ColumnReference Column="Expr1075" /><ColumnReference Column="Expr1076" /><ColumnReference Database="Database1" Schema="Schema1" Table="Object22" Alias="Object43" Column="Column55" /><ColumnReference Database="Database1" Schema="Schema1" Table="Object22" Alias="Object43" Column="Column51" /></OutputList><Bitmap><DefinedValues><DefinedValue><ColumnReference Column="Column169" /></DefinedValue></DefinedValues><HashKeys><ColumnReference Database="Database1" Schema="Schema1" Table="Object22" Alias="Object43" Column="Column51" /></HashKeys><RelOp AvgRowSize="309" EstimateCPU="0.127542" EstimateIO="0" EstimateRebinds="0" EstimateRewinds="0" EstimatedExecutionMode="Row" EstimateRows="7754.08" LogicalOp="Repartition Streams" NodeId="207" Parallel="true" PhysicalOp="Parallelism" EstimatedTotalSubtreeCost="0.86925"><OutputList><ColumnReference Column="Expr1075" /><ColumnReference Column="Expr1076" /><ColumnReference Database="Database1" Schema="Schema1" Table="Object22" Alias="Object43" Column="Column55" /><ColumnReference Database="Database1" Schema="Schema1" Table="Object22" Alias="Object43" Column="Column51" /></OutputList><Parallelism PartitioningType="Hash"><PartitionColumns><ColumnReference Database="Database1" Schema="Schema1" Table="Object22" Alias="Object43" Column="Column51" /></PartitionColumns><RelOp AvgRowSize="309" EstimateCPU="0.016206" EstimateIO="0" EstimateRebinds="0" EstimateRewinds="0" EstimatedExecutionMode="Row" EstimateRows="7754.08" LogicalOp="Inner Join" NodeId="208" Parallel="true" PhysicalOp="Nested Loops" EstimatedTotalSubtreeCost="0.741708"><OutputList><ColumnReference Column="Expr1075" /><ColumnReference Column="Expr1076" /><ColumnReference Database="Database1" Schema="Schema1" Table="Object22" Alias="Object43" Column="Column55" /><ColumnReference Database="Database1" Schema="Schema1" Table="Object22" Alias="Object43" Column="Column51" /></OutputList><Warnings NoJoinPredicate="true" /><RunTimeInformation><RunTimeCountersPerThread Thread="0" ActualRows="3800" Batches="0" ActualEndOfScans="1" ActualExecutions="1" ActualExecutionMode="Row" ActualElapsedms="12" ActualCPUms="5" /></RunTimeInformation><NestedLoops Optimized="false"><RelOp AvgRowSize="23" EstimateCPU="0.0285293" EstimateIO="0" EstimateRebinds="0" EstimateRewinds="0" EstimatedExecutionMode="Row" EstimateRows="9.19885" LogicalOp="Distribute Streams" NodeId="209" Parallel="true" PhysicalOp="Parallelism" EstimatedTotalSubtreeCost="0.704851"><OutputList><ColumnReference Column="Expr1075" /><ColumnReference Column="Expr1076" /></OutputList><Parallelism PartitioningType="RoundRobin"><RelOp AvgRowSize="47" EstimateCPU="5.77687E-06" EstimateIO="0" EstimateRebinds="0" EstimateRewinds="0" EstimatedExecutionMode="Row" EstimateRows="9.19885" LogicalOp="Aggregate" NodeId="210" Parallel="false" PhysicalOp="Stream Aggregate" EstimatedTotalSubtreeCost="0.676321"><OutputList><ColumnReference Column="Expr1075" /><ColumnReference Column="Expr1076" /></OutputList><RunTimeInformation><RunTimeCountersPerThread Thread="0" ActualRows="8" Batches="0" ActualEndOfScans="1" ActualExecutions="1" ActualExecutionMode="Row" ActualElapsedms="6" ActualCPUms="3" /></RunTimeInformation><StreamAggregate><DefinedValues><DefinedValue><ColumnReference Column="Expr1076" /><ScalarOperator ScalarString="ScalarString105"><Aggregate AggType="LAST_VALUE" Distinct="false"><ScalarOperator><Identifier><ColumnReference Column="Expr1075" /></Identifier></ScalarOperator></Aggregate></ScalarOperator></DefinedValue><DefinedValue><ColumnReference Column="Expr1075" /><ScalarOperator ScalarString="ScalarString87"><Aggregate AggType="ANY" Distinct="false"><ScalarOperator><Identifier><ColumnReference Column="Expr1075" /></Identifier></ScalarOperator></Aggregate></ScalarOperator></DefinedValue></DefinedValues><GroupBy><ColumnReference Column="Column170" /></GroupBy><RelOp AvgRowSize="47" EstimateCPU="2.02191E-05" EstimateIO="0" EstimateRebinds="0" EstimateRewinds="0" EstimatedExecutionMode="Row" EstimateRows="18.3977" LogicalOp="Window Spool" NodeId="211" Parallel="false" PhysicalOp="Window Spool" EstimatedTotalSubtreeCost="0.676316"><OutputList><ColumnReference Column="Expr1075" /><ColumnReference Column="Column171" /><ColumnReference Column="Column170" /><ColumnReference Column="Column172" /></OutputList><RunTimeInformation><RunTimeCountersPerThread Thread="0" ActualRows="15" Batches="0" ActualEndOfScans="1" ActualExecutions="1" ActualExecutionMode="Row" ActualElapsedms="6" ActualCPUms="3" /></RunTimeInformation><WindowSpool><RelOp AvgRowSize="47" EstimateCPU="5.77687E-07" EstimateIO="0" EstimateRebinds="0" EstimateRewinds="0" EstimatedExecutionMode="Row" EstimateRows="9.19885" LogicalOp="Segment" NodeId="212" Parallel="false" PhysicalOp="Segment" EstimatedTotalSubtreeCost="0.676293"><OutputList><ColumnReference Column="Expr1075" /><ColumnReference Column="Column171" /><ColumnReference Column="Column173" /><ColumnReference Column="Column174" /><ColumnReference Column="Column172" /></OutputList><RunTimeInformation><RunTimeCountersPerThread Thread="0" ActualRows="8" Batches="0" ActualEndOfScans="1" ActualExecutions="1" ActualExecutionMode="Row" ActualElapsedms="6" ActualCPUms="3" /></RunTimeInformation><Segment><GroupBy /><SegmentColumn><ColumnReference Column="Column172" /></SegmentColumn><RelOp AvgRowSize="39" EstimateCPU="9.19885E-07" EstimateIO="0" EstimateRebinds="0" EstimateRewinds="0" EstimatedExecutionMode="Row" EstimateRows="9.19885" LogicalOp="Compute Scalar" NodeId="213" Parallel="false" PhysicalOp="Compute Scalar" EstimatedTotalSubtreeCost="0.676292"><OutputList><ColumnReference Column="Expr1075" /><ColumnReference Column="Column171" /><ColumnReference Column="Column173" /><ColumnReference Column="Column174" /></OutputList><ComputeScalar><DefinedValues><DefinedValue><ColumnReference Column="Column173" /><ScalarOperator ScalarString="ScalarString106"><Arithmetic Operation="ADD"><ScalarOperator><Identifier><ColumnReference Column="Column171" /></Identifier></ScalarOperator><ScalarOperator><Const ConstValue="Value10" /></ScalarOperator></Arithmetic></ScalarOperator></DefinedValue><DefinedValue><ColumnReference Column="Column174" /><ScalarOperator ScalarString="ScalarString106"><Arithmetic Operation="ADD"><ScalarOperator><Identifier><ColumnReference Column="Column171" /></Identifier></ScalarOperator><ScalarOperator><Const ConstValue="Value10" /></ScalarOperator></Arithmetic></ScalarOperator></DefinedValue></DefinedValues><RelOp AvgRowSize="23" EstimateCPU="7.35908E-07" EstimateIO="0" EstimateRebinds="0" EstimateRewinds="0" EstimatedExecutionMode="Row" EstimateRows="9.19885" LogicalOp="Compute Scalar" NodeId="214" Parallel="false" PhysicalOp="Sequence Project" EstimatedTotalSubtreeCost="0.676292"><OutputList><ColumnReference Column="Expr1075" /><ColumnReference Column="Column171" /></OutputList><RunTimeInformation><RunTimeCountersPerThread Thread="0" ActualRows="8" Batches="0" ActualEndOfScans="1" ActualExecutions="1" ActualExecutionMode="Row" ActualElapsedms="6" ActualCPUms="3" /></RunTimeInformation><SequenceProject><DefinedValues><DefinedValue><ColumnReference Column="Column171" /><ScalarOperator ScalarString="ScalarString101"><Sequence FunctionName="Function9" /></ScalarOperator></DefinedValue></DefinedValues><RelOp AvgRowSize="23" EstimateCPU="1.83977E-07" EstimateIO="0" EstimateRebinds="0" EstimateRewinds="0" EstimatedExecutionMode="Row" EstimateRows="9.19885" LogicalOp="Segment" NodeId="215" Parallel="false" PhysicalOp="Segment" EstimatedTotalSubtreeCost="0.676291"><OutputList><ColumnReference Column="Expr1075" /><ColumnReference Column="Column175" /></OutputList><RunTimeInformation><RunTimeCountersPerThread Thread="0" ActualRows="8" Batches="0" ActualEndOfScans="1" ActualExecutions="1" ActualExecutionMode="Row" ActualElapsedms="6" ActualCPUms="3" /></RunTimeInformation><Segment><GroupBy /><SegmentColumn><ColumnReference Column="Column175" /></SegmentColumn><RelOp AvgRowSize="15" EstimateCPU="1.37983E-05" EstimateIO="0" EstimateRebinds="0" EstimateRewinds="0" EstimatedExecutionMode="Row" EstimateRows="9.19885" LogicalOp="Aggregate" NodeId="216" Parallel="false" PhysicalOp="Stream Aggregate" EstimatedTotalSubtreeCost="0.676291"><OutputList><ColumnReference Column="Expr1075" /></OutputList><RunTimeInformation><RunTimeCountersPerThread Thread="0" ActualRows="8" Batches="0" ActualEndOfScans="1" ActualExecutions="1" ActualExecutionMode="Row" ActualElapsedms="6" ActualCPUms="3" /></RunTimeInformation><StreamAggregate><DefinedValues /><GroupBy><ColumnReference Column="Expr1075" /></GroupBy><RelOp AvgRowSize="15" EstimateCPU="0.0286118" EstimateIO="0" EstimateRebinds="0" EstimateRewinds="0" EstimatedExecutionMode="Row" EstimateRows="18.3977" LogicalOp="Gather Streams" NodeId="217" Parallel="true" PhysicalOp="Parallelism" EstimatedTotalSubtreeCost="0.676277"><OutputList><ColumnReference Column="Expr1075" /></OutputList><Parallelism><OrderBy><OrderByColumn Ascending="true"><ColumnReference Column="Expr1075" /></OrderByColumn></OrderBy><RelOp AvgRowSize="15" EstimateCPU="9.2856E-05" EstimateIO="0" EstimateRebinds="0" EstimateRewinds="0" EstimatedExecutionMode="Row" EstimateRows="18.3977" LogicalOp="Aggregate" NodeId="218" Parallel="true" PhysicalOp="Stream Aggregate" EstimatedTotalSubtreeCost="0.647665"><OutputList><ColumnReference Column="Expr1075" /></OutputList><RunTimeInformation><RunTimeCountersPerThread Thread="0" ActualRows="8" Batches="0" ActualEndOfScans="1" ActualExecutions="1" ActualExecutionMode="Row" ActualElapsedms="6" ActualCPUms="3" /></RunTimeInformation><StreamAggregate><DefinedValues /><GroupBy><ColumnReference Column="Expr1075" /></GroupBy><RelOp AvgRowSize="15" EstimateCPU="0.00238056" EstimateIO="0.00563063" EstimateRebinds="0" EstimateRewinds="0" EstimatedExecutionMode="Row" EstimateRows="353.026" LogicalOp="Sort" NodeId="219" Parallel="true" PhysicalOp="Sort" EstimatedTotalSubtreeCost="0.647572"><OutputList><ColumnReference Column="Expr1075" /></OutputList><MemoryFractions Input="0.0058075" Output="5.20075E-05" /><RunTimeInformation><RunTimeCountersPerThread Thread="0" ActualRebinds="1" ActualRewinds="0" ActualRows="1588" Batches="0" ActualEndOfScans="1" ActualExecutions="1" ActualExecutionMode="Row" ActualElapsedms="6" ActualCPUms="3" ActualScans="0" ActualLogicalReads="0" ActualPhysicalReads="0" ActualReadAheads="0" ActualLobLogicalReads="0" ActualLobPhysicalReads="0" ActualLobReadAheads="0" InputMemoryGrant="5872" OutputMemoryGrant="168" UsedMemoryGrant="88" /></RunTimeInformation><Sort Distinct="false"><OrderBy><OrderByColumn Ascending="true"><ColumnReference Column="Expr1075" /></OrderByColumn></OrderBy><RelOp AvgRowSize="15" EstimateCPU="1.76513E-05" EstimateIO="0" EstimateRebinds="0" EstimateRewinds="0" EstimatedExecutionMode="Row" EstimateRows="353.026" LogicalOp="Compute Scalar" NodeId="220" Parallel="true" PhysicalOp="Compute Scalar" EstimatedTotalSubtreeCost="0.639561"><OutputList><ColumnReference Column="Expr1075" /></OutputList><ComputeScalar><DefinedValues><DefinedValue><ColumnReference Column="Expr1075" /><ScalarOperator ScalarString="ScalarString107"><IF><Condition><ScalarOperator><Compare CompareOp="EQ"><ScalarOperator><Identifier><ColumnReference Column="Union1074" /></Identifier></ScalarOperator><ScalarOperator><Const ConstValue="Value10" /></ScalarOperator></Compare></ScalarOperator></Condition><Then><ScalarOperator><Identifier><ColumnReference Column="Union1070" /></Identifier></ScalarOperator></Then><Else><ScalarOperator><Intrinsic FunctionName="Function8"><ScalarOperator><Const ConstValue="Value24" /></ScalarOperator><ScalarOperator><Const ConstValue="Value10" /></ScalarOperator><ScalarOperator><Identifier><ColumnReference Column="Union1071" /></Identifier></ScalarOperator></Intrinsic></ScalarOperator></Else></IF></ScalarOperator></DefinedValue></DefinedValues><RelOp AvgRowSize="27" EstimateCPU="0.000737825" EstimateIO="0" EstimateRebinds="0" EstimateRewinds="0" EstimatedExecutionMode="Row" EstimateRows="353.026" LogicalOp="Inner Join" NodeId="221" Parallel="true" PhysicalOp="Nested Loops" EstimatedTotalSubtreeCost="0.639543"><OutputList><ColumnReference Column="Union1070" /><ColumnReference Column="Union1071" /><ColumnReference Column="Union1074" /></OutputList><Warnings NoJoinPredicate="true" /><RunTimeInformation><RunTimeCountersPerThread Thread="0" ActualRows="1588" Batches="0" ActualEndOfScans="1" ActualExecutions="1" ActualExecutionMode="Row" ActualElapsedms="5" ActualCPUms="2" /></RunTimeInformation><NestedLoops Optimized="false"><RelOp AvgRowSize="23" EstimateCPU="8.82566E-06" EstimateIO="0" EstimateRebinds="0" EstimateRewinds="0" EstimatedExecutionMode="Row" EstimateRows="176.513" LogicalOp="Concatenation" NodeId="222" Parallel="true" PhysicalOp="Concatenation" EstimatedTotalSubtreeCost="0.638452"><OutputList><ColumnReference Column="Union1070" /><ColumnReference Column="Union1071" /></OutputList><RunTimeInformation><RunTimeCountersPerThread Thread="0" ActualRows="794" Batches="0" ActualEndOfScans="1" ActualExecutions="1" ActualExecutionMode="Row" ActualElapsedms="5" ActualCPUms="2" /></RunTimeInformation><Concat><DefinedValues><DefinedValue><ColumnReference Column="Union1070" /><ColumnReference Database="Database1" Schema="Schema1" Table="Object10" Column="Column75" /><ColumnReference Database="Database1" Schema="Schema1" Table="Object10" Column="Column75" /><ColumnReference Database="Database1" Schema="Schema1" Table="Object10" Column="Column75" /></DefinedValue><DefinedValue><ColumnReference Column="Union1071" /><ColumnReference Database="Database1" Schema="Schema1" Table="Object10" Column="Column73" /><ColumnReference Database="Database1" Schema="Schema1" Table="Object10" Column="Column73" /><ColumnReference Database="Database1" Schema="Schema1" Table="Object10" Column="Column73" /></DefinedValue></DefinedValues><RelOp AvgRowSize="23" EstimateCPU="1.82065E-05" EstimateIO="0" EstimateRebinds="0" EstimateRewinds="0" EstimatedExecutionMode="Row" EstimateRows="8.71123" LogicalOp="Inner Join" NodeId="223" Parallel="true" PhysicalOp="Nested Loops" EstimatedTotalSubtreeCost="0.0676538"><OutputList><ColumnReference Database="Database1" Schema="Schema1" Table="Object10" Column="Column75" /><ColumnReference Database="Database1" Schema="Schema1" Table="Object10" Column="Column73" /></OutputList><RunTimeInformation><RunTimeCountersPerThread Thread="0" ActualRows="32" Batches="0" ActualEndOfScans="1" ActualExecutions="1" ActualExecutionMode="Row" ActualElapsedms="1" ActualCPUms="1" /></RunTimeInformation><NestedLoops Optimized="false"><OuterReferences><ColumnReference Column="Column176" /></OuterReferences><RelOp AvgRowSize="15" EstimateCPU="0.0285094" EstimateIO="0" EstimateRebinds="0" EstimateRewinds="0" EstimatedExecutionMode="Row" EstimateRows="8.71123" LogicalOp="Repartition Streams" NodeId="224" Parallel="true" PhysicalOp="Parallelism" EstimatedTotalSubtreeCost="0.0706741"><OutputList><ColumnReference Column="Column176" /></OutputList><Parallelism PartitioningType="RoundRobin"><RelOp AvgRowSize="23" EstimateCPU="0.00256487" EstimateIO="0.0385149" EstimateRebinds="0" EstimateRewinds="0" EstimatedExecutionMode="Row" EstimateRows="8.71123" EstimatedRowsRead="4520.66" LogicalOp="Index Seek" NodeId="225" Parallel="true" PhysicalOp="Index Seek" EstimatedTotalSubtreeCost="0.0410798" TableCardinality="727827"><OutputList><ColumnReference Column="Column176" /></OutputList><RunTimeInformation><RunTimeCountersPerThread Thread="0" ActualRows="32" ActualRowsRead="9319" Batches="0" ActualEndOfScans="1" ActualExecutions="1" ActualExecutionMode="Row" ActualElapsedms="1" ActualCPUms="1" ActualScans="1" ActualLogicalReads="99" ActualPhysicalReads="0" ActualReadAheads="0" ActualLobLogicalReads="0" ActualLobPhysicalReads="0" ActualLobReadAheads="0" /></RunTimeInformation><IndexScan Ordered="true" ScanDirection="FORWARD" ForcedIndex="false" ForceSeek="false" ForceScan="false" NoExpandHint="false" Storage="RowStore"><DefinedValues><DefinedValue><ColumnReference Column="Column176" /></DefinedValue></DefinedValues><Object Database="Database1" Schema="Schema1" Table="Object10" Index="Index5" TableReferenceId="1" IndexKind="NonClustered" Storage="RowStore" /><SeekPredicates><SeekPredicateNew><SeekKeys><Prefix ScanType="EQ"><RangeColumns><ColumnReference Database="Database1" Schema="Schema1" Table="Object10" Column="Column46" /><ColumnReference Database="Database1" Schema="Schema1" Table="Object10" Column="Column121" /></RangeColumns><RangeExpressions><ScalarOperator ScalarString="ScalarString67"><Const ConstValue="Value8" /></ScalarOperator><ScalarOperator ScalarString="ScalarString108"><Const ConstValue="Value26" /></ScalarOperator></RangeExpressions></Prefix></SeekKeys></SeekPredicateNew></SeekPredicates><Predicate><ScalarOperator ScalarString="ScalarString109"><Compare CompareOp="EQ"><ScalarOperator><Identifier><ColumnReference Database="Database1" Schema="Schema1" Table="Object10" Column="Column131" /></Identifier></ScalarOperator><ScalarOperator><Const ConstValue="Value27" /></ScalarOperator></Compare></ScalarOperator></Predicate></IndexScan></RelOp></Parallelism></RelOp><RelOp AvgRowSize="23" EstimateCPU="0.0001581" EstimateIO="0.003125" EstimateRebinds="7.71123" EstimateRewinds="0" EstimatedExecutionMode="Row" EstimateRows="1" LogicalOp="RID Lookup" NodeId="227" Parallel="true" PhysicalOp="RID Lookup" EstimatedTotalSubtreeCost="0.0254708" TableCardinality="727827"><OutputList><ColumnReference Database="Database1" Schema="Schema1" Table="Object10" Column="Column75" /><ColumnReference Database="Database1" Schema="Schema1" Table="Object10" Column="Column73" /></OutputList><RunTimeInformation><RunTimeCountersPerThread Thread="0" ActualRows="32" ActualRowsRead="32" Batches="0" ActualEndOfScans="0" ActualExecutions="32" ActualExecutionMode="Row" ActualElapsedms="0" ActualCPUms="0" ActualScans="0" ActualLogicalReads="32" ActualPhysicalReads="0" ActualReadAheads="0" ActualLobLogicalReads="0" ActualLobPhysicalReads="0" ActualLobReadAheads="0" /></RunTimeInformation><IndexScan Lookup="true" Ordered="true" ScanDirection="FORWARD" ForcedIndex="false" ForceSeek="false" ForceScan="false" NoExpandHint="false" Storage="RowStore"><DefinedValues><DefinedValue><ColumnReference Database="Database1" Schema="Schema1" Table="Object10" Column="Column75" /></DefinedValue><DefinedValue><ColumnReference Database="Database1" Schema="Schema1" Table="Object10" Column="Column73" /></DefinedValue></DefinedValues><Object Database="Database1" Schema="Schema1" Table="Object10" TableReferenceId="-1" IndexKind="Heap" Storage="RowStore" /><SeekPredicates><SeekPredicateNew><SeekKeys><Prefix ScanType="EQ"><RangeColumns><ColumnReference Column="Column176" /></RangeColumns><RangeExpressions><ScalarOperator ScalarString="ScalarString110"><Identifier><ColumnReference Column="Column176" /></Identifier></ScalarOperator></RangeExpressions></Prefix></SeekKeys></SeekPredicateNew></SeekPredicates></IndexScan></RelOp></NestedLoops></RelOp><RelOp AvgRowSize="23" EstimateCPU="0.000148204" EstimateIO="0" EstimateRebinds="0" EstimateRewinds="0" EstimatedExecutionMode="Row" EstimateRows="70.9108" LogicalOp="Inner Join" NodeId="228" Parallel="true" PhysicalOp="Nested Loops" EstimatedTotalSubtreeCost="0.243287"><OutputList><ColumnReference Database="Database1" Schema="Schema1" Table="Object10" Column="Column75" /><ColumnReference Database="Database1" Schema="Schema1" Table="Object10" Column="Column73" /></OutputList><RunTimeInformation><RunTimeCountersPerThread Thread="0" ActualRows="231" Batches="0" ActualEndOfScans="1" ActualExecutions="1" ActualExecutionMode="Row" ActualElapsedms="3" ActualCPUms="0" /></RunTimeInformation><NestedLoops Optimized="false" WithUnorderedPrefetch="true"><OuterReferences><ColumnReference Column="Column177" /><ColumnReference Column="Expr1990" /></OuterReferences><RelOp AvgRowSize="15" EstimateCPU="0.0285762" EstimateIO="0" EstimateRebinds="0" EstimateRewinds="0" EstimatedExecutionMode="Row" EstimateRows="70.9108" LogicalOp="Repartition Streams" NodeId="230" Parallel="true" PhysicalOp="Parallelism" EstimatedTotalSubtreeCost="0.0424054"><OutputList><ColumnReference Column="Column177" /></OutputList><Parallelism PartitioningType="RoundRobin"><RelOp AvgRowSize="23" EstimateCPU="0.000790331" EstimateIO="0.0127282" EstimateRebinds="0" EstimateRewinds="0" EstimatedExecutionMode="Row" EstimateRows="70.9108" EstimatedRowsRead="1294.24" LogicalOp="Index Seek" NodeId="231" Parallel="true" PhysicalOp="Index Seek" EstimatedTotalSubtreeCost="0.0135186" TableCardinality="727827"><OutputList><ColumnReference Column="Column177" /></OutputList><RunTimeInformation><RunTimeCountersPerThread Thread="0" ActualRows="231" ActualRowsRead="231" Batches="0" ActualEndOfScans="1" ActualExecutions="1" ActualExecutionMode="Row" ActualElapsedms="0" ActualCPUms="0" ActualScans="1" ActualLogicalReads="7" ActualPhysicalReads="0" ActualReadAheads="0" ActualLobLogicalReads="0" ActualLobPhysicalReads="0" ActualLobReadAheads="0" /></RunTimeInformation><IndexScan Ordered="true" ScanDirection="FORWARD" ForcedIndex="false" ForceSeek="false" ForceScan="false" NoExpandHint="false" Storage="RowStore"><DefinedValues><DefinedValue><ColumnReference Column="Column177" /></DefinedValue></DefinedValues><Object Database="Database1" Schema="Schema1" Table="Object10" Index="Index5" TableReferenceId="2" IndexKind="NonClustered" Storage="RowStore" /><SeekPredicates><SeekPredicateNew><SeekKeys><Prefix ScanType="EQ"><RangeColumns><ColumnReference Database="Database1" Schema="Schema1" Table="Object10" Column="Column46" /><ColumnReference Database="Database1" Schema="Schema1" Table="Object10" Column="Column121" /></RangeColumns><RangeExpressions><ScalarOperator ScalarString="ScalarString67"><Const ConstValue="Value8" /></ScalarOperator><ScalarOperator ScalarString="ScalarString111"><Const ConstValue="Value27" /></ScalarOperator></RangeExpressions></Prefix></SeekKeys></SeekPredicateNew></SeekPredicates><Predicate><ScalarOperator ScalarString="ScalarString112"><Compare CompareOp="EQ"><ScalarOperator><Identifier><ColumnReference Database="Database1" Schema="Schema1" Table="Object10" Column="Column131" /></Identifier></ScalarOperator><ScalarOperator><Const ConstValue="Value28" /></ScalarOperator></Compare></ScalarOperator></Predicate></IndexScan></RelOp></Parallelism></RelOp><RelOp AvgRowSize="23" EstimateCPU="0.0001581" EstimateIO="0.003125" EstimateRebinds="69.9108" EstimateRewinds="0" EstimatedExecutionMode="Row" EstimateRows="1" LogicalOp="RID Lookup" NodeId="233" Parallel="true" PhysicalOp="RID Lookup" EstimatedTotalSubtreeCost="0.22931" TableCardinality="727827"><OutputList><ColumnReference Database="Database1" Schema="Schema1" Table="Object10" Column="Column75" /><ColumnReference Database="Database1" Schema="Schema1" Table="Object10" Column="Column73" /></OutputList><RunTimeInformation><RunTimeCountersPerThread Thread="0" ActualRows="231" ActualRowsRead="231" Batches="0" ActualEndOfScans="0" ActualExecutions="231" ActualExecutionMode="Row" ActualElapsedms="2" ActualCPUms="0" ActualScans="0" ActualLogicalReads="231" ActualPhysicalReads="0" ActualReadAheads="0" ActualLobLogicalReads="0" ActualLobPhysicalReads="0" ActualLobReadAheads="0" /></RunTimeInformation><IndexScan Lookup="true" Ordered="true" ScanDirection="FORWARD" ForcedIndex="false" ForceSeek="false" ForceScan="false" NoExpandHint="false" Storage="RowStore"><DefinedValues><DefinedValue><ColumnReference Database="Database1" Schema="Schema1" Table="Object10" Column="Column75" /></DefinedValue><DefinedValue><ColumnReference Database="Database1" Schema="Schema1" Table="Object10" Column="Column73" /></DefinedValue></DefinedValues><Object Database="Database1" Schema="Schema1" Table="Object10" TableReferenceId="-1" IndexKind="Heap" Storage="RowStore" /><SeekPredicates><SeekPredicateNew><SeekKeys><Prefix ScanType="EQ"><RangeColumns><ColumnReference Column="Column177" /></RangeColumns><RangeExpressions><ScalarOperator ScalarString="ScalarString113"><Identifier><ColumnReference Column="Column177" /></Identifier></ScalarOperator></RangeExpressions></Prefix></SeekKeys></SeekPredicateNew></SeekPredicates></IndexScan></RelOp></NestedLoops></RelOp><RelOp AvgRowSize="23" EstimateCPU="0.000202503" EstimateIO="0" EstimateRebinds="0" EstimateRewinds="0" EstimatedExecutionMode="Row" EstimateRows="96.8912" LogicalOp="Inner Join" NodeId="234" Parallel="true" PhysicalOp="Nested Loops" EstimatedTotalSubtreeCost="0.327503"><OutputList><ColumnReference Database="Database1" Schema="Schema1" Table="Object10" Column="Column75" /><ColumnReference Database="Database1" Schema="Schema1" Table="Object10" Column="Column73" /></OutputList><RunTimeInformation><RunTimeCountersPerThread Thread="0" ActualRows="531" Batches="0" ActualEndOfScans="1" ActualExecutions="1" ActualExecutionMode="Row" ActualElapsedms="0" ActualCPUms="0" /></RunTimeInformation><NestedLoops Optimized="false" WithUnorderedPrefetch="true"><OuterReferences><ColumnReference Column="Column178" /><ColumnReference Column="Expr1991" /></OuterReferences><RelOp AvgRowSize="15" EstimateCPU="0.0286041" EstimateIO="0" EstimateRebinds="0" EstimateRewinds="0" EstimatedExecutionMode="Row" EstimateRows="96.8912" LogicalOp="Repartition Streams" NodeId="236" Parallel="true" PhysicalOp="Parallelism" EstimatedTotalSubtreeCost="0.0416286"><OutputList><ColumnReference Column="Column178" /></OutputList><Parallelism PartitioningType="RoundRobin"><RelOp AvgRowSize="23" EstimateCPU="0.000739936" EstimateIO="0.0119959" EstimateRebinds="0" EstimateRewinds="0" EstimatedExecutionMode="Row" EstimateRows="96.8912" EstimatedRowsRead="1202.61" LogicalOp="Index Seek" NodeId="237" Parallel="true" PhysicalOp="Index Seek" EstimatedTotalSubtreeCost="0.0127359" TableCardinality="727827"><OutputList><ColumnReference Column="Column178" /></OutputList><RunTimeInformation><RunTimeCountersPerThread Thread="0" ActualRows="531" ActualRowsRead="531" Batches="0" ActualEndOfScans="1" ActualExecutions="1" ActualExecutionMode="Row" ActualElapsedms="0" ActualCPUms="0" ActualScans="1" ActualLogicalReads="10" ActualPhysicalReads="0" ActualReadAheads="0" ActualLobLogicalReads="0" ActualLobPhysicalReads="0" ActualLobReadAheads="0" /></RunTimeInformation><IndexScan Ordered="true" ScanDirection="FORWARD" ForcedIndex="false" ForceSeek="false" ForceScan="false" NoExpandHint="false" Storage="RowStore"><DefinedValues><DefinedValue><ColumnReference Column="Column178" /></DefinedValue></DefinedValues><Object Database="Database1" Schema="Schema1" Table="Object10" Index="Index5" TableReferenceId="3" IndexKind="NonClustered" Storage="RowStore" /><SeekPredicates><SeekPredicateNew><SeekKeys><Prefix ScanType="EQ"><RangeColumns><ColumnReference Database="Database1" Schema="Schema1" Table="Object10" Column="Column46" /><ColumnReference Database="Database1" Schema="Schema1" Table="Object10" Column="Column121" /></RangeColumns><RangeExpressions><ScalarOperator ScalarString="ScalarString67"><Const ConstValue="Value8" /></ScalarOperator><ScalarOperator ScalarString="ScalarString114"><Const ConstValue="Value28" /></ScalarOperator></RangeExpressions></Prefix></SeekKeys></SeekPredicateNew></SeekPredicates><Predicate><ScalarOperator ScalarString="ScalarString115"><Compare CompareOp="EQ"><ScalarOperator><Identifier><ColumnReference Database="Database1" Schema="Schema1" Table="Object10" Column="Column131" /></Identifier></ScalarOperator><ScalarOperator><Const ConstValue="Value22" /></ScalarOperator></Compare></ScalarOperator></Predicate></IndexScan></RelOp></Parallelism></RelOp><RelOp AvgRowSize="23" EstimateCPU="0.0001581" EstimateIO="0.003125" EstimateRebinds="95.8912" EstimateRewinds="0" EstimatedExecutionMode="Row" EstimateRows="1" LogicalOp="RID Lookup" NodeId="239" Parallel="true" PhysicalOp="RID Lookup" EstimatedTotalSubtreeCost="0.314276" TableCardinality="727827"><OutputList><ColumnReference Database="Database1" Schema="Schema1" Table="Object10" Column="Column75" /><ColumnReference Database="Database1" Schema="Schema1" Table="Object10" Column="Column73" /></OutputList><RunTimeInformation><RunTimeCountersPerThread Thread="0" ActualRows="531" ActualRowsRead="531" Batches="0" ActualEndOfScans="0" ActualExecutions="531" ActualExecutionMode="Row" ActualElapsedms="0" ActualCPUms="0" ActualScans="0" ActualLogicalReads="532" ActualPhysicalReads="0" ActualReadAheads="0" ActualLobLogicalReads="0" ActualLobPhysicalReads="0" ActualLobReadAheads="0" /></RunTimeInformation><IndexScan Lookup="true" Ordered="true" ScanDirection="FORWARD" ForcedIndex="false" ForceSeek="false" ForceScan="false" NoExpandHint="false" Storage="RowStore"><DefinedValues><DefinedValue><ColumnReference Database="Database1" Schema="Schema1" Table="Object10" Column="Column75" /></DefinedValue><DefinedValue><ColumnReference Database="Database1" Schema="Schema1" Table="Object10" Column="Column73" /></DefinedValue></DefinedValues><Object Database="Database1" Schema="Schema1" Table="Object10" TableReferenceId="-1" IndexKind="Heap" Storage="RowStore" /><SeekPredicates><SeekPredicateNew><SeekKeys><Prefix ScanType="EQ"><RangeColumns><ColumnReference Column="Column178" /></RangeColumns><RangeExpressions><ScalarOperator ScalarString="ScalarString116"><Identifier><ColumnReference Column="Column178" /></Identifier></ScalarOperator></RangeExpressions></Prefix></SeekKeys></SeekPredicateNew></SeekPredicates></IndexScan></RelOp></NestedLoops></RelOp></Concat></RelOp><RelOp AvgRowSize="11" EstimateCPU="2.157E-06" EstimateIO="0" EstimateRebinds="0" EstimateRewinds="175.513" EstimatedExecutionMode="Row" EstimateRows="2" LogicalOp="Constant Scan" NodeId="240" Parallel="true" PhysicalOp="Constant Scan" EstimatedTotalSubtreeCost="0.000353183"><OutputList><ColumnReference Column="Union1074" /></OutputList><RunTimeInformation><RunTimeCountersPerThread Thread="0" ActualRows="1588" Batches="0" ActualEndOfScans="794" ActualExecutions="794" ActualExecutionMode="Row" ActualElapsedms="0" ActualCPUms="0" /></RunTimeInformation><ConstantScan><Values><Row><ScalarOperator ScalarString="ScalarString117"><Const ConstValue="Value10" /></ScalarOperator></Row><Row><ScalarOperator ScalarString="ScalarString118"><Const ConstValue="Value29" /></ScalarOperator></Row></Values></ConstantScan></RelOp></NestedLoops></RelOp></ComputeScalar></RelOp></Sort></RelOp></StreamAggregate></RelOp></Parallelism></RelOp></StreamAggregate></RelOp></Segment></RelOp></SequenceProject></RelOp></ComputeScalar></RelOp></Segment></RelOp></WindowSpool></RelOp></StreamAggregate></RelOp></Parallelism></RelOp><RelOp AvgRowSize="293" EstimateCPU="0.00108423" EstimateIO="0.0106776" EstimateRebinds="0" EstimateRewinds="8.19885" EstimatedExecutionMode="Row" EstimateRows="842.941" EstimatedRowsRead="842.941" LogicalOp="Index Seek" NodeId="241" Parallel="true" PhysicalOp="Index Seek" EstimatedTotalSubtreeCost="0.0206513" TableCardinality="1735950"><OutputList><ColumnReference Database="Database1" Schema="Schema1" Table="Object22" Alias="Object43" Column="Column55" /><ColumnReference Database="Database1" Schema="Schema1" Table="Object22" Alias="Object43" Column="Column51" /></OutputList><RunTimeInformation><RunTimeCountersPerThread Thread="0" ActualRows="3800" ActualRowsRead="3800" Batches="0" ActualEndOfScans="8" ActualExecutions="8" ActualExecutionMode="Row" ActualElapsedms="5" ActualCPUms="1" ActualScans="8" ActualLogicalReads="88" ActualPhysicalReads="0" ActualReadAheads="0" ActualLobLogicalReads="0" ActualLobPhysicalReads="0" ActualLobReadAheads="0" /></RunTimeInformation><IndexScan Ordered="true" ScanDirection="FORWARD" ForcedIndex="false" ForceSeek="false" ForceScan="false" NoExpandHint="false" Storage="RowStore"><DefinedValues><DefinedValue><ColumnReference Database="Database1" Schema="Schema1" Table="Object22" Alias="Object43" Column="Column55" /></DefinedValue><DefinedValue><ColumnReference Database="Database1" Schema="Schema1" Table="Object22" Alias="Object43" Column="Column51" /></DefinedValue></DefinedValues><Object Database="Database1" Schema="Schema1" Table="Object22" Index="Index2" Alias="Object43" IndexKind="NonClustered" Storage="RowStore" /><SeekPredicates><SeekPredicateNew><SeekKeys><Prefix ScanType="EQ"><RangeColumns><ColumnReference Database="Database1" Schema="Schema1" Table="Object22" Alias="Object43" Column="Column131" /><ColumnReference Database="Database1" Schema="Schema1" Table="Object22" Alias="Object43" Column="Column46" /></RangeColumns><RangeExpressions><ScalarOperator ScalarString="ScalarString119"><Const ConstValue="Value22" /></ScalarOperator><ScalarOperator ScalarString="ScalarString67"><Const ConstValue="Value8" /></ScalarOperator></RangeExpressions></Prefix></SeekKeys></SeekPredicateNew></SeekPredicates></IndexScan></RelOp></NestedLoops></RelOp></Parallelism></RelOp></Bitmap></RelOp></Sort></RelOp><RelOp AvgRowSize="55" EstimateCPU="0.000548694" EstimateIO="0.00563063" EstimateRebinds="0" EstimateRewinds="0" EstimatedExecutionMode="Row" EstimateRows="96.8912" LogicalOp="Sort" NodeId="242" Parallel="true" PhysicalOp="Sort" EstimatedTotalSubtreeCost="0.36257"><OutputList><ColumnReference Database="Database1" Schema="Schema1" Table="Object10" Alias="Object67" Column="Column164" /><ColumnReference Database="Database1" Schema="Schema1" Table="Object10" Alias="Object67" Column="Column75" /><ColumnReference Database="Database1" Schema="Schema1" Table="Object10" Alias="Object67" Column="Column73" /><ColumnReference Database="Database1" Schema="Schema1" Table="Object10" Alias="Object67" Column="Column50" /></OutputList><MemoryFractions Input="3.44752E-05" Output="3.44752E-05" /><RunTimeInformation><RunTimeCountersPerThread Thread="0" ActualRebinds="1" ActualRewinds="0" ActualRows="531" Batches="0" ActualEndOfScans="1" ActualExecutions="1" ActualExecutionMode="Row" ActualElapsedms="2" ActualCPUms="1" ActualScans="0" ActualLogicalReads="0" ActualPhysicalReads="0" ActualReadAheads="0" ActualLobLogicalReads="0" ActualLobPhysicalReads="0" ActualLobReadAheads="0" InputMemoryGrant="536" OutputMemoryGrant="152" UsedMemoryGrant="48" /></RunTimeInformation><Sort Distinct="false"><OrderBy><OrderByColumn Ascending="true"><ColumnReference Database="Database1" Schema="Schema1" Table="Object10" Alias="Object67" Column="Column164" /></OrderByColumn></OrderBy><RelOp AvgRowSize="55" EstimateCPU="0.0288885" EstimateIO="0" EstimateRebinds="0" EstimateRewinds="0" EstimatedExecutionMode="Row" EstimateRows="96.8912" LogicalOp="Repartition Streams" NodeId="243" Parallel="true" PhysicalOp="Parallelism" EstimatedTotalSubtreeCost="0.356391"><OutputList><ColumnReference Database="Database1" Schema="Schema1" Table="Object10" Alias="Object67" Column="Column164" /><ColumnReference Database="Database1" Schema="Schema1" Table="Object10" Alias="Object67" Column="Column75" /><ColumnReference Database="Database1" Schema="Schema1" Table="Object10" Alias="Object67" Column="Column73" /><ColumnReference Database="Database1" Schema="Schema1" Table="Object10" Alias="Object67" Column="Column50" /></OutputList><Parallelism PartitioningType="Hash"><PartitionColumns><ColumnReference Database="Database1" Schema="Schema1" Table="Object10" Alias="Object67" Column="Column164" /></PartitionColumns><Predicate><ScalarOperator ScalarString="ScalarString120"><Intrinsic FunctionName="Function7"><ScalarOperator><Identifier><ColumnReference Column="Column169" /></Identifier></ScalarOperator><ScalarOperator><Identifier><ColumnReference Database="Database1" Schema="Schema1" Table="Object10" Alias="Object67" Column="Column164" /></Identifier></ScalarOperator></Intrinsic></ScalarOperator></Predicate><RelOp AvgRowSize="55" EstimateCPU="0.000202503" EstimateIO="0" EstimateRebinds="0" EstimateRewinds="0" EstimatedExecutionMode="Row" EstimateRows="96.8912" LogicalOp="Inner Join" NodeId="244" Parallel="true" PhysicalOp="Nested Loops" EstimatedTotalSubtreeCost="0.327503"><OutputList><ColumnReference Database="Database1" Schema="Schema1" Table="Object10" Alias="Object67" Column="Column164" /><ColumnReference Database="Database1" Schema="Schema1" Table="Object10" Alias="Object67" Column="Column75" /><ColumnReference Database="Database1" Schema="Schema1" Table="Object10" Alias="Object67" Column="Column73" /><ColumnReference Database="Database1" Schema="Schema1" Table="Object10" Alias="Object67" Column="Column50" /></OutputList><RunTimeInformation><RunTimeCountersPerThread Thread="0" ActualRows="531" Batches="0" ActualEndOfScans="1" ActualExecutions="1" ActualExecutionMode="Row" ActualElapsedms="0" ActualCPUms="0" /></RunTimeInformation><NestedLoops Optimized="false" WithUnorderedPrefetch="true"><OuterReferences><ColumnReference Column="Column179" /><ColumnReference Column="Expr1995" /></OuterReferences><RelOp AvgRowSize="47" EstimateCPU="0.0287579" EstimateIO="0" EstimateRebinds="0" EstimateRewinds="0" EstimatedExecutionMode="Row" EstimateRows="96.8912" LogicalOp="Repartition Streams" NodeId="246" Parallel="true" PhysicalOp="Parallelism" EstimatedTotalSubtreeCost="0.0417824"><OutputList><ColumnReference Column="Column179" /><ColumnReference Database="Database1" Schema="Schema1" Table="Object10" Alias="Object67" Column="Column164" /><ColumnReference Database="Database1" Schema="Schema1" Table="Object10" Alias="Object67" Column="Column50" /></OutputList><Parallelism PartitioningType="RoundRobin"><RelOp AvgRowSize="53" EstimateCPU="0.000739936" EstimateIO="0.0119959" EstimateRebinds="0" EstimateRewinds="0" EstimatedExecutionMode="Row" EstimateRows="96.8912" EstimatedRowsRead="1202.61" LogicalOp="Index Seek" NodeId="247" Parallel="true" PhysicalOp="Index Seek" EstimatedTotalSubtreeCost="0.0127359" TableCardinality="727827"><OutputList><ColumnReference Column="Column179" /><ColumnReference Database="Database1" Schema="Schema1" Table="Object10" Alias="Object67" Column="Column164" /><ColumnReference Database="Database1" Schema="Schema1" Table="Object10" Alias="Object67" Column="Column50" /></OutputList><RunTimeInformation><RunTimeCountersPerThread Thread="0" ActualRows="531" ActualRowsRead="531" Batches="0" ActualEndOfScans="1" ActualExecutions="1" ActualExecutionMode="Row" ActualElapsedms="0" ActualCPUms="0" ActualScans="1" ActualLogicalReads="10" ActualPhysicalReads="0" ActualReadAheads="0" ActualLobLogicalReads="0" ActualLobPhysicalReads="0" ActualLobReadAheads="0" /></RunTimeInformation><IndexScan Ordered="true" ScanDirection="FORWARD" ForcedIndex="false" ForceSeek="false" ForceScan="false" NoExpandHint="false" Storage="RowStore"><DefinedValues><DefinedValue><ColumnReference Column="Column179" /></DefinedValue><DefinedValue><ColumnReference Database="Database1" Schema="Schema1" Table="Object10" Alias="Object67" Column="Column164" /></DefinedValue><DefinedValue><ColumnReference Database="Database1" Schema="Schema1" Table="Object10" Alias="Object67" Column="Column50" /></DefinedValue></DefinedValues><Object Database="Database1" Schema="Schema1" Table="Object10" Index="Index5" Alias="Object67" IndexKind="NonClustered" Storage="RowStore" /><SeekPredicates><SeekPredicateNew><SeekKeys><Prefix ScanType="EQ"><RangeColumns><ColumnReference Database="Database1" Schema="Schema1" Table="Object10" Alias="Object67" Column="Column46" /><ColumnReference Database="Database1" Schema="Schema1" Table="Object10" Alias="Object67" Column="Column121" /></RangeColumns><RangeExpressions><ScalarOperator ScalarString="ScalarString67"><Const ConstValue="Value8" /></ScalarOperator><ScalarOperator ScalarString="ScalarString114"><Const ConstValue="Value28" /></ScalarOperator></RangeExpressions></Prefix></SeekKeys></SeekPredicateNew></SeekPredicates><Predicate><ScalarOperator ScalarString="ScalarString121"><Compare CompareOp="EQ"><ScalarOperator><Identifier><ColumnReference Database="Database1" Schema="Schema1" Table="Object10" Alias="Object67" Column="Column131" /></Identifier></ScalarOperator><ScalarOperator><Const ConstValue="Value22" /></ScalarOperator></Compare></ScalarOperator></Predicate></IndexScan></RelOp></Parallelism></RelOp><RelOp AvgRowSize="23" EstimateCPU="0.0001581" EstimateIO="0.003125" EstimateRebinds="95.8912" EstimateRewinds="0" EstimatedExecutionMode="Row" EstimateRows="1" LogicalOp="RID Lookup" NodeId="249" Parallel="true" PhysicalOp="RID Lookup" EstimatedTotalSubtreeCost="0.314276" TableCardinality="727827"><OutputList><ColumnReference Database="Database1" Schema="Schema1" Table="Object10" Alias="Object67" Column="Column75" /><ColumnReference Database="Database1" Schema="Schema1" Table="Object10" Alias="Object67" Column="Column73" /></OutputList><RunTimeInformation><RunTimeCountersPerThread Thread="0" ActualRows="531" ActualRowsRead="531" Batches="0" ActualEndOfScans="0" ActualExecutions="531" ActualExecutionMode="Row" ActualElapsedms="0" ActualCPUms="0" ActualScans="0" ActualLogicalReads="532" ActualPhysicalReads="0" ActualReadAheads="0" ActualLobLogicalReads="0" ActualLobPhysicalReads="0" ActualLobReadAheads="0" /></RunTimeInformation><IndexScan Lookup="true" Ordered="true" ScanDirection="FORWARD" ForcedIndex="false" ForceSeek="false" ForceScan="false" NoExpandHint="false" Storage="RowStore"><DefinedValues><DefinedValue><ColumnReference Database="Database1" Schema="Schema1" Table="Object10" Alias="Object67" Column="Column75" /></DefinedValue><DefinedValue><ColumnReference Database="Database1" Schema="Schema1" Table="Object10" Alias="Object67" Column="Column73" /></DefinedValue></DefinedValues><Object Database="Database1" Schema="Schema1" Table="Object10" Alias="Object67" TableReferenceId="-1" IndexKind="Heap" Storage="RowStore" /><SeekPredicates><SeekPredicateNew><SeekKeys><Prefix ScanType="EQ"><RangeColumns><ColumnReference Column="Column179" /></RangeColumns><RangeExpressions><ScalarOperator ScalarString="ScalarString122"><Identifier><ColumnReference Column="Column179" /></Identifier></ScalarOperator></RangeExpressions></Prefix></SeekKeys></SeekPredicateNew></SeekPredicates></IndexScan></RelOp></NestedLoops></RelOp></Parallelism></RelOp></Sort></RelOp></Merge></RelOp><RelOp AvgRowSize="44" EstimateCPU="0.0001581" EstimateIO="0.003125" EstimateRebinds="0" EstimateRewinds="0" EstimatedExecutionMode="Row" EstimateRows="1" EstimatedRowsRead="1" LogicalOp="Index Seek" NodeId="250" Parallel="true" PhysicalOp="Index Seek" EstimatedTotalSubtreeCost="0.0032831" TableCardinality="1735950"><OutputList><ColumnReference Column="Column168" /><ColumnReference Database="Database1" Schema="Schema1" Table="Object22" Alias="Object33" Column="Column51" /></OutputList><RunTimeInformation><RunTimeCountersPerThread Thread="0" ActualRows="3229" ActualRowsRead="3229" Batches="0" ActualEndOfScans="3229" ActualExecutions="3229" ActualExecutionMode="Row" ActualElapsedms="65" ActualCPUms="26" ActualScans="3229" ActualLogicalReads="9701" ActualPhysicalReads="0" ActualReadAheads="0" ActualLobLogicalReads="0" ActualLobPhysicalReads="0" ActualLobReadAheads="0" /></RunTimeInformation><IndexScan Ordered="true" ScanDirection="FORWARD" ForcedIndex="false" ForceSeek="false" ForceScan="false" NoExpandHint="false" Storage="RowStore"><DefinedValues><DefinedValue><ColumnReference Column="Column168" /></DefinedValue><DefinedValue><ColumnReference Database="Database1" Schema="Schema1" Table="Object22" Alias="Object33" Column="Column51" /></DefinedValue></DefinedValues><Object Database="Database1" Schema="Schema1" Table="Object22" Index="Index6" Alias="Object33" IndexKind="NonClustered" Storage="RowStore" /><SeekPredicates><SeekPredicateNew><SeekKeys><Prefix ScanType="EQ"><RangeColumns><ColumnReference Database="Database1" Schema="Schema1" Table="Object22" Alias="Object33" Column="Column46" /><ColumnReference Database="Database1" Schema="Schema1" Table="Object22" Alias="Object33" Column="Column131" /><ColumnReference Database="Database1" Schema="Schema1" Table="Object22" Alias="Object33" Column="Column51" /></RangeColumns><RangeExpressions><ScalarOperator ScalarString="ScalarString67"><Const ConstValue="Value8" /></ScalarOperator><ScalarOperator ScalarString="ScalarString114"><Const ConstValue="Value28" /></ScalarOperator><ScalarOperator ScalarString="ScalarString123"><Identifier><ColumnReference Database="Database1" Schema="Schema1" Table="Object10" Alias="Object67" Column="Column50" /></Identifier></ScalarOperator></RangeExpressions></Prefix></SeekKeys></SeekPredicateNew></SeekPredicates></IndexScan></RelOp></NestedLoops></RelOp><RelOp AvgRowSize="266" EstimateCPU="0.0001581" EstimateIO="0.003125" EstimateRebinds="0" EstimateRewinds="0" EstimatedExecutionMode="Row" EstimateRows="1" LogicalOp="RID Lookup" NodeId="252" Parallel="true" PhysicalOp="RID Lookup" EstimatedTotalSubtreeCost="0.0032831" TableCardinality="1735950"><OutputList><ColumnReference Database="Database1" Schema="Schema1" Table="Object22" Alias="Object33" Column="Column55" /></OutputList><RunTimeInformation><RunTimeCountersPerThread Thread="0" ActualRows="3229" ActualRowsRead="3229" Batches="0" ActualEndOfScans="0" ActualExecutions="3229" ActualExecutionMode="Row" ActualElapsedms="7" ActualCPUms="5" ActualScans="0" ActualLogicalReads="3229" ActualPhysicalReads="0" ActualReadAheads="0" ActualLobLogicalReads="0" ActualLobPhysicalReads="0" ActualLobReadAheads="0" /></RunTimeInformation><IndexScan Lookup="true" Ordered="true" ScanDirection="FORWARD" ForcedIndex="false" ForceSeek="false" ForceScan="false" NoExpandHint="false" Storage="RowStore"><DefinedValues><DefinedValue><ColumnReference Database="Database1" Schema="Schema1" Table="Object22" Alias="Object33" Column="Column55" /></DefinedValue></DefinedValues><Object Database="Database1" Schema="Schema1" Table="Object22" Alias="Object33" TableReferenceId="-1" IndexKind="Heap" Storage="RowStore" /><SeekPredicates><SeekPredicateNew><SeekKeys><Prefix ScanType="EQ"><RangeColumns><ColumnReference Column="Column168" /></RangeColumns><RangeExpressions><ScalarOperator ScalarString="ScalarString124"><Identifier><ColumnReference Column="Column168" /></Identifier></ScalarOperator></RangeExpressions></Prefix></SeekKeys></SeekPredicateNew></SeekPredicates></IndexScan></RelOp></NestedLoops></RelOp><RelOp AvgRowSize="15" EstimateCPU="0.0001581" EstimateIO="0.003125" EstimateRebinds="0" EstimateRewinds="0" EstimatedExecutionMode="Row" EstimateRows="1" EstimatedRowsRead="1" LogicalOp="Index Seek" NodeId="253" Parallel="true" PhysicalOp="Index Seek" EstimatedTotalSubtreeCost="0.0032831" TableCardinality="727827"><OutputList><ColumnReference Column="Column167" /></OutputList><RunTimeInformation><RunTimeCountersPerThread Thread="0" ActualRows="37850" ActualRowsRead="37850" Batches="0" ActualEndOfScans="3229" ActualExecutions="3229" ActualExecutionMode="Row" ActualElapsedms="32" ActualCPUms="28" ActualScans="3229" ActualLogicalReads="9946" ActualPhysicalReads="0" ActualReadAheads="0" ActualLobLogicalReads="0" ActualLobPhysicalReads="0" ActualLobReadAheads="0" /></RunTimeInformation><IndexScan Ordered="true" ScanDirection="FORWARD" ForcedIndex="false" ForceSeek="false" ForceScan="false" NoExpandHint="false" Storage="RowStore"><DefinedValues><DefinedValue><ColumnReference Column="Column167" /></DefinedValue></DefinedValues><Object Database="Database1" Schema="Schema1" Table="Object10" Index="Index7" Alias="Object66" IndexKind="NonClustered" Storage="RowStore" /><SeekPredicates><SeekPredicateNew><SeekKeys><Prefix ScanType="EQ"><RangeColumns><ColumnReference Database="Database1" Schema="Schema1" Table="Object10" Alias="Object66" Column="Column131" /><ColumnReference Database="Database1" Schema="Schema1" Table="Object10" Alias="Object66" Column="Column164" /></RangeColumns><RangeExpressions><ScalarOperator ScalarString="ScalarString114"><Const ConstValue="Value28" /></ScalarOperator><ScalarOperator ScalarString="ScalarString125"><Identifier><ColumnReference Database="Database1" Schema="Schema1" Table="Object22" Alias="Object33" Column="Column51" /></Identifier></ScalarOperator></RangeExpressions></Prefix></SeekKeys></SeekPredicateNew></SeekPredicates></IndexScan></RelOp></NestedLoops></RelOp><RelOp AvgRowSize="85" EstimateCPU="0.0001581" EstimateIO="0.003125" EstimateRebinds="0" EstimateRewinds="0" EstimatedExecutionMode="Row" EstimateRows="1" LogicalOp="RID Lookup" NodeId="255" Parallel="true" PhysicalOp="RID Lookup" EstimatedTotalSubtreeCost="0.0032831" TableCardinality="727827"><OutputList><ColumnReference Database="Database1" Schema="Schema1" Table="Object10" Alias="Object66" Column="Column50" /></OutputList><RunTimeInformation><RunTimeCountersPerThread Thread="0" ActualRows="3223" ActualRowsRead="37850" Batches="0" ActualEndOfScans="34627" ActualExecutions="37850" ActualExecutionMode="Row" ActualElapsedms="85" ActualCPUms="37" ActualScans="0" ActualLogicalReads="38030" ActualPhysicalReads="0" ActualReadAheads="0" ActualLobLogicalReads="0" ActualLobPhysicalReads="0" ActualLobReadAheads="0" /></RunTimeInformation><IndexScan Lookup="true" Ordered="true" ScanDirection="FORWARD" ForcedIndex="false" ForceSeek="false" ForceScan="false" NoExpandHint="false" Storage="RowStore"><DefinedValues><DefinedValue><ColumnReference Database="Database1" Schema="Schema1" Table="Object10" Alias="Object66" Column="Column50" /></DefinedValue></DefinedValues><Object Database="Database1" Schema="Schema1" Table="Object10" Alias="Object66" TableReferenceId="-1" IndexKind="Heap" Storage="RowStore" /><SeekPredicates><SeekPredicateNew><SeekKeys><Prefix ScanType="EQ"><RangeColumns><ColumnReference Column="Column167" /></RangeColumns><RangeExpressions><ScalarOperator ScalarString="ScalarString126"><Identifier><ColumnReference Column="Column167" /></Identifier></ScalarOperator></RangeExpressions></Prefix></SeekKeys></SeekPredicateNew></SeekPredicates><Predicate><ScalarOperator ScalarString="ScalarString127"><Logical Operation="AND"><ScalarOperator><Compare CompareOp="GE"><ScalarOperator><Identifier><ColumnReference Column="Expr1075" /></Identifier></ScalarOperator><ScalarOperator><Identifier><ColumnReference Database="Database1" Schema="Schema1" Table="Object10" Alias="Object66" Column="Column75" /></Identifier></ScalarOperator></Compare></ScalarOperator><ScalarOperator><Compare CompareOp="LE"><ScalarOperator><Identifier><ColumnReference Column="Expr1075" /></Identifier></ScalarOperator><ScalarOperator><Identifier><ColumnReference Database="Database1" Schema="Schema1" Table="Object10" Alias="Object66" Column="Column73" /></Identifier></ScalarOperator></Compare></ScalarOperator><ScalarOperator><Compare CompareOp="EQ"><ScalarOperator><Identifier><ColumnReference Database="Database1" Schema="Schema1" Table="Object10" Alias="Object66" Column="Column46" /></Identifier></ScalarOperator><ScalarOperator><Const ConstValue="Value8" /></ScalarOperator></Compare></ScalarOperator><ScalarOperator><Compare CompareOp="EQ"><ScalarOperator><Identifier><ColumnReference Database="Database1" Schema="Schema1" Table="Object10" Alias="Object66" Column="Column121" /></Identifier></ScalarOperator><ScalarOperator><Const ConstValue="Value27" /></ScalarOperator></Compare></ScalarOperator></Logical></ScalarOperator></Predicate></IndexScan></RelOp></NestedLoops></RelOp><RelOp AvgRowSize="36" EstimateCPU="0.0001581" EstimateIO="0.003125" EstimateRebinds="0" EstimateRewinds="0" EstimatedExecutionMode="Row" EstimateRows="1" EstimatedRowsRead="1" LogicalOp="Index Seek" NodeId="256" Parallel="true" PhysicalOp="Index Seek" EstimatedTotalSubtreeCost="0.0032831" TableCardinality="1735950"><OutputList><ColumnReference Database="Database1" Schema="Schema1" Table="Object22" Alias="Object69" Column="Column51" /></OutputList><RunTimeInformation><RunTimeCountersPerThread Thread="0" ActualRows="3223" ActualRowsRead="3223" Batches="0" ActualEndOfScans="3223" ActualExecutions="3223" ActualExecutionMode="Row" ActualElapsedms="24" ActualCPUms="17" ActualScans="3223" ActualLogicalReads="9669" ActualPhysicalReads="0" ActualReadAheads="0" ActualLobLogicalReads="0" ActualLobPhysicalReads="0" ActualLobReadAheads="0" /></RunTimeInformation><IndexScan Ordered="true" ScanDirection="FORWARD" ForcedIndex="false" ForceSeek="false" ForceScan="false" NoExpandHint="false" Storage="RowStore"><DefinedValues><DefinedValue><ColumnReference Database="Database1" Schema="Schema1" Table="Object22" Alias="Object69" Column="Column51" /></DefinedValue></DefinedValues><Object Database="Database1" Schema="Schema1" Table="Object22" Index="Index6" Alias="Object69" IndexKind="NonClustered" Storage="RowStore" /><SeekPredicates><SeekPredicateNew><SeekKeys><Prefix ScanType="EQ"><RangeColumns><ColumnReference Database="Database1" Schema="Schema1" Table="Object22" Alias="Object69" Column="Column46" /><ColumnReference Database="Database1" Schema="Schema1" Table="Object22" Alias="Object69" Column="Column131" /><ColumnReference Database="Database1" Schema="Schema1" Table="Object22" Alias="Object69" Column="Column51" /></RangeColumns><RangeExpressions><ScalarOperator ScalarString="ScalarString67"><Const ConstValue="Value8" /></ScalarOperator><ScalarOperator ScalarString="ScalarString111"><Const ConstValue="Value27" /></ScalarOperator><ScalarOperator ScalarString="ScalarString128"><Identifier><ColumnReference Database="Database1" Schema="Schema1" Table="Object10" Alias="Object66" Column="Column50" /></Identifier></ScalarOperator></RangeExpressions></Prefix></SeekKeys></SeekPredicateNew></SeekPredicates></IndexScan></RelOp></NestedLoops></RelOp><RelOp AvgRowSize="15" EstimateCPU="0.0001581" EstimateIO="0.003125" EstimateRebinds="0" EstimateRewinds="0" EstimatedExecutionMode="Row" EstimateRows="1" EstimatedRowsRead="1" LogicalOp="Index Seek" NodeId="257" Parallel="true" PhysicalOp="Index Seek" EstimatedTotalSubtreeCost="0.0032831" TableCardinality="727827"><OutputList><ColumnReference Column="Column166" /></OutputList><RunTimeInformation><RunTimeCountersPerThread Thread="0" ActualRows="7709" ActualRowsRead="7709" Batches="0" ActualEndOfScans="3223" ActualExecutions="3223" ActualExecutionMode="Row" ActualElapsedms="18" ActualCPUms="18" ActualScans="3223" ActualLogicalReads="9669" ActualPhysicalReads="0" ActualReadAheads="0" ActualLobLogicalReads="0" ActualLobPhysicalReads="0" ActualLobReadAheads="0" /></RunTimeInformation><IndexScan Ordered="true" ScanDirection="FORWARD" ForcedIndex="false" ForceSeek="false" ForceScan="false" NoExpandHint="false" Storage="RowStore"><DefinedValues><DefinedValue><ColumnReference Column="Column166" /></DefinedValue></DefinedValues><Object Database="Database1" Schema="Schema1" Table="Object10" Index="Index7" Alias="Object68" IndexKind="NonClustered" Storage="RowStore" /><SeekPredicates><SeekPredicateNew><SeekKeys><Prefix ScanType="EQ"><RangeColumns><ColumnReference Database="Database1" Schema="Schema1" Table="Object10" Alias="Object68" Column="Column131" /><ColumnReference Database="Database1" Schema="Schema1" Table="Object10" Alias="Object68" Column="Column164" /></RangeColumns><RangeExpressions><ScalarOperator ScalarString="ScalarString111"><Const ConstValue="Value27" /></ScalarOperator><ScalarOperator ScalarString="ScalarString129"><Identifier><ColumnReference Database="Database1" Schema="Schema1" Table="Object22" Alias="Object69" Column="Column51" /></Identifier></ScalarOperator></RangeExpressions></Prefix></SeekKeys></SeekPredicateNew></SeekPredicates></IndexScan></RelOp></NestedLoops></RelOp><RelOp AvgRowSize="85" EstimateCPU="0.0001581" EstimateIO="0.003125" EstimateRebinds="0" EstimateRewinds="0" EstimatedExecutionMode="Row" EstimateRows="1" LogicalOp="RID Lookup" NodeId="259" Parallel="true" PhysicalOp="RID Lookup" EstimatedTotalSubtreeCost="0.0032831" TableCardinality="727827"><OutputList><ColumnReference Database="Database1" Schema="Schema1" Table="Object10" Alias="Object68" Column="Column50" /></OutputList><RunTimeInformation><RunTimeCountersPerThread Thread="0" ActualRows="3213" ActualRowsRead="7709" Batches="0" ActualEndOfScans="4496" ActualExecutions="7709" ActualExecutionMode="Row" ActualElapsedms="70" ActualCPUms="11" ActualScans="0" ActualLogicalReads="7709" ActualPhysicalReads="0" ActualReadAheads="0" ActualLobLogicalReads="0" ActualLobPhysicalReads="0" ActualLobReadAheads="0" /></RunTimeInformation><IndexScan Lookup="true" Ordered="true" ScanDirection="FORWARD" ForcedIndex="false" ForceSeek="false" ForceScan="false" NoExpandHint="false" Storage="RowStore"><DefinedValues><DefinedValue><ColumnReference Database="Database1" Schema="Schema1" Table="Object10" Alias="Object68" Column="Column50" /></DefinedValue></DefinedValues><Object Database="Database1" Schema="Schema1" Table="Object10" Alias="Object68" TableReferenceId="-1" IndexKind="Heap" Storage="RowStore" /><SeekPredicates><SeekPredicateNew><SeekKeys><Prefix ScanType="EQ"><RangeColumns><ColumnReference Column="Column166" /></RangeColumns><RangeExpressions><ScalarOperator ScalarString="ScalarString130"><Identifier><ColumnReference Column="Column166" /></Identifier></ScalarOperator></RangeExpressions></Prefix></SeekKeys></SeekPredicateNew></SeekPredicates><Predicate><ScalarOperator ScalarString="ScalarString131"><Logical Operation="AND"><ScalarOperator><Compare CompareOp="GE"><ScalarOperator><Identifier><ColumnReference Column="Expr1075" /></Identifier></ScalarOperator><ScalarOperator><Identifier><ColumnReference Database="Database1" Schema="Schema1" Table="Object10" Alias="Object68" Column="Column75" /></Identifier></ScalarOperator></Compare></ScalarOperator><ScalarOperator><Compare CompareOp="LE"><ScalarOperator><Identifier><ColumnReference Column="Expr1075" /></Identifier></ScalarOperator><ScalarOperator><Identifier><ColumnReference Database="Database1" Schema="Schema1" Table="Object10" Alias="Object68" Column="Column73" /></Identifier></ScalarOperator></Compare></ScalarOperator><ScalarOperator><Compare CompareOp="EQ"><ScalarOperator><Identifier><ColumnReference Database="Database1" Schema="Schema1" Table="Object10" Alias="Object68" Column="Column46" /></Identifier></ScalarOperator><ScalarOperator><Const ConstValue="Value8" /></ScalarOperator></Compare></ScalarOperator><ScalarOperator><Compare CompareOp="EQ"><ScalarOperator><Identifier><ColumnReference Database="Database1" Schema="Schema1" Table="Object10" Alias="Object68" Column="Column121" /></Identifier></ScalarOperator><ScalarOperator><Const ConstValue="Value26" /></ScalarOperator></Compare></ScalarOperator></Logical></ScalarOperator></Predicate></IndexScan></RelOp></NestedLoops></RelOp><RelOp AvgRowSize="44" EstimateCPU="0.0001581" EstimateIO="0.003125" EstimateRebinds="0" EstimateRewinds="0" EstimatedExecutionMode="Row" EstimateRows="1" EstimatedRowsRead="1" LogicalOp="Index Seek" NodeId="260" Parallel="true" PhysicalOp="Index Seek" EstimatedTotalSubtreeCost="0.0032831" TableCardinality="1735950"><OutputList><ColumnReference Column="Column165" /><ColumnReference Database="Database1" Schema="Schema1" Table="Object22" Alias="Object34" Column="Column51" /></OutputList><RunTimeInformation><RunTimeCountersPerThread Thread="0" ActualRows="3213" ActualRowsRead="3213" Batches="0" ActualEndOfScans="3213" ActualExecutions="3213" ActualExecutionMode="Row" ActualElapsedms="43" ActualCPUms="19" ActualScans="3213" ActualLogicalReads="9998" ActualPhysicalReads="0" ActualReadAheads="0" ActualLobLogicalReads="0" ActualLobPhysicalReads="0" ActualLobReadAheads="0" /></RunTimeInformation><IndexScan Ordered="true" ScanDirection="FORWARD" ForcedIndex="false" ForceSeek="false" ForceScan="false" NoExpandHint="false" Storage="RowStore"><DefinedValues><DefinedValue><ColumnReference Column="Column165" /></DefinedValue><DefinedValue><ColumnReference Database="Database1" Schema="Schema1" Table="Object22" Alias="Object34" Column="Column51" /></DefinedValue></DefinedValues><Object Database="Database1" Schema="Schema1" Table="Object22" Index="Index6" Alias="Object34" IndexKind="NonClustered" Storage="RowStore" /><SeekPredicates><SeekPredicateNew><SeekKeys><Prefix ScanType="EQ"><RangeColumns><ColumnReference Database="Database1" Schema="Schema1" Table="Object22" Alias="Object34" Column="Column46" /><ColumnReference Database="Database1" Schema="Schema1" Table="Object22" Alias="Object34" Column="Column131" /><ColumnReference Database="Database1" Schema="Schema1" Table="Object22" Alias="Object34" Column="Column51" /></RangeColumns><RangeExpressions><ScalarOperator ScalarString="ScalarString67"><Const ConstValue="Value8" /></ScalarOperator><ScalarOperator ScalarString="ScalarString108"><Const ConstValue="Value26" /></ScalarOperator><ScalarOperator ScalarString="ScalarString132"><Identifier><ColumnReference Database="Database1" Schema="Schema1" Table="Object10" Alias="Object68" Column="Column50" /></Identifier></ScalarOperator></RangeExpressions></Prefix></SeekKeys></SeekPredicateNew></SeekPredicates></IndexScan></RelOp></NestedLoops></RelOp><RelOp AvgRowSize="266" EstimateCPU="0.0001581" EstimateIO="0.003125" EstimateRebinds="0" EstimateRewinds="0" EstimatedExecutionMode="Row" EstimateRows="1" LogicalOp="RID Lookup" NodeId="262" Parallel="true" PhysicalOp="RID Lookup" EstimatedTotalSubtreeCost="0.0032831" TableCardinality="1735950"><OutputList><ColumnReference Database="Database1" Schema="Schema1" Table="Object22" Alias="Object34" Column="Column55" /></OutputList><RunTimeInformation><RunTimeCountersPerThread Thread="0" ActualRows="3213" ActualRowsRead="3213" Batches="0" ActualEndOfScans="0" ActualExecutions="3213" ActualExecutionMode="Row" ActualElapsedms="22" ActualCPUms="4" ActualScans="0" ActualLogicalReads="3213" ActualPhysicalReads="0" ActualReadAheads="0" ActualLobLogicalReads="0" ActualLobPhysicalReads="0" ActualLobReadAheads="0" /></RunTimeInformation><IndexScan Lookup="true" Ordered="true" ScanDirection="FORWARD" ForcedIndex="false" ForceSeek="false" ForceScan="false" NoExpandHint="false" Storage="RowStore"><DefinedValues><DefinedValue><ColumnReference Database="Database1" Schema="Schema1" Table="Object22" Alias="Object34" Column="Column55" /></DefinedValue></DefinedValues><Object Database="Database1" Schema="Schema1" Table="Object22" Alias="Object34" TableReferenceId="-1" IndexKind="Heap" Storage="RowStore" /><SeekPredicates><SeekPredicateNew><SeekKeys><Prefix ScanType="EQ"><RangeColumns><ColumnReference Column="Column165" /></RangeColumns><RangeExpressions><ScalarOperator ScalarString="ScalarString133"><Identifier><ColumnReference Column="Column165" /></Identifier></ScalarOperator></RangeExpressions></Prefix></SeekKeys></SeekPredicateNew></SeekPredicates></IndexScan></RelOp></NestedLoops></RelOp><RelOp AvgRowSize="79" EstimateCPU="4.18E-06" EstimateIO="0" EstimateRebinds="0" EstimateRewinds="0" EstimatedExecutionMode="Row" EstimateRows="1" LogicalOp="Inner Join" NodeId="263" Parallel="true" PhysicalOp="Nested Loops" EstimatedTotalSubtreeCost="0.00657086"><OutputList><ColumnReference Database="Database1" Schema="Schema1" Table="Object10" Alias="Object47" Column="Column164" /><ColumnReference Database="Database1" Schema="Schema1" Table="Object10" Alias="Object47" Column="Column75" /><ColumnReference Database="Database1" Schema="Schema1" Table="Object10" Alias="Object47" Column="Column73" /><ColumnReference Database="Database1" Schema="Schema1" Table="Object10" Alias="Object47" Column="Column50" /></OutputList><RunTimeInformation><RunTimeCountersPerThread Thread="0" ActualRows="86751" Batches="0" ActualEndOfScans="3213" ActualExecutions="3213" ActualExecutionMode="Row" ActualElapsedms="328" ActualCPUms="141" /></RunTimeInformation><NestedLoops Optimized="false"><OuterReferences><ColumnReference Column="Column180" /></OuterReferences><RelOp AvgRowSize="77" EstimateCPU="0.0001581" EstimateIO="0.003125" EstimateRebinds="0" EstimateRewinds="0" EstimatedExecutionMode="Row" EstimateRows="1" EstimatedRowsRead="1" LogicalOp="Index Seek" NodeId="264" Parallel="true" PhysicalOp="Index Seek" EstimatedTotalSubtreeCost="0.0032831" TableCardinality="727827"><OutputList><ColumnReference Column="Column180" /><ColumnReference Database="Database1" Schema="Schema1" Table="Object10" Alias="Object47" Column="Column164" /><ColumnReference Database="Database1" Schema="Schema1" Table="Object10" Alias="Object47" Column="Column50" /></OutputList><RunTimeInformation><RunTimeCountersPerThread Thread="0" ActualRows="86751" ActualRowsRead="86751" Batches="0" ActualEndOfScans="3213" ActualExecutions="3213" ActualExecutionMode="Row" ActualElapsedms="98" ActualCPUms="57" ActualScans="3213" ActualLogicalReads="12852" ActualPhysicalReads="0" ActualReadAheads="0" ActualLobLogicalReads="0" ActualLobPhysicalReads="0" ActualLobReadAheads="0" /></RunTimeInformation><IndexScan Ordered="true" ScanDirection="FORWARD" ForcedIndex="false" ForceSeek="false" ForceScan="false" NoExpandHint="false" Storage="RowStore"><DefinedValues><DefinedValue><ColumnReference Column="Column180" /></DefinedValue><DefinedValue><ColumnReference Database="Database1" Schema="Schema1" Table="Object10" Alias="Object47" Column="Column164" /></DefinedValue><DefinedValue><ColumnReference Database="Database1" Schema="Schema1" Table="Object10" Alias="Object47" Column="Column50" /></DefinedValue></DefinedValues><Object Database="Database1" Schema="Schema1" Table="Object10" Index="Index5" Alias="Object47" IndexKind="NonClustered" Storage="RowStore" /><SeekPredicates><SeekPredicateNew><SeekKeys><Prefix ScanType="EQ"><RangeColumns><ColumnReference Database="Database1" Schema="Schema1" Table="Object10" Alias="Object47" Column="Column46" /><ColumnReference Database="Database1" Schema="Schema1" Table="Object10" Alias="Object47" Column="Column121" /></RangeColumns><RangeExpressions><ScalarOperator ScalarString="ScalarString67"><Const ConstValue="Value8" /></ScalarOperator><ScalarOperator ScalarString="ScalarString134"><Const ConstValue="Value30" /></ScalarOperator></RangeExpressions></Prefix></SeekKeys></SeekPredicateNew></SeekPredicates><Predicate><ScalarOperator ScalarString="ScalarString135"><Compare CompareOp="EQ"><ScalarOperator><Identifier><ColumnReference Database="Database1" Schema="Schema1" Table="Object10" Alias="Object47" Column="Column131" /></Identifier></ScalarOperator><ScalarOperator><Const ConstValue="Value26" /></ScalarOperator></Compare></ScalarOperator></Predicate></IndexScan></RelOp><RelOp AvgRowSize="23" EstimateCPU="0.0001581" EstimateIO="0.003125" EstimateRebinds="0" EstimateRewinds="0" EstimatedExecutionMode="Row" EstimateRows="1" LogicalOp="RID Lookup" NodeId="266" Parallel="true" PhysicalOp="RID Lookup" EstimatedTotalSubtreeCost="0.0032831" TableCardinality="727827"><OutputList><ColumnReference Database="Database1" Schema="Schema1" Table="Object10" Alias="Object47" Column="Column75" /><ColumnReference Database="Database1" Schema="Schema1" Table="Object10" Alias="Object47" Column="Column73" /></OutputList><RunTimeInformation><RunTimeCountersPerThread Thread="0" ActualRows="86751" ActualRowsRead="86751" Batches="0" ActualEndOfScans="0" ActualExecutions="86751" ActualExecutionMode="Row" ActualElapsedms="206" ActualCPUms="60" ActualScans="0" ActualLogicalReads="86751" ActualPhysicalReads="0" ActualReadAheads="0" ActualLobLogicalReads="0" ActualLobPhysicalReads="0" ActualLobReadAheads="0" /></RunTimeInformation><IndexScan Lookup="true" Ordered="true" ScanDirection="FORWARD" ForcedIndex="false" ForceSeek="false" ForceScan="false" NoExpandHint="false" Storage="RowStore"><DefinedValues><DefinedValue><ColumnReference Database="Database1" Schema="Schema1" Table="Object10" Alias="Object47" Column="Column75" /></DefinedValue><DefinedValue><ColumnReference Database="Database1" Schema="Schema1" Table="Object10" Alias="Object47" Column="Column73" /></DefinedValue></DefinedValues><Object Database="Database1" Schema="Schema1" Table="Object10" Alias="Object47" TableReferenceId="-1" IndexKind="Heap" Storage="RowStore" /><SeekPredicates><SeekPredicateNew><SeekKeys><Prefix ScanType="EQ"><RangeColumns><ColumnReference Column="Column180" /></RangeColumns><RangeExpressions><ScalarOperator ScalarString="ScalarString136"><Identifier><ColumnReference Column="Column180" /></Identifier></ScalarOperator></RangeExpressions></Prefix></SeekKeys></SeekPredicateNew></SeekPredicates></IndexScan></RelOp></NestedLoops></RelOp></NestedLoops></RelOp><RelOp AvgRowSize="85" EstimateCPU="4.18E-06" EstimateIO="0" EstimateRebinds="0" EstimateRewinds="0" EstimatedExecutionMode="Row" EstimateRows="1" LogicalOp="Inner Join" NodeId="267" Parallel="true" PhysicalOp="Nested Loops" EstimatedTotalSubtreeCost="0.00657038"><OutputList><ColumnReference Database="Database1" Schema="Schema1" Table="Object10" Alias="Object46" Column="Column50" /></OutputList><RunTimeInformation><RunTimeCountersPerThread Thread="0" ActualRows="3213" Batches="0" ActualEndOfScans="3213" ActualExecutions="3213" ActualExecutionMode="Row" ActualElapsedms="4446" ActualCPUms="2297" /></RunTimeInformation><NestedLoops Optimized="false"><OuterReferences><ColumnReference Column="Column181" /></OuterReferences><RelOp AvgRowSize="15" EstimateCPU="0.0001581" EstimateIO="0.003125" EstimateRebinds="0" EstimateRewinds="0" EstimatedExecutionMode="Row" EstimateRows="1" EstimatedRowsRead="1" LogicalOp="Index Seek" NodeId="268" Parallel="true" PhysicalOp="Index Seek" EstimatedTotalSubtreeCost="0.0032831" TableCardinality="727827"><OutputList><ColumnReference Column="Column181" /></OutputList><RunTimeInformation><RunTimeCountersPerThread Thread="0" ActualRows="1695121" ActualRowsRead="1695121" Batches="0" ActualEndOfScans="3213" ActualExecutions="3213" ActualExecutionMode="Row" ActualElapsedms="467" ActualCPUms="452" ActualScans="3213" ActualLogicalReads="26219" ActualPhysicalReads="0" ActualReadAheads="0" ActualLobLogicalReads="0" ActualLobPhysicalReads="0" ActualLobReadAheads="0" /></RunTimeInformation><IndexScan Ordered="true" ScanDirection="FORWARD" ForcedIndex="false" ForceSeek="false" ForceScan="false" NoExpandHint="false" Storage="RowStore"><DefinedValues><DefinedValue><ColumnReference Column="Column181" /></DefinedValue></DefinedValues><Object Database="Database1" Schema="Schema1" Table="Object10" Index="Index7" Alias="Object46" IndexKind="NonClustered" Storage="RowStore" /><SeekPredicates><SeekPredicateNew><SeekKeys><Prefix ScanType="EQ"><RangeColumns><ColumnReference Database="Database1" Schema="Schema1" Table="Object10" Alias="Object46" Column="Column131" /><ColumnReference Database="Database1" Schema="Schema1" Table="Object10" Alias="Object46" Column="Column164" /></RangeColumns><RangeExpressions><ScalarOperator ScalarString="ScalarString108"><Const ConstValue="Value26" /></ScalarOperator><ScalarOperator ScalarString="ScalarString137"><Identifier><ColumnReference Database="Database1" Schema="Schema1" Table="Object22" Alias="Object34" Column="Column51" /></Identifier></ScalarOperator></RangeExpressions></Prefix></SeekKeys></SeekPredicateNew></SeekPredicates></IndexScan></RelOp><RelOp AvgRowSize="85" EstimateCPU="0.0001581" EstimateIO="0.003125" EstimateRebinds="0" EstimateRewinds="0" EstimatedExecutionMode="Row" EstimateRows="1" LogicalOp="RID Lookup" NodeId="270" Parallel="true" PhysicalOp="RID Lookup" EstimatedTotalSubtreeCost="0.0032831" TableCardinality="727827"><OutputList><ColumnReference Database="Database1" Schema="Schema1" Table="Object10" Alias="Object46" Column="Column50" /></OutputList><RunTimeInformation><RunTimeCountersPerThread Thread="0" ActualRows="3213" ActualRowsRead="1695121" Batches="0" ActualEndOfScans="1691908" ActualExecutions="1695121" ActualExecutionMode="Row" ActualElapsedms="3801" ActualCPUms="1667" ActualScans="0" ActualLogicalReads="1695121" ActualPhysicalReads="0" ActualReadAheads="0" ActualLobLogicalReads="0" ActualLobPhysicalReads="0" ActualLobReadAheads="0" /></RunTimeInformation><IndexScan Lookup="true" Ordered="true" ScanDirection="FORWARD" ForcedIndex="false" ForceSeek="false" ForceScan="false" NoExpandHint="false" Storage="RowStore"><DefinedValues><DefinedValue><ColumnReference Database="Database1" Schema="Schema1" Table="Object10" Alias="Object46" Column="Column50" /></DefinedValue></DefinedValues><Object Database="Database1" Schema="Schema1" Table="Object10" Alias="Object46" TableReferenceId="-1" IndexKind="Heap" Storage="RowStore" /><SeekPredicates><SeekPredicateNew><SeekKeys><Prefix ScanType="EQ"><RangeColumns><ColumnReference Column="Column181" /></RangeColumns><RangeExpressions><ScalarOperator ScalarString="ScalarString138"><Identifier><ColumnReference Column="Column181" /></Identifier></ScalarOperator></RangeExpressions></Prefix></SeekKeys></SeekPredicateNew></SeekPredicates><Predicate><ScalarOperator ScalarString="ScalarString139"><Logical Operation="AND"><ScalarOperator><Compare CompareOp="GE"><ScalarOperator><Identifier><ColumnReference Column="Expr1075" /></Identifier></ScalarOperator><ScalarOperator><Identifier><ColumnReference Database="Database1" Schema="Schema1" Table="Object10" Alias="Object46" Column="Column75" /></Identifier></ScalarOperator></Compare></ScalarOperator><ScalarOperator><Compare CompareOp="LE"><ScalarOperator><Identifier><ColumnReference Column="Expr1075" /></Identifier></ScalarOperator><ScalarOperator><Identifier><ColumnReference Database="Database1" Schema="Schema1" Table="Object10" Alias="Object46" Column="Column73" /></Identifier></ScalarOperator></Compare></ScalarOperator><ScalarOperator><Compare CompareOp="EQ"><ScalarOperator><Identifier><ColumnReference Database="Database1" Schema="Schema1" Table="Object10" Alias="Object46" Column="Column46" /></Identifier></ScalarOperator><ScalarOperator><Const ConstValue="Value8" /></ScalarOperator></Compare></ScalarOperator><ScalarOperator><Compare CompareOp="EQ"><ScalarOperator><Identifier><ColumnReference Database="Database1" Schema="Schema1" Table="Object10" Alias="Object46" Column="Column121" /></Identifier></ScalarOperator><ScalarOperator><Const ConstValue="Value31" /></ScalarOperator></Compare></ScalarOperator></Logical></ScalarOperator></Predicate></IndexScan></RelOp></NestedLoops></RelOp></NestedLoops></RelOp><RelOp AvgRowSize="85" EstimateCPU="4.18E-06" EstimateIO="0" EstimateRebinds="0" EstimateRewinds="0" EstimatedExecutionMode="Row" EstimateRows="1" LogicalOp="Inner Join" NodeId="271" Parallel="true" PhysicalOp="Nested Loops" EstimatedTotalSubtreeCost="0.00657038"><OutputList><ColumnReference Database="Database1" Schema="Schema1" Table="Object10" Alias="Object45" Column="Column50" /></OutputList><RunTimeInformation><RunTimeCountersPerThread Thread="0" ActualRows="3213" Batches="0" ActualEndOfScans="3213" ActualExecutions="3213" ActualExecutionMode="Row" ActualElapsedms="128" ActualCPUms="81" /></RunTimeInformation><NestedLoops Optimized="false"><OuterReferences><ColumnReference Column="Column182" /></OuterReferences><RelOp AvgRowSize="15" EstimateCPU="0.0001581" EstimateIO="0.003125" EstimateRebinds="0" EstimateRewinds="0" EstimatedExecutionMode="Row" EstimateRows="1" EstimatedRowsRead="1" LogicalOp="Index Seek" NodeId="272" Parallel="true" PhysicalOp="Index Seek" EstimatedTotalSubtreeCost="0.0032831" TableCardinality="727827"><OutputList><ColumnReference Column="Column182" /></OutputList><RunTimeInformation><RunTimeCountersPerThread Thread="0" ActualRows="37700" ActualRowsRead="37700" Batches="0" ActualEndOfScans="3213" ActualExecutions="3213" ActualExecutionMode="Row" ActualElapsedms="49" ActualCPUms="36" ActualScans="3213" ActualLogicalReads="9892" ActualPhysicalReads="0" ActualReadAheads="0" ActualLobLogicalReads="0" ActualLobPhysicalReads="0" ActualLobReadAheads="0" /></RunTimeInformation><IndexScan Ordered="true" ScanDirection="FORWARD" ForcedIndex="false" ForceSeek="false" ForceScan="false" NoExpandHint="false" Storage="RowStore"><DefinedValues><DefinedValue><ColumnReference Column="Column182" /></DefinedValue></DefinedValues><Object Database="Database1" Schema="Schema1" Table="Object10" Index="Index7" Alias="Object45" IndexKind="NonClustered" Storage="RowStore" /><SeekPredicates><SeekPredicateNew><SeekKeys><Prefix ScanType="EQ"><RangeColumns><ColumnReference Database="Database1" Schema="Schema1" Table="Object10" Alias="Object45" Column="Column131" /><ColumnReference Database="Database1" Schema="Schema1" Table="Object10" Alias="Object45" Column="Column164" /></RangeColumns><RangeExpressions><ScalarOperator ScalarString="ScalarString114"><Const ConstValue="Value28" /></ScalarOperator><ScalarOperator ScalarString="ScalarString125"><Identifier><ColumnReference Database="Database1" Schema="Schema1" Table="Object22" Alias="Object33" Column="Column51" /></Identifier></ScalarOperator></RangeExpressions></Prefix></SeekKeys></SeekPredicateNew></SeekPredicates></IndexScan></RelOp><RelOp AvgRowSize="85" EstimateCPU="0.0001581" EstimateIO="0.003125" EstimateRebinds="0" EstimateRewinds="0" EstimatedExecutionMode="Row" EstimateRows="1" LogicalOp="RID Lookup" NodeId="274" Parallel="true" PhysicalOp="RID Lookup" EstimatedTotalSubtreeCost="0.0032831" TableCardinality="727827"><OutputList><ColumnReference Database="Database1" Schema="Schema1" Table="Object10" Alias="Object45" Column="Column50" /></OutputList><RunTimeInformation><RunTimeCountersPerThread Thread="0" ActualRows="3213" ActualRowsRead="37700" Batches="0" ActualEndOfScans="34487" ActualExecutions="37700" ActualExecutionMode="Row" ActualElapsedms="73" ActualCPUms="38" ActualScans="0" ActualLogicalReads="37880" ActualPhysicalReads="0" ActualReadAheads="0" ActualLobLogicalReads="0" ActualLobPhysicalReads="0" ActualLobReadAheads="0" /></RunTimeInformation><IndexScan Lookup="true" Ordered="true" ScanDirection="FORWARD" ForcedIndex="false" ForceSeek="false" ForceScan="false" NoExpandHint="false" Storage="RowStore"><DefinedValues><DefinedValue><ColumnReference Database="Database1" Schema="Schema1" Table="Object10" Alias="Object45" Column="Column50" /></DefinedValue></DefinedValues><Object Database="Database1" Schema="Schema1" Table="Object10" Alias="Object45" TableReferenceId="-1" IndexKind="Heap" Storage="RowStore" /><SeekPredicates><SeekPredicateNew><SeekKeys><Prefix ScanType="EQ"><RangeColumns><ColumnReference Column="Column182" /></RangeColumns><RangeExpressions><ScalarOperator ScalarString="ScalarString140"><Identifier><ColumnReference Column="Column182" /></Identifier></ScalarOperator></RangeExpressions></Prefix></SeekKeys></SeekPredicateNew></SeekPredicates><Predicate><ScalarOperator ScalarString="ScalarString141"><Logical Operation="AND"><ScalarOperator><Compare CompareOp="GE"><ScalarOperator><Identifier><ColumnReference Column="Expr1075" /></Identifier></ScalarOperator><ScalarOperator><Identifier><ColumnReference Database="Database1" Schema="Schema1" Table="Object10" Alias="Object45" Column="Column75" /></Identifier></ScalarOperator></Compare></ScalarOperator><ScalarOperator><Compare CompareOp="LE"><ScalarOperator><Identifier><ColumnReference Column="Expr1075" /></Identifier></ScalarOperator><ScalarOperator><Identifier><ColumnReference Database="Database1" Schema="Schema1" Table="Object10" Alias="Object45" Column="Column73" /></Identifier></ScalarOperator></Compare></ScalarOperator><ScalarOperator><Compare CompareOp="EQ"><ScalarOperator><Identifier><ColumnReference Database="Database1" Schema="Schema1" Table="Object10" Alias="Object45" Column="Column46" /></Identifier></ScalarOperator><ScalarOperator><Const ConstValue="Value8" /></ScalarOperator></Compare></ScalarOperator><ScalarOperator><Compare CompareOp="EQ"><ScalarOperator><Identifier><ColumnReference Database="Database1" Schema="Schema1" Table="Object10" Alias="Object45" Column="Column121" /></Identifier></ScalarOperator><ScalarOperator><Const ConstValue="Value31" /></ScalarOperator></Compare></ScalarOperator></Logical></ScalarOperator></Predicate></IndexScan></RelOp></NestedLoops></RelOp></NestedLoops></RelOp><RelOp AvgRowSize="85" EstimateCPU="4.18E-06" EstimateIO="0" EstimateRebinds="0" EstimateRewinds="0" EstimatedExecutionMode="Row" EstimateRows="1" LogicalOp="Inner Join" NodeId="275" Parallel="true" PhysicalOp="Nested Loops" EstimatedTotalSubtreeCost="0.00657038"><OutputList><ColumnReference Database="Database1" Schema="Schema1" Table="Object10" Alias="Object44" Column="Column50" /></OutputList><RunTimeInformation><RunTimeCountersPerThread Thread="0" ActualRows="3213" Batches="0" ActualEndOfScans="3213" ActualExecutions="3213" ActualExecutionMode="Row" ActualElapsedms="187" ActualCPUms="73" /></RunTimeInformation><NestedLoops Optimized="false"><OuterReferences><ColumnReference Column="Column183" /></OuterReferences><RelOp AvgRowSize="15" EstimateCPU="0.0001581" EstimateIO="0.003125" EstimateRebinds="0" EstimateRewinds="0" EstimatedExecutionMode="Row" EstimateRows="1" EstimatedRowsRead="1" LogicalOp="Index Seek" NodeId="276" Parallel="true" PhysicalOp="Index Seek" EstimatedTotalSubtreeCost="0.0032831" TableCardinality="727827"><OutputList><ColumnReference Column="Column183" /></OutputList><RunTimeInformation><RunTimeCountersPerThread Thread="0" ActualRows="32635" ActualRowsRead="32635" Batches="0" ActualEndOfScans="3213" ActualExecutions="3213" ActualExecutionMode="Row" ActualElapsedms="37" ActualCPUms="29" ActualScans="3213" ActualLogicalReads="9891" ActualPhysicalReads="0" ActualReadAheads="0" ActualLobLogicalReads="0" ActualLobPhysicalReads="0" ActualLobReadAheads="0" /></RunTimeInformation><IndexScan Ordered="true" ScanDirection="FORWARD" ForcedIndex="false" ForceSeek="false" ForceScan="false" NoExpandHint="false" Storage="RowStore"><DefinedValues><DefinedValue><ColumnReference Column="Column183" /></DefinedValue></DefinedValues><Object Database="Database1" Schema="Schema1" Table="Object10" Index="Index7" Alias="Object44" IndexKind="NonClustered" Storage="RowStore" /><SeekPredicates><SeekPredicateNew><SeekKeys><Prefix ScanType="EQ"><RangeColumns><ColumnReference Database="Database1" Schema="Schema1" Table="Object10" Alias="Object44" Column="Column131" /><ColumnReference Database="Database1" Schema="Schema1" Table="Object10" Alias="Object44" Column="Column164" /></RangeColumns><RangeExpressions><ScalarOperator ScalarString="ScalarString119"><Const ConstValue="Value22" /></ScalarOperator><ScalarOperator ScalarString="ScalarString142"><Identifier><ColumnReference Database="Database1" Schema="Schema1" Table="Object22" Alias="Object43" Column="Column51" /></Identifier></ScalarOperator></RangeExpressions></Prefix></SeekKeys></SeekPredicateNew></SeekPredicates></IndexScan></RelOp><RelOp AvgRowSize="85" EstimateCPU="0.0001581" EstimateIO="0.003125" EstimateRebinds="0" EstimateRewinds="0" EstimatedExecutionMode="Row" EstimateRows="1" LogicalOp="RID Lookup" NodeId="278" Parallel="true" PhysicalOp="RID Lookup" EstimatedTotalSubtreeCost="0.0032831" TableCardinality="727827"><OutputList><ColumnReference Database="Database1" Schema="Schema1" Table="Object10" Alias="Object44" Column="Column50" /></OutputList><RunTimeInformation><RunTimeCountersPerThread Thread="0" ActualRows="3213" ActualRowsRead="32635" Batches="0" ActualEndOfScans="29422" ActualExecutions="32635" ActualExecutionMode="Row" ActualElapsedms="143" ActualCPUms="37" ActualScans="0" ActualLogicalReads="32740" ActualPhysicalReads="0" ActualReadAheads="0" ActualLobLogicalReads="0" ActualLobPhysicalReads="0" ActualLobReadAheads="0" /></RunTimeInformation><IndexScan Lookup="true" Ordered="true" ScanDirection="FORWARD" ForcedIndex="false" ForceSeek="false" ForceScan="false" NoExpandHint="false" Storage="RowStore"><DefinedValues><DefinedValue><ColumnReference Database="Database1" Schema="Schema1" Table="Object10" Alias="Object44" Column="Column50" /></DefinedValue></DefinedValues><Object Database="Database1" Schema="Schema1" Table="Object10" Alias="Object44" TableReferenceId="-1" IndexKind="Heap" Storage="RowStore" /><SeekPredicates><SeekPredicateNew><SeekKeys><Prefix ScanType="EQ"><RangeColumns><ColumnReference Column="Column183" /></RangeColumns><RangeExpressions><ScalarOperator ScalarString="ScalarString143"><Identifier><ColumnReference Column="Column183" /></Identifier></ScalarOperator></RangeExpressions></Prefix></SeekKeys></SeekPredicateNew></SeekPredicates><Predicate><ScalarOperator ScalarString="ScalarString144"><Logical Operation="AND"><ScalarOperator><Compare CompareOp="GE"><ScalarOperator><Identifier><ColumnReference Column="Expr1075" /></Identifier></ScalarOperator><ScalarOperator><Identifier><ColumnReference Database="Database1" Schema="Schema1" Table="Object10" Alias="Object44" Column="Column75" /></Identifier></ScalarOperator></Compare></ScalarOperator><ScalarOperator><Compare CompareOp="LE"><ScalarOperator><Identifier><ColumnReference Column="Expr1075" /></Identifier></ScalarOperator><ScalarOperator><Identifier><ColumnReference Database="Database1" Schema="Schema1" Table="Object10" Alias="Object44" Column="Column73" /></Identifier></ScalarOperator></Compare></ScalarOperator><ScalarOperator><Compare CompareOp="EQ"><ScalarOperator><Identifier><ColumnReference Database="Database1" Schema="Schema1" Table="Object10" Alias="Object44" Column="Column46" /></Identifier></ScalarOperator><ScalarOperator><Const ConstValue="Value8" /></ScalarOperator></Compare></ScalarOperator><ScalarOperator><Compare CompareOp="EQ"><ScalarOperator><Identifier><ColumnReference Database="Database1" Schema="Schema1" Table="Object10" Alias="Object44" Column="Column121" /></Identifier></ScalarOperator><ScalarOperator><Const ConstValue="Value31" /></ScalarOperator></Compare></ScalarOperator></Logical></ScalarOperator></Predicate></IndexScan></RelOp></NestedLoops></RelOp></NestedLoops></RelOp></Parallelism></RelOp></ComputeScalar></RelOp></Sort></RelOp></Segment></RelOp></SequenceProject></RelOp></Sort></RelOp></ComputeScalar></RelOp></Segment></RelOp></WindowSpool></RelOp></StreamAggregate></RelOp></Parallelism></RelOp></Sort></RelOp></Segment></RelOp></Segment></RelOp></WindowSpool></RelOp></StreamAggregate></RelOp></ComputeScalar></RelOp></Parallelism></RelOp></Sort></RelOp></Segment></RelOp></Spool></RelOp><RelOp AvgRowSize="1017" EstimateCPU="1.4E-07" EstimateIO="0" EstimateRebinds="1" EstimateRewinds="0" EstimatedExecutionMode="Row" EstimateRows="1" LogicalOp="Inner Join" NodeId="279" Parallel="true" PhysicalOp="Nested Loops" EstimatedTotalSubtreeCost="2.8E-07"><OutputList><ColumnReference Database="Database1" Schema="Schema1" Table="Object22" Alias="Object43" Column="Column55" /><ColumnReference Database="Database1" Schema="Schema1" Table="Object22" Alias="Object43" Column="Column51" /><ColumnReference Database="Database1" Schema="Schema1" Table="Object22" Alias="Object33" Column="Column55" /><ColumnReference Database="Database1" Schema="Schema1" Table="Object22" Alias="Object33" Column="Column51" /><ColumnReference Database="Database1" Schema="Schema1" Table="Object10" Alias="Object66" Column="Column50" /><ColumnReference Database="Database1" Schema="Schema1" Table="Object22" Alias="Object34" Column="Column55" /><ColumnReference Database="Database1" Schema="Schema1" Table="Object22" Alias="Object34" Column="Column51" /><ColumnReference Database="Database1" Schema="Schema1" Table="Object10" Alias="Object47" Column="Column50" /><ColumnReference Database="Database1" Schema="Schema1" Table="Object10" Alias="Object46" Column="Column50" /><ColumnReference Database="Database1" Schema="Schema1" Table="Object10" Alias="Object45" Column="Column50" /><ColumnReference Database="Database1" Schema="Schema1" Table="Object10" Alias="Object44" Column="Column50" /><ColumnReference Column="Expr1103" /><ColumnReference Column="Expr1104" /><ColumnReference Column="Expr1105" /></OutputList><RunTimeInformation><RunTimeCountersPerThread Thread="0" ActualRows="3213" Batches="0" ActualEndOfScans="840" ActualExecutions="840" ActualExecutionMode="Row" ActualElapsedms="7" ActualCPUms="6" /></RunTimeInformation><NestedLoops Optimized="false"><Predicate><ScalarOperator ScalarString="ScalarString117"><Const ConstValue="Value10" /></ScalarOperator></Predicate><RelOp AvgRowSize="1017" EstimateCPU="1.4E-07" EstimateIO="0" EstimateRebinds="1" EstimateRewinds="0" EstimatedExecutionMode="Row" EstimateRows="1" LogicalOp="Aggregate" NodeId="280" Parallel="true" PhysicalOp="Stream Aggregate" EstimatedTotalSubtreeCost="1.4E-07"><OutputList><ColumnReference Column="Expr1104" /><ColumnReference Column="Expr1105" /><ColumnReference Column="Expr1104" /><ColumnReference Column="Expr1105" /></OutputList><RunTimeInformation><RunTimeCountersPerThread Thread="0" ActualRows="839" Batches="0" ActualEndOfScans="840" ActualExecutions="840" ActualExecutionMode="Row" ActualElapsedms="3" ActualCPUms="3" /></RunTimeInformation><StreamAggregate><DefinedValues><DefinedValue><ColumnReference Column="Expr1104" /><ScalarOperator ScalarString="ScalarString145"><Aggregate AggType="MIN" Distinct="false"><ScalarOperator><Identifier><ColumnReference Column="Expr1075" /></Identifier></ScalarOperator></Aggregate></ScalarOperator></DefinedValue><DefinedValue><ColumnReference Column="Expr1105" /><ScalarOperator ScalarString="ScalarString146"><Aggregate AggType="MAX" Distinct="false"><ScalarOperator><Identifier><ColumnReference Column="Expr1077" /></Identifier></ScalarOperator></Aggregate></ScalarOperator></DefinedValue></DefinedValues><RelOp AvgRowSize="1017" EstimateCPU="0" EstimateIO="0" EstimateRebinds="1" EstimateRewinds="0" EstimatedExecutionMode="Row" EstimateRows="1" LogicalOp="Lazy Spool" NodeId="281" Parallel="true" PhysicalOp="Table Spool" EstimatedTotalSubtreeCost="0"><OutputList><ColumnReference Column="Expr1075" /><ColumnReference Column="Expr1077" /><ColumnReference Database="Database1" Schema="Schema1" Table="Object22" Alias="Object43" Column="Column55" /><ColumnReference Database="Database1" Schema="Schema1" Table="Object22" Alias="Object43" Column="Column51" /><ColumnReference Database="Database1" Schema="Schema1" Table="Object22" Alias="Object33" Column="Column55" /><ColumnReference Database="Database1" Schema="Schema1" Table="Object22" Alias="Object33" Column="Column51" /><ColumnReference Database="Database1" Schema="Schema1" Table="Object10" Alias="Object66" Column="Column50" /><ColumnReference Database="Database1" Schema="Schema1" Table="Object22" Alias="Object34" Column="Column55" /><ColumnReference Database="Database1" Schema="Schema1" Table="Object22" Alias="Object34" Column="Column51" /><ColumnReference Database="Database1" Schema="Schema1" Table="Object10" Alias="Object47" Column="Column50" /><ColumnReference Database="Database1" Schema="Schema1" Table="Object10" Alias="Object46" Column="Column50" /><ColumnReference Database="Database1" Schema="Schema1" Table="Object10" Alias="Object45" Column="Column50" /><ColumnReference Database="Database1" Schema="Schema1" Table="Object10" Alias="Object44" Column="Column50" /><ColumnReference Column="Expr1103" /></OutputList><RunTimeInformation><RunTimeCountersPerThread Thread="0" ActualRebinds="1" ActualRewinds="839" ActualRows="3213" Batches="0" ActualEndOfScans="840" ActualExecutions="840" ActualExecutionMode="Row" ActualElapsedms="2" ActualCPUms="2" ActualScans="0" ActualLogicalReads="0" ActualPhysicalReads="0" ActualReadAheads="0" ActualLobLogicalReads="0" ActualLobPhysicalReads="0" ActualLobReadAheads="0" /></RunTimeInformation><Spool PrimaryNodeId="170" /></RelOp></StreamAggregate></RelOp><RelOp AvgRowSize="1017" EstimateCPU="0" EstimateIO="0" EstimateRebinds="1" EstimateRewinds="0" EstimatedExecutionMode="Row" EstimateRows="1" LogicalOp="Lazy Spool" NodeId="282" Parallel="true" PhysicalOp="Table Spool" EstimatedTotalSubtreeCost="0"><OutputList><ColumnReference Column="Expr1075" /><ColumnReference Column="Expr1077" /><ColumnReference Database="Database1" Schema="Schema1" Table="Object22" Alias="Object43" Column="Column55" /><ColumnReference Database="Database1" Schema="Schema1" Table="Object22" Alias="Object43" Column="Column51" /><ColumnReference Database="Database1" Schema="Schema1" Table="Object22" Alias="Object33" Column="Column55" /><ColumnReference Database="Database1" Schema="Schema1" Table="Object22" Alias="Object33" Column="Column51" /><ColumnReference Database="Database1" Schema="Schema1" Table="Object10" Alias="Object66" Column="Column50" /><ColumnReference Database="Database1" Schema="Schema1" Table="Object22" Alias="Object34" Column="Column55" /><ColumnReference Database="Database1" Schema="Schema1" Table="Object22" Alias="Object34" Column="Column51" /><ColumnReference Database="Database1" Schema="Schema1" Table="Object10" Alias="Object47" Column="Column50" /><ColumnReference Database="Database1" Schema="Schema1" Table="Object10" Alias="Object46" Column="Column50" /><ColumnReference Database="Database1" Schema="Schema1" Table="Object10" Alias="Object45" Column="Column50" /><ColumnReference Database="Database1" Schema="Schema1" Table="Object10" Alias="Object44" Column="Column50" /><ColumnReference Column="Expr1103" /></OutputList><RunTimeInformation><RunTimeCountersPerThread Thread="0" ActualRebinds="0" ActualRewinds="839" ActualRows="3213" Batches="0" ActualEndOfScans="839" ActualExecutions="839" ActualExecutionMode="Row" ActualElapsedms="2" ActualCPUms="2" ActualScans="0" ActualLogicalReads="0" ActualPhysicalReads="0" ActualReadAheads="0" ActualLobLogicalReads="0" ActualLobPhysicalReads="0" ActualLobReadAheads="0" /></RunTimeInformation><Spool PrimaryNodeId="170" /></RelOp></NestedLoops></RelOp></NestedLoops></RelOp></Parallelism></RelOp></Sort></RelOp></Parallelism></RelOp></Hash></RelOp></Parallelism></RelOp></Bitmap></RelOp><RelOp AvgRowSize="165" EstimateCPU="0.557076" EstimateIO="0" EstimateRebinds="0" EstimateRewinds="0" EstimatedExecutionMode="Row" EstimateRows="65691.1" LogicalOp="Repartition Streams" NodeId="283" Parallel="true" PhysicalOp="Parallelism" EstimatedTotalSubtreeCost="4.68644"><OutputList><ColumnReference Database="Database1" Schema="Schema1" Table="Object21" Alias="Object35" Column="Column52" /><ColumnReference Database="Database1" Schema="Schema1" Table="Object21" Alias="Object35" Column="Column2" /><ColumnReference Database="Database1" Schema="Schema1" Table="Object21" Alias="Object35" Column="Column3" /><ColumnReference Database="Database1" Schema="Schema1" Table="Object21" Alias="Object35" Column="Column5" /><ColumnReference Column="Expr1271" /></OutputList><Parallelism PartitioningType="Hash"><PartitionColumns><ColumnReference Database="Database1" Schema="Schema1" Table="Object21" Alias="Object35" Column="Column2" /></PartitionColumns><RelOp AvgRowSize="172" EstimateCPU="0.0033188" EstimateIO="0" EstimateRebinds="0" EstimateRewinds="0" EstimatedExecutionMode="Row" EstimateRows="65691.1" LogicalOp="Compute Scalar" NodeId="284" Parallel="true" PhysicalOp="Compute Scalar" EstimatedTotalSubtreeCost="4.11344"><OutputList><ColumnReference Database="Database1" Schema="Schema1" Table="Object21" Alias="Object35" Column="Column52" /><ColumnReference Database="Database1" Schema="Schema1" Table="Object21" Alias="Object35" Column="Column2" /><ColumnReference Database="Database1" Schema="Schema1" Table="Object21" Alias="Object35" Column="Column3" /><ColumnReference Database="Database1" Schema="Schema1" Table="Object21" Alias="Object35" Column="Column5" /><ColumnReference Column="Expr1271" /></OutputList><ComputeScalar><DefinedValues><DefinedValue><ColumnReference Column="Expr1271" /><ScalarOperator ScalarString="ScalarString147"><IF><Condition><ScalarOperator><Compare CompareOp="NE"><ScalarOperator><Identifier><ColumnReference Database="Database1" Schema="Schema1" Table="Object21" Alias="Object35" Column="Column184" /></Identifier></ScalarOperator><ScalarOperator><Const ConstValue="Value4" /></ScalarOperator></Compare></ScalarOperator></Condition><Then><ScalarOperator><Identifier><ColumnReference Database="Database1" Schema="Schema1" Table="Object21" Alias="Object35" Column="Column184" /></Identifier></ScalarOperator></Then><Else><ScalarOperator><Identifier><ColumnReference Database="Database1" Schema="Schema1" Table="Object21" Alias="Object35" Column="Column185" /></Identifier></ScalarOperator></Else></IF></ScalarOperator></DefinedValue></DefinedValues><RelOp AvgRowSize="140" EstimateCPU="0.036546" EstimateIO="4.07357" EstimateRebinds="0" EstimateRewinds="0" EstimatedExecutionMode="Row" EstimateRows="65691.1" EstimatedRowsRead="66376" LogicalOp="Table Scan" NodeId="285" Parallel="true" PhysicalOp="Table Scan" EstimatedTotalSubtreeCost="4.11012" TableCardinality="66376"><OutputList><ColumnReference Database="Database1" Schema="Schema1" Table="Object21" Alias="Object35" Column="Column52" /><ColumnReference Database="Database1" Schema="Schema1" Table="Object21" Alias="Object35" Column="Column185" /><ColumnReference Database="Database1" Schema="Schema1" Table="Object21" Alias="Object35" Column="Column184" /><ColumnReference Database="Database1" Schema="Schema1" Table="Object21" Alias="Object35" Column="Column2" /><ColumnReference Database="Database1" Schema="Schema1" Table="Object21" Alias="Object35" Column="Column3" /><ColumnReference Database="Database1" Schema="Schema1" Table="Object21" Alias="Object35" Column="Column5" /></OutputList><RunTimeInformation><RunTimeCountersPerThread Thread="0" ActualRows="65702" ActualRowsRead="66376" Batches="0" ActualEndOfScans="1" ActualExecutions="1" ActualExecutionMode="Row" ActualElapsedms="69" ActualCPUms="64" ActualScans="1" ActualLogicalReads="5839" ActualPhysicalReads="0" ActualReadAheads="0" ActualLobLogicalReads="0" ActualLobPhysicalReads="0" ActualLobReadAheads="0" /></RunTimeInformation><TableScan Ordered="false" ForcedIndex="false" ForceScan="false" NoExpandHint="false" Storage="RowStore"><DefinedValues><DefinedValue><ColumnReference Database="Database1" Schema="Schema1" Table="Object21" Alias="Object35" Column="Column52" /></DefinedValue><DefinedValue><ColumnReference Database="Database1" Schema="Schema1" Table="Object21" Alias="Object35" Column="Column185" /></DefinedValue><DefinedValue><ColumnReference Database="Database1" Schema="Schema1" Table="Object21" Alias="Object35" Column="Column184" /></DefinedValue><DefinedValue><ColumnReference Database="Database1" Schema="Schema1" Table="Object21" Alias="Object35" Column="Column2" /></DefinedValue><DefinedValue><ColumnReference Database="Database1" Schema="Schema1" Table="Object21" Alias="Object35" Column="Column3" /></DefinedValue><DefinedValue><ColumnReference Database="Database1" Schema="Schema1" Table="Object21" Alias="Object35" Column="Column5" /></DefinedValue></DefinedValues><Object Database="Database1" Schema="Schema1" Table="Object21" Alias="Object35" IndexKind="Heap" Storage="RowStore" /><Predicate><ScalarOperator ScalarString="ScalarString148"><Logical Operation="AND"><ScalarOperator><Compare CompareOp="EQ"><ScalarOperator><Identifier><ColumnReference Database="Database1" Schema="Schema1" Table="Object21" Alias="Object35" Column="Column46" /></Identifier></ScalarOperator><ScalarOperator><Const ConstValue="Value8" /></ScalarOperator></Compare></ScalarOperator><ScalarOperator><Intrinsic FunctionName="Function7"><ScalarOperator><Identifier><ColumnReference Column="Column81" /></Identifier></ScalarOperator><ScalarOperator><Identifier><ColumnReference Database="Database1" Schema="Schema1" Table="Object21" Alias="Object35" Column="Column2" /></Identifier></ScalarOperator></Intrinsic></ScalarOperator></Logical></ScalarOperator></Predicate></TableScan></RelOp></ComputeScalar></RelOp></Parallelism></RelOp></Hash></RelOp><RelOp AvgRowSize="58" EstimateCPU="9.0841E-05" EstimateIO="0" EstimateRebinds="3972.79" EstimateRewinds="11.7995" EstimatedExecutionMode="Row" EstimateRows="21.7323" LogicalOp="Inner Join" NodeId="286" Parallel="true" PhysicalOp="Nested Loops" EstimatedTotalSubtreeCost="33.8169"><OutputList><ColumnReference Database="Database1" Schema="Schema1" Table="Object8" Alias="Object36" Column="Column50" /></OutputList><RunTimeInformation><RunTimeCountersPerThread Thread="0" ActualRows="10050" Batches="0" ActualEndOfScans="10050" ActualExecutions="10050" ActualExecutionMode="Row" ActualElapsedms="859" ActualCPUms="724" /></RunTimeInformation><NestedLoops Optimized="false"><OuterReferences><ColumnReference Column="Column186" /></OuterReferences><RelOp AvgRowSize="15" EstimateCPU="0.000180906" EstimateIO="0.003125" EstimateRebinds="3972.79" EstimateRewinds="11.7995" EstimatedExecutionMode="Row" EstimateRows="21.7323" EstimatedRowsRead="21.7323" LogicalOp="Index Seek" NodeId="287" Parallel="true" PhysicalOp="Index Seek" EstimatedTotalSubtreeCost="1.68853" TableCardinality="4501730"><OutputList><ColumnReference Column="Column186" /></OutputList><RunTimeInformation><RunTimeCountersPerThread Thread="0" ActualRows="389694" ActualRowsRead="389694" Batches="0" ActualEndOfScans="10050" ActualExecutions="10050" ActualExecutionMode="Row" ActualElapsedms="203" ActualCPUms="193" ActualScans="10050" ActualLogicalReads="32584" ActualPhysicalReads="0" ActualReadAheads="0" ActualLobLogicalReads="0" ActualLobPhysicalReads="0" ActualLobReadAheads="0" /></RunTimeInformation><IndexScan Ordered="true" ScanDirection="FORWARD" ForcedIndex="false" ForceSeek="false" ForceScan="false" NoExpandHint="false" Storage="RowStore"><DefinedValues><DefinedValue><ColumnReference Column="Column186" /></DefinedValue></DefinedValues><Object Database="Database1" Schema="Schema1" Table="Object8" Index="Index8" Alias="Object36" IndexKind="NonClustered" Storage="RowStore" /><SeekPredicates><SeekPredicateNew><SeekKeys><Prefix ScanType="EQ"><RangeColumns><ColumnReference Database="Database1" Schema="Schema1" Table="Object8" Alias="Object36" Column="Column46" /><ColumnReference Database="Database1" Schema="Schema1" Table="Object8" Alias="Object36" Column="Column64" /></RangeColumns><RangeExpressions><ScalarOperator ScalarString="ScalarString67"><Const ConstValue="Value8" /></ScalarOperator><ScalarOperator ScalarString="ScalarString149"><Identifier><ColumnReference Database="Database1" Schema="Schema1" Table="Object8" Alias="Object49" Column="Column64" /></Identifier></ScalarOperator></RangeExpressions></Prefix></SeekKeys></SeekPredicateNew></SeekPredicates></IndexScan></RelOp><RelOp AvgRowSize="58" EstimateCPU="0.0001581" EstimateIO="0.003125" EstimateRebinds="86615" EstimateRewinds="0" EstimatedExecutionMode="Row" EstimateRows="1" LogicalOp="RID Lookup" NodeId="289" Parallel="true" PhysicalOp="RID Lookup" EstimatedTotalSubtreeCost="31.7663" TableCardinality="4501730"><OutputList><ColumnReference Database="Database1" Schema="Schema1" Table="Object8" Alias="Object36" Column="Column50" /></OutputList><RunTimeInformation><RunTimeCountersPerThread Thread="0" ActualRows="10050" ActualRowsRead="389694" Batches="0" ActualEndOfScans="379644" ActualExecutions="389694" ActualExecutionMode="Row" ActualElapsedms="610" ActualCPUms="485" ActualScans="0" ActualLogicalReads="389771" ActualPhysicalReads="0" ActualReadAheads="0" ActualLobLogicalReads="0" ActualLobPhysicalReads="0" ActualLobReadAheads="0" /></RunTimeInformation><IndexScan Lookup="true" Ordered="true" ScanDirection="FORWARD" ForcedIndex="false" ForceSeek="false" ForceScan="false" NoExpandHint="false" Storage="RowStore"><DefinedValues><DefinedValue><ColumnReference Database="Database1" Schema="Schema1" Table="Object8" Alias="Object36" Column="Column50" /></DefinedValue></DefinedValues><Object Database="Database1" Schema="Schema1" Table="Object8" Alias="Object36" TableReferenceId="-1" IndexKind="Heap" Storage="RowStore" /><SeekPredicates><SeekPredicateNew><SeekKeys><Prefix ScanType="EQ"><RangeColumns><ColumnReference Column="Column186" /></RangeColumns><RangeExpressions><ScalarOperator ScalarString="ScalarString150"><Identifier><ColumnReference Column="Column186" /></Identifier></ScalarOperator></RangeExpressions></Prefix></SeekKeys></SeekPredicateNew></SeekPredicates><Predicate><ScalarOperator ScalarString="ScalarString151"><Logical Operation="AND"><ScalarOperator><Compare CompareOp="EQ"><ScalarOperator><Identifier><ColumnReference Database="Database1" Schema="Schema1" Table="Object8" Alias="Object36" Column="Column121" /></Identifier></ScalarOperator><ScalarOperator><Const ConstValue="Value32" /></ScalarOperator></Compare></ScalarOperator><ScalarOperator><Compare CompareOp="GE"><ScalarOperator><IF><Condition><ScalarOperator><Compare CompareOp="LT"><ScalarOperator><Identifier><ColumnReference Database="Database1" Schema="Schema1" Table="Object28" Alias="Object30" Column="Column48" /></Identifier></ScalarOperator><ScalarOperator><Identifier><ColumnReference Column="Column187"><ScalarOperator><Intrinsic FunctionName="Function5" /></ScalarOperator></ColumnReference></Identifier></ScalarOperator></Compare></ScalarOperator></Condition><Then><ScalarOperator><Identifier><ColumnReference Database="Database1" Schema="Schema1" Table="Object28" Alias="Object30" Column="Column48" /></Identifier></ScalarOperator></Then><Else><ScalarOperator><IF><Condition><ScalarOperator><Compare CompareOp="GT"><ScalarOperator><Identifier><ColumnReference Database="Database1" Schema="Schema1" Table="Object28" Alias="Object30" Column="Column47" /></Identifier></ScalarOperator><ScalarOperator><Identifier><ColumnReference Column="Column188"><ScalarOperator><Intrinsic FunctionName="Function5" /></ScalarOperator></ColumnReference></Identifier></ScalarOperator></Compare></ScalarOperator></Condition><Then><ScalarOperator><Identifier><ColumnReference Database="Database1" Schema="Schema1" Table="Object28" Alias="Object30" Column="Column47" /></Identifier></ScalarOperator></Then><Else><ScalarOperator><Convert DataType="datetime" Style="0" Implicit="false"><ScalarOperator><Convert DataType="date" Style="0" Implicit="false"><ScalarOperator><Identifier><ColumnReference Column="Column189"><ScalarOperator><Intrinsic FunctionName="Function5" /></ScalarOperator></ColumnReference></Identifier></ScalarOperator></Convert></ScalarOperator></Convert></ScalarOperator></Else></IF></ScalarOperator></Else></IF></ScalarOperator><ScalarOperator><Identifier><ColumnReference Database="Database1" Schema="Schema1" Table="Object8" Alias="Object36" Column="Column75" /></Identifier></ScalarOperator></Compare></ScalarOperator><ScalarOperator><Compare CompareOp="LE"><ScalarOperator><IF><Condition><ScalarOperator><Compare CompareOp="LT"><ScalarOperator><Identifier><ColumnReference Database="Database1" Schema="Schema1" Table="Object28" Alias="Object30" Column="Column48" /></Identifier></ScalarOperator><ScalarOperator><Identifier><ColumnReference Column="Column190"><ScalarOperator><Intrinsic FunctionName="Function5" /></ScalarOperator></ColumnReference></Identifier></ScalarOperator></Compare></ScalarOperator></Condition><Then><ScalarOperator><Identifier><ColumnReference Database="Database1" Schema="Schema1" Table="Object28" Alias="Object30" Column="Column48" /></Identifier></ScalarOperator></Then><Else><ScalarOperator><IF><Condition><ScalarOperator><Compare CompareOp="GT"><ScalarOperator><Identifier><ColumnReference Database="Database1" Schema="Schema1" Table="Object28" Alias="Object30" Column="Column47" /></Identifier></ScalarOperator><ScalarOperator><Identifier><ColumnReference Column="Column191"><ScalarOperator><Intrinsic FunctionName="Function5" /></ScalarOperator></ColumnReference></Identifier></ScalarOperator></Compare></ScalarOperator></Condition><Then><ScalarOperator><Identifier><ColumnReference Database="Database1" Schema="Schema1" Table="Object28" Alias="Object30" Column="Column47" /></Identifier></ScalarOperator></Then><Else><ScalarOperator><Convert DataType="datetime" Style="0" Implicit="false"><ScalarOperator><Convert DataType="date" Style="0" Implicit="false"><ScalarOperator><Identifier><ColumnReference Column="Column192"><ScalarOperator><Intrinsic FunctionName="Function5" /></ScalarOperator></ColumnReference></Identifier></ScalarOperator></Convert></ScalarOperator></Convert></ScalarOperator></Else></IF></ScalarOperator></Else></IF></ScalarOperator><ScalarOperator><Identifier><ColumnReference Database="Database1" Schema="Schema1" Table="Object8" Alias="Object36" Column="Column73" /></Identifier></ScalarOperator></Compare></ScalarOperator></Logical></ScalarOperator></Predicate></IndexScan></RelOp></NestedLoops></RelOp></NestedLoops></RelOp></Parallelism></RelOp></Sort></RelOp><RelOp AvgRowSize="1057" EstimateCPU="0.014918" EstimateIO="0" EstimateRebinds="0" EstimateRewinds="0" EstimatedExecutionMode="Row" EstimateRows="298360" LogicalOp="Compute Scalar" NodeId="290" Parallel="true" PhysicalOp="Compute Scalar" EstimatedTotalSubtreeCost="379.031"><OutputList><ColumnReference Database="Database1" Schema="Schema1" Table="Object8" Column="Column64" /><ColumnReference Column="Expr1116" /><ColumnReference Column="Expr1118" /><ColumnReference Column="Expr1136" /></OutputList><ComputeScalar><DefinedValues><DefinedValue><ColumnReference Column="Expr1136" /><ScalarOperator ScalarString="ScalarString152"><Intrinsic FunctionName="Function10"><ScalarOperator><Identifier><ColumnReference Database="Database1" Schema="Schema1" Table="Object22" Alias="Object70" Column="Column55" /></Identifier></ScalarOperator><ScalarOperator><Arithmetic Operation="ADD"><ScalarOperator><Const ConstValue="Value33" /></ScalarOperator><ScalarOperator><Identifier><ColumnReference Column="Expr1129" /></Identifier></ScalarOperator></Arithmetic></ScalarOperator><ScalarOperator><Arithmetic Operation="ADD"><ScalarOperator><Const ConstValue="Value33" /></ScalarOperator><ScalarOperator><Identifier><ColumnReference Column="Expr1130" /></Identifier></ScalarOperator></Arithmetic></ScalarOperator><ScalarOperator><Arithmetic Operation="ADD"><ScalarOperator><Const ConstValue="Value33" /></ScalarOperator><ScalarOperator><Identifier><ColumnReference Column="Expr1131" /></Identifier></ScalarOperator></Arithmetic></ScalarOperator></Intrinsic></ScalarOperator></DefinedValue></DefinedValues><RelOp AvgRowSize="1057" EstimateCPU="0.0716065" EstimateIO="0" EstimateRebinds="0" EstimateRewinds="0" EstimatedExecutionMode="Row" EstimateRows="298360" LogicalOp="Filter" NodeId="291" Parallel="true" PhysicalOp="Filter" EstimatedTotalSubtreeCost="379.016"><OutputList><ColumnReference Database="Database1" Schema="Schema1" Table="Object8" Column="Column64" /><ColumnReference Column="Expr1116" /><ColumnReference Column="Expr1118" /><ColumnReference Database="Database1" Schema="Schema1" Table="Object22" Alias="Object70" Column="Column55" /><ColumnReference Column="Expr1129" /><ColumnReference Column="Expr1130" /><ColumnReference Column="Expr1131" /></OutputList><RunTimeInformation><RunTimeCountersPerThread Thread="0" ActualRows="159273" Batches="0" ActualEndOfScans="0" ActualExecutions="1" ActualExecutionMode="Row" ActualElapsedms="10838" ActualCPUms="7135" /></RunTimeInformation><Filter StartupExpression="false"><RelOp AvgRowSize="1065" EstimateCPU="13.2314" EstimateIO="0" EstimateRebinds="0" EstimateRewinds="0" EstimatedExecutionMode="Row" EstimateRows="298360" LogicalOp="Repartition Streams" NodeId="292" Parallel="true" PhysicalOp="Parallelism" EstimatedTotalSubtreeCost="378.944"><OutputList><ColumnReference Database="Database1" Schema="Schema1" Table="Object8" Column="Column64" /><ColumnReference Column="Expr1116" /><ColumnReference Column="Expr1118" /><ColumnReference Database="Database1" Schema="Schema1" Table="Object22" Alias="Object70" Column="Column55" /><ColumnReference Column="Expr1125" /><ColumnReference Column="Expr1129" /><ColumnReference Column="Expr1130" /><ColumnReference Column="Expr1131" /></OutputList><Parallelism PartitioningType="Hash"><PartitionColumns><ColumnReference Database="Database1" Schema="Schema1" Table="Object8" Column="Column64" /></PartitionColumns><OrderBy><OrderByColumn Ascending="true"><ColumnReference Database="Database1" Schema="Schema1" Table="Object8" Column="Column64" /></OrderByColumn></OrderBy><RelOp AvgRowSize="841" EstimateCPU="0.0936851" EstimateIO="0" EstimateRebinds="0" EstimateRewinds="0" EstimatedExecutionMode="Row" EstimateRows="298360" LogicalOp="Aggregate" NodeId="293" Parallel="true" PhysicalOp="Stream Aggregate" EstimatedTotalSubtreeCost="365.713"><OutputList><ColumnReference Database="Database1" Schema="Schema1" Table="Object8" Column="Column64" /><ColumnReference Column="Expr1116" /><ColumnReference Column="Expr1118" /><ColumnReference Database="Database1" Schema="Schema1" Table="Object22" Alias="Object70" Column="Column55" /><ColumnReference Column="Expr1125" /><ColumnReference Column="Expr1129" /><ColumnReference Column="Expr1130" /><ColumnReference Column="Expr1131" /></OutputList><RunTimeInformation><RunTimeCountersPerThread Thread="0" ActualRows="163554" Batches="0" ActualEndOfScans="0" ActualExecutions="1" ActualExecutionMode="Row" ActualElapsedms="10816" ActualCPUms="7116" /></RunTimeInformation><StreamAggregate><DefinedValues><DefinedValue><ColumnReference Column="Expr1131" /><ScalarOperator ScalarString="ScalarString153"><Aggregate AggType="LAST_VALUE" Distinct="false"><ScalarOperator><Identifier><ColumnReference Database="Database1" Schema="Schema1" Table="Object22" Alias="Object70" Column="Column55" /></Identifier></ScalarOperator></Aggregate></ScalarOperator></DefinedValue><DefinedValue><ColumnReference Column="Expr1118" /><ScalarOperator ScalarString="ScalarString154"><Aggregate AggType="ANY" Distinct="false"><ScalarOperator><Identifier><ColumnReference Column="Expr1118" /></Identifier></ScalarOperator></Aggregate></ScalarOperator></DefinedValue><DefinedValue><ColumnReference Database="Database1" Schema="Schema1" Table="Object22" Alias="Object70" Column="Column55" /><ScalarOperator ScalarString="ScalarString155"><Aggregate AggType="ANY" Distinct="false"><ScalarOperator><Identifier><ColumnReference Database="Database1" Schema="Schema1" Table="Object22" Alias="Object70" Column="Column55" /></Identifier></ScalarOperator></Aggregate></ScalarOperator></DefinedValue><DefinedValue><ColumnReference Column="Expr1125" /><ScalarOperator ScalarString="ScalarString156"><Aggregate AggType="ANY" Distinct="false"><ScalarOperator><Identifier><ColumnReference Column="Expr1125" /></Identifier></ScalarOperator></Aggregate></ScalarOperator></DefinedValue><DefinedValue><ColumnReference Column="Expr1129" /><ScalarOperator ScalarString="ScalarString157"><Aggregate AggType="ANY" Distinct="false"><ScalarOperator><Identifier><ColumnReference Column="Expr1129" /></Identifier></ScalarOperator></Aggregate></ScalarOperator></DefinedValue><DefinedValue><ColumnReference Column="Expr1130" /><ScalarOperator ScalarString="ScalarString158"><Aggregate AggType="ANY" Distinct="false"><ScalarOperator><Identifier><ColumnReference Column="Expr1130" /></Identifier></ScalarOperator></Aggregate></ScalarOperator></DefinedValue></DefinedValues><GroupBy><ColumnReference Column="Column193" /></GroupBy><RelOp AvgRowSize="841" EstimateCPU="0.327898" EstimateIO="0" EstimateRebinds="0" EstimateRewinds="0" EstimatedExecutionMode="Row" EstimateRows="596721" LogicalOp="Window Spool" NodeId="294" Parallel="true" PhysicalOp="Window Spool" EstimatedTotalSubtreeCost="365.619"><OutputList><ColumnReference Database="Database1" Schema="Schema1" Table="Object8" Column="Column64" /><ColumnReference Column="Expr1116" /><ColumnReference Column="Expr1118" /><ColumnReference Database="Database1" Schema="Schema1" Table="Object22" Alias="Object70" Column="Column55" /><ColumnReference Column="Expr1125" /><ColumnReference Column="Expr1129" /><ColumnReference Column="Expr1130" /><ColumnReference Column="Column194" /><ColumnReference Column="Column193" /><ColumnReference Column="Column195" /></OutputList><RunTimeInformation><RunTimeCountersPerThread Thread="0" ActualRows="163916" Batches="0" ActualEndOfScans="0" ActualExecutions="1" ActualExecutionMode="Row" ActualElapsedms="10687" ActualCPUms="6986" /></RunTimeInformation><WindowSpool><RelOp AvgRowSize="841" EstimateCPU="0.00936851" EstimateIO="0" EstimateRebinds="0" EstimateRewinds="0" EstimatedExecutionMode="Row" EstimateRows="298360" LogicalOp="Segment" NodeId="295" Parallel="true" PhysicalOp="Segment" EstimatedTotalSubtreeCost="365.254"><OutputList><ColumnReference Database="Database1" Schema="Schema1" Table="Object8" Column="Column64" /><ColumnReference Column="Expr1116" /><ColumnReference Column="Expr1118" /><ColumnReference Database="Database1" Schema="Schema1" Table="Object22" Alias="Object70" Column="Column55" /><ColumnReference Column="Expr1125" /><ColumnReference Column="Expr1129" /><ColumnReference Column="Expr1130" /><ColumnReference Column="Column194" /><ColumnReference Column="Column196" /><ColumnReference Column="Column197" /><ColumnReference Column="Column195" /></OutputList><RunTimeInformation><RunTimeCountersPerThread Thread="0" ActualRows="163556" Batches="0" ActualEndOfScans="0" ActualExecutions="1" ActualExecutionMode="Row" ActualElapsedms="10445" ActualCPUms="6744" /></RunTimeInformation><Segment><GroupBy><ColumnReference Database="Database1" Schema="Schema1" Table="Object8" Column="Column64" /><ColumnReference Column="Expr1116" /></GroupBy><SegmentColumn><ColumnReference Column="Column195" /></SegmentColumn><RelOp AvgRowSize="833" EstimateCPU="0.014918" EstimateIO="0" EstimateRebinds="0" EstimateRewinds="0" EstimatedExecutionMode="Row" EstimateRows="298360" LogicalOp="Compute Scalar" NodeId="296" Parallel="true" PhysicalOp="Compute Scalar" EstimatedTotalSubtreeCost="365.244"><OutputList><ColumnReference Database="Database1" Schema="Schema1" Table="Object8" Column="Column64" /><ColumnReference Column="Expr1116" /><ColumnReference Column="Expr1118" /><ColumnReference Database="Database1" Schema="Schema1" Table="Object22" Alias="Object70" Column="Column55" /><ColumnReference Column="Expr1125" /><ColumnReference Column="Expr1129" /><ColumnReference Column="Expr1130" /><ColumnReference Column="Column194" /><ColumnReference Column="Column196" /><ColumnReference Column="Column197" /></OutputList><ComputeScalar><DefinedValues><DefinedValue><ColumnReference Column="Column196" /><ScalarOperator ScalarString="ScalarString159"><Arithmetic Operation="ADD"><ScalarOperator><Identifier><ColumnReference Column="Column194" /></Identifier></ScalarOperator><ScalarOperator><Const ConstValue="Value34" /></ScalarOperator></Arithmetic></ScalarOperator></DefinedValue><DefinedValue><ColumnReference Column="Column197" /><ScalarOperator ScalarString="ScalarString159"><Arithmetic Operation="ADD"><ScalarOperator><Identifier><ColumnReference Column="Column194" /></Identifier></ScalarOperator><ScalarOperator><Const ConstValue="Value34" /></ScalarOperator></Arithmetic></ScalarOperator></DefinedValue></DefinedValues><RelOp AvgRowSize="816" EstimateCPU="0.0119344" EstimateIO="0" EstimateRebinds="0" EstimateRewinds="0" EstimatedExecutionMode="Row" EstimateRows="298360" LogicalOp="Compute Scalar" NodeId="297" Parallel="true" PhysicalOp="Sequence Project" EstimatedTotalSubtreeCost="365.229"><OutputList><ColumnReference Database="Database1" Schema="Schema1" Table="Object8" Column="Column64" /><ColumnReference Column="Expr1116" /><ColumnReference Column="Expr1118" /><ColumnReference Database="Database1" Schema="Schema1" Table="Object22" Alias="Object70" Column="Column55" /><ColumnReference Column="Expr1125" /><ColumnReference Column="Expr1129" /><ColumnReference Column="Expr1130" /><ColumnReference Column="Column194" /></OutputList><RunTimeInformation><RunTimeCountersPerThread Thread="0" ActualRows="163556" Batches="0" ActualEndOfScans="0" ActualExecutions="1" ActualExecutionMode="Row" ActualElapsedms="10418" ActualCPUms="6717" /></RunTimeInformation><SequenceProject><DefinedValues><DefinedValue><ColumnReference Column="Column194" /><ScalarOperator ScalarString="ScalarString101"><Sequence FunctionName="Function9" /></ScalarOperator></DefinedValue></DefinedValues><RelOp AvgRowSize="816" EstimateCPU="0.0029836" EstimateIO="0" EstimateRebinds="0" EstimateRewinds="0" EstimatedExecutionMode="Row" EstimateRows="298360" LogicalOp="Segment" NodeId="298" Parallel="true" PhysicalOp="Segment" EstimatedTotalSubtreeCost="365.217"><OutputList><ColumnReference Database="Database1" Schema="Schema1" Table="Object8" Column="Column64" /><ColumnReference Column="Expr1116" /><ColumnReference Column="Expr1118" /><ColumnReference Database="Database1" Schema="Schema1" Table="Object22" Alias="Object70" Column="Column55" /><ColumnReference Column="Expr1125" /><ColumnReference Column="Expr1129" /><ColumnReference Column="Expr1130" /><ColumnReference Column="Column198" /></OutputList><RunTimeInformation><RunTimeCountersPerThread Thread="0" ActualRows="163556" Batches="0" ActualEndOfScans="0" ActualExecutions="1" ActualExecutionMode="Row" ActualElapsedms="10382" ActualCPUms="6682" /></RunTimeInformation><Segment><GroupBy><ColumnReference Database="Database1" Schema="Schema1" Table="Object8" Column="Column64" /><ColumnReference Column="Expr1116" /></GroupBy><SegmentColumn><ColumnReference Column="Column198" /></SegmentColumn><RelOp AvgRowSize="584" EstimateCPU="0.0936851" EstimateIO="0" EstimateRebinds="0" EstimateRewinds="0" EstimatedExecutionMode="Row" EstimateRows="298360" LogicalOp="Aggregate" NodeId="299" Parallel="true" PhysicalOp="Stream Aggregate" EstimatedTotalSubtreeCost="365.214"><OutputList><ColumnReference Database="Database1" Schema="Schema1" Table="Object8" Column="Column64" /><ColumnReference Column="Expr1116" /><ColumnReference Column="Expr1118" /><ColumnReference Database="Database1" Schema="Schema1" Table="Object22" Alias="Object70" Column="Column55" /><ColumnReference Column="Expr1125" /><ColumnReference Column="Expr1129" /><ColumnReference Column="Expr1130" /></OutputList><RunTimeInformation><RunTimeCountersPerThread Thread="0" ActualRows="163556" Batches="0" ActualEndOfScans="0" ActualExecutions="1" ActualExecutionMode="Row" ActualElapsedms="10358" ActualCPUms="6657" /></RunTimeInformation><StreamAggregate><DefinedValues><DefinedValue><ColumnReference Column="Expr1130" /><ScalarOperator ScalarString="ScalarString153"><Aggregate AggType="LAST_VALUE" Distinct="false"><ScalarOperator><Identifier><ColumnReference Database="Database1" Schema="Schema1" Table="Object22" Alias="Object70" Column="Column55" /></Identifier></ScalarOperator></Aggregate></ScalarOperator></DefinedValue><DefinedValue><ColumnReference Column="Expr1118" /><ScalarOperator ScalarString="ScalarString154"><Aggregate AggType="ANY" Distinct="false"><ScalarOperator><Identifier><ColumnReference Column="Expr1118" /></Identifier></ScalarOperator></Aggregate></ScalarOperator></DefinedValue><DefinedValue><ColumnReference Database="Database1" Schema="Schema1" Table="Object22" Alias="Object70" Column="Column55" /><ScalarOperator ScalarString="ScalarString155"><Aggregate AggType="ANY" Distinct="false"><ScalarOperator><Identifier><ColumnReference Database="Database1" Schema="Schema1" Table="Object22" Alias="Object70" Column="Column55" /></Identifier></ScalarOperator></Aggregate></ScalarOperator></DefinedValue><DefinedValue><ColumnReference Column="Expr1125" /><ScalarOperator ScalarString="ScalarString156"><Aggregate AggType="ANY" Distinct="false"><ScalarOperator><Identifier><ColumnReference Column="Expr1125" /></Identifier></ScalarOperator></Aggregate></ScalarOperator></DefinedValue><DefinedValue><ColumnReference Column="Expr1129" /><ScalarOperator ScalarString="ScalarString157"><Aggregate AggType="ANY" Distinct="false"><ScalarOperator><Identifier><ColumnReference Column="Expr1129" /></Identifier></ScalarOperator></Aggregate></ScalarOperator></DefinedValue></DefinedValues><GroupBy><ColumnReference Column="Column199" /></GroupBy><RelOp AvgRowSize="584" EstimateCPU="0.327898" EstimateIO="0" EstimateRebinds="0" EstimateRewinds="0" EstimatedExecutionMode="Row" EstimateRows="596721" LogicalOp="Window Spool" NodeId="300" Parallel="true" PhysicalOp="Window Spool" EstimatedTotalSubtreeCost="365.121"><OutputList><ColumnReference Database="Database1" Schema="Schema1" Table="Object8" Column="Column64" /><ColumnReference Column="Expr1116" /><ColumnReference Column="Expr1118" /><ColumnReference Database="Database1" Schema="Schema1" Table="Object22" Alias="Object70" Column="Column55" /><ColumnReference Column="Expr1125" /><ColumnReference Column="Expr1129" /><ColumnReference Column="Column200" /><ColumnReference Column="Column199" /><ColumnReference Column="Column201" /></OutputList><RunTimeInformation><RunTimeCountersPerThread Thread="0" ActualRows="164031" Batches="0" ActualEndOfScans="0" ActualExecutions="1" ActualExecutionMode="Row" ActualElapsedms="10228" ActualCPUms="6527" /></RunTimeInformation><WindowSpool><RelOp AvgRowSize="584" EstimateCPU="0.00936851" EstimateIO="0" EstimateRebinds="0" EstimateRewinds="0" EstimatedExecutionMode="Row" EstimateRows="298360" LogicalOp="Segment" NodeId="301" Parallel="true" PhysicalOp="Segment" EstimatedTotalSubtreeCost="364.755"><OutputList><ColumnReference Database="Database1" Schema="Schema1" Table="Object8" Column="Column64" /><ColumnReference Column="Expr1116" /><ColumnReference Column="Expr1118" /><ColumnReference Database="Database1" Schema="Schema1" Table="Object22" Alias="Object70" Column="Column55" /><ColumnReference Column="Expr1125" /><ColumnReference Column="Expr1129" /><ColumnReference Column="Column200" /><ColumnReference Column="Column202" /><ColumnReference Column="Column203" /><ColumnReference Column="Column201" /></OutputList><RunTimeInformation><RunTimeCountersPerThread Thread="0" ActualRows="163558" Batches="0" ActualEndOfScans="0" ActualExecutions="1" ActualExecutionMode="Row" ActualElapsedms="10005" ActualCPUms="6304" /></RunTimeInformation><Segment><GroupBy><ColumnReference Database="Database1" Schema="Schema1" Table="Object8" Column="Column64" /><ColumnReference Column="Expr1116" /></GroupBy><SegmentColumn><ColumnReference Column="Column201" /></SegmentColumn><RelOp AvgRowSize="576" EstimateCPU="0.014918" EstimateIO="0" EstimateRebinds="0" EstimateRewinds="0" EstimatedExecutionMode="Row" EstimateRows="298360" LogicalOp="Compute Scalar" NodeId="302" Parallel="true" PhysicalOp="Compute Scalar" EstimatedTotalSubtreeCost="364.746"><OutputList><ColumnReference Database="Database1" Schema="Schema1" Table="Object8" Column="Column64" /><ColumnReference Column="Expr1116" /><ColumnReference Column="Expr1118" /><ColumnReference Database="Database1" Schema="Schema1" Table="Object22" Alias="Object70" Column="Column55" /><ColumnReference Column="Expr1125" /><ColumnReference Column="Expr1129" /><ColumnReference Column="Column200" /><ColumnReference Column="Column202" /><ColumnReference Column="Column203" /></OutputList><ComputeScalar><DefinedValues><DefinedValue><ColumnReference Column="Column202" /><ScalarOperator ScalarString="ScalarString160"><Arithmetic Operation="ADD"><ScalarOperator><Identifier><ColumnReference Column="Column200" /></Identifier></ScalarOperator><ScalarOperator><Const ConstValue="Value29" /></ScalarOperator></Arithmetic></ScalarOperator></DefinedValue><DefinedValue><ColumnReference Column="Column203" /><ScalarOperator ScalarString="ScalarString160"><Arithmetic Operation="ADD"><ScalarOperator><Identifier><ColumnReference Column="Column200" /></Identifier></ScalarOperator><ScalarOperator><Const ConstValue="Value29" /></ScalarOperator></Arithmetic></ScalarOperator></DefinedValue></DefinedValues><RelOp AvgRowSize="559" EstimateCPU="0.0119344" EstimateIO="0" EstimateRebinds="0" EstimateRewinds="0" EstimatedExecutionMode="Row" EstimateRows="298360" LogicalOp="Compute Scalar" NodeId="303" Parallel="true" PhysicalOp="Sequence Project" EstimatedTotalSubtreeCost="364.731"><OutputList><ColumnReference Database="Database1" Schema="Schema1" Table="Object8" Column="Column64" /><ColumnReference Column="Expr1116" /><ColumnReference Column="Expr1118" /><ColumnReference Database="Database1" Schema="Schema1" Table="Object22" Alias="Object70" Column="Column55" /><ColumnReference Column="Expr1125" /><ColumnReference Column="Expr1129" /><ColumnReference Column="Column200" /></OutputList><RunTimeInformation><RunTimeCountersPerThread Thread="0" ActualRows="163558" Batches="0" ActualEndOfScans="0" ActualExecutions="1" ActualExecutionMode="Row" ActualElapsedms="9979" ActualCPUms="6279" /></RunTimeInformation><SequenceProject><DefinedValues><DefinedValue><ColumnReference Column="Column200" /><ScalarOperator ScalarString="ScalarString101"><Sequence FunctionName="Function9" /></ScalarOperator></DefinedValue></DefinedValues><RelOp AvgRowSize="559" EstimateCPU="0.0029836" EstimateIO="0" EstimateRebinds="0" EstimateRewinds="0" EstimatedExecutionMode="Row" EstimateRows="298360" LogicalOp="Segment" NodeId="304" Parallel="true" PhysicalOp="Segment" EstimatedTotalSubtreeCost="364.719"><OutputList><ColumnReference Database="Database1" Schema="Schema1" Table="Object8" Column="Column64" /><ColumnReference Column="Expr1116" /><ColumnReference Column="Expr1118" /><ColumnReference Database="Database1" Schema="Schema1" Table="Object22" Alias="Object70" Column="Column55" /><ColumnReference Column="Expr1125" /><ColumnReference Column="Expr1129" /><ColumnReference Column="Column204" /></OutputList><RunTimeInformation><RunTimeCountersPerThread Thread="0" ActualRows="163558" Batches="0" ActualEndOfScans="0" ActualExecutions="1" ActualExecutionMode="Row" ActualElapsedms="9943" ActualCPUms="6242" /></RunTimeInformation><Segment><GroupBy><ColumnReference Database="Database1" Schema="Schema1" Table="Object8" Column="Column64" /><ColumnReference Column="Expr1116" /></GroupBy><SegmentColumn><ColumnReference Column="Column204" /></SegmentColumn><RelOp AvgRowSize="326" EstimateCPU="0.0936851" EstimateIO="0" EstimateRebinds="0" EstimateRewinds="0" EstimatedExecutionMode="Row" EstimateRows="298360" LogicalOp="Aggregate" NodeId="305" Parallel="true" PhysicalOp="Stream Aggregate" EstimatedTotalSubtreeCost="364.716"><OutputList><ColumnReference Database="Database1" Schema="Schema1" Table="Object8" Column="Column64" /><ColumnReference Column="Expr1116" /><ColumnReference Column="Expr1118" /><ColumnReference Database="Database1" Schema="Schema1" Table="Object22" Alias="Object70" Column="Column55" /><ColumnReference Column="Expr1125" /><ColumnReference Column="Expr1129" /></OutputList><RunTimeInformation><RunTimeCountersPerThread Thread="0" ActualRows="163558" Batches="0" ActualEndOfScans="0" ActualExecutions="1" ActualExecutionMode="Row" ActualElapsedms="9918" ActualCPUms="6217" /></RunTimeInformation><StreamAggregate><DefinedValues><DefinedValue><ColumnReference Column="Expr1129" /><ScalarOperator ScalarString="ScalarString153"><Aggregate AggType="LAST_VALUE" Distinct="false"><ScalarOperator><Identifier><ColumnReference Database="Database1" Schema="Schema1" Table="Object22" Alias="Object70" Column="Column55" /></Identifier></ScalarOperator></Aggregate></ScalarOperator></DefinedValue><DefinedValue><ColumnReference Column="Expr1118" /><ScalarOperator ScalarString="ScalarString154"><Aggregate AggType="ANY" Distinct="false"><ScalarOperator><Identifier><ColumnReference Column="Expr1118" /></Identifier></ScalarOperator></Aggregate></ScalarOperator></DefinedValue><DefinedValue><ColumnReference Database="Database1" Schema="Schema1" Table="Object22" Alias="Object70" Column="Column55" /><ScalarOperator ScalarString="ScalarString155"><Aggregate AggType="ANY" Distinct="false"><ScalarOperator><Identifier><ColumnReference Database="Database1" Schema="Schema1" Table="Object22" Alias="Object70" Column="Column55" /></Identifier></ScalarOperator></Aggregate></ScalarOperator></DefinedValue><DefinedValue><ColumnReference Column="Expr1125" /><ScalarOperator ScalarString="ScalarString156"><Aggregate AggType="ANY" Distinct="false"><ScalarOperator><Identifier><ColumnReference Column="Expr1125" /></Identifier></ScalarOperator></Aggregate></ScalarOperator></DefinedValue></DefinedValues><GroupBy><ColumnReference Column="Column205" /></GroupBy><RelOp AvgRowSize="326" EstimateCPU="0.327898" EstimateIO="0" EstimateRebinds="0" EstimateRewinds="0" EstimatedExecutionMode="Row" EstimateRows="596721" LogicalOp="Window Spool" NodeId="306" Parallel="true" PhysicalOp="Window Spool" EstimatedTotalSubtreeCost="364.622"><OutputList><ColumnReference Database="Database1" Schema="Schema1" Table="Object8" Column="Column64" /><ColumnReference Column="Expr1116" /><ColumnReference Column="Expr1118" /><ColumnReference Database="Database1" Schema="Schema1" Table="Object22" Alias="Object70" Column="Column55" /><ColumnReference Column="Expr1125" /><ColumnReference Column="Column206" /><ColumnReference Column="Column205" /><ColumnReference Column="Column207" /></OutputList><RunTimeInformation><RunTimeCountersPerThread Thread="0" ActualRows="167840" Batches="0" ActualEndOfScans="0" ActualExecutions="1" ActualExecutionMode="Row" ActualElapsedms="9794" ActualCPUms="6093" /></RunTimeInformation><WindowSpool><RelOp AvgRowSize="326" EstimateCPU="0.00936851" EstimateIO="0" EstimateRebinds="0" EstimateRewinds="0" EstimatedExecutionMode="Row" EstimateRows="298360" LogicalOp="Segment" NodeId="307" Parallel="true" PhysicalOp="Segment" EstimatedTotalSubtreeCost="364.257"><OutputList><ColumnReference Database="Database1" Schema="Schema1" Table="Object8" Column="Column64" /><ColumnReference Column="Expr1116" /><ColumnReference Column="Expr1118" /><ColumnReference Database="Database1" Schema="Schema1" Table="Object22" Alias="Object70" Column="Column55" /><ColumnReference Column="Expr1125" /><ColumnReference Column="Column206" /><ColumnReference Column="Column208" /><ColumnReference Column="Column209" /><ColumnReference Column="Column207" /></OutputList><RunTimeInformation><RunTimeCountersPerThread Thread="0" ActualRows="163560" Batches="0" ActualEndOfScans="0" ActualExecutions="1" ActualExecutionMode="Row" ActualElapsedms="9581" ActualCPUms="5881" /></RunTimeInformation><Segment><GroupBy><ColumnReference Database="Database1" Schema="Schema1" Table="Object8" Column="Column64" /><ColumnReference Column="Expr1116" /></GroupBy><SegmentColumn><ColumnReference Column="Column207" /></SegmentColumn><RelOp AvgRowSize="318" EstimateCPU="0.014918" EstimateIO="0" EstimateRebinds="0" EstimateRewinds="0" EstimatedExecutionMode="Row" EstimateRows="298360" LogicalOp="Compute Scalar" NodeId="308" Parallel="true" PhysicalOp="Compute Scalar" EstimatedTotalSubtreeCost="364.248"><OutputList><ColumnReference Database="Database1" Schema="Schema1" Table="Object8" Column="Column64" /><ColumnReference Column="Expr1116" /><ColumnReference Column="Expr1118" /><ColumnReference Database="Database1" Schema="Schema1" Table="Object22" Alias="Object70" Column="Column55" /><ColumnReference Column="Expr1125" /><ColumnReference Column="Column206" /><ColumnReference Column="Column208" /><ColumnReference Column="Column209" /></OutputList><ComputeScalar><DefinedValues><DefinedValue><ColumnReference Column="Column208" /><ScalarOperator ScalarString="ScalarString161"><Arithmetic Operation="ADD"><ScalarOperator><Identifier><ColumnReference Column="Column206" /></Identifier></ScalarOperator><ScalarOperator><Const ConstValue="Value10" /></ScalarOperator></Arithmetic></ScalarOperator></DefinedValue><DefinedValue><ColumnReference Column="Column209" /><ScalarOperator ScalarString="ScalarString161"><Arithmetic Operation="ADD"><ScalarOperator><Identifier><ColumnReference Column="Column206" /></Identifier></ScalarOperator><ScalarOperator><Const ConstValue="Value10" /></ScalarOperator></Arithmetic></ScalarOperator></DefinedValue></DefinedValues><RelOp AvgRowSize="302" EstimateCPU="0.0119344" EstimateIO="0" EstimateRebinds="0" EstimateRewinds="0" EstimatedExecutionMode="Row" EstimateRows="298360" LogicalOp="Compute Scalar" NodeId="309" Parallel="true" PhysicalOp="Sequence Project" EstimatedTotalSubtreeCost="364.233"><OutputList><ColumnReference Database="Database1" Schema="Schema1" Table="Object8" Column="Column64" /><ColumnReference Column="Expr1116" /><ColumnReference Column="Expr1118" /><ColumnReference Database="Database1" Schema="Schema1" Table="Object22" Alias="Object70" Column="Column55" /><ColumnReference Column="Expr1125" /><ColumnReference Column="Column206" /></OutputList><RunTimeInformation><RunTimeCountersPerThread Thread="0" ActualRows="163560" Batches="0" ActualEndOfScans="0" ActualExecutions="1" ActualExecutionMode="Row" ActualElapsedms="9561" ActualCPUms="5861" /></RunTimeInformation><SequenceProject><DefinedValues><DefinedValue><ColumnReference Column="Column206" /><ScalarOperator ScalarString="ScalarString101"><Sequence FunctionName="Function9" /></ScalarOperator></DefinedValue></DefinedValues><RelOp AvgRowSize="302" EstimateCPU="0.0029836" EstimateIO="0" EstimateRebinds="0" EstimateRewinds="0" EstimatedExecutionMode="Row" EstimateRows="298360" LogicalOp="Segment" NodeId="310" Parallel="true" PhysicalOp="Segment" EstimatedTotalSubtreeCost="364.221"><OutputList><ColumnReference Database="Database1" Schema="Schema1" Table="Object8" Column="Column64" /><ColumnReference Column="Expr1116" /><ColumnReference Column="Expr1118" /><ColumnReference Database="Database1" Schema="Schema1" Table="Object22" Alias="Object70" Column="Column55" /><ColumnReference Column="Expr1125" /><ColumnReference Column="Column210" /></OutputList><RunTimeInformation><RunTimeCountersPerThread Thread="0" ActualRows="163560" Batches="0" ActualEndOfScans="0" ActualExecutions="1" ActualExecutionMode="Row" ActualElapsedms="9533" ActualCPUms="5832" /></RunTimeInformation><Segment><GroupBy><ColumnReference Database="Database1" Schema="Schema1" Table="Object8" Column="Column64" /><ColumnReference Column="Expr1116" /></GroupBy><SegmentColumn><ColumnReference Column="Column210" /></SegmentColumn><RelOp AvgRowSize="294" EstimateCPU="0.0119344" EstimateIO="0" EstimateRebinds="0" EstimateRewinds="0" EstimatedExecutionMode="Row" EstimateRows="298360" LogicalOp="Compute Scalar" NodeId="311" Parallel="true" PhysicalOp="Sequence Project" EstimatedTotalSubtreeCost="364.218"><OutputList><ColumnReference Database="Database1" Schema="Schema1" Table="Object8" Column="Column64" /><ColumnReference Column="Expr1116" /><ColumnReference Column="Expr1118" /><ColumnReference Database="Database1" Schema="Schema1" Table="Object22" Alias="Object70" Column="Column55" /><ColumnReference Column="Expr1125" /></OutputList><RunTimeInformation><RunTimeCountersPerThread Thread="0" ActualRows="163560" Batches="0" ActualEndOfScans="0" ActualExecutions="1" ActualExecutionMode="Row" ActualElapsedms="9513" ActualCPUms="5813" /></RunTimeInformation><SequenceProject><DefinedValues><DefinedValue><ColumnReference Column="Expr1125" /><ScalarOperator ScalarString="ScalarString101"><Sequence FunctionName="Function9" /></ScalarOperator></DefinedValue></DefinedValues><RelOp AvgRowSize="294" EstimateCPU="0.0029836" EstimateIO="0" EstimateRebinds="0" EstimateRewinds="0" EstimatedExecutionMode="Row" EstimateRows="298360" LogicalOp="Segment" NodeId="312" Parallel="true" PhysicalOp="Segment" EstimatedTotalSubtreeCost="364.206"><OutputList><ColumnReference Database="Database1" Schema="Schema1" Table="Object8" Column="Column64" /><ColumnReference Column="Expr1116" /><ColumnReference Column="Expr1118" /><ColumnReference Database="Database1" Schema="Schema1" Table="Object22" Alias="Object70" Column="Column55" /><ColumnReference Column="Column211" /></OutputList><RunTimeInformation><RunTimeCountersPerThread Thread="0" ActualRows="163560" Batches="0" ActualEndOfScans="0" ActualExecutions="1" ActualExecutionMode="Row" ActualElapsedms="9482" ActualCPUms="5781" /></RunTimeInformation><Segment><GroupBy><ColumnReference Database="Database1" Schema="Schema1" Table="Object8" Column="Column64" /><ColumnReference Column="Expr1116" /></GroupBy><SegmentColumn><ColumnReference Column="Column211" /></SegmentColumn><RelOp AvgRowSize="286" EstimateCPU="4.99154" EstimateIO="0" EstimateRebinds="0" EstimateRewinds="0" EstimatedExecutionMode="Row" EstimateRows="298360" LogicalOp="Repartition Streams" NodeId="313" Parallel="true" PhysicalOp="Parallelism" EstimatedTotalSubtreeCost="364.203"><OutputList><ColumnReference Database="Database1" Schema="Schema1" Table="Object8" Column="Column64" /><ColumnReference Column="Expr1116" /><ColumnReference Column="Expr1118" /><ColumnReference Database="Database1" Schema="Schema1" Table="Object22" Alias="Object70" Column="Column55" /></OutputList><Parallelism PartitioningType="Hash"><PartitionColumns><ColumnReference Database="Database1" Schema="Schema1" Table="Object8" Column="Column64" /><ColumnReference Column="Expr1116" /></PartitionColumns><OrderBy><OrderByColumn Ascending="true"><ColumnReference Database="Database1" Schema="Schema1" Table="Object8" Column="Column64" /></OrderByColumn><OrderByColumn Ascending="true"><ColumnReference Column="Expr1116" /></OrderByColumn></OrderBy><RelOp AvgRowSize="286" EstimateCPU="12.4532" EstimateIO="0.00563063" EstimateRebinds="0" EstimateRewinds="0" EstimatedExecutionMode="Row" EstimateRows="298360" LogicalOp="Distinct Sort" NodeId="314" Parallel="true" PhysicalOp="Sort" EstimatedTotalSubtreeCost="359.211"><OutputList><ColumnReference Database="Database1" Schema="Schema1" Table="Object8" Column="Column64" /><ColumnReference Column="Expr1116" /><ColumnReference Column="Expr1118" /><ColumnReference Database="Database1" Schema="Schema1" Table="Object22" Alias="Object70" Column="Column55" /></OutputList><MemoryFractions Input="0.348919" Output="0.279295" /><RunTimeInformation><RunTimeCountersPerThread Thread="0" ActualRebinds="1" ActualRewinds="0" ActualRows="163560" Batches="0" ActualEndOfScans="0" ActualExecutions="1" ActualExecutionMode="Row" ActualElapsedms="9460" ActualCPUms="5759" ActualScans="0" ActualLogicalReads="0" ActualPhysicalReads="0" ActualReadAheads="0" ActualLobLogicalReads="0" ActualLobPhysicalReads="0" ActualLobReadAheads="0" InputMemoryGrant="322544" OutputMemoryGrant="257896" UsedMemoryGrant="33184" /></RunTimeInformation><Sort Distinct="true"><OrderBy><OrderByColumn Ascending="true"><ColumnReference Database="Database1" Schema="Schema1" Table="Object8" Column="Column64" /></OrderByColumn><OrderByColumn Ascending="true"><ColumnReference Column="Expr1116" /></OrderByColumn><OrderByColumn Ascending="true"><ColumnReference Database="Database1" Schema="Schema1" Table="Object8" Column="Column2" /></OrderByColumn><OrderByColumn Ascending="true"><ColumnReference Database="Database1" Schema="Schema1" Table="Object8" Column="Column12" /></OrderByColumn><OrderByColumn Ascending="true"><ColumnReference Column="Expr1118" /></OrderByColumn><OrderByColumn Ascending="true"><ColumnReference Database="Database1" Schema="Schema1" Table="Object8" Alias="Object71" Column="Column50" /></OrderByColumn><OrderByColumn Ascending="true"><ColumnReference Database="Database1" Schema="Schema1" Table="Object22" Alias="Object70" Column="Column55" /></OrderByColumn><OrderByColumn Ascending="true"><ColumnReference Database="Database1" Schema="Schema1" Table="Object20" Alias="Object37" Column="Column53" /></OrderByColumn></OrderBy><RelOp AvgRowSize="407" EstimateCPU="9.50374" EstimateIO="0" EstimateRebinds="0" EstimateRewinds="0" EstimatedExecutionMode="Row" EstimateRows="298361" LogicalOp="Repartition Streams" NodeId="315" Parallel="true" PhysicalOp="Parallelism" EstimatedTotalSubtreeCost="346.753"><OutputList><ColumnReference Database="Database1" Schema="Schema1" Table="Object8" Column="Column12" /><ColumnReference Database="Database1" Schema="Schema1" Table="Object8" Column="Column2" /><ColumnReference Database="Database1" Schema="Schema1" Table="Object8" Column="Column64" /><ColumnReference Column="Expr1116" /><ColumnReference Column="Expr1118" /><ColumnReference Database="Database1" Schema="Schema1" Table="Object8" Alias="Object71" Column="Column50" /><ColumnReference Database="Database1" Schema="Schema1" Table="Object22" Alias="Object70" Column="Column55" /><ColumnReference Database="Database1" Schema="Schema1" Table="Object20" Alias="Object37" Column="Column53" /></OutputList><Parallelism PartitioningType="Hash"><PartitionColumns><ColumnReference Database="Database1" Schema="Schema1" Table="Object8" Column="Column64" /><ColumnReference Column="Expr1116" /><ColumnReference Database="Database1" Schema="Schema1" Table="Object8" Column="Column2" /><ColumnReference Database="Database1" Schema="Schema1" Table="Object8" Column="Column12" /><ColumnReference Column="Expr1118" /><ColumnReference Database="Database1" Schema="Schema1" Table="Object8" Alias="Object71" Column="Column50" /><ColumnReference Database="Database1" Schema="Schema1" Table="Object22" Alias="Object70" Column="Column55" /><ColumnReference Database="Database1" Schema="Schema1" Table="Object20" Alias="Object37" Column="Column53" /></PartitionColumns><RelOp AvgRowSize="407" EstimateCPU="0.014918" EstimateIO="0" EstimateRebinds="0" EstimateRewinds="0" EstimatedExecutionMode="Row" EstimateRows="298361" LogicalOp="Compute Scalar" NodeId="316" Parallel="true" PhysicalOp="Compute Scalar" EstimatedTotalSubtreeCost="337.249"><OutputList><ColumnReference Database="Database1" Schema="Schema1" Table="Object8" Column="Column12" /><ColumnReference Database="Database1" Schema="Schema1" Table="Object8" Column="Column2" /><ColumnReference Database="Database1" Schema="Schema1" Table="Object8" Column="Column64" /><ColumnReference Column="Expr1116" /><ColumnReference Column="Expr1118" /><ColumnReference Database="Database1" Schema="Schema1" Table="Object8" Alias="Object71" Column="Column50" /><ColumnReference Database="Database1" Schema="Schema1" Table="Object22" Alias="Object70" Column="Column55" /><ColumnReference Database="Database1" Schema="Schema1" Table="Object20" Alias="Object37" Column="Column53" /></OutputList><ComputeScalar><DefinedValues><DefinedValue><ColumnReference Column="Expr1118" /><ScalarOperator ScalarString="ScalarString162"><Intrinsic FunctionName="Function8"><ScalarOperator><Const ConstValue="Value24" /></ScalarOperator><ScalarOperator><Const ConstValue="Value25" /></ScalarOperator><ScalarOperator><Identifier><ColumnReference Column="Expr1117" /></Identifier></ScalarOperator></Intrinsic></ScalarOperator></DefinedValue></DefinedValues><RelOp AvgRowSize="407" EstimateCPU="0.576279" EstimateIO="0.672081" EstimateRebinds="0" EstimateRewinds="0" EstimatedExecutionMode="Row" EstimateRows="298361" LogicalOp="Left Outer Join" NodeId="317" Parallel="true" PhysicalOp="Merge Join" EstimatedTotalSubtreeCost="337.234"><OutputList><ColumnReference Database="Database1" Schema="Schema1" Table="Object8" Column="Column12" /><ColumnReference Database="Database1" Schema="Schema1" Table="Object8" Column="Column2" /><ColumnReference Database="Database1" Schema="Schema1" Table="Object8" Column="Column64" /><ColumnReference Column="Expr1116" /><ColumnReference Column="Expr1117" /><ColumnReference Database="Database1" Schema="Schema1" Table="Object8" Alias="Object71" Column="Column50" /><ColumnReference Database="Database1" Schema="Schema1" Table="Object22" Alias="Object70" Column="Column55" /><ColumnReference Database="Database1" Schema="Schema1" Table="Object20" Alias="Object37" Column="Column53" /></OutputList><RunTimeInformation><RunTimeCountersPerThread Thread="0" ActualRows="163564" Batches="0" ActualEndOfScans="1" ActualExecutions="1" ActualExecutionMode="Row" ActualElapsedms="7760" ActualCPUms="5469" ActualScans="0" ActualLogicalReads="0" ActualPhysicalReads="0" ActualReadAheads="0" ActualLobLogicalReads="0" ActualLobPhysicalReads="0" ActualLobReadAheads="0" /></RunTimeInformation><Merge ManyToMany="true"><InnerSideJoinColumns><ColumnReference Database="Database1" Schema="Schema1" Table="Object20" Alias="Object37" Column="Column46" /><ColumnReference Database="Database1" Schema="Schema1" Table="Object20" Alias="Object37" Column="Column51" /></InnerSideJoinColumns><OuterSideJoinColumns><ColumnReference Database="Database1" Schema="Schema1" Table="Object8" Alias="Object71" Column="Column46" /><ColumnReference Database="Database1" Schema="Schema1" Table="Object8" Alias="Object71" Column="Column50" /></OuterSideJoinColumns><Residual><ScalarOperator ScalarString="ScalarString163"><Logical Operation="AND"><ScalarOperator><Compare CompareOp="EQ"><ScalarOperator><Identifier><ColumnReference Database="Database1" Schema="Schema1" Table="Object20" Alias="Object37" Column="Column46" /></Identifier></ScalarOperator><ScalarOperator><Identifier><ColumnReference Database="Database1" Schema="Schema1" Table="Object8" Alias="Object71" Column="Column46" /></Identifier></ScalarOperator></Compare></ScalarOperator><ScalarOperator><Compare CompareOp="EQ"><ScalarOperator><Identifier><ColumnReference Database="Database1" Schema="Schema1" Table="Object20" Alias="Object37" Column="Column51" /></Identifier></ScalarOperator><ScalarOperator><Identifier><ColumnReference Database="Database1" Schema="Schema1" Table="Object8" Alias="Object71" Column="Column50" /></Identifier></ScalarOperator></Compare></ScalarOperator></Logical></ScalarOperator></Residual><RelOp AvgRowSize="394" EstimateCPU="12.4532" EstimateIO="0.00563063" EstimateRebinds="0" EstimateRewinds="0" EstimatedExecutionMode="Row" EstimateRows="298361" LogicalOp="Sort" NodeId="318" Parallel="true" PhysicalOp="Sort" EstimatedTotalSubtreeCost="310.393"><OutputList><ColumnReference Database="Database1" Schema="Schema1" Table="Object8" Column="Column12" /><ColumnReference Database="Database1" Schema="Schema1" Table="Object8" Column="Column2" /><ColumnReference Database="Database1" Schema="Schema1" Table="Object8" Column="Column64" /><ColumnReference Column="Expr1116" /><ColumnReference Column="Expr1117" /><ColumnReference Database="Database1" Schema="Schema1" Table="Object8" Alias="Object71" Column="Column46" /><ColumnReference Database="Database1" Schema="Schema1" Table="Object8" Alias="Object71" Column="Column50" /><ColumnReference Database="Database1" Schema="Schema1" Table="Object22" Alias="Object70" Column="Column55" /></OutputList><MemoryFractions Input="0.271174" Output="0.338773" /><RunTimeInformation><RunTimeCountersPerThread Thread="0" ActualRebinds="1" ActualRewinds="0" ActualRows="163564" Batches="0" ActualEndOfScans="1" ActualExecutions="1" ActualExecutionMode="Row" ActualElapsedms="7295" ActualCPUms="5077" ActualScans="0" ActualLogicalReads="0" ActualPhysicalReads="0" ActualReadAheads="0" ActualLobLogicalReads="0" ActualLobPhysicalReads="0" ActualLobReadAheads="0" InputMemoryGrant="250784" OutputMemoryGrant="312792" UsedMemoryGrant="26208" /></RunTimeInformation><Sort Distinct="false"><OrderBy><OrderByColumn Ascending="true"><ColumnReference Database="Database1" Schema="Schema1" Table="Object8" Alias="Object71" Column="Column46" /></OrderByColumn><OrderByColumn Ascending="true"><ColumnReference Database="Database1" Schema="Schema1" Table="Object8" Alias="Object71" Column="Column50" /></OrderByColumn></OrderBy><RelOp AvgRowSize="394" EstimateCPU="5.20241" EstimateIO="0" EstimateRebinds="0" EstimateRewinds="0" EstimatedExecutionMode="Row" EstimateRows="298361" LogicalOp="Repartition Streams" NodeId="319" Parallel="true" PhysicalOp="Parallelism" EstimatedTotalSubtreeCost="297.934"><OutputList><ColumnReference Database="Database1" Schema="Schema1" Table="Object8" Column="Column12" /><ColumnReference Database="Database1" Schema="Schema1" Table="Object8" Column="Column2" /><ColumnReference Database="Database1" Schema="Schema1" Table="Object8" Column="Column64" /><ColumnReference Column="Expr1116" /><ColumnReference Column="Expr1117" /><ColumnReference Database="Database1" Schema="Schema1" Table="Object8" Alias="Object71" Column="Column46" /><ColumnReference Database="Database1" Schema="Schema1" Table="Object8" Alias="Object71" Column="Column50" /><ColumnReference Database="Database1" Schema="Schema1" Table="Object22" Alias="Object70" Column="Column55" /></OutputList><Parallelism PartitioningType="Hash"><PartitionColumns><ColumnReference Database="Database1" Schema="Schema1" Table="Object8" Alias="Object71" Column="Column46" /><ColumnReference Database="Database1" Schema="Schema1" Table="Object8" Alias="Object71" Column="Column50" /></PartitionColumns><RelOp AvgRowSize="394" EstimateCPU="21.5633" EstimateIO="0" EstimateRebinds="0" EstimateRewinds="0" EstimatedExecutionMode="Row" EstimateRows="298361" LogicalOp="Left Outer Join" NodeId="320" Parallel="true" PhysicalOp="Hash Match" EstimatedTotalSubtreeCost="292.732"><OutputList><ColumnReference Database="Database1" Schema="Schema1" Table="Object8" Column="Column12" /><ColumnReference Database="Database1" Schema="Schema1" Table="Object8" Column="Column2" /><ColumnReference Database="Database1" Schema="Schema1" Table="Object8" Column="Column64" /><ColumnReference Column="Expr1116" /><ColumnReference Column="Expr1117" /><ColumnReference Database="Database1" Schema="Schema1" Table="Object8" Alias="Object71" Column="Column46" /><ColumnReference Database="Database1" Schema="Schema1" Table="Object8" Alias="Object71" Column="Column50" /><ColumnReference Database="Database1" Schema="Schema1" Table="Object22" Alias="Object70" Column="Column55" /></OutputList><MemoryFractions Input="0.504064" Output="0.426146" /><RunTimeInformation><RunTimeCountersPerThread Thread="0" ActualRows="163564" Batches="0" ActualEndOfScans="1" ActualExecutions="1" ActualExecutionMode="Row" ActualElapsedms="6963" ActualCPUms="4913" ActualScans="0" ActualLogicalReads="0" ActualPhysicalReads="0" ActualReadAheads="0" ActualLobLogicalReads="0" ActualLobPhysicalReads="0" ActualLobReadAheads="0" InputMemoryGrant="466240" OutputMemoryGrant="394328" UsedMemoryGrant="24648" /></RunTimeInformation><Hash><DefinedValues /><HashKeysBuild><ColumnReference Database="Database1" Schema="Schema1" Table="Object8" Alias="Object71" Column="Column46" /><ColumnReference Database="Database1" Schema="Schema1" Table="Object8" Alias="Object71" Column="Column121" /><ColumnReference Database="Database1" Schema="Schema1" Table="Object8" Alias="Object71" Column="Column50" /></HashKeysBuild><HashKeysProbe><ColumnReference Database="Database1" Schema="Schema1" Table="Object22" Alias="Object70" Column="Column46" /><ColumnReference Database="Database1" Schema="Schema1" Table="Object22" Alias="Object70" Column="Column131" /><ColumnReference Database="Database1" Schema="Schema1" Table="Object22" Alias="Object70" Column="Column51" /></HashKeysProbe><ProbeResidual><ScalarOperator ScalarString="ScalarString164"><Logical Operation="AND"><ScalarOperator><Compare CompareOp="EQ"><ScalarOperator><Identifier><ColumnReference Database="Database1" Schema="Schema1" Table="Object8" Alias="Object71" Column="Column46" /></Identifier></ScalarOperator><ScalarOperator><Identifier><ColumnReference Database="Database1" Schema="Schema1" Table="Object22" Alias="Object70" Column="Column46" /></Identifier></ScalarOperator></Compare></ScalarOperator><ScalarOperator><Compare CompareOp="EQ"><ScalarOperator><Identifier><ColumnReference Database="Database1" Schema="Schema1" Table="Object8" Alias="Object71" Column="Column121" /></Identifier></ScalarOperator><ScalarOperator><Identifier><ColumnReference Database="Database1" Schema="Schema1" Table="Object22" Alias="Object70" Column="Column131" /></Identifier></ScalarOperator></Compare></ScalarOperator><ScalarOperator><Compare CompareOp="EQ"><ScalarOperator><Identifier><ColumnReference Database="Database1" Schema="Schema1" Table="Object8" Alias="Object71" Column="Column50" /></Identifier></ScalarOperator><ScalarOperator><Identifier><ColumnReference Database="Database1" Schema="Schema1" Table="Object22" Alias="Object70" Column="Column51" /></Identifier></ScalarOperator></Compare></ScalarOperator></Logical></ScalarOperator></ProbeResidual><RelOp AvgRowSize="143" EstimateCPU="2.65432" EstimateIO="0" EstimateRebinds="0" EstimateRewinds="0" EstimatedExecutionMode="Row" EstimateRows="297320" LogicalOp="Bitmap Create" NodeId="321" Parallel="true" PhysicalOp="Bitmap" EstimatedTotalSubtreeCost="228.489"><OutputList><ColumnReference Database="Database1" Schema="Schema1" Table="Object8" Column="Column12" /><ColumnReference Database="Database1" Schema="Schema1" Table="Object8" Column="Column2" /><ColumnReference Database="Database1" Schema="Schema1" Table="Object8" Column="Column64" /><ColumnReference Column="Expr1116" /><ColumnReference Column="Expr1117" /><ColumnReference Database="Database1" Schema="Schema1" Table="Object8" Alias="Object71" Column="Column46" /><ColumnReference Database="Database1" Schema="Schema1" Table="Object8" Alias="Object71" Column="Column121" /><ColumnReference Database="Database1" Schema="Schema1" Table="Object8" Alias="Object71" Column="Column50" /></OutputList><Bitmap><DefinedValues><DefinedValue><ColumnReference Column="Column212" /></DefinedValue></DefinedValues><HashKeys><ColumnReference Database="Database1" Schema="Schema1" Table="Object8" Alias="Object71" Column="Column46" /><ColumnReference Database="Database1" Schema="Schema1" Table="Object8" Alias="Object71" Column="Column121" /><ColumnReference Database="Database1" Schema="Schema1" Table="Object8" Alias="Object71" Column="Column50" /></HashKeys><RelOp AvgRowSize="143" EstimateCPU="2.65432" EstimateIO="0" EstimateRebinds="0" EstimateRewinds="0" EstimatedExecutionMode="Row" EstimateRows="297320" LogicalOp="Repartition Streams" NodeId="322" Parallel="true" PhysicalOp="Parallelism" EstimatedTotalSubtreeCost="228.489"><OutputList><ColumnReference Database="Database1" Schema="Schema1" Table="Object8" Column="Column12" /><ColumnReference Database="Database1" Schema="Schema1" Table="Object8" Column="Column2" /><ColumnReference Database="Database1" Schema="Schema1" Table="Object8" Column="Column64" /><ColumnReference Column="Expr1116" /><ColumnReference Column="Expr1117" /><ColumnReference Database="Database1" Schema="Schema1" Table="Object8" Alias="Object71" Column="Column46" /><ColumnReference Database="Database1" Schema="Schema1" Table="Object8" Alias="Object71" Column="Column121" /><ColumnReference Database="Database1" Schema="Schema1" Table="Object8" Alias="Object71" Column="Column50" /></OutputList><Parallelism PartitioningType="Hash"><PartitionColumns><ColumnReference Database="Database1" Schema="Schema1" Table="Object8" Alias="Object71" Column="Column46" /><ColumnReference Database="Database1" Schema="Schema1" Table="Object8" Alias="Object71" Column="Column121" /><ColumnReference Database="Database1" Schema="Schema1" Table="Object8" Alias="Object71" Column="Column50" /></PartitionColumns><RelOp AvgRowSize="143" EstimateCPU="10.7853" EstimateIO="0" EstimateRebinds="0" EstimateRewinds="0" EstimatedExecutionMode="Row" EstimateRows="297320" LogicalOp="Left Outer Join" NodeId="323" Parallel="true" PhysicalOp="Hash Match" EstimatedTotalSubtreeCost="225.835"><OutputList><ColumnReference Database="Database1" Schema="Schema1" Table="Object8" Column="Column12" /><ColumnReference Database="Database1" Schema="Schema1" Table="Object8" Column="Column2" /><ColumnReference Database="Database1" Schema="Schema1" Table="Object8" Column="Column64" /><ColumnReference Column="Expr1116" /><ColumnReference Column="Expr1117" /><ColumnReference Database="Database1" Schema="Schema1" Table="Object8" Alias="Object71" Column="Column46" /><ColumnReference Database="Database1" Schema="Schema1" Table="Object8" Alias="Object71" Column="Column121" /><ColumnReference Database="Database1" Schema="Schema1" Table="Object8" Alias="Object71" Column="Column50" /></OutputList><MemoryFractions Input="0.468988" Output="0.193255" /><RunTimeInformation><RunTimeCountersPerThread Thread="0" ActualRows="163564" Batches="0" ActualEndOfScans="1" ActualExecutions="1" ActualExecutionMode="Row" ActualElapsedms="4887" ActualCPUms="3375" ActualScans="0" ActualLogicalReads="0" ActualPhysicalReads="0" ActualReadAheads="0" ActualLobLogicalReads="0" ActualLobPhysicalReads="0" ActualLobReadAheads="0" InputMemoryGrant="433872" OutputMemoryGrant="179384" UsedMemoryGrant="19464" /></RunTimeInformation><Hash><DefinedValues /><HashKeysBuild><ColumnReference Database="Database1" Schema="Schema1" Table="Object8" Column="Column64" /><ColumnReference Database="Database1" Schema="Schema1" Table="Object8" Column="Column2" /><ColumnReference Database="Database1" Schema="Schema1" Table="Object8" Column="Column12" /></HashKeysBuild><HashKeysProbe><ColumnReference Database="Database1" Schema="Schema1" Table="Object8" Alias="Object71" Column="Column64" /><ColumnReference Database="Database1" Schema="Schema1" Table="Object8" Alias="Object71" Column="Column2" /><ColumnReference Database="Database1" Schema="Schema1" Table="Object8" Alias="Object71" Column="Column12" /></HashKeysProbe><ProbeResidual><ScalarOperator ScalarString="ScalarString165"><Logical Operation="AND"><ScalarOperator><Compare CompareOp="EQ"><ScalarOperator><Identifier><ColumnReference Database="Database1" Schema="Schema1" Table="Object8" Column="Column64" /></Identifier></ScalarOperator><ScalarOperator><Identifier><ColumnReference Database="Database1" Schema="Schema1" Table="Object8" Alias="Object71" Column="Column64" /></Identifier></ScalarOperator></Compare></ScalarOperator><ScalarOperator><Compare CompareOp="EQ"><ScalarOperator><Identifier><ColumnReference Database="Database1" Schema="Schema1" Table="Object8" Column="Column2" /></Identifier></ScalarOperator><ScalarOperator><Identifier><ColumnReference Database="Database1" Schema="Schema1" Table="Object8" Alias="Object71" Column="Column2" /></Identifier></ScalarOperator></Compare></ScalarOperator><ScalarOperator><Compare CompareOp="EQ"><ScalarOperator><Identifier><ColumnReference Database="Database1" Schema="Schema1" Table="Object8" Column="Column12" /></Identifier></ScalarOperator><ScalarOperator><Identifier><ColumnReference Database="Database1" Schema="Schema1" Table="Object8" Alias="Object71" Column="Column12" /></Identifier></ScalarOperator></Compare></ScalarOperator><ScalarOperator><Compare CompareOp="GE"><ScalarOperator><Identifier><ColumnReference Column="Expr1116" /></Identifier></ScalarOperator><ScalarOperator><Identifier><ColumnReference Database="Database1" Schema="Schema1" Table="Object8" Alias="Object71" Column="Column75" /></Identifier></ScalarOperator></Compare></ScalarOperator><ScalarOperator><Compare CompareOp="LE"><ScalarOperator><Identifier><ColumnReference Column="Expr1116" /></Identifier></ScalarOperator><ScalarOperator><Identifier><ColumnReference Database="Database1" Schema="Schema1" Table="Object8" Alias="Object71" Column="Column73" /></Identifier></ScalarOperator></Compare></ScalarOperator></Logical></ScalarOperator></ProbeResidual><RelOp AvgRowSize="83" EstimateCPU="0.128656" EstimateIO="0" EstimateRebinds="0" EstimateRewinds="0" EstimatedExecutionMode="Row" EstimateRows="296898" LogicalOp="Filter" NodeId="324" Parallel="true" PhysicalOp="Filter" EstimatedTotalSubtreeCost="129.161"><OutputList><ColumnReference Database="Database1" Schema="Schema1" Table="Object8" Column="Column12" /><ColumnReference Database="Database1" Schema="Schema1" Table="Object8" Column="Column2" /><ColumnReference Database="Database1" Schema="Schema1" Table="Object8" Column="Column64" /><ColumnReference Column="Expr1116" /><ColumnReference Column="Expr1117" /></OutputList><RunTimeInformation><RunTimeCountersPerThread Thread="0" ActualRows="159283" Batches="0" ActualEndOfScans="1" ActualExecutions="1" ActualExecutionMode="Row" ActualElapsedms="3229" ActualCPUms="2219" /></RunTimeInformation><Filter StartupExpression="false"><RelOp AvgRowSize="107" EstimateCPU="0.103584" EstimateIO="0" EstimateRebinds="0" EstimateRewinds="0" EstimatedExecutionMode="Row" EstimateRows="329887" LogicalOp="Aggregate" NodeId="325" Parallel="true" PhysicalOp="Stream Aggregate" EstimatedTotalSubtreeCost="129.032"><OutputList><ColumnReference Database="Database1" Schema="Schema1" Table="Object8" Column="Column12" /><ColumnReference Database="Database1" Schema="Schema1" Table="Object8" Column="Column2" /><ColumnReference Database="Database1" Schema="Schema1" Table="Object8" Column="Column64" /><ColumnReference Column="Expr1116" /><ColumnReference Column="Expr1117" /></OutputList><RunTimeInformation><RunTimeCountersPerThread Thread="0" ActualRows="267233" Batches="0" ActualEndOfScans="1" ActualExecutions="1" ActualExecutionMode="Row" ActualElapsedms="3186" ActualCPUms="2177" /></RunTimeInformation><StreamAggregate><DefinedValues><DefinedValue><ColumnReference Column="Expr1117" /><ScalarOperator ScalarString="ScalarString166"><Aggregate AggType="LAST_VALUE" Distinct="false"><ScalarOperator><Identifier><ColumnReference Column="Expr1116" /></Identifier></ScalarOperator></Aggregate></ScalarOperator></DefinedValue><DefinedValue><ColumnReference Column="Expr1116" /><ScalarOperator ScalarString="ScalarString167"><Aggregate AggType="ANY" Distinct="false"><ScalarOperator><Identifier><ColumnReference Column="Expr1116" /></Identifier></ScalarOperator></Aggregate></ScalarOperator></DefinedValue></DefinedValues><GroupBy><ColumnReference Column="Column213" /></GroupBy><RelOp AvgRowSize="107" EstimateCPU="0.362546" EstimateIO="0" EstimateRebinds="0" EstimateRewinds="0" EstimatedExecutionMode="Row" EstimateRows="659774" LogicalOp="Window Spool" NodeId="326" Parallel="true" PhysicalOp="Window Spool" EstimatedTotalSubtreeCost="128.929"><OutputList><ColumnReference Database="Database1" Schema="Schema1" Table="Object8" Column="Column12" /><ColumnReference Database="Database1" Schema="Schema1" Table="Object8" Column="Column2" /><ColumnReference Database="Database1" Schema="Schema1" Table="Object8" Column="Column64" /><ColumnReference Column="Expr1116" /><ColumnReference Column="Column214" /><ColumnReference Column="Column213" /><ColumnReference Column="Column215" /></OutputList><RunTimeInformation><RunTimeCountersPerThread Thread="0" ActualRows="426516" Batches="0" ActualEndOfScans="1" ActualExecutions="1" ActualExecutionMode="Row" ActualElapsedms="3017" ActualCPUms="2009" /></RunTimeInformation><WindowSpool><RelOp AvgRowSize="107" EstimateCPU="0.0103584" EstimateIO="0" EstimateRebinds="0" EstimateRewinds="0" EstimatedExecutionMode="Row" EstimateRows="329887" LogicalOp="Segment" NodeId="327" Parallel="true" PhysicalOp="Segment" EstimatedTotalSubtreeCost="128.525"><OutputList><ColumnReference Database="Database1" Schema="Schema1" Table="Object8" Column="Column12" /><ColumnReference Database="Database1" Schema="Schema1" Table="Object8" Column="Column2" /><ColumnReference Database="Database1" Schema="Schema1" Table="Object8" Column="Column64" /><ColumnReference Column="Expr1116" /><ColumnReference Column="Column214" /><ColumnReference Column="Column216" /><ColumnReference Column="Column217" /><ColumnReference Column="Column215" /></OutputList><RunTimeInformation><RunTimeCountersPerThread Thread="0" ActualRows="267233" Batches="0" ActualEndOfScans="1" ActualExecutions="1" ActualExecutionMode="Row" ActualElapsedms="2761" ActualCPUms="1753" /></RunTimeInformation><Segment><GroupBy><ColumnReference Database="Database1" Schema="Schema1" Table="Object8" Column="Column64" /><ColumnReference Database="Database1" Schema="Schema1" Table="Object8" Column="Column2" /><ColumnReference Database="Database1" Schema="Schema1" Table="Object8" Column="Column12" /></GroupBy><SegmentColumn><ColumnReference Column="Column215" /></SegmentColumn><RelOp AvgRowSize="99" EstimateCPU="0.0164943" EstimateIO="0" EstimateRebinds="0" EstimateRewinds="0" EstimatedExecutionMode="Row" EstimateRows="329887" LogicalOp="Compute Scalar" NodeId="328" Parallel="true" PhysicalOp="Compute Scalar" EstimatedTotalSubtreeCost="128.514"><OutputList><ColumnReference Database="Database1" Schema="Schema1" Table="Object8" Column="Column12" /><ColumnReference Database="Database1" Schema="Schema1" Table="Object8" Column="Column2" /><ColumnReference Database="Database1" Schema="Schema1" Table="Object8" Column="Column64" /><ColumnReference Column="Expr1116" /><ColumnReference Column="Column214" /><ColumnReference Column="Column216" /><ColumnReference Column="Column217" /></OutputList><ComputeScalar><DefinedValues><DefinedValue><ColumnReference Column="Column216" /><ScalarOperator ScalarString="ScalarString168"><Arithmetic Operation="ADD"><ScalarOperator><Identifier><ColumnReference Column="Column214" /></Identifier></ScalarOperator><ScalarOperator><Const ConstValue="Value10" /></ScalarOperator></Arithmetic></ScalarOperator></DefinedValue><DefinedValue><ColumnReference Column="Column217" /><ScalarOperator ScalarString="ScalarString168"><Arithmetic Operation="ADD"><ScalarOperator><Identifier><ColumnReference Column="Column214" /></Identifier></ScalarOperator><ScalarOperator><Const ConstValue="Value10" /></ScalarOperator></Arithmetic></ScalarOperator></DefinedValue></DefinedValues><RelOp AvgRowSize="83" EstimateCPU="0.0131955" EstimateIO="0" EstimateRebinds="0" EstimateRewinds="0" EstimatedExecutionMode="Row" EstimateRows="329887" LogicalOp="Compute Scalar" NodeId="329" Parallel="true" PhysicalOp="Sequence Project" EstimatedTotalSubtreeCost="128.498"><OutputList><ColumnReference Database="Database1" Schema="Schema1" Table="Object8" Column="Column12" /><ColumnReference Database="Database1" Schema="Schema1" Table="Object8" Column="Column2" /><ColumnReference Database="Database1" Schema="Schema1" Table="Object8" Column="Column64" /><ColumnReference Column="Expr1116" /><ColumnReference Column="Column214" /></OutputList><RunTimeInformation><RunTimeCountersPerThread Thread="0" ActualRows="267233" Batches="0" ActualEndOfScans="1" ActualExecutions="1" ActualExecutionMode="Row" ActualElapsedms="2709" ActualCPUms="1701" /></RunTimeInformation><SequenceProject><DefinedValues><DefinedValue><ColumnReference Column="Column214" /><ScalarOperator ScalarString="ScalarString101"><Sequence FunctionName="Function9" /></ScalarOperator></DefinedValue></DefinedValues><RelOp AvgRowSize="83" EstimateCPU="0.00329887" EstimateIO="0" EstimateRebinds="0" EstimateRewinds="0" EstimatedExecutionMode="Row" EstimateRows="329887" LogicalOp="Segment" NodeId="330" Parallel="true" PhysicalOp="Segment" EstimatedTotalSubtreeCost="128.485"><OutputList><ColumnReference Database="Database1" Schema="Schema1" Table="Object8" Column="Column12" /><ColumnReference Database="Database1" Schema="Schema1" Table="Object8" Column="Column2" /><ColumnReference Database="Database1" Schema="Schema1" Table="Object8" Column="Column64" /><ColumnReference Column="Expr1116" /><ColumnReference Column="Column218" /></OutputList><RunTimeInformation><RunTimeCountersPerThread Thread="0" ActualRows="267233" Batches="0" ActualEndOfScans="1" ActualExecutions="1" ActualExecutionMode="Row" ActualElapsedms="2674" ActualCPUms="1665" /></RunTimeInformation><Segment><GroupBy><ColumnReference Database="Database1" Schema="Schema1" Table="Object8" Column="Column64" /><ColumnReference Database="Database1" Schema="Schema1" Table="Object8" Column="Column2" /><ColumnReference Database="Database1" Schema="Schema1" Table="Object8" Column="Column12" /></GroupBy><SegmentColumn><ColumnReference Column="Column218" /></SegmentColumn><RelOp AvgRowSize="75" EstimateCPU="3.49062" EstimateIO="0" EstimateRebinds="0" EstimateRewinds="0" EstimatedExecutionMode="Row" EstimateRows="329887" LogicalOp="Repartition Streams" NodeId="331" Parallel="true" PhysicalOp="Parallelism" EstimatedTotalSubtreeCost="128.481"><OutputList><ColumnReference Database="Database1" Schema="Schema1" Table="Object8" Column="Column12" /><ColumnReference Database="Database1" Schema="Schema1" Table="Object8" Column="Column2" /><ColumnReference Database="Database1" Schema="Schema1" Table="Object8" Column="Column64" /><ColumnReference Column="Expr1116" /></OutputList><Parallelism PartitioningType="Hash"><PartitionColumns><ColumnReference Database="Database1" Schema="Schema1" Table="Object8" Column="Column64" /><ColumnReference Database="Database1" Schema="Schema1" Table="Object8" Column="Column2" /><ColumnReference Database="Database1" Schema="Schema1" Table="Object8" Column="Column12" /></PartitionColumns><OrderBy><OrderByColumn Ascending="true"><ColumnReference Database="Database1" Schema="Schema1" Table="Object8" Column="Column64" /></OrderByColumn><OrderByColumn Ascending="true"><ColumnReference Database="Database1" Schema="Schema1" Table="Object8" Column="Column2" /></OrderByColumn><OrderByColumn Ascending="true"><ColumnReference Database="Database1" Schema="Schema1" Table="Object8" Column="Column12" /></OrderByColumn><OrderByColumn Ascending="true"><ColumnReference Column="Expr1116" /></OrderByColumn></OrderBy><RelOp AvgRowSize="75" EstimateCPU="13.8802" EstimateIO="0.00563063" EstimateRebinds="0" EstimateRewinds="0" EstimatedExecutionMode="Row" EstimateRows="329887" LogicalOp="Distinct Sort" NodeId="332" Parallel="true" PhysicalOp="Sort" EstimatedTotalSubtreeCost="124.991"><OutputList><ColumnReference Database="Database1" Schema="Schema1" Table="Object8" Column="Column12" /><ColumnReference Database="Database1" Schema="Schema1" Table="Object8" Column="Column2" /><ColumnReference Database="Database1" Schema="Schema1" Table="Object8" Column="Column64" /><ColumnReference Column="Expr1116" /></OutputList><MemoryFractions Input="0.429199" Output="0.228331" /><RunTimeInformation><RunTimeCountersPerThread Thread="0" ActualRebinds="1" ActualRewinds="0" ActualRows="267233" Batches="0" ActualEndOfScans="1" ActualExecutions="1" ActualExecutionMode="Row" ActualElapsedms="2619" ActualCPUms="1611" ActualScans="0" ActualLogicalReads="0" ActualPhysicalReads="0" ActualReadAheads="0" ActualLobLogicalReads="0" ActualLobPhysicalReads="0" ActualLobReadAheads="0" InputMemoryGrant="396632" OutputMemoryGrant="210864" UsedMemoryGrant="26560" /></RunTimeInformation><Sort Distinct="true"><OrderBy><OrderByColumn Ascending="true"><ColumnReference Database="Database1" Schema="Schema1" Table="Object8" Column="Column64" /></OrderByColumn><OrderByColumn Ascending="true"><ColumnReference Database="Database1" Schema="Schema1" Table="Object8" Column="Column2" /></OrderByColumn><OrderByColumn Ascending="true"><ColumnReference Database="Database1" Schema="Schema1" Table="Object8" Column="Column12" /></OrderByColumn><OrderByColumn Ascending="true"><ColumnReference Column="Expr1116" /></OrderByColumn></OrderBy><RelOp AvgRowSize="75" EstimateCPU="1.91535" EstimateIO="0" EstimateRebinds="0" EstimateRewinds="0" EstimatedExecutionMode="Row" EstimateRows="329920" LogicalOp="Repartition Streams" NodeId="333" Parallel="true" PhysicalOp="Parallelism" EstimatedTotalSubtreeCost="111.105"><OutputList><ColumnReference Database="Database1" Schema="Schema1" Table="Object8" Column="Column12" /><ColumnReference Database="Database1" Schema="Schema1" Table="Object8" Column="Column2" /><ColumnReference Database="Database1" Schema="Schema1" Table="Object8" Column="Column64" /><ColumnReference Column="Expr1116" /></OutputList><Parallelism PartitioningType="Hash"><PartitionColumns><ColumnReference Database="Database1" Schema="Schema1" Table="Object8" Column="Column64" /><ColumnReference Database="Database1" Schema="Schema1" Table="Object8" Column="Column2" /><ColumnReference Database="Database1" Schema="Schema1" Table="Object8" Column="Column12" /><ColumnReference Column="Expr1116" /></PartitionColumns><RelOp AvgRowSize="75" EstimateCPU="0.016496" EstimateIO="0" EstimateRebinds="0" EstimateRewinds="0" EstimatedExecutionMode="Row" EstimateRows="329920" LogicalOp="Compute Scalar" NodeId="334" Parallel="true" PhysicalOp="Compute Scalar" EstimatedTotalSubtreeCost="109.189"><OutputList><ColumnReference Database="Database1" Schema="Schema1" Table="Object8" Column="Column12" /><ColumnReference Database="Database1" Schema="Schema1" Table="Object8" Column="Column2" /><ColumnReference Database="Database1" Schema="Schema1" Table="Object8" Column="Column64" /><ColumnReference Column="Expr1116" /></OutputList><ComputeScalar><DefinedValues><DefinedValue><ColumnReference Column="Expr1116" /><ScalarOperator ScalarString="ScalarString169"><IF><Condition><ScalarOperator><Compare CompareOp="EQ"><ScalarOperator><Identifier><ColumnReference Column="Union1115" /></Identifier></ScalarOperator><ScalarOperator><Const ConstValue="Value10" /></ScalarOperator></Compare></ScalarOperator></Condition><Then><ScalarOperator><Identifier><ColumnReference Database="Database1" Schema="Schema1" Table="Object8" Column="Column75" /></Identifier></ScalarOperator></Then><Else><ScalarOperator><Intrinsic FunctionName="Function8"><ScalarOperator><Const ConstValue="Value24" /></ScalarOperator><ScalarOperator><Const ConstValue="Value10" /></ScalarOperator><ScalarOperator><Identifier><ColumnReference Database="Database1" Schema="Schema1" Table="Object8" Column="Column73" /></Identifier></ScalarOperator></Intrinsic></ScalarOperator></Else></IF></ScalarOperator></DefinedValue></DefinedValues><RelOp AvgRowSize="87" EstimateCPU="0.689533" EstimateIO="0" EstimateRebinds="0" EstimateRewinds="0" EstimatedExecutionMode="Row" EstimateRows="329920" LogicalOp="Inner Join" NodeId="335" Parallel="true" PhysicalOp="Nested Loops" EstimatedTotalSubtreeCost="109.173"><OutputList><ColumnReference Database="Database1" Schema="Schema1" Table="Object8" Column="Column75" /><ColumnReference Database="Database1" Schema="Schema1" Table="Object8" Column="Column73" /><ColumnReference Database="Database1" Schema="Schema1" Table="Object8" Column="Column12" /><ColumnReference Database="Database1" Schema="Schema1" Table="Object8" Column="Column2" /><ColumnReference Database="Database1" Schema="Schema1" Table="Object8" Column="Column64" /><ColumnReference Column="Union1115" /></OutputList><Warnings NoJoinPredicate="true" /><RunTimeInformation><RunTimeCountersPerThread Thread="0" ActualRows="294048" Batches="0" ActualEndOfScans="1" ActualExecutions="1" ActualExecutionMode="Row" ActualElapsedms="1892" ActualCPUms="1209" /></RunTimeInformation><NestedLoops Optimized="false"><RelOp AvgRowSize="83" EstimateCPU="6.41077" EstimateIO="0" EstimateRebinds="0" EstimateRewinds="0" EstimatedExecutionMode="Row" EstimateRows="164960" LogicalOp="Aggregate" NodeId="336" Parallel="true" PhysicalOp="Hash Match" EstimatedTotalSubtreeCost="91.9124"><OutputList><ColumnReference Database="Database1" Schema="Schema1" Table="Object8" Column="Column75" /><ColumnReference Database="Database1" Schema="Schema1" Table="Object8" Column="Column73" /><ColumnReference Database="Database1" Schema="Schema1" Table="Object8" Column="Column12" /><ColumnReference Database="Database1" Schema="Schema1" Table="Object8" Column="Column2" /><ColumnReference Database="Database1" Schema="Schema1" Table="Object8" Column="Column64" /></OutputList><MemoryFractions Input="0.69732" Output="0.26812" /><RunTimeInformation><RunTimeCountersPerThread Thread="0" ActualRows="147024" Batches="0" ActualEndOfScans="1" ActualExecutions="1" ActualExecutionMode="Row" ActualElapsedms="1290" ActualCPUms="999" ActualScans="0" ActualLogicalReads="0" ActualPhysicalReads="0" ActualReadAheads="0" ActualLobLogicalReads="0" ActualLobPhysicalReads="0" ActualLobReadAheads="0" InputMemoryGrant="644608" OutputMemoryGrant="248480" UsedMemoryGrant="14856" /></RunTimeInformation><Hash><DefinedValues /><HashKeysBuild><ColumnReference Database="Database1" Schema="Schema1" Table="Object8" Column="Column2" /><ColumnReference Database="Database1" Schema="Schema1" Table="Object8" Column="Column12" /><ColumnReference Database="Database1" Schema="Schema1" Table="Object8" Column="Column64" /><ColumnReference Database="Database1" Schema="Schema1" Table="Object8" Column="Column75" /><ColumnReference Database="Database1" Schema="Schema1" Table="Object8" Column="Column73" /></HashKeysBuild><BuildResidual><ScalarOperator ScalarString="ScalarString170"><Logical Operation="AND"><ScalarOperator><Logical Operation="AND"><ScalarOperator><Logical Operation="AND"><ScalarOperator><Logical Operation="AND"><ScalarOperator><Compare CompareOp="IS"><ScalarOperator><Identifier><ColumnReference Database="Database1" Schema="Schema1" Table="Object8" Column="Column2" /></Identifier></ScalarOperator><ScalarOperator><Identifier><ColumnReference Database="Database1" Schema="Schema1" Table="Object8" Column="Column2" /></Identifier></ScalarOperator></Compare></ScalarOperator><ScalarOperator><Compare CompareOp="IS"><ScalarOperator><Identifier><ColumnReference Database="Database1" Schema="Schema1" Table="Object8" Column="Column12" /></Identifier></ScalarOperator><ScalarOperator><Identifier><ColumnReference Database="Database1" Schema="Schema1" Table="Object8" Column="Column12" /></Identifier></ScalarOperator></Compare></ScalarOperator></Logical></ScalarOperator><ScalarOperator><Compare CompareOp="IS"><ScalarOperator><Identifier><ColumnReference Database="Database1" Schema="Schema1" Table="Object8" Column="Column64" /></Identifier></ScalarOperator><ScalarOperator><Identifier><ColumnReference Database="Database1" Schema="Schema1" Table="Object8" Column="Column64" /></Identifier></ScalarOperator></Compare></ScalarOperator></Logical></ScalarOperator><ScalarOperator><Compare CompareOp="IS"><ScalarOperator><Identifier><ColumnReference Database="Database1" Schema="Schema1" Table="Object8" Column="Column75" /></Identifier></ScalarOperator><ScalarOperator><Identifier><ColumnReference Database="Database1" Schema="Schema1" Table="Object8" Column="Column75" /></Identifier></ScalarOperator></Compare></ScalarOperator></Logical></ScalarOperator><ScalarOperator><Compare CompareOp="IS"><ScalarOperator><Identifier><ColumnReference Database="Database1" Schema="Schema1" Table="Object8" Column="Column73" /></Identifier></ScalarOperator><ScalarOperator><Identifier><ColumnReference Database="Database1" Schema="Schema1" Table="Object8" Column="Column73" /></Identifier></ScalarOperator></Compare></ScalarOperator></Logical></ScalarOperator></BuildResidual><RelOp AvgRowSize="83" EstimateCPU="1.09429" EstimateIO="0" EstimateRebinds="0" EstimateRewinds="0" EstimatedExecutionMode="Row" EstimateRows="164960" LogicalOp="Repartition Streams" NodeId="337" Parallel="true" PhysicalOp="Parallelism" EstimatedTotalSubtreeCost="85.5016"><OutputList><ColumnReference Database="Database1" Schema="Schema1" Table="Object8" Column="Column75" /><ColumnReference Database="Database1" Schema="Schema1" Table="Object8" Column="Column73" /><ColumnReference Database="Database1" Schema="Schema1" Table="Object8" Column="Column12" /><ColumnReference Database="Database1" Schema="Schema1" Table="Object8" Column="Column2" /><ColumnReference Database="Database1" Schema="Schema1" Table="Object8" Column="Column64" /></OutputList><Parallelism PartitioningType="Hash"><PartitionColumns><ColumnReference Database="Database1" Schema="Schema1" Table="Object8" Column="Column2" /><ColumnReference Database="Database1" Schema="Schema1" Table="Object8" Column="Column12" /><ColumnReference Database="Database1" Schema="Schema1" Table="Object8" Column="Column64" /><ColumnReference Database="Database1" Schema="Schema1" Table="Object8" Column="Column75" /><ColumnReference Database="Database1" Schema="Schema1" Table="Object8" Column="Column73" /></PartitionColumns><RelOp AvgRowSize="116" EstimateCPU="2.47599" EstimateIO="79.9506" EstimateRebinds="0" EstimateRewinds="0" EstimatedExecutionMode="Row" EstimateRows="164960" EstimatedRowsRead="4501730" LogicalOp="Table Scan" NodeId="338" Parallel="true" PhysicalOp="Table Scan" EstimatedTotalSubtreeCost="82.4266" TableCardinality="4501730"><OutputList><ColumnReference Database="Database1" Schema="Schema1" Table="Object8" Column="Column75" /><ColumnReference Database="Database1" Schema="Schema1" Table="Object8" Column="Column73" /><ColumnReference Database="Database1" Schema="Schema1" Table="Object8" Column="Column12" /><ColumnReference Database="Database1" Schema="Schema1" Table="Object8" Column="Column2" /><ColumnReference Database="Database1" Schema="Schema1" Table="Object8" Column="Column64" /></OutputList><RunTimeInformation><RunTimeCountersPerThread Thread="0" ActualRows="148216" ActualRowsRead="4501730" Batches="0" ActualEndOfScans="1" ActualExecutions="1" ActualExecutionMode="Row" ActualElapsedms="1070" ActualCPUms="834" ActualScans="1" ActualLogicalReads="109068" ActualPhysicalReads="0" ActualReadAheads="0" ActualLobLogicalReads="0" ActualLobPhysicalReads="0" ActualLobReadAheads="0" /></RunTimeInformation><TableScan Ordered="false" ForcedIndex="false" ForceScan="false" NoExpandHint="false" Storage="RowStore"><DefinedValues><DefinedValue><ColumnReference Database="Database1" Schema="Schema1" Table="Object8" Column="Column75" /></DefinedValue><DefinedValue><ColumnReference Database="Database1" Schema="Schema1" Table="Object8" Column="Column73" /></DefinedValue><DefinedValue><ColumnReference Database="Database1" Schema="Schema1" Table="Object8" Column="Column12" /></DefinedValue><DefinedValue><ColumnReference Database="Database1" Schema="Schema1" Table="Object8" Column="Column2" /></DefinedValue><DefinedValue><ColumnReference Database="Database1" Schema="Schema1" Table="Object8" Column="Column64" /></DefinedValue></DefinedValues><Object Database="Database1" Schema="Schema1" Table="Object8" IndexKind="Heap" Storage="RowStore" /><Predicate><ScalarOperator ScalarString="ScalarString171"><Logical Operation="AND"><ScalarOperator><Compare CompareOp="EQ"><ScalarOperator><Identifier><ColumnReference Database="Database1" Schema="Schema1" Table="Object8" Column="Column46" /></Identifier></ScalarOperator><ScalarOperator><Const ConstValue="Value8" /></ScalarOperator></Compare></ScalarOperator><ScalarOperator><Compare CompareOp="EQ"><ScalarOperator><Identifier><ColumnReference Database="Database1" Schema="Schema1" Table="Object8" Column="Column121" /></Identifier></ScalarOperator><ScalarOperator><Const ConstValue="Value19" /></ScalarOperator></Compare></ScalarOperator></Logical></ScalarOperator></Predicate></TableScan></RelOp></Parallelism></RelOp></Hash></RelOp><RelOp AvgRowSize="11" EstimateCPU="0.00010046" EstimateIO="0.01" EstimateRebinds="0" EstimateRewinds="164959" EstimatedExecutionMode="Row" EstimateRows="2" LogicalOp="Lazy Spool" NodeId="339" Parallel="true" PhysicalOp="Table Spool" EstimatedTotalSubtreeCost="16.571"><OutputList><ColumnReference Column="Union1115" /></OutputList><RunTimeInformation><RunTimeCountersPerThread Thread="0" ActualRebinds="1" ActualRewinds="147023" ActualRows="294048" ActualRowsRead="294046" Batches="0" ActualEndOfScans="147024" ActualExecutions="147024" ActualExecutionMode="Row" ActualElapsedms="538" ActualCPUms="170" ActualScans="1" ActualLogicalReads="294051" ActualPhysicalReads="0" ActualReadAheads="0" ActualLobLogicalReads="0" ActualLobPhysicalReads="0" ActualLobReadAheads="0" /></RunTimeInformation><Spool><RelOp AvgRowSize="11" EstimateCPU="0.0056023" EstimateIO="0" EstimateRebinds="0" EstimateRewinds="0" EstimatedExecutionMode="Row" EstimateRows="2" LogicalOp="Union" NodeId="340" Parallel="true" PhysicalOp="Merge Join" EstimatedTotalSubtreeCost="0.00560461"><OutputList><ColumnReference Column="Union1115" /></OutputList><RunTimeInformation><RunTimeCountersPerThread Thread="0" ActualRows="2" Batches="0" ActualEndOfScans="1" ActualExecutions="1" ActualExecutionMode="Row" ActualElapsedms="0" ActualCPUms="0" ActualScans="0" ActualLogicalReads="0" ActualPhysicalReads="0" ActualReadAheads="0" ActualLobLogicalReads="0" ActualLobPhysicalReads="0" ActualLobReadAheads="0" /></RunTimeInformation><Merge><DefinedValues><DefinedValue><ColumnReference Column="Union1115" /><ColumnReference Column="Expr1113" /><ColumnReference Column="Expr1114" /></DefinedValue></DefinedValues><RelOp AvgRowSize="11" EstimateCPU="1.157E-06" EstimateIO="0" EstimateRebinds="0" EstimateRewinds="0" EstimatedExecutionMode="Row" EstimateRows="1" LogicalOp="Constant Scan" NodeId="341" Parallel="true" PhysicalOp="Constant Scan" EstimatedTotalSubtreeCost="1.157E-06"><OutputList><ColumnReference Column="Expr1113" /></OutputList><RunTimeInformation><RunTimeCountersPerThread Thread="0" ActualRows="1" Batches="0" ActualEndOfScans="1" ActualExecutions="1" ActualExecutionMode="Row" ActualElapsedms="0" ActualCPUms="0" /></RunTimeInformation><ConstantScan><Values><Row><ScalarOperator ScalarString="ScalarString117"><Const ConstValue="Value10" /></ScalarOperator></Row></Values></ConstantScan></RelOp><RelOp AvgRowSize="11" EstimateCPU="1.157E-06" EstimateIO="0" EstimateRebinds="0" EstimateRewinds="0" EstimatedExecutionMode="Row" EstimateRows="1" LogicalOp="Constant Scan" NodeId="342" Parallel="true" PhysicalOp="Constant Scan" EstimatedTotalSubtreeCost="1.157E-06"><OutputList><ColumnReference Column="Expr1114" /></OutputList><RunTimeInformation><RunTimeCountersPerThread Thread="0" ActualRows="1" Batches="0" ActualEndOfScans="1" ActualExecutions="1" ActualExecutionMode="Row" ActualElapsedms="0" ActualCPUms="0" /></RunTimeInformation><ConstantScan><Values><Row><ScalarOperator ScalarString="ScalarString118"><Const ConstValue="Value29" /></ScalarOperator></Row></Values></ConstantScan></RelOp></Merge></RelOp></Spool></RelOp></NestedLoops></RelOp></ComputeScalar></RelOp></Parallelism></RelOp></Sort></RelOp></Parallelism></RelOp></Segment></RelOp></SequenceProject></RelOp></ComputeScalar></RelOp></Segment></RelOp></WindowSpool></RelOp></StreamAggregate></RelOp><Predicate><ScalarOperator ScalarString="ScalarString172"><Compare CompareOp="IS NOT"><ScalarOperator><Intrinsic FunctionName="Function8"><ScalarOperator><Const ConstValue="Value24" /></ScalarOperator><ScalarOperator><Const ConstValue="Value25" /></ScalarOperator><ScalarOperator><Identifier><ColumnReference Column="Expr1117" /></Identifier></ScalarOperator></Intrinsic></ScalarOperator><ScalarOperator><Const ConstValue="Value7" /></ScalarOperator></Compare></ScalarOperator></Predicate></Filter></RelOp><RelOp AvgRowSize="143" EstimateCPU="1.48128" EstimateIO="0" EstimateRebinds="0" EstimateRewinds="0" EstimatedExecutionMode="Row" EstimateRows="164960" LogicalOp="Repartition Streams" NodeId="343" Parallel="true" PhysicalOp="Parallelism" EstimatedTotalSubtreeCost="85.8886"><OutputList><ColumnReference Database="Database1" Schema="Schema1" Table="Object8" Alias="Object71" Column="Column46" /><ColumnReference Database="Database1" Schema="Schema1" Table="Object8" Alias="Object71" Column="Column75" /><ColumnReference Database="Database1" Schema="Schema1" Table="Object8" Alias="Object71" Column="Column73" /><ColumnReference Database="Database1" Schema="Schema1" Table="Object8" Alias="Object71" Column="Column12" /><ColumnReference Database="Database1" Schema="Schema1" Table="Object8" Alias="Object71" Column="Column121" /><ColumnReference Database="Database1" Schema="Schema1" Table="Object8" Alias="Object71" Column="Column50" /><ColumnReference Database="Database1" Schema="Schema1" Table="Object8" Alias="Object71" Column="Column2" /><ColumnReference Database="Database1" Schema="Schema1" Table="Object8" Alias="Object71" Column="Column64" /></OutputList><Parallelism PartitioningType="Hash"><PartitionColumns><ColumnReference Database="Database1" Schema="Schema1" Table="Object8" Alias="Object71" Column="Column64" /><ColumnReference Database="Database1" Schema="Schema1" Table="Object8" Alias="Object71" Column="Column2" /><ColumnReference Database="Database1" Schema="Schema1" Table="Object8" Alias="Object71" Column="Column12" /></PartitionColumns><RelOp AvgRowSize="143" EstimateCPU="2.47599" EstimateIO="79.9506" EstimateRebinds="0" EstimateRewinds="0" EstimatedExecutionMode="Row" EstimateRows="164960" EstimatedRowsRead="4501730" LogicalOp="Table Scan" NodeId="344" Parallel="true" PhysicalOp="Table Scan" EstimatedTotalSubtreeCost="82.4266" TableCardinality="4501730"><OutputList><ColumnReference Database="Database1" Schema="Schema1" Table="Object8" Alias="Object71" Column="Column46" /><ColumnReference Database="Database1" Schema="Schema1" Table="Object8" Alias="Object71" Column="Column75" /><ColumnReference Database="Database1" Schema="Schema1" Table="Object8" Alias="Object71" Column="Column73" /><ColumnReference Database="Database1" Schema="Schema1" Table="Object8" Alias="Object71" Column="Column12" /><ColumnReference Database="Database1" Schema="Schema1" Table="Object8" Alias="Object71" Column="Column121" /><ColumnReference Database="Database1" Schema="Schema1" Table="Object8" Alias="Object71" Column="Column50" /><ColumnReference Database="Database1" Schema="Schema1" Table="Object8" Alias="Object71" Column="Column2" /><ColumnReference Database="Database1" Schema="Schema1" Table="Object8" Alias="Object71" Column="Column64" /></OutputList><RunTimeInformation><RunTimeCountersPerThread Thread="0" ActualRows="148216" ActualRowsRead="4501730" Batches="0" ActualEndOfScans="1" ActualExecutions="1" ActualExecutionMode="Row" ActualElapsedms="1131" ActualCPUms="731" ActualScans="1" ActualLogicalReads="109068" ActualPhysicalReads="0" ActualReadAheads="0" ActualLobLogicalReads="0" ActualLobPhysicalReads="0" ActualLobReadAheads="0" /></RunTimeInformation><TableScan Ordered="false" ForcedIndex="false" ForceScan="false" NoExpandHint="false" Storage="RowStore"><DefinedValues><DefinedValue><ColumnReference Database="Database1" Schema="Schema1" Table="Object8" Alias="Object71" Column="Column46" /></DefinedValue><DefinedValue><ColumnReference Database="Database1" Schema="Schema1" Table="Object8" Alias="Object71" Column="Column75" /></DefinedValue><DefinedValue><ColumnReference Database="Database1" Schema="Schema1" Table="Object8" Alias="Object71" Column="Column73" /></DefinedValue><DefinedValue><ColumnReference Database="Database1" Schema="Schema1" Table="Object8" Alias="Object71" Column="Column12" /></DefinedValue><DefinedValue><ColumnReference Database="Database1" Schema="Schema1" Table="Object8" Alias="Object71" Column="Column121" /></DefinedValue><DefinedValue><ColumnReference Database="Database1" Schema="Schema1" Table="Object8" Alias="Object71" Column="Column50" /></DefinedValue><DefinedValue><ColumnReference Database="Database1" Schema="Schema1" Table="Object8" Alias="Object71" Column="Column2" /></DefinedValue><DefinedValue><ColumnReference Database="Database1" Schema="Schema1" Table="Object8" Alias="Object71" Column="Column64" /></DefinedValue></DefinedValues><Object Database="Database1" Schema="Schema1" Table="Object8" Alias="Object71" IndexKind="Heap" Storage="RowStore" /><Predicate><ScalarOperator ScalarString="ScalarString173"><Logical Operation="AND"><ScalarOperator><Compare CompareOp="EQ"><ScalarOperator><Identifier><ColumnReference Database="Database1" Schema="Schema1" Table="Object8" Alias="Object71" Column="Column121" /></Identifier></ScalarOperator><ScalarOperator><Const ConstValue="Value19" /></ScalarOperator></Compare></ScalarOperator><ScalarOperator><Compare CompareOp="EQ"><ScalarOperator><Identifier><ColumnReference Database="Database1" Schema="Schema1" Table="Object8" Alias="Object71" Column="Column46" /></Identifier></ScalarOperator><ScalarOperator><Const ConstValue="Value8" /></ScalarOperator></Compare></ScalarOperator></Logical></ScalarOperator></Predicate></TableScan></RelOp></Parallelism></RelOp></Hash></RelOp></Parallelism></RelOp></Bitmap></RelOp><RelOp AvgRowSize="326" EstimateCPU="24.6428" EstimateIO="0" EstimateRebinds="0" EstimateRewinds="0" EstimatedExecutionMode="Row" EstimateRows="1735950" LogicalOp="Repartition Streams" NodeId="345" Parallel="true" PhysicalOp="Parallelism" EstimatedTotalSubtreeCost="42.6792"><OutputList><ColumnReference Database="Database1" Schema="Schema1" Table="Object22" Alias="Object70" Column="Column131" /><ColumnReference Database="Database1" Schema="Schema1" Table="Object22" Alias="Object70" Column="Column46" /><ColumnReference Database="Database1" Schema="Schema1" Table="Object22" Alias="Object70" Column="Column55" /><ColumnReference Database="Database1" Schema="Schema1" Table="Object22" Alias="Object70" Column="Column51" /></OutputList><Parallelism PartitioningType="Hash"><PartitionColumns><ColumnReference Database="Database1" Schema="Schema1" Table="Object22" Alias="Object70" Column="Column46" /><ColumnReference Database="Database1" Schema="Schema1" Table="Object22" Alias="Object70" Column="Column131" /><ColumnReference Database="Database1" Schema="Schema1" Table="Object22" Alias="Object70" Column="Column51" /></PartitionColumns><RelOp AvgRowSize="326" EstimateCPU="0.954851" EstimateIO="17.0816" EstimateRebinds="0" EstimateRewinds="0" EstimatedExecutionMode="Row" EstimateRows="1735950" EstimatedRowsRead="1735950" LogicalOp="Index Scan" NodeId="346" Parallel="true" PhysicalOp="Index Scan" EstimatedTotalSubtreeCost="18.0365" TableCardinality="1735950"><OutputList><ColumnReference Database="Database1" Schema="Schema1" Table="Object22" Alias="Object70" Column="Column131" /><ColumnReference Database="Database1" Schema="Schema1" Table="Object22" Alias="Object70" Column="Column46" /><ColumnReference Database="Database1" Schema="Schema1" Table="Object22" Alias="Object70" Column="Column55" /><ColumnReference Database="Database1" Schema="Schema1" Table="Object22" Alias="Object70" Column="Column51" /></OutputList><RunTimeInformation><RunTimeCountersPerThread Thread="0" ActualRows="1735950" ActualRowsRead="1735950" Batches="0" ActualEndOfScans="1" ActualExecutions="1" ActualExecutionMode="Row" ActualElapsedms="662" ActualCPUms="632" ActualScans="1" ActualLogicalReads="23401" ActualPhysicalReads="0" ActualReadAheads="0" ActualLobLogicalReads="0" ActualLobPhysicalReads="0" ActualLobReadAheads="0" /></RunTimeInformation><IndexScan Ordered="false" ForcedIndex="false" ForceSeek="false" ForceScan="false" NoExpandHint="false" Storage="RowStore"><DefinedValues><DefinedValue><ColumnReference Database="Database1" Schema="Schema1" Table="Object22" Alias="Object70" Column="Column131" /></DefinedValue><DefinedValue><ColumnReference Database="Database1" Schema="Schema1" Table="Object22" Alias="Object70" Column="Column46" /></DefinedValue><DefinedValue><ColumnReference Database="Database1" Schema="Schema1" Table="Object22" Alias="Object70" Column="Column55" /></DefinedValue><DefinedValue><ColumnReference Database="Database1" Schema="Schema1" Table="Object22" Alias="Object70" Column="Column51" /></DefinedValue></DefinedValues><Object Database="Database1" Schema="Schema1" Table="Object22" Index="Index2" Alias="Object70" IndexKind="NonClustered" Storage="RowStore" /><Predicate><ScalarOperator ScalarString="ScalarString174"><Intrinsic FunctionName="Function7"><ScalarOperator><Identifier><ColumnReference Column="Column212" /></Identifier></ScalarOperator><ScalarOperator><Identifier><ColumnReference Database="Database1" Schema="Schema1" Table="Object22" Alias="Object70" Column="Column46" /></Identifier></ScalarOperator><ScalarOperator><Identifier><ColumnReference Database="Database1" Schema="Schema1" Table="Object22" Alias="Object70" Column="Column131" /></Identifier></ScalarOperator><ScalarOperator><Identifier><ColumnReference Database="Database1" Schema="Schema1" Table="Object22" Alias="Object70" Column="Column51" /></Identifier></ScalarOperator></Intrinsic></ScalarOperator></Predicate></IndexScan></RelOp></Parallelism></RelOp></Hash></RelOp></Parallelism></RelOp></Sort></RelOp><RelOp AvgRowSize="103" EstimateCPU="5.01737" EstimateIO="0.00563063" EstimateRebinds="0" EstimateRewinds="0" EstimatedExecutionMode="Row" EstimateRows="128792" LogicalOp="Sort" NodeId="347" Parallel="true" PhysicalOp="Sort" EstimatedTotalSubtreeCost="25.5927"><OutputList><ColumnReference Database="Database1" Schema="Schema1" Table="Object20" Alias="Object37" Column="Column46" /><ColumnReference Database="Database1" Schema="Schema1" Table="Object20" Alias="Object37" Column="Column51" /><ColumnReference Database="Database1" Schema="Schema1" Table="Object20" Alias="Object37" Column="Column53" /></OutputList><MemoryFractions Input="0.0203095" Output="0.0203095" /><RunTimeInformation><RunTimeCountersPerThread Thread="0" ActualRebinds="1" ActualRewinds="0" ActualRows="58003" Batches="0" ActualEndOfScans="0" ActualExecutions="1" ActualExecutionMode="Row" ActualElapsedms="380" ActualCPUms="307" ActualScans="0" ActualLogicalReads="0" ActualPhysicalReads="0" ActualReadAheads="0" ActualLobLogicalReads="0" ActualLobPhysicalReads="0" ActualLobReadAheads="0" InputMemoryGrant="19256" OutputMemoryGrant="18872" UsedMemoryGrant="7200" /></RunTimeInformation><Sort Distinct="false"><OrderBy><OrderByColumn Ascending="true"><ColumnReference Database="Database1" Schema="Schema1" Table="Object20" Alias="Object37" Column="Column46" /></OrderByColumn><OrderByColumn Ascending="true"><ColumnReference Database="Database1" Schema="Schema1" Table="Object20" Alias="Object37" Column="Column51" /></OrderByColumn></OrderBy><RelOp AvgRowSize="103" EstimateCPU="0.813372" EstimateIO="0" EstimateRebinds="0" EstimateRewinds="0" EstimatedExecutionMode="Row" EstimateRows="128792" LogicalOp="Repartition Streams" NodeId="348" Parallel="true" PhysicalOp="Parallelism" EstimatedTotalSubtreeCost="20.5697"><OutputList><ColumnReference Database="Database1" Schema="Schema1" Table="Object20" Alias="Object37" Column="Column46" /><ColumnReference Database="Database1" Schema="Schema1" Table="Object20" Alias="Object37" Column="Column51" /><ColumnReference Database="Database1" Schema="Schema1" Table="Object20" Alias="Object37" Column="Column53" /></OutputList><Parallelism PartitioningType="Hash"><PartitionColumns><ColumnReference Database="Database1" Schema="Schema1" Table="Object20" Alias="Object37" Column="Column46" /><ColumnReference Database="Database1" Schema="Schema1" Table="Object20" Alias="Object37" Column="Column51" /></PartitionColumns><RelOp AvgRowSize="117" EstimateCPU="0.268365" EstimateIO="19.1269" EstimateRebinds="0" EstimateRewinds="0" EstimatedExecutionMode="Row" EstimateRows="128792" EstimatedRowsRead="487865" LogicalOp="Table Scan" NodeId="349" Parallel="true" PhysicalOp="Table Scan" EstimatedTotalSubtreeCost="19.3953" TableCardinality="487865"><OutputList><ColumnReference Database="Database1" Schema="Schema1" Table="Object20" Alias="Object37" Column="Column46" /><ColumnReference Database="Database1" Schema="Schema1" Table="Object20" Alias="Object37" Column="Column51" /><ColumnReference Database="Database1" Schema="Schema1" Table="Object20" Alias="Object37" Column="Column53" /></OutputList><RunTimeInformation><RunTimeCountersPerThread Thread="0" ActualRows="60903" ActualRowsRead="487865" Batches="0" ActualEndOfScans="1" ActualExecutions="1" ActualExecutionMode="Row" ActualElapsedms="241" ActualCPUms="184" ActualScans="1" ActualLogicalReads="76019" ActualPhysicalReads="0" ActualReadAheads="0" ActualLobLogicalReads="0" ActualLobPhysicalReads="0" ActualLobReadAheads="0" /></RunTimeInformation><TableScan Ordered="false" ForcedIndex="false" ForceScan="false" NoExpandHint="false" Storage="RowStore"><DefinedValues><DefinedValue><ColumnReference Database="Database1" Schema="Schema1" Table="Object20" Alias="Object37" Column="Column46" /></DefinedValue><DefinedValue><ColumnReference Database="Database1" Schema="Schema1" Table="Object20" Alias="Object37" Column="Column51" /></DefinedValue><DefinedValue><ColumnReference Database="Database1" Schema="Schema1" Table="Object20" Alias="Object37" Column="Column53" /></DefinedValue></DefinedValues><Object Database="Database1" Schema="Schema1" Table="Object20" Alias="Object37" TableReferenceId="2" IndexKind="Heap" Storage="RowStore" /><Predicate><ScalarOperator ScalarString="ScalarString175"><Logical Operation="AND"><ScalarOperator><Compare CompareOp="EQ"><ScalarOperator><Identifier><ColumnReference Database="Database1" Schema="Schema1" Table="Object20" Alias="Object37" Column="Column219" /></Identifier></ScalarOperator><ScalarOperator><Const ConstValue="Value23" /></ScalarOperator></Compare></ScalarOperator><ScalarOperator><Compare CompareOp="EQ"><ScalarOperator><Identifier><ColumnReference Database="Database1" Schema="Schema1" Table="Object20" Alias="Object37" Column="Column131" /></Identifier></ScalarOperator><ScalarOperator><Const ConstValue="Value19" /></ScalarOperator></Compare></ScalarOperator><ScalarOperator><Compare CompareOp="EQ"><ScalarOperator><Identifier><ColumnReference Database="Database1" Schema="Schema1" Table="Object20" Alias="Object37" Column="Column220" /></Identifier></ScalarOperator><ScalarOperator><Const ConstValue="Value35" /></ScalarOperator></Compare></ScalarOperator><ScalarOperator><Compare CompareOp="NE"><ScalarOperator><Identifier><ColumnReference Database="Database1" Schema="Schema1" Table="Object20" Alias="Object37" Column="Column53" /></Identifier></ScalarOperator><ScalarOperator><Const ConstValue="Value4" /></ScalarOperator></Compare></ScalarOperator></Logical></ScalarOperator></Predicate></TableScan></RelOp></Parallelism></RelOp></Sort></RelOp></Merge></RelOp></ComputeScalar></RelOp></Parallelism></RelOp></Sort></RelOp></Parallelism></RelOp></Segment></RelOp></SequenceProject></RelOp></Segment></RelOp></SequenceProject></RelOp></ComputeScalar></RelOp></Segment></RelOp></WindowSpool></RelOp></StreamAggregate></RelOp></Segment></RelOp></SequenceProject></RelOp></ComputeScalar></RelOp></Segment></RelOp></WindowSpool></RelOp></StreamAggregate></RelOp></Segment></RelOp></SequenceProject></RelOp></ComputeScalar></RelOp></Segment></RelOp></WindowSpool></RelOp></StreamAggregate></RelOp></Parallelism></RelOp><Predicate><ScalarOperator ScalarString="ScalarString176"><Compare CompareOp="EQ"><ScalarOperator><Identifier><ColumnReference Column="Expr1125" /></Identifier></ScalarOperator><ScalarOperator><Const ConstValue="Value10" /></ScalarOperator></Compare></ScalarOperator></Predicate></Filter></RelOp></ComputeScalar></RelOp></Merge></RelOp></Parallelism></RelOp></Sort></RelOp><RelOp AvgRowSize="99" EstimateCPU="0.0285206" EstimateIO="0" EstimateRebinds="0" EstimateRewinds="0" EstimatedExecutionMode="Row" EstimateRows="1" LogicalOp="Repartition Streams" NodeId="350" Parallel="true" PhysicalOp="Parallelism" EstimatedTotalSubtreeCost="0.0635952"><OutputList><ColumnReference Database="Database1" Schema="Schema1" Table="Object13" Alias="Object54" Column="Column51" /><ColumnReference Database="Database1" Schema="Schema1" Table="Object13" Alias="Object54" Column="Column72" /><ColumnReference Database="Database1" Schema="Schema1" Table="Object13" Alias="Object54" Column="Column70" /></OutputList><Parallelism PartitioningType="Hash"><PartitionColumns><ColumnReference Database="Database1" Schema="Schema1" Table="Object13" Alias="Object54" Column="Column51" /></PartitionColumns><OrderBy><OrderByColumn Ascending="true"><ColumnReference Database="Database1" Schema="Schema1" Table="Object13" Alias="Object54" Column="Column51" /></OrderByColumn></OrderBy><RelOp AvgRowSize="113" EstimateCPU="2.09E-06" EstimateIO="0" EstimateRebinds="0" EstimateRewinds="0" EstimatedExecutionMode="Row" EstimateRows="1" LogicalOp="Inner Join" NodeId="351" Parallel="true" PhysicalOp="Nested Loops" EstimatedTotalSubtreeCost="0.0350742"><OutputList><ColumnReference Database="Database1" Schema="Schema1" Table="Object13" Alias="Object54" Column="Column51" /><ColumnReference Database="Database1" Schema="Schema1" Table="Object13" Alias="Object54" Column="Column72" /><ColumnReference Database="Database1" Schema="Schema1" Table="Object13" Alias="Object54" Column="Column70" /></OutputList><RunTimeInformation><RunTimeCountersPerThread Thread="0" ActualRows="1" Batches="0" ActualEndOfScans="1" ActualExecutions="1" ActualExecutionMode="Row" ActualElapsedms="4" ActualCPUms="0" /></RunTimeInformation><NestedLoops Optimized="false"><OuterReferences><ColumnReference Column="Column221" /></OuterReferences><RelOp AvgRowSize="49" EstimateCPU="0.0285059" EstimateIO="0" EstimateRebinds="0" EstimateRewinds="0" EstimatedExecutionMode="Row" EstimateRows="1" LogicalOp="Distribute Streams" NodeId="352" Parallel="true" PhysicalOp="Parallelism" EstimatedTotalSubtreeCost="0.031789"><OutputList><ColumnReference Column="Column221" /><ColumnReference Database="Database1" Schema="Schema1" Table="Object13" Alias="Object54" Column="Column51" /></OutputList><Parallelism PartitioningType="RoundRobin"><RelOp AvgRowSize="49" EstimateCPU="0.0001581" EstimateIO="0.003125" EstimateRebinds="0" EstimateRewinds="0" EstimatedExecutionMode="Row" EstimateRows="1" EstimatedRowsRead="1" LogicalOp="Index Scan" NodeId="353" Parallel="false" PhysicalOp="Index Scan" EstimatedTotalSubtreeCost="0.0032831" TableCardinality="1"><OutputList><ColumnReference Column="Column221" /><ColumnReference Database="Database1" Schema="Schema1" Table="Object13" Alias="Object54" Column="Column51" /></OutputList><RunTimeInformation><RunTimeCountersPerThread Thread="0" ActualRows="1" ActualRowsRead="1" Batches="0" ActualEndOfScans="1" ActualExecutions="1" ActualExecutionMode="Row" ActualElapsedms="4" ActualCPUms="0" ActualScans="1" ActualLogicalReads="2" ActualPhysicalReads="1" ActualReadAheads="0" ActualLobLogicalReads="0" ActualLobPhysicalReads="0" ActualLobReadAheads="0" /></RunTimeInformation><IndexScan Ordered="true" ScanDirection="FORWARD" ForcedIndex="false" ForceSeek="false" ForceScan="false" NoExpandHint="false" Storage="RowStore"><DefinedValues><DefinedValue><ColumnReference Column="Column221" /></DefinedValue><DefinedValue><ColumnReference Database="Database1" Schema="Schema1" Table="Object13" Alias="Object54" Column="Column51" /></DefinedValue></DefinedValues><Object Database="Database1" Schema="Schema1" Table="Object13" Index="Index9" Alias="Object54" IndexKind="NonClustered" Storage="RowStore" /></IndexScan></RelOp></Parallelism></RelOp><RelOp AvgRowSize="113" EstimateCPU="0.0001581" EstimateIO="0.003125" EstimateRebinds="0" EstimateRewinds="0" EstimatedExecutionMode="Row" EstimateRows="1" LogicalOp="RID Lookup" NodeId="355" Parallel="true" PhysicalOp="RID Lookup" EstimatedTotalSubtreeCost="0.0032831" TableCardinality="1"><OutputList><ColumnReference Database="Database1" Schema="Schema1" Table="Object13" Alias="Object54" Column="Column72" /><ColumnReference Database="Database1" Schema="Schema1" Table="Object13" Alias="Object54" Column="Column70" /></OutputList><RunTimeInformation><RunTimeCountersPerThread Thread="0" ActualRows="1" ActualRowsRead="1" Batches="0" ActualEndOfScans="0" ActualExecutions="1" ActualExecutionMode="Row" ActualElapsedms="0" ActualCPUms="0" ActualScans="0" ActualLogicalReads="1" ActualPhysicalReads="0" ActualReadAheads="0" ActualLobLogicalReads="0" ActualLobPhysicalReads="0" ActualLobReadAheads="0" /></RunTimeInformation><IndexScan Lookup="true" Ordered="true" ScanDirection="FORWARD" ForcedIndex="false" ForceSeek="false" ForceScan="false" NoExpandHint="false" Storage="RowStore"><DefinedValues><DefinedValue><ColumnReference Database="Database1" Schema="Schema1" Table="Object13" Alias="Object54" Column="Column72" /></DefinedValue><DefinedValue><ColumnReference Database="Database1" Schema="Schema1" Table="Object13" Alias="Object54" Column="Column70" /></DefinedValue></DefinedValues><Object Database="Database1" Schema="Schema1" Table="Object13" Alias="Object54" TableReferenceId="-1" IndexKind="Heap" Storage="RowStore" /><SeekPredicates><SeekPredicateNew><SeekKeys><Prefix ScanType="EQ"><RangeColumns><ColumnReference Column="Column221" /></RangeColumns><RangeExpressions><ScalarOperator ScalarString="ScalarString177"><Identifier><ColumnReference Column="Column221" /></Identifier></ScalarOperator></RangeExpressions></Prefix></SeekKeys></SeekPredicateNew></SeekPredicates><Predicate><ScalarOperator ScalarString="ScalarString178"><Logical Operation="AND"><ScalarOperator><Compare CompareOp="EQ"><ScalarOperator><Identifier><ColumnReference Database="Database1" Schema="Schema1" Table="Object13" Alias="Object54" Column="Column131" /></Identifier></ScalarOperator><ScalarOperator><Const ConstValue="Value19" /></ScalarOperator></Compare></ScalarOperator><ScalarOperator><Compare CompareOp="EQ"><ScalarOperator><Identifier><ColumnReference Database="Database1" Schema="Schema1" Table="Object13" Alias="Object54" Column="Column46" /></Identifier></ScalarOperator><ScalarOperator><Const ConstValue="Value8" /></ScalarOperator></Compare></ScalarOperator></Logical></ScalarOperator></Predicate></IndexScan></RelOp></NestedLoops></RelOp></Parallelism></RelOp></Merge></RelOp></ComputeScalar></RelOp><RelOp AvgRowSize="206" EstimateCPU="0.0291336" EstimateIO="0.00563063" EstimateRebinds="0" EstimateRewinds="0" EstimatedExecutionMode="Row" EstimateRows="3202" LogicalOp="Sort" NodeId="356" Parallel="true" PhysicalOp="Sort" EstimatedTotalSubtreeCost="0.211017"><OutputList><ColumnReference Database="Database1" Schema="Schema1" Table="Object16" Alias="Object53" Column="Column51" /><ColumnReference Database="Database1" Schema="Schema1" Table="Object16" Alias="Object53" Column="Column70" /><ColumnReference Database="Database1" Schema="Schema1" Table="Object16" Alias="Object53" Column="Column71" /></OutputList><MemoryFractions Input="0.00137946" Output="0.00137946" /><RunTimeInformation><RunTimeCountersPerThread Thread="0" ActualRebinds="1" ActualRewinds="0" ActualRows="3202" Batches="0" ActualEndOfScans="1" ActualExecutions="1" ActualExecutionMode="Row" ActualElapsedms="23" ActualCPUms="6" ActualScans="0" ActualLogicalReads="0" ActualPhysicalReads="0" ActualReadAheads="0" ActualLobLogicalReads="0" ActualLobPhysicalReads="0" ActualLobReadAheads="0" InputMemoryGrant="1784" OutputMemoryGrant="1400" UsedMemoryGrant="792" /></RunTimeInformation><Sort Distinct="false"><OrderBy><OrderByColumn Ascending="true"><ColumnReference Database="Database1" Schema="Schema1" Table="Object16" Alias="Object53" Column="Column51" /></OrderByColumn></OrderBy><RelOp AvgRowSize="206" EstimateCPU="0.0572472" EstimateIO="0" EstimateRebinds="0" EstimateRewinds="0" EstimatedExecutionMode="Row" EstimateRows="3202" LogicalOp="Repartition Streams" NodeId="357" Parallel="true" PhysicalOp="Parallelism" EstimatedTotalSubtreeCost="0.176252"><OutputList><ColumnReference Database="Database1" Schema="Schema1" Table="Object16" Alias="Object53" Column="Column51" /><ColumnReference Database="Database1" Schema="Schema1" Table="Object16" Alias="Object53" Column="Column70" /><ColumnReference Database="Database1" Schema="Schema1" Table="Object16" Alias="Object53" Column="Column71" /></OutputList><Parallelism PartitioningType="Hash"><PartitionColumns><ColumnReference Database="Database1" Schema="Schema1" Table="Object16" Alias="Object53" Column="Column51" /></PartitionColumns><RelOp AvgRowSize="220" EstimateCPU="0.00180035" EstimateIO="0.115796" EstimateRebinds="0" EstimateRewinds="0" EstimatedExecutionMode="Row" EstimateRows="3202" EstimatedRowsRead="3202" LogicalOp="Table Scan" NodeId="358" Parallel="true" PhysicalOp="Table Scan" EstimatedTotalSubtreeCost="0.117596" TableCardinality="3202"><OutputList><ColumnReference Database="Database1" Schema="Schema1" Table="Object16" Alias="Object53" Column="Column51" /><ColumnReference Database="Database1" Schema="Schema1" Table="Object16" Alias="Object53" Column="Column70" /><ColumnReference Database="Database1" Schema="Schema1" Table="Object16" Alias="Object53" Column="Column71" /></OutputList><RunTimeInformation><RunTimeCountersPerThread Thread="0" ActualRows="3202" ActualRowsRead="3202" Batches="0" ActualEndOfScans="1" ActualExecutions="1" ActualExecutionMode="Row" ActualElapsedms="2" ActualCPUms="2" ActualScans="1" ActualLogicalReads="612" ActualPhysicalReads="0" ActualReadAheads="0" ActualLobLogicalReads="0" ActualLobPhysicalReads="0" ActualLobReadAheads="0" /></RunTimeInformation><TableScan Ordered="false" ForcedIndex="false" ForceScan="false" NoExpandHint="false" Storage="RowStore"><DefinedValues><DefinedValue><ColumnReference Database="Database1" Schema="Schema1" Table="Object16" Alias="Object53" Column="Column51" /></DefinedValue><DefinedValue><ColumnReference Database="Database1" Schema="Schema1" Table="Object16" Alias="Object53" Column="Column70" /></DefinedValue><DefinedValue><ColumnReference Database="Database1" Schema="Schema1" Table="Object16" Alias="Object53" Column="Column71" /></DefinedValue></DefinedValues><Object Database="Database1" Schema="Schema1" Table="Object16" Alias="Object53" IndexKind="Heap" Storage="RowStore" /><Predicate><ScalarOperator ScalarString="ScalarString179"><Logical Operation="AND"><ScalarOperator><Compare CompareOp="EQ"><ScalarOperator><Identifier><ColumnReference Database="Database1" Schema="Schema1" Table="Object16" Alias="Object53" Column="Column131" /></Identifier></ScalarOperator><ScalarOperator><Const ConstValue="Value19" /></ScalarOperator></Compare></ScalarOperator><ScalarOperator><Compare CompareOp="EQ"><ScalarOperator><Identifier><ColumnReference Database="Database1" Schema="Schema1" Table="Object16" Alias="Object53" Column="Column46" /></Identifier></ScalarOperator><ScalarOperator><Const ConstValue="Value8" /></ScalarOperator></Compare></ScalarOperator></Logical></ScalarOperator></Predicate></TableScan></RelOp></Parallelism></RelOp></Sort></RelOp></Merge></RelOp></Sort></RelOp></ComputeScalar></RelOp><RelOp AvgRowSize="58" EstimateCPU="9.0841E-05" EstimateIO="0" EstimateRebinds="7373.84" EstimateRewinds="22.757" EstimatedExecutionMode="Row" EstimateRows="21.7323" LogicalOp="Inner Join" NodeId="359" Parallel="true" PhysicalOp="Nested Loops" EstimatedTotalSubtreeCost="38.2554"><OutputList><ColumnReference Database="Database1" Schema="Schema1" Table="Object8" Alias="Object52" Column="Column50" /></OutputList><RunTimeInformation><RunTimeCountersPerThread Thread="0" ActualRows="9563" Batches="0" ActualEndOfScans="10054" ActualExecutions="10054" ActualExecutionMode="Row" ActualElapsedms="1041" ActualCPUms="663" /></RunTimeInformation><NestedLoops Optimized="false"><OuterReferences><ColumnReference Column="Column222" /></OuterReferences><RelOp AvgRowSize="15" EstimateCPU="0.000180906" EstimateIO="0.003125" EstimateRebinds="7373.84" EstimateRewinds="22.757" EstimatedExecutionMode="Row" EstimateRows="21.7323" EstimatedRowsRead="21.7323" LogicalOp="Index Seek" NodeId="360" Parallel="true" PhysicalOp="Index Seek" EstimatedTotalSubtreeCost="2.30578" TableCardinality="4501730"><OutputList><ColumnReference Column="Column222" /></OutputList><RunTimeInformation><RunTimeCountersPerThread Thread="0" ActualRows="389856" ActualRowsRead="389856" Batches="0" ActualEndOfScans="10054" ActualExecutions="10054" ActualExecutionMode="Row" ActualElapsedms="243" ActualCPUms="218" ActualScans="10054" ActualLogicalReads="32596" ActualPhysicalReads="0" ActualReadAheads="0" ActualLobLogicalReads="0" ActualLobPhysicalReads="0" ActualLobReadAheads="0" /></RunTimeInformation><IndexScan Ordered="true" ScanDirection="FORWARD" ForcedIndex="false" ForceSeek="false" ForceScan="false" NoExpandHint="false" Storage="RowStore"><DefinedValues><DefinedValue><ColumnReference Column="Column222" /></DefinedValue></DefinedValues><Object Database="Database1" Schema="Schema1" Table="Object8" Index="Index8" Alias="Object52" IndexKind="NonClustered" Storage="RowStore" /><SeekPredicates><SeekPredicateNew><SeekKeys><Prefix ScanType="EQ"><RangeColumns><ColumnReference Database="Database1" Schema="Schema1" Table="Object8" Alias="Object52" Column="Column46" /><ColumnReference Database="Database1" Schema="Schema1" Table="Object8" Alias="Object52" Column="Column64" /></RangeColumns><RangeExpressions><ScalarOperator ScalarString="ScalarString67"><Const ConstValue="Value8" /></ScalarOperator><ScalarOperator ScalarString="ScalarString149"><Identifier><ColumnReference Database="Database1" Schema="Schema1" Table="Object8" Alias="Object49" Column="Column64" /></Identifier></ScalarOperator></RangeExpressions></Prefix></SeekKeys></SeekPredicateNew></SeekPredicates></IndexScan></RelOp><RelOp AvgRowSize="58" EstimateCPU="0.0001581" EstimateIO="0.003125" EstimateRebinds="160766" EstimateRewinds="0" EstimatedExecutionMode="Row" EstimateRows="1.08973" LogicalOp="RID Lookup" NodeId="362" Parallel="true" PhysicalOp="RID Lookup" EstimatedTotalSubtreeCost="35.2776" TableCardinality="4501730"><OutputList><ColumnReference Database="Database1" Schema="Schema1" Table="Object8" Alias="Object52" Column="Column50" /></OutputList><RunTimeInformation><RunTimeCountersPerThread Thread="0" ActualRows="9563" ActualRowsRead="389856" Batches="0" ActualEndOfScans="380293" ActualExecutions="389856" ActualExecutionMode="Row" ActualElapsedms="749" ActualCPUms="397" ActualScans="0" ActualLogicalReads="389933" ActualPhysicalReads="0" ActualReadAheads="0" ActualLobLogicalReads="0" ActualLobPhysicalReads="0" ActualLobReadAheads="0" /></RunTimeInformation><IndexScan Lookup="true" Ordered="true" ScanDirection="FORWARD" ForcedIndex="false" ForceSeek="false" ForceScan="false" NoExpandHint="false" Storage="RowStore"><DefinedValues><DefinedValue><ColumnReference Database="Database1" Schema="Schema1" Table="Object8" Alias="Object52" Column="Column50" /></DefinedValue></DefinedValues><Object Database="Database1" Schema="Schema1" Table="Object8" Alias="Object52" TableReferenceId="-1" IndexKind="Heap" Storage="RowStore" /><SeekPredicates><SeekPredicateNew><SeekKeys><Prefix ScanType="EQ"><RangeColumns><ColumnReference Column="Column222" /></RangeColumns><RangeExpressions><ScalarOperator ScalarString="ScalarString180"><Identifier><ColumnReference Column="Column222" /></Identifier></ScalarOperator></RangeExpressions></Prefix></SeekKeys></SeekPredicateNew></SeekPredicates><Predicate><ScalarOperator ScalarString="ScalarString181"><Logical Operation="AND"><ScalarOperator><Compare CompareOp="EQ"><ScalarOperator><Identifier><ColumnReference Database="Database1" Schema="Schema1" Table="Object8" Alias="Object52" Column="Column121" /></Identifier></ScalarOperator><ScalarOperator><Const ConstValue="Value36" /></ScalarOperator></Compare></ScalarOperator><ScalarOperator><Compare CompareOp="GE"><ScalarOperator><IF><Condition><ScalarOperator><Compare CompareOp="LT"><ScalarOperator><Identifier><ColumnReference Database="Database1" Schema="Schema1" Table="Object28" Alias="Object30" Column="Column48" /></Identifier></ScalarOperator><ScalarOperator><Identifier><ColumnReference Column="Column223"><ScalarOperator><Intrinsic FunctionName="Function5" /></ScalarOperator></ColumnReference></Identifier></ScalarOperator></Compare></ScalarOperator></Condition><Then><ScalarOperator><Identifier><ColumnReference Database="Database1" Schema="Schema1" Table="Object28" Alias="Object30" Column="Column48" /></Identifier></ScalarOperator></Then><Else><ScalarOperator><IF><Condition><ScalarOperator><Compare CompareOp="GT"><ScalarOperator><Identifier><ColumnReference Database="Database1" Schema="Schema1" Table="Object28" Alias="Object30" Column="Column47" /></Identifier></ScalarOperator><ScalarOperator><Identifier><ColumnReference Column="Column224"><ScalarOperator><Intrinsic FunctionName="Function5" /></ScalarOperator></ColumnReference></Identifier></ScalarOperator></Compare></ScalarOperator></Condition><Then><ScalarOperator><Identifier><ColumnReference Database="Database1" Schema="Schema1" Table="Object28" Alias="Object30" Column="Column47" /></Identifier></ScalarOperator></Then><Else><ScalarOperator><Convert DataType="datetime" Style="0" Implicit="false"><ScalarOperator><Convert DataType="date" Style="0" Implicit="false"><ScalarOperator><Identifier><ColumnReference Column="Column225"><ScalarOperator><Intrinsic FunctionName="Function5" /></ScalarOperator></ColumnReference></Identifier></ScalarOperator></Convert></ScalarOperator></Convert></ScalarOperator></Else></IF></ScalarOperator></Else></IF></ScalarOperator><ScalarOperator><Identifier><ColumnReference Database="Database1" Schema="Schema1" Table="Object8" Alias="Object52" Column="Column75" /></Identifier></ScalarOperator></Compare></ScalarOperator><ScalarOperator><Compare CompareOp="LE"><ScalarOperator><IF><Condition><ScalarOperator><Compare CompareOp="LT"><ScalarOperator><Identifier><ColumnReference Database="Database1" Schema="Schema1" Table="Object28" Alias="Object30" Column="Column48" /></Identifier></ScalarOperator><ScalarOperator><Identifier><ColumnReference Column="Column226"><ScalarOperator><Intrinsic FunctionName="Function5" /></ScalarOperator></ColumnReference></Identifier></ScalarOperator></Compare></ScalarOperator></Condition><Then><ScalarOperator><Identifier><ColumnReference Database="Database1" Schema="Schema1" Table="Object28" Alias="Object30" Column="Column48" /></Identifier></ScalarOperator></Then><Else><ScalarOperator><IF><Condition><ScalarOperator><Compare CompareOp="GT"><ScalarOperator><Identifier><ColumnReference Database="Database1" Schema="Schema1" Table="Object28" Alias="Object30" Column="Column47" /></Identifier></ScalarOperator><ScalarOperator><Identifier><ColumnReference Column="Column227"><ScalarOperator><Intrinsic FunctionName="Function5" /></ScalarOperator></ColumnReference></Identifier></ScalarOperator></Compare></ScalarOperator></Condition><Then><ScalarOperator><Identifier><ColumnReference Database="Database1" Schema="Schema1" Table="Object28" Alias="Object30" Column="Column47" /></Identifier></ScalarOperator></Then><Else><ScalarOperator><Convert DataType="datetime" Style="0" Implicit="false"><ScalarOperator><Convert DataType="date" Style="0" Implicit="false"><ScalarOperator><Identifier><ColumnReference Column="Column228"><ScalarOperator><Intrinsic FunctionName="Function5" /></ScalarOperator></ColumnReference></Identifier></ScalarOperator></Convert></ScalarOperator></Convert></ScalarOperator></Else></IF></ScalarOperator></Else></IF></ScalarOperator><ScalarOperator><Identifier><ColumnReference Database="Database1" Schema="Schema1" Table="Object8" Alias="Object52" Column="Column73" /></Identifier></ScalarOperator></Compare></ScalarOperator></Logical></ScalarOperator></Predicate></IndexScan></RelOp></NestedLoops></RelOp></NestedLoops></RelOp></ComputeScalar></RelOp><RelOp AvgRowSize="58" EstimateCPU="9.0841E-05" EstimateIO="0" EstimateRebinds="8035.5" EstimateRewinds="24.8887" EstimatedExecutionMode="Row" EstimateRows="21.7323" LogicalOp="Inner Join" NodeId="363" Parallel="true" PhysicalOp="Nested Loops" EstimatedTotalSubtreeCost="39.9155"><OutputList><ColumnReference Database="Database1" Schema="Schema1" Table="Object8" Alias="Object51" Column="Column50" /></OutputList><RunTimeInformation><RunTimeCountersPerThread Thread="0" ActualRows="1890" Batches="0" ActualEndOfScans="10058" ActualExecutions="10058" ActualExecutionMode="Row" ActualElapsedms="964" ActualCPUms="628" /></RunTimeInformation><NestedLoops Optimized="false"><OuterReferences><ColumnReference Column="Column229" /></OuterReferences><RelOp AvgRowSize="15" EstimateCPU="0.000180906" EstimateIO="0.003125" EstimateRebinds="8035.5" EstimateRewinds="24.8887" EstimatedExecutionMode="Row" EstimateRows="21.7323" EstimatedRowsRead="21.7323" LogicalOp="Index Seek" NodeId="364" Parallel="true" PhysicalOp="Index Seek" EstimatedTotalSubtreeCost="2.42586" TableCardinality="4501730"><OutputList><ColumnReference Column="Column229" /></OutputList><RunTimeInformation><RunTimeCountersPerThread Thread="0" ActualRows="390024" ActualRowsRead="390024" Batches="0" ActualEndOfScans="10058" ActualExecutions="10058" ActualExecutionMode="Row" ActualElapsedms="179" ActualCPUms="167" ActualScans="10058" ActualLogicalReads="32609" ActualPhysicalReads="0" ActualReadAheads="0" ActualLobLogicalReads="0" ActualLobPhysicalReads="0" ActualLobReadAheads="0" /></RunTimeInformation><IndexScan Ordered="true" ScanDirection="FORWARD" ForcedIndex="false" ForceSeek="false" ForceScan="false" NoExpandHint="false" Storage="RowStore"><DefinedValues><DefinedValue><ColumnReference Column="Column229" /></DefinedValue></DefinedValues><Object Database="Database1" Schema="Schema1" Table="Object8" Index="Index8" Alias="Object51" IndexKind="NonClustered" Storage="RowStore" /><SeekPredicates><SeekPredicateNew><SeekKeys><Prefix ScanType="EQ"><RangeColumns><ColumnReference Database="Database1" Schema="Schema1" Table="Object8" Alias="Object51" Column="Column46" /><ColumnReference Database="Database1" Schema="Schema1" Table="Object8" Alias="Object51" Column="Column64" /></RangeColumns><RangeExpressions><ScalarOperator ScalarString="ScalarString67"><Const ConstValue="Value8" /></ScalarOperator><ScalarOperator ScalarString="ScalarString149"><Identifier><ColumnReference Database="Database1" Schema="Schema1" Table="Object8" Alias="Object49" Column="Column64" /></Identifier></ScalarOperator></RangeExpressions></Prefix></SeekKeys></SeekPredicateNew></SeekPredicates></IndexScan></RelOp><RelOp AvgRowSize="58" EstimateCPU="0.0001581" EstimateIO="0.003125" EstimateRebinds="175191" EstimateRewinds="0" EstimatedExecutionMode="Row" EstimateRows="1" LogicalOp="RID Lookup" NodeId="366" Parallel="true" PhysicalOp="RID Lookup" EstimatedTotalSubtreeCost="36.7574" TableCardinality="4501730"><OutputList><ColumnReference Database="Database1" Schema="Schema1" Table="Object8" Alias="Object51" Column="Column50" /></OutputList><RunTimeInformation><RunTimeCountersPerThread Thread="0" ActualRows="1890" ActualRowsRead="390024" Batches="0" ActualEndOfScans="388134" ActualExecutions="390024" ActualExecutionMode="Row" ActualElapsedms="739" ActualCPUms="419" ActualScans="0" ActualLogicalReads="390102" ActualPhysicalReads="0" ActualReadAheads="0" ActualLobLogicalReads="0" ActualLobPhysicalReads="0" ActualLobReadAheads="0" /></RunTimeInformation><IndexScan Lookup="true" Ordered="true" ScanDirection="FORWARD" ForcedIndex="false" ForceSeek="false" ForceScan="false" NoExpandHint="false" Storage="RowStore"><DefinedValues><DefinedValue><ColumnReference Database="Database1" Schema="Schema1" Table="Object8" Alias="Object51" Column="Column50" /></DefinedValue></DefinedValues><Object Database="Database1" Schema="Schema1" Table="Object8" Alias="Object51" TableReferenceId="-1" IndexKind="Heap" Storage="RowStore" /><SeekPredicates><SeekPredicateNew><SeekKeys><Prefix ScanType="EQ"><RangeColumns><ColumnReference Column="Column229" /></RangeColumns><RangeExpressions><ScalarOperator ScalarString="ScalarString182"><Identifier><ColumnReference Column="Column229" /></Identifier></ScalarOperator></RangeExpressions></Prefix></SeekKeys></SeekPredicateNew></SeekPredicates><Predicate><ScalarOperator ScalarString="ScalarString183"><Logical Operation="AND"><ScalarOperator><Compare CompareOp="EQ"><ScalarOperator><Identifier><ColumnReference Database="Database1" Schema="Schema1" Table="Object8" Alias="Object51" Column="Column121" /></Identifier></ScalarOperator><ScalarOperator><Const ConstValue="Value37" /></ScalarOperator></Compare></ScalarOperator><ScalarOperator><Compare CompareOp="GE"><ScalarOperator><IF><Condition><ScalarOperator><Compare CompareOp="LT"><ScalarOperator><Identifier><ColumnReference Database="Database1" Schema="Schema1" Table="Object28" Alias="Object30" Column="Column48" /></Identifier></ScalarOperator><ScalarOperator><Identifier><ColumnReference Column="Column230"><ScalarOperator><Intrinsic FunctionName="Function5" /></ScalarOperator></ColumnReference></Identifier></ScalarOperator></Compare></ScalarOperator></Condition><Then><ScalarOperator><Identifier><ColumnReference Database="Database1" Schema="Schema1" Table="Object28" Alias="Object30" Column="Column48" /></Identifier></ScalarOperator></Then><Else><ScalarOperator><IF><Condition><ScalarOperator><Compare CompareOp="GT"><ScalarOperator><Identifier><ColumnReference Database="Database1" Schema="Schema1" Table="Object28" Alias="Object30" Column="Column47" /></Identifier></ScalarOperator><ScalarOperator><Identifier><ColumnReference Column="Column231"><ScalarOperator><Intrinsic FunctionName="Function5" /></ScalarOperator></ColumnReference></Identifier></ScalarOperator></Compare></ScalarOperator></Condition><Then><ScalarOperator><Identifier><ColumnReference Database="Database1" Schema="Schema1" Table="Object28" Alias="Object30" Column="Column47" /></Identifier></ScalarOperator></Then><Else><ScalarOperator><Convert DataType="datetime" Style="0" Implicit="false"><ScalarOperator><Convert DataType="date" Style="0" Implicit="false"><ScalarOperator><Identifier><ColumnReference Column="Column232"><ScalarOperator><Intrinsic FunctionName="Function5" /></ScalarOperator></ColumnReference></Identifier></ScalarOperator></Convert></ScalarOperator></Convert></ScalarOperator></Else></IF></ScalarOperator></Else></IF></ScalarOperator><ScalarOperator><Identifier><ColumnReference Database="Database1" Schema="Schema1" Table="Object8" Alias="Object51" Column="Column75" /></Identifier></ScalarOperator></Compare></ScalarOperator><ScalarOperator><Compare CompareOp="LE"><ScalarOperator><IF><Condition><ScalarOperator><Compare CompareOp="LT"><ScalarOperator><Identifier><ColumnReference Database="Database1" Schema="Schema1" Table="Object28" Alias="Object30" Column="Column48" /></Identifier></ScalarOperator><ScalarOperator><Identifier><ColumnReference Column="Column233"><ScalarOperator><Intrinsic FunctionName="Function5" /></ScalarOperator></ColumnReference></Identifier></ScalarOperator></Compare></ScalarOperator></Condition><Then><ScalarOperator><Identifier><ColumnReference Database="Database1" Schema="Schema1" Table="Object28" Alias="Object30" Column="Column48" /></Identifier></ScalarOperator></Then><Else><ScalarOperator><IF><Condition><ScalarOperator><Compare CompareOp="GT"><ScalarOperator><Identifier><ColumnReference Database="Database1" Schema="Schema1" Table="Object28" Alias="Object30" Column="Column47" /></Identifier></ScalarOperator><ScalarOperator><Identifier><ColumnReference Column="Column234"><ScalarOperator><Intrinsic FunctionName="Function5" /></ScalarOperator></ColumnReference></Identifier></ScalarOperator></Compare></ScalarOperator></Condition><Then><ScalarOperator><Identifier><ColumnReference Database="Database1" Schema="Schema1" Table="Object28" Alias="Object30" Column="Column47" /></Identifier></ScalarOperator></Then><Else><ScalarOperator><Convert DataType="datetime" Style="0" Implicit="false"><ScalarOperator><Convert DataType="date" Style="0" Implicit="false"><ScalarOperator><Identifier><ColumnReference Column="Column235"><ScalarOperator><Intrinsic FunctionName="Function5" /></ScalarOperator></ColumnReference></Identifier></ScalarOperator></Convert></ScalarOperator></Convert></ScalarOperator></Else></IF></ScalarOperator></Else></IF></ScalarOperator><ScalarOperator><Identifier><ColumnReference Database="Database1" Schema="Schema1" Table="Object8" Alias="Object51" Column="Column73" /></Identifier></ScalarOperator></Compare></ScalarOperator></Logical></ScalarOperator></Predicate></IndexScan></RelOp></NestedLoops></RelOp></NestedLoops></RelOp></ComputeScalar></RelOp><RelOp AvgRowSize="16" EstimateCPU="0.000159077" EstimateIO="0.003125" EstimateRebinds="3425.8" EstimateRewinds="4634.59" EstimatedExecutionMode="Row" EstimateRows="1.88796" EstimatedRowsRead="1.88796" LogicalOp="Index Seek" NodeId="367" Parallel="true" PhysicalOp="Index Seek" EstimatedTotalSubtreeCost="1.87785" TableCardinality="487865"><OutputList><ColumnReference Column="Column69" /><ColumnReference Column="Column68" /></OutputList><RunTimeInformation><RunTimeCountersPerThread Thread="0" ActualRows="10088" ActualRowsRead="10088" Batches="0" ActualEndOfScans="10069" ActualExecutions="10069" ActualExecutionMode="Row" ActualElapsedms="104" ActualCPUms="71" ActualScans="10069" ActualLogicalReads="30363" ActualPhysicalReads="0" ActualReadAheads="0" ActualLobLogicalReads="0" ActualLobPhysicalReads="0" ActualLobReadAheads="0" /></RunTimeInformation><IndexScan Ordered="true" ScanDirection="FORWARD" ForcedIndex="false" ForceSeek="false" ForceScan="false" NoExpandHint="false" Storage="RowStore"><DefinedValues><DefinedValue><ColumnReference Column="Column69" /></DefinedValue><DefinedValue><ColumnReference Column="Column68" /></DefinedValue></DefinedValues><Object Database="Database1" Schema="Schema1" Table="Object20" Index="Index10" Alias="Object37" TableReferenceId="1" IndexKind="NonClustered" Storage="RowStore" /><SeekPredicates><SeekPredicateNew><SeekKeys><Prefix ScanType="EQ"><RangeColumns><ColumnReference Database="Database1" Schema="Schema1" Table="Object20" Alias="Object37" Column="Column46" /><ColumnReference Database="Database1" Schema="Schema1" Table="Object20" Alias="Object37" Column="Column131" /><ColumnReference Database="Database1" Schema="Schema1" Table="Object20" Alias="Object37" Column="Column51" /><ColumnReference Database="Database1" Schema="Schema1" Table="Object20" Alias="Object37" Column="Column220" /></RangeColumns><RangeExpressions><ScalarOperator ScalarString="ScalarString67"><Const ConstValue="Value8" /></ScalarOperator><ScalarOperator ScalarString="ScalarString184"><Const ConstValue="Value19" /></ScalarOperator><ScalarOperator ScalarString="ScalarString185"><Identifier><ColumnReference Database="Database1" Schema="Schema1" Table="Object23" Alias="Object31" Column="Column2" /></Identifier></ScalarOperator><ScalarOperator ScalarString="ScalarString186"><Const ConstValue="Value35" /></ScalarOperator></RangeExpressions></Prefix></SeekKeys></SeekPredicateNew></SeekPredicates></IndexScan></RelOp></NestedLoops></RelOp><RelOp AvgRowSize="266" EstimateCPU="0.0001581" EstimateIO="0.003125" EstimateRebinds="21618.4" EstimateRewinds="2.3415" EstimatedExecutionMode="Row" EstimateRows="1" LogicalOp="RID Lookup" NodeId="369" Parallel="true" PhysicalOp="RID Lookup" EstimatedTotalSubtreeCost="21.3046" TableCardinality="487865"><OutputList><ColumnReference Database="Database1" Schema="Schema1" Table="Object20" Alias="Object37" Column="Column53" /></OutputList><RunTimeInformation><RunTimeCountersPerThread Thread="0" ActualRows="10088" ActualRowsRead="10088" Batches="0" ActualEndOfScans="0" ActualExecutions="10088" ActualExecutionMode="Row" ActualElapsedms="62" ActualCPUms="40" ActualScans="0" ActualLogicalReads="14629" ActualPhysicalReads="0" ActualReadAheads="0" ActualLobLogicalReads="0" ActualLobPhysicalReads="0" ActualLobReadAheads="0" /></RunTimeInformation><IndexScan Lookup="true" Ordered="true" ScanDirection="FORWARD" ForcedIndex="false" ForceSeek="false" ForceScan="false" NoExpandHint="false" Storage="RowStore"><DefinedValues><DefinedValue><ColumnReference Database="Database1" Schema="Schema1" Table="Object20" Alias="Object37" Column="Column53" /></DefinedValue></DefinedValues><Object Database="Database1" Schema="Schema1" Table="Object20" Alias="Object37" TableReferenceId="-1" IndexKind="Heap" Storage="RowStore" /><SeekPredicates><SeekPredicateNew><SeekKeys><Prefix ScanType="EQ"><RangeColumns><ColumnReference Column="Column69" /></RangeColumns><RangeExpressions><ScalarOperator ScalarString="ScalarString187"><Identifier><ColumnReference Column="Column69" /></Identifier></ScalarOperator></RangeExpressions></Prefix></SeekKeys></SeekPredicateNew></SeekPredicates></IndexScan></RelOp></NestedLoops></RelOp></Parallelism></RelOp><RelOp AvgRowSize="54" EstimateCPU="0.407192" EstimateIO="0.00563063" EstimateRebinds="0" EstimateRewinds="0" EstimatedExecutionMode="Row" EstimateRows="12983" LogicalOp="Sort" NodeId="370" Parallel="true" PhysicalOp="Sort" EstimatedTotalSubtreeCost="2.24736"><OutputList><ColumnReference Database="Database1" Schema="Schema1" Table="Object15" Alias="Object50" Column="Column51" /><ColumnReference Database="Database1" Schema="Schema1" Table="Object15" Alias="Object50" Column="Column67" /><ColumnReference Database="Database1" Schema="Schema1" Table="Object15" Alias="Object50" Column="Column65" /><ColumnReference Database="Database1" Schema="Schema1" Table="Object15" Alias="Object50" Column="Column66" /></OutputList><Warnings><SpillToTempDb SpillLevel="1" SpilledThreadCount="1" /><SortSpillDetails GrantedMemoryKb="640" UsedMemoryKb="640" WritesToTempDb="84" ReadsFromTempDb="84" /></Warnings><MemoryFractions Input="0.000144912" Output="0.000144912" /><RunTimeInformation><RunTimeCountersPerThread Thread="0" ActualRebinds="1" ActualRewinds="0" ActualRows="12983" Batches="0" ActualEndOfScans="1" ActualExecutions="1" ActualExecutionMode="Row" ActualElapsedms="99" ActualCPUms="41" ActualScans="0" ActualLogicalReads="0" ActualPhysicalReads="0" ActualReadAheads="0" ActualLobLogicalReads="0" ActualLobPhysicalReads="0" ActualLobReadAheads="0" InputMemoryGrant="640" OutputMemoryGrant="256" UsedMemoryGrant="640" /></RunTimeInformation><Sort Distinct="false"><OrderBy><OrderByColumn Ascending="true"><ColumnReference Database="Database1" Schema="Schema1" Table="Object15" Alias="Object50" Column="Column51" /></OrderByColumn><OrderByColumn Ascending="true"><ColumnReference Database="Database1" Schema="Schema1" Table="Object15" Alias="Object50" Column="Column67" /></OrderByColumn></OrderBy><RelOp AvgRowSize="54" EstimateCPU="0.0888077" EstimateIO="0" EstimateRebinds="0" EstimateRewinds="0" EstimatedExecutionMode="Row" EstimateRows="12983" LogicalOp="Repartition Streams" NodeId="371" Parallel="true" PhysicalOp="Parallelism" EstimatedTotalSubtreeCost="1.83453"><OutputList><ColumnReference Database="Database1" Schema="Schema1" Table="Object15" Alias="Object50" Column="Column51" /><ColumnReference Database="Database1" Schema="Schema1" Table="Object15" Alias="Object50" Column="Column67" /><ColumnReference Database="Database1" Schema="Schema1" Table="Object15" Alias="Object50" Column="Column65" /><ColumnReference Database="Database1" Schema="Schema1" Table="Object15" Alias="Object50" Column="Column66" /></OutputList><Parallelism PartitioningType="Hash"><PartitionColumns><ColumnReference Database="Database1" Schema="Schema1" Table="Object15" Alias="Object50" Column="Column51" /><ColumnReference Database="Database1" Schema="Schema1" Table="Object15" Alias="Object50" Column="Column67" /></PartitionColumns><RelOp AvgRowSize="68" EstimateCPU="0.0071799" EstimateIO="1.73283" EstimateRebinds="0" EstimateRewinds="0" EstimatedExecutionMode="Row" EstimateRows="12983" EstimatedRowsRead="12983" LogicalOp="Table Scan" NodeId="372" Parallel="true" PhysicalOp="Table Scan" EstimatedTotalSubtreeCost="1.74001" TableCardinality="12983"><OutputList><ColumnReference Database="Database1" Schema="Schema1" Table="Object15" Alias="Object50" Column="Column51" /><ColumnReference Database="Database1" Schema="Schema1" Table="Object15" Alias="Object50" Column="Column67" /><ColumnReference Database="Database1" Schema="Schema1" Table="Object15" Alias="Object50" Column="Column65" /><ColumnReference Database="Database1" Schema="Schema1" Table="Object15" Alias="Object50" Column="Column66" /></OutputList><RunTimeInformation><RunTimeCountersPerThread Thread="0" ActualRows="12983" ActualRowsRead="12983" Batches="0" ActualEndOfScans="1" ActualExecutions="1" ActualExecutionMode="Row" ActualElapsedms="15" ActualCPUms="8" ActualScans="1" ActualLogicalReads="2341" ActualPhysicalReads="0" ActualReadAheads="0" ActualLobLogicalReads="0" ActualLobPhysicalReads="0" ActualLobReadAheads="0" /></RunTimeInformation><TableScan Ordered="false" ForcedIndex="false" ForceScan="false" NoExpandHint="false" Storage="RowStore"><DefinedValues><DefinedValue><ColumnReference Database="Database1" Schema="Schema1" Table="Object15" Alias="Object50" Column="Column51" /></DefinedValue><DefinedValue><ColumnReference Database="Database1" Schema="Schema1" Table="Object15" Alias="Object50" Column="Column67" /></DefinedValue><DefinedValue><ColumnReference Database="Database1" Schema="Schema1" Table="Object15" Alias="Object50" Column="Column65" /></DefinedValue><DefinedValue><ColumnReference Database="Database1" Schema="Schema1" Table="Object15" Alias="Object50" Column="Column66" /></DefinedValue></DefinedValues><Object Database="Database1" Schema="Schema1" Table="Object15" Alias="Object50" IndexKind="Heap" Storage="RowStore" /><Predicate><ScalarOperator ScalarString="ScalarString188"><Logical Operation="AND"><ScalarOperator><Compare CompareOp="EQ"><ScalarOperator><Identifier><ColumnReference Database="Database1" Schema="Schema1" Table="Object15" Alias="Object50" Column="Column131" /></Identifier></ScalarOperator><ScalarOperator><Const ConstValue="Value19" /></ScalarOperator></Compare></ScalarOperator><ScalarOperator><Compare CompareOp="EQ"><ScalarOperator><Identifier><ColumnReference Database="Database1" Schema="Schema1" Table="Object15" Alias="Object50" Column="Column46" /></Identifier></ScalarOperator><ScalarOperator><Const ConstValue="Value8" /></ScalarOperator></Compare></ScalarOperator></Logical></ScalarOperator></Predicate></TableScan></RelOp></Parallelism></RelOp></Sort></RelOp></Merge></RelOp></ComputeScalar></RelOp><RelOp AvgRowSize="58" EstimateCPU="9.0841E-05" EstimateIO="0" EstimateRebinds="21552.3" EstimateRewinds="68.4371" EstimatedExecutionMode="Row" EstimateRows="21.7323" LogicalOp="Inner Join" NodeId="373" Parallel="true" PhysicalOp="Nested Loops" EstimatedTotalSubtreeCost="84.5393"><OutputList><ColumnReference Database="Database1" Schema="Schema1" Table="Object8" Alias="Object38" Column="Column50" /></OutputList><RunTimeInformation><RunTimeCountersPerThread Thread="0" ActualRows="10092" Batches="0" ActualEndOfScans="10093" ActualExecutions="10093" ActualExecutionMode="Row" ActualElapsedms="958" ActualCPUms="600" /></RunTimeInformation><NestedLoops Optimized="false"><OuterReferences><ColumnReference Column="Column236" /></OuterReferences><RelOp AvgRowSize="15" EstimateCPU="0.000180906" EstimateIO="0.003125" EstimateRebinds="21552.3" EstimateRewinds="68.4371" EstimatedExecutionMode="Row" EstimateRows="21.7323" EstimatedRowsRead="21.7323" LogicalOp="Index Seek" NodeId="374" Parallel="true" PhysicalOp="Index Seek" EstimatedTotalSubtreeCost="4.87901" TableCardinality="4501730"><OutputList><ColumnReference Column="Column236" /></OutputList><RunTimeInformation><RunTimeCountersPerThread Thread="0" ActualRows="391389" ActualRowsRead="391389" Batches="0" ActualEndOfScans="10093" ActualExecutions="10093" ActualExecutionMode="Row" ActualElapsedms="191" ActualCPUms="171" ActualScans="10093" ActualLogicalReads="32723" ActualPhysicalReads="0" ActualReadAheads="0" ActualLobLogicalReads="0" ActualLobPhysicalReads="0" ActualLobReadAheads="0" /></RunTimeInformation><IndexScan Ordered="true" ScanDirection="FORWARD" ForcedIndex="false" ForceSeek="false" ForceScan="false" NoExpandHint="false" Storage="RowStore"><DefinedValues><DefinedValue><ColumnReference Column="Column236" /></DefinedValue></DefinedValues><Object Database="Database1" Schema="Schema1" Table="Object8" Index="Index8" Alias="Object38" IndexKind="NonClustered" Storage="RowStore" /><SeekPredicates><SeekPredicateNew><SeekKeys><Prefix ScanType="EQ"><RangeColumns><ColumnReference Database="Database1" Schema="Schema1" Table="Object8" Alias="Object38" Column="Column46" /><ColumnReference Database="Database1" Schema="Schema1" Table="Object8" Alias="Object38" Column="Column64" /></RangeColumns><RangeExpressions><ScalarOperator ScalarString="ScalarString67"><Const ConstValue="Value8" /></ScalarOperator><ScalarOperator ScalarString="ScalarString149"><Identifier><ColumnReference Database="Database1" Schema="Schema1" Table="Object8" Alias="Object49" Column="Column64" /></Identifier></ScalarOperator></RangeExpressions></Prefix></SeekKeys></SeekPredicateNew></SeekPredicates></IndexScan></RelOp><RelOp AvgRowSize="58" EstimateCPU="0.0001581" EstimateIO="0.003125" EstimateRebinds="469889" EstimateRewinds="0" EstimatedExecutionMode="Row" EstimateRows="1" LogicalOp="RID Lookup" NodeId="376" Parallel="true" PhysicalOp="RID Lookup" EstimatedTotalSubtreeCost="77.6962" TableCardinality="4501730"><OutputList><ColumnReference Database="Database1" Schema="Schema1" Table="Object8" Alias="Object38" Column="Column50" /></OutputList><RunTimeInformation><RunTimeCountersPerThread Thread="0" ActualRows="10092" ActualRowsRead="391389" Batches="0" ActualEndOfScans="381297" ActualExecutions="391389" ActualExecutionMode="Row" ActualElapsedms="719" ActualCPUms="379" ActualScans="0" ActualLogicalReads="391470" ActualPhysicalReads="0" ActualReadAheads="0" ActualLobLogicalReads="0" ActualLobPhysicalReads="0" ActualLobReadAheads="0" /></RunTimeInformation><IndexScan Lookup="true" Ordered="true" ScanDirection="FORWARD" ForcedIndex="false" ForceSeek="false" ForceScan="false" NoExpandHint="false" Storage="RowStore"><DefinedValues><DefinedValue><ColumnReference Database="Database1" Schema="Schema1" Table="Object8" Alias="Object38" Column="Column50" /></DefinedValue></DefinedValues><Object Database="Database1" Schema="Schema1" Table="Object8" Alias="Object38" TableReferenceId="-1" IndexKind="Heap" Storage="RowStore" /><SeekPredicates><SeekPredicateNew><SeekKeys><Prefix ScanType="EQ"><RangeColumns><ColumnReference Column="Column236" /></RangeColumns><RangeExpressions><ScalarOperator ScalarString="ScalarString189"><Identifier><ColumnReference Column="Column236" /></Identifier></ScalarOperator></RangeExpressions></Prefix></SeekKeys></SeekPredicateNew></SeekPredicates><Predicate><ScalarOperator ScalarString="ScalarString190"><Logical Operation="AND"><ScalarOperator><Compare CompareOp="EQ"><ScalarOperator><Identifier><ColumnReference Database="Database1" Schema="Schema1" Table="Object8" Alias="Object38" Column="Column121" /></Identifier></ScalarOperator><ScalarOperator><Const ConstValue="Value38" /></ScalarOperator></Compare></ScalarOperator><ScalarOperator><Compare CompareOp="GE"><ScalarOperator><IF><Condition><ScalarOperator><Compare CompareOp="LT"><ScalarOperator><Identifier><ColumnReference Database="Database1" Schema="Schema1" Table="Object28" Alias="Object30" Column="Column48" /></Identifier></ScalarOperator><ScalarOperator><Identifier><ColumnReference Column="Column237"><ScalarOperator><Intrinsic FunctionName="Function5" /></ScalarOperator></ColumnReference></Identifier></ScalarOperator></Compare></ScalarOperator></Condition><Then><ScalarOperator><Identifier><ColumnReference Database="Database1" Schema="Schema1" Table="Object28" Alias="Object30" Column="Column48" /></Identifier></ScalarOperator></Then><Else><ScalarOperator><IF><Condition><ScalarOperator><Compare CompareOp="GT"><ScalarOperator><Identifier><ColumnReference Database="Database1" Schema="Schema1" Table="Object28" Alias="Object30" Column="Column47" /></Identifier></ScalarOperator><ScalarOperator><Identifier><ColumnReference Column="Column238"><ScalarOperator><Intrinsic FunctionName="Function5" /></ScalarOperator></ColumnReference></Identifier></ScalarOperator></Compare></ScalarOperator></Condition><Then><ScalarOperator><Identifier><ColumnReference Database="Database1" Schema="Schema1" Table="Object28" Alias="Object30" Column="Column47" /></Identifier></ScalarOperator></Then><Else><ScalarOperator><Convert DataType="datetime" Style="0" Implicit="false"><ScalarOperator><Convert DataType="date" Style="0" Implicit="false"><ScalarOperator><Identifier><ColumnReference Column="Column239"><ScalarOperator><Intrinsic FunctionName="Function5" /></ScalarOperator></ColumnReference></Identifier></ScalarOperator></Convert></ScalarOperator></Convert></ScalarOperator></Else></IF></ScalarOperator></Else></IF></ScalarOperator><ScalarOperator><Identifier><ColumnReference Database="Database1" Schema="Schema1" Table="Object8" Alias="Object38" Column="Column75" /></Identifier></ScalarOperator></Compare></ScalarOperator><ScalarOperator><Compare CompareOp="LE"><ScalarOperator><IF><Condition><ScalarOperator><Compare CompareOp="LT"><ScalarOperator><Identifier><ColumnReference Database="Database1" Schema="Schema1" Table="Object28" Alias="Object30" Column="Column48" /></Identifier></ScalarOperator><ScalarOperator><Identifier><ColumnReference Column="Column240"><ScalarOperator><Intrinsic FunctionName="Function5" /></ScalarOperator></ColumnReference></Identifier></ScalarOperator></Compare></ScalarOperator></Condition><Then><ScalarOperator><Identifier><ColumnReference Database="Database1" Schema="Schema1" Table="Object28" Alias="Object30" Column="Column48" /></Identifier></ScalarOperator></Then><Else><ScalarOperator><IF><Condition><ScalarOperator><Compare CompareOp="GT"><ScalarOperator><Identifier><ColumnReference Database="Database1" Schema="Schema1" Table="Object28" Alias="Object30" Column="Column47" /></Identifier></ScalarOperator><ScalarOperator><Identifier><ColumnReference Column="Column241"><ScalarOperator><Intrinsic FunctionName="Function5" /></ScalarOperator></ColumnReference></Identifier></ScalarOperator></Compare></ScalarOperator></Condition><Then><ScalarOperator><Identifier><ColumnReference Database="Database1" Schema="Schema1" Table="Object28" Alias="Object30" Column="Column47" /></Identifier></ScalarOperator></Then><Else><ScalarOperator><Convert DataType="datetime" Style="0" Implicit="false"><ScalarOperator><Convert DataType="date" Style="0" Implicit="false"><ScalarOperator><Identifier><ColumnReference Column="Column242"><ScalarOperator><Intrinsic FunctionName="Function5" /></ScalarOperator></ColumnReference></Identifier></ScalarOperator></Convert></ScalarOperator></Convert></ScalarOperator></Else></IF></ScalarOperator></Else></IF></ScalarOperator><ScalarOperator><Identifier><ColumnReference Database="Database1" Schema="Schema1" Table="Object8" Alias="Object38" Column="Column73" /></Identifier></ScalarOperator></Compare></ScalarOperator></Logical></ScalarOperator></Predicate></IndexScan></RelOp></NestedLoops></RelOp></NestedLoops></RelOp><RelOp AvgRowSize="58" EstimateCPU="9.0841E-05" EstimateIO="0" EstimateRebinds="21552.3" EstimateRewinds="68.4371" EstimatedExecutionMode="Row" EstimateRows="21.7323" LogicalOp="Inner Join" NodeId="377" Parallel="true" PhysicalOp="Nested Loops" EstimatedTotalSubtreeCost="84.5393"><OutputList><ColumnReference Database="Database1" Schema="Schema1" Table="Object8" Alias="Object39" Column="Column50" /></OutputList><RunTimeInformation><RunTimeCountersPerThread Thread="0" ActualRows="10089" Batches="0" ActualEndOfScans="10093" ActualExecutions="10093" ActualExecutionMode="Row" ActualElapsedms="916" ActualCPUms="606" /></RunTimeInformation><NestedLoops Optimized="false"><OuterReferences><ColumnReference Column="Column243" /></OuterReferences><RelOp AvgRowSize="15" EstimateCPU="0.000180906" EstimateIO="0.003125" EstimateRebinds="21552.3" EstimateRewinds="68.4371" EstimatedExecutionMode="Row" EstimateRows="21.7323" EstimatedRowsRead="21.7323" LogicalOp="Index Seek" NodeId="378" Parallel="true" PhysicalOp="Index Seek" EstimatedTotalSubtreeCost="4.87901" TableCardinality="4501730"><OutputList><ColumnReference Column="Column243" /></OutputList><RunTimeInformation><RunTimeCountersPerThread Thread="0" ActualRows="391389" ActualRowsRead="391389" Batches="0" ActualEndOfScans="10093" ActualExecutions="10093" ActualExecutionMode="Row" ActualElapsedms="179" ActualCPUms="166" ActualScans="10093" ActualLogicalReads="32723" ActualPhysicalReads="0" ActualReadAheads="0" ActualLobLogicalReads="0" ActualLobPhysicalReads="0" ActualLobReadAheads="0" /></RunTimeInformation><IndexScan Ordered="true" ScanDirection="FORWARD" ForcedIndex="false" ForceSeek="false" ForceScan="false" NoExpandHint="false" Storage="RowStore"><DefinedValues><DefinedValue><ColumnReference Column="Column243" /></DefinedValue></DefinedValues><Object Database="Database1" Schema="Schema1" Table="Object8" Index="Index8" Alias="Object39" IndexKind="NonClustered" Storage="RowStore" /><SeekPredicates><SeekPredicateNew><SeekKeys><Prefix ScanType="EQ"><RangeColumns><ColumnReference Database="Database1" Schema="Schema1" Table="Object8" Alias="Object39" Column="Column46" /><ColumnReference Database="Database1" Schema="Schema1" Table="Object8" Alias="Object39" Column="Column64" /></RangeColumns><RangeExpressions><ScalarOperator ScalarString="ScalarString67"><Const ConstValue="Value8" /></ScalarOperator><ScalarOperator ScalarString="ScalarString149"><Identifier><ColumnReference Database="Database1" Schema="Schema1" Table="Object8" Alias="Object49" Column="Column64" /></Identifier></ScalarOperator></RangeExpressions></Prefix></SeekKeys></SeekPredicateNew></SeekPredicates></IndexScan></RelOp><RelOp AvgRowSize="58" EstimateCPU="0.0001581" EstimateIO="0.003125" EstimateRebinds="469889" EstimateRewinds="0" EstimatedExecutionMode="Row" EstimateRows="1" LogicalOp="RID Lookup" NodeId="380" Parallel="true" PhysicalOp="RID Lookup" EstimatedTotalSubtreeCost="77.6962" TableCardinality="4501730"><OutputList><ColumnReference Database="Database1" Schema="Schema1" Table="Object8" Alias="Object39" Column="Column50" /></OutputList><RunTimeInformation><RunTimeCountersPerThread Thread="0" ActualRows="10089" ActualRowsRead="391389" Batches="0" ActualEndOfScans="381300" ActualExecutions="391389" ActualExecutionMode="Row" ActualElapsedms="687" ActualCPUms="390" ActualScans="0" ActualLogicalReads="391470" ActualPhysicalReads="0" ActualReadAheads="0" ActualLobLogicalReads="0" ActualLobPhysicalReads="0" ActualLobReadAheads="0" /></RunTimeInformation><IndexScan Lookup="true" Ordered="true" ScanDirection="FORWARD" ForcedIndex="false" ForceSeek="false" ForceScan="false" NoExpandHint="false" Storage="RowStore"><DefinedValues><DefinedValue><ColumnReference Database="Database1" Schema="Schema1" Table="Object8" Alias="Object39" Column="Column50" /></DefinedValue></DefinedValues><Object Database="Database1" Schema="Schema1" Table="Object8" Alias="Object39" TableReferenceId="-1" IndexKind="Heap" Storage="RowStore" /><SeekPredicates><SeekPredicateNew><SeekKeys><Prefix ScanType="EQ"><RangeColumns><ColumnReference Column="Column243" /></RangeColumns><RangeExpressions><ScalarOperator ScalarString="ScalarString191"><Identifier><ColumnReference Column="Column243" /></Identifier></ScalarOperator></RangeExpressions></Prefix></SeekKeys></SeekPredicateNew></SeekPredicates><Predicate><ScalarOperator ScalarString="ScalarString192"><Logical Operation="AND"><ScalarOperator><Compare CompareOp="EQ"><ScalarOperator><Identifier><ColumnReference Database="Database1" Schema="Schema1" Table="Object8" Alias="Object39" Column="Column121" /></Identifier></ScalarOperator><ScalarOperator><Const ConstValue="Value39" /></ScalarOperator></Compare></ScalarOperator><ScalarOperator><Compare CompareOp="GE"><ScalarOperator><IF><Condition><ScalarOperator><Compare CompareOp="LT"><ScalarOperator><Identifier><ColumnReference Database="Database1" Schema="Schema1" Table="Object28" Alias="Object30" Column="Column48" /></Identifier></ScalarOperator><ScalarOperator><Identifier><ColumnReference Column="Column244"><ScalarOperator><Intrinsic FunctionName="Function5" /></ScalarOperator></ColumnReference></Identifier></ScalarOperator></Compare></ScalarOperator></Condition><Then><ScalarOperator><Identifier><ColumnReference Database="Database1" Schema="Schema1" Table="Object28" Alias="Object30" Column="Column48" /></Identifier></ScalarOperator></Then><Else><ScalarOperator><IF><Condition><ScalarOperator><Compare CompareOp="GT"><ScalarOperator><Identifier><ColumnReference Database="Database1" Schema="Schema1" Table="Object28" Alias="Object30" Column="Column47" /></Identifier></ScalarOperator><ScalarOperator><Identifier><ColumnReference Column="Column245"><ScalarOperator><Intrinsic FunctionName="Function5" /></ScalarOperator></ColumnReference></Identifier></ScalarOperator></Compare></ScalarOperator></Condition><Then><ScalarOperator><Identifier><ColumnReference Database="Database1" Schema="Schema1" Table="Object28" Alias="Object30" Column="Column47" /></Identifier></ScalarOperator></Then><Else><ScalarOperator><Convert DataType="datetime" Style="0" Implicit="false"><ScalarOperator><Convert DataType="date" Style="0" Implicit="false"><ScalarOperator><Identifier><ColumnReference Column="Column246"><ScalarOperator><Intrinsic FunctionName="Function5" /></ScalarOperator></ColumnReference></Identifier></ScalarOperator></Convert></ScalarOperator></Convert></ScalarOperator></Else></IF></ScalarOperator></Else></IF></ScalarOperator><ScalarOperator><Identifier><ColumnReference Database="Database1" Schema="Schema1" Table="Object8" Alias="Object39" Column="Column75" /></Identifier></ScalarOperator></Compare></ScalarOperator><ScalarOperator><Compare CompareOp="LE"><ScalarOperator><IF><Condition><ScalarOperator><Compare CompareOp="LT"><ScalarOperator><Identifier><ColumnReference Database="Database1" Schema="Schema1" Table="Object28" Alias="Object30" Column="Column48" /></Identifier></ScalarOperator><ScalarOperator><Identifier><ColumnReference Column="Column247"><ScalarOperator><Intrinsic FunctionName="Function5" /></ScalarOperator></ColumnReference></Identifier></ScalarOperator></Compare></ScalarOperator></Condition><Then><ScalarOperator><Identifier><ColumnReference Database="Database1" Schema="Schema1" Table="Object28" Alias="Object30" Column="Column48" /></Identifier></ScalarOperator></Then><Else><ScalarOperator><IF><Condition><ScalarOperator><Compare CompareOp="GT"><ScalarOperator><Identifier><ColumnReference Database="Database1" Schema="Schema1" Table="Object28" Alias="Object30" Column="Column47" /></Identifier></ScalarOperator><ScalarOperator><Identifier><ColumnReference Column="Column248"><ScalarOperator><Intrinsic FunctionName="Function5" /></ScalarOperator></ColumnReference></Identifier></ScalarOperator></Compare></ScalarOperator></Condition><Then><ScalarOperator><Identifier><ColumnReference Database="Database1" Schema="Schema1" Table="Object28" Alias="Object30" Column="Column47" /></Identifier></ScalarOperator></Then><Else><ScalarOperator><Convert DataType="datetime" Style="0" Implicit="false"><ScalarOperator><Convert DataType="date" Style="0" Implicit="false"><ScalarOperator><Identifier><ColumnReference Column="Column249"><ScalarOperator><Intrinsic FunctionName="Function5" /></ScalarOperator></ColumnReference></Identifier></ScalarOperator></Convert></ScalarOperator></Convert></ScalarOperator></Else></IF></ScalarOperator></Else></IF></ScalarOperator><ScalarOperator><Identifier><ColumnReference Database="Database1" Schema="Schema1" Table="Object8" Alias="Object39" Column="Column73" /></Identifier></ScalarOperator></Compare></ScalarOperator></Logical></ScalarOperator></Predicate></IndexScan></RelOp></NestedLoops></RelOp></NestedLoops></RelOp><RelOp AvgRowSize="58" EstimateCPU="9.0841E-05" EstimateIO="0" EstimateRebinds="21552.3" EstimateRewinds="68.4371" EstimatedExecutionMode="Row" EstimateRows="21.7323" LogicalOp="Inner Join" NodeId="381" Parallel="true" PhysicalOp="Nested Loops" EstimatedTotalSubtreeCost="84.5393"><OutputList><ColumnReference Database="Database1" Schema="Schema1" Table="Object8" Alias="Object40" Column="Column50" /></OutputList><RunTimeInformation><RunTimeCountersPerThread Thread="0" ActualRows="10082" Batches="0" ActualEndOfScans="10093" ActualExecutions="10093" ActualExecutionMode="Row" ActualElapsedms="1084" ActualCPUms="668" /></RunTimeInformation><NestedLoops Optimized="false"><OuterReferences><ColumnReference Column="Column250" /></OuterReferences><RelOp AvgRowSize="15" EstimateCPU="0.000180906" EstimateIO="0.003125" EstimateRebinds="21552.3" EstimateRewinds="68.4371" EstimatedExecutionMode="Row" EstimateRows="21.7323" EstimatedRowsRead="21.7323" LogicalOp="Index Seek" NodeId="382" Parallel="true" PhysicalOp="Index Seek" EstimatedTotalSubtreeCost="4.87901" TableCardinality="4501730"><OutputList><ColumnReference Column="Column250" /></OutputList><RunTimeInformation><RunTimeCountersPerThread Thread="0" ActualRows="391389" ActualRowsRead="391389" Batches="0" ActualEndOfScans="10093" ActualExecutions="10093" ActualExecutionMode="Row" ActualElapsedms="206" ActualCPUms="183" ActualScans="10093" ActualLogicalReads="32723" ActualPhysicalReads="0" ActualReadAheads="0" ActualLobLogicalReads="0" ActualLobPhysicalReads="0" ActualLobReadAheads="0" /></RunTimeInformation><IndexScan Ordered="true" ScanDirection="FORWARD" ForcedIndex="false" ForceSeek="false" ForceScan="false" NoExpandHint="false" Storage="RowStore"><DefinedValues><DefinedValue><ColumnReference Column="Column250" /></DefinedValue></DefinedValues><Object Database="Database1" Schema="Schema1" Table="Object8" Index="Index8" Alias="Object40" IndexKind="NonClustered" Storage="RowStore" /><SeekPredicates><SeekPredicateNew><SeekKeys><Prefix ScanType="EQ"><RangeColumns><ColumnReference Database="Database1" Schema="Schema1" Table="Object8" Alias="Object40" Column="Column46" /><ColumnReference Database="Database1" Schema="Schema1" Table="Object8" Alias="Object40" Column="Column64" /></RangeColumns><RangeExpressions><ScalarOperator ScalarString="ScalarString67"><Const ConstValue="Value8" /></ScalarOperator><ScalarOperator ScalarString="ScalarString149"><Identifier><ColumnReference Database="Database1" Schema="Schema1" Table="Object8" Alias="Object49" Column="Column64" /></Identifier></ScalarOperator></RangeExpressions></Prefix></SeekKeys></SeekPredicateNew></SeekPredicates></IndexScan></RelOp><RelOp AvgRowSize="58" EstimateCPU="0.0001581" EstimateIO="0.003125" EstimateRebinds="469889" EstimateRewinds="0" EstimatedExecutionMode="Row" EstimateRows="1" LogicalOp="RID Lookup" NodeId="384" Parallel="true" PhysicalOp="RID Lookup" EstimatedTotalSubtreeCost="77.6962" TableCardinality="4501730"><OutputList><ColumnReference Database="Database1" Schema="Schema1" Table="Object8" Alias="Object40" Column="Column50" /></OutputList><RunTimeInformation><RunTimeCountersPerThread Thread="0" ActualRows="10082" ActualRowsRead="391389" Batches="0" ActualEndOfScans="381307" ActualExecutions="391389" ActualExecutionMode="Row" ActualElapsedms="812" ActualCPUms="432" ActualScans="0" ActualLogicalReads="391470" ActualPhysicalReads="0" ActualReadAheads="0" ActualLobLogicalReads="0" ActualLobPhysicalReads="0" ActualLobReadAheads="0" /></RunTimeInformation><IndexScan Lookup="true" Ordered="true" ScanDirection="FORWARD" ForcedIndex="false" ForceSeek="false" ForceScan="false" NoExpandHint="false" Storage="RowStore"><DefinedValues><DefinedValue><ColumnReference Database="Database1" Schema="Schema1" Table="Object8" Alias="Object40" Column="Column50" /></DefinedValue></DefinedValues><Object Database="Database1" Schema="Schema1" Table="Object8" Alias="Object40" TableReferenceId="-1" IndexKind="Heap" Storage="RowStore" /><SeekPredicates><SeekPredicateNew><SeekKeys><Prefix ScanType="EQ"><RangeColumns><ColumnReference Column="Column250" /></RangeColumns><RangeExpressions><ScalarOperator ScalarString="ScalarString193"><Identifier><ColumnReference Column="Column250" /></Identifier></ScalarOperator></RangeExpressions></Prefix></SeekKeys></SeekPredicateNew></SeekPredicates><Predicate><ScalarOperator ScalarString="ScalarString194"><Logical Operation="AND"><ScalarOperator><Compare CompareOp="EQ"><ScalarOperator><Identifier><ColumnReference Database="Database1" Schema="Schema1" Table="Object8" Alias="Object40" Column="Column121" /></Identifier></ScalarOperator><ScalarOperator><Const ConstValue="Value40" /></ScalarOperator></Compare></ScalarOperator><ScalarOperator><Compare CompareOp="GE"><ScalarOperator><IF><Condition><ScalarOperator><Compare CompareOp="LT"><ScalarOperator><Identifier><ColumnReference Database="Database1" Schema="Schema1" Table="Object28" Alias="Object30" Column="Column48" /></Identifier></ScalarOperator><ScalarOperator><Identifier><ColumnReference Column="Column251"><ScalarOperator><Intrinsic FunctionName="Function5" /></ScalarOperator></ColumnReference></Identifier></ScalarOperator></Compare></ScalarOperator></Condition><Then><ScalarOperator><Identifier><ColumnReference Database="Database1" Schema="Schema1" Table="Object28" Alias="Object30" Column="Column48" /></Identifier></ScalarOperator></Then><Else><ScalarOperator><IF><Condition><ScalarOperator><Compare CompareOp="GT"><ScalarOperator><Identifier><ColumnReference Database="Database1" Schema="Schema1" Table="Object28" Alias="Object30" Column="Column47" /></Identifier></ScalarOperator><ScalarOperator><Identifier><ColumnReference Column="Column252"><ScalarOperator><Intrinsic FunctionName="Function5" /></ScalarOperator></ColumnReference></Identifier></ScalarOperator></Compare></ScalarOperator></Condition><Then><ScalarOperator><Identifier><ColumnReference Database="Database1" Schema="Schema1" Table="Object28" Alias="Object30" Column="Column47" /></Identifier></ScalarOperator></Then><Else><ScalarOperator><Convert DataType="datetime" Style="0" Implicit="false"><ScalarOperator><Convert DataType="date" Style="0" Implicit="false"><ScalarOperator><Identifier><ColumnReference Column="Column253"><ScalarOperator><Intrinsic FunctionName="Function5" /></ScalarOperator></ColumnReference></Identifier></ScalarOperator></Convert></ScalarOperator></Convert></ScalarOperator></Else></IF></ScalarOperator></Else></IF></ScalarOperator><ScalarOperator><Identifier><ColumnReference Database="Database1" Schema="Schema1" Table="Object8" Alias="Object40" Column="Column75" /></Identifier></ScalarOperator></Compare></ScalarOperator><ScalarOperator><Compare CompareOp="LE"><ScalarOperator><IF><Condition><ScalarOperator><Compare CompareOp="LT"><ScalarOperator><Identifier><ColumnReference Database="Database1" Schema="Schema1" Table="Object28" Alias="Object30" Column="Column48" /></Identifier></ScalarOperator><ScalarOperator><Identifier><ColumnReference Column="Column254"><ScalarOperator><Intrinsic FunctionName="Function5" /></ScalarOperator></ColumnReference></Identifier></ScalarOperator></Compare></ScalarOperator></Condition><Then><ScalarOperator><Identifier><ColumnReference Database="Database1" Schema="Schema1" Table="Object28" Alias="Object30" Column="Column48" /></Identifier></ScalarOperator></Then><Else><ScalarOperator><IF><Condition><ScalarOperator><Compare CompareOp="GT"><ScalarOperator><Identifier><ColumnReference Database="Database1" Schema="Schema1" Table="Object28" Alias="Object30" Column="Column47" /></Identifier></ScalarOperator><ScalarOperator><Identifier><ColumnReference Column="Column255"><ScalarOperator><Intrinsic FunctionName="Function5" /></ScalarOperator></ColumnReference></Identifier></ScalarOperator></Compare></ScalarOperator></Condition><Then><ScalarOperator><Identifier><ColumnReference Database="Database1" Schema="Schema1" Table="Object28" Alias="Object30" Column="Column47" /></Identifier></ScalarOperator></Then><Else><ScalarOperator><Convert DataType="datetime" Style="0" Implicit="false"><ScalarOperator><Convert DataType="date" Style="0" Implicit="false"><ScalarOperator><Identifier><ColumnReference Column="Column256"><ScalarOperator><Intrinsic FunctionName="Function5" /></ScalarOperator></ColumnReference></Identifier></ScalarOperator></Convert></ScalarOperator></Convert></ScalarOperator></Else></IF></ScalarOperator></Else></IF></ScalarOperator><ScalarOperator><Identifier><ColumnReference Database="Database1" Schema="Schema1" Table="Object8" Alias="Object40" Column="Column73" /></Identifier></ScalarOperator></Compare></ScalarOperator></Logical></ScalarOperator></Predicate></IndexScan></RelOp></NestedLoops></RelOp></NestedLoops></RelOp></Parallelism></RelOp><RelOp AvgRowSize="35" EstimateCPU="0.154668" EstimateIO="0.00563063" EstimateRebinds="0" EstimateRewinds="0" EstimatedExecutionMode="Row" EstimateRows="7655" LogicalOp="Sort" NodeId="385" Parallel="true" PhysicalOp="Sort" EstimatedTotalSubtreeCost="0.993188"><OutputList><ColumnReference Database="Database1" Schema="Schema1" Table="Object26" Alias="Object48" Column="Column51" /><ColumnReference Database="Database1" Schema="Schema1" Table="Object26" Alias="Object48" Column="Column63" /></OutputList><Warnings><SpillToTempDb SpillLevel="1" SpilledThreadCount="1" /><SortSpillDetails GrantedMemoryKb="576" UsedMemoryKb="576" WritesToTempDb="31" ReadsFromTempDb="31" /></Warnings><MemoryFractions Input="7.10071E-05" Output="7.10071E-05" /><RunTimeInformation><RunTimeCountersPerThread Thread="0" ActualRebinds="1" ActualRewinds="0" ActualRows="7655" Batches="0" ActualEndOfScans="1" ActualExecutions="1" ActualExecutionMode="Row" ActualElapsedms="42" ActualCPUms="17" ActualScans="0" ActualLogicalReads="0" ActualPhysicalReads="0" ActualReadAheads="0" ActualLobLogicalReads="0" ActualLobPhysicalReads="0" ActualLobReadAheads="0" InputMemoryGrant="576" OutputMemoryGrant="192" UsedMemoryGrant="576" /></RunTimeInformation><Sort Distinct="false"><OrderBy><OrderByColumn Ascending="true"><ColumnReference Database="Database1" Schema="Schema1" Table="Object26" Alias="Object48" Column="Column51" /></OrderByColumn></OrderBy><RelOp AvgRowSize="35" EstimateCPU="0.0502163" EstimateIO="0" EstimateRebinds="0" EstimateRewinds="0" EstimatedExecutionMode="Row" EstimateRows="7655" LogicalOp="Repartition Streams" NodeId="386" Parallel="true" PhysicalOp="Parallelism" EstimatedTotalSubtreeCost="0.832889"><OutputList><ColumnReference Database="Database1" Schema="Schema1" Table="Object26" Alias="Object48" Column="Column51" /><ColumnReference Database="Database1" Schema="Schema1" Table="Object26" Alias="Object48" Column="Column63" /></OutputList><Parallelism PartitioningType="Hash"><PartitionColumns><ColumnReference Database="Database1" Schema="Schema1" Table="Object26" Alias="Object48" Column="Column51" /></PartitionColumns><RelOp AvgRowSize="49" EstimateCPU="0.0042495" EstimateIO="0.775055" EstimateRebinds="0" EstimateRewinds="0" EstimatedExecutionMode="Row" EstimateRows="7655" EstimatedRowsRead="7655" LogicalOp="Table Scan" NodeId="387" Parallel="true" PhysicalOp="Table Scan" EstimatedTotalSubtreeCost="0.779305" TableCardinality="7655"><OutputList><ColumnReference Database="Database1" Schema="Schema1" Table="Object26" Alias="Object48" Column="Column51" /><ColumnReference Database="Database1" Schema="Schema1" Table="Object26" Alias="Object48" Column="Column63" /></OutputList><RunTimeInformation><RunTimeCountersPerThread Thread="0" ActualRows="7655" ActualRowsRead="7655" Batches="0" ActualEndOfScans="1" ActualExecutions="1" ActualExecutionMode="Row" ActualElapsedms="4" ActualCPUms="4" ActualScans="1" ActualLogicalReads="1046" ActualPhysicalReads="0" ActualReadAheads="0" ActualLobLogicalReads="0" ActualLobPhysicalReads="0" ActualLobReadAheads="0" /></RunTimeInformation><TableScan Ordered="false" ForcedIndex="false" ForceScan="false" NoExpandHint="false" Storage="RowStore"><DefinedValues><DefinedValue><ColumnReference Database="Database1" Schema="Schema1" Table="Object26" Alias="Object48" Column="Column51" /></DefinedValue><DefinedValue><ColumnReference Database="Database1" Schema="Schema1" Table="Object26" Alias="Object48" Column="Column63" /></DefinedValue></DefinedValues><Object Database="Database1" Schema="Schema1" Table="Object26" Alias="Object48" IndexKind="Heap" Storage="RowStore" /><Predicate><ScalarOperator ScalarString="ScalarString195"><Logical Operation="AND"><ScalarOperator><Compare CompareOp="EQ"><ScalarOperator><Identifier><ColumnReference Database="Database1" Schema="Schema1" Table="Object26" Alias="Object48" Column="Column131" /></Identifier></ScalarOperator><ScalarOperator><Const ConstValue="Value19" /></ScalarOperator></Compare></ScalarOperator><ScalarOperator><Compare CompareOp="EQ"><ScalarOperator><Identifier><ColumnReference Database="Database1" Schema="Schema1" Table="Object26" Alias="Object48" Column="Column46" /></Identifier></ScalarOperator><ScalarOperator><Const ConstValue="Value8" /></ScalarOperator></Compare></ScalarOperator></Logical></ScalarOperator></Predicate></TableScan></RelOp></Parallelism></RelOp></Sort></RelOp></Merge></RelOp></ComputeScalar></RelOp><RelOp AvgRowSize="8061" EstimateCPU="0.0002591" EstimateIO="0.003125" EstimateRebinds="3425.8" EstimateRewinds="18704.9" EstimatedExecutionMode="Row" EstimateRows="1" LogicalOp="Lazy Spool" NodeId="388" Parallel="true" PhysicalOp="Index Spool" EstimatedTotalSubtreeCost="215.016"><OutputList><ColumnReference Column="Expr1181" /><ColumnReference Column="Expr1203" /></OutputList><RunTimeInformation><RunTimeCountersPerThread Thread="0" ActualRebinds="8133" ActualRewinds="2478" ActualRows="10611" ActualRowsRead="10611" Batches="0" ActualEndOfScans="0" ActualExecutions="10611" ActualExecutionMode="Row" ActualElapsedms="7619" ActualCPUms="2948" ActualScans="18744" ActualLogicalReads="70762" ActualPhysicalReads="0" ActualReadAheads="0" ActualLobLogicalReads="0" ActualLobPhysicalReads="0" ActualLobReadAheads="0" /></RunTimeInformation><Spool><SeekPredicateNew><SeekKeys><Prefix ScanType="EQ"><RangeColumns><ColumnReference Database="Database1" Schema="Schema1" Table="Object23" Alias="Object31" Column="Column2" /></RangeColumns><RangeExpressions><ScalarOperator ScalarString="ScalarString185"><Identifier><ColumnReference Database="Database1" Schema="Schema1" Table="Object23" Alias="Object31" Column="Column2" /></Identifier></ScalarOperator></RangeExpressions></Prefix></SeekKeys></SeekPredicateNew><RelOp AvgRowSize="8061" EstimateCPU="1E-07" EstimateIO="0" EstimateRebinds="3425.8" EstimateRewinds="0" EstimatedExecutionMode="Row" EstimateRows="1" LogicalOp="Compute Scalar" NodeId="389" Parallel="true" PhysicalOp="Compute Scalar" EstimatedTotalSubtreeCost="202.532"><OutputList><ColumnReference Column="Expr1181" /><ColumnReference Column="Expr1203" /></OutputList><ComputeScalar><DefinedValues><DefinedValue><ColumnReference Column="Expr1181" /><ScalarOperator ScalarString="ScalarString196"><Intrinsic FunctionName="Function11"><ScalarOperator><Identifier><ColumnReference Column="Expr1180" /></Identifier></ScalarOperator><ScalarOperator><Const ConstValue="Value10" /></ScalarOperator><ScalarOperator><Const ConstValue="Value29" /></ScalarOperator><ScalarOperator><Const ConstValue="Value4" /></ScalarOperator></Intrinsic></ScalarOperator></DefinedValue><DefinedValue><ColumnReference Column="Expr1203" /><ScalarOperator ScalarString="ScalarString197"><Intrinsic FunctionName="Function11"><ScalarOperator><Identifier><ColumnReference Column="Expr1202" /></Identifier></ScalarOperator><ScalarOperator><Const ConstValue="Value10" /></ScalarOperator><ScalarOperator><Const ConstValue="Value29" /></ScalarOperator><ScalarOperator><Const ConstValue="Value4" /></ScalarOperator></Intrinsic></ScalarOperator></DefinedValue></DefinedValues><RelOp AvgRowSize="8061" EstimateCPU="4.18E-06" EstimateIO="0" EstimateRebinds="3425.8" EstimateRewinds="0" EstimatedExecutionMode="Row" EstimateRows="1" LogicalOp="Inner Join" NodeId="390" Parallel="true" PhysicalOp="Nested Loops" EstimatedTotalSubtreeCost="202.532"><OutputList><ColumnReference Column="Expr1180" /><ColumnReference Column="Expr1202" /></OutputList><RunTimeInformation><RunTimeCountersPerThread Thread="0" ActualRows="8133" Batches="0" ActualEndOfScans="0" ActualExecutions="8133" ActualExecutionMode="Row" ActualElapsedms="7008" ActualCPUms="2649" /></RunTimeInformation><NestedLoops Optimized="false"><OuterReferences><ColumnReference Database="Database1" Schema="Schema1" Table="Object23" Alias="Object72" Column="Column46" /><ColumnReference Database="Database1" Schema="Schema1" Table="Object23" Alias="Object72" Column="Column2" /></OuterReferences><RelOp AvgRowSize="4089" EstimateCPU="4.18E-06" EstimateIO="0" EstimateRebinds="3425.8" EstimateRewinds="0" EstimatedExecutionMode="Row" EstimateRows="1" LogicalOp="Inner Join" NodeId="391" Parallel="true" PhysicalOp="Nested Loops" EstimatedTotalSubtreeCost="103.205"><OutputList><ColumnReference Database="Database1" Schema="Schema1" Table="Object23" Alias="Object72" Column="Column46" /><ColumnReference Database="Database1" Schema="Schema1" Table="Object23" Alias="Object72" Column="Column2" /><ColumnReference Column="Expr1180" /></OutputList><RunTimeInformation><RunTimeCountersPerThread Thread="0" ActualRows="8133" Batches="0" ActualEndOfScans="0" ActualExecutions="8133" ActualExecutionMode="Row" ActualElapsedms="4062" ActualCPUms="1458" /></RunTimeInformation><NestedLoops Optimized="false"><OuterReferences><ColumnReference Database="Database1" Schema="Schema1" Table="Object23" Alias="Object72" Column="Column46" /><ColumnReference Database="Database1" Schema="Schema1" Table="Object23" Alias="Object72" Column="Column2" /></OuterReferences><RelOp AvgRowSize="63" EstimateCPU="1.75992E-06" EstimateIO="0" EstimateRebinds="3425.8" EstimateRewinds="0" EstimatedExecutionMode="Row" EstimateRows="1" LogicalOp="Aggregate" NodeId="392" Parallel="true" PhysicalOp="Stream Aggregate" EstimatedTotalSubtreeCost="1.95672"><OutputList><ColumnReference Database="Database1" Schema="Schema1" Table="Object23" Alias="Object72" Column="Column46" /><ColumnReference Database="Database1" Schema="Schema1" Table="Object23" Alias="Object72" Column="Column2" /></OutputList><RunTimeInformation><RunTimeCountersPerThread Thread="0" ActualRows="8133" Batches="0" ActualEndOfScans="0" ActualExecutions="8133" ActualExecutionMode="Row" ActualElapsedms="178" ActualCPUms="137" /></RunTimeInformation><StreamAggregate><DefinedValues><DefinedValue><ColumnReference Database="Database1" Schema="Schema1" Table="Object23" Alias="Object72" Column="Column46" /><ScalarOperator ScalarString="ScalarString198"><Aggregate AggType="ANY" Distinct="false"><ScalarOperator><Identifier><ColumnReference Database="Database1" Schema="Schema1" Table="Object23" Alias="Object72" Column="Column46" /></Identifier></ScalarOperator></Aggregate></ScalarOperator></DefinedValue><DefinedValue><ColumnReference Database="Database1" Schema="Schema1" Table="Object23" Alias="Object72" Column="Column2" /><ScalarOperator ScalarString="ScalarString199"><Aggregate AggType="ANY" Distinct="false"><ScalarOperator><Identifier><ColumnReference Database="Database1" Schema="Schema1" Table="Object23" Alias="Object72" Column="Column2" /></Identifier></ScalarOperator></Aggregate></ScalarOperator></DefinedValue></DefinedValues><RelOp AvgRowSize="63" EstimateCPU="0.000159772" EstimateIO="0.003125" EstimateRebinds="3425.8" EstimateRewinds="0" EstimatedExecutionMode="Row" EstimateRows="2.51983" EstimatedRowsRead="2.51983" LogicalOp="Index Seek" NodeId="393" Parallel="true" PhysicalOp="Index Seek" EstimatedTotalSubtreeCost="1.95069" TableCardinality="162741"><OutputList><ColumnReference Database="Database1" Schema="Schema1" Table="Object23" Alias="Object72" Column="Column46" /><ColumnReference Database="Database1" Schema="Schema1" Table="Object23" Alias="Object72" Column="Column2" /></OutputList><RunTimeInformation><RunTimeCountersPerThread Thread="0" ActualRows="39367" ActualRowsRead="39367" Batches="0" ActualEndOfScans="8133" ActualExecutions="8133" ActualExecutionMode="Row" ActualElapsedms="161" ActualCPUms="120" ActualScans="8133" ActualLogicalReads="24872" ActualPhysicalReads="0" ActualReadAheads="0" ActualLobLogicalReads="0" ActualLobPhysicalReads="0" ActualLobReadAheads="0" /></RunTimeInformation><IndexScan Ordered="true" ScanDirection="FORWARD" ForcedIndex="false" ForceSeek="false" ForceScan="false" NoExpandHint="false" Storage="RowStore"><DefinedValues><DefinedValue><ColumnReference Database="Database1" Schema="Schema1" Table="Object23" Alias="Object72" Column="Column46" /></DefinedValue><DefinedValue><ColumnReference Database="Database1" Schema="Schema1" Table="Object23" Alias="Object72" Column="Column2" /></DefinedValue></DefinedValues><Object Database="Database1" Schema="Schema1" Table="Object23" Index="Index11" Alias="Object72" IndexKind="NonClustered" Storage="RowStore" /><SeekPredicates><SeekPredicateNew><SeekKeys><Prefix ScanType="EQ"><RangeColumns><ColumnReference Database="Database1" Schema="Schema1" Table="Object23" Alias="Object72" Column="Column46" /><ColumnReference Database="Database1" Schema="Schema1" Table="Object23" Alias="Object72" Column="Column2" /></RangeColumns><RangeExpressions><ScalarOperator ScalarString="ScalarString67"><Const ConstValue="Value8" /></ScalarOperator><ScalarOperator ScalarString="ScalarString185"><Identifier><ColumnReference Database="Database1" Schema="Schema1" Table="Object23" Alias="Object31" Column="Column2" /></Identifier></ScalarOperator></RangeExpressions></Prefix></SeekKeys></SeekPredicateNew></SeekPredicates></IndexScan></RelOp></StreamAggregate></RelOp><RelOp AvgRowSize="4035" EstimateCPU="4.18E-06" EstimateIO="0" EstimateRebinds="3425.8" EstimateRewinds="0" EstimatedExecutionMode="Row" EstimateRows="1" LogicalOp="Inner Join" NodeId="394" Parallel="true" PhysicalOp="Nested Loops" EstimatedTotalSubtreeCost="101.234"><OutputList><ColumnReference Column="Expr1180" /></OutputList><RunTimeInformation><RunTimeCountersPerThread Thread="0" ActualRows="8133" Batches="0" ActualEndOfScans="0" ActualExecutions="8133" ActualExecutionMode="Row" ActualElapsedms="3864" ActualCPUms="1302" /></RunTimeInformation><NestedLoops Optimized="false"><OuterReferences><ColumnReference Column="Expr1174" /></OuterReferences><RelOp AvgRowSize="4035" EstimateCPU="1E-07" EstimateIO="0" EstimateRebinds="3425.8" EstimateRewinds="0" EstimatedExecutionMode="Row" EstimateRows="1" LogicalOp="Compute Scalar" NodeId="395" Parallel="true" PhysicalOp="Compute Scalar" EstimatedTotalSubtreeCost="84.013"><OutputList><ColumnReference Column="Expr1174" /></OutputList><ComputeScalar><DefinedValues><DefinedValue><ColumnReference Column="Expr1174" /><ScalarOperator ScalarString="ScalarString200"><Identifier><ColumnReference Column="Expr1173" /></Identifier></ScalarOperator></DefinedValue></DefinedValues><RelOp AvgRowSize="4035" EstimateCPU="1E-06" EstimateIO="0" EstimateRebinds="3425.8" EstimateRewinds="0" EstimatedExecutionMode="Row" EstimateRows="1" LogicalOp="UDX" NodeId="396" Parallel="true" PhysicalOp="UDX" EstimatedTotalSubtreeCost="84.0127"><OutputList><ColumnReference Column="Expr1173" /></OutputList><RunTimeInformation><RunTimeCountersPerThread Thread="0" ActualRows="8133" Batches="0" ActualEndOfScans="0" ActualExecutions="8133" ActualExecutionMode="Row" ActualElapsedms="3691" ActualCPUms="1166" /></RunTimeInformation><Extension UDXName="FOR XML"><DefinedValues><DefinedValue><ColumnReference Column="Expr1173" /></DefinedValue></DefinedValues><UsedUDXColumns><ColumnReference Column="Expr1172" /><ColumnReference Column="Union1171" /></UsedUDXColumns><RelOp AvgRowSize="276" EstimateCPU="2E-07" EstimateIO="0" EstimateRebinds="3425.8" EstimateRewinds="0" EstimatedExecutionMode="Row" EstimateRows="2" LogicalOp="Compute Scalar" NodeId="397" Parallel="true" PhysicalOp="Compute Scalar" EstimatedTotalSubtreeCost="84.0092"><OutputList><ColumnReference Column="Union1171" /><ColumnReference Column="Expr1172" /></OutputList><ComputeScalar><DefinedValues><DefinedValue><ColumnReference Column="Expr1172" /><ScalarOperator ScalarString="ScalarString201"><Arithmetic Operation="ADD"><ScalarOperator><Const ConstValue="Value33" /></ScalarOperator><ScalarOperator><Identifier><ColumnReference Column="Union1170" /></Identifier></ScalarOperator></Arithmetic></ScalarOperator></DefinedValue></DefinedValues><RelOp AvgRowSize="274" EstimateCPU="0.000103394" EstimateIO="0.0112613" EstimateRebinds="3425.8" EstimateRewinds="0" EstimatedExecutionMode="Row" EstimateRows="2" LogicalOp="Sort" NodeId="398" Parallel="true" PhysicalOp="Sort" EstimatedTotalSubtreeCost="84.0085"><OutputList><ColumnReference Column="Union1170" /><ColumnReference Column="Union1171" /></OutputList><MemoryFractions Input="3.46717E-05" Output="3.46717E-05" /><RunTimeInformation><RunTimeCountersPerThread Thread="0" ActualRebinds="8133" ActualRewinds="0" ActualRows="7038" Batches="0" ActualEndOfScans="8133" ActualExecutions="8133" ActualExecutionMode="Row" ActualElapsedms="3599" ActualCPUms="1073" ActualScans="0" ActualLogicalReads="0" ActualPhysicalReads="0" ActualReadAheads="0" ActualLobLogicalReads="0" ActualLobPhysicalReads="0" ActualLobReadAheads="0" InputMemoryGrant="544" OutputMemoryGrant="160" UsedMemoryGrant="16" /></RunTimeInformation><Sort Distinct="false"><OrderBy><OrderByColumn Ascending="true"><ColumnReference Column="Union1171" /></OrderByColumn></OrderBy><RelOp AvgRowSize="274" EstimateCPU="2E-07" EstimateIO="0" EstimateRebinds="3425.8" EstimateRewinds="0" EstimatedExecutionMode="Row" EstimateRows="2" LogicalOp="Concatenation" NodeId="399" Parallel="true" PhysicalOp="Concatenation" EstimatedTotalSubtreeCost="45.0651"><OutputList><ColumnReference Column="Union1170" /><ColumnReference Column="Union1171" /></OutputList><RunTimeInformation><RunTimeCountersPerThread Thread="0" ActualRows="7038" Batches="0" ActualEndOfScans="8133" ActualExecutions="8133" ActualExecutionMode="Row" ActualElapsedms="3559" ActualCPUms="1045" /></RunTimeInformation><Concat><DefinedValues><DefinedValue><ColumnReference Column="Union1170" /><ColumnReference Database="Database1" Schema="Schema1" Table="Object22" Alias="Object73" Column="Column55" /><ColumnReference Database="Database1" Schema="Schema1" Table="Object22" Alias="Object73" Column="Column55" /></DefinedValue><DefinedValue><ColumnReference Column="Union1171" /><ColumnReference Database="Database1" Schema="Schema1" Table="Object25" Alias="Object74" Column="Column257" /><ColumnReference Database="Database1" Schema="Schema1" Table="Object7" Alias="Object74" Column="Column257" /></DefinedValue></DefinedValues><RelOp AvgRowSize="274" EstimateCPU="4.18E-06" EstimateIO="0" EstimateRebinds="3425.8" EstimateRewinds="0" EstimatedExecutionMode="Row" EstimateRows="1" LogicalOp="Inner Join" NodeId="400" Parallel="true" PhysicalOp="Nested Loops" EstimatedTotalSubtreeCost="19.7911"><OutputList><ColumnReference Database="Database1" Schema="Schema1" Table="Object25" Alias="Object74" Column="Column257" /><ColumnReference Database="Database1" Schema="Schema1" Table="Object22" Alias="Object73" Column="Column55" /></OutputList><RunTimeInformation><RunTimeCountersPerThread Thread="0" ActualRows="6941" Batches="0" ActualEndOfScans="8133" ActualExecutions="8133" ActualExecutionMode="Row" ActualElapsedms="1385" ActualCPUms="519" /></RunTimeInformation><NestedLoops Optimized="false"><OuterReferences><ColumnReference Column="Column258" /></OuterReferences><RelOp AvgRowSize="23" EstimateCPU="5.53638E-06" EstimateIO="0" EstimateRebinds="3425.8" EstimateRewinds="0" EstimatedExecutionMode="Row" EstimateRows="1" LogicalOp="Inner Join" NodeId="401" Parallel="true" PhysicalOp="Nested Loops" EstimatedTotalSubtreeCost="12.6606"><OutputList><ColumnReference Database="Database1" Schema="Schema1" Table="Object25" Alias="Object74" Column="Column257" /><ColumnReference Column="Column258" /></OutputList><RunTimeInformation><RunTimeCountersPerThread Thread="0" ActualRows="6941" Batches="0" ActualEndOfScans="8133" ActualExecutions="8133" ActualExecutionMode="Row" ActualElapsedms="1304" ActualCPUms="464" /></RunTimeInformation><NestedLoops Optimized="false"><OuterReferences><ColumnReference Database="Database1" Schema="Schema1" Table="Object25" Alias="Object74" Column="Column259" /></OuterReferences><RelOp AvgRowSize="24" EstimateCPU="0.0682005" EstimateIO="3.70907" EstimateRebinds="3425.8" EstimateRewinds="0" EstimatedExecutionMode="Row" EstimateRows="1.32449" LogicalOp="Eager Spool" NodeId="402" Parallel="true" PhysicalOp="Index Spool" EstimatedTotalSubtreeCost="10.1865"><OutputList><ColumnReference Database="Database1" Schema="Schema1" Table="Object25" Alias="Object74" Column="Column259" /><ColumnReference Database="Database1" Schema="Schema1" Table="Object25" Alias="Object74" Column="Column257" /></OutputList><RunTimeInformation><RunTimeCountersPerThread Thread="0" ActualRebinds="1" ActualRewinds="8132" ActualRows="6945" ActualRowsRead="6945" Batches="0" ActualEndOfScans="8133" ActualExecutions="8133" ActualExecutionMode="Row" ActualElapsedms="1177" ActualCPUms="391" ActualScans="8133" ActualLogicalReads="220848" ActualPhysicalReads="0" ActualReadAheads="0" ActualLobLogicalReads="0" ActualLobPhysicalReads="0" ActualLobReadAheads="0" /></RunTimeInformation><Spool><SeekPredicateNew><SeekKeys><Prefix ScanType="EQ"><RangeColumns><ColumnReference Database="Database1" Schema="Schema1" Table="Object25" Alias="Object74" Column="Column46" /><ColumnReference Database="Database1" Schema="Schema1" Table="Object25" Alias="Object74" Column="Column2" /><ColumnReference Database="Database1" Schema="Schema1" Table="Object25" Alias="Object74" Column="Column121" /></RangeColumns><RangeExpressions><ScalarOperator ScalarString="ScalarString202"><Identifier><ColumnReference Database="Database1" Schema="Schema1" Table="Object23" Alias="Object72" Column="Column46" /></Identifier></ScalarOperator><ScalarOperator ScalarString="ScalarString203"><Identifier><ColumnReference Database="Database1" Schema="Schema1" Table="Object23" Alias="Object72" Column="Column2" /></Identifier></ScalarOperator><ScalarOperator ScalarString="ScalarString204"><Const ConstValue="Value41" /></ScalarOperator></RangeExpressions></Prefix></SeekKeys></SeekPredicateNew><RelOp AvgRowSize="57" EstimateCPU="0.0748932" EstimateIO="3.77275" EstimateRebinds="0" EstimateRewinds="0" EstimatedExecutionMode="Row" EstimateRows="67942" EstimatedRowsRead="67942" LogicalOp="Table Scan" NodeId="403" Parallel="true" PhysicalOp="Table Scan" EstimatedTotalSubtreeCost="3.84765" TableCardinality="67942"><OutputList><ColumnReference Database="Database1" Schema="Schema1" Table="Object25" Alias="Object74" Column="Column46" /><ColumnReference Database="Database1" Schema="Schema1" Table="Object25" Alias="Object74" Column="Column259" /><ColumnReference Database="Database1" Schema="Schema1" Table="Object25" Alias="Object74" Column="Column257" /><ColumnReference Database="Database1" Schema="Schema1" Table="Object25" Alias="Object74" Column="Column121" /><ColumnReference Database="Database1" Schema="Schema1" Table="Object25" Alias="Object74" Column="Column2" /></OutputList><RunTimeInformation><RunTimeCountersPerThread Thread="0" ActualRows="67942" ActualRowsRead="67942" Batches="0" ActualEndOfScans="1" ActualExecutions="1" ActualExecutionMode="Row" ActualElapsedms="50" ActualCPUms="29" ActualScans="1" ActualLogicalReads="5092" ActualPhysicalReads="0" ActualReadAheads="0" ActualLobLogicalReads="0" ActualLobPhysicalReads="0" ActualLobReadAheads="0" /></RunTimeInformation><TableScan Ordered="false" ForcedIndex="false" ForceScan="false" NoExpandHint="false" Storage="RowStore"><DefinedValues><DefinedValue><ColumnReference Database="Database1" Schema="Schema1" Table="Object25" Alias="Object74" Column="Column46" /></DefinedValue><DefinedValue><ColumnReference Database="Database1" Schema="Schema1" Table="Object25" Alias="Object74" Column="Column259" /></DefinedValue><DefinedValue><ColumnReference Database="Database1" Schema="Schema1" Table="Object25" Alias="Object74" Column="Column257" /></DefinedValue><DefinedValue><ColumnReference Database="Database1" Schema="Schema1" Table="Object25" Alias="Object74" Column="Column121" /></DefinedValue><DefinedValue><ColumnReference Database="Database1" Schema="Schema1" Table="Object25" Alias="Object74" Column="Column2" /></DefinedValue></DefinedValues><Object Database="Database1" Schema="Schema1" Table="Object25" Alias="Object74" TableReferenceId="1" IndexKind="Heap" Storage="RowStore" /></TableScan></RelOp></Spool></RelOp><RelOp AvgRowSize="15" EstimateCPU="0.0001581" EstimateIO="0.003125" EstimateRebinds="4238" EstimateRewinds="299.764" EstimatedExecutionMode="Row" EstimateRows="1" EstimatedRowsRead="1" LogicalOp="Index Seek" NodeId="404" Parallel="true" PhysicalOp="Index Seek" EstimatedTotalSubtreeCost="2.45518" TableCardinality="1735950"><OutputList><ColumnReference Column="Column258" /></OutputList><RunTimeInformation><RunTimeCountersPerThread Thread="0" ActualRows="6941" ActualRowsRead="6941" Batches="0" ActualEndOfScans="6945" ActualExecutions="6945" ActualExecutionMode="Row" ActualElapsedms="121" ActualCPUms="68" ActualScans="6945" ActualLogicalReads="20843" ActualPhysicalReads="0" ActualReadAheads="0" ActualLobLogicalReads="0" ActualLobPhysicalReads="0" ActualLobReadAheads="0" /></RunTimeInformation><IndexScan Ordered="true" ScanDirection="FORWARD" ForcedIndex="false" ForceSeek="false" ForceScan="false" NoExpandHint="false" Storage="RowStore"><DefinedValues><DefinedValue><ColumnReference Column="Column258" /></DefinedValue></DefinedValues><Object Database="Database1" Schema="Schema1" Table="Object22" Index="Index6" Alias="Object73" TableReferenceId="1" IndexKind="NonClustered" Storage="RowStore" /><SeekPredicates><SeekPredicateNew><SeekKeys><Prefix ScanType="EQ"><RangeColumns><ColumnReference Database="Database1" Schema="Schema1" Table="Object22" Alias="Object73" Column="Column46" /><ColumnReference Database="Database1" Schema="Schema1" Table="Object22" Alias="Object73" Column="Column131" /><ColumnReference Database="Database1" Schema="Schema1" Table="Object22" Alias="Object73" Column="Column51" /></RangeColumns><RangeExpressions><ScalarOperator ScalarString="ScalarString202"><Identifier><ColumnReference Database="Database1" Schema="Schema1" Table="Object23" Alias="Object72" Column="Column46" /></Identifier></ScalarOperator><ScalarOperator ScalarString="ScalarString205"><Const ConstValue="Value42" /></ScalarOperator><ScalarOperator ScalarString="ScalarString206"><Identifier><ColumnReference Database="Database1" Schema="Schema1" Table="Object25" Alias="Object74" Column="Column259" /></Identifier></ScalarOperator></RangeExpressions></Prefix></SeekKeys></SeekPredicateNew></SeekPredicates></IndexScan></RelOp></NestedLoops></RelOp><RelOp AvgRowSize="266" EstimateCPU="0.0001581" EstimateIO="0.003125" EstimateRebinds="3425.8" EstimateRewinds="0" EstimatedExecutionMode="Row" EstimateRows="1" LogicalOp="RID Lookup" NodeId="406" Parallel="true" PhysicalOp="RID Lookup" EstimatedTotalSubtreeCost="7.11614" TableCardinality="1735950"><OutputList><ColumnReference Database="Database1" Schema="Schema1" Table="Object22" Alias="Object73" Column="Column55" /></OutputList><RunTimeInformation><RunTimeCountersPerThread Thread="0" ActualRows="6941" ActualRowsRead="6941" Batches="0" ActualEndOfScans="0" ActualExecutions="6941" ActualExecutionMode="Row" ActualElapsedms="68" ActualCPUms="47" ActualScans="0" ActualLogicalReads="6941" ActualPhysicalReads="0" ActualReadAheads="0" ActualLobLogicalReads="0" ActualLobPhysicalReads="0" ActualLobReadAheads="0" /></RunTimeInformation><IndexScan Lookup="true" Ordered="true" ScanDirection="FORWARD" ForcedIndex="false" ForceSeek="false" ForceScan="false" NoExpandHint="false" Storage="RowStore"><DefinedValues><DefinedValue><ColumnReference Database="Database1" Schema="Schema1" Table="Object22" Alias="Object73" Column="Column55" /></DefinedValue></DefinedValues><Object Database="Database1" Schema="Schema1" Table="Object22" Alias="Object73" TableReferenceId="-1" IndexKind="Heap" Storage="RowStore" /><SeekPredicates><SeekPredicateNew><SeekKeys><Prefix ScanType="EQ"><RangeColumns><ColumnReference Column="Column258" /></RangeColumns><RangeExpressions><ScalarOperator ScalarString="ScalarString207"><Identifier><ColumnReference Column="Column258" /></Identifier></ScalarOperator></RangeExpressions></Prefix></SeekKeys></SeekPredicateNew></SeekPredicates></IndexScan></RelOp></NestedLoops></RelOp><RelOp AvgRowSize="274" EstimateCPU="4.18E-06" EstimateIO="0" EstimateRebinds="3425.8" EstimateRewinds="0" EstimatedExecutionMode="Row" EstimateRows="1" LogicalOp="Inner Join" NodeId="407" Parallel="true" PhysicalOp="Nested Loops" EstimatedTotalSubtreeCost="25.2733"><OutputList><ColumnReference Database="Database1" Schema="Schema1" Table="Object7" Alias="Object74" Column="Column257" /><ColumnReference Database="Database1" Schema="Schema1" Table="Object22" Alias="Object73" Column="Column55" /></OutputList><RunTimeInformation><RunTimeCountersPerThread Thread="0" ActualRows="97" Batches="0" ActualEndOfScans="8133" ActualExecutions="8133" ActualExecutionMode="Row" ActualElapsedms="2168" ActualCPUms="520" /></RunTimeInformation><NestedLoops Optimized="false"><OuterReferences><ColumnReference Column="Column260" /></OuterReferences><RelOp AvgRowSize="23" EstimateCPU="4.18E-06" EstimateIO="0" EstimateRebinds="3425.8" EstimateRewinds="0" EstimatedExecutionMode="Row" EstimateRows="1" LogicalOp="Inner Join" NodeId="408" Parallel="true" PhysicalOp="Nested Loops" EstimatedTotalSubtreeCost="18.1429"><OutputList><ColumnReference Database="Database1" Schema="Schema1" Table="Object7" Alias="Object74" Column="Column257" /><ColumnReference Column="Column260" /></OutputList><RunTimeInformation><RunTimeCountersPerThread Thread="0" ActualRows="97" Batches="0" ActualEndOfScans="8133" ActualExecutions="8133" ActualExecutionMode="Row" ActualElapsedms="2165" ActualCPUms="517" /></RunTimeInformation><NestedLoops Optimized="false"><OuterReferences><ColumnReference Database="Database1" Schema="Schema1" Table="Object7" Alias="Object74" Column="Column259" /></OuterReferences><RelOp AvgRowSize="22" EstimateCPU="4.859E-06" EstimateIO="0" EstimateRebinds="3425.8" EstimateRewinds="0" EstimatedExecutionMode="Row" EstimateRows="1" LogicalOp="Filter" NodeId="409" Parallel="true" PhysicalOp="Filter" EstimatedTotalSubtreeCost="11.3367"><OutputList><ColumnReference Database="Database1" Schema="Schema1" Table="Object7" Alias="Object74" Column="Column259" /><ColumnReference Database="Database1" Schema="Schema1" Table="Object7" Alias="Object74" Column="Column257" /></OutputList><RunTimeInformation><RunTimeCountersPerThread Thread="0" ActualRows="97" Batches="0" ActualEndOfScans="8133" ActualExecutions="8133" ActualExecutionMode="Row" ActualElapsedms="2161" ActualCPUms="513" /></RunTimeInformation><Filter StartupExpression="false"><RelOp AvgRowSize="30" EstimateCPU="0.0855672" EstimateIO="4.62123" EstimateRebinds="3425.8" EstimateRewinds="0" EstimatedExecutionMode="Row" EstimateRows="3.79609" LogicalOp="Eager Spool" NodeId="410" Parallel="true" PhysicalOp="Index Spool" EstimatedTotalSubtreeCost="11.3201"><OutputList><ColumnReference Database="Database1" Schema="Schema1" Table="Object7" Alias="Object74" Column="Column261" /><ColumnReference Database="Database1" Schema="Schema1" Table="Object7" Alias="Object74" Column="Column259" /><ColumnReference Database="Database1" Schema="Schema1" Table="Object7" Alias="Object74" Column="Column257" /><ColumnReference Database="Database1" Schema="Schema1" Table="Object7" Alias="Object74" Column="Column262" /></OutputList><RunTimeInformation><RunTimeCountersPerThread Thread="0" ActualRebinds="1" ActualRewinds="8132" ActualRows="7470" ActualRowsRead="7470" Batches="0" ActualEndOfScans="8133" ActualExecutions="8133" ActualExecutionMode="Row" ActualElapsedms="2155" ActualCPUms="507" ActualScans="8133" ActualLogicalReads="271516" ActualPhysicalReads="0" ActualReadAheads="0" ActualLobLogicalReads="0" ActualLobPhysicalReads="0" ActualLobReadAheads="0" /></RunTimeInformation><Spool><SeekPredicateNew><SeekKeys><Prefix ScanType="EQ"><RangeColumns><ColumnReference Database="Database1" Schema="Schema1" Table="Object7" Alias="Object74" Column="Column46" /><ColumnReference Database="Database1" Schema="Schema1" Table="Object7" Alias="Object74" Column="Column2" /><ColumnReference Database="Database1" Schema="Schema1" Table="Object7" Alias="Object74" Column="Column121" /></RangeColumns><RangeExpressions><ScalarOperator ScalarString="ScalarString202"><Identifier><ColumnReference Database="Database1" Schema="Schema1" Table="Object23" Alias="Object72" Column="Column46" /></Identifier></ScalarOperator><ScalarOperator ScalarString="ScalarString203"><Identifier><ColumnReference Database="Database1" Schema="Schema1" Table="Object23" Alias="Object72" Column="Column2" /></Identifier></ScalarOperator><ScalarOperator ScalarString="ScalarString204"><Const ConstValue="Value41" /></ScalarOperator></RangeExpressions></Prefix></SeekKeys></SeekPredicateNew><RelOp AvgRowSize="56" EstimateCPU="0.0939151" EstimateIO="3.5832" EstimateRebinds="0" EstimateRewinds="0" EstimatedExecutionMode="Row" EstimateRows="85306" EstimatedRowsRead="85306" LogicalOp="Table Scan" NodeId="411" Parallel="true" PhysicalOp="Table Scan" EstimatedTotalSubtreeCost="3.67712" TableCardinality="85306"><OutputList><ColumnReference Database="Database1" Schema="Schema1" Table="Object7" Alias="Object74" Column="Column261" /><ColumnReference Database="Database1" Schema="Schema1" Table="Object7" Alias="Object74" Column="Column46" /><ColumnReference Database="Database1" Schema="Schema1" Table="Object7" Alias="Object74" Column="Column259" /><ColumnReference Database="Database1" Schema="Schema1" Table="Object7" Alias="Object74" Column="Column257" /><ColumnReference Database="Database1" Schema="Schema1" Table="Object7" Alias="Object74" Column="Column121" /><ColumnReference Database="Database1" Schema="Schema1" Table="Object7" Alias="Object74" Column="Column2" /><ColumnReference Database="Database1" Schema="Schema1" Table="Object7" Alias="Object74" Column="Column262" /></OutputList><RunTimeInformation><RunTimeCountersPerThread Thread="0" ActualRows="85306" ActualRowsRead="85306" Batches="0" ActualEndOfScans="1" ActualExecutions="1" ActualExecutionMode="Row" ActualElapsedms="55" ActualCPUms="40" ActualScans="1" ActualLogicalReads="4834" ActualPhysicalReads="0" ActualReadAheads="0" ActualLobLogicalReads="0" ActualLobPhysicalReads="0" ActualLobReadAheads="0" /></RunTimeInformation><TableScan Ordered="false" ForcedIndex="false" ForceScan="false" NoExpandHint="false" Storage="RowStore"><DefinedValues><DefinedValue><ColumnReference Database="Database1" Schema="Schema1" Table="Object7" Alias="Object74" Column="Column261" /></DefinedValue><DefinedValue><ColumnReference Database="Database1" Schema="Schema1" Table="Object7" Alias="Object74" Column="Column46" /></DefinedValue><DefinedValue><ColumnReference Database="Database1" Schema="Schema1" Table="Object7" Alias="Object74" Column="Column259" /></DefinedValue><DefinedValue><ColumnReference Database="Database1" Schema="Schema1" Table="Object7" Alias="Object74" Column="Column257" /></DefinedValue><DefinedValue><ColumnReference Database="Database1" Schema="Schema1" Table="Object7" Alias="Object74" Column="Column121" /></DefinedValue><DefinedValue><ColumnReference Database="Database1" Schema="Schema1" Table="Object7" Alias="Object74" Column="Column2" /></DefinedValue><DefinedValue><ColumnReference Database="Database1" Schema="Schema1" Table="Object7" Alias="Object74" Column="Column262" /></DefinedValue></DefinedValues><Object Database="Database1" Schema="Schema1" Table="Object7" Alias="Object74" TableReferenceId="1" IndexKind="Heap" Storage="RowStore" /></TableScan></RelOp></Spool></RelOp><Predicate><ScalarOperator ScalarString="ScalarString208"><Logical Operation="AND"><ScalarOperator><Logical Operation="OR"><ScalarOperator><Compare CompareOp="EQ"><ScalarOperator><Identifier><ColumnReference Database="Database1" Schema="Schema1" Table="Object7" Alias="Object74" Column="Column262" /></Identifier></ScalarOperator><ScalarOperator><Const ConstValue="Value12" /></ScalarOperator></Compare></ScalarOperator><ScalarOperator><Compare CompareOp="EQ"><ScalarOperator><Identifier><ColumnReference Database="Database1" Schema="Schema1" Table="Object7" Alias="Object74" Column="Column262" /></Identifier></ScalarOperator><ScalarOperator><Const ConstValue="Value43" /></ScalarOperator></Compare></ScalarOperator></Logical></ScalarOperator><ScalarOperator><Compare CompareOp="NE"><ScalarOperator><Identifier><ColumnReference Database="Database1" Schema="Schema1" Table="Object7" Alias="Object74" Column="Column261" /></Identifier></ScalarOperator><ScalarOperator><Const ConstValue="Value34" /></ScalarOperator></Compare></ScalarOperator></Logical></ScalarOperator></Predicate></Filter></RelOp><RelOp AvgRowSize="15" EstimateCPU="0.0001581" EstimateIO="0.003125" EstimateRebinds="3425.8" EstimateRewinds="0" EstimatedExecutionMode="Row" EstimateRows="1" EstimatedRowsRead="1" LogicalOp="Index Seek" NodeId="412" Parallel="true" PhysicalOp="Index Seek" EstimatedTotalSubtreeCost="6.79182" TableCardinality="1735950"><OutputList><ColumnReference Column="Column260" /></OutputList><RunTimeInformation><RunTimeCountersPerThread Thread="0" ActualRows="97" ActualRowsRead="97" Batches="0" ActualEndOfScans="97" ActualExecutions="97" ActualExecutionMode="Row" ActualElapsedms="1" ActualCPUms="1" ActualScans="97" ActualLogicalReads="293" ActualPhysicalReads="0" ActualReadAheads="0" ActualLobLogicalReads="0" ActualLobPhysicalReads="0" ActualLobReadAheads="0" /></RunTimeInformation><IndexScan Ordered="true" ScanDirection="FORWARD" ForcedIndex="false" ForceSeek="false" ForceScan="false" NoExpandHint="false" Storage="RowStore"><DefinedValues><DefinedValue><ColumnReference Column="Column260" /></DefinedValue></DefinedValues><Object Database="Database1" Schema="Schema1" Table="Object22" Index="Index6" Alias="Object73" TableReferenceId="2" IndexKind="NonClustered" Storage="RowStore" /><SeekPredicates><SeekPredicateNew><SeekKeys><Prefix ScanType="EQ"><RangeColumns><ColumnReference Database="Database1" Schema="Schema1" Table="Object22" Alias="Object73" Column="Column46" /><ColumnReference Database="Database1" Schema="Schema1" Table="Object22" Alias="Object73" Column="Column131" /><ColumnReference Database="Database1" Schema="Schema1" Table="Object22" Alias="Object73" Column="Column51" /></RangeColumns><RangeExpressions><ScalarOperator ScalarString="ScalarString202"><Identifier><ColumnReference Database="Database1" Schema="Schema1" Table="Object23" Alias="Object72" Column="Column46" /></Identifier></ScalarOperator><ScalarOperator ScalarString="ScalarString205"><Const ConstValue="Value42" /></ScalarOperator><ScalarOperator ScalarString="ScalarString209"><Identifier><ColumnReference Database="Database1" Schema="Schema1" Table="Object7" Alias="Object74" Column="Column259" /></Identifier></ScalarOperator></RangeExpressions></Prefix></SeekKeys></SeekPredicateNew></SeekPredicates></IndexScan></RelOp></NestedLoops></RelOp><RelOp AvgRowSize="266" EstimateCPU="0.0001581" EstimateIO="0.003125" EstimateRebinds="3425.8" EstimateRewinds="0" EstimatedExecutionMode="Row" EstimateRows="1" LogicalOp="RID Lookup" NodeId="414" Parallel="true" PhysicalOp="RID Lookup" EstimatedTotalSubtreeCost="7.11614" TableCardinality="1735950"><OutputList><ColumnReference Database="Database1" Schema="Schema1" Table="Object22" Alias="Object73" Column="Column55" /></OutputList><RunTimeInformation><RunTimeCountersPerThread Thread="0" ActualRows="97" ActualRowsRead="97" Batches="0" ActualEndOfScans="0" ActualExecutions="97" ActualExecutionMode="Row" ActualElapsedms="0" ActualCPUms="0" ActualScans="0" ActualLogicalReads="97" ActualPhysicalReads="0" ActualReadAheads="0" ActualLobLogicalReads="0" ActualLobPhysicalReads="0" ActualLobReadAheads="0" /></RunTimeInformation><IndexScan Lookup="true" Ordered="true" ScanDirection="FORWARD" ForcedIndex="false" ForceSeek="false" ForceScan="false" NoExpandHint="false" Storage="RowStore"><DefinedValues><DefinedValue><ColumnReference Database="Database1" Schema="Schema1" Table="Object22" Alias="Object73" Column="Column55" /></DefinedValue></DefinedValues><Object Database="Database1" Schema="Schema1" Table="Object22" Alias="Object73" TableReferenceId="-1" IndexKind="Heap" Storage="RowStore" /><SeekPredicates><SeekPredicateNew><SeekKeys><Prefix ScanType="EQ"><RangeColumns><ColumnReference Column="Column260" /></RangeColumns><RangeExpressions><ScalarOperator ScalarString="ScalarString210"><Identifier><ColumnReference Column="Column260" /></Identifier></ScalarOperator></RangeExpressions></Prefix></SeekKeys></SeekPredicateNew></SeekPredicates></IndexScan></RelOp></NestedLoops></RelOp></Concat></RelOp></Sort></RelOp></ComputeScalar></RelOp></Extension></RelOp></ComputeScalar></RelOp><RelOp AvgRowSize="4035" EstimateCPU="1.1E-06" EstimateIO="0" EstimateRebinds="3425.8" EstimateRewinds="0" EstimatedExecutionMode="Row" EstimateRows="1" LogicalOp="Aggregate" NodeId="415" Parallel="true" PhysicalOp="Stream Aggregate" EstimatedTotalSubtreeCost="17.207"><OutputList><ColumnReference Column="Expr1180" /></OutputList><RunTimeInformation><RunTimeCountersPerThread Thread="0" ActualRows="8133" Batches="0" ActualEndOfScans="0" ActualExecutions="8133" ActualExecutionMode="Row" ActualElapsedms="160" ActualCPUms="128" /></RunTimeInformation><StreamAggregate><DefinedValues><DefinedValue><ColumnReference Column="Expr1180" /><ScalarOperator ScalarString="ScalarString211"><Aggregate AggType="MIN" Distinct="false"><ScalarOperator><IF><Condition><ScalarOperator><Compare CompareOp="IS"><ScalarOperator><Identifier><ColumnReference Column="Expr1174" /></Identifier></ScalarOperator><ScalarOperator><Const ConstValue="Value7" /></ScalarOperator></Compare></ScalarOperator></Condition><Then><ScalarOperator><Const ConstValue="Value7" /></ScalarOperator></Then><Else><ScalarOperator><IF><Condition><ScalarOperator><Compare CompareOp="GE"><ScalarOperator><Intrinsic FunctionName="Function12"><ScalarOperator><Identifier><ColumnReference Table="Object29" Column="Column263" /></Identifier></ScalarOperator></Intrinsic></ScalarOperator><ScalarOperator><Const ConstValue="Value44" /></ScalarOperator></Compare></ScalarOperator></Condition><Then><ScalarOperator><Convert DataType="nvarchar(max)" Length="2147483647" Style="0" Implicit="true"><ScalarOperator><Identifier><ColumnReference Table="Object29" Column="Column264" /></Identifier></ScalarOperator></Convert></ScalarOperator></Then><Else><ScalarOperator><Convert DataType="nvarchar(max)" Length="2147483647" Style="0" Implicit="true"><ScalarOperator><Identifier><ColumnReference Table="Object29" Column="Column263" /></Identifier></ScalarOperator></Convert></ScalarOperator></Else></IF></ScalarOperator></Else></IF></ScalarOperator></Aggregate></ScalarOperator></DefinedValue></DefinedValues><RelOp AvgRowSize="8045" EstimateCPU="1E-07" EstimateIO="0" EstimateRebinds="3425.8" EstimateRewinds="0" EstimatedExecutionMode="Row" EstimateRows="1" LogicalOp="Top" NodeId="416" Parallel="true" PhysicalOp="Top" EstimatedTotalSubtreeCost="17.2032"><OutputList><ColumnReference Table="Object29" Column="Column263" /><ColumnReference Table="Object29" Column="Column264" /></OutputList><RunTimeInformation><RunTimeCountersPerThread Thread="0" ActualRows="6687" Batches="0" ActualEndOfScans="8133" ActualExecutions="8133" ActualExecutionMode="Row" ActualElapsedms="108" ActualCPUms="88" /></RunTimeInformation><Top RowCount="false" IsPercent="false" WithTies="false"><TopExpression><ScalarOperator ScalarString="ScalarString117"><Const ConstValue="Value10" /></ScalarOperator></TopExpression><RelOp AvgRowSize="8949" EstimateCPU="2E-05" EstimateIO="0" EstimateRebinds="3425.8" EstimateRewinds="0" EstimatedExecutionMode="Row" EstimateRows="1" EstimateRowsWithoutRowGoal="200" LogicalOp="Compute Scalar" NodeId="417" Parallel="true" PhysicalOp="Compute Scalar" EstimatedTotalSubtreeCost="17.2029"><OutputList><ColumnReference Table="Object29" Column="Column265" /><ColumnReference Table="Object29" Column="Column263" /><ColumnReference Table="Object29" Column="Column264" /><ColumnReference Column="Expr1179" /></OutputList><ComputeScalar><DefinedValues><DefinedValue><ColumnReference Column="Expr1179" /><ScalarOperator ScalarString="ScalarString212"><Const ConstValue="Value45" /></ScalarOperator></DefinedValue></DefinedValues><RelOp AvgRowSize="8497" EstimateCPU="1.004" EstimateIO="0" EstimateRebinds="3425.8" EstimateRewinds="0" EstimatedExecutionMode="Row" EstimateRows="1" EstimateRowsWithoutRowGoal="200" LogicalOp="Table-valued function" NodeId="418" Parallel="true" PhysicalOp="Table-valued function" EstimatedTotalSubtreeCost="17.2025"><OutputList><ColumnReference Table="Object29" Column="Column265" /><ColumnReference Table="Object29" Column="Column263" /><ColumnReference Table="Object29" Column="Column264" /></OutputList><RunTimeInformation><RunTimeCountersPerThread Thread="0" ActualRebinds="8133" ActualRewinds="0" ActualRows="6687" Batches="0" ActualEndOfScans="1446" ActualExecutions="8133" ActualExecutionMode="Row" ActualElapsedms="102" ActualCPUms="82" /></RunTimeInformation><TableValuedFunction><DefinedValues><DefinedValue><ColumnReference Table="Object29" Column="Column265" /></DefinedValue><DefinedValue><ColumnReference Table="Object29" Column="Column263" /></DefinedValue><DefinedValue><ColumnReference Table="Object29" Column="Column264" /></DefinedValue></DefinedValues><Object Table="Object29" /><ParameterList><ScalarOperator ScalarString="ScalarString213"><Identifier><ColumnReference Column="Expr1174" /></Identifier></ScalarOperator><ScalarOperator ScalarString="ScalarString214"><Const ConstValue="Value23" /></ScalarOperator><ScalarOperator ScalarString="ScalarString215"><Const ConstValue="Value7" /></ScalarOperator><ScalarOperator ScalarString="ScalarString215"><Const ConstValue="Value7" /></ScalarOperator></ParameterList></TableValuedFunction></RelOp></ComputeScalar></RelOp></Top></RelOp></StreamAggregate></RelOp></NestedLoops></RelOp></NestedLoops></RelOp><RelOp AvgRowSize="4035" EstimateCPU="4.18E-06" EstimateIO="0" EstimateRebinds="3425.8" EstimateRewinds="0" EstimatedExecutionMode="Row" EstimateRows="1" LogicalOp="Inner Join" NodeId="419" Parallel="true" PhysicalOp="Nested Loops" EstimatedTotalSubtreeCost="99.3121"><OutputList><ColumnReference Column="Expr1202" /></OutputList><RunTimeInformation><RunTimeCountersPerThread Thread="0" ActualRows="8133" Batches="0" ActualEndOfScans="0" ActualExecutions="8133" ActualExecutionMode="Row" ActualElapsedms="2923" ActualCPUms="1167" /></RunTimeInformation><NestedLoops Optimized="false"><OuterReferences><ColumnReference Column="Expr1196" /></OuterReferences><RelOp AvgRowSize="4035" EstimateCPU="1E-07" EstimateIO="0" EstimateRebinds="3425.8" EstimateRewinds="0" EstimatedExecutionMode="Row" EstimateRows="1" LogicalOp="Compute Scalar" NodeId="420" Parallel="true" PhysicalOp="Compute Scalar" EstimatedTotalSubtreeCost="82.0908"><OutputList><ColumnReference Column="Expr1196" /></OutputList><ComputeScalar><DefinedValues><DefinedValue><ColumnReference Column="Expr1196" /><ScalarOperator ScalarString="ScalarString216"><Identifier><ColumnReference Column="Expr1195" /></Identifier></ScalarOperator></DefinedValue></DefinedValues><RelOp AvgRowSize="4035" EstimateCPU="1E-06" EstimateIO="0" EstimateRebinds="3425.8" EstimateRewinds="0" EstimatedExecutionMode="Row" EstimateRows="1" LogicalOp="UDX" NodeId="421" Parallel="true" PhysicalOp="UDX" EstimatedTotalSubtreeCost="82.0904"><OutputList><ColumnReference Column="Expr1195" /></OutputList><RunTimeInformation><RunTimeCountersPerThread Thread="0" ActualRows="8133" Batches="0" ActualEndOfScans="0" ActualExecutions="8133" ActualExecutionMode="Row" ActualElapsedms="2825" ActualCPUms="1074" /></RunTimeInformation><Extension UDXName="FOR XML"><DefinedValues><DefinedValue><ColumnReference Column="Expr1195" /></DefinedValue></DefinedValues><UsedUDXColumns><ColumnReference Column="Expr1194" /><ColumnReference Column="Union1193" /></UsedUDXColumns><RelOp AvgRowSize="41" EstimateCPU="2E-07" EstimateIO="0" EstimateRebinds="3425.8" EstimateRewinds="0" EstimatedExecutionMode="Row" EstimateRows="2" LogicalOp="Compute Scalar" NodeId="422" Parallel="true" PhysicalOp="Compute Scalar" EstimatedTotalSubtreeCost="82.087"><OutputList><ColumnReference Column="Union1193" /><ColumnReference Column="Expr1194" /></OutputList><ComputeScalar><DefinedValues><DefinedValue><ColumnReference Column="Expr1194" /><ScalarOperator ScalarString="ScalarString217"><Arithmetic Operation="ADD"><ScalarOperator><Const ConstValue="Value33" /></ScalarOperator><ScalarOperator><Identifier><ColumnReference Column="Union1192" /></Identifier></ScalarOperator></Arithmetic></ScalarOperator></DefinedValue></DefinedValues><RelOp AvgRowSize="39" EstimateCPU="0.000103159" EstimateIO="0.0112613" EstimateRebinds="3425.8" EstimateRewinds="0" EstimatedExecutionMode="Row" EstimateRows="2" LogicalOp="Sort" NodeId="423" Parallel="true" PhysicalOp="Sort" EstimatedTotalSubtreeCost="82.0863"><OutputList><ColumnReference Column="Union1192" /><ColumnReference Column="Union1193" /></OutputList><MemoryFractions Input="3.46717E-05" Output="3.46717E-05" /><RunTimeInformation><RunTimeCountersPerThread Thread="0" ActualRebinds="8133" ActualRewinds="0" ActualRows="7038" Batches="0" ActualEndOfScans="8133" ActualExecutions="8133" ActualExecutionMode="Row" ActualElapsedms="2770" ActualCPUms="1019" ActualScans="0" ActualLogicalReads="0" ActualPhysicalReads="0" ActualReadAheads="0" ActualLobLogicalReads="0" ActualLobPhysicalReads="0" ActualLobReadAheads="0" InputMemoryGrant="544" OutputMemoryGrant="160" UsedMemoryGrant="16" /></RunTimeInformation><Sort Distinct="false"><OrderBy><OrderByColumn Ascending="true"><ColumnReference Column="Union1193" /></OrderByColumn></OrderBy><RelOp AvgRowSize="39" EstimateCPU="2E-07" EstimateIO="0" EstimateRebinds="3425.8" EstimateRewinds="0" EstimatedExecutionMode="Row" EstimateRows="2" LogicalOp="Concatenation" NodeId="424" Parallel="true" PhysicalOp="Concatenation" EstimatedTotalSubtreeCost="43.1429"><OutputList><ColumnReference Column="Union1192" /><ColumnReference Column="Union1193" /></OutputList><RunTimeInformation><RunTimeCountersPerThread Thread="0" ActualRows="7038" Batches="0" ActualEndOfScans="8133" ActualExecutions="8133" ActualExecutionMode="Row" ActualElapsedms="2731" ActualCPUms="997" /></RunTimeInformation><Concat><DefinedValues><DefinedValue><ColumnReference Column="Union1192" /><ColumnReference Column="Expr1186" /><ColumnReference Column="Expr1191" /></DefinedValue><DefinedValue><ColumnReference Column="Union1193" /><ColumnReference Database="Database1" Schema="Schema1" Table="Object25" Alias="Object74" Column="Column257" /><ColumnReference Database="Database1" Schema="Schema1" Table="Object7" Alias="Object74" Column="Column257" /></DefinedValue></DefinedValues><RelOp AvgRowSize="39" EstimateCPU="5.53638E-06" EstimateIO="0" EstimateRebinds="3425.8" EstimateRewinds="0" EstimatedExecutionMode="Row" EstimateRows="1" LogicalOp="Inner Join" NodeId="425" Parallel="true" PhysicalOp="Nested Loops" EstimatedTotalSubtreeCost="17.958"><OutputList><ColumnReference Database="Database1" Schema="Schema1" Table="Object25" Alias="Object74" Column="Column257" /><ColumnReference Column="Expr1186" /></OutputList><RunTimeInformation><RunTimeCountersPerThread Thread="0" ActualRows="6941" Batches="0" ActualEndOfScans="8133" ActualExecutions="8133" ActualExecutionMode="Row" ActualElapsedms="1439" ActualCPUms="492" /></RunTimeInformation><NestedLoops Optimized="false"><OuterReferences><ColumnReference Database="Database1" Schema="Schema1" Table="Object25" Alias="Object74" Column="Column259" /></OuterReferences><RelOp AvgRowSize="66" EstimateCPU="0.0682005" EstimateIO="7.66177" EstimateRebinds="3425.8" EstimateRewinds="0" EstimatedExecutionMode="Row" EstimateRows="1.32449" LogicalOp="Eager Spool" NodeId="426" Parallel="true" PhysicalOp="Index Spool" EstimatedTotalSubtreeCost="15.4838"><OutputList><ColumnReference Database="Database1" Schema="Schema1" Table="Object25" Alias="Object74" Column="Column259" /><ColumnReference Database="Database1" Schema="Schema1" Table="Object25" Alias="Object74" Column="Column257" /><ColumnReference Column="Expr1186" /></OutputList><RunTimeInformation><RunTimeCountersPerThread Thread="0" ActualRebinds="1" ActualRewinds="8132" ActualRows="6945" ActualRowsRead="6945" Batches="0" ActualEndOfScans="8133" ActualExecutions="8133" ActualExecutionMode="Row" ActualElapsedms="1335" ActualCPUms="415" ActualScans="8133" ActualLogicalReads="222370" ActualPhysicalReads="0" ActualReadAheads="0" ActualLobLogicalReads="0" ActualLobPhysicalReads="0" ActualLobReadAheads="0" /></RunTimeInformation><Spool><SeekPredicateNew><SeekKeys><Prefix ScanType="EQ"><RangeColumns><ColumnReference Database="Database1" Schema="Schema1" Table="Object25" Alias="Object74" Column="Column46" /><ColumnReference Database="Database1" Schema="Schema1" Table="Object25" Alias="Object74" Column="Column2" /><ColumnReference Database="Database1" Schema="Schema1" Table="Object25" Alias="Object74" Column="Column121" /></RangeColumns><RangeExpressions><ScalarOperator ScalarString="ScalarString202"><Identifier><ColumnReference Database="Database1" Schema="Schema1" Table="Object23" Alias="Object72" Column="Column46" /></Identifier></ScalarOperator><ScalarOperator ScalarString="ScalarString203"><Identifier><ColumnReference Database="Database1" Schema="Schema1" Table="Object23" Alias="Object72" Column="Column2" /></Identifier></ScalarOperator><ScalarOperator ScalarString="ScalarString204"><Const ConstValue="Value41" /></ScalarOperator></RangeExpressions></Prefix></SeekKeys></SeekPredicateNew><RelOp AvgRowSize="126" EstimateCPU="0.0067942" EstimateIO="0" EstimateRebinds="0" EstimateRewinds="0" EstimatedExecutionMode="Row" EstimateRows="67942" LogicalOp="Compute Scalar" NodeId="427" Parallel="true" PhysicalOp="Compute Scalar" EstimatedTotalSubtreeCost="3.85444"><OutputList><ColumnReference Database="Database1" Schema="Schema1" Table="Object25" Alias="Object74" Column="Column46" /><ColumnReference Database="Database1" Schema="Schema1" Table="Object25" Alias="Object74" Column="Column259" /><ColumnReference Database="Database1" Schema="Schema1" Table="Object25" Alias="Object74" Column="Column257" /><ColumnReference Database="Database1" Schema="Schema1" Table="Object25" Alias="Object74" Column="Column121" /><ColumnReference Database="Database1" Schema="Schema1" Table="Object25" Alias="Object74" Column="Column2" /><ColumnReference Column="Expr1186" /></OutputList><ComputeScalar><DefinedValues><DefinedValue><ColumnReference Column="Expr1186" /><ScalarOperator ScalarString="ScalarString218"><IF><Condition><ScalarOperator><Compare CompareOp="EQ"><ScalarOperator><Identifier><ColumnReference Database="Database1" Schema="Schema1" Table="Object25" Alias="Object74" Column="Column262" /></Identifier></ScalarOperator><ScalarOperator><Const ConstValue="Value43" /></ScalarOperator></Compare></ScalarOperator></Condition><Then><ScalarOperator><Const ConstValue="Value46" /></ScalarOperator></Then><Else><ScalarOperator><IF><Condition><ScalarOperator><Compare CompareOp="EQ"><ScalarOperator><Identifier><ColumnReference Database="Database1" Schema="Schema1" Table="Object25" Alias="Object74" Column="Column262" /></Identifier></ScalarOperator><ScalarOperator><Const ConstValue="Value11" /></ScalarOperator></Compare></ScalarOperator></Condition><Then><ScalarOperator><Const ConstValue="Value47" /></ScalarOperator></Then><Else><ScalarOperator><IF><Condition><ScalarOperator><Compare CompareOp="EQ"><ScalarOperator><Identifier><ColumnReference Database="Database1" Schema="Schema1" Table="Object25" Alias="Object74" Column="Column262" /></Identifier></ScalarOperator><ScalarOperator><Const ConstValue="Value15" /></ScalarOperator></Compare></ScalarOperator></Condition><Then><ScalarOperator><Const ConstValue="Value48" /></ScalarOperator></Then><Else><ScalarOperator><IF><Condition><ScalarOperator><Compare CompareOp="EQ"><ScalarOperator><Identifier><ColumnReference Database="Database1" Schema="Schema1" Table="Object25" Alias="Object74" Column="Column262" /></Identifier></ScalarOperator><ScalarOperator><Const ConstValue="Value49" /></ScalarOperator></Compare></ScalarOperator></Condition><Then><ScalarOperator><Const ConstValue="Value50" /></ScalarOperator></Then><Else><ScalarOperator><Const ConstValue="Value4" /></ScalarOperator></Else></IF></ScalarOperator></Else></IF></ScalarOperator></Else></IF></ScalarOperator></Else></IF></ScalarOperator></DefinedValue></DefinedValues><RelOp AvgRowSize="107" EstimateCPU="0.0748932" EstimateIO="3.77275" EstimateRebinds="0" EstimateRewinds="0" EstimatedExecutionMode="Row" EstimateRows="67942" EstimatedRowsRead="67942" LogicalOp="Table Scan" NodeId="428" Parallel="true" PhysicalOp="Table Scan" EstimatedTotalSubtreeCost="3.84765" TableCardinality="67942"><OutputList><ColumnReference Database="Database1" Schema="Schema1" Table="Object25" Alias="Object74" Column="Column46" /><ColumnReference Database="Database1" Schema="Schema1" Table="Object25" Alias="Object74" Column="Column259" /><ColumnReference Database="Database1" Schema="Schema1" Table="Object25" Alias="Object74" Column="Column257" /><ColumnReference Database="Database1" Schema="Schema1" Table="Object25" Alias="Object74" Column="Column121" /><ColumnReference Database="Database1" Schema="Schema1" Table="Object25" Alias="Object74" Column="Column2" /><ColumnReference Database="Database1" Schema="Schema1" Table="Object25" Alias="Object74" Column="Column262" /></OutputList><RunTimeInformation><RunTimeCountersPerThread Thread="0" ActualRows="67942" ActualRowsRead="67942" Batches="0" ActualEndOfScans="1" ActualExecutions="1" ActualExecutionMode="Row" ActualElapsedms="54" ActualCPUms="30" ActualScans="1" ActualLogicalReads="5092" ActualPhysicalReads="0" ActualReadAheads="0" ActualLobLogicalReads="0" ActualLobPhysicalReads="0" ActualLobReadAheads="0" /></RunTimeInformation><TableScan Ordered="false" ForcedIndex="false" ForceScan="false" NoExpandHint="false" Storage="RowStore"><DefinedValues><DefinedValue><ColumnReference Database="Database1" Schema="Schema1" Table="Object25" Alias="Object74" Column="Column46" /></DefinedValue><DefinedValue><ColumnReference Database="Database1" Schema="Schema1" Table="Object25" Alias="Object74" Column="Column259" /></DefinedValue><DefinedValue><ColumnReference Database="Database1" Schema="Schema1" Table="Object25" Alias="Object74" Column="Column257" /></DefinedValue><DefinedValue><ColumnReference Database="Database1" Schema="Schema1" Table="Object25" Alias="Object74" Column="Column121" /></DefinedValue><DefinedValue><ColumnReference Database="Database1" Schema="Schema1" Table="Object25" Alias="Object74" Column="Column2" /></DefinedValue><DefinedValue><ColumnReference Database="Database1" Schema="Schema1" Table="Object25" Alias="Object74" Column="Column262" /></DefinedValue></DefinedValues><Object Database="Database1" Schema="Schema1" Table="Object25" Alias="Object74" TableReferenceId="2" IndexKind="Heap" Storage="RowStore" /></TableScan></RelOp></ComputeScalar></RelOp></Spool></RelOp><RelOp AvgRowSize="9" EstimateCPU="0.0001581" EstimateIO="0.003125" EstimateRebinds="4238" EstimateRewinds="299.764" EstimatedExecutionMode="Row" EstimateRows="1" EstimatedRowsRead="1" LogicalOp="Index Seek" NodeId="429" Parallel="true" PhysicalOp="Index Seek" EstimatedTotalSubtreeCost="2.45518" TableCardinality="1735950"><OutputList /><RunTimeInformation><RunTimeCountersPerThread Thread="0" ActualRows="6941" ActualRowsRead="6941" Batches="0" ActualEndOfScans="6945" ActualExecutions="6945" ActualExecutionMode="Row" ActualElapsedms="97" ActualCPUms="71" ActualScans="6945" ActualLogicalReads="20843" ActualPhysicalReads="0" ActualReadAheads="0" ActualLobLogicalReads="0" ActualLobPhysicalReads="0" ActualLobReadAheads="0" /></RunTimeInformation><IndexScan Ordered="true" ScanDirection="FORWARD" ForcedIndex="false" ForceSeek="false" ForceScan="false" NoExpandHint="false" Storage="RowStore"><DefinedValues /><Object Database="Database1" Schema="Schema1" Table="Object22" Index="Index6" Alias="Object73" TableReferenceId="3" IndexKind="NonClustered" Storage="RowStore" /><SeekPredicates><SeekPredicateNew><SeekKeys><Prefix ScanType="EQ"><RangeColumns><ColumnReference Database="Database1" Schema="Schema1" Table="Object22" Alias="Object73" Column="Column46" /><ColumnReference Database="Database1" Schema="Schema1" Table="Object22" Alias="Object73" Column="Column131" /><ColumnReference Database="Database1" Schema="Schema1" Table="Object22" Alias="Object73" Column="Column51" /></RangeColumns><RangeExpressions><ScalarOperator ScalarString="ScalarString202"><Identifier><ColumnReference Database="Database1" Schema="Schema1" Table="Object23" Alias="Object72" Column="Column46" /></Identifier></ScalarOperator><ScalarOperator ScalarString="ScalarString205"><Const ConstValue="Value42" /></ScalarOperator><ScalarOperator ScalarString="ScalarString206"><Identifier><ColumnReference Database="Database1" Schema="Schema1" Table="Object25" Alias="Object74" Column="Column259" /></Identifier></ScalarOperator></RangeExpressions></Prefix></SeekKeys></SeekPredicateNew></SeekPredicates></IndexScan></RelOp></NestedLoops></RelOp><RelOp AvgRowSize="39" EstimateCPU="4.18E-06" EstimateIO="0" EstimateRebinds="3425.8" EstimateRewinds="0" EstimatedExecutionMode="Row" EstimateRows="1" LogicalOp="Inner Join" NodeId="430" Parallel="true" PhysicalOp="Nested Loops" EstimatedTotalSubtreeCost="25.1842"><OutputList><ColumnReference Database="Database1" Schema="Schema1" Table="Object7" Alias="Object74" Column="Column257" /><ColumnReference Column="Expr1191" /></OutputList><RunTimeInformation><RunTimeCountersPerThread Thread="0" ActualRows="97" Batches="0" ActualEndOfScans="8133" ActualExecutions="8133" ActualExecutionMode="Row" ActualElapsedms="1287" ActualCPUms="500" /></RunTimeInformation><NestedLoops Optimized="false"><OuterReferences><ColumnReference Database="Database1" Schema="Schema1" Table="Object7" Alias="Object74" Column="Column259" /></OuterReferences><RelOp AvgRowSize="66" EstimateCPU="4.859E-06" EstimateIO="0" EstimateRebinds="3425.8" EstimateRewinds="0" EstimatedExecutionMode="Row" EstimateRows="1" LogicalOp="Filter" NodeId="431" Parallel="true" PhysicalOp="Filter" EstimatedTotalSubtreeCost="18.3781"><OutputList><ColumnReference Database="Database1" Schema="Schema1" Table="Object7" Alias="Object74" Column="Column259" /><ColumnReference Database="Database1" Schema="Schema1" Table="Object7" Alias="Object74" Column="Column257" /><ColumnReference Column="Expr1191" /></OutputList><RunTimeInformation><RunTimeCountersPerThread Thread="0" ActualRows="97" Batches="0" ActualEndOfScans="8133" ActualExecutions="8133" ActualExecutionMode="Row" ActualElapsedms="1284" ActualCPUms="497" /></RunTimeInformation><Filter StartupExpression="false"><RelOp AvgRowSize="73" EstimateCPU="0.0855672" EstimateIO="10.1212" EstimateRebinds="3425.8" EstimateRewinds="0" EstimatedExecutionMode="Row" EstimateRows="3.79609" LogicalOp="Eager Spool" NodeId="432" Parallel="true" PhysicalOp="Index Spool" EstimatedTotalSubtreeCost="18.3614"><OutputList><ColumnReference Database="Database1" Schema="Schema1" Table="Object7" Alias="Object74" Column="Column261" /><ColumnReference Database="Database1" Schema="Schema1" Table="Object7" Alias="Object74" Column="Column259" /><ColumnReference Database="Database1" Schema="Schema1" Table="Object7" Alias="Object74" Column="Column257" /><ColumnReference Database="Database1" Schema="Schema1" Table="Object7" Alias="Object74" Column="Column262" /><ColumnReference Column="Expr1191" /></OutputList><RunTimeInformation><RunTimeCountersPerThread Thread="0" ActualRebinds="1" ActualRewinds="8132" ActualRows="7470" ActualRowsRead="7470" Batches="0" ActualEndOfScans="8133" ActualExecutions="8133" ActualExecutionMode="Row" ActualElapsedms="1279" ActualCPUms="491" ActualScans="8133" ActualLogicalReads="274644" ActualPhysicalReads="0" ActualReadAheads="0" ActualLobLogicalReads="0" ActualLobPhysicalReads="0" ActualLobReadAheads="0" /></RunTimeInformation><Spool><SeekPredicateNew><SeekKeys><Prefix ScanType="EQ"><RangeColumns><ColumnReference Database="Database1" Schema="Schema1" Table="Object7" Alias="Object74" Column="Column46" /><ColumnReference Database="Database1" Schema="Schema1" Table="Object7" Alias="Object74" Column="Column2" /><ColumnReference Database="Database1" Schema="Schema1" Table="Object7" Alias="Object74" Column="Column121" /></RangeColumns><RangeExpressions><ScalarOperator ScalarString="ScalarString202"><Identifier><ColumnReference Database="Database1" Schema="Schema1" Table="Object23" Alias="Object72" Column="Column46" /></Identifier></ScalarOperator><ScalarOperator ScalarString="ScalarString203"><Identifier><ColumnReference Database="Database1" Schema="Schema1" Table="Object23" Alias="Object72" Column="Column2" /></Identifier></ScalarOperator><ScalarOperator ScalarString="ScalarString204"><Const ConstValue="Value41" /></ScalarOperator></RangeExpressions></Prefix></SeekKeys></SeekPredicateNew><RelOp AvgRowSize="133" EstimateCPU="0.0085306" EstimateIO="0" EstimateRebinds="0" EstimateRewinds="0" EstimatedExecutionMode="Row" EstimateRows="85306" LogicalOp="Compute Scalar" NodeId="433" Parallel="true" PhysicalOp="Compute Scalar" EstimatedTotalSubtreeCost="3.68565"><OutputList><ColumnReference Database="Database1" Schema="Schema1" Table="Object7" Alias="Object74" Column="Column261" /><ColumnReference Database="Database1" Schema="Schema1" Table="Object7" Alias="Object74" Column="Column46" /><ColumnReference Database="Database1" Schema="Schema1" Table="Object7" Alias="Object74" Column="Column259" /><ColumnReference Database="Database1" Schema="Schema1" Table="Object7" Alias="Object74" Column="Column257" /><ColumnReference Database="Database1" Schema="Schema1" Table="Object7" Alias="Object74" Column="Column121" /><ColumnReference Database="Database1" Schema="Schema1" Table="Object7" Alias="Object74" Column="Column2" /><ColumnReference Database="Database1" Schema="Schema1" Table="Object7" Alias="Object74" Column="Column262" /><ColumnReference Column="Expr1191" /></OutputList><ComputeScalar><DefinedValues><DefinedValue><ColumnReference Column="Expr1191" /><ScalarOperator ScalarString="ScalarString219"><IF><Condition><ScalarOperator><Compare CompareOp="EQ"><ScalarOperator><Identifier><ColumnReference Database="Database1" Schema="Schema1" Table="Object7" Alias="Object74" Column="Column262" /></Identifier></ScalarOperator><ScalarOperator><Const ConstValue="Value43" /></ScalarOperator></Compare></ScalarOperator></Condition><Then><ScalarOperator><Const ConstValue="Value46" /></ScalarOperator></Then><Else><ScalarOperator><IF><Condition><ScalarOperator><Compare CompareOp="EQ"><ScalarOperator><Identifier><ColumnReference Database="Database1" Schema="Schema1" Table="Object7" Alias="Object74" Column="Column262" /></Identifier></ScalarOperator><ScalarOperator><Const ConstValue="Value11" /></ScalarOperator></Compare></ScalarOperator></Condition><Then><ScalarOperator><Const ConstValue="Value47" /></ScalarOperator></Then><Else><ScalarOperator><IF><Condition><ScalarOperator><Compare CompareOp="EQ"><ScalarOperator><Identifier><ColumnReference Database="Database1" Schema="Schema1" Table="Object7" Alias="Object74" Column="Column262" /></Identifier></ScalarOperator><ScalarOperator><Const ConstValue="Value15" /></ScalarOperator></Compare></ScalarOperator></Condition><Then><ScalarOperator><Const ConstValue="Value48" /></ScalarOperator></Then><Else><ScalarOperator><IF><Condition><ScalarOperator><Compare CompareOp="EQ"><ScalarOperator><Identifier><ColumnReference Database="Database1" Schema="Schema1" Table="Object7" Alias="Object74" Column="Column262" /></Identifier></ScalarOperator><ScalarOperator><Const ConstValue="Value49" /></ScalarOperator></Compare></ScalarOperator></Condition><Then><ScalarOperator><Const ConstValue="Value50" /></ScalarOperator></Then><Else><ScalarOperator><Const ConstValue="Value4" /></ScalarOperator></Else></IF></ScalarOperator></Else></IF></ScalarOperator></Else></IF></ScalarOperator></Else></IF></ScalarOperator></DefinedValue></DefinedValues><RelOp AvgRowSize="111" EstimateCPU="0.0939151" EstimateIO="3.5832" EstimateRebinds="0" EstimateRewinds="0" EstimatedExecutionMode="Row" EstimateRows="85306" EstimatedRowsRead="85306" LogicalOp="Table Scan" NodeId="434" Parallel="true" PhysicalOp="Table Scan" EstimatedTotalSubtreeCost="3.67712" TableCardinality="85306"><OutputList><ColumnReference Database="Database1" Schema="Schema1" Table="Object7" Alias="Object74" Column="Column261" /><ColumnReference Database="Database1" Schema="Schema1" Table="Object7" Alias="Object74" Column="Column46" /><ColumnReference Database="Database1" Schema="Schema1" Table="Object7" Alias="Object74" Column="Column259" /><ColumnReference Database="Database1" Schema="Schema1" Table="Object7" Alias="Object74" Column="Column257" /><ColumnReference Database="Database1" Schema="Schema1" Table="Object7" Alias="Object74" Column="Column121" /><ColumnReference Database="Database1" Schema="Schema1" Table="Object7" Alias="Object74" Column="Column2" /><ColumnReference Database="Database1" Schema="Schema1" Table="Object7" Alias="Object74" Column="Column262" /></OutputList><RunTimeInformation><RunTimeCountersPerThread Thread="0" ActualRows="85306" ActualRowsRead="85306" Batches="0" ActualEndOfScans="1" ActualExecutions="1" ActualExecutionMode="Row" ActualElapsedms="61" ActualCPUms="38" ActualScans="1" ActualLogicalReads="4834" ActualPhysicalReads="0" ActualReadAheads="0" ActualLobLogicalReads="0" ActualLobPhysicalReads="0" ActualLobReadAheads="0" /></RunTimeInformation><TableScan Ordered="false" ForcedIndex="false" ForceScan="false" NoExpandHint="false" Storage="RowStore"><DefinedValues><DefinedValue><ColumnReference Database="Database1" Schema="Schema1" Table="Object7" Alias="Object74" Column="Column261" /></DefinedValue><DefinedValue><ColumnReference Database="Database1" Schema="Schema1" Table="Object7" Alias="Object74" Column="Column46" /></DefinedValue><DefinedValue><ColumnReference Database="Database1" Schema="Schema1" Table="Object7" Alias="Object74" Column="Column259" /></DefinedValue><DefinedValue><ColumnReference Database="Database1" Schema="Schema1" Table="Object7" Alias="Object74" Column="Column257" /></DefinedValue><DefinedValue><ColumnReference Database="Database1" Schema="Schema1" Table="Object7" Alias="Object74" Column="Column121" /></DefinedValue><DefinedValue><ColumnReference Database="Database1" Schema="Schema1" Table="Object7" Alias="Object74" Column="Column2" /></DefinedValue><DefinedValue><ColumnReference Database="Database1" Schema="Schema1" Table="Object7" Alias="Object74" Column="Column262" /></DefinedValue></DefinedValues><Object Database="Database1" Schema="Schema1" Table="Object7" Alias="Object74" TableReferenceId="2" IndexKind="Heap" Storage="RowStore" /></TableScan></RelOp></ComputeScalar></RelOp></Spool></RelOp><Predicate><ScalarOperator ScalarString="ScalarString208"><Logical Operation="AND"><ScalarOperator><Logical Operation="OR"><ScalarOperator><Compare CompareOp="EQ"><ScalarOperator><Identifier><ColumnReference Database="Database1" Schema="Schema1" Table="Object7" Alias="Object74" Column="Column262" /></Identifier></ScalarOperator><ScalarOperator><Const ConstValue="Value12" /></ScalarOperator></Compare></ScalarOperator><ScalarOperator><Compare CompareOp="EQ"><ScalarOperator><Identifier><ColumnReference Database="Database1" Schema="Schema1" Table="Object7" Alias="Object74" Column="Column262" /></Identifier></ScalarOperator><ScalarOperator><Const ConstValue="Value43" /></ScalarOperator></Compare></ScalarOperator></Logical></ScalarOperator><ScalarOperator><Compare CompareOp="NE"><ScalarOperator><Identifier><ColumnReference Database="Database1" Schema="Schema1" Table="Object7" Alias="Object74" Column="Column261" /></Identifier></ScalarOperator><ScalarOperator><Const ConstValue="Value34" /></ScalarOperator></Compare></ScalarOperator></Logical></ScalarOperator></Predicate></Filter></RelOp><RelOp AvgRowSize="9" EstimateCPU="0.0001581" EstimateIO="0.003125" EstimateRebinds="3425.8" EstimateRewinds="0" EstimatedExecutionMode="Row" EstimateRows="1" EstimatedRowsRead="1" LogicalOp="Index Seek" NodeId="435" Parallel="true" PhysicalOp="Index Seek" EstimatedTotalSubtreeCost="6.79182" TableCardinality="1735950"><OutputList /><RunTimeInformation><RunTimeCountersPerThread Thread="0" ActualRows="97" ActualRowsRead="97" Batches="0" ActualEndOfScans="97" ActualExecutions="97" ActualExecutionMode="Row" ActualElapsedms="0" ActualCPUms="0" ActualScans="97" ActualLogicalReads="293" ActualPhysicalReads="0" ActualReadAheads="0" ActualLobLogicalReads="0" ActualLobPhysicalReads="0" ActualLobReadAheads="0" /></RunTimeInformation><IndexScan Ordered="true" ScanDirection="FORWARD" ForcedIndex="false" ForceSeek="false" ForceScan="false" NoExpandHint="false" Storage="RowStore"><DefinedValues /><Object Database="Database1" Schema="Schema1" Table="Object22" Index="Index6" Alias="Object73" TableReferenceId="4" IndexKind="NonClustered" Storage="RowStore" /><SeekPredicates><SeekPredicateNew><SeekKeys><Prefix ScanType="EQ"><RangeColumns><ColumnReference Database="Database1" Schema="Schema1" Table="Object22" Alias="Object73" Column="Column46" /><ColumnReference Database="Database1" Schema="Schema1" Table="Object22" Alias="Object73" Column="Column131" /><ColumnReference Database="Database1" Schema="Schema1" Table="Object22" Alias="Object73" Column="Column51" /></RangeColumns><RangeExpressions><ScalarOperator ScalarString="ScalarString202"><Identifier><ColumnReference Database="Database1" Schema="Schema1" Table="Object23" Alias="Object72" Column="Column46" /></Identifier></ScalarOperator><ScalarOperator ScalarString="ScalarString205"><Const ConstValue="Value42" /></ScalarOperator><ScalarOperator ScalarString="ScalarString209"><Identifier><ColumnReference Database="Database1" Schema="Schema1" Table="Object7" Alias="Object74" Column="Column259" /></Identifier></ScalarOperator></RangeExpressions></Prefix></SeekKeys></SeekPredicateNew></SeekPredicates></IndexScan></RelOp></NestedLoops></RelOp></Concat></RelOp></Sort></RelOp></ComputeScalar></RelOp></Extension></RelOp></ComputeScalar></RelOp><RelOp AvgRowSize="4035" EstimateCPU="1.1E-06" EstimateIO="0" EstimateRebinds="3425.8" EstimateRewinds="0" EstimatedExecutionMode="Row" EstimateRows="1" LogicalOp="Aggregate" NodeId="436" Parallel="true" PhysicalOp="Stream Aggregate" EstimatedTotalSubtreeCost="17.207"><OutputList><ColumnReference Column="Expr1202" /></OutputList><RunTimeInformation><RunTimeCountersPerThread Thread="0" ActualRows="8133" Batches="0" ActualEndOfScans="0" ActualExecutions="8133" ActualExecutionMode="Row" ActualElapsedms="87" ActualCPUms="87" /></RunTimeInformation><StreamAggregate><DefinedValues><DefinedValue><ColumnReference Column="Expr1202" /><ScalarOperator ScalarString="ScalarString220"><Aggregate AggType="MIN" Distinct="false"><ScalarOperator><IF><Condition><ScalarOperator><Compare CompareOp="IS"><ScalarOperator><Identifier><ColumnReference Column="Expr1196" /></Identifier></ScalarOperator><ScalarOperator><Const ConstValue="Value7" /></ScalarOperator></Compare></ScalarOperator></Condition><Then><ScalarOperator><Const ConstValue="Value7" /></ScalarOperator></Then><Else><ScalarOperator><IF><Condition><ScalarOperator><Compare CompareOp="GE"><ScalarOperator><Intrinsic FunctionName="Function12"><ScalarOperator><Identifier><ColumnReference Table="Object29" Column="Column263" /></Identifier></ScalarOperator></Intrinsic></ScalarOperator><ScalarOperator><Const ConstValue="Value44" /></ScalarOperator></Compare></ScalarOperator></Condition><Then><ScalarOperator><Convert DataType="nvarchar(max)" Length="2147483647" Style="0" Implicit="true"><ScalarOperator><Identifier><ColumnReference Table="Object29" Column="Column264" /></Identifier></ScalarOperator></Convert></ScalarOperator></Then><Else><ScalarOperator><Convert DataType="nvarchar(max)" Length="2147483647" Style="0" Implicit="true"><ScalarOperator><Identifier><ColumnReference Table="Object29" Column="Column263" /></Identifier></ScalarOperator></Convert></ScalarOperator></Else></IF></ScalarOperator></Else></IF></ScalarOperator></Aggregate></ScalarOperator></DefinedValue></DefinedValues><RelOp AvgRowSize="8045" EstimateCPU="1E-07" EstimateIO="0" EstimateRebinds="3425.8" EstimateRewinds="0" EstimatedExecutionMode="Row" EstimateRows="1" LogicalOp="Top" NodeId="437" Parallel="true" PhysicalOp="Top" EstimatedTotalSubtreeCost="17.2032"><OutputList><ColumnReference Table="Object29" Column="Column263" /><ColumnReference Table="Object29" Column="Column264" /></OutputList><RunTimeInformation><RunTimeCountersPerThread Thread="0" ActualRows="6687" Batches="0" ActualEndOfScans="8133" ActualExecutions="8133" ActualExecutionMode="Row" ActualElapsedms="54" ActualCPUms="54" /></RunTimeInformation><Top RowCount="false" IsPercent="false" WithTies="false"><TopExpression><ScalarOperator ScalarString="ScalarString117"><Const ConstValue="Value10" /></ScalarOperator></TopExpression><RelOp AvgRowSize="8949" EstimateCPU="2E-05" EstimateIO="0" EstimateRebinds="3425.8" EstimateRewinds="0" EstimatedExecutionMode="Row" EstimateRows="1" EstimateRowsWithoutRowGoal="200" LogicalOp="Compute Scalar" NodeId="438" Parallel="true" PhysicalOp="Compute Scalar" EstimatedTotalSubtreeCost="17.2029"><OutputList><ColumnReference Table="Object29" Column="Column265" /><ColumnReference Table="Object29" Column="Column263" /><ColumnReference Table="Object29" Column="Column264" /><ColumnReference Column="Expr1201" /></OutputList><ComputeScalar><DefinedValues><DefinedValue><ColumnReference Column="Expr1201" /><ScalarOperator ScalarString="ScalarString212"><Const ConstValue="Value45" /></ScalarOperator></DefinedValue></DefinedValues><RelOp AvgRowSize="8497" EstimateCPU="1.004" EstimateIO="0" EstimateRebinds="3425.8" EstimateRewinds="0" EstimatedExecutionMode="Row" EstimateRows="1" EstimateRowsWithoutRowGoal="200" LogicalOp="Table-valued function" NodeId="439" Parallel="true" PhysicalOp="Table-valued function" EstimatedTotalSubtreeCost="17.2025"><OutputList><ColumnReference Table="Object29" Column="Column265" /><ColumnReference Table="Object29" Column="Column263" /><ColumnReference Table="Object29" Column="Column264" /></OutputList><RunTimeInformation><RunTimeCountersPerThread Thread="0" ActualRebinds="8133" ActualRewinds="0" ActualRows="6687" Batches="0" ActualEndOfScans="1446" ActualExecutions="8133" ActualExecutionMode="Row" ActualElapsedms="50" ActualCPUms="50" /></RunTimeInformation><TableValuedFunction><DefinedValues><DefinedValue><ColumnReference Table="Object29" Column="Column265" /></DefinedValue><DefinedValue><ColumnReference Table="Object29" Column="Column263" /></DefinedValue><DefinedValue><ColumnReference Table="Object29" Column="Column264" /></DefinedValue></DefinedValues><Object Table="Object29" /><ParameterList><ScalarOperator ScalarString="ScalarString221"><Identifier><ColumnReference Column="Expr1196" /></Identifier></ScalarOperator><ScalarOperator ScalarString="ScalarString214"><Const ConstValue="Value23" /></ScalarOperator><ScalarOperator ScalarString="ScalarString215"><Const ConstValue="Value7" /></ScalarOperator><ScalarOperator ScalarString="ScalarString215"><Const ConstValue="Value7" /></ScalarOperator></ParameterList></TableValuedFunction></RelOp></ComputeScalar></RelOp></Top></RelOp></StreamAggregate></RelOp></NestedLoops></RelOp></NestedLoops></RelOp></ComputeScalar></RelOp></Spool></RelOp></NestedLoops></RelOp><RelOp AvgRowSize="20139" EstimateCPU="0.000258254" EstimateIO="0.003125" EstimateRebinds="22208.2" EstimateRewinds="5.4867" EstimatedExecutionMode="Row" EstimateRows="1" LogicalOp="Lazy Spool" NodeId="440" Parallel="true" PhysicalOp="Index Spool" EstimatedTotalSubtreeCost="307.336"><OutputList><ColumnReference Column="Expr1222" /><ColumnReference Column="Expr1234" /><ColumnReference Column="Expr1246" /><ColumnReference Column="Expr1258" /><ColumnReference Column="Expr1270" /></OutputList><RunTimeInformation><RunTimeCountersPerThread Thread="0" ActualRebinds="8133" ActualRewinds="2478" ActualRows="5534" ActualRowsRead="10611" Batches="0" ActualEndOfScans="5077" ActualExecutions="10611" ActualExecutionMode="Row" ActualElapsedms="2059" ActualCPUms="1191" ActualScans="18744" ActualLogicalReads="70702" ActualPhysicalReads="0" ActualReadAheads="0" ActualLobLogicalReads="0" ActualLobPhysicalReads="0" ActualLobReadAheads="0" /></RunTimeInformation><Spool><SeekPredicateNew><SeekKeys><Prefix ScanType="EQ"><RangeColumns><ColumnReference Database="Database1" Schema="Schema1" Table="Object23" Alias="Object31" Column="Column2" /></RangeColumns><RangeExpressions><ScalarOperator ScalarString="ScalarString185"><Identifier><ColumnReference Database="Database1" Schema="Schema1" Table="Object23" Alias="Object31" Column="Column2" /></Identifier></ScalarOperator></RangeExpressions></Prefix></SeekKeys></SeekPredicateNew><RelOp AvgRowSize="20139" EstimateCPU="1E-07" EstimateIO="0" EstimateRebinds="3426.8" EstimateRewinds="0" EstimatedExecutionMode="Row" EstimateRows="1" LogicalOp="Compute Scalar" NodeId="441" Parallel="true" PhysicalOp="Compute Scalar" EstimatedTotalSubtreeCost="294.829"><OutputList><ColumnReference Column="Expr1222" /><ColumnReference Column="Expr1234" /><ColumnReference Column="Expr1246" /><ColumnReference Column="Expr1258" /><ColumnReference Column="Expr1270" /></OutputList><ComputeScalar><DefinedValues><DefinedValue><ColumnReference Column="Expr1222" /><ScalarOperator ScalarString="ScalarString222"><Intrinsic FunctionName="Function11"><ScalarOperator><Identifier><ColumnReference Column="Expr1221" /></Identifier></ScalarOperator><ScalarOperator><Const ConstValue="Value10" /></ScalarOperator><ScalarOperator><Const ConstValue="Value29" /></ScalarOperator><ScalarOperator><Const ConstValue="Value4" /></ScalarOperator></Intrinsic></ScalarOperator></DefinedValue><DefinedValue><ColumnReference Column="Expr1234" /><ScalarOperator ScalarString="ScalarString223"><Intrinsic FunctionName="Function11"><ScalarOperator><Identifier><ColumnReference Column="Expr1233" /></Identifier></ScalarOperator><ScalarOperator><Const ConstValue="Value10" /></ScalarOperator><ScalarOperator><Const ConstValue="Value29" /></ScalarOperator><ScalarOperator><Const ConstValue="Value4" /></ScalarOperator></Intrinsic></ScalarOperator></DefinedValue><DefinedValue><ColumnReference Column="Expr1246" /><ScalarOperator ScalarString="ScalarString224"><Intrinsic FunctionName="Function11"><ScalarOperator><Identifier><ColumnReference Column="Expr1245" /></Identifier></ScalarOperator><ScalarOperator><Const ConstValue="Value10" /></ScalarOperator><ScalarOperator><Const ConstValue="Value29" /></ScalarOperator><ScalarOperator><Const ConstValue="Value4" /></ScalarOperator></Intrinsic></ScalarOperator></DefinedValue><DefinedValue><ColumnReference Column="Expr1258" /><ScalarOperator ScalarString="ScalarString225"><Intrinsic FunctionName="Function11"><ScalarOperator><Identifier><ColumnReference Column="Expr1257" /></Identifier></ScalarOperator><ScalarOperator><Const ConstValue="Value10" /></ScalarOperator><ScalarOperator><Const ConstValue="Value29" /></ScalarOperator><ScalarOperator><Const ConstValue="Value4" /></ScalarOperator></Intrinsic></ScalarOperator></DefinedValue><DefinedValue><ColumnReference Column="Expr1270" /><ScalarOperator ScalarString="ScalarString226"><Intrinsic FunctionName="Function11"><ScalarOperator><Identifier><ColumnReference Column="Expr1269" /></Identifier></ScalarOperator><ScalarOperator><Const ConstValue="Value10" /></ScalarOperator><ScalarOperator><Const ConstValue="Value10" /></ScalarOperator><ScalarOperator><Const ConstValue="Value4" /></ScalarOperator></Intrinsic></ScalarOperator></DefinedValue></DefinedValues><RelOp AvgRowSize="20139" EstimateCPU="4.18E-06" EstimateIO="0" EstimateRebinds="3426.8" EstimateRewinds="0" EstimatedExecutionMode="Row" EstimateRows="1" LogicalOp="Inner Join" NodeId="442" Parallel="true" PhysicalOp="Nested Loops" EstimatedTotalSubtreeCost="294.828"><OutputList><ColumnReference Column="Expr1221" /><ColumnReference Column="Expr1233" /><ColumnReference Column="Expr1245" /><ColumnReference Column="Expr1257" /><ColumnReference Column="Expr1269" /></OutputList><RunTimeInformation><RunTimeCountersPerThread Thread="0" ActualRows="3772" Batches="0" ActualEndOfScans="4361" ActualExecutions="8133" ActualExecutionMode="Row" ActualElapsedms="1729" ActualCPUms="1000" /></RunTimeInformation><NestedLoops Optimized="false"><OuterReferences><ColumnReference Database="Database1" Schema="Schema1" Table="Object18" Alias="Object72" Column="Column51" /><ColumnReference Database="Database1" Schema="Schema1" Table="Object18" Alias="Object72" Column="Column46" /></OuterReferences><RelOp AvgRowSize="16139" EstimateCPU="4.18E-06" EstimateIO="0" EstimateRebinds="3426.8" EstimateRewinds="0" EstimatedExecutionMode="Row" EstimateRows="1" LogicalOp="Inner Join" NodeId="443" Parallel="true" PhysicalOp="Nested Loops" EstimatedTotalSubtreeCost="236.603"><OutputList><ColumnReference Database="Database1" Schema="Schema1" Table="Object18" Alias="Object72" Column="Column51" /><ColumnReference Database="Database1" Schema="Schema1" Table="Object18" Alias="Object72" Column="Column46" /><ColumnReference Column="Expr1221" /><ColumnReference Column="Expr1233" /><ColumnReference Column="Expr1245" /><ColumnReference Column="Expr1257" /></OutputList><RunTimeInformation><RunTimeCountersPerThread Thread="0" ActualRows="3772" Batches="0" ActualEndOfScans="4361" ActualExecutions="8133" ActualExecutionMode="Row" ActualElapsedms="1436" ActualCPUms="830" /></RunTimeInformation><NestedLoops Optimized="false"><OuterReferences><ColumnReference Database="Database1" Schema="Schema1" Table="Object18" Alias="Object72" Column="Column51" /><ColumnReference Database="Database1" Schema="Schema1" Table="Object18" Alias="Object72" Column="Column46" /></OuterReferences><RelOp AvgRowSize="12113" EstimateCPU="4.18E-06" EstimateIO="0" EstimateRebinds="3426.8" EstimateRewinds="0" EstimatedExecutionMode="Row" EstimateRows="1" LogicalOp="Inner Join" NodeId="444" Parallel="true" PhysicalOp="Nested Loops" EstimatedTotalSubtreeCost="178.162"><OutputList><ColumnReference Database="Database1" Schema="Schema1" Table="Object18" Alias="Object72" Column="Column51" /><ColumnReference Database="Database1" Schema="Schema1" Table="Object18" Alias="Object72" Column="Column46" /><ColumnReference Column="Expr1221" /><ColumnReference Column="Expr1233" /><ColumnReference Column="Expr1245" /></OutputList><RunTimeInformation><RunTimeCountersPerThread Thread="0" ActualRows="3772" Batches="0" ActualEndOfScans="4361" ActualExecutions="8133" ActualExecutionMode="Row" ActualElapsedms="1115" ActualCPUms="658" /></RunTimeInformation><NestedLoops Optimized="false"><OuterReferences><ColumnReference Database="Database1" Schema="Schema1" Table="Object18" Alias="Object72" Column="Column51" /><ColumnReference Database="Database1" Schema="Schema1" Table="Object18" Alias="Object72" Column="Column46" /></OuterReferences><RelOp AvgRowSize="8087" EstimateCPU="4.18E-06" EstimateIO="0" EstimateRebinds="3426.8" EstimateRewinds="0" EstimatedExecutionMode="Row" EstimateRows="1" LogicalOp="Inner Join" NodeId="445" Parallel="true" PhysicalOp="Nested Loops" EstimatedTotalSubtreeCost="119.722"><OutputList><ColumnReference Database="Database1" Schema="Schema1" Table="Object18" Alias="Object72" Column="Column51" /><ColumnReference Database="Database1" Schema="Schema1" Table="Object18" Alias="Object72" Column="Column46" /><ColumnReference Column="Expr1221" /><ColumnReference Column="Expr1233" /></OutputList><RunTimeInformation><RunTimeCountersPerThread Thread="0" ActualRows="3772" Batches="0" ActualEndOfScans="4361" ActualExecutions="8133" ActualExecutionMode="Row" ActualElapsedms="761" ActualCPUms="475" /></RunTimeInformation><NestedLoops Optimized="false"><OuterReferences><ColumnReference Database="Database1" Schema="Schema1" Table="Object18" Alias="Object72" Column="Column51" /><ColumnReference Database="Database1" Schema="Schema1" Table="Object18" Alias="Object72" Column="Column46" /></OuterReferences><RelOp AvgRowSize="4061" EstimateCPU="4.18E-06" EstimateIO="0" EstimateRebinds="3426.8" EstimateRewinds="0" EstimatedExecutionMode="Row" EstimateRows="1" LogicalOp="Inner Join" NodeId="446" Parallel="true" PhysicalOp="Nested Loops" EstimatedTotalSubtreeCost="61.0343"><OutputList><ColumnReference Database="Database1" Schema="Schema1" Table="Object18" Alias="Object72" Column="Column51" /><ColumnReference Database="Database1" Schema="Schema1" Table="Object18" Alias="Object72" Column="Column46" /><ColumnReference Column="Expr1221" /></OutputList><RunTimeInformation><RunTimeCountersPerThread Thread="0" ActualRows="3772" Batches="0" ActualEndOfScans="4361" ActualExecutions="8133" ActualExecutionMode="Row" ActualElapsedms="434" ActualCPUms="276" /></RunTimeInformation><NestedLoops Optimized="false"><OuterReferences><ColumnReference Database="Database1" Schema="Schema1" Table="Object18" Alias="Object72" Column="Column51" /><ColumnReference Database="Database1" Schema="Schema1" Table="Object18" Alias="Object72" Column="Column46" /></OuterReferences><RelOp AvgRowSize="35" EstimateCPU="1.1626E-06" EstimateIO="0" EstimateRebinds="3426.8" EstimateRewinds="0" EstimatedExecutionMode="Row" EstimateRows="1" LogicalOp="Aggregate" NodeId="447" Parallel="true" PhysicalOp="Stream Aggregate" EstimatedTotalSubtreeCost="0.910518"><OutputList><ColumnReference Database="Database1" Schema="Schema1" Table="Object18" Alias="Object72" Column="Column51" /><ColumnReference Database="Database1" Schema="Schema1" Table="Object18" Alias="Object72" Column="Column46" /></OutputList><RunTimeInformation><RunTimeCountersPerThread Thread="0" ActualRows="3772" Batches="0" ActualEndOfScans="4361" ActualExecutions="8133" ActualExecutionMode="Row" ActualElapsedms="135" ActualCPUms="97" /></RunTimeInformation><StreamAggregate><DefinedValues><DefinedValue><ColumnReference Database="Database1" Schema="Schema1" Table="Object18" Alias="Object72" Column="Column51" /><ScalarOperator ScalarString="ScalarString227"><Aggregate AggType="ANY" Distinct="false"><ScalarOperator><Identifier><ColumnReference Database="Database1" Schema="Schema1" Table="Object18" Alias="Object72" Column="Column51" /></Identifier></ScalarOperator></Aggregate></ScalarOperator></DefinedValue><DefinedValue><ColumnReference Database="Database1" Schema="Schema1" Table="Object18" Alias="Object72" Column="Column46" /><ScalarOperator ScalarString="ScalarString228"><Aggregate AggType="ANY" Distinct="false"><ScalarOperator><Identifier><ColumnReference Database="Database1" Schema="Schema1" Table="Object18" Alias="Object72" Column="Column46" /></Identifier></ScalarOperator></Aggregate></ScalarOperator></DefinedValue></DefinedValues><RelOp AvgRowSize="41" EstimateCPU="0.000158458" EstimateIO="0.003125" EstimateRebinds="3426.8" EstimateRewinds="0" EstimatedExecutionMode="Row" EstimateRows="1.3252" EstimatedRowsRead="1.3252" LogicalOp="Index Seek" NodeId="448" Parallel="true" PhysicalOp="Index Seek" EstimatedTotalSubtreeCost="0.902536" TableCardinality="9507"><OutputList><ColumnReference Database="Database1" Schema="Schema1" Table="Object18" Alias="Object72" Column="Column51" /><ColumnReference Database="Database1" Schema="Schema1" Table="Object18" Alias="Object72" Column="Column46" /></OutputList><RunTimeInformation><RunTimeCountersPerThread Thread="0" ActualRows="5065" ActualRowsRead="5065" Batches="0" ActualEndOfScans="8133" ActualExecutions="8133" ActualExecutionMode="Row" ActualElapsedms="128" ActualCPUms="90" ActualScans="8133" ActualLogicalReads="16384" ActualPhysicalReads="0" ActualReadAheads="0" ActualLobLogicalReads="0" ActualLobPhysicalReads="0" ActualLobReadAheads="0" /></RunTimeInformation><IndexScan Ordered="true" ScanDirection="FORWARD" ForcedIndex="false" ForceSeek="false" ForceScan="false" NoExpandHint="false" Storage="RowStore"><DefinedValues><DefinedValue><ColumnReference Database="Database1" Schema="Schema1" Table="Object18" Alias="Object72" Column="Column51" /></DefinedValue><DefinedValue><ColumnReference Database="Database1" Schema="Schema1" Table="Object18" Alias="Object72" Column="Column46" /></DefinedValue></DefinedValues><Object Database="Database1" Schema="Schema1" Table="Object18" Index="Index12" Alias="Object72" IndexKind="NonClustered" Storage="RowStore" /><SeekPredicates><SeekPredicateNew><SeekKeys><Prefix ScanType="EQ"><RangeColumns><ColumnReference Database="Database1" Schema="Schema1" Table="Object18" Alias="Object72" Column="Column51" /></RangeColumns><RangeExpressions><ScalarOperator ScalarString="ScalarString185"><Identifier><ColumnReference Database="Database1" Schema="Schema1" Table="Object23" Alias="Object31" Column="Column2" /></Identifier></ScalarOperator></RangeExpressions></Prefix></SeekKeys></SeekPredicateNew></SeekPredicates><Predicate><ScalarOperator ScalarString="ScalarString229"><Logical Operation="AND"><ScalarOperator><Compare CompareOp="EQ"><ScalarOperator><Identifier><ColumnReference Database="Database1" Schema="Schema1" Table="Object18" Alias="Object72" Column="Column131" /></Identifier></ScalarOperator><ScalarOperator><Const ConstValue="Value19" /></ScalarOperator></Compare></ScalarOperator><ScalarOperator><Compare CompareOp="EQ"><ScalarOperator><Identifier><ColumnReference Database="Database1" Schema="Schema1" Table="Object18" Alias="Object72" Column="Column46" /></Identifier></ScalarOperator><ScalarOperator><Const ConstValue="Value8" /></ScalarOperator></Compare></ScalarOperator></Logical></ScalarOperator></Predicate></IndexScan></RelOp></StreamAggregate></RelOp><RelOp AvgRowSize="4035" EstimateCPU="4.18E-06" EstimateIO="0" EstimateRebinds="3426.8" EstimateRewinds="0" EstimatedExecutionMode="Row" EstimateRows="1" LogicalOp="Inner Join" NodeId="449" Parallel="true" PhysicalOp="Nested Loops" EstimatedTotalSubtreeCost="60.1095"><OutputList><ColumnReference Column="Expr1221" /></OutputList><RunTimeInformation><RunTimeCountersPerThread Thread="0" ActualRows="3772" Batches="0" ActualEndOfScans="0" ActualExecutions="3772" ActualExecutionMode="Row" ActualElapsedms="291" ActualCPUms="171" /></RunTimeInformation><NestedLoops Optimized="false"><OuterReferences><ColumnReference Column="Expr1215" /></OuterReferences><RelOp AvgRowSize="4035" EstimateCPU="1E-07" EstimateIO="0" EstimateRebinds="3426.8" EstimateRewinds="0" EstimatedExecutionMode="Row" EstimateRows="1" LogicalOp="Compute Scalar" NodeId="450" Parallel="true" PhysicalOp="Compute Scalar" EstimatedTotalSubtreeCost="42.8832"><OutputList><ColumnReference Column="Expr1215" /></OutputList><ComputeScalar><DefinedValues><DefinedValue><ColumnReference Column="Expr1215" /><ScalarOperator ScalarString="ScalarString230"><Identifier><ColumnReference Column="Expr1214" /></Identifier></ScalarOperator></DefinedValue></DefinedValues><RelOp AvgRowSize="4035" EstimateCPU="1E-06" EstimateIO="0" EstimateRebinds="3426.8" EstimateRewinds="0" EstimatedExecutionMode="Row" EstimateRows="1" LogicalOp="UDX" NodeId="451" Parallel="true" PhysicalOp="UDX" EstimatedTotalSubtreeCost="42.8828"><OutputList><ColumnReference Column="Expr1214" /></OutputList><RunTimeInformation><RunTimeCountersPerThread Thread="0" ActualRows="3772" Batches="0" ActualEndOfScans="0" ActualExecutions="3772" ActualExecutionMode="Row" ActualElapsedms="279" ActualCPUms="158" /></RunTimeInformation><Extension UDXName="FOR XML"><DefinedValues><DefinedValue><ColumnReference Column="Expr1214" /></DefinedValue></DefinedValues><UsedUDXColumns><ColumnReference Column="Expr1213" /><ColumnReference Database="Database1" Schema="Schema1" Table="Object18" Alias="Object74" Column="Column257" /></UsedUDXColumns><RelOp AvgRowSize="304" EstimateCPU="1E-07" EstimateIO="0" EstimateRebinds="3426.8" EstimateRewinds="0" EstimatedExecutionMode="Row" EstimateRows="1" LogicalOp="Compute Scalar" NodeId="452" Parallel="true" PhysicalOp="Compute Scalar" EstimatedTotalSubtreeCost="42.8794"><OutputList><ColumnReference Database="Database1" Schema="Schema1" Table="Object18" Alias="Object74" Column="Column257" /><ColumnReference Column="Expr1213" /></OutputList><ComputeScalar><DefinedValues><DefinedValue><ColumnReference Column="Expr1213" /><ScalarOperator ScalarString="ScalarString231"><Arithmetic Operation="ADD"><ScalarOperator><Arithmetic Operation="ADD"><ScalarOperator><Arithmetic Operation="ADD"><ScalarOperator><Arithmetic Operation="ADD"><ScalarOperator><Const ConstValue="Value33" /></ScalarOperator><ScalarOperator><Identifier><ColumnReference Database="Database1" Schema="Schema1" Table="Object12" Alias="Object75" Column="Column55" /></Identifier></ScalarOperator></Arithmetic></ScalarOperator><ScalarOperator><Const ConstValue="Value51" /></ScalarOperator></Arithmetic></ScalarOperator><ScalarOperator><Identifier><ColumnReference Database="Database1" Schema="Schema1" Table="Object12" Alias="Object75" Column="Column51" /></Identifier></ScalarOperator></Arithmetic></ScalarOperator><ScalarOperator><Const ConstValue="Value52" /></ScalarOperator></Arithmetic></ScalarOperator></DefinedValue></DefinedValues><RelOp AvgRowSize="301" EstimateCPU="4.18E-06" EstimateIO="0" EstimateRebinds="3426.8" EstimateRewinds="0" EstimatedExecutionMode="Row" EstimateRows="1" LogicalOp="Inner Join" NodeId="453" Parallel="true" PhysicalOp="Nested Loops" EstimatedTotalSubtreeCost="42.8791"><OutputList><ColumnReference Database="Database1" Schema="Schema1" Table="Object18" Alias="Object74" Column="Column257" /><ColumnReference Database="Database1" Schema="Schema1" Table="Object12" Alias="Object75" Column="Column55" /><ColumnReference Database="Database1" Schema="Schema1" Table="Object12" Alias="Object75" Column="Column51" /></OutputList><RunTimeInformation><RunTimeCountersPerThread Thread="0" ActualRows="0" Batches="0" ActualEndOfScans="3772" ActualExecutions="3772" ActualExecutionMode="Row" ActualElapsedms="271" ActualCPUms="150" /></RunTimeInformation><NestedLoops Optimized="false"><OuterReferences><ColumnReference Database="Database1" Schema="Schema1" Table="Object18" Alias="Object74" Column="Column131" /><ColumnReference Database="Database1" Schema="Schema1" Table="Object18" Alias="Object74" Column="Column72" /></OuterReferences><RelOp AvgRowSize="26" EstimateCPU="0.000100026" EstimateIO="0.0112613" EstimateRebinds="3426.8" EstimateRewinds="0" EstimatedExecutionMode="Row" EstimateRows="1" LogicalOp="Sort" NodeId="454" Parallel="true" PhysicalOp="Sort" EstimatedTotalSubtreeCost="40.9962"><OutputList><ColumnReference Database="Database1" Schema="Schema1" Table="Object18" Alias="Object74" Column="Column131" /><ColumnReference Database="Database1" Schema="Schema1" Table="Object18" Alias="Object74" Column="Column72" /><ColumnReference Database="Database1" Schema="Schema1" Table="Object18" Alias="Object74" Column="Column257" /></OutputList><MemoryFractions Input="3.46717E-05" Output="3.46717E-05" /><RunTimeInformation><RunTimeCountersPerThread Thread="0" ActualRebinds="3772" ActualRewinds="0" ActualRows="3216" Batches="0" ActualEndOfScans="3772" ActualExecutions="3772" ActualExecutionMode="Row" ActualElapsedms="229" ActualCPUms="115" ActualScans="0" ActualLogicalReads="0" ActualPhysicalReads="0" ActualReadAheads="0" ActualLobLogicalReads="0" ActualLobPhysicalReads="0" ActualLobReadAheads="0" InputMemoryGrant="544" OutputMemoryGrant="160" UsedMemoryGrant="16" /></RunTimeInformation><Sort Distinct="false"><OrderBy><OrderByColumn Ascending="true"><ColumnReference Database="Database1" Schema="Schema1" Table="Object18" Alias="Object74" Column="Column257" /></OrderByColumn></OrderBy><RelOp AvgRowSize="26" EstimateCPU="6.36097E-07" EstimateIO="0" EstimateRebinds="3426.8" EstimateRewinds="0" EstimatedExecutionMode="Row" EstimateRows="1" LogicalOp="Filter" NodeId="455" Parallel="true" PhysicalOp="Filter" EstimatedTotalSubtreeCost="2.05209"><OutputList><ColumnReference Database="Database1" Schema="Schema1" Table="Object18" Alias="Object74" Column="Column131" /><ColumnReference Database="Database1" Schema="Schema1" Table="Object18" Alias="Object74" Column="Column72" /><ColumnReference Database="Database1" Schema="Schema1" Table="Object18" Alias="Object74" Column="Column257" /></OutputList><RunTimeInformation><RunTimeCountersPerThread Thread="0" ActualRows="3216" Batches="0" ActualEndOfScans="3772" ActualExecutions="3772" ActualExecutionMode="Row" ActualElapsedms="156" ActualCPUms="68" /></RunTimeInformation><Filter StartupExpression="false"><RelOp AvgRowSize="26" EstimateCPU="0.00976546" EstimateIO="0.715828" EstimateRebinds="3426.8" EstimateRewinds="0" EstimatedExecutionMode="Row" EstimateRows="1.3252" LogicalOp="Eager Spool" NodeId="456" Parallel="true" PhysicalOp="Index Spool" EstimatedTotalSubtreeCost="2.04991"><OutputList><ColumnReference Database="Database1" Schema="Schema1" Table="Object18" Alias="Object74" Column="Column131" /><ColumnReference Database="Database1" Schema="Schema1" Table="Object18" Alias="Object74" Column="Column72" /><ColumnReference Database="Database1" Schema="Schema1" Table="Object18" Alias="Object74" Column="Column257" /></OutputList><RunTimeInformation><RunTimeCountersPerThread Thread="0" ActualRebinds="1" ActualRewinds="3771" ActualRows="5065" ActualRowsRead="5065" Batches="0" ActualEndOfScans="3772" ActualExecutions="3772" ActualExecutionMode="Row" ActualElapsedms="153" ActualCPUms="65" ActualScans="3772" ActualLogicalReads="27252" ActualPhysicalReads="0" ActualReadAheads="0" ActualLobLogicalReads="0" ActualLobPhysicalReads="0" ActualLobReadAheads="0" /></RunTimeInformation><Spool><SeekPredicateNew><SeekKeys><Prefix ScanType="EQ"><RangeColumns><ColumnReference Database="Database1" Schema="Schema1" Table="Object18" Alias="Object74" Column="Column46" /><ColumnReference Database="Database1" Schema="Schema1" Table="Object18" Alias="Object74" Column="Column51" /></RangeColumns><RangeExpressions><ScalarOperator ScalarString="ScalarString232"><Identifier><ColumnReference Database="Database1" Schema="Schema1" Table="Object18" Alias="Object72" Column="Column46" /></Identifier></ScalarOperator><ScalarOperator ScalarString="ScalarString233"><Identifier><ColumnReference Database="Database1" Schema="Schema1" Table="Object18" Alias="Object72" Column="Column51" /></Identifier></ScalarOperator></RangeExpressions></Prefix></SeekKeys></SeekPredicateNew><RelOp AvgRowSize="80" EstimateCPU="0.0106147" EstimateIO="0.272755" EstimateRebinds="0" EstimateRewinds="0" EstimatedExecutionMode="Row" EstimateRows="9507" EstimatedRowsRead="9507" LogicalOp="Table Scan" NodeId="457" Parallel="true" PhysicalOp="Table Scan" EstimatedTotalSubtreeCost="0.283369" TableCardinality="9507"><OutputList><ColumnReference Database="Database1" Schema="Schema1" Table="Object18" Alias="Object74" Column="Column131" /><ColumnReference Database="Database1" Schema="Schema1" Table="Object18" Alias="Object74" Column="Column51" /><ColumnReference Database="Database1" Schema="Schema1" Table="Object18" Alias="Object74" Column="Column46" /><ColumnReference Database="Database1" Schema="Schema1" Table="Object18" Alias="Object74" Column="Column72" /><ColumnReference Database="Database1" Schema="Schema1" Table="Object18" Alias="Object74" Column="Column257" /></OutputList><RunTimeInformation><RunTimeCountersPerThread Thread="0" ActualRows="9507" ActualRowsRead="9507" Batches="0" ActualEndOfScans="1" ActualExecutions="1" ActualExecutionMode="Row" ActualElapsedms="10" ActualCPUms="4" ActualScans="1" ActualLogicalReads="373" ActualPhysicalReads="0" ActualReadAheads="0" ActualLobLogicalReads="0" ActualLobPhysicalReads="0" ActualLobReadAheads="0" /></RunTimeInformation><TableScan Ordered="false" ForcedIndex="false" ForceScan="false" NoExpandHint="false" Storage="RowStore"><DefinedValues><DefinedValue><ColumnReference Database="Database1" Schema="Schema1" Table="Object18" Alias="Object74" Column="Column131" /></DefinedValue><DefinedValue><ColumnReference Database="Database1" Schema="Schema1" Table="Object18" Alias="Object74" Column="Column51" /></DefinedValue><DefinedValue><ColumnReference Database="Database1" Schema="Schema1" Table="Object18" Alias="Object74" Column="Column46" /></DefinedValue><DefinedValue><ColumnReference Database="Database1" Schema="Schema1" Table="Object18" Alias="Object74" Column="Column72" /></DefinedValue><DefinedValue><ColumnReference Database="Database1" Schema="Schema1" Table="Object18" Alias="Object74" Column="Column257" /></DefinedValue></DefinedValues><Object Database="Database1" Schema="Schema1" Table="Object18" Alias="Object74" TableReferenceId="1" IndexKind="Heap" Storage="RowStore" /></TableScan></RelOp></Spool></RelOp><Predicate><ScalarOperator ScalarString="ScalarString234"><Compare CompareOp="NE"><ScalarOperator><Identifier><ColumnReference Database="Database1" Schema="Schema1" Table="Object18" Alias="Object74" Column="Column72" /></Identifier></ScalarOperator><ScalarOperator><Const ConstValue="Value4" /></ScalarOperator></Compare></ScalarOperator></Predicate></Filter></RelOp></Sort></RelOp><RelOp AvgRowSize="293" EstimateCPU="0.0001581" EstimateIO="0.003125" EstimateRebinds="3426.8" EstimateRewinds="0" EstimatedExecutionMode="Row" EstimateRows="1" EstimatedRowsRead="1" LogicalOp="Index Seek" NodeId="458" Parallel="true" PhysicalOp="Index Seek" EstimatedTotalSubtreeCost="1.86856" TableCardinality="1741620"><OutputList><ColumnReference Database="Database1" Schema="Schema1" Table="Object12" Alias="Object75" Column="Column55" /><ColumnReference Database="Database1" Schema="Schema1" Table="Object12" Alias="Object75" Column="Column51" /></OutputList><RunTimeInformation><RunTimeCountersPerThread Thread="0" ActualRows="0" Batches="0" ActualEndOfScans="3216" ActualExecutions="3216" ActualExecutionMode="Row" ActualElapsedms="39" ActualCPUms="32" ActualScans="3216" ActualLogicalReads="12864" ActualPhysicalReads="0" ActualReadAheads="0" ActualLobLogicalReads="0" ActualLobPhysicalReads="0" ActualLobReadAheads="0" /></RunTimeInformation><IndexScan Ordered="true" ScanDirection="FORWARD" ForcedIndex="false" ForceSeek="false" ForceScan="false" NoExpandHint="false" Storage="RowStore"><DefinedValues><DefinedValue><ColumnReference Database="Database1" Schema="Schema1" Table="Object12" Alias="Object75" Column="Column55" /></DefinedValue><DefinedValue><ColumnReference Database="Database1" Schema="Schema1" Table="Object12" Alias="Object75" Column="Column51" /></DefinedValue></DefinedValues><Object Database="Database1" Schema="Schema1" Table="Object12" Index="Index4" Alias="Object75" IndexKind="NonClustered" Storage="RowStore" /><SeekPredicates><SeekPredicateNew><SeekKeys><Prefix ScanType="EQ"><RangeColumns><ColumnReference Database="Database1" Schema="Schema1" Table="Object12" Alias="Object75" Column="Column131" /><ColumnReference Database="Database1" Schema="Schema1" Table="Object12" Alias="Object75" Column="Column266" /><ColumnReference Database="Database1" Schema="Schema1" Table="Object12" Alias="Object75" Column="Column46" /><ColumnReference Database="Database1" Schema="Schema1" Table="Object12" Alias="Object75" Column="Column51" /></RangeColumns><RangeExpressions><ScalarOperator ScalarString="ScalarString235"><Identifier><ColumnReference Database="Database1" Schema="Schema1" Table="Object18" Alias="Object74" Column="Column131" /></Identifier></ScalarOperator><ScalarOperator ScalarString="ScalarString236"><Const ConstValue="Value53" /></ScalarOperator><ScalarOperator ScalarString="ScalarString232"><Identifier><ColumnReference Database="Database1" Schema="Schema1" Table="Object18" Alias="Object72" Column="Column46" /></Identifier></ScalarOperator><ScalarOperator ScalarString="ScalarString237"><Identifier><ColumnReference Database="Database1" Schema="Schema1" Table="Object18" Alias="Object74" Column="Column72" /></Identifier></ScalarOperator></RangeExpressions></Prefix></SeekKeys></SeekPredicateNew></SeekPredicates></IndexScan></RelOp></NestedLoops></RelOp></ComputeScalar></RelOp></Extension></RelOp></ComputeScalar></RelOp><RelOp AvgRowSize="4035" EstimateCPU="1.1E-06" EstimateIO="0" EstimateRebinds="3426.8" EstimateRewinds="0" EstimatedExecutionMode="Row" EstimateRows="1" LogicalOp="Aggregate" NodeId="459" Parallel="true" PhysicalOp="Stream Aggregate" EstimatedTotalSubtreeCost="17.212"><OutputList><ColumnReference Column="Expr1221" /></OutputList><RunTimeInformation><RunTimeCountersPerThread Thread="0" ActualRows="3772" Batches="0" ActualEndOfScans="0" ActualExecutions="3772" ActualExecutionMode="Row" ActualElapsedms="9" ActualCPUms="9" /></RunTimeInformation><StreamAggregate><DefinedValues><DefinedValue><ColumnReference Column="Expr1221" /><ScalarOperator ScalarString="ScalarString238"><Aggregate AggType="MIN" Distinct="false"><ScalarOperator><IF><Condition><ScalarOperator><Compare CompareOp="IS"><ScalarOperator><Identifier><ColumnReference Column="Expr1215" /></Identifier></ScalarOperator><ScalarOperator><Const ConstValue="Value7" /></ScalarOperator></Compare></ScalarOperator></Condition><Then><ScalarOperator><Const ConstValue="Value7" /></ScalarOperator></Then><Else><ScalarOperator><IF><Condition><ScalarOperator><Compare CompareOp="GE"><ScalarOperator><Intrinsic FunctionName="Function12"><ScalarOperator><Identifier><ColumnReference Table="Object29" Column="Column263" /></Identifier></ScalarOperator></Intrinsic></ScalarOperator><ScalarOperator><Const ConstValue="Value44" /></ScalarOperator></Compare></ScalarOperator></Condition><Then><ScalarOperator><Convert DataType="nvarchar(max)" Length="2147483647" Style="0" Implicit="true"><ScalarOperator><Identifier><ColumnReference Table="Object29" Column="Column264" /></Identifier></ScalarOperator></Convert></ScalarOperator></Then><Else><ScalarOperator><Convert DataType="nvarchar(max)" Length="2147483647" Style="0" Implicit="true"><ScalarOperator><Identifier><ColumnReference Table="Object29" Column="Column263" /></Identifier></ScalarOperator></Convert></ScalarOperator></Else></IF></ScalarOperator></Else></IF></ScalarOperator></Aggregate></ScalarOperator></DefinedValue></DefinedValues><RelOp AvgRowSize="8045" EstimateCPU="1E-07" EstimateIO="0" EstimateRebinds="3426.8" EstimateRewinds="0" EstimatedExecutionMode="Row" EstimateRows="1" LogicalOp="Top" NodeId="460" Parallel="true" PhysicalOp="Top" EstimatedTotalSubtreeCost="17.2082"><OutputList><ColumnReference Table="Object29" Column="Column263" /><ColumnReference Table="Object29" Column="Column264" /></OutputList><RunTimeInformation><RunTimeCountersPerThread Thread="0" ActualRows="0" Batches="0" ActualEndOfScans="3772" ActualExecutions="3772" ActualExecutionMode="Row" ActualElapsedms="7" ActualCPUms="7" /></RunTimeInformation><Top RowCount="false" IsPercent="false" WithTies="false"><TopExpression><ScalarOperator ScalarString="ScalarString117"><Const ConstValue="Value10" /></ScalarOperator></TopExpression><RelOp AvgRowSize="8949" EstimateCPU="2E-05" EstimateIO="0" EstimateRebinds="3426.8" EstimateRewinds="0" EstimatedExecutionMode="Row" EstimateRows="1" EstimateRowsWithoutRowGoal="200" LogicalOp="Compute Scalar" NodeId="461" Parallel="true" PhysicalOp="Compute Scalar" EstimatedTotalSubtreeCost="17.2079"><OutputList><ColumnReference Table="Object29" Column="Column265" /><ColumnReference Table="Object29" Column="Column263" /><ColumnReference Table="Object29" Column="Column264" /><ColumnReference Column="Expr1220" /></OutputList><ComputeScalar><DefinedValues><DefinedValue><ColumnReference Column="Expr1220" /><ScalarOperator ScalarString="ScalarString212"><Const ConstValue="Value45" /></ScalarOperator></DefinedValue></DefinedValues><RelOp AvgRowSize="8497" EstimateCPU="1.004" EstimateIO="0" EstimateRebinds="3426.8" EstimateRewinds="0" EstimatedExecutionMode="Row" EstimateRows="1" EstimateRowsWithoutRowGoal="200" LogicalOp="Table-valued function" NodeId="462" Parallel="true" PhysicalOp="Table-valued function" EstimatedTotalSubtreeCost="17.2075"><OutputList><ColumnReference Table="Object29" Column="Column265" /><ColumnReference Table="Object29" Column="Column263" /><ColumnReference Table="Object29" Column="Column264" /></OutputList><RunTimeInformation><RunTimeCountersPerThread Thread="0" ActualRebinds="3772" ActualRewinds="0" ActualRows="0" Batches="0" ActualEndOfScans="3772" ActualExecutions="3772" ActualExecutionMode="Row" ActualElapsedms="6" ActualCPUms="6" /></RunTimeInformation><TableValuedFunction><DefinedValues><DefinedValue><ColumnReference Table="Object29" Column="Column265" /></DefinedValue><DefinedValue><ColumnReference Table="Object29" Column="Column263" /></DefinedValue><DefinedValue><ColumnReference Table="Object29" Column="Column264" /></DefinedValue></DefinedValues><Object Table="Object29" /><ParameterList><ScalarOperator ScalarString="ScalarString239"><Identifier><ColumnReference Column="Expr1215" /></Identifier></ScalarOperator><ScalarOperator ScalarString="ScalarString214"><Const ConstValue="Value23" /></ScalarOperator><ScalarOperator ScalarString="ScalarString215"><Const ConstValue="Value7" /></ScalarOperator><ScalarOperator ScalarString="ScalarString215"><Const ConstValue="Value7" /></ScalarOperator></ParameterList></TableValuedFunction></RelOp></ComputeScalar></RelOp></Top></RelOp></StreamAggregate></RelOp></NestedLoops></RelOp></NestedLoops></RelOp><RelOp AvgRowSize="4035" EstimateCPU="4.18E-06" EstimateIO="0" EstimateRebinds="3426.8" EstimateRewinds="0" EstimatedExecutionMode="Row" EstimateRows="1" LogicalOp="Inner Join" NodeId="463" Parallel="true" PhysicalOp="Nested Loops" EstimatedTotalSubtreeCost="58.6734"><OutputList><ColumnReference Column="Expr1233" /></OutputList><RunTimeInformation><RunTimeCountersPerThread Thread="0" ActualRows="3772" Batches="0" ActualEndOfScans="0" ActualExecutions="3772" ActualExecutionMode="Row" ActualElapsedms="318" ActualCPUms="189" /></RunTimeInformation><NestedLoops Optimized="false"><OuterReferences><ColumnReference Column="Expr1227" /></OuterReferences><RelOp AvgRowSize="4035" EstimateCPU="1E-07" EstimateIO="0" EstimateRebinds="3426.8" EstimateRewinds="0" EstimatedExecutionMode="Row" EstimateRows="1" LogicalOp="Compute Scalar" NodeId="464" Parallel="true" PhysicalOp="Compute Scalar" EstimatedTotalSubtreeCost="41.4471"><OutputList><ColumnReference Column="Expr1227" /></OutputList><ComputeScalar><DefinedValues><DefinedValue><ColumnReference Column="Expr1227" /><ScalarOperator ScalarString="ScalarString240"><Identifier><ColumnReference Column="Expr1226" /></Identifier></ScalarOperator></DefinedValue></DefinedValues><RelOp AvgRowSize="4035" EstimateCPU="1E-06" EstimateIO="0" EstimateRebinds="3426.8" EstimateRewinds="0" EstimatedExecutionMode="Row" EstimateRows="1" LogicalOp="UDX" NodeId="465" Parallel="true" PhysicalOp="UDX" EstimatedTotalSubtreeCost="41.4467"><OutputList><ColumnReference Column="Expr1226" /></OutputList><RunTimeInformation><RunTimeCountersPerThread Thread="0" ActualRows="3772" Batches="0" ActualEndOfScans="0" ActualExecutions="3772" ActualExecutionMode="Row" ActualElapsedms="255" ActualCPUms="128" /></RunTimeInformation><Extension UDXName="FOR XML"><DefinedValues><DefinedValue><ColumnReference Column="Expr1226" /></DefinedValue></DefinedValues><UsedUDXColumns><ColumnReference Column="Expr1225" /><ColumnReference Database="Database1" Schema="Schema1" Table="Object18" Alias="Object74" Column="Column257" /></UsedUDXColumns><RelOp AvgRowSize="71" EstimateCPU="0.000100911" EstimateIO="0.0112613" EstimateRebinds="3426.8" EstimateRewinds="0" EstimatedExecutionMode="Row" EstimateRows="1.3252" LogicalOp="Sort" NodeId="466" Parallel="true" PhysicalOp="Sort" EstimatedTotalSubtreeCost="41.4433"><OutputList><ColumnReference Database="Database1" Schema="Schema1" Table="Object18" Alias="Object74" Column="Column257" /><ColumnReference Column="Expr1225" /></OutputList><MemoryFractions Input="3.46717E-05" Output="3.46717E-05" /><RunTimeInformation><RunTimeCountersPerThread Thread="0" ActualRebinds="3772" ActualRewinds="0" ActualRows="5065" Batches="0" ActualEndOfScans="3772" ActualExecutions="3772" ActualExecutionMode="Row" ActualElapsedms="218" ActualCPUms="91" ActualScans="0" ActualLogicalReads="0" ActualPhysicalReads="0" ActualReadAheads="0" ActualLobLogicalReads="0" ActualLobPhysicalReads="0" ActualLobReadAheads="0" InputMemoryGrant="544" OutputMemoryGrant="160" UsedMemoryGrant="16" /></RunTimeInformation><Sort Distinct="false"><OrderBy><OrderByColumn Ascending="true"><ColumnReference Database="Database1" Schema="Schema1" Table="Object18" Alias="Object74" Column="Column257" /></OrderByColumn></OrderBy><RelOp AvgRowSize="71" EstimateCPU="0.00976546" EstimateIO="1.08069" EstimateRebinds="3426.8" EstimateRewinds="0" EstimatedExecutionMode="Row" EstimateRows="1.3252" LogicalOp="Eager Spool" NodeId="467" Parallel="true" PhysicalOp="Index Spool" EstimatedTotalSubtreeCost="2.49634"><OutputList><ColumnReference Database="Database1" Schema="Schema1" Table="Object18" Alias="Object74" Column="Column257" /><ColumnReference Column="Expr1225" /></OutputList><RunTimeInformation><RunTimeCountersPerThread Thread="0" ActualRebinds="1" ActualRewinds="3771" ActualRows="5065" ActualRowsRead="5065" Batches="0" ActualEndOfScans="3772" ActualExecutions="3772" ActualExecutionMode="Row" ActualElapsedms="166" ActualCPUms="63" ActualScans="3772" ActualLogicalReads="27234" ActualPhysicalReads="0" ActualReadAheads="0" ActualLobLogicalReads="0" ActualLobPhysicalReads="0" ActualLobReadAheads="0" /></RunTimeInformation><Spool><SeekPredicateNew><SeekKeys><Prefix ScanType="EQ"><RangeColumns><ColumnReference Database="Database1" Schema="Schema1" Table="Object18" Alias="Object74" Column="Column46" /><ColumnReference Database="Database1" Schema="Schema1" Table="Object18" Alias="Object74" Column="Column51" /></RangeColumns><RangeExpressions><ScalarOperator ScalarString="ScalarString232"><Identifier><ColumnReference Database="Database1" Schema="Schema1" Table="Object18" Alias="Object72" Column="Column46" /></Identifier></ScalarOperator><ScalarOperator ScalarString="ScalarString233"><Identifier><ColumnReference Database="Database1" Schema="Schema1" Table="Object18" Alias="Object72" Column="Column51" /></Identifier></ScalarOperator></RangeExpressions></Prefix></SeekKeys></SeekPredicateNew><RelOp AvgRowSize="125" EstimateCPU="0.0009507" EstimateIO="0" EstimateRebinds="0" EstimateRewinds="0" EstimatedExecutionMode="Row" EstimateRows="9507" LogicalOp="Compute Scalar" NodeId="468" Parallel="true" PhysicalOp="Compute Scalar" EstimatedTotalSubtreeCost="0.28432"><OutputList><ColumnReference Database="Database1" Schema="Schema1" Table="Object18" Alias="Object74" Column="Column51" /><ColumnReference Database="Database1" Schema="Schema1" Table="Object18" Alias="Object74" Column="Column46" /><ColumnReference Database="Database1" Schema="Schema1" Table="Object18" Alias="Object74" Column="Column257" /><ColumnReference Column="Expr1225" /></OutputList><ComputeScalar><DefinedValues><DefinedValue><ColumnReference Column="Expr1225" /><ScalarOperator ScalarString="ScalarString241"><Arithmetic Operation="ADD"><ScalarOperator><Const ConstValue="Value33" /></ScalarOperator><ScalarOperator><Identifier><ColumnReference Database="Database1" Schema="Schema1" Table="Object18" Alias="Object74" Column="Column70" /></Identifier></ScalarOperator></Arithmetic></ScalarOperator></DefinedValue></DefinedValues><RelOp AvgRowSize="123" EstimateCPU="0.0106147" EstimateIO="0.272755" EstimateRebinds="0" EstimateRewinds="0" EstimatedExecutionMode="Row" EstimateRows="9507" EstimatedRowsRead="9507" LogicalOp="Table Scan" NodeId="469" Parallel="true" PhysicalOp="Table Scan" EstimatedTotalSubtreeCost="0.283369" TableCardinality="9507"><OutputList><ColumnReference Database="Database1" Schema="Schema1" Table="Object18" Alias="Object74" Column="Column51" /><ColumnReference Database="Database1" Schema="Schema1" Table="Object18" Alias="Object74" Column="Column46" /><ColumnReference Database="Database1" Schema="Schema1" Table="Object18" Alias="Object74" Column="Column70" /><ColumnReference Database="Database1" Schema="Schema1" Table="Object18" Alias="Object74" Column="Column257" /></OutputList><RunTimeInformation><RunTimeCountersPerThread Thread="0" ActualRows="9507" ActualRowsRead="9507" Batches="0" ActualEndOfScans="1" ActualExecutions="1" ActualExecutionMode="Row" ActualElapsedms="4" ActualCPUms="4" ActualScans="1" ActualLogicalReads="373" ActualPhysicalReads="0" ActualReadAheads="0" ActualLobLogicalReads="0" ActualLobPhysicalReads="0" ActualLobReadAheads="0" /></RunTimeInformation><TableScan Ordered="false" ForcedIndex="false" ForceScan="false" NoExpandHint="false" Storage="RowStore"><DefinedValues><DefinedValue><ColumnReference Database="Database1" Schema="Schema1" Table="Object18" Alias="Object74" Column="Column51" /></DefinedValue><DefinedValue><ColumnReference Database="Database1" Schema="Schema1" Table="Object18" Alias="Object74" Column="Column46" /></DefinedValue><DefinedValue><ColumnReference Database="Database1" Schema="Schema1" Table="Object18" Alias="Object74" Column="Column70" /></DefinedValue><DefinedValue><ColumnReference Database="Database1" Schema="Schema1" Table="Object18" Alias="Object74" Column="Column257" /></DefinedValue></DefinedValues><Object Database="Database1" Schema="Schema1" Table="Object18" Alias="Object74" TableReferenceId="2" IndexKind="Heap" Storage="RowStore" /></TableScan></RelOp></ComputeScalar></RelOp></Spool></RelOp></Sort></RelOp></Extension></RelOp></ComputeScalar></RelOp><RelOp AvgRowSize="4035" EstimateCPU="1.1E-06" EstimateIO="0" EstimateRebinds="3426.8" EstimateRewinds="0" EstimatedExecutionMode="Row" EstimateRows="1" LogicalOp="Aggregate" NodeId="470" Parallel="true" PhysicalOp="Stream Aggregate" EstimatedTotalSubtreeCost="17.212"><OutputList><ColumnReference Column="Expr1233" /></OutputList><RunTimeInformation><RunTimeCountersPerThread Thread="0" ActualRows="3772" Batches="0" ActualEndOfScans="0" ActualExecutions="3772" ActualExecutionMode="Row" ActualElapsedms="59" ActualCPUms="57" /></RunTimeInformation><StreamAggregate><DefinedValues><DefinedValue><ColumnReference Column="Expr1233" /><ScalarOperator ScalarString="ScalarString242"><Aggregate AggType="MIN" Distinct="false"><ScalarOperator><IF><Condition><ScalarOperator><Compare CompareOp="IS"><ScalarOperator><Identifier><ColumnReference Column="Expr1227" /></Identifier></ScalarOperator><ScalarOperator><Const ConstValue="Value7" /></ScalarOperator></Compare></ScalarOperator></Condition><Then><ScalarOperator><Const ConstValue="Value7" /></ScalarOperator></Then><Else><ScalarOperator><IF><Condition><ScalarOperator><Compare CompareOp="GE"><ScalarOperator><Intrinsic FunctionName="Function12"><ScalarOperator><Identifier><ColumnReference Table="Object29" Column="Column263" /></Identifier></ScalarOperator></Intrinsic></ScalarOperator><ScalarOperator><Const ConstValue="Value44" /></ScalarOperator></Compare></ScalarOperator></Condition><Then><ScalarOperator><Convert DataType="nvarchar(max)" Length="2147483647" Style="0" Implicit="true"><ScalarOperator><Identifier><ColumnReference Table="Object29" Column="Column264" /></Identifier></ScalarOperator></Convert></ScalarOperator></Then><Else><ScalarOperator><Convert DataType="nvarchar(max)" Length="2147483647" Style="0" Implicit="true"><ScalarOperator><Identifier><ColumnReference Table="Object29" Column="Column263" /></Identifier></ScalarOperator></Convert></ScalarOperator></Else></IF></ScalarOperator></Else></IF></ScalarOperator></Aggregate></ScalarOperator></DefinedValue></DefinedValues><RelOp AvgRowSize="8045" EstimateCPU="1E-07" EstimateIO="0" EstimateRebinds="3426.8" EstimateRewinds="0" EstimatedExecutionMode="Row" EstimateRows="1" LogicalOp="Top" NodeId="471" Parallel="true" PhysicalOp="Top" EstimatedTotalSubtreeCost="17.2082"><OutputList><ColumnReference Table="Object29" Column="Column263" /><ColumnReference Table="Object29" Column="Column264" /></OutputList><RunTimeInformation><RunTimeCountersPerThread Thread="0" ActualRows="3772" Batches="0" ActualEndOfScans="3772" ActualExecutions="3772" ActualExecutionMode="Row" ActualElapsedms="38" ActualCPUms="36" /></RunTimeInformation><Top RowCount="false" IsPercent="false" WithTies="false"><TopExpression><ScalarOperator ScalarString="ScalarString117"><Const ConstValue="Value10" /></ScalarOperator></TopExpression><RelOp AvgRowSize="8949" EstimateCPU="2E-05" EstimateIO="0" EstimateRebinds="3426.8" EstimateRewinds="0" EstimatedExecutionMode="Row" EstimateRows="1" EstimateRowsWithoutRowGoal="200" LogicalOp="Compute Scalar" NodeId="472" Parallel="true" PhysicalOp="Compute Scalar" EstimatedTotalSubtreeCost="17.2079"><OutputList><ColumnReference Table="Object29" Column="Column265" /><ColumnReference Table="Object29" Column="Column263" /><ColumnReference Table="Object29" Column="Column264" /><ColumnReference Column="Expr1232" /></OutputList><ComputeScalar><DefinedValues><DefinedValue><ColumnReference Column="Expr1232" /><ScalarOperator ScalarString="ScalarString212"><Const ConstValue="Value45" /></ScalarOperator></DefinedValue></DefinedValues><RelOp AvgRowSize="8497" EstimateCPU="1.004" EstimateIO="0" EstimateRebinds="3426.8" EstimateRewinds="0" EstimatedExecutionMode="Row" EstimateRows="1" EstimateRowsWithoutRowGoal="200" LogicalOp="Table-valued function" NodeId="473" Parallel="true" PhysicalOp="Table-valued function" EstimatedTotalSubtreeCost="17.2075"><OutputList><ColumnReference Table="Object29" Column="Column265" /><ColumnReference Table="Object29" Column="Column263" /><ColumnReference Table="Object29" Column="Column264" /></OutputList><RunTimeInformation><RunTimeCountersPerThread Thread="0" ActualRebinds="3772" ActualRewinds="0" ActualRows="3772" Batches="0" ActualEndOfScans="0" ActualExecutions="3772" ActualExecutionMode="Row" ActualElapsedms="36" ActualCPUms="34" /></RunTimeInformation><TableValuedFunction><DefinedValues><DefinedValue><ColumnReference Table="Object29" Column="Column265" /></DefinedValue><DefinedValue><ColumnReference Table="Object29" Column="Column263" /></DefinedValue><DefinedValue><ColumnReference Table="Object29" Column="Column264" /></DefinedValue></DefinedValues><Object Table="Object29" /><ParameterList><ScalarOperator ScalarString="ScalarString243"><Identifier><ColumnReference Column="Expr1227" /></Identifier></ScalarOperator><ScalarOperator ScalarString="ScalarString214"><Const ConstValue="Value23" /></ScalarOperator><ScalarOperator ScalarString="ScalarString215"><Const ConstValue="Value7" /></ScalarOperator><ScalarOperator ScalarString="ScalarString215"><Const ConstValue="Value7" /></ScalarOperator></ParameterList></TableValuedFunction></RelOp></ComputeScalar></RelOp></Top></RelOp></StreamAggregate></RelOp></NestedLoops></RelOp></NestedLoops></RelOp><RelOp AvgRowSize="4035" EstimateCPU="4.18E-06" EstimateIO="0" EstimateRebinds="3426.8" EstimateRewinds="0" EstimatedExecutionMode="Row" EstimateRows="1" LogicalOp="Inner Join" NodeId="474" Parallel="true" PhysicalOp="Nested Loops" EstimatedTotalSubtreeCost="58.4259"><OutputList><ColumnReference Column="Expr1245" /></OutputList><RunTimeInformation><RunTimeCountersPerThread Thread="0" ActualRows="3772" Batches="0" ActualEndOfScans="0" ActualExecutions="3772" ActualExecutionMode="Row" ActualElapsedms="345" ActualCPUms="174" /></RunTimeInformation><NestedLoops Optimized="false"><OuterReferences><ColumnReference Column="Expr1239" /></OuterReferences><RelOp AvgRowSize="4035" EstimateCPU="1E-07" EstimateIO="0" EstimateRebinds="3426.8" EstimateRewinds="0" EstimatedExecutionMode="Row" EstimateRows="1" LogicalOp="Compute Scalar" NodeId="475" Parallel="true" PhysicalOp="Compute Scalar" EstimatedTotalSubtreeCost="41.1996"><OutputList><ColumnReference Column="Expr1239" /></OutputList><ComputeScalar><DefinedValues><DefinedValue><ColumnReference Column="Expr1239" /><ScalarOperator ScalarString="ScalarString244"><Identifier><ColumnReference Column="Expr1238" /></Identifier></ScalarOperator></DefinedValue></DefinedValues><RelOp AvgRowSize="4035" EstimateCPU="1E-06" EstimateIO="0" EstimateRebinds="3426.8" EstimateRewinds="0" EstimatedExecutionMode="Row" EstimateRows="1" LogicalOp="UDX" NodeId="476" Parallel="true" PhysicalOp="UDX" EstimatedTotalSubtreeCost="41.1992"><OutputList><ColumnReference Column="Expr1238" /></OutputList><RunTimeInformation><RunTimeCountersPerThread Thread="0" ActualRows="3772" Batches="0" ActualEndOfScans="0" ActualExecutions="3772" ActualExecutionMode="Row" ActualElapsedms="299" ActualCPUms="128" /></RunTimeInformation><Extension UDXName="FOR XML"><DefinedValues><DefinedValue><ColumnReference Column="Expr1238" /></DefinedValue></DefinedValues><UsedUDXColumns><ColumnReference Column="Expr1237" /><ColumnReference Database="Database1" Schema="Schema1" Table="Object18" Alias="Object74" Column="Column257" /></UsedUDXColumns><RelOp AvgRowSize="46" EstimateCPU="0.000100886" EstimateIO="0.0112613" EstimateRebinds="3426.8" EstimateRewinds="0" EstimatedExecutionMode="Row" EstimateRows="1.3252" LogicalOp="Sort" NodeId="477" Parallel="true" PhysicalOp="Sort" EstimatedTotalSubtreeCost="41.1958"><OutputList><ColumnReference Database="Database1" Schema="Schema1" Table="Object18" Alias="Object74" Column="Column257" /><ColumnReference Column="Expr1237" /></OutputList><MemoryFractions Input="3.46717E-05" Output="3.46717E-05" /><RunTimeInformation><RunTimeCountersPerThread Thread="0" ActualRebinds="3772" ActualRewinds="0" ActualRows="5065" Batches="0" ActualEndOfScans="3772" ActualExecutions="3772" ActualExecutionMode="Row" ActualElapsedms="271" ActualCPUms="100" ActualScans="0" ActualLogicalReads="0" ActualPhysicalReads="0" ActualReadAheads="0" ActualLobLogicalReads="0" ActualLobPhysicalReads="0" ActualLobReadAheads="0" InputMemoryGrant="544" OutputMemoryGrant="160" UsedMemoryGrant="16" /></RunTimeInformation><Sort Distinct="false"><OrderBy><OrderByColumn Ascending="true"><ColumnReference Database="Database1" Schema="Schema1" Table="Object18" Alias="Object74" Column="Column257" /></OrderByColumn></OrderBy><RelOp AvgRowSize="46" EstimateCPU="0.00976546" EstimateIO="0.87799" EstimateRebinds="3426.8" EstimateRewinds="0" EstimatedExecutionMode="Row" EstimateRows="1.3252" LogicalOp="Eager Spool" NodeId="478" Parallel="true" PhysicalOp="Index Spool" EstimatedTotalSubtreeCost="2.24885"><OutputList><ColumnReference Database="Database1" Schema="Schema1" Table="Object18" Alias="Object74" Column="Column257" /><ColumnReference Column="Expr1237" /></OutputList><RunTimeInformation><RunTimeCountersPerThread Thread="0" ActualRebinds="1" ActualRewinds="3771" ActualRows="5065" ActualRowsRead="5065" Batches="0" ActualEndOfScans="3772" ActualExecutions="3772" ActualExecutionMode="Row" ActualElapsedms="228" ActualCPUms="72" ActualScans="3772" ActualLogicalReads="27318" ActualPhysicalReads="0" ActualReadAheads="0" ActualLobLogicalReads="0" ActualLobPhysicalReads="0" ActualLobReadAheads="0" /></RunTimeInformation><Spool><SeekPredicateNew><SeekKeys><Prefix ScanType="EQ"><RangeColumns><ColumnReference Database="Database1" Schema="Schema1" Table="Object18" Alias="Object74" Column="Column46" /><ColumnReference Database="Database1" Schema="Schema1" Table="Object18" Alias="Object74" Column="Column51" /></RangeColumns><RangeExpressions><ScalarOperator ScalarString="ScalarString232"><Identifier><ColumnReference Database="Database1" Schema="Schema1" Table="Object18" Alias="Object72" Column="Column46" /></Identifier></ScalarOperator><ScalarOperator ScalarString="ScalarString233"><Identifier><ColumnReference Database="Database1" Schema="Schema1" Table="Object18" Alias="Object72" Column="Column51" /></Identifier></ScalarOperator></RangeExpressions></Prefix></SeekKeys></SeekPredicateNew><RelOp AvgRowSize="100" EstimateCPU="0.0009507" EstimateIO="0" EstimateRebinds="0" EstimateRewinds="0" EstimatedExecutionMode="Row" EstimateRows="9507" LogicalOp="Compute Scalar" NodeId="479" Parallel="true" PhysicalOp="Compute Scalar" EstimatedTotalSubtreeCost="0.28432"><OutputList><ColumnReference Database="Database1" Schema="Schema1" Table="Object18" Alias="Object74" Column="Column51" /><ColumnReference Database="Database1" Schema="Schema1" Table="Object18" Alias="Object74" Column="Column46" /><ColumnReference Database="Database1" Schema="Schema1" Table="Object18" Alias="Object74" Column="Column257" /><ColumnReference Column="Expr1237" /></OutputList><ComputeScalar><DefinedValues><DefinedValue><ColumnReference Column="Expr1237" /><ScalarOperator ScalarString="ScalarString245"><Arithmetic Operation="ADD"><ScalarOperator><Const ConstValue="Value33" /></ScalarOperator><ScalarOperator><IF><Condition><ScalarOperator><Compare CompareOp="EQ"><ScalarOperator><Identifier><ColumnReference Database="Database1" Schema="Schema1" Table="Object18" Alias="Object74" Column="Column267" /></Identifier></ScalarOperator><ScalarOperator><Const ConstValue="Value4" /></ScalarOperator></Compare></ScalarOperator></Condition><Then><ScalarOperator><Const ConstValue="Value54" /></ScalarOperator></Then><Else><ScalarOperator><Identifier><ColumnReference Database="Database1" Schema="Schema1" Table="Object18" Alias="Object74" Column="Column267" /></Identifier></ScalarOperator></Else></IF></ScalarOperator></Arithmetic></ScalarOperator></DefinedValue></DefinedValues><RelOp AvgRowSize="98" EstimateCPU="0.0106147" EstimateIO="0.272755" EstimateRebinds="0" EstimateRewinds="0" EstimatedExecutionMode="Row" EstimateRows="9507" EstimatedRowsRead="9507" LogicalOp="Table Scan" NodeId="480" Parallel="true" PhysicalOp="Table Scan" EstimatedTotalSubtreeCost="0.283369" TableCardinality="9507"><OutputList><ColumnReference Database="Database1" Schema="Schema1" Table="Object18" Alias="Object74" Column="Column51" /><ColumnReference Database="Database1" Schema="Schema1" Table="Object18" Alias="Object74" Column="Column46" /><ColumnReference Database="Database1" Schema="Schema1" Table="Object18" Alias="Object74" Column="Column257" /><ColumnReference Database="Database1" Schema="Schema1" Table="Object18" Alias="Object74" Column="Column267" /></OutputList><RunTimeInformation><RunTimeCountersPerThread Thread="0" ActualRows="9507" ActualRowsRead="9507" Batches="0" ActualEndOfScans="1" ActualExecutions="1" ActualExecutionMode="Row" ActualElapsedms="4" ActualCPUms="4" ActualScans="1" ActualLogicalReads="373" ActualPhysicalReads="0" ActualReadAheads="0" ActualLobLogicalReads="0" ActualLobPhysicalReads="0" ActualLobReadAheads="0" /></RunTimeInformation><TableScan Ordered="false" ForcedIndex="false" ForceScan="false" NoExpandHint="false" Storage="RowStore"><DefinedValues><DefinedValue><ColumnReference Database="Database1" Schema="Schema1" Table="Object18" Alias="Object74" Column="Column51" /></DefinedValue><DefinedValue><ColumnReference Database="Database1" Schema="Schema1" Table="Object18" Alias="Object74" Column="Column46" /></DefinedValue><DefinedValue><ColumnReference Database="Database1" Schema="Schema1" Table="Object18" Alias="Object74" Column="Column257" /></DefinedValue><DefinedValue><ColumnReference Database="Database1" Schema="Schema1" Table="Object18" Alias="Object74" Column="Column267" /></DefinedValue></DefinedValues><Object Database="Database1" Schema="Schema1" Table="Object18" Alias="Object74" TableReferenceId="3" IndexKind="Heap" Storage="RowStore" /></TableScan></RelOp></ComputeScalar></RelOp></Spool></RelOp></Sort></RelOp></Extension></RelOp></ComputeScalar></RelOp><RelOp AvgRowSize="4035" EstimateCPU="1.1E-06" EstimateIO="0" EstimateRebinds="3426.8" EstimateRewinds="0" EstimatedExecutionMode="Row" EstimateRows="1" LogicalOp="Aggregate" NodeId="481" Parallel="true" PhysicalOp="Stream Aggregate" EstimatedTotalSubtreeCost="17.212"><OutputList><ColumnReference Column="Expr1245" /></OutputList><RunTimeInformation><RunTimeCountersPerThread Thread="0" ActualRows="3772" Batches="0" ActualEndOfScans="0" ActualExecutions="3772" ActualExecutionMode="Row" ActualElapsedms="43" ActualCPUms="43" /></RunTimeInformation><StreamAggregate><DefinedValues><DefinedValue><ColumnReference Column="Expr1245" /><ScalarOperator ScalarString="ScalarString246"><Aggregate AggType="MIN" Distinct="false"><ScalarOperator><IF><Condition><ScalarOperator><Compare CompareOp="IS"><ScalarOperator><Identifier><ColumnReference Column="Expr1239" /></Identifier></ScalarOperator><ScalarOperator><Const ConstValue="Value7" /></ScalarOperator></Compare></ScalarOperator></Condition><Then><ScalarOperator><Const ConstValue="Value7" /></ScalarOperator></Then><Else><ScalarOperator><IF><Condition><ScalarOperator><Compare CompareOp="GE"><ScalarOperator><Intrinsic FunctionName="Function12"><ScalarOperator><Identifier><ColumnReference Table="Object29" Column="Column263" /></Identifier></ScalarOperator></Intrinsic></ScalarOperator><ScalarOperator><Const ConstValue="Value44" /></ScalarOperator></Compare></ScalarOperator></Condition><Then><ScalarOperator><Convert DataType="nvarchar(max)" Length="2147483647" Style="0" Implicit="true"><ScalarOperator><Identifier><ColumnReference Table="Object29" Column="Column264" /></Identifier></ScalarOperator></Convert></ScalarOperator></Then><Else><ScalarOperator><Convert DataType="nvarchar(max)" Length="2147483647" Style="0" Implicit="true"><ScalarOperator><Identifier><ColumnReference Table="Object29" Column="Column263" /></Identifier></ScalarOperator></Convert></ScalarOperator></Else></IF></ScalarOperator></Else></IF></ScalarOperator></Aggregate></ScalarOperator></DefinedValue></DefinedValues><RelOp AvgRowSize="8045" EstimateCPU="1E-07" EstimateIO="0" EstimateRebinds="3426.8" EstimateRewinds="0" EstimatedExecutionMode="Row" EstimateRows="1" LogicalOp="Top" NodeId="482" Parallel="true" PhysicalOp="Top" EstimatedTotalSubtreeCost="17.2082"><OutputList><ColumnReference Table="Object29" Column="Column263" /><ColumnReference Table="Object29" Column="Column264" /></OutputList><RunTimeInformation><RunTimeCountersPerThread Thread="0" ActualRows="3772" Batches="0" ActualEndOfScans="3772" ActualExecutions="3772" ActualExecutionMode="Row" ActualElapsedms="27" ActualCPUms="27" /></RunTimeInformation><Top RowCount="false" IsPercent="false" WithTies="false"><TopExpression><ScalarOperator ScalarString="ScalarString117"><Const ConstValue="Value10" /></ScalarOperator></TopExpression><RelOp AvgRowSize="8949" EstimateCPU="2E-05" EstimateIO="0" EstimateRebinds="3426.8" EstimateRewinds="0" EstimatedExecutionMode="Row" EstimateRows="1" EstimateRowsWithoutRowGoal="200" LogicalOp="Compute Scalar" NodeId="483" Parallel="true" PhysicalOp="Compute Scalar" EstimatedTotalSubtreeCost="17.2079"><OutputList><ColumnReference Table="Object29" Column="Column265" /><ColumnReference Table="Object29" Column="Column263" /><ColumnReference Table="Object29" Column="Column264" /><ColumnReference Column="Expr1244" /></OutputList><ComputeScalar><DefinedValues><DefinedValue><ColumnReference Column="Expr1244" /><ScalarOperator ScalarString="ScalarString212"><Const ConstValue="Value45" /></ScalarOperator></DefinedValue></DefinedValues><RelOp AvgRowSize="8497" EstimateCPU="1.004" EstimateIO="0" EstimateRebinds="3426.8" EstimateRewinds="0" EstimatedExecutionMode="Row" EstimateRows="1" EstimateRowsWithoutRowGoal="200" LogicalOp="Table-valued function" NodeId="484" Parallel="true" PhysicalOp="Table-valued function" EstimatedTotalSubtreeCost="17.2075"><OutputList><ColumnReference Table="Object29" Column="Column265" /><ColumnReference Table="Object29" Column="Column263" /><ColumnReference Table="Object29" Column="Column264" /></OutputList><RunTimeInformation><RunTimeCountersPerThread Thread="0" ActualRebinds="3772" ActualRewinds="0" ActualRows="3772" Batches="0" ActualEndOfScans="0" ActualExecutions="3772" ActualExecutionMode="Row" ActualElapsedms="25" ActualCPUms="25" /></RunTimeInformation><TableValuedFunction><DefinedValues><DefinedValue><ColumnReference Table="Object29" Column="Column265" /></DefinedValue><DefinedValue><ColumnReference Table="Object29" Column="Column263" /></DefinedValue><DefinedValue><ColumnReference Table="Object29" Column="Column264" /></DefinedValue></DefinedValues><Object Table="Object29" /><ParameterList><ScalarOperator ScalarString="ScalarString247"><Identifier><ColumnReference Column="Expr1239" /></Identifier></ScalarOperator><ScalarOperator ScalarString="ScalarString214"><Const ConstValue="Value23" /></ScalarOperator><ScalarOperator ScalarString="ScalarString215"><Const ConstValue="Value7" /></ScalarOperator><ScalarOperator ScalarString="ScalarString215"><Const ConstValue="Value7" /></ScalarOperator></ParameterList></TableValuedFunction></RelOp></ComputeScalar></RelOp></Top></RelOp></StreamAggregate></RelOp></NestedLoops></RelOp></NestedLoops></RelOp><RelOp AvgRowSize="4035" EstimateCPU="4.18E-06" EstimateIO="0" EstimateRebinds="3426.8" EstimateRewinds="0" EstimatedExecutionMode="Row" EstimateRows="1" LogicalOp="Inner Join" NodeId="485" Parallel="true" PhysicalOp="Nested Loops" EstimatedTotalSubtreeCost="58.4259"><OutputList><ColumnReference Column="Expr1257" /></OutputList><RunTimeInformation><RunTimeCountersPerThread Thread="0" ActualRows="3772" Batches="0" ActualEndOfScans="0" ActualExecutions="3772" ActualExecutionMode="Row" ActualElapsedms="311" ActualCPUms="162" /></RunTimeInformation><NestedLoops Optimized="false"><OuterReferences><ColumnReference Column="Expr1251" /></OuterReferences><RelOp AvgRowSize="4035" EstimateCPU="1E-07" EstimateIO="0" EstimateRebinds="3426.8" EstimateRewinds="0" EstimatedExecutionMode="Row" EstimateRows="1" LogicalOp="Compute Scalar" NodeId="486" Parallel="true" PhysicalOp="Compute Scalar" EstimatedTotalSubtreeCost="41.1996"><OutputList><ColumnReference Column="Expr1251" /></OutputList><ComputeScalar><DefinedValues><DefinedValue><ColumnReference Column="Expr1251" /><ScalarOperator ScalarString="ScalarString248"><Identifier><ColumnReference Column="Expr1250" /></Identifier></ScalarOperator></DefinedValue></DefinedValues><RelOp AvgRowSize="4035" EstimateCPU="1E-06" EstimateIO="0" EstimateRebinds="3426.8" EstimateRewinds="0" EstimatedExecutionMode="Row" EstimateRows="1" LogicalOp="UDX" NodeId="487" Parallel="true" PhysicalOp="UDX" EstimatedTotalSubtreeCost="41.1992"><OutputList><ColumnReference Column="Expr1250" /></OutputList><RunTimeInformation><RunTimeCountersPerThread Thread="0" ActualRows="3772" Batches="0" ActualEndOfScans="0" ActualExecutions="3772" ActualExecutionMode="Row" ActualElapsedms="269" ActualCPUms="121" /></RunTimeInformation><Extension UDXName="FOR XML"><DefinedValues><DefinedValue><ColumnReference Column="Expr1250" /></DefinedValue></DefinedValues><UsedUDXColumns><ColumnReference Column="Expr1249" /><ColumnReference Database="Database1" Schema="Schema1" Table="Object18" Alias="Object74" Column="Column257" /></UsedUDXColumns><RelOp AvgRowSize="46" EstimateCPU="0.000100886" EstimateIO="0.0112613" EstimateRebinds="3426.8" EstimateRewinds="0" EstimatedExecutionMode="Row" EstimateRows="1.3252" LogicalOp="Sort" NodeId="488" Parallel="true" PhysicalOp="Sort" EstimatedTotalSubtreeCost="41.1958"><OutputList><ColumnReference Database="Database1" Schema="Schema1" Table="Object18" Alias="Object74" Column="Column257" /><ColumnReference Column="Expr1249" /></OutputList><MemoryFractions Input="3.46717E-05" Output="3.46717E-05" /><RunTimeInformation><RunTimeCountersPerThread Thread="0" ActualRebinds="3772" ActualRewinds="0" ActualRows="5065" Batches="0" ActualEndOfScans="3772" ActualExecutions="3772" ActualExecutionMode="Row" ActualElapsedms="244" ActualCPUms="95" ActualScans="0" ActualLogicalReads="0" ActualPhysicalReads="0" ActualReadAheads="0" ActualLobLogicalReads="0" ActualLobPhysicalReads="0" ActualLobReadAheads="0" InputMemoryGrant="544" OutputMemoryGrant="160" UsedMemoryGrant="16" /></RunTimeInformation><Sort Distinct="false"><OrderBy><OrderByColumn Ascending="true"><ColumnReference Database="Database1" Schema="Schema1" Table="Object18" Alias="Object74" Column="Column257" /></OrderByColumn></OrderBy><RelOp AvgRowSize="46" EstimateCPU="0.00976546" EstimateIO="0.87799" EstimateRebinds="3426.8" EstimateRewinds="0" EstimatedExecutionMode="Row" EstimateRows="1.3252" LogicalOp="Eager Spool" NodeId="489" Parallel="true" PhysicalOp="Index Spool" EstimatedTotalSubtreeCost="2.24885"><OutputList><ColumnReference Database="Database1" Schema="Schema1" Table="Object18" Alias="Object74" Column="Column257" /><ColumnReference Column="Expr1249" /></OutputList><RunTimeInformation><RunTimeCountersPerThread Thread="0" ActualRebinds="1" ActualRewinds="3771" ActualRows="5065" ActualRowsRead="5065" Batches="0" ActualEndOfScans="3772" ActualExecutions="3772" ActualExecutionMode="Row" ActualElapsedms="214" ActualCPUms="69" ActualScans="3772" ActualLogicalReads="27361" ActualPhysicalReads="0" ActualReadAheads="0" ActualLobLogicalReads="0" ActualLobPhysicalReads="0" ActualLobReadAheads="0" /></RunTimeInformation><Spool><SeekPredicateNew><SeekKeys><Prefix ScanType="EQ"><RangeColumns><ColumnReference Database="Database1" Schema="Schema1" Table="Object18" Alias="Object74" Column="Column46" /><ColumnReference Database="Database1" Schema="Schema1" Table="Object18" Alias="Object74" Column="Column51" /></RangeColumns><RangeExpressions><ScalarOperator ScalarString="ScalarString232"><Identifier><ColumnReference Database="Database1" Schema="Schema1" Table="Object18" Alias="Object72" Column="Column46" /></Identifier></ScalarOperator><ScalarOperator ScalarString="ScalarString233"><Identifier><ColumnReference Database="Database1" Schema="Schema1" Table="Object18" Alias="Object72" Column="Column51" /></Identifier></ScalarOperator></RangeExpressions></Prefix></SeekKeys></SeekPredicateNew><RelOp AvgRowSize="100" EstimateCPU="0.0009507" EstimateIO="0" EstimateRebinds="0" EstimateRewinds="0" EstimatedExecutionMode="Row" EstimateRows="9507" LogicalOp="Compute Scalar" NodeId="490" Parallel="true" PhysicalOp="Compute Scalar" EstimatedTotalSubtreeCost="0.28432"><OutputList><ColumnReference Database="Database1" Schema="Schema1" Table="Object18" Alias="Object74" Column="Column51" /><ColumnReference Database="Database1" Schema="Schema1" Table="Object18" Alias="Object74" Column="Column46" /><ColumnReference Database="Database1" Schema="Schema1" Table="Object18" Alias="Object74" Column="Column257" /><ColumnReference Column="Expr1249" /></OutputList><ComputeScalar><DefinedValues><DefinedValue><ColumnReference Column="Expr1249" /><ScalarOperator ScalarString="ScalarString249"><Arithmetic Operation="ADD"><ScalarOperator><Const ConstValue="Value33" /></ScalarOperator><ScalarOperator><IF><Condition><ScalarOperator><Compare CompareOp="EQ"><ScalarOperator><Identifier><ColumnReference Database="Database1" Schema="Schema1" Table="Object18" Alias="Object74" Column="Column268" /></Identifier></ScalarOperator><ScalarOperator><Const ConstValue="Value4" /></ScalarOperator></Compare></ScalarOperator></Condition><Then><ScalarOperator><Const ConstValue="Value54" /></ScalarOperator></Then><Else><ScalarOperator><Identifier><ColumnReference Database="Database1" Schema="Schema1" Table="Object18" Alias="Object74" Column="Column268" /></Identifier></ScalarOperator></Else></IF></ScalarOperator></Arithmetic></ScalarOperator></DefinedValue></DefinedValues><RelOp AvgRowSize="98" EstimateCPU="0.0106147" EstimateIO="0.272755" EstimateRebinds="0" EstimateRewinds="0" EstimatedExecutionMode="Row" EstimateRows="9507" EstimatedRowsRead="9507" LogicalOp="Table Scan" NodeId="491" Parallel="true" PhysicalOp="Table Scan" EstimatedTotalSubtreeCost="0.283369" TableCardinality="9507"><OutputList><ColumnReference Database="Database1" Schema="Schema1" Table="Object18" Alias="Object74" Column="Column51" /><ColumnReference Database="Database1" Schema="Schema1" Table="Object18" Alias="Object74" Column="Column46" /><ColumnReference Database="Database1" Schema="Schema1" Table="Object18" Alias="Object74" Column="Column257" /><ColumnReference Database="Database1" Schema="Schema1" Table="Object18" Alias="Object74" Column="Column268" /></OutputList><RunTimeInformation><RunTimeCountersPerThread Thread="0" ActualRows="9507" ActualRowsRead="9507" Batches="0" ActualEndOfScans="1" ActualExecutions="1" ActualExecutionMode="Row" ActualElapsedms="4" ActualCPUms="4" ActualScans="1" ActualLogicalReads="373" ActualPhysicalReads="0" ActualReadAheads="0" ActualLobLogicalReads="0" ActualLobPhysicalReads="0" ActualLobReadAheads="0" /></RunTimeInformation><TableScan Ordered="false" ForcedIndex="false" ForceScan="false" NoExpandHint="false" Storage="RowStore"><DefinedValues><DefinedValue><ColumnReference Database="Database1" Schema="Schema1" Table="Object18" Alias="Object74" Column="Column51" /></DefinedValue><DefinedValue><ColumnReference Database="Database1" Schema="Schema1" Table="Object18" Alias="Object74" Column="Column46" /></DefinedValue><DefinedValue><ColumnReference Database="Database1" Schema="Schema1" Table="Object18" Alias="Object74" Column="Column257" /></DefinedValue><DefinedValue><ColumnReference Database="Database1" Schema="Schema1" Table="Object18" Alias="Object74" Column="Column268" /></DefinedValue></DefinedValues><Object Database="Database1" Schema="Schema1" Table="Object18" Alias="Object74" TableReferenceId="4" IndexKind="Heap" Storage="RowStore" /></TableScan></RelOp></ComputeScalar></RelOp></Spool></RelOp></Sort></RelOp></Extension></RelOp></ComputeScalar></RelOp><RelOp AvgRowSize="4035" EstimateCPU="1.1E-06" EstimateIO="0" EstimateRebinds="3426.8" EstimateRewinds="0" EstimatedExecutionMode="Row" EstimateRows="1" LogicalOp="Aggregate" NodeId="492" Parallel="true" PhysicalOp="Stream Aggregate" EstimatedTotalSubtreeCost="17.212"><OutputList><ColumnReference Column="Expr1257" /></OutputList><RunTimeInformation><RunTimeCountersPerThread Thread="0" ActualRows="3772" Batches="0" ActualEndOfScans="0" ActualExecutions="3772" ActualExecutionMode="Row" ActualElapsedms="38" ActualCPUms="38" /></RunTimeInformation><StreamAggregate><DefinedValues><DefinedValue><ColumnReference Column="Expr1257" /><ScalarOperator ScalarString="ScalarString250"><Aggregate AggType="MIN" Distinct="false"><ScalarOperator><IF><Condition><ScalarOperator><Compare CompareOp="IS"><ScalarOperator><Identifier><ColumnReference Column="Expr1251" /></Identifier></ScalarOperator><ScalarOperator><Const ConstValue="Value7" /></ScalarOperator></Compare></ScalarOperator></Condition><Then><ScalarOperator><Const ConstValue="Value7" /></ScalarOperator></Then><Else><ScalarOperator><IF><Condition><ScalarOperator><Compare CompareOp="GE"><ScalarOperator><Intrinsic FunctionName="Function12"><ScalarOperator><Identifier><ColumnReference Table="Object29" Column="Column263" /></Identifier></ScalarOperator></Intrinsic></ScalarOperator><ScalarOperator><Const ConstValue="Value44" /></ScalarOperator></Compare></ScalarOperator></Condition><Then><ScalarOperator><Convert DataType="nvarchar(max)" Length="2147483647" Style="0" Implicit="true"><ScalarOperator><Identifier><ColumnReference Table="Object29" Column="Column264" /></Identifier></ScalarOperator></Convert></ScalarOperator></Then><Else><ScalarOperator><Convert DataType="nvarchar(max)" Length="2147483647" Style="0" Implicit="true"><ScalarOperator><Identifier><ColumnReference Table="Object29" Column="Column263" /></Identifier></ScalarOperator></Convert></ScalarOperator></Else></IF></ScalarOperator></Else></IF></ScalarOperator></Aggregate></ScalarOperator></DefinedValue></DefinedValues><RelOp AvgRowSize="8045" EstimateCPU="1E-07" EstimateIO="0" EstimateRebinds="3426.8" EstimateRewinds="0" EstimatedExecutionMode="Row" EstimateRows="1" LogicalOp="Top" NodeId="493" Parallel="true" PhysicalOp="Top" EstimatedTotalSubtreeCost="17.2082"><OutputList><ColumnReference Table="Object29" Column="Column263" /><ColumnReference Table="Object29" Column="Column264" /></OutputList><RunTimeInformation><RunTimeCountersPerThread Thread="0" ActualRows="3772" Batches="0" ActualEndOfScans="3772" ActualExecutions="3772" ActualExecutionMode="Row" ActualElapsedms="24" ActualCPUms="24" /></RunTimeInformation><Top RowCount="false" IsPercent="false" WithTies="false"><TopExpression><ScalarOperator ScalarString="ScalarString117"><Const ConstValue="Value10" /></ScalarOperator></TopExpression><RelOp AvgRowSize="8949" EstimateCPU="2E-05" EstimateIO="0" EstimateRebinds="3426.8" EstimateRewinds="0" EstimatedExecutionMode="Row" EstimateRows="1" EstimateRowsWithoutRowGoal="200" LogicalOp="Compute Scalar" NodeId="494" Parallel="true" PhysicalOp="Compute Scalar" EstimatedTotalSubtreeCost="17.2079"><OutputList><ColumnReference Table="Object29" Column="Column265" /><ColumnReference Table="Object29" Column="Column263" /><ColumnReference Table="Object29" Column="Column264" /><ColumnReference Column="Expr1256" /></OutputList><ComputeScalar><DefinedValues><DefinedValue><ColumnReference Column="Expr1256" /><ScalarOperator ScalarString="ScalarString212"><Const ConstValue="Value45" /></ScalarOperator></DefinedValue></DefinedValues><RelOp AvgRowSize="8497" EstimateCPU="1.004" EstimateIO="0" EstimateRebinds="3426.8" EstimateRewinds="0" EstimatedExecutionMode="Row" EstimateRows="1" EstimateRowsWithoutRowGoal="200" LogicalOp="Table-valued function" NodeId="495" Parallel="true" PhysicalOp="Table-valued function" EstimatedTotalSubtreeCost="17.2075"><OutputList><ColumnReference Table="Object29" Column="Column265" /><ColumnReference Table="Object29" Column="Column263" /><ColumnReference Table="Object29" Column="Column264" /></OutputList><RunTimeInformation><RunTimeCountersPerThread Thread="0" ActualRebinds="3772" ActualRewinds="0" ActualRows="3772" Batches="0" ActualEndOfScans="0" ActualExecutions="3772" ActualExecutionMode="Row" ActualElapsedms="22" ActualCPUms="22" /></RunTimeInformation><TableValuedFunction><DefinedValues><DefinedValue><ColumnReference Table="Object29" Column="Column265" /></DefinedValue><DefinedValue><ColumnReference Table="Object29" Column="Column263" /></DefinedValue><DefinedValue><ColumnReference Table="Object29" Column="Column264" /></DefinedValue></DefinedValues><Object Table="Object29" /><ParameterList><ScalarOperator ScalarString="ScalarString251"><Identifier><ColumnReference Column="Expr1251" /></Identifier></ScalarOperator><ScalarOperator ScalarString="ScalarString214"><Const ConstValue="Value23" /></ScalarOperator><ScalarOperator ScalarString="ScalarString215"><Const ConstValue="Value7" /></ScalarOperator><ScalarOperator ScalarString="ScalarString215"><Const ConstValue="Value7" /></ScalarOperator></ParameterList></TableValuedFunction></RelOp></ComputeScalar></RelOp></Top></RelOp></StreamAggregate></RelOp></NestedLoops></RelOp></NestedLoops></RelOp><RelOp AvgRowSize="4035" EstimateCPU="4.18E-06" EstimateIO="0" EstimateRebinds="3426.8" EstimateRewinds="0" EstimatedExecutionMode="Row" EstimateRows="1" LogicalOp="Inner Join" NodeId="496" Parallel="true" PhysicalOp="Nested Loops" EstimatedTotalSubtreeCost="58.2114"><OutputList><ColumnReference Column="Expr1269" /></OutputList><RunTimeInformation><RunTimeCountersPerThread Thread="0" ActualRows="3772" Batches="0" ActualEndOfScans="0" ActualExecutions="3772" ActualExecutionMode="Row" ActualElapsedms="284" ActualCPUms="161" /></RunTimeInformation><NestedLoops Optimized="false"><OuterReferences><ColumnReference Column="Expr1263" /></OuterReferences><RelOp AvgRowSize="4035" EstimateCPU="1E-07" EstimateIO="0" EstimateRebinds="3426.8" EstimateRewinds="0" EstimatedExecutionMode="Row" EstimateRows="1" LogicalOp="Compute Scalar" NodeId="497" Parallel="true" PhysicalOp="Compute Scalar" EstimatedTotalSubtreeCost="40.9851"><OutputList><ColumnReference Column="Expr1263" /></OutputList><ComputeScalar><DefinedValues><DefinedValue><ColumnReference Column="Expr1263" /><ScalarOperator ScalarString="ScalarString252"><Identifier><ColumnReference Column="Expr1262" /></Identifier></ScalarOperator></DefinedValue></DefinedValues><RelOp AvgRowSize="4035" EstimateCPU="1E-06" EstimateIO="0" EstimateRebinds="3426.8" EstimateRewinds="0" EstimatedExecutionMode="Row" EstimateRows="1" LogicalOp="UDX" NodeId="498" Parallel="true" PhysicalOp="UDX" EstimatedTotalSubtreeCost="40.9848"><OutputList><ColumnReference Column="Expr1262" /></OutputList><RunTimeInformation><RunTimeCountersPerThread Thread="0" ActualRows="3772" Batches="0" ActualEndOfScans="0" ActualExecutions="3772" ActualExecutionMode="Row" ActualElapsedms="239" ActualCPUms="118" /></RunTimeInformation><Extension UDXName="FOR XML"><DefinedValues><DefinedValue><ColumnReference Column="Expr1262" /></DefinedValue></DefinedValues><UsedUDXColumns><ColumnReference Column="Expr1261" /><ColumnReference Database="Database1" Schema="Schema1" Table="Object18" Alias="Object74" Column="Column257" /></UsedUDXColumns><RelOp AvgRowSize="24" EstimateCPU="0.000100864" EstimateIO="0.0112613" EstimateRebinds="3426.8" EstimateRewinds="0" EstimatedExecutionMode="Row" EstimateRows="1.3252" LogicalOp="Sort" NodeId="499" Parallel="true" PhysicalOp="Sort" EstimatedTotalSubtreeCost="40.9813"><OutputList><ColumnReference Database="Database1" Schema="Schema1" Table="Object18" Alias="Object74" Column="Column257" /><ColumnReference Column="Expr1261" /></OutputList><MemoryFractions Input="3.46717E-05" Output="3.46717E-05" /><RunTimeInformation><RunTimeCountersPerThread Thread="0" ActualRebinds="3772" ActualRewinds="0" ActualRows="5065" Batches="0" ActualEndOfScans="3772" ActualExecutions="3772" ActualExecutionMode="Row" ActualElapsedms="215" ActualCPUms="94" ActualScans="0" ActualLogicalReads="0" ActualPhysicalReads="0" ActualReadAheads="0" ActualLobLogicalReads="0" ActualLobPhysicalReads="0" ActualLobReadAheads="0" InputMemoryGrant="536" OutputMemoryGrant="152" UsedMemoryGrant="16" /></RunTimeInformation><Sort Distinct="false"><OrderBy><OrderByColumn Ascending="true"><ColumnReference Database="Database1" Schema="Schema1" Table="Object18" Alias="Object74" Column="Column257" /></OrderByColumn></OrderBy><RelOp AvgRowSize="24" EstimateCPU="0.00976546" EstimateIO="0.702314" EstimateRebinds="3426.8" EstimateRewinds="0" EstimatedExecutionMode="Row" EstimateRows="1.3252" LogicalOp="Eager Spool" NodeId="500" Parallel="true" PhysicalOp="Index Spool" EstimatedTotalSubtreeCost="2.03436"><OutputList><ColumnReference Database="Database1" Schema="Schema1" Table="Object18" Alias="Object74" Column="Column257" /><ColumnReference Column="Expr1261" /></OutputList><RunTimeInformation><RunTimeCountersPerThread Thread="0" ActualRebinds="1" ActualRewinds="3771" ActualRows="5065" ActualRowsRead="5065" Batches="0" ActualEndOfScans="3772" ActualExecutions="3772" ActualExecutionMode="Row" ActualElapsedms="173" ActualCPUms="69" ActualScans="3772" ActualLogicalReads="27169" ActualPhysicalReads="0" ActualReadAheads="0" ActualLobLogicalReads="0" ActualLobPhysicalReads="0" ActualLobReadAheads="0" /></RunTimeInformation><Spool><SeekPredicateNew><SeekKeys><Prefix ScanType="EQ"><RangeColumns><ColumnReference Database="Database1" Schema="Schema1" Table="Object18" Alias="Object74" Column="Column46" /><ColumnReference Database="Database1" Schema="Schema1" Table="Object18" Alias="Object74" Column="Column51" /></RangeColumns><RangeExpressions><ScalarOperator ScalarString="ScalarString232"><Identifier><ColumnReference Database="Database1" Schema="Schema1" Table="Object18" Alias="Object72" Column="Column46" /></Identifier></ScalarOperator><ScalarOperator ScalarString="ScalarString233"><Identifier><ColumnReference Database="Database1" Schema="Schema1" Table="Object18" Alias="Object72" Column="Column51" /></Identifier></ScalarOperator></RangeExpressions></Prefix></SeekKeys></SeekPredicateNew><RelOp AvgRowSize="78" EstimateCPU="0.0009507" EstimateIO="0" EstimateRebinds="0" EstimateRewinds="0" EstimatedExecutionMode="Row" EstimateRows="9507" LogicalOp="Compute Scalar" NodeId="501" Parallel="true" PhysicalOp="Compute Scalar" EstimatedTotalSubtreeCost="0.28432"><OutputList><ColumnReference Database="Database1" Schema="Schema1" Table="Object18" Alias="Object74" Column="Column51" /><ColumnReference Database="Database1" Schema="Schema1" Table="Object18" Alias="Object74" Column="Column46" /><ColumnReference Database="Database1" Schema="Schema1" Table="Object18" Alias="Object74" Column="Column257" /><ColumnReference Column="Expr1261" /></OutputList><ComputeScalar><DefinedValues><DefinedValue><ColumnReference Column="Expr1261" /><ScalarOperator ScalarString="ScalarString253"><Arithmetic Operation="ADD"><ScalarOperator><Const ConstValue="Value55" /></ScalarOperator><ScalarOperator><Convert DataType="nvarchar" Length="8" Style="0" Implicit="true"><ScalarOperator><IF><Condition><ScalarOperator><Compare CompareOp="EQ"><ScalarOperator><Identifier><ColumnReference Database="Database1" Schema="Schema1" Table="Object18" Alias="Object74" Column="Column269" /></Identifier></ScalarOperator><ScalarOperator><Const ConstValue="Value10" /></ScalarOperator></Compare></ScalarOperator></Condition><Then><ScalarOperator><Const ConstValue="Value56" /></ScalarOperator></Then><Else><ScalarOperator><Const ConstValue="Value5" /></ScalarOperator></Else></IF></ScalarOperator></Convert></ScalarOperator></Arithmetic></ScalarOperator></DefinedValue></DefinedValues><RelOp AvgRowSize="72" EstimateCPU="0.0106147" EstimateIO="0.272755" EstimateRebinds="0" EstimateRewinds="0" EstimatedExecutionMode="Row" EstimateRows="9507" EstimatedRowsRead="9507" LogicalOp="Table Scan" NodeId="502" Parallel="true" PhysicalOp="Table Scan" EstimatedTotalSubtreeCost="0.283369" TableCardinality="9507"><OutputList><ColumnReference Database="Database1" Schema="Schema1" Table="Object18" Alias="Object74" Column="Column51" /><ColumnReference Database="Database1" Schema="Schema1" Table="Object18" Alias="Object74" Column="Column46" /><ColumnReference Database="Database1" Schema="Schema1" Table="Object18" Alias="Object74" Column="Column269" /><ColumnReference Database="Database1" Schema="Schema1" Table="Object18" Alias="Object74" Column="Column257" /></OutputList><RunTimeInformation><RunTimeCountersPerThread Thread="0" ActualRows="9507" ActualRowsRead="9507" Batches="0" ActualEndOfScans="1" ActualExecutions="1" ActualExecutionMode="Row" ActualElapsedms="4" ActualCPUms="4" ActualScans="1" ActualLogicalReads="373" ActualPhysicalReads="0" ActualReadAheads="0" ActualLobLogicalReads="0" ActualLobPhysicalReads="0" ActualLobReadAheads="0" /></RunTimeInformation><TableScan Ordered="false" ForcedIndex="false" ForceScan="false" NoExpandHint="false" Storage="RowStore"><DefinedValues><DefinedValue><ColumnReference Database="Database1" Schema="Schema1" Table="Object18" Alias="Object74" Column="Column51" /></DefinedValue><DefinedValue><ColumnReference Database="Database1" Schema="Schema1" Table="Object18" Alias="Object74" Column="Column46" /></DefinedValue><DefinedValue><ColumnReference Database="Database1" Schema="Schema1" Table="Object18" Alias="Object74" Column="Column269" /></DefinedValue><DefinedValue><ColumnReference Database="Database1" Schema="Schema1" Table="Object18" Alias="Object74" Column="Column257" /></DefinedValue></DefinedValues><Object Database="Database1" Schema="Schema1" Table="Object18" Alias="Object74" TableReferenceId="5" IndexKind="Heap" Storage="RowStore" /></TableScan></RelOp></ComputeScalar></RelOp></Spool></RelOp></Sort></RelOp></Extension></RelOp></ComputeScalar></RelOp><RelOp AvgRowSize="4035" EstimateCPU="1.1E-06" EstimateIO="0" EstimateRebinds="3426.8" EstimateRewinds="0" EstimatedExecutionMode="Row" EstimateRows="1" LogicalOp="Aggregate" NodeId="503" Parallel="true" PhysicalOp="Stream Aggregate" EstimatedTotalSubtreeCost="17.212"><OutputList><ColumnReference Column="Expr1269" /></OutputList><RunTimeInformation><RunTimeCountersPerThread Thread="0" ActualRows="3772" Batches="0" ActualEndOfScans="0" ActualExecutions="3772" ActualExecutionMode="Row" ActualElapsedms="41" ActualCPUms="39" /></RunTimeInformation><StreamAggregate><DefinedValues><DefinedValue><ColumnReference Column="Expr1269" /><ScalarOperator ScalarString="ScalarString254"><Aggregate AggType="MIN" Distinct="false"><ScalarOperator><IF><Condition><ScalarOperator><Compare CompareOp="IS"><ScalarOperator><Identifier><ColumnReference Column="Expr1263" /></Identifier></ScalarOperator><ScalarOperator><Const ConstValue="Value7" /></ScalarOperator></Compare></ScalarOperator></Condition><Then><ScalarOperator><Const ConstValue="Value7" /></ScalarOperator></Then><Else><ScalarOperator><IF><Condition><ScalarOperator><Compare CompareOp="GE"><ScalarOperator><Intrinsic FunctionName="Function12"><ScalarOperator><Identifier><ColumnReference Table="Object29" Column="Column263" /></Identifier></ScalarOperator></Intrinsic></ScalarOperator><ScalarOperator><Const ConstValue="Value44" /></ScalarOperator></Compare></ScalarOperator></Condition><Then><ScalarOperator><Convert DataType="nvarchar(max)" Length="2147483647" Style="0" Implicit="true"><ScalarOperator><Identifier><ColumnReference Table="Object29" Column="Column264" /></Identifier></ScalarOperator></Convert></ScalarOperator></Then><Else><ScalarOperator><Convert DataType="nvarchar(max)" Length="2147483647" Style="0" Implicit="true"><ScalarOperator><Identifier><ColumnReference Table="Object29" Column="Column263" /></Identifier></ScalarOperator></Convert></ScalarOperator></Else></IF></ScalarOperator></Else></IF></ScalarOperator></Aggregate></ScalarOperator></DefinedValue></DefinedValues><RelOp AvgRowSize="8045" EstimateCPU="1E-07" EstimateIO="0" EstimateRebinds="3426.8" EstimateRewinds="0" EstimatedExecutionMode="Row" EstimateRows="1" LogicalOp="Top" NodeId="504" Parallel="true" PhysicalOp="Top" EstimatedTotalSubtreeCost="17.2082"><OutputList><ColumnReference Table="Object29" Column="Column263" /><ColumnReference Table="Object29" Column="Column264" /></OutputList><RunTimeInformation><RunTimeCountersPerThread Thread="0" ActualRows="3772" Batches="0" ActualEndOfScans="3772" ActualExecutions="3772" ActualExecutionMode="Row" ActualElapsedms="27" ActualCPUms="25" /></RunTimeInformation><Top RowCount="false" IsPercent="false" WithTies="false"><TopExpression><ScalarOperator ScalarString="ScalarString117"><Const ConstValue="Value10" /></ScalarOperator></TopExpression><RelOp AvgRowSize="8949" EstimateCPU="2E-05" EstimateIO="0" EstimateRebinds="3426.8" EstimateRewinds="0" EstimatedExecutionMode="Row" EstimateRows="1" EstimateRowsWithoutRowGoal="200" LogicalOp="Compute Scalar" NodeId="505" Parallel="true" PhysicalOp="Compute Scalar" EstimatedTotalSubtreeCost="17.2079"><OutputList><ColumnReference Table="Object29" Column="Column265" /><ColumnReference Table="Object29" Column="Column263" /><ColumnReference Table="Object29" Column="Column264" /><ColumnReference Column="Expr1268" /></OutputList><ComputeScalar><DefinedValues><DefinedValue><ColumnReference Column="Expr1268" /><ScalarOperator ScalarString="ScalarString212"><Const ConstValue="Value45" /></ScalarOperator></DefinedValue></DefinedValues><RelOp AvgRowSize="8497" EstimateCPU="1.004" EstimateIO="0" EstimateRebinds="3426.8" EstimateRewinds="0" EstimatedExecutionMode="Row" EstimateRows="1" EstimateRowsWithoutRowGoal="200" LogicalOp="Table-valued function" NodeId="506" Parallel="true" PhysicalOp="Table-valued function" EstimatedTotalSubtreeCost="17.2075"><OutputList><ColumnReference Table="Object29" Column="Column265" /><ColumnReference Table="Object29" Column="Column263" /><ColumnReference Table="Object29" Column="Column264" /></OutputList><RunTimeInformation><RunTimeCountersPerThread Thread="0" ActualRebinds="3772" ActualRewinds="0" ActualRows="3772" Batches="0" ActualEndOfScans="0" ActualExecutions="3772" ActualExecutionMode="Row" ActualElapsedms="25" ActualCPUms="23" /></RunTimeInformation><TableValuedFunction><DefinedValues><DefinedValue><ColumnReference Table="Object29" Column="Column265" /></DefinedValue><DefinedValue><ColumnReference Table="Object29" Column="Column263" /></DefinedValue><DefinedValue><ColumnReference Table="Object29" Column="Column264" /></DefinedValue></DefinedValues><Object Table="Object29" /><ParameterList><ScalarOperator ScalarString="ScalarString255"><Identifier><ColumnReference Column="Expr1263" /></Identifier></ScalarOperator><ScalarOperator ScalarString="ScalarString214"><Const ConstValue="Value23" /></ScalarOperator><ScalarOperator ScalarString="ScalarString215"><Const ConstValue="Value7" /></ScalarOperator><ScalarOperator ScalarString="ScalarString215"><Const ConstValue="Value7" /></ScalarOperator></ParameterList></TableValuedFunction></RelOp></ComputeScalar></RelOp></Top></RelOp></StreamAggregate></RelOp></NestedLoops></RelOp></NestedLoops></RelOp></ComputeScalar></RelOp></Spool></RelOp></NestedLoops></RelOp></ComputeScalar></RelOp></Sort></RelOp></StreamAggregate></RelOp></Parallelism></RelOp></StreamAggregate></RelOp></Parallelism></RelOp><RelOp AvgRowSize="46" EstimateCPU="2.07397E-05" EstimateIO="0" EstimateRebinds="0" EstimateRewinds="0" EstimatedExecutionMode="Row" EstimateRows="414.793" LogicalOp="Compute Scalar" NodeId="508" Parallel="true" PhysicalOp="Compute Scalar" EstimatedTotalSubtreeCost="2.42752"><OutputList><ColumnReference Column="Union1396" /><ColumnReference Database="Database1" Schema="Schema1" Table="Object27" Alias="Object41" Column="Column41" /><ColumnReference Column="Expr1414" /><ColumnReference Column="Expr1423" /><ColumnReference Column="Expr1424" /></OutputList><ComputeScalar><DefinedValues><DefinedValue><ColumnReference Column="Expr1414" /><ScalarOperator ScalarString="ScalarString256"><Convert DataType="int" Style="0" Implicit="true"><ScalarOperator><Identifier><ColumnReference Column="globalagg1649" /></Identifier></ScalarOperator></Convert></ScalarOperator></DefinedValue><DefinedValue><ColumnReference Column="Expr1423" /><ScalarOperator ScalarString="ScalarString257"><Convert DataType="int" Style="0" Implicit="true"><ScalarOperator><Identifier><ColumnReference Column="globalagg1667" /></Identifier></ScalarOperator></Convert></ScalarOperator></DefinedValue><DefinedValue><ColumnReference Column="Expr1424" /><ScalarOperator ScalarString="ScalarString258"><Convert DataType="int" Style="0" Implicit="true"><ScalarOperator><Identifier><ColumnReference Column="globalagg1669" /></Identifier></ScalarOperator></Convert></ScalarOperator></DefinedValue></DefinedValues><RelOp AvgRowSize="58" EstimateCPU="0.000294501" EstimateIO="0" EstimateRebinds="0" EstimateRewinds="0" EstimatedExecutionMode="Row" EstimateRows="414.793" LogicalOp="Aggregate" NodeId="509" Parallel="true" PhysicalOp="Stream Aggregate" EstimatedTotalSubtreeCost="2.4275"><OutputList><ColumnReference Column="Union1396" /><ColumnReference Database="Database1" Schema="Schema1" Table="Object27" Alias="Object41" Column="Column41" /><ColumnReference Column="globalagg1649" /><ColumnReference Column="globalagg1667" /><ColumnReference Column="globalagg1669" /></OutputList><RunTimeInformation><RunTimeCountersPerThread Thread="0" ActualRows="4" Batches="0" ActualEndOfScans="1" ActualExecutions="1" ActualExecutionMode="Row" ActualElapsedms="79" ActualCPUms="68" /></RunTimeInformation><StreamAggregate><DefinedValues><DefinedValue><ColumnReference Column="globalagg1649" /><ScalarOperator ScalarString="ScalarString259"><Aggregate AggType="SUM" Distinct="false"><ScalarOperator><Identifier><ColumnReference Column="partialagg1648" /></Identifier></ScalarOperator></Aggregate></ScalarOperator></DefinedValue><DefinedValue><ColumnReference Column="globalagg1667" /><ScalarOperator ScalarString="ScalarString260"><Aggregate AggType="SUM" Distinct="false"><ScalarOperator><Identifier><ColumnReference Column="partialagg1666" /></Identifier></ScalarOperator></Aggregate></ScalarOperator></DefinedValue><DefinedValue><ColumnReference Column="globalagg1669" /><ScalarOperator ScalarString="ScalarString261"><Aggregate AggType="SUM" Distinct="false"><ScalarOperator><Identifier><ColumnReference Column="partialagg1668" /></Identifier></ScalarOperator></Aggregate></ScalarOperator></DefinedValue><DefinedValue><ColumnReference Database="Database1" Schema="Schema1" Table="Object27" Alias="Object41" Column="Column41" /><ScalarOperator ScalarString="ScalarString262"><Aggregate AggType="ANY" Distinct="false"><ScalarOperator><Identifier><ColumnReference Database="Database1" Schema="Schema1" Table="Object27" Alias="Object41" Column="Column41" /></Identifier></ScalarOperator></Aggregate></ScalarOperator></DefinedValue></DefinedValues><GroupBy><ColumnReference Column="Union1396" /></GroupBy><RelOp AvgRowSize="58" EstimateCPU="0.0344498" EstimateIO="0" EstimateRebinds="0" EstimateRewinds="0" EstimatedExecutionMode="Row" EstimateRows="636.009" LogicalOp="Repartition Streams" NodeId="510" Parallel="true" PhysicalOp="Parallelism" EstimatedTotalSubtreeCost="2.42721"><OutputList><ColumnReference Column="Union1396" /><ColumnReference Database="Database1" Schema="Schema1" Table="Object27" Alias="Object41" Column="Column41" /><ColumnReference Column="partialagg1648" /><ColumnReference Column="partialagg1666" /><ColumnReference Column="partialagg1668" /></OutputList><Parallelism PartitioningType="Hash"><PartitionColumns><ColumnReference Column="Union1396" /></PartitionColumns><OrderBy><OrderByColumn Ascending="true"><ColumnReference Column="Union1396" /></OrderByColumn></OrderBy><RelOp AvgRowSize="58" EstimateCPU="0.00042002" EstimateIO="0" EstimateRebinds="0" EstimateRewinds="0" EstimatedExecutionMode="Row" EstimateRows="636.009" LogicalOp="Aggregate" NodeId="511" Parallel="true" PhysicalOp="Stream Aggregate" EstimatedTotalSubtreeCost="2.39276"><OutputList><ColumnReference Column="Union1396" /><ColumnReference Database="Database1" Schema="Schema1" Table="Object27" Alias="Object41" Column="Column41" /><ColumnReference Column="partialagg1648" /><ColumnReference Column="partialagg1666" /><ColumnReference Column="partialagg1668" /></OutputList><RunTimeInformation><RunTimeCountersPerThread Thread="0" ActualRows="4" Batches="0" ActualEndOfScans="1" ActualExecutions="1" ActualExecutionMode="Row" ActualElapsedms="79" ActualCPUms="68" /></RunTimeInformation><StreamAggregate><DefinedValues><DefinedValue><ColumnReference Column="partialagg1648" /><ScalarOperator ScalarString="ScalarString263"><Aggregate AggType="COUNT_BIG" Distinct="false"><ScalarOperator><IF><Condition><ScalarOperator><Compare CompareOp="EQ"><ScalarOperator><Identifier><ColumnReference Column="Union1397" /></Identifier></ScalarOperator><ScalarOperator><Const ConstValue="Value57" /></ScalarOperator></Compare></ScalarOperator></Condition><Then><ScalarOperator><Identifier><ColumnReference Column="Union1397" /></Identifier></ScalarOperator></Then><Else><ScalarOperator><Const ConstValue="Value7" /></ScalarOperator></Else></IF></ScalarOperator></Aggregate></ScalarOperator></DefinedValue><DefinedValue><ColumnReference Column="partialagg1666" /><ScalarOperator ScalarString="ScalarString264"><Aggregate AggType="COUNT_BIG" Distinct="false"><ScalarOperator><IF><Condition><ScalarOperator><Compare CompareOp="EQ"><ScalarOperator><Identifier><ColumnReference Column="Union1397" /></Identifier></ScalarOperator><ScalarOperator><Const ConstValue="Value58" /></ScalarOperator></Compare></ScalarOperator></Condition><Then><ScalarOperator><Identifier><ColumnReference Column="Union1397" /></Identifier></ScalarOperator></Then><Else><ScalarOperator><Const ConstValue="Value7" /></ScalarOperator></Else></IF></ScalarOperator></Aggregate></ScalarOperator></DefinedValue><DefinedValue><ColumnReference Column="partialagg1668" /><ScalarOperator ScalarString="ScalarString265"><Aggregate AggType="COUNT_BIG" Distinct="false"><ScalarOperator><IF><Condition><ScalarOperator><Compare CompareOp="EQ"><ScalarOperator><Identifier><ColumnReference Column="Union1397" /></Identifier></ScalarOperator><ScalarOperator><Const ConstValue="Value59" /></ScalarOperator></Compare></ScalarOperator></Condition><Then><ScalarOperator><Identifier><ColumnReference Column="Union1397" /></Identifier></ScalarOperator></Then><Else><ScalarOperator><Const ConstValue="Value7" /></ScalarOperator></Else></IF></ScalarOperator></Aggregate></ScalarOperator></DefinedValue><DefinedValue><ColumnReference Database="Database1" Schema="Schema1" Table="Object27" Alias="Object41" Column="Column41" /><ScalarOperator ScalarString="ScalarString262"><Aggregate AggType="ANY" Distinct="false"><ScalarOperator><Identifier><ColumnReference Database="Database1" Schema="Schema1" Table="Object27" Alias="Object41" Column="Column41" /></Identifier></ScalarOperator></Aggregate></ScalarOperator></DefinedValue></DefinedValues><GroupBy><ColumnReference Column="Union1396" /></GroupBy><RelOp AvgRowSize="43" EstimateCPU="0.0244188" EstimateIO="0.00563063" EstimateRebinds="0" EstimateRewinds="0" EstimatedExecutionMode="Row" EstimateRows="870.058" LogicalOp="Distinct Sort" NodeId="512" Parallel="true" PhysicalOp="Sort" EstimatedTotalSubtreeCost="2.39234"><OutputList><ColumnReference Column="Union1396" /><ColumnReference Column="Union1397" /><ColumnReference Database="Database1" Schema="Schema1" Table="Object27" Alias="Object41" Column="Column41" /></OutputList><MemoryFractions Input="0.000502739" Output="0.000502739" /><RunTimeInformation><RunTimeCountersPerThread Thread="0" ActualRebinds="1" ActualRewinds="0" ActualRows="8" Batches="0" ActualEndOfScans="1" ActualExecutions="1" ActualExecutionMode="Row" ActualElapsedms="79" ActualCPUms="68" ActualScans="0" ActualLogicalReads="0" ActualPhysicalReads="0" ActualReadAheads="0" ActualLobLogicalReads="0" ActualLobPhysicalReads="0" ActualLobReadAheads="0" InputMemoryGrant="968" OutputMemoryGrant="592" UsedMemoryGrant="16" /></RunTimeInformation><Sort Distinct="true"><OrderBy><OrderByColumn Ascending="true"><ColumnReference Column="Union1396" /></OrderByColumn><OrderByColumn Ascending="true"><ColumnReference Column="Union1397" /></OrderByColumn></OrderBy><RelOp AvgRowSize="43" EstimateCPU="0.0382919" EstimateIO="0" EstimateRebinds="0" EstimateRewinds="0" EstimatedExecutionMode="Row" EstimateRows="2736.22" LogicalOp="Repartition Streams" NodeId="513" Parallel="true" PhysicalOp="Parallelism" EstimatedTotalSubtreeCost="2.36229"><OutputList><ColumnReference Column="Union1396" /><ColumnReference Column="Union1397" /><ColumnReference Database="Database1" Schema="Schema1" Table="Object27" Alias="Object41" Column="Column41" /></OutputList><Parallelism PartitioningType="Hash"><PartitionColumns><ColumnReference Column="Union1396" /><ColumnReference Column="Union1397" /></PartitionColumns><RelOp AvgRowSize="43" EstimateCPU="0.288884" EstimateIO="0" EstimateRebinds="0" EstimateRewinds="0" EstimatedExecutionMode="Row" EstimateRows="2736.22" LogicalOp="Inner Join" NodeId="514" Parallel="true" PhysicalOp="Hash Match" EstimatedTotalSubtreeCost="2.324"><OutputList><ColumnReference Column="Union1396" /><ColumnReference Column="Union1397" /><ColumnReference Database="Database1" Schema="Schema1" Table="Object27" Alias="Object41" Column="Column41" /></OutputList><MemoryFractions Input="0.00185636" Output="0.00142154" /><RunTimeInformation><RunTimeCountersPerThread Thread="0" ActualRows="8" Batches="0" ActualEndOfScans="1" ActualExecutions="1" ActualExecutionMode="Row" ActualElapsedms="79" ActualCPUms="68" ActualScans="0" ActualLogicalReads="0" ActualPhysicalReads="0" ActualReadAheads="0" ActualLobLogicalReads="0" ActualLobPhysicalReads="0" ActualLobReadAheads="0" InputMemoryGrant="2736" OutputMemoryGrant="2336" UsedMemoryGrant="1344" /></RunTimeInformation><Hash><DefinedValues /><HashKeysBuild><ColumnReference Column="Union1398" /></HashKeysBuild><HashKeysProbe><ColumnReference Database="Database1" Schema="Schema1" Table="Object27" Alias="Object41" Column="Column270" /></HashKeysProbe><ProbeResidual><ScalarOperator ScalarString="ScalarString266"><Compare CompareOp="EQ"><ScalarOperator><Identifier><ColumnReference Database="Database1" Schema="Schema1" Table="Object27" Alias="Object41" Column="Column270" /></Identifier></ScalarOperator><ScalarOperator><Identifier><ColumnReference Column="Union1398" /></Identifier></ScalarOperator></Compare></ScalarOperator></ProbeResidual><RelOp AvgRowSize="49" EstimateCPU="0.00051962" EstimateIO="0" EstimateRebinds="0" EstimateRewinds="0" EstimatedExecutionMode="Row" EstimateRows="10392.4" LogicalOp="Concatenation" NodeId="515" Parallel="true" PhysicalOp="Concatenation" EstimatedTotalSubtreeCost="1.93033"><OutputList><ColumnReference Column="Union1396" /><ColumnReference Column="Union1397" /><ColumnReference Column="Union1398" /></OutputList><RunTimeInformation><RunTimeCountersPerThread Thread="0" ActualRows="10480" Batches="0" ActualEndOfScans="1" ActualExecutions="1" ActualExecutionMode="Row" ActualElapsedms="70" ActualCPUms="60" /></RunTimeInformation><Concat><DefinedValues><DefinedValue><ColumnReference Column="Union1396" /><ColumnReference Database="Database1" Schema="Schema1" Table="Object9" Column="Column51" /><ColumnReference Database="Database1" Schema="Schema1" Table="Object9" Column="Column51" /><ColumnReference Database="Database1" Schema="Schema1" Table="Object9" Column="Column51" /><ColumnReference Database="Database1" Schema="Schema1" Table="Object9" Column="Column51" /><ColumnReference Database="Database1" Schema="Schema1" Table="Object9" Column="Column51" /><ColumnReference Database="Database1" Schema="Schema1" Table="Object6" Column="Column51" /><ColumnReference Database="Database1" Schema="Schema1" Table="Object6" Column="Column51" /><ColumnReference Database="Database1" Schema="Schema1" Table="Object6" Column="Column51" /><ColumnReference Database="Database1" Schema="Schema1" Table="Object6" Column="Column51" /><ColumnReference Database="Database1" Schema="Schema1" Table="Object6" Column="Column51" /><ColumnReference Database="Database1" Schema="Schema1" Table="Object6" Column="Column51" /><ColumnReference Database="Database1" Schema="Schema1" Table="Object6" Column="Column51" /><ColumnReference Database="Database1" Schema="Schema1" Table="Object6" Column="Column51" /><ColumnReference Database="Database1" Schema="Schema1" Table="Object17" Column="Column51" /><ColumnReference Database="Database1" Schema="Schema1" Table="Object11" Column="Column51" /><ColumnReference Database="Database1" Schema="Schema1" Table="Object11" Column="Column51" /><ColumnReference Database="Database1" Schema="Schema1" Table="Object11" Column="Column51" /><ColumnReference Database="Database1" Schema="Schema1" Table="Object11" Column="Column51" /><ColumnReference Database="Database1" Schema="Schema1" Table="Object11" Column="Column51" /><ColumnReference Database="Database1" Schema="Schema1" Table="Object11" Column="Column51" /><ColumnReference Database="Database1" Schema="Schema1" Table="Object5" Column="Column51" /><ColumnReference Database="Database1" Schema="Schema1" Table="Object5" Column="Column51" /><ColumnReference Database="Database1" Schema="Schema1" Table="Object10" Alias="Object76" Column="Column164" /><ColumnReference Database="Database1" Schema="Schema1" Table="Object10" Alias="Object76" Column="Column164" /></DefinedValue><DefinedValue><ColumnReference Column="Union1397" /><ColumnReference Column="Expr1292" /><ColumnReference Column="Expr1296" /><ColumnReference Column="Expr1300" /><ColumnReference Column="Expr1304" /><ColumnReference Column="Expr1308" /><ColumnReference Column="Expr1312" /><ColumnReference Column="Expr1316" /><ColumnReference Column="Expr1320" /><ColumnReference Column="Expr1324" /><ColumnReference Column="Expr1328" /><ColumnReference Column="Expr1332" /><ColumnReference Column="Expr1336" /><ColumnReference Column="Expr1340" /><ColumnReference Column="Expr1344" /><ColumnReference Column="Expr1348" /><ColumnReference Column="Expr1352" /><ColumnReference Column="Expr1356" /><ColumnReference Column="Expr1360" /><ColumnReference Column="Expr1364" /><ColumnReference Column="Expr1368" /><ColumnReference Column="Expr1372" /><ColumnReference Column="Expr1376" /><ColumnReference Column="Expr1385" /><ColumnReference Column="Expr1394" /></DefinedValue><DefinedValue><ColumnReference Column="Union1398" /><ColumnReference Database="Database1" Schema="Schema1" Table="Object9" Column="Column271" /><ColumnReference Database="Database1" Schema="Schema1" Table="Object9" Column="Column272" /><ColumnReference Database="Database1" Schema="Schema1" Table="Object9" Column="Column273" /><ColumnReference Database="Database1" Schema="Schema1" Table="Object9" Column="Column274" /><ColumnReference Database="Database1" Schema="Schema1" Table="Object9" Column="Column275" /><ColumnReference Database="Database1" Schema="Schema1" Table="Object6" Column="Column276" /><ColumnReference Database="Database1" Schema="Schema1" Table="Object6" Column="Column277" /><ColumnReference Database="Database1" Schema="Schema1" Table="Object6" Column="Column278" /><ColumnReference Database="Database1" Schema="Schema1" Table="Object6" Column="Column279" /><ColumnReference Database="Database1" Schema="Schema1" Table="Object6" Column="Column280" /><ColumnReference Database="Database1" Schema="Schema1" Table="Object6" Column="Column281" /><ColumnReference Database="Database1" Schema="Schema1" Table="Object6" Column="Column282" /><ColumnReference Database="Database1" Schema="Schema1" Table="Object6" Column="Column283" /><ColumnReference Database="Database1" Schema="Schema1" Table="Object17" Column="Column284" /><ColumnReference Database="Database1" Schema="Schema1" Table="Object11" Column="Column285" /><ColumnReference Database="Database1" Schema="Schema1" Table="Object11" Column="Column286" /><ColumnReference Database="Database1" Schema="Schema1" Table="Object11" Column="Column287" /><ColumnReference Database="Database1" Schema="Schema1" Table="Object11" Column="Column288" /><ColumnReference Database="Database1" Schema="Schema1" Table="Object11" Column="Column289" /><ColumnReference Database="Database1" Schema="Schema1" Table="Object11" Column="Column290" /><ColumnReference Database="Database1" Schema="Schema1" Table="Object5" Column="Column291" /><ColumnReference Database="Database1" Schema="Schema1" Table="Object5" Column="Column292" /><ColumnReference Database="Database1" Schema="Schema1" Table="Object4" Alias="Object77" Column="Column284" /><ColumnReference Database="Database1" Schema="Schema1" Table="Object24" Alias="Object77" Column="Column284" /></DefinedValue></DefinedValues><RelOp AvgRowSize="51" EstimateCPU="2.375E-05" EstimateIO="0" EstimateRebinds="0" EstimateRewinds="0" EstimatedExecutionMode="Row" EstimateRows="475" LogicalOp="Compute Scalar" NodeId="516" Parallel="true" PhysicalOp="Compute Scalar" EstimatedTotalSubtreeCost="0.0418635"><OutputList><ColumnReference Database="Database1" Schema="Schema1" Table="Object9" Column="Column51" /><ColumnReference Database="Database1" Schema="Schema1" Table="Object9" Column="Column271" /><ColumnReference Column="Expr1292" /></OutputList><ComputeScalar><DefinedValues><DefinedValue><ColumnReference Column="Expr1292" /><ScalarOperator ScalarString="ScalarString267"><Const ConstValue="Value60" /></ScalarOperator></DefinedValue></DefinedValues><RelOp AvgRowSize="43" EstimateCPU="0.0299786" EstimateIO="0" EstimateRebinds="0" EstimateRewinds="0" EstimatedExecutionMode="Row" EstimateRows="475" LogicalOp="Repartition Streams" NodeId="517" Parallel="true" PhysicalOp="Parallelism" EstimatedTotalSubtreeCost="0.0418398"><OutputList><ColumnReference Database="Database1" Schema="Schema1" Table="Object9" Column="Column51" /><ColumnReference Database="Database1" Schema="Schema1" Table="Object9" Column="Column271" /></OutputList><Parallelism PartitioningType="Hash"><PartitionColumns><ColumnReference Database="Database1" Schema="Schema1" Table="Object9" Column="Column271" /></PartitionColumns><RelOp AvgRowSize="51" EstimateCPU="0.0003005" EstimateIO="0.0113516" EstimateRebinds="0" EstimateRewinds="0" EstimatedExecutionMode="Row" EstimateRows="475" EstimatedRowsRead="475" LogicalOp="Table Scan" NodeId="518" Parallel="true" PhysicalOp="Table Scan" EstimatedTotalSubtreeCost="0.0116521" TableCardinality="475"><OutputList><ColumnReference Database="Database1" Schema="Schema1" Table="Object9" Column="Column51" /><ColumnReference Database="Database1" Schema="Schema1" Table="Object9" Column="Column271" /></OutputList><RunTimeInformation><RunTimeCountersPerThread Thread="0" ActualRows="475" ActualRowsRead="475" Batches="0" ActualEndOfScans="1" ActualExecutions="1" ActualExecutionMode="Row" ActualElapsedms="0" ActualCPUms="0" ActualScans="1" ActualLogicalReads="12" ActualPhysicalReads="0" ActualReadAheads="0" ActualLobLogicalReads="0" ActualLobPhysicalReads="0" ActualLobReadAheads="0" /></RunTimeInformation><TableScan Ordered="false" ForcedIndex="false" ForceScan="false" NoExpandHint="false" Storage="RowStore"><DefinedValues><DefinedValue><ColumnReference Database="Database1" Schema="Schema1" Table="Object9" Column="Column51" /></DefinedValue><DefinedValue><ColumnReference Database="Database1" Schema="Schema1" Table="Object9" Column="Column271" /></DefinedValue></DefinedValues><Object Database="Database1" Schema="Schema1" Table="Object9" TableReferenceId="1" IndexKind="Heap" Storage="RowStore" /><Predicate><ScalarOperator ScalarString="ScalarString268"><Logical Operation="AND"><ScalarOperator><Compare CompareOp="EQ"><ScalarOperator><Identifier><ColumnReference Database="Database1" Schema="Schema1" Table="Object9" Column="Column46" /></Identifier></ScalarOperator><ScalarOperator><Const ConstValue="Value8" /></ScalarOperator></Compare></ScalarOperator><ScalarOperator><Compare CompareOp="NE"><ScalarOperator><Identifier><ColumnReference Database="Database1" Schema="Schema1" Table="Object9" Column="Column271" /></Identifier></ScalarOperator><ScalarOperator><Const ConstValue="Value55" /></ScalarOperator></Compare></ScalarOperator></Logical></ScalarOperator></Predicate></TableScan></RelOp></Parallelism></RelOp></ComputeScalar></RelOp><RelOp AvgRowSize="47" EstimateCPU="2.375E-05" EstimateIO="0" EstimateRebinds="0" EstimateRewinds="0" EstimatedExecutionMode="Row" EstimateRows="475" LogicalOp="Compute Scalar" NodeId="519" Parallel="true" PhysicalOp="Compute Scalar" EstimatedTotalSubtreeCost="0.041798"><OutputList><ColumnReference Database="Database1" Schema="Schema1" Table="Object9" Column="Column51" /><ColumnReference Database="Database1" Schema="Schema1" Table="Object9" Column="Column272" /><ColumnReference Column="Expr1296" /></OutputList><ComputeScalar><DefinedValues><DefinedValue><ColumnReference Column="Expr1296" /><ScalarOperator ScalarString="ScalarString269"><Const ConstValue="Value61" /></ScalarOperator></DefinedValue></DefinedValues><RelOp AvgRowSize="39" EstimateCPU="0.0299131" EstimateIO="0" EstimateRebinds="0" EstimateRewinds="0" EstimatedExecutionMode="Row" EstimateRows="475" LogicalOp="Repartition Streams" NodeId="520" Parallel="true" PhysicalOp="Parallelism" EstimatedTotalSubtreeCost="0.0417742"><OutputList><ColumnReference Database="Database1" Schema="Schema1" Table="Object9" Column="Column51" /><ColumnReference Database="Database1" Schema="Schema1" Table="Object9" Column="Column272" /></OutputList><Parallelism PartitioningType="Hash"><PartitionColumns><ColumnReference Database="Database1" Schema="Schema1" Table="Object9" Column="Column272" /></PartitionColumns><RelOp AvgRowSize="66" EstimateCPU="0.0003005" EstimateIO="0.0113516" EstimateRebinds="0" EstimateRewinds="0" EstimatedExecutionMode="Row" EstimateRows="475" EstimatedRowsRead="475" LogicalOp="Table Scan" NodeId="521" Parallel="true" PhysicalOp="Table Scan" EstimatedTotalSubtreeCost="0.0116521" TableCardinality="475"><OutputList><ColumnReference Database="Database1" Schema="Schema1" Table="Object9" Column="Column51" /><ColumnReference Database="Database1" Schema="Schema1" Table="Object9" Column="Column272" /></OutputList><RunTimeInformation><RunTimeCountersPerThread Thread="0" ActualRows="30" ActualRowsRead="475" Batches="0" ActualEndOfScans="1" ActualExecutions="1" ActualExecutionMode="Row" ActualElapsedms="0" ActualCPUms="0" ActualScans="1" ActualLogicalReads="12" ActualPhysicalReads="0" ActualReadAheads="0" ActualLobLogicalReads="0" ActualLobPhysicalReads="0" ActualLobReadAheads="0" /></RunTimeInformation><TableScan Ordered="false" ForcedIndex="false" ForceScan="false" NoExpandHint="false" Storage="RowStore"><DefinedValues><DefinedValue><ColumnReference Database="Database1" Schema="Schema1" Table="Object9" Column="Column51" /></DefinedValue><DefinedValue><ColumnReference Database="Database1" Schema="Schema1" Table="Object9" Column="Column272" /></DefinedValue></DefinedValues><Object Database="Database1" Schema="Schema1" Table="Object9" TableReferenceId="2" IndexKind="Heap" Storage="RowStore" /><Predicate><ScalarOperator ScalarString="ScalarString270"><Logical Operation="AND"><ScalarOperator><Compare CompareOp="EQ"><ScalarOperator><Identifier><ColumnReference Database="Database1" Schema="Schema1" Table="Object9" Column="Column46" /></Identifier></ScalarOperator><ScalarOperator><Const ConstValue="Value8" /></ScalarOperator></Compare></ScalarOperator><ScalarOperator><Compare CompareOp="NE"><ScalarOperator><Identifier><ColumnReference Database="Database1" Schema="Schema1" Table="Object9" Column="Column272" /></Identifier></ScalarOperator><ScalarOperator><Const ConstValue="Value55" /></ScalarOperator></Compare></ScalarOperator></Logical></ScalarOperator></Predicate></TableScan></RelOp></Parallelism></RelOp></ComputeScalar></RelOp><RelOp AvgRowSize="68" EstimateCPU="2.375E-05" EstimateIO="0" EstimateRebinds="0" EstimateRewinds="0" EstimatedExecutionMode="Row" EstimateRows="475" LogicalOp="Compute Scalar" NodeId="522" Parallel="true" PhysicalOp="Compute Scalar" EstimatedTotalSubtreeCost="0.0421421"><OutputList><ColumnReference Database="Database1" Schema="Schema1" Table="Object9" Column="Column51" /><ColumnReference Database="Database1" Schema="Schema1" Table="Object9" Column="Column273" /><ColumnReference Column="Expr1300" /></OutputList><ComputeScalar><DefinedValues><DefinedValue><ColumnReference Column="Expr1300" /><ScalarOperator ScalarString="ScalarString271"><Const ConstValue="Value62" /></ScalarOperator></DefinedValue></DefinedValues><RelOp AvgRowSize="60" EstimateCPU="0.0302572" EstimateIO="0" EstimateRebinds="0" EstimateRewinds="0" EstimatedExecutionMode="Row" EstimateRows="475" LogicalOp="Repartition Streams" NodeId="523" Parallel="true" PhysicalOp="Parallelism" EstimatedTotalSubtreeCost="0.0421184"><OutputList><ColumnReference Database="Database1" Schema="Schema1" Table="Object9" Column="Column51" /><ColumnReference Database="Database1" Schema="Schema1" Table="Object9" Column="Column273" /></OutputList><Parallelism PartitioningType="Hash"><PartitionColumns><ColumnReference Database="Database1" Schema="Schema1" Table="Object9" Column="Column273" /></PartitionColumns><RelOp AvgRowSize="87" EstimateCPU="0.0003005" EstimateIO="0.0113516" EstimateRebinds="0" EstimateRewinds="0" EstimatedExecutionMode="Row" EstimateRows="475" EstimatedRowsRead="475" LogicalOp="Table Scan" NodeId="524" Parallel="true" PhysicalOp="Table Scan" EstimatedTotalSubtreeCost="0.0116521" TableCardinality="475"><OutputList><ColumnReference Database="Database1" Schema="Schema1" Table="Object9" Column="Column51" /><ColumnReference Database="Database1" Schema="Schema1" Table="Object9" Column="Column273" /></OutputList><RunTimeInformation><RunTimeCountersPerThread Thread="0" ActualRows="475" ActualRowsRead="475" Batches="0" ActualEndOfScans="1" ActualExecutions="1" ActualExecutionMode="Row" ActualElapsedms="0" ActualCPUms="0" ActualScans="1" ActualLogicalReads="12" ActualPhysicalReads="0" ActualReadAheads="0" ActualLobLogicalReads="0" ActualLobPhysicalReads="0" ActualLobReadAheads="0" /></RunTimeInformation><TableScan Ordered="false" ForcedIndex="false" ForceScan="false" NoExpandHint="false" Storage="RowStore"><DefinedValues><DefinedValue><ColumnReference Database="Database1" Schema="Schema1" Table="Object9" Column="Column51" /></DefinedValue><DefinedValue><ColumnReference Database="Database1" Schema="Schema1" Table="Object9" Column="Column273" /></DefinedValue></DefinedValues><Object Database="Database1" Schema="Schema1" Table="Object9" TableReferenceId="3" IndexKind="Heap" Storage="RowStore" /><Predicate><ScalarOperator ScalarString="ScalarString272"><Logical Operation="AND"><ScalarOperator><Compare CompareOp="EQ"><ScalarOperator><Identifier><ColumnReference Database="Database1" Schema="Schema1" Table="Object9" Column="Column46" /></Identifier></ScalarOperator><ScalarOperator><Const ConstValue="Value8" /></ScalarOperator></Compare></ScalarOperator><ScalarOperator><Compare CompareOp="NE"><ScalarOperator><Identifier><ColumnReference Database="Database1" Schema="Schema1" Table="Object9" Column="Column273" /></Identifier></ScalarOperator><ScalarOperator><Const ConstValue="Value55" /></ScalarOperator></Compare></ScalarOperator></Logical></ScalarOperator></Predicate></TableScan></RelOp></Parallelism></RelOp></ComputeScalar></RelOp><RelOp AvgRowSize="68" EstimateCPU="2.375E-05" EstimateIO="0" EstimateRebinds="0" EstimateRewinds="0" EstimatedExecutionMode="Row" EstimateRows="475" LogicalOp="Compute Scalar" NodeId="525" Parallel="true" PhysicalOp="Compute Scalar" EstimatedTotalSubtreeCost="0.0421421"><OutputList><ColumnReference Database="Database1" Schema="Schema1" Table="Object9" Column="Column51" /><ColumnReference Database="Database1" Schema="Schema1" Table="Object9" Column="Column274" /><ColumnReference Column="Expr1304" /></OutputList><ComputeScalar><DefinedValues><DefinedValue><ColumnReference Column="Expr1304" /><ScalarOperator ScalarString="ScalarString273"><Const ConstValue="Value63" /></ScalarOperator></DefinedValue></DefinedValues><RelOp AvgRowSize="60" EstimateCPU="0.0302572" EstimateIO="0" EstimateRebinds="0" EstimateRewinds="0" EstimatedExecutionMode="Row" EstimateRows="475" LogicalOp="Repartition Streams" NodeId="526" Parallel="true" PhysicalOp="Parallelism" EstimatedTotalSubtreeCost="0.0421184"><OutputList><ColumnReference Database="Database1" Schema="Schema1" Table="Object9" Column="Column51" /><ColumnReference Database="Database1" Schema="Schema1" Table="Object9" Column="Column274" /></OutputList><Parallelism PartitioningType="Hash"><PartitionColumns><ColumnReference Database="Database1" Schema="Schema1" Table="Object9" Column="Column274" /></PartitionColumns><RelOp AvgRowSize="87" EstimateCPU="0.0003005" EstimateIO="0.0113516" EstimateRebinds="0" EstimateRewinds="0" EstimatedExecutionMode="Row" EstimateRows="475" EstimatedRowsRead="475" LogicalOp="Table Scan" NodeId="527" Parallel="true" PhysicalOp="Table Scan" EstimatedTotalSubtreeCost="0.0116521" TableCardinality="475"><OutputList><ColumnReference Database="Database1" Schema="Schema1" Table="Object9" Column="Column51" /><ColumnReference Database="Database1" Schema="Schema1" Table="Object9" Column="Column274" /></OutputList><RunTimeInformation><RunTimeCountersPerThread Thread="0" ActualRows="475" ActualRowsRead="475" Batches="0" ActualEndOfScans="1" ActualExecutions="1" ActualExecutionMode="Row" ActualElapsedms="0" ActualCPUms="0" ActualScans="1" ActualLogicalReads="12" ActualPhysicalReads="0" ActualReadAheads="0" ActualLobLogicalReads="0" ActualLobPhysicalReads="0" ActualLobReadAheads="0" /></RunTimeInformation><TableScan Ordered="false" ForcedIndex="false" ForceScan="false" NoExpandHint="false" Storage="RowStore"><DefinedValues><DefinedValue><ColumnReference Database="Database1" Schema="Schema1" Table="Object9" Column="Column51" /></DefinedValue><DefinedValue><ColumnReference Database="Database1" Schema="Schema1" Table="Object9" Column="Column274" /></DefinedValue></DefinedValues><Object Database="Database1" Schema="Schema1" Table="Object9" TableReferenceId="4" IndexKind="Heap" Storage="RowStore" /><Predicate><ScalarOperator ScalarString="ScalarString274"><Logical Operation="AND"><ScalarOperator><Compare CompareOp="EQ"><ScalarOperator><Identifier><ColumnReference Database="Database1" Schema="Schema1" Table="Object9" Column="Column46" /></Identifier></ScalarOperator><ScalarOperator><Const ConstValue="Value8" /></ScalarOperator></Compare></ScalarOperator><ScalarOperator><Compare CompareOp="NE"><ScalarOperator><Identifier><ColumnReference Database="Database1" Schema="Schema1" Table="Object9" Column="Column274" /></Identifier></ScalarOperator><ScalarOperator><Const ConstValue="Value55" /></ScalarOperator></Compare></ScalarOperator></Logical></ScalarOperator></Predicate></TableScan></RelOp></Parallelism></RelOp></ComputeScalar></RelOp><RelOp AvgRowSize="70" EstimateCPU="2.375E-05" EstimateIO="0" EstimateRebinds="0" EstimateRewinds="0" EstimatedExecutionMode="Row" EstimateRows="475" LogicalOp="Compute Scalar" NodeId="528" Parallel="true" PhysicalOp="Compute Scalar" EstimatedTotalSubtreeCost="0.0421749"><OutputList><ColumnReference Database="Database1" Schema="Schema1" Table="Object9" Column="Column51" /><ColumnReference Database="Database1" Schema="Schema1" Table="Object9" Column="Column275" /><ColumnReference Column="Expr1308" /></OutputList><ComputeScalar><DefinedValues><DefinedValue><ColumnReference Column="Expr1308" /><ScalarOperator ScalarString="ScalarString275"><Const ConstValue="Value64" /></ScalarOperator></DefinedValue></DefinedValues><RelOp AvgRowSize="62" EstimateCPU="0.03029" EstimateIO="0" EstimateRebinds="0" EstimateRewinds="0" EstimatedExecutionMode="Row" EstimateRows="475" LogicalOp="Repartition Streams" NodeId="529" Parallel="true" PhysicalOp="Parallelism" EstimatedTotalSubtreeCost="0.0421511"><OutputList><ColumnReference Database="Database1" Schema="Schema1" Table="Object9" Column="Column51" /><ColumnReference Database="Database1" Schema="Schema1" Table="Object9" Column="Column275" /></OutputList><Parallelism PartitioningType="Hash"><PartitionColumns><ColumnReference Database="Database1" Schema="Schema1" Table="Object9" Column="Column275" /></PartitionColumns><RelOp AvgRowSize="89" EstimateCPU="0.0003005" EstimateIO="0.0113516" EstimateRebinds="0" EstimateRewinds="0" EstimatedExecutionMode="Row" EstimateRows="475" EstimatedRowsRead="475" LogicalOp="Table Scan" NodeId="530" Parallel="true" PhysicalOp="Table Scan" EstimatedTotalSubtreeCost="0.0116521" TableCardinality="475"><OutputList><ColumnReference Database="Database1" Schema="Schema1" Table="Object9" Column="Column51" /><ColumnReference Database="Database1" Schema="Schema1" Table="Object9" Column="Column275" /></OutputList><RunTimeInformation><RunTimeCountersPerThread Thread="0" ActualRows="475" ActualRowsRead="475" Batches="0" ActualEndOfScans="1" ActualExecutions="1" ActualExecutionMode="Row" ActualElapsedms="0" ActualCPUms="0" ActualScans="1" ActualLogicalReads="12" ActualPhysicalReads="0" ActualReadAheads="0" ActualLobLogicalReads="0" ActualLobPhysicalReads="0" ActualLobReadAheads="0" /></RunTimeInformation><TableScan Ordered="false" ForcedIndex="false" ForceScan="false" NoExpandHint="false" Storage="RowStore"><DefinedValues><DefinedValue><ColumnReference Database="Database1" Schema="Schema1" Table="Object9" Column="Column51" /></DefinedValue><DefinedValue><ColumnReference Database="Database1" Schema="Schema1" Table="Object9" Column="Column275" /></DefinedValue></DefinedValues><Object Database="Database1" Schema="Schema1" Table="Object9" TableReferenceId="5" IndexKind="Heap" Storage="RowStore" /><Predicate><ScalarOperator ScalarString="ScalarString276"><Logical Operation="AND"><ScalarOperator><Compare CompareOp="EQ"><ScalarOperator><Identifier><ColumnReference Database="Database1" Schema="Schema1" Table="Object9" Column="Column46" /></Identifier></ScalarOperator><ScalarOperator><Const ConstValue="Value8" /></ScalarOperator></Compare></ScalarOperator><ScalarOperator><Compare CompareOp="NE"><ScalarOperator><Identifier><ColumnReference Database="Database1" Schema="Schema1" Table="Object9" Column="Column275" /></Identifier></ScalarOperator><ScalarOperator><Const ConstValue="Value55" /></ScalarOperator></Compare></ScalarOperator></Logical></ScalarOperator></Predicate></TableScan></RelOp></Parallelism></RelOp></ComputeScalar></RelOp><RelOp AvgRowSize="50" EstimateCPU="2.35373E-05" EstimateIO="0" EstimateRebinds="0" EstimateRewinds="0" EstimatedExecutionMode="Row" EstimateRows="470.746" LogicalOp="Compute Scalar" NodeId="531" Parallel="true" PhysicalOp="Compute Scalar" EstimatedTotalSubtreeCost="0.0455375"><OutputList><ColumnReference Database="Database1" Schema="Schema1" Table="Object6" Column="Column51" /><ColumnReference Database="Database1" Schema="Schema1" Table="Object6" Column="Column276" /><ColumnReference Column="Expr1312" /></OutputList><ComputeScalar><DefinedValues><DefinedValue><ColumnReference Column="Expr1312" /><ScalarOperator ScalarString="ScalarString277"><Const ConstValue="Value65" /></ScalarOperator></DefinedValue></DefinedValues><RelOp AvgRowSize="42" EstimateCPU="0.0299491" EstimateIO="0" EstimateRebinds="0" EstimateRewinds="0" EstimatedExecutionMode="Row" EstimateRows="470.746" LogicalOp="Repartition Streams" NodeId="532" Parallel="true" PhysicalOp="Parallelism" EstimatedTotalSubtreeCost="0.045514"><OutputList><ColumnReference Database="Database1" Schema="Schema1" Table="Object6" Column="Column51" /><ColumnReference Database="Database1" Schema="Schema1" Table="Object6" Column="Column276" /></OutputList><Parallelism PartitioningType="Hash"><PartitionColumns><ColumnReference Database="Database1" Schema="Schema1" Table="Object6" Column="Column276" /></PartitionColumns><RelOp AvgRowSize="50" EstimateCPU="0.0003005" EstimateIO="0.0150554" EstimateRebinds="0" EstimateRewinds="0" EstimatedExecutionMode="Row" EstimateRows="470.746" EstimatedRowsRead="475" LogicalOp="Table Scan" NodeId="533" Parallel="true" PhysicalOp="Table Scan" EstimatedTotalSubtreeCost="0.0153559" TableCardinality="475"><OutputList><ColumnReference Database="Database1" Schema="Schema1" Table="Object6" Column="Column51" /><ColumnReference Database="Database1" Schema="Schema1" Table="Object6" Column="Column276" /></OutputList><RunTimeInformation><RunTimeCountersPerThread Thread="0" ActualRows="475" ActualRowsRead="475" Batches="0" ActualEndOfScans="1" ActualExecutions="1" ActualExecutionMode="Row" ActualElapsedms="0" ActualCPUms="0" ActualScans="1" ActualLogicalReads="22" ActualPhysicalReads="0" ActualReadAheads="0" ActualLobLogicalReads="0" ActualLobPhysicalReads="0" ActualLobReadAheads="0" /></RunTimeInformation><TableScan Ordered="false" ForcedIndex="false" ForceScan="false" NoExpandHint="false" Storage="RowStore"><DefinedValues><DefinedValue><ColumnReference Database="Database1" Schema="Schema1" Table="Object6" Column="Column51" /></DefinedValue><DefinedValue><ColumnReference Database="Database1" Schema="Schema1" Table="Object6" Column="Column276" /></DefinedValue></DefinedValues><Object Database="Database1" Schema="Schema1" Table="Object6" TableReferenceId="1" IndexKind="Heap" Storage="RowStore" /><Predicate><ScalarOperator ScalarString="ScalarString278"><Logical Operation="AND"><ScalarOperator><Compare CompareOp="EQ"><ScalarOperator><Identifier><ColumnReference Database="Database1" Schema="Schema1" Table="Object6" Column="Column46" /></Identifier></ScalarOperator><ScalarOperator><Const ConstValue="Value8" /></ScalarOperator></Compare></ScalarOperator><ScalarOperator><Compare CompareOp="NE"><ScalarOperator><Identifier><ColumnReference Database="Database1" Schema="Schema1" Table="Object6" Column="Column276" /></Identifier></ScalarOperator><ScalarOperator><Const ConstValue="Value55" /></ScalarOperator></Compare></ScalarOperator></Logical></ScalarOperator></Predicate></TableScan></RelOp></Parallelism></RelOp></ComputeScalar></RelOp><RelOp AvgRowSize="67" EstimateCPU="2.35373E-05" EstimateIO="0" EstimateRebinds="0" EstimateRewinds="0" EstimatedExecutionMode="Row" EstimateRows="470.746" LogicalOp="Compute Scalar" NodeId="534" Parallel="true" PhysicalOp="Compute Scalar" EstimatedTotalSubtreeCost="0.0458136"><OutputList><ColumnReference Database="Database1" Schema="Schema1" Table="Object6" Column="Column51" /><ColumnReference Database="Database1" Schema="Schema1" Table="Object6" Column="Column277" /><ColumnReference Column="Expr1316" /></OutputList><ComputeScalar><DefinedValues><DefinedValue><ColumnReference Column="Expr1316" /><ScalarOperator ScalarString="ScalarString279"><Const ConstValue="Value66" /></ScalarOperator></DefinedValue></DefinedValues><RelOp AvgRowSize="59" EstimateCPU="0.0302252" EstimateIO="0" EstimateRebinds="0" EstimateRewinds="0" EstimatedExecutionMode="Row" EstimateRows="470.746" LogicalOp="Repartition Streams" NodeId="535" Parallel="true" PhysicalOp="Parallelism" EstimatedTotalSubtreeCost="0.0457901"><OutputList><ColumnReference Database="Database1" Schema="Schema1" Table="Object6" Column="Column51" /><ColumnReference Database="Database1" Schema="Schema1" Table="Object6" Column="Column277" /></OutputList><Parallelism PartitioningType="Hash"><PartitionColumns><ColumnReference Database="Database1" Schema="Schema1" Table="Object6" Column="Column277" /></PartitionColumns><RelOp AvgRowSize="86" EstimateCPU="0.0003005" EstimateIO="0.0150554" EstimateRebinds="0" EstimateRewinds="0" EstimatedExecutionMode="Row" EstimateRows="470.746" EstimatedRowsRead="475" LogicalOp="Table Scan" NodeId="536" Parallel="true" PhysicalOp="Table Scan" EstimatedTotalSubtreeCost="0.0153559" TableCardinality="475"><OutputList><ColumnReference Database="Database1" Schema="Schema1" Table="Object6" Column="Column51" /><ColumnReference Database="Database1" Schema="Schema1" Table="Object6" Column="Column277" /></OutputList><RunTimeInformation><RunTimeCountersPerThread Thread="0" ActualRows="475" ActualRowsRead="475" Batches="0" ActualEndOfScans="1" ActualExecutions="1" ActualExecutionMode="Row" ActualElapsedms="0" ActualCPUms="0" ActualScans="1" ActualLogicalReads="22" ActualPhysicalReads="0" ActualReadAheads="0" ActualLobLogicalReads="0" ActualLobPhysicalReads="0" ActualLobReadAheads="0" /></RunTimeInformation><TableScan Ordered="false" ForcedIndex="false" ForceScan="false" NoExpandHint="false" Storage="RowStore"><DefinedValues><DefinedValue><ColumnReference Database="Database1" Schema="Schema1" Table="Object6" Column="Column51" /></DefinedValue><DefinedValue><ColumnReference Database="Database1" Schema="Schema1" Table="Object6" Column="Column277" /></DefinedValue></DefinedValues><Object Database="Database1" Schema="Schema1" Table="Object6" TableReferenceId="2" IndexKind="Heap" Storage="RowStore" /><Predicate><ScalarOperator ScalarString="ScalarString280"><Logical Operation="AND"><ScalarOperator><Compare CompareOp="EQ"><ScalarOperator><Identifier><ColumnReference Database="Database1" Schema="Schema1" Table="Object6" Column="Column46" /></Identifier></ScalarOperator><ScalarOperator><Const ConstValue="Value8" /></ScalarOperator></Compare></ScalarOperator><ScalarOperator><Compare CompareOp="NE"><ScalarOperator><Identifier><ColumnReference Database="Database1" Schema="Schema1" Table="Object6" Column="Column277" /></Identifier></ScalarOperator><ScalarOperator><Const ConstValue="Value55" /></ScalarOperator></Compare></ScalarOperator></Logical></ScalarOperator></Predicate></TableScan></RelOp></Parallelism></RelOp></ComputeScalar></RelOp><RelOp AvgRowSize="67" EstimateCPU="2.35373E-05" EstimateIO="0" EstimateRebinds="0" EstimateRewinds="0" EstimatedExecutionMode="Row" EstimateRows="470.746" LogicalOp="Compute Scalar" NodeId="537" Parallel="true" PhysicalOp="Compute Scalar" EstimatedTotalSubtreeCost="0.0458136"><OutputList><ColumnReference Database="Database1" Schema="Schema1" Table="Object6" Column="Column51" /><ColumnReference Database="Database1" Schema="Schema1" Table="Object6" Column="Column278" /><ColumnReference Column="Expr1320" /></OutputList><ComputeScalar><DefinedValues><DefinedValue><ColumnReference Column="Expr1320" /><ScalarOperator ScalarString="ScalarString281"><Const ConstValue="Value67" /></ScalarOperator></DefinedValue></DefinedValues><RelOp AvgRowSize="59" EstimateCPU="0.0302252" EstimateIO="0" EstimateRebinds="0" EstimateRewinds="0" EstimatedExecutionMode="Row" EstimateRows="470.746" LogicalOp="Repartition Streams" NodeId="538" Parallel="true" PhysicalOp="Parallelism" EstimatedTotalSubtreeCost="0.0457901"><OutputList><ColumnReference Database="Database1" Schema="Schema1" Table="Object6" Column="Column51" /><ColumnReference Database="Database1" Schema="Schema1" Table="Object6" Column="Column278" /></OutputList><Parallelism PartitioningType="Hash"><PartitionColumns><ColumnReference Database="Database1" Schema="Schema1" Table="Object6" Column="Column278" /></PartitionColumns><RelOp AvgRowSize="86" EstimateCPU="0.0003005" EstimateIO="0.0150554" EstimateRebinds="0" EstimateRewinds="0" EstimatedExecutionMode="Row" EstimateRows="470.746" EstimatedRowsRead="475" LogicalOp="Table Scan" NodeId="539" Parallel="true" PhysicalOp="Table Scan" EstimatedTotalSubtreeCost="0.0153559" TableCardinality="475"><OutputList><ColumnReference Database="Database1" Schema="Schema1" Table="Object6" Column="Column51" /><ColumnReference Database="Database1" Schema="Schema1" Table="Object6" Column="Column278" /></OutputList><RunTimeInformation><RunTimeCountersPerThread Thread="0" ActualRows="475" ActualRowsRead="475" Batches="0" ActualEndOfScans="1" ActualExecutions="1" ActualExecutionMode="Row" ActualElapsedms="0" ActualCPUms="0" ActualScans="1" ActualLogicalReads="22" ActualPhysicalReads="0" ActualReadAheads="0" ActualLobLogicalReads="0" ActualLobPhysicalReads="0" ActualLobReadAheads="0" /></RunTimeInformation><TableScan Ordered="false" ForcedIndex="false" ForceScan="false" NoExpandHint="false" Storage="RowStore"><DefinedValues><DefinedValue><ColumnReference Database="Database1" Schema="Schema1" Table="Object6" Column="Column51" /></DefinedValue><DefinedValue><ColumnReference Database="Database1" Schema="Schema1" Table="Object6" Column="Column278" /></DefinedValue></DefinedValues><Object Database="Database1" Schema="Schema1" Table="Object6" TableReferenceId="3" IndexKind="Heap" Storage="RowStore" /><Predicate><ScalarOperator ScalarString="ScalarString282"><Logical Operation="AND"><ScalarOperator><Compare CompareOp="EQ"><ScalarOperator><Identifier><ColumnReference Database="Database1" Schema="Schema1" Table="Object6" Column="Column46" /></Identifier></ScalarOperator><ScalarOperator><Const ConstValue="Value8" /></ScalarOperator></Compare></ScalarOperator><ScalarOperator><Compare CompareOp="NE"><ScalarOperator><Identifier><ColumnReference Database="Database1" Schema="Schema1" Table="Object6" Column="Column278" /></Identifier></ScalarOperator><ScalarOperator><Const ConstValue="Value55" /></ScalarOperator></Compare></ScalarOperator></Logical></ScalarOperator></Predicate></TableScan></RelOp></Parallelism></RelOp></ComputeScalar></RelOp><RelOp AvgRowSize="67" EstimateCPU="2.35373E-05" EstimateIO="0" EstimateRebinds="0" EstimateRewinds="0" EstimatedExecutionMode="Row" EstimateRows="470.746" LogicalOp="Compute Scalar" NodeId="540" Parallel="true" PhysicalOp="Compute Scalar" EstimatedTotalSubtreeCost="0.0458136"><OutputList><ColumnReference Database="Database1" Schema="Schema1" Table="Object6" Column="Column51" /><ColumnReference Database="Database1" Schema="Schema1" Table="Object6" Column="Column279" /><ColumnReference Column="Expr1324" /></OutputList><ComputeScalar><DefinedValues><DefinedValue><ColumnReference Column="Expr1324" /><ScalarOperator ScalarString="ScalarString283"><Const ConstValue="Value68" /></ScalarOperator></DefinedValue></DefinedValues><RelOp AvgRowSize="59" EstimateCPU="0.0302252" EstimateIO="0" EstimateRebinds="0" EstimateRewinds="0" EstimatedExecutionMode="Row" EstimateRows="470.746" LogicalOp="Repartition Streams" NodeId="541" Parallel="true" PhysicalOp="Parallelism" EstimatedTotalSubtreeCost="0.0457901"><OutputList><ColumnReference Database="Database1" Schema="Schema1" Table="Object6" Column="Column51" /><ColumnReference Database="Database1" Schema="Schema1" Table="Object6" Column="Column279" /></OutputList><Parallelism PartitioningType="Hash"><PartitionColumns><ColumnReference Database="Database1" Schema="Schema1" Table="Object6" Column="Column279" /></PartitionColumns><RelOp AvgRowSize="86" EstimateCPU="0.0003005" EstimateIO="0.0150554" EstimateRebinds="0" EstimateRewinds="0" EstimatedExecutionMode="Row" EstimateRows="470.746" EstimatedRowsRead="475" LogicalOp="Table Scan" NodeId="542" Parallel="true" PhysicalOp="Table Scan" EstimatedTotalSubtreeCost="0.0153559" TableCardinality="475"><OutputList><ColumnReference Database="Database1" Schema="Schema1" Table="Object6" Column="Column51" /><ColumnReference Database="Database1" Schema="Schema1" Table="Object6" Column="Column279" /></OutputList><RunTimeInformation><RunTimeCountersPerThread Thread="0" ActualRows="475" ActualRowsRead="475" Batches="0" ActualEndOfScans="1" ActualExecutions="1" ActualExecutionMode="Row" ActualElapsedms="0" ActualCPUms="0" ActualScans="1" ActualLogicalReads="22" ActualPhysicalReads="0" ActualReadAheads="0" ActualLobLogicalReads="0" ActualLobPhysicalReads="0" ActualLobReadAheads="0" /></RunTimeInformation><TableScan Ordered="false" ForcedIndex="false" ForceScan="false" NoExpandHint="false" Storage="RowStore"><DefinedValues><DefinedValue><ColumnReference Database="Database1" Schema="Schema1" Table="Object6" Column="Column51" /></DefinedValue><DefinedValue><ColumnReference Database="Database1" Schema="Schema1" Table="Object6" Column="Column279" /></DefinedValue></DefinedValues><Object Database="Database1" Schema="Schema1" Table="Object6" TableReferenceId="4" IndexKind="Heap" Storage="RowStore" /><Predicate><ScalarOperator ScalarString="ScalarString284"><Logical Operation="AND"><ScalarOperator><Compare CompareOp="EQ"><ScalarOperator><Identifier><ColumnReference Database="Database1" Schema="Schema1" Table="Object6" Column="Column46" /></Identifier></ScalarOperator><ScalarOperator><Const ConstValue="Value8" /></ScalarOperator></Compare></ScalarOperator><ScalarOperator><Compare CompareOp="NE"><ScalarOperator><Identifier><ColumnReference Database="Database1" Schema="Schema1" Table="Object6" Column="Column279" /></Identifier></ScalarOperator><ScalarOperator><Const ConstValue="Value55" /></ScalarOperator></Compare></ScalarOperator></Logical></ScalarOperator></Predicate></TableScan></RelOp></Parallelism></RelOp></ComputeScalar></RelOp><RelOp AvgRowSize="67" EstimateCPU="2.35373E-05" EstimateIO="0" EstimateRebinds="0" EstimateRewinds="0" EstimatedExecutionMode="Row" EstimateRows="470.746" LogicalOp="Compute Scalar" NodeId="543" Parallel="true" PhysicalOp="Compute Scalar" EstimatedTotalSubtreeCost="0.0458136"><OutputList><ColumnReference Database="Database1" Schema="Schema1" Table="Object6" Column="Column51" /><ColumnReference Database="Database1" Schema="Schema1" Table="Object6" Column="Column280" /><ColumnReference Column="Expr1328" /></OutputList><ComputeScalar><DefinedValues><DefinedValue><ColumnReference Column="Expr1328" /><ScalarOperator ScalarString="ScalarString285"><Const ConstValue="Value69" /></ScalarOperator></DefinedValue></DefinedValues><RelOp AvgRowSize="59" EstimateCPU="0.0302252" EstimateIO="0" EstimateRebinds="0" EstimateRewinds="0" EstimatedExecutionMode="Row" EstimateRows="470.746" LogicalOp="Repartition Streams" NodeId="544" Parallel="true" PhysicalOp="Parallelism" EstimatedTotalSubtreeCost="0.0457901"><OutputList><ColumnReference Database="Database1" Schema="Schema1" Table="Object6" Column="Column51" /><ColumnReference Database="Database1" Schema="Schema1" Table="Object6" Column="Column280" /></OutputList><Parallelism PartitioningType="Hash"><PartitionColumns><ColumnReference Database="Database1" Schema="Schema1" Table="Object6" Column="Column280" /></PartitionColumns><RelOp AvgRowSize="86" EstimateCPU="0.0003005" EstimateIO="0.0150554" EstimateRebinds="0" EstimateRewinds="0" EstimatedExecutionMode="Row" EstimateRows="470.746" EstimatedRowsRead="475" LogicalOp="Table Scan" NodeId="545" Parallel="true" PhysicalOp="Table Scan" EstimatedTotalSubtreeCost="0.0153559" TableCardinality="475"><OutputList><ColumnReference Database="Database1" Schema="Schema1" Table="Object6" Column="Column51" /><ColumnReference Database="Database1" Schema="Schema1" Table="Object6" Column="Column280" /></OutputList><RunTimeInformation><RunTimeCountersPerThread Thread="0" ActualRows="475" ActualRowsRead="475" Batches="0" ActualEndOfScans="1" ActualExecutions="1" ActualExecutionMode="Row" ActualElapsedms="0" ActualCPUms="0" ActualScans="1" ActualLogicalReads="22" ActualPhysicalReads="0" ActualReadAheads="0" ActualLobLogicalReads="0" ActualLobPhysicalReads="0" ActualLobReadAheads="0" /></RunTimeInformation><TableScan Ordered="false" ForcedIndex="false" ForceScan="false" NoExpandHint="false" Storage="RowStore"><DefinedValues><DefinedValue><ColumnReference Database="Database1" Schema="Schema1" Table="Object6" Column="Column51" /></DefinedValue><DefinedValue><ColumnReference Database="Database1" Schema="Schema1" Table="Object6" Column="Column280" /></DefinedValue></DefinedValues><Object Database="Database1" Schema="Schema1" Table="Object6" TableReferenceId="5" IndexKind="Heap" Storage="RowStore" /><Predicate><ScalarOperator ScalarString="ScalarString286"><Logical Operation="AND"><ScalarOperator><Compare CompareOp="EQ"><ScalarOperator><Identifier><ColumnReference Database="Database1" Schema="Schema1" Table="Object6" Column="Column46" /></Identifier></ScalarOperator><ScalarOperator><Const ConstValue="Value8" /></ScalarOperator></Compare></ScalarOperator><ScalarOperator><Compare CompareOp="NE"><ScalarOperator><Identifier><ColumnReference Database="Database1" Schema="Schema1" Table="Object6" Column="Column280" /></Identifier></ScalarOperator><ScalarOperator><Const ConstValue="Value55" /></ScalarOperator></Compare></ScalarOperator></Logical></ScalarOperator></Predicate></TableScan></RelOp></Parallelism></RelOp></ComputeScalar></RelOp><RelOp AvgRowSize="47" EstimateCPU="2.375E-05" EstimateIO="0" EstimateRebinds="0" EstimateRewinds="0" EstimatedExecutionMode="Row" EstimateRows="475" LogicalOp="Compute Scalar" NodeId="546" Parallel="true" PhysicalOp="Compute Scalar" EstimatedTotalSubtreeCost="0.0455017"><OutputList><ColumnReference Database="Database1" Schema="Schema1" Table="Object6" Column="Column51" /><ColumnReference Database="Database1" Schema="Schema1" Table="Object6" Column="Column281" /><ColumnReference Column="Expr1332" /></OutputList><ComputeScalar><DefinedValues><DefinedValue><ColumnReference Column="Expr1332" /><ScalarOperator ScalarString="ScalarString287"><Const ConstValue="Value70" /></ScalarOperator></DefinedValue></DefinedValues><RelOp AvgRowSize="39" EstimateCPU="0.0299131" EstimateIO="0" EstimateRebinds="0" EstimateRewinds="0" EstimatedExecutionMode="Row" EstimateRows="475" LogicalOp="Repartition Streams" NodeId="547" Parallel="true" PhysicalOp="Parallelism" EstimatedTotalSubtreeCost="0.0454779"><OutputList><ColumnReference Database="Database1" Schema="Schema1" Table="Object6" Column="Column51" /><ColumnReference Database="Database1" Schema="Schema1" Table="Object6" Column="Column281" /></OutputList><Parallelism PartitioningType="Hash"><PartitionColumns><ColumnReference Database="Database1" Schema="Schema1" Table="Object6" Column="Column281" /></PartitionColumns><RelOp AvgRowSize="66" EstimateCPU="0.0003005" EstimateIO="0.0150554" EstimateRebinds="0" EstimateRewinds="0" EstimatedExecutionMode="Row" EstimateRows="475" EstimatedRowsRead="475" LogicalOp="Table Scan" NodeId="548" Parallel="true" PhysicalOp="Table Scan" EstimatedTotalSubtreeCost="0.0153559" TableCardinality="475"><OutputList><ColumnReference Database="Database1" Schema="Schema1" Table="Object6" Column="Column51" /><ColumnReference Database="Database1" Schema="Schema1" Table="Object6" Column="Column281" /></OutputList><RunTimeInformation><RunTimeCountersPerThread Thread="0" ActualRows="30" ActualRowsRead="475" Batches="0" ActualEndOfScans="1" ActualExecutions="1" ActualExecutionMode="Row" ActualElapsedms="0" ActualCPUms="0" ActualScans="1" ActualLogicalReads="22" ActualPhysicalReads="0" ActualReadAheads="0" ActualLobLogicalReads="0" ActualLobPhysicalReads="0" ActualLobReadAheads="0" /></RunTimeInformation><TableScan Ordered="false" ForcedIndex="false" ForceScan="false" NoExpandHint="false" Storage="RowStore"><DefinedValues><DefinedValue><ColumnReference Database="Database1" Schema="Schema1" Table="Object6" Column="Column51" /></DefinedValue><DefinedValue><ColumnReference Database="Database1" Schema="Schema1" Table="Object6" Column="Column281" /></DefinedValue></DefinedValues><Object Database="Database1" Schema="Schema1" Table="Object6" TableReferenceId="6" IndexKind="Heap" Storage="RowStore" /><Predicate><ScalarOperator ScalarString="ScalarString288"><Logical Operation="AND"><ScalarOperator><Compare CompareOp="EQ"><ScalarOperator><Identifier><ColumnReference Database="Database1" Schema="Schema1" Table="Object6" Column="Column46" /></Identifier></ScalarOperator><ScalarOperator><Const ConstValue="Value8" /></ScalarOperator></Compare></ScalarOperator><ScalarOperator><Compare CompareOp="NE"><ScalarOperator><Identifier><ColumnReference Database="Database1" Schema="Schema1" Table="Object6" Column="Column281" /></Identifier></ScalarOperator><ScalarOperator><Const ConstValue="Value55" /></ScalarOperator></Compare></ScalarOperator></Logical></ScalarOperator></Predicate></TableScan></RelOp></Parallelism></RelOp></ComputeScalar></RelOp><RelOp AvgRowSize="67" EstimateCPU="2.34664E-05" EstimateIO="0" EstimateRebinds="0" EstimateRewinds="0" EstimatedExecutionMode="Row" EstimateRows="469.328" LogicalOp="Compute Scalar" NodeId="549" Parallel="true" PhysicalOp="Compute Scalar" EstimatedTotalSubtreeCost="0.0458083"><OutputList><ColumnReference Database="Database1" Schema="Schema1" Table="Object6" Column="Column51" /><ColumnReference Database="Database1" Schema="Schema1" Table="Object6" Column="Column282" /><ColumnReference Column="Expr1336" /></OutputList><ComputeScalar><DefinedValues><DefinedValue><ColumnReference Column="Expr1336" /><ScalarOperator ScalarString="ScalarString289"><Const ConstValue="Value71" /></ScalarOperator></DefinedValue></DefinedValues><RelOp AvgRowSize="59" EstimateCPU="0.03022" EstimateIO="0" EstimateRebinds="0" EstimateRewinds="0" EstimatedExecutionMode="Row" EstimateRows="469.328" LogicalOp="Repartition Streams" NodeId="550" Parallel="true" PhysicalOp="Parallelism" EstimatedTotalSubtreeCost="0.0457849"><OutputList><ColumnReference Database="Database1" Schema="Schema1" Table="Object6" Column="Column51" /><ColumnReference Database="Database1" Schema="Schema1" Table="Object6" Column="Column282" /></OutputList><Parallelism PartitioningType="Hash"><PartitionColumns><ColumnReference Database="Database1" Schema="Schema1" Table="Object6" Column="Column282" /></PartitionColumns><RelOp AvgRowSize="86" EstimateCPU="0.0003005" EstimateIO="0.0150554" EstimateRebinds="0" EstimateRewinds="0" EstimatedExecutionMode="Row" EstimateRows="469.328" EstimatedRowsRead="475" LogicalOp="Table Scan" NodeId="551" Parallel="true" PhysicalOp="Table Scan" EstimatedTotalSubtreeCost="0.0153559" TableCardinality="475"><OutputList><ColumnReference Database="Database1" Schema="Schema1" Table="Object6" Column="Column51" /><ColumnReference Database="Database1" Schema="Schema1" Table="Object6" Column="Column282" /></OutputList><RunTimeInformation><RunTimeCountersPerThread Thread="0" ActualRows="475" ActualRowsRead="475" Batches="0" ActualEndOfScans="1" ActualExecutions="1" ActualExecutionMode="Row" ActualElapsedms="0" ActualCPUms="0" ActualScans="1" ActualLogicalReads="22" ActualPhysicalReads="0" ActualReadAheads="0" ActualLobLogicalReads="0" ActualLobPhysicalReads="0" ActualLobReadAheads="0" /></RunTimeInformation><TableScan Ordered="false" ForcedIndex="false" ForceScan="false" NoExpandHint="false" Storage="RowStore"><DefinedValues><DefinedValue><ColumnReference Database="Database1" Schema="Schema1" Table="Object6" Column="Column51" /></DefinedValue><DefinedValue><ColumnReference Database="Database1" Schema="Schema1" Table="Object6" Column="Column282" /></DefinedValue></DefinedValues><Object Database="Database1" Schema="Schema1" Table="Object6" TableReferenceId="7" IndexKind="Heap" Storage="RowStore" /><Predicate><ScalarOperator ScalarString="ScalarString290"><Logical Operation="AND"><ScalarOperator><Compare CompareOp="EQ"><ScalarOperator><Identifier><ColumnReference Database="Database1" Schema="Schema1" Table="Object6" Column="Column46" /></Identifier></ScalarOperator><ScalarOperator><Const ConstValue="Value8" /></ScalarOperator></Compare></ScalarOperator><ScalarOperator><Compare CompareOp="NE"><ScalarOperator><Identifier><ColumnReference Database="Database1" Schema="Schema1" Table="Object6" Column="Column282" /></Identifier></ScalarOperator><ScalarOperator><Const ConstValue="Value55" /></ScalarOperator></Compare></ScalarOperator></Logical></ScalarOperator></Predicate></TableScan></RelOp></Parallelism></RelOp></ComputeScalar></RelOp><RelOp AvgRowSize="67" EstimateCPU="2.34664E-05" EstimateIO="0" EstimateRebinds="0" EstimateRewinds="0" EstimatedExecutionMode="Row" EstimateRows="469.328" LogicalOp="Compute Scalar" NodeId="552" Parallel="true" PhysicalOp="Compute Scalar" EstimatedTotalSubtreeCost="0.0458083"><OutputList><ColumnReference Database="Database1" Schema="Schema1" Table="Object6" Column="Column51" /><ColumnReference Database="Database1" Schema="Schema1" Table="Object6" Column="Column283" /><ColumnReference Column="Expr1340" /></OutputList><ComputeScalar><DefinedValues><DefinedValue><ColumnReference Column="Expr1340" /><ScalarOperator ScalarString="ScalarString291"><Const ConstValue="Value72" /></ScalarOperator></DefinedValue></DefinedValues><RelOp AvgRowSize="59" EstimateCPU="0.03022" EstimateIO="0" EstimateRebinds="0" EstimateRewinds="0" EstimatedExecutionMode="Row" EstimateRows="469.328" LogicalOp="Repartition Streams" NodeId="553" Parallel="true" PhysicalOp="Parallelism" EstimatedTotalSubtreeCost="0.0457849"><OutputList><ColumnReference Database="Database1" Schema="Schema1" Table="Object6" Column="Column51" /><ColumnReference Database="Database1" Schema="Schema1" Table="Object6" Column="Column283" /></OutputList><Parallelism PartitioningType="Hash"><PartitionColumns><ColumnReference Database="Database1" Schema="Schema1" Table="Object6" Column="Column283" /></PartitionColumns><RelOp AvgRowSize="86" EstimateCPU="0.0003005" EstimateIO="0.0150554" EstimateRebinds="0" EstimateRewinds="0" EstimatedExecutionMode="Row" EstimateRows="469.328" EstimatedRowsRead="475" LogicalOp="Table Scan" NodeId="554" Parallel="true" PhysicalOp="Table Scan" EstimatedTotalSubtreeCost="0.0153559" TableCardinality="475"><OutputList><ColumnReference Database="Database1" Schema="Schema1" Table="Object6" Column="Column51" /><ColumnReference Database="Database1" Schema="Schema1" Table="Object6" Column="Column283" /></OutputList><RunTimeInformation><RunTimeCountersPerThread Thread="0" ActualRows="475" ActualRowsRead="475" Batches="0" ActualEndOfScans="1" ActualExecutions="1" ActualExecutionMode="Row" ActualElapsedms="0" ActualCPUms="0" ActualScans="1" ActualLogicalReads="22" ActualPhysicalReads="0" ActualReadAheads="0" ActualLobLogicalReads="0" ActualLobPhysicalReads="0" ActualLobReadAheads="0" /></RunTimeInformation><TableScan Ordered="false" ForcedIndex="false" ForceScan="false" NoExpandHint="false" Storage="RowStore"><DefinedValues><DefinedValue><ColumnReference Database="Database1" Schema="Schema1" Table="Object6" Column="Column51" /></DefinedValue><DefinedValue><ColumnReference Database="Database1" Schema="Schema1" Table="Object6" Column="Column283" /></DefinedValue></DefinedValues><Object Database="Database1" Schema="Schema1" Table="Object6" TableReferenceId="8" IndexKind="Heap" Storage="RowStore" /><Predicate><ScalarOperator ScalarString="ScalarString292"><Logical Operation="AND"><ScalarOperator><Compare CompareOp="EQ"><ScalarOperator><Identifier><ColumnReference Database="Database1" Schema="Schema1" Table="Object6" Column="Column46" /></Identifier></ScalarOperator><ScalarOperator><Const ConstValue="Value8" /></ScalarOperator></Compare></ScalarOperator><ScalarOperator><Compare CompareOp="NE"><ScalarOperator><Identifier><ColumnReference Database="Database1" Schema="Schema1" Table="Object6" Column="Column283" /></Identifier></ScalarOperator><ScalarOperator><Const ConstValue="Value55" /></ScalarOperator></Compare></ScalarOperator></Logical></ScalarOperator></Predicate></TableScan></RelOp></Parallelism></RelOp></ComputeScalar></RelOp><RelOp AvgRowSize="47" EstimateCPU="2.36921E-05" EstimateIO="0" EstimateRebinds="0" EstimateRewinds="0" EstimatedExecutionMode="Row" EstimateRows="473.841" LogicalOp="Compute Scalar" NodeId="555" Parallel="true" PhysicalOp="Compute Scalar" EstimatedTotalSubtreeCost="0.0388478"><OutputList><ColumnReference Database="Database1" Schema="Schema1" Table="Object17" Column="Column51" /><ColumnReference Database="Database1" Schema="Schema1" Table="Object17" Column="Column284" /><ColumnReference Column="Expr1344" /></OutputList><ComputeScalar><DefinedValues><DefinedValue><ColumnReference Column="Expr1344" /><ScalarOperator ScalarString="ScalarString293"><Const ConstValue="Value57" /></ScalarOperator></DefinedValue></DefinedValues><RelOp AvgRowSize="40" EstimateCPU="0.029926" EstimateIO="0" EstimateRebinds="0" EstimateRewinds="0" EstimatedExecutionMode="Row" EstimateRows="473.841" LogicalOp="Repartition Streams" NodeId="556" Parallel="true" PhysicalOp="Parallelism" EstimatedTotalSubtreeCost="0.0388242"><OutputList><ColumnReference Database="Database1" Schema="Schema1" Table="Object17" Column="Column51" /><ColumnReference Database="Database1" Schema="Schema1" Table="Object17" Column="Column284" /></OutputList><Parallelism PartitioningType="Hash"><PartitionColumns><ColumnReference Database="Database1" Schema="Schema1" Table="Object17" Column="Column284" /></PartitionColumns><RelOp AvgRowSize="48" EstimateCPU="0.0003005" EstimateIO="0.00838869" EstimateRebinds="0" EstimateRewinds="0" EstimatedExecutionMode="Row" EstimateRows="473.841" EstimatedRowsRead="475" LogicalOp="Table Scan" NodeId="557" Parallel="true" PhysicalOp="Table Scan" EstimatedTotalSubtreeCost="0.00868919" TableCardinality="475"><OutputList><ColumnReference Database="Database1" Schema="Schema1" Table="Object17" Column="Column51" /><ColumnReference Database="Database1" Schema="Schema1" Table="Object17" Column="Column284" /></OutputList><RunTimeInformation><RunTimeCountersPerThread Thread="0" ActualRows="474" ActualRowsRead="475" Batches="0" ActualEndOfScans="1" ActualExecutions="1" ActualExecutionMode="Row" ActualElapsedms="0" ActualCPUms="0" ActualScans="1" ActualLogicalReads="8" ActualPhysicalReads="0" ActualReadAheads="0" ActualLobLogicalReads="0" ActualLobPhysicalReads="0" ActualLobReadAheads="0" /></RunTimeInformation><TableScan Ordered="false" ForcedIndex="false" ForceScan="false" NoExpandHint="false" Storage="RowStore"><DefinedValues><DefinedValue><ColumnReference Database="Database1" Schema="Schema1" Table="Object17" Column="Column51" /></DefinedValue><DefinedValue><ColumnReference Database="Database1" Schema="Schema1" Table="Object17" Column="Column284" /></DefinedValue></DefinedValues><Object Database="Database1" Schema="Schema1" Table="Object17" IndexKind="Heap" Storage="RowStore" /><Predicate><ScalarOperator ScalarString="ScalarString294"><Logical Operation="AND"><ScalarOperator><Compare CompareOp="EQ"><ScalarOperator><Identifier><ColumnReference Database="Database1" Schema="Schema1" Table="Object17" Column="Column46" /></Identifier></ScalarOperator><ScalarOperator><Const ConstValue="Value8" /></ScalarOperator></Compare></ScalarOperator><ScalarOperator><Compare CompareOp="NE"><ScalarOperator><Identifier><ColumnReference Database="Database1" Schema="Schema1" Table="Object17" Column="Column284" /></Identifier></ScalarOperator><ScalarOperator><Const ConstValue="Value55" /></ScalarOperator></Compare></ScalarOperator></Logical></ScalarOperator></Predicate></TableScan></RelOp></Parallelism></RelOp></ComputeScalar></RelOp><RelOp AvgRowSize="47" EstimateCPU="2.375E-05" EstimateIO="0" EstimateRebinds="0" EstimateRewinds="0" EstimatedExecutionMode="Row" EstimateRows="475" LogicalOp="Compute Scalar" NodeId="558" Parallel="true" PhysicalOp="Compute Scalar" EstimatedTotalSubtreeCost="0.0440366"><OutputList><ColumnReference Database="Database1" Schema="Schema1" Table="Object11" Column="Column51" /><ColumnReference Database="Database1" Schema="Schema1" Table="Object11" Column="Column285" /><ColumnReference Column="Expr1348" /></OutputList><ComputeScalar><DefinedValues><DefinedValue><ColumnReference Column="Expr1348" /><ScalarOperator ScalarString="ScalarString295"><Const ConstValue="Value73" /></ScalarOperator></DefinedValue></DefinedValues><RelOp AvgRowSize="40" EstimateCPU="0.0299295" EstimateIO="0" EstimateRebinds="0" EstimateRewinds="0" EstimatedExecutionMode="Row" EstimateRows="475" LogicalOp="Repartition Streams" NodeId="559" Parallel="true" PhysicalOp="Parallelism" EstimatedTotalSubtreeCost="0.0440128"><OutputList><ColumnReference Database="Database1" Schema="Schema1" Table="Object11" Column="Column51" /><ColumnReference Database="Database1" Schema="Schema1" Table="Object11" Column="Column285" /></OutputList><Parallelism PartitioningType="Hash"><PartitionColumns><ColumnReference Database="Database1" Schema="Schema1" Table="Object11" Column="Column285" /></PartitionColumns><RelOp AvgRowSize="48" EstimateCPU="0.0003005" EstimateIO="0.0135739" EstimateRebinds="0" EstimateRewinds="0" EstimatedExecutionMode="Row" EstimateRows="475" EstimatedRowsRead="475" LogicalOp="Table Scan" NodeId="560" Parallel="true" PhysicalOp="Table Scan" EstimatedTotalSubtreeCost="0.0138744" TableCardinality="475"><OutputList><ColumnReference Database="Database1" Schema="Schema1" Table="Object11" Column="Column51" /><ColumnReference Database="Database1" Schema="Schema1" Table="Object11" Column="Column285" /></OutputList><RunTimeInformation><RunTimeCountersPerThread Thread="0" ActualRows="475" ActualRowsRead="475" Batches="0" ActualEndOfScans="1" ActualExecutions="1" ActualExecutionMode="Row" ActualElapsedms="0" ActualCPUms="0" ActualScans="1" ActualLogicalReads="25" ActualPhysicalReads="0" ActualReadAheads="0" ActualLobLogicalReads="0" ActualLobPhysicalReads="0" ActualLobReadAheads="0" /></RunTimeInformation><TableScan Ordered="false" ForcedIndex="false" ForceScan="false" NoExpandHint="false" Storage="RowStore"><DefinedValues><DefinedValue><ColumnReference Database="Database1" Schema="Schema1" Table="Object11" Column="Column51" /></DefinedValue><DefinedValue><ColumnReference Database="Database1" Schema="Schema1" Table="Object11" Column="Column285" /></DefinedValue></DefinedValues><Object Database="Database1" Schema="Schema1" Table="Object11" TableReferenceId="1" IndexKind="Heap" Storage="RowStore" /><Predicate><ScalarOperator ScalarString="ScalarString296"><Logical Operation="AND"><ScalarOperator><Compare CompareOp="EQ"><ScalarOperator><Identifier><ColumnReference Database="Database1" Schema="Schema1" Table="Object11" Column="Column46" /></Identifier></ScalarOperator><ScalarOperator><Const ConstValue="Value8" /></ScalarOperator></Compare></ScalarOperator><ScalarOperator><Compare CompareOp="NE"><ScalarOperator><Identifier><ColumnReference Database="Database1" Schema="Schema1" Table="Object11" Column="Column285" /></Identifier></ScalarOperator><ScalarOperator><Const ConstValue="Value55" /></ScalarOperator></Compare></ScalarOperator></Logical></ScalarOperator></Predicate></TableScan></RelOp></Parallelism></RelOp></ComputeScalar></RelOp><RelOp AvgRowSize="64" EstimateCPU="2.375E-05" EstimateIO="0" EstimateRebinds="0" EstimateRewinds="0" EstimatedExecutionMode="Row" EstimateRows="475" LogicalOp="Compute Scalar" NodeId="561" Parallel="true" PhysicalOp="Compute Scalar" EstimatedTotalSubtreeCost="0.0443152"><OutputList><ColumnReference Database="Database1" Schema="Schema1" Table="Object11" Column="Column51" /><ColumnReference Database="Database1" Schema="Schema1" Table="Object11" Column="Column286" /><ColumnReference Column="Expr1352" /></OutputList><ComputeScalar><DefinedValues><DefinedValue><ColumnReference Column="Expr1352" /><ScalarOperator ScalarString="ScalarString297"><Const ConstValue="Value74" /></ScalarOperator></DefinedValue></DefinedValues><RelOp AvgRowSize="57" EstimateCPU="0.030208" EstimateIO="0" EstimateRebinds="0" EstimateRewinds="0" EstimatedExecutionMode="Row" EstimateRows="475" LogicalOp="Repartition Streams" NodeId="562" Parallel="true" PhysicalOp="Parallelism" EstimatedTotalSubtreeCost="0.0442914"><OutputList><ColumnReference Database="Database1" Schema="Schema1" Table="Object11" Column="Column51" /><ColumnReference Database="Database1" Schema="Schema1" Table="Object11" Column="Column286" /></OutputList><Parallelism PartitioningType="Hash"><PartitionColumns><ColumnReference Database="Database1" Schema="Schema1" Table="Object11" Column="Column286" /></PartitionColumns><RelOp AvgRowSize="84" EstimateCPU="0.0003005" EstimateIO="0.0135739" EstimateRebinds="0" EstimateRewinds="0" EstimatedExecutionMode="Row" EstimateRows="475" EstimatedRowsRead="475" LogicalOp="Table Scan" NodeId="563" Parallel="true" PhysicalOp="Table Scan" EstimatedTotalSubtreeCost="0.0138744" TableCardinality="475"><OutputList><ColumnReference Database="Database1" Schema="Schema1" Table="Object11" Column="Column51" /><ColumnReference Database="Database1" Schema="Schema1" Table="Object11" Column="Column286" /></OutputList><RunTimeInformation><RunTimeCountersPerThread Thread="0" ActualRows="475" ActualRowsRead="475" Batches="0" ActualEndOfScans="1" ActualExecutions="1" ActualExecutionMode="Row" ActualElapsedms="0" ActualCPUms="0" ActualScans="1" ActualLogicalReads="25" ActualPhysicalReads="0" ActualReadAheads="0" ActualLobLogicalReads="0" ActualLobPhysicalReads="0" ActualLobReadAheads="0" /></RunTimeInformation><TableScan Ordered="false" ForcedIndex="false" ForceScan="false" NoExpandHint="false" Storage="RowStore"><DefinedValues><DefinedValue><ColumnReference Database="Database1" Schema="Schema1" Table="Object11" Column="Column51" /></DefinedValue><DefinedValue><ColumnReference Database="Database1" Schema="Schema1" Table="Object11" Column="Column286" /></DefinedValue></DefinedValues><Object Database="Database1" Schema="Schema1" Table="Object11" TableReferenceId="2" IndexKind="Heap" Storage="RowStore" /><Predicate><ScalarOperator ScalarString="ScalarString298"><Logical Operation="AND"><ScalarOperator><Compare CompareOp="EQ"><ScalarOperator><Identifier><ColumnReference Database="Database1" Schema="Schema1" Table="Object11" Column="Column46" /></Identifier></ScalarOperator><ScalarOperator><Const ConstValue="Value8" /></ScalarOperator></Compare></ScalarOperator><ScalarOperator><Compare CompareOp="NE"><ScalarOperator><Identifier><ColumnReference Database="Database1" Schema="Schema1" Table="Object11" Column="Column286" /></Identifier></ScalarOperator><ScalarOperator><Const ConstValue="Value55" /></ScalarOperator></Compare></ScalarOperator></Logical></ScalarOperator></Predicate></TableScan></RelOp></Parallelism></RelOp></ComputeScalar></RelOp><RelOp AvgRowSize="67" EstimateCPU="2.375E-05" EstimateIO="0" EstimateRebinds="0" EstimateRewinds="0" EstimatedExecutionMode="Row" EstimateRows="475" LogicalOp="Compute Scalar" NodeId="564" Parallel="true" PhysicalOp="Compute Scalar" EstimatedTotalSubtreeCost="0.0443479"><OutputList><ColumnReference Database="Database1" Schema="Schema1" Table="Object11" Column="Column51" /><ColumnReference Database="Database1" Schema="Schema1" Table="Object11" Column="Column287" /><ColumnReference Column="Expr1356" /></OutputList><ComputeScalar><DefinedValues><DefinedValue><ColumnReference Column="Expr1356" /><ScalarOperator ScalarString="ScalarString299"><Const ConstValue="Value75" /></ScalarOperator></DefinedValue></DefinedValues><RelOp AvgRowSize="59" EstimateCPU="0.0302408" EstimateIO="0" EstimateRebinds="0" EstimateRewinds="0" EstimatedExecutionMode="Row" EstimateRows="475" LogicalOp="Repartition Streams" NodeId="565" Parallel="true" PhysicalOp="Parallelism" EstimatedTotalSubtreeCost="0.0443242"><OutputList><ColumnReference Database="Database1" Schema="Schema1" Table="Object11" Column="Column51" /><ColumnReference Database="Database1" Schema="Schema1" Table="Object11" Column="Column287" /></OutputList><Parallelism PartitioningType="Hash"><PartitionColumns><ColumnReference Database="Database1" Schema="Schema1" Table="Object11" Column="Column287" /></PartitionColumns><RelOp AvgRowSize="86" EstimateCPU="0.0003005" EstimateIO="0.0135739" EstimateRebinds="0" EstimateRewinds="0" EstimatedExecutionMode="Row" EstimateRows="475" EstimatedRowsRead="475" LogicalOp="Table Scan" NodeId="566" Parallel="true" PhysicalOp="Table Scan" EstimatedTotalSubtreeCost="0.0138744" TableCardinality="475"><OutputList><ColumnReference Database="Database1" Schema="Schema1" Table="Object11" Column="Column51" /><ColumnReference Database="Database1" Schema="Schema1" Table="Object11" Column="Column287" /></OutputList><RunTimeInformation><RunTimeCountersPerThread Thread="0" ActualRows="475" ActualRowsRead="475" Batches="0" ActualEndOfScans="1" ActualExecutions="1" ActualExecutionMode="Row" ActualElapsedms="0" ActualCPUms="0" ActualScans="1" ActualLogicalReads="25" ActualPhysicalReads="0" ActualReadAheads="0" ActualLobLogicalReads="0" ActualLobPhysicalReads="0" ActualLobReadAheads="0" /></RunTimeInformation><TableScan Ordered="false" ForcedIndex="false" ForceScan="false" NoExpandHint="false" Storage="RowStore"><DefinedValues><DefinedValue><ColumnReference Database="Database1" Schema="Schema1" Table="Object11" Column="Column51" /></DefinedValue><DefinedValue><ColumnReference Database="Database1" Schema="Schema1" Table="Object11" Column="Column287" /></DefinedValue></DefinedValues><Object Database="Database1" Schema="Schema1" Table="Object11" TableReferenceId="3" IndexKind="Heap" Storage="RowStore" /><Predicate><ScalarOperator ScalarString="ScalarString300"><Logical Operation="AND"><ScalarOperator><Compare CompareOp="EQ"><ScalarOperator><Identifier><ColumnReference Database="Database1" Schema="Schema1" Table="Object11" Column="Column46" /></Identifier></ScalarOperator><ScalarOperator><Const ConstValue="Value8" /></ScalarOperator></Compare></ScalarOperator><ScalarOperator><Compare CompareOp="NE"><ScalarOperator><Identifier><ColumnReference Database="Database1" Schema="Schema1" Table="Object11" Column="Column287" /></Identifier></ScalarOperator><ScalarOperator><Const ConstValue="Value55" /></ScalarOperator></Compare></ScalarOperator></Logical></ScalarOperator></Predicate></TableScan></RelOp></Parallelism></RelOp></ComputeScalar></RelOp><RelOp AvgRowSize="67" EstimateCPU="2.375E-05" EstimateIO="0" EstimateRebinds="0" EstimateRewinds="0" EstimatedExecutionMode="Row" EstimateRows="475" LogicalOp="Compute Scalar" NodeId="567" Parallel="true" PhysicalOp="Compute Scalar" EstimatedTotalSubtreeCost="0.0443479"><OutputList><ColumnReference Database="Database1" Schema="Schema1" Table="Object11" Column="Column51" /><ColumnReference Database="Database1" Schema="Schema1" Table="Object11" Column="Column288" /><ColumnReference Column="Expr1360" /></OutputList><ComputeScalar><DefinedValues><DefinedValue><ColumnReference Column="Expr1360" /><ScalarOperator ScalarString="ScalarString301"><Const ConstValue="Value76" /></ScalarOperator></DefinedValue></DefinedValues><RelOp AvgRowSize="59" EstimateCPU="0.0302408" EstimateIO="0" EstimateRebinds="0" EstimateRewinds="0" EstimatedExecutionMode="Row" EstimateRows="475" LogicalOp="Repartition Streams" NodeId="568" Parallel="true" PhysicalOp="Parallelism" EstimatedTotalSubtreeCost="0.0443242"><OutputList><ColumnReference Database="Database1" Schema="Schema1" Table="Object11" Column="Column51" /><ColumnReference Database="Database1" Schema="Schema1" Table="Object11" Column="Column288" /></OutputList><Parallelism PartitioningType="Hash"><PartitionColumns><ColumnReference Database="Database1" Schema="Schema1" Table="Object11" Column="Column288" /></PartitionColumns><RelOp AvgRowSize="86" EstimateCPU="0.0003005" EstimateIO="0.0135739" EstimateRebinds="0" EstimateRewinds="0" EstimatedExecutionMode="Row" EstimateRows="475" EstimatedRowsRead="475" LogicalOp="Table Scan" NodeId="569" Parallel="true" PhysicalOp="Table Scan" EstimatedTotalSubtreeCost="0.0138744" TableCardinality="475"><OutputList><ColumnReference Database="Database1" Schema="Schema1" Table="Object11" Column="Column51" /><ColumnReference Database="Database1" Schema="Schema1" Table="Object11" Column="Column288" /></OutputList><RunTimeInformation><RunTimeCountersPerThread Thread="0" ActualRows="475" ActualRowsRead="475" Batches="0" ActualEndOfScans="1" ActualExecutions="1" ActualExecutionMode="Row" ActualElapsedms="0" ActualCPUms="0" ActualScans="1" ActualLogicalReads="25" ActualPhysicalReads="0" ActualReadAheads="0" ActualLobLogicalReads="0" ActualLobPhysicalReads="0" ActualLobReadAheads="0" /></RunTimeInformation><TableScan Ordered="false" ForcedIndex="false" ForceScan="false" NoExpandHint="false" Storage="RowStore"><DefinedValues><DefinedValue><ColumnReference Database="Database1" Schema="Schema1" Table="Object11" Column="Column51" /></DefinedValue><DefinedValue><ColumnReference Database="Database1" Schema="Schema1" Table="Object11" Column="Column288" /></DefinedValue></DefinedValues><Object Database="Database1" Schema="Schema1" Table="Object11" TableReferenceId="4" IndexKind="Heap" Storage="RowStore" /><Predicate><ScalarOperator ScalarString="ScalarString302"><Logical Operation="AND"><ScalarOperator><Compare CompareOp="EQ"><ScalarOperator><Identifier><ColumnReference Database="Database1" Schema="Schema1" Table="Object11" Column="Column46" /></Identifier></ScalarOperator><ScalarOperator><Const ConstValue="Value8" /></ScalarOperator></Compare></ScalarOperator><ScalarOperator><Compare CompareOp="NE"><ScalarOperator><Identifier><ColumnReference Database="Database1" Schema="Schema1" Table="Object11" Column="Column288" /></Identifier></ScalarOperator><ScalarOperator><Const ConstValue="Value55" /></ScalarOperator></Compare></ScalarOperator></Logical></ScalarOperator></Predicate></TableScan></RelOp></Parallelism></RelOp></ComputeScalar></RelOp><RelOp AvgRowSize="67" EstimateCPU="2.375E-05" EstimateIO="0" EstimateRebinds="0" EstimateRewinds="0" EstimatedExecutionMode="Row" EstimateRows="475" LogicalOp="Compute Scalar" NodeId="570" Parallel="true" PhysicalOp="Compute Scalar" EstimatedTotalSubtreeCost="0.0443479"><OutputList><ColumnReference Database="Database1" Schema="Schema1" Table="Object11" Column="Column51" /><ColumnReference Database="Database1" Schema="Schema1" Table="Object11" Column="Column289" /><ColumnReference Column="Expr1364" /></OutputList><ComputeScalar><DefinedValues><DefinedValue><ColumnReference Column="Expr1364" /><ScalarOperator ScalarString="ScalarString303"><Const ConstValue="Value77" /></ScalarOperator></DefinedValue></DefinedValues><RelOp AvgRowSize="59" EstimateCPU="0.0302408" EstimateIO="0" EstimateRebinds="0" EstimateRewinds="0" EstimatedExecutionMode="Row" EstimateRows="475" LogicalOp="Repartition Streams" NodeId="571" Parallel="true" PhysicalOp="Parallelism" EstimatedTotalSubtreeCost="0.0443242"><OutputList><ColumnReference Database="Database1" Schema="Schema1" Table="Object11" Column="Column51" /><ColumnReference Database="Database1" Schema="Schema1" Table="Object11" Column="Column289" /></OutputList><Parallelism PartitioningType="Hash"><PartitionColumns><ColumnReference Database="Database1" Schema="Schema1" Table="Object11" Column="Column289" /></PartitionColumns><RelOp AvgRowSize="86" EstimateCPU="0.0003005" EstimateIO="0.0135739" EstimateRebinds="0" EstimateRewinds="0" EstimatedExecutionMode="Row" EstimateRows="475" EstimatedRowsRead="475" LogicalOp="Table Scan" NodeId="572" Parallel="true" PhysicalOp="Table Scan" EstimatedTotalSubtreeCost="0.0138744" TableCardinality="475"><OutputList><ColumnReference Database="Database1" Schema="Schema1" Table="Object11" Column="Column51" /><ColumnReference Database="Database1" Schema="Schema1" Table="Object11" Column="Column289" /></OutputList><RunTimeInformation><RunTimeCountersPerThread Thread="0" ActualRows="475" ActualRowsRead="475" Batches="0" ActualEndOfScans="1" ActualExecutions="1" ActualExecutionMode="Row" ActualElapsedms="0" ActualCPUms="0" ActualScans="1" ActualLogicalReads="25" ActualPhysicalReads="0" ActualReadAheads="0" ActualLobLogicalReads="0" ActualLobPhysicalReads="0" ActualLobReadAheads="0" /></RunTimeInformation><TableScan Ordered="false" ForcedIndex="false" ForceScan="false" NoExpandHint="false" Storage="RowStore"><DefinedValues><DefinedValue><ColumnReference Database="Database1" Schema="Schema1" Table="Object11" Column="Column51" /></DefinedValue><DefinedValue><ColumnReference Database="Database1" Schema="Schema1" Table="Object11" Column="Column289" /></DefinedValue></DefinedValues><Object Database="Database1" Schema="Schema1" Table="Object11" TableReferenceId="5" IndexKind="Heap" Storage="RowStore" /><Predicate><ScalarOperator ScalarString="ScalarString304"><Logical Operation="AND"><ScalarOperator><Compare CompareOp="EQ"><ScalarOperator><Identifier><ColumnReference Database="Database1" Schema="Schema1" Table="Object11" Column="Column46" /></Identifier></ScalarOperator><ScalarOperator><Const ConstValue="Value8" /></ScalarOperator></Compare></ScalarOperator><ScalarOperator><Compare CompareOp="NE"><ScalarOperator><Identifier><ColumnReference Database="Database1" Schema="Schema1" Table="Object11" Column="Column289" /></Identifier></ScalarOperator><ScalarOperator><Const ConstValue="Value55" /></ScalarOperator></Compare></ScalarOperator></Logical></ScalarOperator></Predicate></TableScan></RelOp></Parallelism></RelOp></ComputeScalar></RelOp><RelOp AvgRowSize="66" EstimateCPU="2.375E-05" EstimateIO="0" EstimateRebinds="0" EstimateRewinds="0" EstimatedExecutionMode="Row" EstimateRows="475" LogicalOp="Compute Scalar" NodeId="573" Parallel="true" PhysicalOp="Compute Scalar" EstimatedTotalSubtreeCost="0.0443479"><OutputList><ColumnReference Database="Database1" Schema="Schema1" Table="Object11" Column="Column51" /><ColumnReference Database="Database1" Schema="Schema1" Table="Object11" Column="Column290" /><ColumnReference Column="Expr1368" /></OutputList><ComputeScalar><DefinedValues><DefinedValue><ColumnReference Column="Expr1368" /><ScalarOperator ScalarString="ScalarString305"><Const ConstValue="Value78" /></ScalarOperator></DefinedValue></DefinedValues><RelOp AvgRowSize="59" EstimateCPU="0.0302408" EstimateIO="0" EstimateRebinds="0" EstimateRewinds="0" EstimatedExecutionMode="Row" EstimateRows="475" LogicalOp="Repartition Streams" NodeId="574" Parallel="true" PhysicalOp="Parallelism" EstimatedTotalSubtreeCost="0.0443242"><OutputList><ColumnReference Database="Database1" Schema="Schema1" Table="Object11" Column="Column51" /><ColumnReference Database="Database1" Schema="Schema1" Table="Object11" Column="Column290" /></OutputList><Parallelism PartitioningType="Hash"><PartitionColumns><ColumnReference Database="Database1" Schema="Schema1" Table="Object11" Column="Column290" /></PartitionColumns><RelOp AvgRowSize="86" EstimateCPU="0.0003005" EstimateIO="0.0135739" EstimateRebinds="0" EstimateRewinds="0" EstimatedExecutionMode="Row" EstimateRows="475" EstimatedRowsRead="475" LogicalOp="Table Scan" NodeId="575" Parallel="true" PhysicalOp="Table Scan" EstimatedTotalSubtreeCost="0.0138744" TableCardinality="475"><OutputList><ColumnReference Database="Database1" Schema="Schema1" Table="Object11" Column="Column51" /><ColumnReference Database="Database1" Schema="Schema1" Table="Object11" Column="Column290" /></OutputList><RunTimeInformation><RunTimeCountersPerThread Thread="0" ActualRows="475" ActualRowsRead="475" Batches="0" ActualEndOfScans="1" ActualExecutions="1" ActualExecutionMode="Row" ActualElapsedms="0" ActualCPUms="0" ActualScans="1" ActualLogicalReads="25" ActualPhysicalReads="0" ActualReadAheads="0" ActualLobLogicalReads="0" ActualLobPhysicalReads="0" ActualLobReadAheads="0" /></RunTimeInformation><TableScan Ordered="false" ForcedIndex="false" ForceScan="false" NoExpandHint="false" Storage="RowStore"><DefinedValues><DefinedValue><ColumnReference Database="Database1" Schema="Schema1" Table="Object11" Column="Column51" /></DefinedValue><DefinedValue><ColumnReference Database="Database1" Schema="Schema1" Table="Object11" Column="Column290" /></DefinedValue></DefinedValues><Object Database="Database1" Schema="Schema1" Table="Object11" TableReferenceId="6" IndexKind="Heap" Storage="RowStore" /><Predicate><ScalarOperator ScalarString="ScalarString306"><Logical Operation="AND"><ScalarOperator><Compare CompareOp="EQ"><ScalarOperator><Identifier><ColumnReference Database="Database1" Schema="Schema1" Table="Object11" Column="Column46" /></Identifier></ScalarOperator><ScalarOperator><Const ConstValue="Value8" /></ScalarOperator></Compare></ScalarOperator><ScalarOperator><Compare CompareOp="NE"><ScalarOperator><Identifier><ColumnReference Database="Database1" Schema="Schema1" Table="Object11" Column="Column290" /></Identifier></ScalarOperator><ScalarOperator><Const ConstValue="Value55" /></ScalarOperator></Compare></ScalarOperator></Logical></ScalarOperator></Predicate></TableScan></RelOp></Parallelism></RelOp></ComputeScalar></RelOp><RelOp AvgRowSize="53" EstimateCPU="2.37E-05" EstimateIO="0" EstimateRebinds="0" EstimateRewinds="0" EstimatedExecutionMode="Row" EstimateRows="474" LogicalOp="Compute Scalar" NodeId="576" Parallel="true" PhysicalOp="Compute Scalar" EstimatedTotalSubtreeCost="0.0404106"><OutputList><ColumnReference Database="Database1" Schema="Schema1" Table="Object5" Column="Column51" /><ColumnReference Database="Database1" Schema="Schema1" Table="Object5" Column="Column291" /><ColumnReference Column="Expr1372" /></OutputList><ComputeScalar><DefinedValues><DefinedValue><ColumnReference Column="Expr1372" /><ScalarOperator ScalarString="ScalarString307"><Const ConstValue="Value79" /></ScalarOperator></DefinedValue></DefinedValues><RelOp AvgRowSize="45" EstimateCPU="0.0300082" EstimateIO="0" EstimateRebinds="0" EstimateRewinds="0" EstimatedExecutionMode="Row" EstimateRows="474" LogicalOp="Repartition Streams" NodeId="577" Parallel="true" PhysicalOp="Parallelism" EstimatedTotalSubtreeCost="0.0403869"><OutputList><ColumnReference Database="Database1" Schema="Schema1" Table="Object5" Column="Column51" /><ColumnReference Database="Database1" Schema="Schema1" Table="Object5" Column="Column291" /></OutputList><Parallelism PartitioningType="Hash"><PartitionColumns><ColumnReference Database="Database1" Schema="Schema1" Table="Object5" Column="Column291" /></PartitionColumns><RelOp AvgRowSize="53" EstimateCPU="0.00029995" EstimateIO="0.00987017" EstimateRebinds="0" EstimateRewinds="0" EstimatedExecutionMode="Row" EstimateRows="474" EstimatedRowsRead="474" LogicalOp="Table Scan" NodeId="578" Parallel="true" PhysicalOp="Table Scan" EstimatedTotalSubtreeCost="0.0101701" TableCardinality="474"><OutputList><ColumnReference Database="Database1" Schema="Schema1" Table="Object5" Column="Column51" /><ColumnReference Database="Database1" Schema="Schema1" Table="Object5" Column="Column291" /></OutputList><RunTimeInformation><RunTimeCountersPerThread Thread="0" ActualRows="473" ActualRowsRead="474" Batches="0" ActualEndOfScans="1" ActualExecutions="1" ActualExecutionMode="Row" ActualElapsedms="0" ActualCPUms="0" ActualScans="1" ActualLogicalReads="48" ActualPhysicalReads="0" ActualReadAheads="0" ActualLobLogicalReads="0" ActualLobPhysicalReads="0" ActualLobReadAheads="0" /></RunTimeInformation><TableScan Ordered="false" ForcedIndex="false" ForceScan="false" NoExpandHint="false" Storage="RowStore"><DefinedValues><DefinedValue><ColumnReference Database="Database1" Schema="Schema1" Table="Object5" Column="Column51" /></DefinedValue><DefinedValue><ColumnReference Database="Database1" Schema="Schema1" Table="Object5" Column="Column291" /></DefinedValue></DefinedValues><Object Database="Database1" Schema="Schema1" Table="Object5" TableReferenceId="1" IndexKind="Heap" Storage="RowStore" /><Predicate><ScalarOperator ScalarString="ScalarString308"><Logical Operation="AND"><ScalarOperator><Compare CompareOp="EQ"><ScalarOperator><Identifier><ColumnReference Database="Database1" Schema="Schema1" Table="Object5" Column="Column46" /></Identifier></ScalarOperator><ScalarOperator><Const ConstValue="Value8" /></ScalarOperator></Compare></ScalarOperator><ScalarOperator><Compare CompareOp="NE"><ScalarOperator><Identifier><ColumnReference Database="Database1" Schema="Schema1" Table="Object5" Column="Column291" /></Identifier></ScalarOperator><ScalarOperator><Const ConstValue="Value55" /></ScalarOperator></Compare></ScalarOperator></Logical></ScalarOperator></Predicate></TableScan></RelOp></Parallelism></RelOp></ComputeScalar></RelOp><RelOp AvgRowSize="68" EstimateCPU="2.25084E-05" EstimateIO="0" EstimateRebinds="0" EstimateRewinds="0" EstimatedExecutionMode="Row" EstimateRows="450.168" LogicalOp="Compute Scalar" NodeId="579" Parallel="true" PhysicalOp="Compute Scalar" EstimatedTotalSubtreeCost="0.0405665"><OutputList><ColumnReference Database="Database1" Schema="Schema1" Table="Object5" Column="Column51" /><ColumnReference Database="Database1" Schema="Schema1" Table="Object5" Column="Column292" /><ColumnReference Column="Expr1376" /></OutputList><ComputeScalar><DefinedValues><DefinedValue><ColumnReference Column="Expr1376" /><ScalarOperator ScalarString="ScalarString309"><Const ConstValue="Value80" /></ScalarOperator></DefinedValue></DefinedValues><RelOp AvgRowSize="60" EstimateCPU="0.0301653" EstimateIO="0" EstimateRebinds="0" EstimateRewinds="0" EstimatedExecutionMode="Row" EstimateRows="450.168" LogicalOp="Repartition Streams" NodeId="580" Parallel="true" PhysicalOp="Parallelism" EstimatedTotalSubtreeCost="0.040544"><OutputList><ColumnReference Database="Database1" Schema="Schema1" Table="Object5" Column="Column51" /><ColumnReference Database="Database1" Schema="Schema1" Table="Object5" Column="Column292" /></OutputList><Parallelism PartitioningType="Hash"><PartitionColumns><ColumnReference Database="Database1" Schema="Schema1" Table="Object5" Column="Column292" /></PartitionColumns><RelOp AvgRowSize="87" EstimateCPU="0.00029995" EstimateIO="0.00987017" EstimateRebinds="0" EstimateRewinds="0" EstimatedExecutionMode="Row" EstimateRows="450.168" EstimatedRowsRead="474" LogicalOp="Table Scan" NodeId="581" Parallel="true" PhysicalOp="Table Scan" EstimatedTotalSubtreeCost="0.0101701" TableCardinality="474"><OutputList><ColumnReference Database="Database1" Schema="Schema1" Table="Object5" Column="Column51" /><ColumnReference Database="Database1" Schema="Schema1" Table="Object5" Column="Column292" /></OutputList><RunTimeInformation><RunTimeCountersPerThread Thread="0" ActualRows="458" ActualRowsRead="474" Batches="0" ActualEndOfScans="1" ActualExecutions="1" ActualExecutionMode="Row" ActualElapsedms="0" ActualCPUms="0" ActualScans="1" ActualLogicalReads="48" ActualPhysicalReads="0" ActualReadAheads="0" ActualLobLogicalReads="0" ActualLobPhysicalReads="0" ActualLobReadAheads="0" /></RunTimeInformation><TableScan Ordered="false" ForcedIndex="false" ForceScan="false" NoExpandHint="false" Storage="RowStore"><DefinedValues><DefinedValue><ColumnReference Database="Database1" Schema="Schema1" Table="Object5" Column="Column51" /></DefinedValue><DefinedValue><ColumnReference Database="Database1" Schema="Schema1" Table="Object5" Column="Column292" /></DefinedValue></DefinedValues><Object Database="Database1" Schema="Schema1" Table="Object5" TableReferenceId="2" IndexKind="Heap" Storage="RowStore" /><Predicate><ScalarOperator ScalarString="ScalarString310"><Logical Operation="AND"><ScalarOperator><Compare CompareOp="EQ"><ScalarOperator><Identifier><ColumnReference Database="Database1" Schema="Schema1" Table="Object5" Column="Column46" /></Identifier></ScalarOperator><ScalarOperator><Const ConstValue="Value8" /></ScalarOperator></Compare></ScalarOperator><ScalarOperator><Compare CompareOp="NE"><ScalarOperator><Identifier><ColumnReference Database="Database1" Schema="Schema1" Table="Object5" Column="Column292" /></Identifier></ScalarOperator><ScalarOperator><Const ConstValue="Value55" /></ScalarOperator></Compare></ScalarOperator></Logical></ScalarOperator></Predicate></TableScan></RelOp></Parallelism></RelOp></ComputeScalar></RelOp><RelOp AvgRowSize="67" EstimateCPU="5E-08" EstimateIO="0" EstimateRebinds="0" EstimateRewinds="0" EstimatedExecutionMode="Row" EstimateRows="1" LogicalOp="Compute Scalar" NodeId="582" Parallel="true" PhysicalOp="Compute Scalar" EstimatedTotalSubtreeCost="0.484681"><OutputList><ColumnReference Database="Database1" Schema="Schema1" Table="Object4" Alias="Object77" Column="Column284" /><ColumnReference Database="Database1" Schema="Schema1" Table="Object10" Alias="Object76" Column="Column164" /><ColumnReference Column="Expr1385" /></OutputList><ComputeScalar><DefinedValues><DefinedValue><ColumnReference Column="Expr1385" /><ScalarOperator ScalarString="ScalarString311"><Const ConstValue="Value58" /></ScalarOperator></DefinedValue></DefinedValues><RelOp AvgRowSize="58" EstimateCPU="0.0285073" EstimateIO="0" EstimateRebinds="0" EstimateRewinds="0" EstimatedExecutionMode="Row" EstimateRows="1" LogicalOp="Distribute Streams" NodeId="583" Parallel="true" PhysicalOp="Parallelism" EstimatedTotalSubtreeCost="0.484681"><OutputList><ColumnReference Database="Database1" Schema="Schema1" Table="Object4" Alias="Object77" Column="Column284" /><ColumnReference Database="Database1" Schema="Schema1" Table="Object10" Alias="Object76" Column="Column164" /></OutputList><Parallelism PartitioningType="Hash"><PartitionColumns><ColumnReference Database="Database1" Schema="Schema1" Table="Object4" Alias="Object77" Column="Column284" /></PartitionColumns><RelOp AvgRowSize="58" EstimateCPU="0.00082346" EstimateIO="0" EstimateRebinds="0" EstimateRewinds="0" EstimatedExecutionMode="Row" EstimateRows="1" LogicalOp="Inner Join" NodeId="584" Parallel="false" PhysicalOp="Nested Loops" EstimatedTotalSubtreeCost="0.456173"><OutputList><ColumnReference Database="Database1" Schema="Schema1" Table="Object4" Alias="Object77" Column="Column284" /><ColumnReference Database="Database1" Schema="Schema1" Table="Object10" Alias="Object76" Column="Column164" /></OutputList><RunTimeInformation><RunTimeCountersPerThread Thread="0" ActualRows="469" Batches="0" ActualEndOfScans="1" ActualExecutions="1" ActualExecutionMode="Row" ActualElapsedms="46" ActualCPUms="40" /></RunTimeInformation><NestedLoops Optimized="false"><Predicate><ScalarOperator ScalarString="ScalarString312"><Compare CompareOp="EQ"><ScalarOperator><Identifier><ColumnReference Database="Database1" Schema="Schema1" Table="Object10" Alias="Object78" Column="Column164" /></Identifier></ScalarOperator><ScalarOperator><Identifier><ColumnReference Database="Database1" Schema="Schema1" Table="Object4" Alias="Object77" Column="Column51" /></Identifier></ScalarOperator></Compare></ScalarOperator></Predicate><RelOp AvgRowSize="41" EstimateCPU="0.00244245" EstimateIO="0.0112613" EstimateRebinds="0" EstimateRewinds="0" EstimatedExecutionMode="Row" EstimateRows="197" LogicalOp="Sort" NodeId="585" Parallel="false" PhysicalOp="Sort" EstimatedTotalSubtreeCost="0.019598"><OutputList><ColumnReference Database="Database1" Schema="Schema1" Table="Object4" Alias="Object77" Column="Column51" /><ColumnReference Database="Database1" Schema="Schema1" Table="Object4" Alias="Object77" Column="Column284" /></OutputList><MemoryFractions Input="6.79157E-05" Output="6.79157E-05" /><RunTimeInformation><RunTimeCountersPerThread Thread="0" ActualRebinds="1" ActualRewinds="0" ActualRows="197" Batches="0" ActualEndOfScans="1" ActualExecutions="1" ActualExecutionMode="Row" ActualElapsedms="0" ActualCPUms="0" ActualScans="0" ActualLogicalReads="0" ActualPhysicalReads="0" ActualReadAheads="0" ActualLobLogicalReads="0" ActualLobPhysicalReads="0" ActualLobReadAheads="0" InputMemoryGrant="568" OutputMemoryGrant="184" UsedMemoryGrant="16" /></RunTimeInformation><Sort Distinct="false"><OrderBy><OrderByColumn Ascending="true"><ColumnReference Database="Database1" Schema="Schema1" Table="Object4" Alias="Object77" Column="Column284" /></OrderByColumn></OrderBy><RelOp AvgRowSize="49" EstimateCPU="0.0003737" EstimateIO="0.00534722" EstimateRebinds="0" EstimateRewinds="0" EstimatedExecutionMode="Row" EstimateRows="197" EstimatedRowsRead="197" LogicalOp="Table Scan" NodeId="586" Parallel="false" PhysicalOp="Table Scan" EstimatedTotalSubtreeCost="0.00572092" TableCardinality="197"><OutputList><ColumnReference Database="Database1" Schema="Schema1" Table="Object4" Alias="Object77" Column="Column51" /><ColumnReference Database="Database1" Schema="Schema1" Table="Object4" Alias="Object77" Column="Column284" /></OutputList><RunTimeInformation><RunTimeCountersPerThread Thread="0" ActualRows="197" ActualRowsRead="197" Batches="0" ActualEndOfScans="1" ActualExecutions="1" ActualExecutionMode="Row" ActualElapsedms="0" ActualCPUms="0" ActualScans="1" ActualLogicalReads="4" ActualPhysicalReads="0" ActualReadAheads="0" ActualLobLogicalReads="0" ActualLobPhysicalReads="0" ActualLobReadAheads="0" /></RunTimeInformation><TableScan Ordered="false" ForcedIndex="false" ForceScan="false" NoExpandHint="false" Storage="RowStore"><DefinedValues><DefinedValue><ColumnReference Database="Database1" Schema="Schema1" Table="Object4" Alias="Object77" Column="Column51" /></DefinedValue><DefinedValue><ColumnReference Database="Database1" Schema="Schema1" Table="Object4" Alias="Object77" Column="Column284" /></DefinedValue></DefinedValues><Object Database="Database1" Schema="Schema1" Table="Object4" Alias="Object77" IndexKind="Heap" Storage="RowStore" /><Predicate><ScalarOperator ScalarString="ScalarString313"><Logical Operation="AND"><ScalarOperator><Compare CompareOp="EQ"><ScalarOperator><Identifier><ColumnReference Database="Database1" Schema="Schema1" Table="Object4" Alias="Object77" Column="Column46" /></Identifier></ScalarOperator><ScalarOperator><Const ConstValue="Value8" /></ScalarOperator></Compare></ScalarOperator><ScalarOperator><Compare CompareOp="NE"><ScalarOperator><Identifier><ColumnReference Database="Database1" Schema="Schema1" Table="Object4" Alias="Object77" Column="Column284" /></Identifier></ScalarOperator><ScalarOperator><Const ConstValue="Value55" /></ScalarOperator></Compare></ScalarOperator></Logical></ScalarOperator></Predicate></TableScan></RelOp></Sort></RelOp><RelOp AvgRowSize="63" EstimateCPU="0.00010038" EstimateIO="0.01" EstimateRebinds="0" EstimateRewinds="196" EstimatedExecutionMode="Row" EstimateRows="1" LogicalOp="Lazy Spool" NodeId="587" Parallel="false" PhysicalOp="Table Spool" EstimatedTotalSubtreeCost="0.435693"><OutputList><ColumnReference Database="Database1" Schema="Schema1" Table="Object10" Alias="Object76" Column="Column164" /><ColumnReference Database="Database1" Schema="Schema1" Table="Object10" Alias="Object78" Column="Column164" /></OutputList><RunTimeInformation><RunTimeCountersPerThread Thread="0" ActualRebinds="1" ActualRewinds="196" ActualRows="92787" ActualRowsRead="92316" Batches="0" ActualEndOfScans="197" ActualExecutions="197" ActualExecutionMode="Row" ActualElapsedms="37" ActualCPUms="35" ActualScans="1" ActualLogicalReads="1736" ActualPhysicalReads="0" ActualReadAheads="0" ActualLobLogicalReads="0" ActualLobPhysicalReads="0" ActualLobReadAheads="0" /></RunTimeInformation><Spool><RelOp AvgRowSize="139" EstimateCPU="4.18E-06" EstimateIO="0" EstimateRebinds="0" EstimateRewinds="0" EstimatedExecutionMode="Row" EstimateRows="1" LogicalOp="Inner Join" NodeId="588" Parallel="false" PhysicalOp="Nested Loops" EstimatedTotalSubtreeCost="0.405956"><OutputList><ColumnReference Database="Database1" Schema="Schema1" Table="Object10" Alias="Object76" Column="Column164" /><ColumnReference Database="Database1" Schema="Schema1" Table="Object10" Alias="Object78" Column="Column164" /></OutputList><RunTimeInformation><RunTimeCountersPerThread Thread="0" ActualRows="471" Batches="0" ActualEndOfScans="1" ActualExecutions="1" ActualExecutionMode="Row" ActualElapsedms="17" ActualCPUms="15" /></RunTimeInformation><NestedLoops Optimized="false"><OuterReferences><ColumnReference Column="Column293" /></OuterReferences><RelOp AvgRowSize="98" EstimateCPU="4.18E-06" EstimateIO="0" EstimateRebinds="0" EstimateRewinds="0" EstimatedExecutionMode="Row" EstimateRows="1" LogicalOp="Inner Join" NodeId="589" Parallel="false" PhysicalOp="Nested Loops" EstimatedTotalSubtreeCost="0.402669"><OutputList><ColumnReference Database="Database1" Schema="Schema1" Table="Object10" Alias="Object76" Column="Column164" /><ColumnReference Database="Database1" Schema="Schema1" Table="Object10" Alias="Object76" Column="Column50" /><ColumnReference Database="Database1" Schema="Schema1" Table="Object10" Alias="Object78" Column="Column164" /><ColumnReference Column="Column293" /></OutputList><RunTimeInformation><RunTimeCountersPerThread Thread="0" ActualRows="1135" Batches="0" ActualEndOfScans="1" ActualExecutions="1" ActualExecutionMode="Row" ActualElapsedms="16" ActualCPUms="13" /></RunTimeInformation><NestedLoops Optimized="false"><OuterReferences><ColumnReference Database="Database1" Schema="Schema1" Table="Object10" Alias="Object78" Column="Column50" /></OuterReferences><RelOp AvgRowSize="166" EstimateCPU="6.63182E-06" EstimateIO="0" EstimateRebinds="0" EstimateRewinds="0" EstimatedExecutionMode="Row" EstimateRows="1.58656" LogicalOp="Inner Join" NodeId="590" Parallel="false" PhysicalOp="Nested Loops" EstimatedTotalSubtreeCost="0.399379"><OutputList><ColumnReference Database="Database1" Schema="Schema1" Table="Object10" Alias="Object76" Column="Column164" /><ColumnReference Database="Database1" Schema="Schema1" Table="Object10" Alias="Object76" Column="Column50" /><ColumnReference Database="Database1" Schema="Schema1" Table="Object10" Alias="Object78" Column="Column164" /><ColumnReference Database="Database1" Schema="Schema1" Table="Object10" Alias="Object78" Column="Column50" /></OutputList><RunTimeInformation><RunTimeCountersPerThread Thread="0" ActualRows="471" Batches="0" ActualEndOfScans="1" ActualExecutions="1" ActualExecutionMode="Row" ActualElapsedms="14" ActualCPUms="11" /></RunTimeInformation><NestedLoops Optimized="false"><OuterReferences><ColumnReference Column="Column294" /></OuterReferences><RelOp AvgRowSize="98" EstimateCPU="0.000403077" EstimateIO="0" EstimateRebinds="0" EstimateRewinds="0" EstimatedExecutionMode="Row" EstimateRows="1.58656" LogicalOp="Inner Join" NodeId="591" Parallel="false" PhysicalOp="Nested Loops" EstimatedTotalSubtreeCost="0.395976"><OutputList><ColumnReference Database="Database1" Schema="Schema1" Table="Object10" Alias="Object76" Column="Column164" /><ColumnReference Database="Database1" Schema="Schema1" Table="Object10" Alias="Object76" Column="Column50" /><ColumnReference Column="Column294" /><ColumnReference Database="Database1" Schema="Schema1" Table="Object10" Alias="Object78" Column="Column164" /></OutputList><RunTimeInformation><RunTimeCountersPerThread Thread="0" ActualRows="5475" Batches="0" ActualEndOfScans="1" ActualExecutions="1" ActualExecutionMode="Row" ActualElapsedms="7" ActualCPUms="5" /></RunTimeInformation><NestedLoops Optimized="false" WithOrderedPrefetch="true"><OuterReferences><ColumnReference Database="Database1" Schema="Schema1" Table="Object10" Alias="Object76" Column="Column50" /><ColumnReference Column="Expr2027" /></OuterReferences><RelOp AvgRowSize="79" EstimateCPU="0.000405005" EstimateIO="0" EstimateRebinds="0" EstimateRewinds="0" EstimatedExecutionMode="Row" EstimateRows="96.8912" LogicalOp="Inner Join" NodeId="593" Parallel="false" PhysicalOp="Nested Loops" EstimatedTotalSubtreeCost="0.328734"><OutputList><ColumnReference Database="Database1" Schema="Schema1" Table="Object10" Alias="Object76" Column="Column164" /><ColumnReference Database="Database1" Schema="Schema1" Table="Object10" Alias="Object76" Column="Column50" /></OutputList><RunTimeInformation><RunTimeCountersPerThread Thread="0" ActualRows="471" Batches="0" ActualEndOfScans="1" ActualExecutions="1" ActualExecutionMode="Row" ActualElapsedms="2" ActualCPUms="1" /></RunTimeInformation><NestedLoops Optimized="false" WithOrderedPrefetch="true"><OuterReferences><ColumnReference Column="Column295" /><ColumnReference Column="Expr2026" /></OuterReferences><RelOp AvgRowSize="77" EstimateCPU="0.00147987" EstimateIO="0.0119959" EstimateRebinds="0" EstimateRewinds="0" EstimatedExecutionMode="Row" EstimateRows="96.8912" EstimatedRowsRead="1202.61" LogicalOp="Index Seek" NodeId="595" Parallel="false" PhysicalOp="Index Seek" EstimatedTotalSubtreeCost="0.0134758" TableCardinality="727827"><OutputList><ColumnReference Column="Column295" /><ColumnReference Database="Database1" Schema="Schema1" Table="Object10" Alias="Object76" Column="Column164" /><ColumnReference Database="Database1" Schema="Schema1" Table="Object10" Alias="Object76" Column="Column131" /><ColumnReference Database="Database1" Schema="Schema1" Table="Object10" Alias="Object76" Column="Column50" /></OutputList><RunTimeInformation><RunTimeCountersPerThread Thread="0" ActualRows="531" ActualRowsRead="531" Batches="0" ActualEndOfScans="1" ActualExecutions="1" ActualExecutionMode="Row" ActualElapsedms="0" ActualCPUms="0" ActualScans="1" ActualLogicalReads="10" ActualPhysicalReads="0" ActualReadAheads="0" ActualLobLogicalReads="0" ActualLobPhysicalReads="0" ActualLobReadAheads="0" /></RunTimeInformation><IndexScan Ordered="true" ScanDirection="FORWARD" ForcedIndex="false" ForceSeek="false" ForceScan="false" NoExpandHint="false" Storage="RowStore"><DefinedValues><DefinedValue><ColumnReference Column="Column295" /></DefinedValue><DefinedValue><ColumnReference Database="Database1" Schema="Schema1" Table="Object10" Alias="Object76" Column="Column164" /></DefinedValue><DefinedValue><ColumnReference Database="Database1" Schema="Schema1" Table="Object10" Alias="Object76" Column="Column131" /></DefinedValue><DefinedValue><ColumnReference Database="Database1" Schema="Schema1" Table="Object10" Alias="Object76" Column="Column50" /></DefinedValue></DefinedValues><Object Database="Database1" Schema="Schema1" Table="Object10" Index="Index5" Alias="Object76" TableReferenceId="1" IndexKind="NonClustered" Storage="RowStore" /><SeekPredicates><SeekPredicateNew><SeekKeys><Prefix ScanType="EQ"><RangeColumns><ColumnReference Database="Database1" Schema="Schema1" Table="Object10" Alias="Object76" Column="Column46" /><ColumnReference Database="Database1" Schema="Schema1" Table="Object10" Alias="Object76" Column="Column121" /></RangeColumns><RangeExpressions><ScalarOperator ScalarString="ScalarString67"><Const ConstValue="Value8" /></ScalarOperator><ScalarOperator ScalarString="ScalarString114"><Const ConstValue="Value28" /></ScalarOperator></RangeExpressions></Prefix></SeekKeys></SeekPredicateNew></SeekPredicates><Predicate><ScalarOperator ScalarString="ScalarString314"><Compare CompareOp="EQ"><ScalarOperator><Identifier><ColumnReference Database="Database1" Schema="Schema1" Table="Object10" Alias="Object76" Column="Column131" /></Identifier></ScalarOperator><ScalarOperator><Const ConstValue="Value22" /></ScalarOperator></Compare></ScalarOperator></Predicate></IndexScan></RelOp><RelOp AvgRowSize="23" EstimateCPU="0.0001581" EstimateIO="0.003125" EstimateRebinds="95.8912" EstimateRewinds="0" EstimatedExecutionMode="Row" EstimateRows="96.43" LogicalOp="RID Lookup" NodeId="597" Parallel="false" PhysicalOp="RID Lookup" EstimatedTotalSubtreeCost="0.314276" TableCardinality="727827"><OutputList /><RunTimeInformation><RunTimeCountersPerThread Thread="0" ActualRows="471" ActualRowsRead="531" Batches="0" ActualEndOfScans="60" ActualExecutions="531" ActualExecutionMode="Row" ActualElapsedms="0" ActualCPUms="0" ActualScans="0" ActualLogicalReads="532" ActualPhysicalReads="0" ActualReadAheads="0" ActualLobLogicalReads="0" ActualLobPhysicalReads="0" ActualLobReadAheads="0" /></RunTimeInformation><IndexScan Lookup="true" Ordered="true" ScanDirection="FORWARD" ForcedIndex="false" ForceSeek="false" ForceScan="false" NoExpandHint="false" Storage="RowStore"><DefinedValues /><Object Database="Database1" Schema="Schema1" Table="Object10" Alias="Object76" TableReferenceId="-1" IndexKind="Heap" Storage="RowStore" /><SeekPredicates><SeekPredicateNew><SeekKeys><Prefix ScanType="EQ"><RangeColumns><ColumnReference Column="Column295" /></RangeColumns><RangeExpressions><ScalarOperator ScalarString="ScalarString315"><Identifier><ColumnReference Column="Column295" /></Identifier></ScalarOperator></RangeExpressions></Prefix></SeekKeys></SeekPredicateNew></SeekPredicates><Predicate><ScalarOperator ScalarString="ScalarString316"><Logical Operation="AND"><ScalarOperator><Compare CompareOp="GE"><ScalarOperator><Identifier><ColumnReference Column="Column296"><ScalarOperator><Convert DataType="date" Style="0" Implicit="false"><ScalarOperator><Intrinsic FunctionName="Function5" /></ScalarOperator></Convert></ScalarOperator></ColumnReference></Identifier></ScalarOperator><ScalarOperator><Identifier><ColumnReference Database="Database1" Schema="Schema1" Table="Object10" Alias="Object76" Column="Column75" /></Identifier></ScalarOperator></Compare></ScalarOperator><ScalarOperator><Compare CompareOp="LE"><ScalarOperator><Identifier><ColumnReference Column="Column297"><ScalarOperator><Convert DataType="date" Style="0" Implicit="false"><ScalarOperator><Intrinsic FunctionName="Function5" /></ScalarOperator></Convert></ScalarOperator></ColumnReference></Identifier></ScalarOperator><ScalarOperator><Identifier><ColumnReference Database="Database1" Schema="Schema1" Table="Object10" Alias="Object76" Column="Column73" /></Identifier></ScalarOperator></Compare></ScalarOperator></Logical></ScalarOperator></Predicate></IndexScan></RelOp></NestedLoops></RelOp><RelOp AvgRowSize="44" EstimateCPU="0.0001581" EstimateIO="0.003125" EstimateRebinds="62.0878" EstimateRewinds="33.3421" EstimatedExecutionMode="Row" EstimateRows="1" EstimatedRowsRead="1" LogicalOp="Index Seek" NodeId="598" Parallel="false" PhysicalOp="Index Seek" EstimatedTotalSubtreeCost="0.0667537" TableCardinality="727827"><OutputList><ColumnReference Column="Column294" /><ColumnReference Database="Database1" Schema="Schema1" Table="Object10" Alias="Object78" Column="Column164" /></OutputList><RunTimeInformation><RunTimeCountersPerThread Thread="0" ActualRows="5475" ActualRowsRead="5475" Batches="0" ActualEndOfScans="471" ActualExecutions="471" ActualExecutionMode="Row" ActualElapsedms="4" ActualCPUms="3" ActualScans="471" ActualLogicalReads="1447" ActualPhysicalReads="0" ActualReadAheads="0" ActualLobLogicalReads="0" ActualLobPhysicalReads="0" ActualLobReadAheads="0" /></RunTimeInformation><IndexScan Ordered="true" ScanDirection="FORWARD" ForcedIndex="false" ForceSeek="false" ForceScan="false" NoExpandHint="false" Storage="RowStore"><DefinedValues><DefinedValue><ColumnReference Column="Column294" /></DefinedValue><DefinedValue><ColumnReference Database="Database1" Schema="Schema1" Table="Object10" Alias="Object78" Column="Column164" /></DefinedValue></DefinedValues><Object Database="Database1" Schema="Schema1" Table="Object10" Index="Index7" Alias="Object78" TableReferenceId="1" IndexKind="NonClustered" Storage="RowStore" /><SeekPredicates><SeekPredicateNew><SeekKeys><Prefix ScanType="EQ"><RangeColumns><ColumnReference Database="Database1" Schema="Schema1" Table="Object10" Alias="Object78" Column="Column131" /><ColumnReference Database="Database1" Schema="Schema1" Table="Object10" Alias="Object78" Column="Column164" /></RangeColumns><RangeExpressions><ScalarOperator ScalarString="ScalarString114"><Const ConstValue="Value28" /></ScalarOperator><ScalarOperator ScalarString="ScalarString317"><Identifier><ColumnReference Database="Database1" Schema="Schema1" Table="Object10" Alias="Object76" Column="Column50" /></Identifier></ScalarOperator></RangeExpressions></Prefix></SeekKeys></SeekPredicateNew></SeekPredicates></IndexScan></RelOp></NestedLoops></RelOp><RelOp AvgRowSize="85" EstimateCPU="0.0001581" EstimateIO="0.003125" EstimateRebinds="0.0581502" EstimateRewinds="0.528409" EstimatedExecutionMode="Row" EstimateRows="1" LogicalOp="RID Lookup" NodeId="600" Parallel="false" PhysicalOp="RID Lookup" EstimatedTotalSubtreeCost="0.00339663" TableCardinality="727827"><OutputList><ColumnReference Database="Database1" Schema="Schema1" Table="Object10" Alias="Object78" Column="Column50" /></OutputList><RunTimeInformation><RunTimeCountersPerThread Thread="0" ActualRows="471" ActualRowsRead="5475" Batches="0" ActualEndOfScans="5004" ActualExecutions="5475" ActualExecutionMode="Row" ActualElapsedms="5" ActualCPUms="5" ActualScans="0" ActualLogicalReads="5502" ActualPhysicalReads="0" ActualReadAheads="0" ActualLobLogicalReads="0" ActualLobPhysicalReads="0" ActualLobReadAheads="0" /></RunTimeInformation><IndexScan Lookup="true" Ordered="true" ScanDirection="FORWARD" ForcedIndex="false" ForceSeek="false" ForceScan="false" NoExpandHint="false" Storage="RowStore"><DefinedValues><DefinedValue><ColumnReference Database="Database1" Schema="Schema1" Table="Object10" Alias="Object78" Column="Column50" /></DefinedValue></DefinedValues><Object Database="Database1" Schema="Schema1" Table="Object10" Alias="Object78" TableReferenceId="-1" IndexKind="Heap" Storage="RowStore" /><SeekPredicates><SeekPredicateNew><SeekKeys><Prefix ScanType="EQ"><RangeColumns><ColumnReference Column="Column294" /></RangeColumns><RangeExpressions><ScalarOperator ScalarString="ScalarString318"><Identifier><ColumnReference Column="Column294" /></Identifier></ScalarOperator></RangeExpressions></Prefix></SeekKeys></SeekPredicateNew></SeekPredicates><Predicate><ScalarOperator ScalarString="ScalarString319"><Logical Operation="AND"><ScalarOperator><Compare CompareOp="GE"><ScalarOperator><Identifier><ColumnReference Column="Column298"><ScalarOperator><Convert DataType="date" Style="0" Implicit="false"><ScalarOperator><Intrinsic FunctionName="Function5" /></ScalarOperator></Convert></ScalarOperator></ColumnReference></Identifier></ScalarOperator><ScalarOperator><Identifier><ColumnReference Database="Database1" Schema="Schema1" Table="Object10" Alias="Object78" Column="Column75" /></Identifier></ScalarOperator></Compare></ScalarOperator><ScalarOperator><Compare CompareOp="LE"><ScalarOperator><Identifier><ColumnReference Column="Column299"><ScalarOperator><Convert DataType="date" Style="0" Implicit="false"><ScalarOperator><Intrinsic FunctionName="Function5" /></ScalarOperator></Convert></ScalarOperator></ColumnReference></Identifier></ScalarOperator><ScalarOperator><Identifier><ColumnReference Database="Database1" Schema="Schema1" Table="Object10" Alias="Object78" Column="Column73" /></Identifier></ScalarOperator></Compare></ScalarOperator><ScalarOperator><Compare CompareOp="EQ"><ScalarOperator><Identifier><ColumnReference Database="Database1" Schema="Schema1" Table="Object10" Alias="Object78" Column="Column46" /></Identifier></ScalarOperator><ScalarOperator><Const ConstValue="Value8" /></ScalarOperator></Compare></ScalarOperator><ScalarOperator><Compare CompareOp="EQ"><ScalarOperator><Identifier><ColumnReference Database="Database1" Schema="Schema1" Table="Object10" Alias="Object78" Column="Column121" /></Identifier></ScalarOperator><ScalarOperator><Const ConstValue="Value27" /></ScalarOperator></Compare></ScalarOperator></Logical></ScalarOperator></Predicate></IndexScan></RelOp></NestedLoops></RelOp><RelOp AvgRowSize="15" EstimateCPU="0.0001581" EstimateIO="0.003125" EstimateRebinds="0" EstimateRewinds="0" EstimatedExecutionMode="Row" EstimateRows="1" EstimatedRowsRead="1" LogicalOp="Index Seek" NodeId="601" Parallel="false" PhysicalOp="Index Seek" EstimatedTotalSubtreeCost="0.0032831" TableCardinality="727827"><OutputList><ColumnReference Column="Column293" /></OutputList><RunTimeInformation><RunTimeCountersPerThread Thread="0" ActualRows="1135" ActualRowsRead="1135" Batches="0" ActualEndOfScans="471" ActualExecutions="471" ActualExecutionMode="Row" ActualElapsedms="1" ActualCPUms="1" ActualScans="471" ActualLogicalReads="1413" ActualPhysicalReads="0" ActualReadAheads="0" ActualLobLogicalReads="0" ActualLobPhysicalReads="0" ActualLobReadAheads="0" /></RunTimeInformation><IndexScan Ordered="true" ScanDirection="FORWARD" ForcedIndex="false" ForceSeek="false" ForceScan="false" NoExpandHint="false" Storage="RowStore"><DefinedValues><DefinedValue><ColumnReference Column="Column293" /></DefinedValue></DefinedValues><Object Database="Database1" Schema="Schema1" Table="Object10" Index="Index7" Alias="Object79" TableReferenceId="1" IndexKind="NonClustered" Storage="RowStore" /><SeekPredicates><SeekPredicateNew><SeekKeys><Prefix ScanType="EQ"><RangeColumns><ColumnReference Database="Database1" Schema="Schema1" Table="Object10" Alias="Object79" Column="Column131" /><ColumnReference Database="Database1" Schema="Schema1" Table="Object10" Alias="Object79" Column="Column164" /></RangeColumns><RangeExpressions><ScalarOperator ScalarString="ScalarString111"><Const ConstValue="Value27" /></ScalarOperator><ScalarOperator ScalarString="ScalarString320"><Identifier><ColumnReference Database="Database1" Schema="Schema1" Table="Object10" Alias="Object78" Column="Column50" /></Identifier></ScalarOperator></RangeExpressions></Prefix></SeekKeys></SeekPredicateNew></SeekPredicates></IndexScan></RelOp></NestedLoops></RelOp><RelOp AvgRowSize="58" EstimateCPU="0.0001581" EstimateIO="0.003125" EstimateRebinds="0" EstimateRewinds="0" EstimatedExecutionMode="Row" EstimateRows="1" LogicalOp="RID Lookup" NodeId="603" Parallel="false" PhysicalOp="RID Lookup" EstimatedTotalSubtreeCost="0.0032831" TableCardinality="727827"><OutputList /><RunTimeInformation><RunTimeCountersPerThread Thread="0" ActualRows="471" ActualRowsRead="1135" Batches="0" ActualEndOfScans="664" ActualExecutions="1135" ActualExecutionMode="Row" ActualElapsedms="1" ActualCPUms="1" ActualScans="0" ActualLogicalReads="1135" ActualPhysicalReads="0" ActualReadAheads="0" ActualLobLogicalReads="0" ActualLobPhysicalReads="0" ActualLobReadAheads="0" /></RunTimeInformation><IndexScan Lookup="true" Ordered="true" ScanDirection="FORWARD" ForcedIndex="false" ForceSeek="false" ForceScan="false" NoExpandHint="false" Storage="RowStore"><DefinedValues /><Object Database="Database1" Schema="Schema1" Table="Object10" Alias="Object79" TableReferenceId="-1" IndexKind="Heap" Storage="RowStore" /><SeekPredicates><SeekPredicateNew><SeekKeys><Prefix ScanType="EQ"><RangeColumns><ColumnReference Column="Column293" /></RangeColumns><RangeExpressions><ScalarOperator ScalarString="ScalarString321"><Identifier><ColumnReference Column="Column293" /></Identifier></ScalarOperator></RangeExpressions></Prefix></SeekKeys></SeekPredicateNew></SeekPredicates><Predicate><ScalarOperator ScalarString="ScalarString322"><Logical Operation="AND"><ScalarOperator><Compare CompareOp="GE"><ScalarOperator><Identifier><ColumnReference Column="Column300"><ScalarOperator><Convert DataType="date" Style="0" Implicit="false"><ScalarOperator><Intrinsic FunctionName="Function5" /></ScalarOperator></Convert></ScalarOperator></ColumnReference></Identifier></ScalarOperator><ScalarOperator><Identifier><ColumnReference Database="Database1" Schema="Schema1" Table="Object10" Alias="Object79" Column="Column75" /></Identifier></ScalarOperator></Compare></ScalarOperator><ScalarOperator><Compare CompareOp="LE"><ScalarOperator><Identifier><ColumnReference Column="Column301"><ScalarOperator><Convert DataType="date" Style="0" Implicit="false"><ScalarOperator><Intrinsic FunctionName="Function5" /></ScalarOperator></Convert></ScalarOperator></ColumnReference></Identifier></ScalarOperator><ScalarOperator><Identifier><ColumnReference Database="Database1" Schema="Schema1" Table="Object10" Alias="Object79" Column="Column73" /></Identifier></ScalarOperator></Compare></ScalarOperator><ScalarOperator><Compare CompareOp="EQ"><ScalarOperator><Identifier><ColumnReference Database="Database1" Schema="Schema1" Table="Object10" Alias="Object79" Column="Column46" /></Identifier></ScalarOperator><ScalarOperator><Const ConstValue="Value8" /></ScalarOperator></Compare></ScalarOperator><ScalarOperator><Compare CompareOp="EQ"><ScalarOperator><Identifier><ColumnReference Database="Database1" Schema="Schema1" Table="Object10" Alias="Object79" Column="Column121" /></Identifier></ScalarOperator><ScalarOperator><Const ConstValue="Value26" /></ScalarOperator></Compare></ScalarOperator></Logical></ScalarOperator></Predicate></IndexScan></RelOp></NestedLoops></RelOp></Spool></RelOp></NestedLoops></RelOp></Parallelism></RelOp></ComputeScalar></RelOp><RelOp AvgRowSize="67" EstimateCPU="5E-08" EstimateIO="0" EstimateRebinds="0" EstimateRewinds="0" EstimatedExecutionMode="Row" EstimateRows="1" LogicalOp="Compute Scalar" NodeId="604" Parallel="true" PhysicalOp="Compute Scalar" EstimatedTotalSubtreeCost="0.483533"><OutputList><ColumnReference Database="Database1" Schema="Schema1" Table="Object24" Alias="Object77" Column="Column284" /><ColumnReference Database="Database1" Schema="Schema1" Table="Object10" Alias="Object76" Column="Column164" /><ColumnReference Column="Expr1394" /></OutputList><ComputeScalar><DefinedValues><DefinedValue><ColumnReference Column="Expr1394" /><ScalarOperator ScalarString="ScalarString323"><Const ConstValue="Value59" /></ScalarOperator></DefinedValue></DefinedValues><RelOp AvgRowSize="58" EstimateCPU="0.0285073" EstimateIO="0" EstimateRebinds="0" EstimateRewinds="0" EstimatedExecutionMode="Row" EstimateRows="1" LogicalOp="Repartition Streams" NodeId="605" Parallel="true" PhysicalOp="Parallelism" EstimatedTotalSubtreeCost="0.483533"><OutputList><ColumnReference Database="Database1" Schema="Schema1" Table="Object24" Alias="Object77" Column="Column284" /><ColumnReference Database="Database1" Schema="Schema1" Table="Object10" Alias="Object76" Column="Column164" /></OutputList><Parallelism PartitioningType="Hash"><PartitionColumns><ColumnReference Database="Database1" Schema="Schema1" Table="Object24" Alias="Object77" Column="Column284" /></PartitionColumns><RelOp AvgRowSize="58" EstimateCPU="0.0184929" EstimateIO="0" EstimateRebinds="0" EstimateRewinds="0" EstimatedExecutionMode="Row" EstimateRows="1" LogicalOp="Inner Join" NodeId="606" Parallel="true" PhysicalOp="Hash Match" EstimatedTotalSubtreeCost="0.455026"><OutputList><ColumnReference Database="Database1" Schema="Schema1" Table="Object24" Alias="Object77" Column="Column284" /><ColumnReference Database="Database1" Schema="Schema1" Table="Object10" Alias="Object76" Column="Column164" /></OutputList><MemoryFractions Input="6.79157E-05" Output="6.79157E-05" /><RunTimeInformation><RunTimeCountersPerThread Thread="0" ActualRows="471" Batches="0" ActualEndOfScans="1" ActualExecutions="1" ActualExecutionMode="Row" ActualElapsedms="19" ActualCPUms="15" ActualScans="0" ActualLogicalReads="0" ActualPhysicalReads="0" ActualReadAheads="0" ActualLobLogicalReads="0" ActualLobPhysicalReads="0" ActualLobReadAheads="0" InputMemoryGrant="1080" OutputMemoryGrant="1080" UsedMemoryGrant="320" /></RunTimeInformation><Hash><DefinedValues /><HashKeysBuild><ColumnReference Database="Database1" Schema="Schema1" Table="Object24" Alias="Object77" Column="Column51" /></HashKeysBuild><HashKeysProbe><ColumnReference Database="Database1" Schema="Schema1" Table="Object10" Alias="Object79" Column="Column50" /></HashKeysProbe><ProbeResidual><ScalarOperator ScalarString="ScalarString324"><Compare CompareOp="EQ"><ScalarOperator><Identifier><ColumnReference Database="Database1" Schema="Schema1" Table="Object10" Alias="Object79" Column="Column50" /></Identifier></ScalarOperator><ScalarOperator><Identifier><ColumnReference Database="Database1" Schema="Schema1" Table="Object24" Alias="Object77" Column="Column51" /></Identifier></ScalarOperator></Compare></ScalarOperator></ProbeResidual><RelOp AvgRowSize="41" EstimateCPU="0.0286416" EstimateIO="0" EstimateRebinds="0" EstimateRewinds="0" EstimatedExecutionMode="Row" EstimateRows="32" LogicalOp="Distribute Streams" NodeId="607" Parallel="true" PhysicalOp="Parallelism" EstimatedTotalSubtreeCost="0.031987"><OutputList><ColumnReference Database="Database1" Schema="Schema1" Table="Object24" Alias="Object77" Column="Column51" /><ColumnReference Database="Database1" Schema="Schema1" Table="Object24" Alias="Object77" Column="Column284" /></OutputList><Parallelism PartitioningType="Broadcast"><RelOp AvgRowSize="49" EstimateCPU="0.0001922" EstimateIO="0.003125" EstimateRebinds="0" EstimateRewinds="0" EstimatedExecutionMode="Row" EstimateRows="32" EstimatedRowsRead="32" LogicalOp="Table Scan" NodeId="608" Parallel="false" PhysicalOp="Table Scan" EstimatedTotalSubtreeCost="0.0033172" TableCardinality="32"><OutputList><ColumnReference Database="Database1" Schema="Schema1" Table="Object24" Alias="Object77" Column="Column51" /><ColumnReference Database="Database1" Schema="Schema1" Table="Object24" Alias="Object77" Column="Column284" /></OutputList><RunTimeInformation><RunTimeCountersPerThread Thread="0" ActualRows="32" ActualRowsRead="32" Batches="0" ActualEndOfScans="1" ActualExecutions="1" ActualExecutionMode="Row" ActualElapsedms="0" ActualCPUms="0" ActualScans="1" ActualLogicalReads="1" ActualPhysicalReads="0" ActualReadAheads="0" ActualLobLogicalReads="0" ActualLobPhysicalReads="0" ActualLobReadAheads="0" /></RunTimeInformation><TableScan Ordered="false" ForcedIndex="false" ForceScan="false" NoExpandHint="false" Storage="RowStore"><DefinedValues><DefinedValue><ColumnReference Database="Database1" Schema="Schema1" Table="Object24" Alias="Object77" Column="Column51" /></DefinedValue><DefinedValue><ColumnReference Database="Database1" Schema="Schema1" Table="Object24" Alias="Object77" Column="Column284" /></DefinedValue></DefinedValues><Object Database="Database1" Schema="Schema1" Table="Object24" Alias="Object77" IndexKind="Heap" Storage="RowStore" /><Predicate><ScalarOperator ScalarString="ScalarString325"><Logical Operation="AND"><ScalarOperator><Compare CompareOp="EQ"><ScalarOperator><Identifier><ColumnReference Database="Database1" Schema="Schema1" Table="Object24" Alias="Object77" Column="Column46" /></Identifier></ScalarOperator><ScalarOperator><Const ConstValue="Value8" /></ScalarOperator></Compare></ScalarOperator><ScalarOperator><Compare CompareOp="NE"><ScalarOperator><Identifier><ColumnReference Database="Database1" Schema="Schema1" Table="Object24" Alias="Object77" Column="Column284" /></Identifier></ScalarOperator><ScalarOperator><Const ConstValue="Value55" /></ScalarOperator></Compare></ScalarOperator></Logical></ScalarOperator></Predicate></TableScan></RelOp></Parallelism></RelOp><RelOp AvgRowSize="112" EstimateCPU="2.09E-06" EstimateIO="0" EstimateRebinds="0" EstimateRewinds="0" EstimatedExecutionMode="Row" EstimateRows="1" LogicalOp="Inner Join" NodeId="609" Parallel="true" PhysicalOp="Nested Loops" EstimatedTotalSubtreeCost="0.404542"><OutputList><ColumnReference Database="Database1" Schema="Schema1" Table="Object10" Alias="Object76" Column="Column164" /><ColumnReference Database="Database1" Schema="Schema1" Table="Object10" Alias="Object79" Column="Column50" /></OutputList><RunTimeInformation><RunTimeCountersPerThread Thread="0" ActualRows="471" Batches="0" ActualEndOfScans="1" ActualExecutions="1" ActualExecutionMode="Row" ActualElapsedms="19" ActualCPUms="14" /></RunTimeInformation><NestedLoops Optimized="false"><OuterReferences><ColumnReference Column="Column302" /></OuterReferences><RelOp AvgRowSize="44" EstimateCPU="2.09E-06" EstimateIO="0" EstimateRebinds="0" EstimateRewinds="0" EstimatedExecutionMode="Row" EstimateRows="1" LogicalOp="Inner Join" NodeId="610" Parallel="true" PhysicalOp="Nested Loops" EstimatedTotalSubtreeCost="0.401257"><OutputList><ColumnReference Database="Database1" Schema="Schema1" Table="Object10" Alias="Object76" Column="Column164" /><ColumnReference Column="Column302" /></OutputList><RunTimeInformation><RunTimeCountersPerThread Thread="0" ActualRows="1135" Batches="0" ActualEndOfScans="1" ActualExecutions="1" ActualExecutionMode="Row" ActualElapsedms="17" ActualCPUms="13" /></RunTimeInformation><NestedLoops Optimized="false"><OuterReferences><ColumnReference Database="Database1" Schema="Schema1" Table="Object10" Alias="Object78" Column="Column50" /></OuterReferences><RelOp AvgRowSize="112" EstimateCPU="3.31591E-06" EstimateIO="0" EstimateRebinds="0" EstimateRewinds="0" EstimatedExecutionMode="Row" EstimateRows="1.58656" LogicalOp="Inner Join" NodeId="611" Parallel="true" PhysicalOp="Nested Loops" EstimatedTotalSubtreeCost="0.397971"><OutputList><ColumnReference Database="Database1" Schema="Schema1" Table="Object10" Alias="Object76" Column="Column164" /><ColumnReference Database="Database1" Schema="Schema1" Table="Object10" Alias="Object78" Column="Column50" /></OutputList><RunTimeInformation><RunTimeCountersPerThread Thread="0" ActualRows="471" Batches="0" ActualEndOfScans="1" ActualExecutions="1" ActualExecutionMode="Row" ActualElapsedms="11" ActualCPUms="11" /></RunTimeInformation><NestedLoops Optimized="false"><OuterReferences><ColumnReference Column="Column303" /></OuterReferences><RelOp AvgRowSize="44" EstimateCPU="0.000201539" EstimateIO="0" EstimateRebinds="0" EstimateRewinds="0" EstimatedExecutionMode="Row" EstimateRows="1.58656" LogicalOp="Inner Join" NodeId="612" Parallel="true" PhysicalOp="Nested Loops" EstimatedTotalSubtreeCost="0.394571"><OutputList><ColumnReference Database="Database1" Schema="Schema1" Table="Object10" Alias="Object76" Column="Column164" /><ColumnReference Column="Column303" /></OutputList><RunTimeInformation><RunTimeCountersPerThread Thread="0" ActualRows="5475" Batches="0" ActualEndOfScans="1" ActualExecutions="1" ActualExecutionMode="Row" ActualElapsedms="5" ActualCPUms="5" /></RunTimeInformation><NestedLoops Optimized="false" WithUnorderedPrefetch="true"><OuterReferences><ColumnReference Database="Database1" Schema="Schema1" Table="Object10" Alias="Object76" Column="Column50" /><ColumnReference Column="Expr2029" /></OuterReferences><RelOp AvgRowSize="79" EstimateCPU="0.000202503" EstimateIO="0" EstimateRebinds="0" EstimateRewinds="0" EstimatedExecutionMode="Row" EstimateRows="96.8912" LogicalOp="Inner Join" NodeId="614" Parallel="true" PhysicalOp="Nested Loops" EstimatedTotalSubtreeCost="0.327503"><OutputList><ColumnReference Database="Database1" Schema="Schema1" Table="Object10" Alias="Object76" Column="Column164" /><ColumnReference Database="Database1" Schema="Schema1" Table="Object10" Alias="Object76" Column="Column50" /></OutputList><RunTimeInformation><RunTimeCountersPerThread Thread="0" ActualRows="471" Batches="0" ActualEndOfScans="1" ActualExecutions="1" ActualExecutionMode="Row" ActualElapsedms="1" ActualCPUms="1" /></RunTimeInformation><NestedLoops Optimized="false" WithUnorderedPrefetch="true"><OuterReferences><ColumnReference Column="Column304" /><ColumnReference Column="Expr2028" /></OuterReferences><RelOp AvgRowSize="71" EstimateCPU="0.0288381" EstimateIO="0" EstimateRebinds="0" EstimateRewinds="0" EstimatedExecutionMode="Row" EstimateRows="96.8912" LogicalOp="Repartition Streams" NodeId="616" Parallel="true" PhysicalOp="Parallelism" EstimatedTotalSubtreeCost="0.0418626"><OutputList><ColumnReference Column="Column304" /><ColumnReference Database="Database1" Schema="Schema1" Table="Object10" Alias="Object76" Column="Column164" /><ColumnReference Database="Database1" Schema="Schema1" Table="Object10" Alias="Object76" Column="Column50" /></OutputList><Parallelism PartitioningType="RoundRobin"><RelOp AvgRowSize="77" EstimateCPU="0.000739936" EstimateIO="0.0119959" EstimateRebinds="0" EstimateRewinds="0" EstimatedExecutionMode="Row" EstimateRows="96.8912" EstimatedRowsRead="1202.61" LogicalOp="Index Seek" NodeId="617" Parallel="true" PhysicalOp="Index Seek" EstimatedTotalSubtreeCost="0.0127359" TableCardinality="727827"><OutputList><ColumnReference Column="Column304" /><ColumnReference Database="Database1" Schema="Schema1" Table="Object10" Alias="Object76" Column="Column164" /><ColumnReference Database="Database1" Schema="Schema1" Table="Object10" Alias="Object76" Column="Column50" /></OutputList><RunTimeInformation><RunTimeCountersPerThread Thread="0" ActualRows="531" ActualRowsRead="531" Batches="0" ActualEndOfScans="1" ActualExecutions="1" ActualExecutionMode="Row" ActualElapsedms="0" ActualCPUms="0" ActualScans="1" ActualLogicalReads="10" ActualPhysicalReads="0" ActualReadAheads="0" ActualLobLogicalReads="0" ActualLobPhysicalReads="0" ActualLobReadAheads="0" /></RunTimeInformation><IndexScan Ordered="true" ScanDirection="FORWARD" ForcedIndex="false" ForceSeek="false" ForceScan="false" NoExpandHint="false" Storage="RowStore"><DefinedValues><DefinedValue><ColumnReference Column="Column304" /></DefinedValue><DefinedValue><ColumnReference Database="Database1" Schema="Schema1" Table="Object10" Alias="Object76" Column="Column164" /></DefinedValue><DefinedValue><ColumnReference Database="Database1" Schema="Schema1" Table="Object10" Alias="Object76" Column="Column50" /></DefinedValue></DefinedValues><Object Database="Database1" Schema="Schema1" Table="Object10" Index="Index5" Alias="Object76" TableReferenceId="2" IndexKind="NonClustered" Storage="RowStore" /><SeekPredicates><SeekPredicateNew><SeekKeys><Prefix ScanType="EQ"><RangeColumns><ColumnReference Database="Database1" Schema="Schema1" Table="Object10" Alias="Object76" Column="Column46" /><ColumnReference Database="Database1" Schema="Schema1" Table="Object10" Alias="Object76" Column="Column121" /></RangeColumns><RangeExpressions><ScalarOperator ScalarString="ScalarString67"><Const ConstValue="Value8" /></ScalarOperator><ScalarOperator ScalarString="ScalarString114"><Const ConstValue="Value28" /></ScalarOperator></RangeExpressions></Prefix></SeekKeys></SeekPredicateNew></SeekPredicates><Predicate><ScalarOperator ScalarString="ScalarString314"><Compare CompareOp="EQ"><ScalarOperator><Identifier><ColumnReference Database="Database1" Schema="Schema1" Table="Object10" Alias="Object76" Column="Column131" /></Identifier></ScalarOperator><ScalarOperator><Const ConstValue="Value22" /></ScalarOperator></Compare></ScalarOperator></Predicate></IndexScan></RelOp></Parallelism></RelOp><RelOp AvgRowSize="23" EstimateCPU="0.0001581" EstimateIO="0.003125" EstimateRebinds="95.8912" EstimateRewinds="0" EstimatedExecutionMode="Row" EstimateRows="96.43" LogicalOp="RID Lookup" NodeId="619" Parallel="true" PhysicalOp="RID Lookup" EstimatedTotalSubtreeCost="0.314276" TableCardinality="727827"><OutputList /><RunTimeInformation><RunTimeCountersPerThread Thread="0" ActualRows="471" ActualRowsRead="531" Batches="0" ActualEndOfScans="60" ActualExecutions="531" ActualExecutionMode="Row" ActualElapsedms="1" ActualCPUms="0" ActualScans="0" ActualLogicalReads="532" ActualPhysicalReads="0" ActualReadAheads="0" ActualLobLogicalReads="0" ActualLobPhysicalReads="0" ActualLobReadAheads="0" /></RunTimeInformation><IndexScan Lookup="true" Ordered="true" ScanDirection="FORWARD" ForcedIndex="false" ForceSeek="false" ForceScan="false" NoExpandHint="false" Storage="RowStore"><DefinedValues /><Object Database="Database1" Schema="Schema1" Table="Object10" Alias="Object76" TableReferenceId="-1" IndexKind="Heap" Storage="RowStore" /><SeekPredicates><SeekPredicateNew><SeekKeys><Prefix ScanType="EQ"><RangeColumns><ColumnReference Column="Column304" /></RangeColumns><RangeExpressions><ScalarOperator ScalarString="ScalarString326"><Identifier><ColumnReference Column="Column304" /></Identifier></ScalarOperator></RangeExpressions></Prefix></SeekKeys></SeekPredicateNew></SeekPredicates><Predicate><ScalarOperator ScalarString="ScalarString316"><Logical Operation="AND"><ScalarOperator><Compare CompareOp="GE"><ScalarOperator><Identifier><ColumnReference Column="Column305"><ScalarOperator><Convert DataType="date" Style="0" Implicit="false"><ScalarOperator><Intrinsic FunctionName="Function5" /></ScalarOperator></Convert></ScalarOperator></ColumnReference></Identifier></ScalarOperator><ScalarOperator><Identifier><ColumnReference Database="Database1" Schema="Schema1" Table="Object10" Alias="Object76" Column="Column75" /></Identifier></ScalarOperator></Compare></ScalarOperator><ScalarOperator><Compare CompareOp="LE"><ScalarOperator><Identifier><ColumnReference Column="Column306"><ScalarOperator><Convert DataType="date" Style="0" Implicit="false"><ScalarOperator><Intrinsic FunctionName="Function5" /></ScalarOperator></Convert></ScalarOperator></ColumnReference></Identifier></ScalarOperator><ScalarOperator><Identifier><ColumnReference Database="Database1" Schema="Schema1" Table="Object10" Alias="Object76" Column="Column73" /></Identifier></ScalarOperator></Compare></ScalarOperator></Logical></ScalarOperator></Predicate></IndexScan></RelOp></NestedLoops></RelOp><RelOp AvgRowSize="15" EstimateCPU="0.0001581" EstimateIO="0.003125" EstimateRebinds="94.2112" EstimateRewinds="1.21878" EstimatedExecutionMode="Row" EstimateRows="1" EstimatedRowsRead="1" LogicalOp="Index Seek" NodeId="620" Parallel="true" PhysicalOp="Index Seek" EstimatedTotalSubtreeCost="0.0668239" TableCardinality="727827"><OutputList><ColumnReference Column="Column303" /></OutputList><RunTimeInformation><RunTimeCountersPerThread Thread="0" ActualRows="5475" ActualRowsRead="5475" Batches="0" ActualEndOfScans="471" ActualExecutions="471" ActualExecutionMode="Row" ActualElapsedms="3" ActualCPUms="3" ActualScans="471" ActualLogicalReads="1447" ActualPhysicalReads="0" ActualReadAheads="0" ActualLobLogicalReads="0" ActualLobPhysicalReads="0" ActualLobReadAheads="0" /></RunTimeInformation><IndexScan Ordered="true" ScanDirection="FORWARD" ForcedIndex="false" ForceSeek="false" ForceScan="false" NoExpandHint="false" Storage="RowStore"><DefinedValues><DefinedValue><ColumnReference Column="Column303" /></DefinedValue></DefinedValues><Object Database="Database1" Schema="Schema1" Table="Object10" Index="Index7" Alias="Object78" TableReferenceId="2" IndexKind="NonClustered" Storage="RowStore" /><SeekPredicates><SeekPredicateNew><SeekKeys><Prefix ScanType="EQ"><RangeColumns><ColumnReference Database="Database1" Schema="Schema1" Table="Object10" Alias="Object78" Column="Column131" /><ColumnReference Database="Database1" Schema="Schema1" Table="Object10" Alias="Object78" Column="Column164" /></RangeColumns><RangeExpressions><ScalarOperator ScalarString="ScalarString114"><Const ConstValue="Value28" /></ScalarOperator><ScalarOperator ScalarString="ScalarString317"><Identifier><ColumnReference Database="Database1" Schema="Schema1" Table="Object10" Alias="Object76" Column="Column50" /></Identifier></ScalarOperator></RangeExpressions></Prefix></SeekKeys></SeekPredicateNew></SeekPredicates></IndexScan></RelOp></NestedLoops></RelOp><RelOp AvgRowSize="85" EstimateCPU="0.0001581" EstimateIO="0.003125" EstimateRebinds="0.0581502" EstimateRewinds="0.528409" EstimatedExecutionMode="Row" EstimateRows="1" LogicalOp="RID Lookup" NodeId="622" Parallel="true" PhysicalOp="RID Lookup" EstimatedTotalSubtreeCost="0.00339663" TableCardinality="727827"><OutputList><ColumnReference Database="Database1" Schema="Schema1" Table="Object10" Alias="Object78" Column="Column50" /></OutputList><RunTimeInformation><RunTimeCountersPerThread Thread="0" ActualRows="471" ActualRowsRead="5475" Batches="0" ActualEndOfScans="5004" ActualExecutions="5475" ActualExecutionMode="Row" ActualElapsedms="5" ActualCPUms="5" ActualScans="0" ActualLogicalReads="5502" ActualPhysicalReads="0" ActualReadAheads="0" ActualLobLogicalReads="0" ActualLobPhysicalReads="0" ActualLobReadAheads="0" /></RunTimeInformation><IndexScan Lookup="true" Ordered="true" ScanDirection="FORWARD" ForcedIndex="false" ForceSeek="false" ForceScan="false" NoExpandHint="false" Storage="RowStore"><DefinedValues><DefinedValue><ColumnReference Database="Database1" Schema="Schema1" Table="Object10" Alias="Object78" Column="Column50" /></DefinedValue></DefinedValues><Object Database="Database1" Schema="Schema1" Table="Object10" Alias="Object78" TableReferenceId="-1" IndexKind="Heap" Storage="RowStore" /><SeekPredicates><SeekPredicateNew><SeekKeys><Prefix ScanType="EQ"><RangeColumns><ColumnReference Column="Column303" /></RangeColumns><RangeExpressions><ScalarOperator ScalarString="ScalarString327"><Identifier><ColumnReference Column="Column303" /></Identifier></ScalarOperator></RangeExpressions></Prefix></SeekKeys></SeekPredicateNew></SeekPredicates><Predicate><ScalarOperator ScalarString="ScalarString319"><Logical Operation="AND"><ScalarOperator><Compare CompareOp="GE"><ScalarOperator><Identifier><ColumnReference Column="Column307"><ScalarOperator><Convert DataType="date" Style="0" Implicit="false"><ScalarOperator><Intrinsic FunctionName="Function5" /></ScalarOperator></Convert></ScalarOperator></ColumnReference></Identifier></ScalarOperator><ScalarOperator><Identifier><ColumnReference Database="Database1" Schema="Schema1" Table="Object10" Alias="Object78" Column="Column75" /></Identifier></ScalarOperator></Compare></ScalarOperator><ScalarOperator><Compare CompareOp="LE"><ScalarOperator><Identifier><ColumnReference Column="Column308"><ScalarOperator><Convert DataType="date" Style="0" Implicit="false"><ScalarOperator><Intrinsic FunctionName="Function5" /></ScalarOperator></Convert></ScalarOperator></ColumnReference></Identifier></ScalarOperator><ScalarOperator><Identifier><ColumnReference Database="Database1" Schema="Schema1" Table="Object10" Alias="Object78" Column="Column73" /></Identifier></ScalarOperator></Compare></ScalarOperator><ScalarOperator><Compare CompareOp="EQ"><ScalarOperator><Identifier><ColumnReference Database="Database1" Schema="Schema1" Table="Object10" Alias="Object78" Column="Column46" /></Identifier></ScalarOperator><ScalarOperator><Const ConstValue="Value8" /></ScalarOperator></Compare></ScalarOperator><ScalarOperator><Compare CompareOp="EQ"><ScalarOperator><Identifier><ColumnReference Database="Database1" Schema="Schema1" Table="Object10" Alias="Object78" Column="Column121" /></Identifier></ScalarOperator><ScalarOperator><Const ConstValue="Value27" /></ScalarOperator></Compare></ScalarOperator></Logical></ScalarOperator></Predicate></IndexScan></RelOp></NestedLoops></RelOp><RelOp AvgRowSize="15" EstimateCPU="0.0001581" EstimateIO="0.003125" EstimateRebinds="0" EstimateRewinds="0" EstimatedExecutionMode="Row" EstimateRows="1" EstimatedRowsRead="1" LogicalOp="Index Seek" NodeId="623" Parallel="true" PhysicalOp="Index Seek" EstimatedTotalSubtreeCost="0.0032831" TableCardinality="727827"><OutputList><ColumnReference Column="Column302" /></OutputList><RunTimeInformation><RunTimeCountersPerThread Thread="0" ActualRows="1135" ActualRowsRead="1135" Batches="0" ActualEndOfScans="471" ActualExecutions="471" ActualExecutionMode="Row" ActualElapsedms="5" ActualCPUms="1" ActualScans="471" ActualLogicalReads="1413" ActualPhysicalReads="0" ActualReadAheads="0" ActualLobLogicalReads="0" ActualLobPhysicalReads="0" ActualLobReadAheads="0" /></RunTimeInformation><IndexScan Ordered="true" ScanDirection="FORWARD" ForcedIndex="false" ForceSeek="false" ForceScan="false" NoExpandHint="false" Storage="RowStore"><DefinedValues><DefinedValue><ColumnReference Column="Column302" /></DefinedValue></DefinedValues><Object Database="Database1" Schema="Schema1" Table="Object10" Index="Index7" Alias="Object79" TableReferenceId="2" IndexKind="NonClustered" Storage="RowStore" /><SeekPredicates><SeekPredicateNew><SeekKeys><Prefix ScanType="EQ"><RangeColumns><ColumnReference Database="Database1" Schema="Schema1" Table="Object10" Alias="Object79" Column="Column131" /><ColumnReference Database="Database1" Schema="Schema1" Table="Object10" Alias="Object79" Column="Column164" /></RangeColumns><RangeExpressions><ScalarOperator ScalarString="ScalarString111"><Const ConstValue="Value27" /></ScalarOperator><ScalarOperator ScalarString="ScalarString320"><Identifier><ColumnReference Database="Database1" Schema="Schema1" Table="Object10" Alias="Object78" Column="Column50" /></Identifier></ScalarOperator></RangeExpressions></Prefix></SeekKeys></SeekPredicateNew></SeekPredicates></IndexScan></RelOp></NestedLoops></RelOp><RelOp AvgRowSize="85" EstimateCPU="0.0001581" EstimateIO="0.003125" EstimateRebinds="0" EstimateRewinds="0" EstimatedExecutionMode="Row" EstimateRows="1" LogicalOp="RID Lookup" NodeId="625" Parallel="true" PhysicalOp="RID Lookup" EstimatedTotalSubtreeCost="0.0032831" TableCardinality="727827"><OutputList><ColumnReference Database="Database1" Schema="Schema1" Table="Object10" Alias="Object79" Column="Column50" /></OutputList><RunTimeInformation><RunTimeCountersPerThread Thread="0" ActualRows="471" ActualRowsRead="1135" Batches="0" ActualEndOfScans="664" ActualExecutions="1135" ActualExecutionMode="Row" ActualElapsedms="1" ActualCPUms="1" ActualScans="0" ActualLogicalReads="1135" ActualPhysicalReads="0" ActualReadAheads="0" ActualLobLogicalReads="0" ActualLobPhysicalReads="0" ActualLobReadAheads="0" /></RunTimeInformation><IndexScan Lookup="true" Ordered="true" ScanDirection="FORWARD" ForcedIndex="false" ForceSeek="false" ForceScan="false" NoExpandHint="false" Storage="RowStore"><DefinedValues><DefinedValue><ColumnReference Database="Database1" Schema="Schema1" Table="Object10" Alias="Object79" Column="Column50" /></DefinedValue></DefinedValues><Object Database="Database1" Schema="Schema1" Table="Object10" Alias="Object79" TableReferenceId="-1" IndexKind="Heap" Storage="RowStore" /><SeekPredicates><SeekPredicateNew><SeekKeys><Prefix ScanType="EQ"><RangeColumns><ColumnReference Column="Column302" /></RangeColumns><RangeExpressions><ScalarOperator ScalarString="ScalarString328"><Identifier><ColumnReference Column="Column302" /></Identifier></ScalarOperator></RangeExpressions></Prefix></SeekKeys></SeekPredicateNew></SeekPredicates><Predicate><ScalarOperator ScalarString="ScalarString322"><Logical Operation="AND"><ScalarOperator><Compare CompareOp="GE"><ScalarOperator><Identifier><ColumnReference Column="Column309"><ScalarOperator><Convert DataType="date" Style="0" Implicit="false"><ScalarOperator><Intrinsic FunctionName="Function5" /></ScalarOperator></Convert></ScalarOperator></ColumnReference></Identifier></ScalarOperator><ScalarOperator><Identifier><ColumnReference Database="Database1" Schema="Schema1" Table="Object10" Alias="Object79" Column="Column75" /></Identifier></ScalarOperator></Compare></ScalarOperator><ScalarOperator><Compare CompareOp="LE"><ScalarOperator><Identifier><ColumnReference Column="Column310"><ScalarOperator><Convert DataType="date" Style="0" Implicit="false"><ScalarOperator><Intrinsic FunctionName="Function5" /></ScalarOperator></Convert></ScalarOperator></ColumnReference></Identifier></ScalarOperator><ScalarOperator><Identifier><ColumnReference Database="Database1" Schema="Schema1" Table="Object10" Alias="Object79" Column="Column73" /></Identifier></ScalarOperator></Compare></ScalarOperator><ScalarOperator><Compare CompareOp="EQ"><ScalarOperator><Identifier><ColumnReference Database="Database1" Schema="Schema1" Table="Object10" Alias="Object79" Column="Column46" /></Identifier></ScalarOperator><ScalarOperator><Const ConstValue="Value8" /></ScalarOperator></Compare></ScalarOperator><ScalarOperator><Compare CompareOp="EQ"><ScalarOperator><Identifier><ColumnReference Database="Database1" Schema="Schema1" Table="Object10" Alias="Object79" Column="Column121" /></Identifier></ScalarOperator><ScalarOperator><Const ConstValue="Value26" /></ScalarOperator></Compare></ScalarOperator></Logical></ScalarOperator></Predicate></IndexScan></RelOp></NestedLoops></RelOp></Hash></RelOp></Parallelism></RelOp></ComputeScalar></RelOp></Concat></RelOp><RelOp AvgRowSize="43" EstimateCPU="0.028545" EstimateIO="0" EstimateRebinds="0" EstimateRewinds="0" EstimatedExecutionMode="Row" EstimateRows="14.4654" LogicalOp="Repartition Streams" NodeId="626" Parallel="true" PhysicalOp="Parallelism" EstimatedTotalSubtreeCost="0.104778"><OutputList><ColumnReference Database="Database1" Schema="Schema1" Table="Object27" Alias="Object41" Column="Column270" /><ColumnReference Database="Database1" Schema="Schema1" Table="Object27" Alias="Object41" Column="Column41" /></OutputList><Parallelism PartitioningType="Hash"><PartitionColumns><ColumnReference Database="Database1" Schema="Schema1" Table="Object27" Alias="Object41" Column="Column270" /></PartitionColumns><RelOp AvgRowSize="59" EstimateCPU="3.02327E-05" EstimateIO="0" EstimateRebinds="0" EstimateRewinds="0" EstimatedExecutionMode="Row" EstimateRows="14.4654" LogicalOp="Inner Join" NodeId="627" Parallel="true" PhysicalOp="Nested Loops" EstimatedTotalSubtreeCost="0.0762269"><OutputList><ColumnReference Database="Database1" Schema="Schema1" Table="Object27" Alias="Object41" Column="Column270" /><ColumnReference Database="Database1" Schema="Schema1" Table="Object27" Alias="Object41" Column="Column41" /></OutputList><RunTimeInformation><RunTimeCountersPerThread Thread="0" ActualRows="24" Batches="0" ActualEndOfScans="1" ActualExecutions="1" ActualExecutionMode="Row" ActualElapsedms="0" ActualCPUms="0" /></RunTimeInformation><NestedLoops Optimized="false"><OuterReferences><ColumnReference Column="Column311" /></OuterReferences><RelOp AvgRowSize="51" EstimateCPU="0.028581" EstimateIO="0" EstimateRebinds="0" EstimateRewinds="0" EstimatedExecutionMode="Row" EstimateRows="14.4654" LogicalOp="Distribute Streams" NodeId="628" Parallel="true" PhysicalOp="Parallelism" EstimatedTotalSubtreeCost="0.0318789"><OutputList><ColumnReference Column="Column311" /><ColumnReference Database="Database1" Schema="Schema1" Table="Object27" Alias="Object41" Column="Column270" /><ColumnReference Database="Database1" Schema="Schema1" Table="Object27" Alias="Object41" Column="Column41" /></OutputList><Parallelism PartitioningType="RoundRobin"><RelOp AvgRowSize="51" EstimateCPU="0.000172912" EstimateIO="0.003125" EstimateRebinds="0" EstimateRewinds="0" EstimatedExecutionMode="Row" EstimateRows="14.4654" EstimatedRowsRead="14.4654" LogicalOp="Index Seek" NodeId="629" Parallel="false" PhysicalOp="Index Seek" EstimatedTotalSubtreeCost="0.00329791" TableCardinality="254462"><OutputList><ColumnReference Column="Column311" /><ColumnReference Database="Database1" Schema="Schema1" Table="Object27" Alias="Object41" Column="Column270" /><ColumnReference Database="Database1" Schema="Schema1" Table="Object27" Alias="Object41" Column="Column41" /></OutputList><RunTimeInformation><RunTimeCountersPerThread Thread="0" ActualRows="26" ActualRowsRead="26" Batches="0" ActualEndOfScans="1" ActualExecutions="1" ActualExecutionMode="Row" ActualElapsedms="0" ActualCPUms="0" ActualScans="1" ActualLogicalReads="3" ActualPhysicalReads="0" ActualReadAheads="0" ActualLobLogicalReads="0" ActualLobPhysicalReads="0" ActualLobReadAheads="0" /></RunTimeInformation><IndexScan Ordered="true" ScanDirection="FORWARD" ForcedIndex="false" ForceSeek="false" ForceScan="false" NoExpandHint="false" Storage="RowStore"><DefinedValues><DefinedValue><ColumnReference Column="Column311" /></DefinedValue><DefinedValue><ColumnReference Database="Database1" Schema="Schema1" Table="Object27" Alias="Object41" Column="Column270" /></DefinedValue><DefinedValue><ColumnReference Database="Database1" Schema="Schema1" Table="Object27" Alias="Object41" Column="Column41" /></DefinedValue></DefinedValues><Object Database="Database1" Schema="Schema1" Table="Object27" Index="Index13" Alias="Object41" IndexKind="NonClustered" Storage="RowStore" /><SeekPredicates><SeekPredicateNew><SeekKeys><Prefix ScanType="EQ"><RangeColumns><ColumnReference Database="Database1" Schema="Schema1" Table="Object27" Alias="Object41" Column="Column46" /><ColumnReference Database="Database1" Schema="Schema1" Table="Object27" Alias="Object41" Column="Column41" /></RangeColumns><RangeExpressions><ScalarOperator ScalarString="ScalarString67"><Const ConstValue="Value8" /></ScalarOperator><ScalarOperator ScalarString="ScalarString329"><Const ConstValue="Value81" /></ScalarOperator></RangeExpressions></Prefix></SeekKeys></SeekPredicateNew></SeekPredicates></IndexScan></RelOp></Parallelism></RelOp><RelOp AvgRowSize="23" EstimateCPU="0.0001581" EstimateIO="0.003125" EstimateRebinds="13.4654" EstimateRewinds="0" EstimatedExecutionMode="Row" EstimateRows="14.4654" LogicalOp="RID Lookup" NodeId="631" Parallel="true" PhysicalOp="RID Lookup" EstimatedTotalSubtreeCost="0.0443177" TableCardinality="254462"><OutputList /><RunTimeInformation><RunTimeCountersPerThread Thread="0" ActualRows="24" ActualRowsRead="26" Batches="0" ActualEndOfScans="2" ActualExecutions="26" ActualExecutionMode="Row" ActualElapsedms="0" ActualCPUms="0" ActualScans="0" ActualLogicalReads="26" ActualPhysicalReads="0" ActualReadAheads="0" ActualLobLogicalReads="0" ActualLobPhysicalReads="0" ActualLobReadAheads="0" /></RunTimeInformation><IndexScan Lookup="true" Ordered="true" ScanDirection="FORWARD" ForcedIndex="false" ForceSeek="false" ForceScan="false" NoExpandHint="false" Storage="RowStore"><DefinedValues /><Object Database="Database1" Schema="Schema1" Table="Object27" Alias="Object41" TableReferenceId="-1" IndexKind="Heap" Storage="RowStore" /><SeekPredicates><SeekPredicateNew><SeekKeys><Prefix ScanType="EQ"><RangeColumns><ColumnReference Column="Column311" /></RangeColumns><RangeExpressions><ScalarOperator ScalarString="ScalarString330"><Identifier><ColumnReference Column="Column311" /></Identifier></ScalarOperator></RangeExpressions></Prefix></SeekKeys></SeekPredicateNew></SeekPredicates><Predicate><ScalarOperator ScalarString="ScalarString331"><Logical Operation="AND"><ScalarOperator><Compare CompareOp="GE"><ScalarOperator><Identifier><ColumnReference Column="Column312"><ScalarOperator><Convert DataType="date" Style="0" Implicit="false"><ScalarOperator><Intrinsic FunctionName="Function5" /></ScalarOperator></Convert></ScalarOperator></ColumnReference></Identifier></ScalarOperator><ScalarOperator><Identifier><ColumnReference Database="Database1" Schema="Schema1" Table="Object27" Alias="Object41" Column="Column75" /></Identifier></ScalarOperator></Compare></ScalarOperator><ScalarOperator><Compare CompareOp="LE"><ScalarOperator><Identifier><ColumnReference Column="Column313"><ScalarOperator><Convert DataType="date" Style="0" Implicit="false"><ScalarOperator><Intrinsic FunctionName="Function5" /></ScalarOperator></Convert></ScalarOperator></ColumnReference></Identifier></ScalarOperator><ScalarOperator><Identifier><ColumnReference Database="Database1" Schema="Schema1" Table="Object27" Alias="Object41" Column="Column73" /></Identifier></ScalarOperator></Compare></ScalarOperator></Logical></ScalarOperator></Predicate></IndexScan></RelOp></NestedLoops></RelOp></Parallelism></RelOp></Hash></RelOp></Parallelism></RelOp></Sort></RelOp></StreamAggregate></RelOp></Parallelism></RelOp></StreamAggregate></RelOp></ComputeScalar></RelOp></Merge></RelOp></Parallelism></RelOp></ComputeScalar></RelOp></Top></RelOp></ComputeScalar></RelOp></QueryPlan></StmtSimple></Statements></Batch></BatchSequence></ShowPlanXML>